2020-01-16 23:03:27 - -----------------------------------------------------------------------------
2020-01-16 23:03:27 - Opening Project 'cz16\instance.cibd22'...
2020-01-16 23:03:27 -    Model load successful into CBECC-Com 2022.0.1 RV (1113)
2020-01-16 23:03:28 - Performing Building Database check...
2020-01-16 23:03:28 - Building Database check completed, no problems found.
2020-01-16 23:03:30 -   PerfAnal_NRes - starting, w/ arguments:
2020-01-16 23:03:30 -        BEMBasePathFile    = (null)
2020-01-16 23:03:30 -        RulesetPathFile    = (null)
2020-01-16 23:03:30 -        SimWeatherPath     = C:\Users\agoyal\Documents\CBECC-Com 2022 Data\EPW\
2020-01-16 23:03:30 -        CompMgrDLLPath     = (null)
2020-01-16 23:03:30 -        DHWWeatherPath     = (null)
2020-01-16 23:03:30 -        ProcessingPath     = C:\Users\agoyal\Documents\GitHub\T24-2022-CASE-Modeling\framework\analysis\hvac\runs\hr-baseline\cz16\instance - run\
2020-01-16 23:03:30 -        ModelPathFile      = C:\Users\agoyal\Documents\GitHub\T24-2022-CASE-Modeling\framework\analysis\hvac\runs\hr-baseline\cz16\instance.cibd22
2020-01-16 23:03:30 -        LogPathFile        = (null)
2020-01-16 23:03:30 -        UIVersionString    = CBECC-Com 2022.0.1 RV (1113)
2020-01-16 23:03:30 -        LoadModelFile      = false
2020-01-16 23:03:30 -        OptionsCSV         = AllowAnalysisAbort,0,StoreBEMDetails,1,AnalysisThruStep,8,ModelRpt_ALL,1,ExportHourlyResults_All,1,PromptUserUMLHWarning,1,PreAnalysisCheckPromptOption,3,CompReportWarningOption,5,
2020-01-16 23:03:30 -        ErrorMsg           = (assumed to be initialized)
2020-01-16 23:03:30 -        ErrorMsgLen        = 2056
2020-01-16 23:03:30 -        DisplayProgress    = true
2020-01-16 23:03:30 -        ResultsSummary     = (empty)
2020-01-16 23:03:30 -        ResultsSummaryLen  = 3200
2020-01-16 23:03:30 -        pProgCallbackFunc  = (null)
2020-01-16 23:03:30 - Performing Building Database check...
2020-01-16 23:03:30 - Building Database check completed, no problems found.
2020-01-16 23:03:30 - Warning:  The following developer options must be defaulted (not specified by the user) in order to perform a valid compliance analysis:
          Proj 'High-Rise Mixed-Use (10-story)' DefaultDayltgCtrls
          Proj 'High-Rise Mixed-Use (10-story)' AutoHardSize
          Proj 'High-Rise Mixed-Use (10-story)' AutoEffInput
2020-01-16 23:03:30 -    1 file hash check(s) failed on executable and/or analysis support files (analysis continuing w/ report signature disabled)
2020-01-16 23:03:31 - Performing Building Database check...
2020-01-16 23:03:31 - Building Database check completed, no problems found.
2020-01-16 23:03:31 - Warning:  Residential space 'F2-9 1-Bed NE' ventilation flow rate, 38 cfm, is greater than the code minimum, 22 cfm. evaluating rule: Set CHECKCODE Spc:VentFlow  (25:'Space-Ventilation.rule' line 2828)
2020-01-16 23:03:31 - Warning:  Residential space 'F2-9 1-Bed NW' ventilation flow rate, 38 cfm, is greater than the code minimum, 22 cfm. evaluating rule: Set CHECKCODE Spc:VentFlow  (25:'Space-Ventilation.rule' line 2828)
2020-01-16 23:03:31 - Warning:  Residential space 'F2-9 1-Bed SE Inner' ventilation flow rate, 38 cfm, is greater than the code minimum, 22 cfm. evaluating rule: Set CHECKCODE Spc:VentFlow  (25:'Space-Ventilation.rule' line 2828)
2020-01-16 23:03:31 - Warning:  Residential space 'F2-9 1-Bed SE Outer' ventilation flow rate, 38 cfm, is greater than the code minimum, 22 cfm. evaluating rule: Set CHECKCODE Spc:VentFlow  (25:'Space-Ventilation.rule' line 2828)
2020-01-16 23:03:31 - Warning:  Residential space 'F2-9 1-Bed SW Inner' ventilation flow rate, 38 cfm, is greater than the code minimum, 22 cfm. evaluating rule: Set CHECKCODE Spc:VentFlow  (25:'Space-Ventilation.rule' line 2828)
2020-01-16 23:03:31 - Warning:  Residential space 'F2-9 1-Bed SW Outer' ventilation flow rate, 38 cfm, is greater than the code minimum, 22 cfm. evaluating rule: Set CHECKCODE Spc:VentFlow  (25:'Space-Ventilation.rule' line 2828)
2020-01-16 23:03:31 - Warning:  Residential space 'F2-9 2-Bed N Core' ventilation flow rate, 55 cfm, is greater than the code minimum, 34 cfm. evaluating rule: Set CHECKCODE Spc:VentFlow  (25:'Space-Ventilation.rule' line 2828)
2020-01-16 23:03:31 - Warning:  Residential space 'F2-9 2-Bed NE' ventilation flow rate, 55 cfm, is greater than the code minimum, 34 cfm. evaluating rule: Set CHECKCODE Spc:VentFlow  (25:'Space-Ventilation.rule' line 2828)
2020-01-16 23:03:31 - Warning:  Residential space 'F2-9 2-Bed NW' ventilation flow rate, 55 cfm, is greater than the code minimum, 34 cfm. evaluating rule: Set CHECKCODE Spc:VentFlow  (25:'Space-Ventilation.rule' line 2828)
2020-01-16 23:03:31 - Warning:  Residential space 'F2-9 2-Bed SE' ventilation flow rate, 55 cfm, is greater than the code minimum, 34 cfm. evaluating rule: Set CHECKCODE Spc:VentFlow  (25:'Space-Ventilation.rule' line 2828)
2020-01-16 23:03:31 - Warning:  Residential space 'F2-9 2-Bed SW' ventilation flow rate, 55 cfm, is greater than the code minimum, 34 cfm. evaluating rule: Set CHECKCODE Spc:VentFlow  (25:'Space-Ventilation.rule' line 2828)
2020-01-16 23:03:31 - Warning:  Residential space 'F2-9 Studio NE' ventilation flow rate, 31 cfm, is greater than the code minimum, 22 cfm. evaluating rule: Set CHECKCODE Spc:VentFlow  (25:'Space-Ventilation.rule' line 2828)
2020-01-16 23:03:31 - Warning:  Residential space 'F2-9 Studio NW' ventilation flow rate, 31 cfm, is greater than the code minimum, 22 cfm. evaluating rule: Set CHECKCODE Spc:VentFlow  (25:'Space-Ventilation.rule' line 2828)
2020-01-16 23:03:31 - Warning:  Residential space 'F10 1-Bed NE' ventilation flow rate, 38 cfm, is greater than the code minimum, 22 cfm. evaluating rule: Set CHECKCODE Spc:VentFlow  (25:'Space-Ventilation.rule' line 2828)
2020-01-16 23:03:31 - Warning:  Residential space 'F10 1-Bed NW' ventilation flow rate, 38 cfm, is greater than the code minimum, 22 cfm. evaluating rule: Set CHECKCODE Spc:VentFlow  (25:'Space-Ventilation.rule' line 2828)
2020-01-16 23:03:31 - Warning:  Residential space 'F10 1-Bed SE Inner' ventilation flow rate, 38 cfm, is greater than the code minimum, 22 cfm. evaluating rule: Set CHECKCODE Spc:VentFlow  (25:'Space-Ventilation.rule' line 2828)
2020-01-16 23:03:31 - Warning:  Residential space 'F10 1-Bed SE Outer' ventilation flow rate, 38 cfm, is greater than the code minimum, 22 cfm. evaluating rule: Set CHECKCODE Spc:VentFlow  (25:'Space-Ventilation.rule' line 2828)
2020-01-16 23:03:31 - Warning:  Residential space 'F10 1-Bed SW Inner' ventilation flow rate, 38 cfm, is greater than the code minimum, 22 cfm. evaluating rule: Set CHECKCODE Spc:VentFlow  (25:'Space-Ventilation.rule' line 2828)
2020-01-16 23:03:31 - Warning:  Residential space 'F10 1-Bed SW Outer' ventilation flow rate, 38 cfm, is greater than the code minimum, 22 cfm. evaluating rule: Set CHECKCODE Spc:VentFlow  (25:'Space-Ventilation.rule' line 2828)
2020-01-16 23:03:31 - Warning:  Residential space 'F10 2-Bed N Core' ventilation flow rate, 55 cfm, is greater than the code minimum, 34 cfm. evaluating rule: Set CHECKCODE Spc:VentFlow  (25:'Space-Ventilation.rule' line 2828)
2020-01-16 23:03:31 - Warning:  Residential space 'F10 2-Bed NE' ventilation flow rate, 55 cfm, is greater than the code minimum, 34 cfm. evaluating rule: Set CHECKCODE Spc:VentFlow  (25:'Space-Ventilation.rule' line 2828)
2020-01-16 23:03:31 - Warning:  Residential space 'F10 2-Bed NW' ventilation flow rate, 55 cfm, is greater than the code minimum, 34 cfm. evaluating rule: Set CHECKCODE Spc:VentFlow  (25:'Space-Ventilation.rule' line 2828)
2020-01-16 23:03:31 - Warning:  Residential space 'F10 2-Bed SE' ventilation flow rate, 55 cfm, is greater than the code minimum, 34 cfm. evaluating rule: Set CHECKCODE Spc:VentFlow  (25:'Space-Ventilation.rule' line 2828)
2020-01-16 23:03:31 - Warning:  Residential space 'F10 2-Bed SW' ventilation flow rate, 55 cfm, is greater than the code minimum, 34 cfm. evaluating rule: Set CHECKCODE Spc:VentFlow  (25:'Space-Ventilation.rule' line 2828)
2020-01-16 23:03:31 - Warning:  Residential space 'F10 Studio NE' ventilation flow rate, 31 cfm, is greater than the code minimum, 22 cfm. evaluating rule: Set CHECKCODE Spc:VentFlow  (25:'Space-Ventilation.rule' line 2828)
2020-01-16 23:03:31 - Warning:  Residential space 'F10 Studio NW' ventilation flow rate, 31 cfm, is greater than the code minimum, 22 cfm. evaluating rule: Set CHECKCODE Spc:VentFlow  (25:'Space-Ventilation.rule' line 2828)
2020-01-16 23:03:31 - Warning:  The spaces assigned to thermal zone 'Thermal Zone: F1 Lounge' have cooling unmet load hour limits ranging from 150 to 8760. All spaces in the zone will be held to the minimum UMLH limit. evaluating rule: Set CHECKCODE ThrmlZn:ClgUMLHLimit  (60:'ThermalZone-General.rule' line 1738)
2020-01-16 23:03:31 - Warning:  The spaces assigned to thermal zone 'Thermal Zone: F1 Lounge' have heating unmet load hour limits ranging from 150 to 8760. All spaces in the zone will be held to the minimum UMLH limit. evaluating rule: Set CHECKCODE ThrmlZn:HtgUMLHLimit  (60:'ThermalZone-General.rule' line 1765)
2020-01-16 23:03:31 - Warning:  ThermalZone 'Thermal Zone: F1 Business Center' has no HVAC, or HasUnknownHVAC is checked. A baseline system will be modeled for this zone. If a proposed HVAC system has been specified, it will be ignored. evaluating rule: Set CHECKCODE ThrmlZn:CreateBaseHVAC  (63:'BaselineHVACSystems-T24N.rule' line 680)
2020-01-16 23:03:31 - Warning:  ThermalZone 'Thermal Zone: F1 Fitness Center' has no HVAC, or HasUnknownHVAC is checked. A baseline system will be modeled for this zone. If a proposed HVAC system has been specified, it will be ignored. evaluating rule: Set CHECKCODE ThrmlZn:CreateBaseHVAC  (63:'BaselineHVACSystems-T24N.rule' line 680)
2020-01-16 23:03:31 - Warning:  ThermalZone 'Thermal Zone: F1 Leasing Office' has no HVAC, or HasUnknownHVAC is checked. A baseline system will be modeled for this zone. If a proposed HVAC system has been specified, it will be ignored. evaluating rule: Set CHECKCODE ThrmlZn:CreateBaseHVAC  (63:'BaselineHVACSystems-T24N.rule' line 680)
2020-01-16 23:03:31 - Warning:  ThermalZone 'Thermal Zone: F1 Lounge' has no HVAC, or HasUnknownHVAC is checked. A baseline system will be modeled for this zone. If a proposed HVAC system has been specified, it will be ignored. evaluating rule: Set CHECKCODE ThrmlZn:CreateBaseHVAC  (63:'BaselineHVACSystems-T24N.rule' line 680)
2020-01-16 23:03:31 - Warning:  ThermalZone 'Thermal Zone: F1 Retail E Core' has no HVAC, or HasUnknownHVAC is checked. A baseline system will be modeled for this zone. If a proposed HVAC system has been specified, it will be ignored. evaluating rule: Set CHECKCODE ThrmlZn:CreateBaseHVAC  (63:'BaselineHVACSystems-T24N.rule' line 680)
2020-01-16 23:03:31 - Warning:  ThermalZone 'Thermal Zone: F1 Retail E Outer' has no HVAC, or HasUnknownHVAC is checked. A baseline system will be modeled for this zone. If a proposed HVAC system has been specified, it will be ignored. evaluating rule: Set CHECKCODE ThrmlZn:CreateBaseHVAC  (63:'BaselineHVACSystems-T24N.rule' line 680)
2020-01-16 23:03:31 - Warning:  ThermalZone 'Thermal Zone: F1 Retail W Core' has no HVAC, or HasUnknownHVAC is checked. A baseline system will be modeled for this zone. If a proposed HVAC system has been specified, it will be ignored. evaluating rule: Set CHECKCODE ThrmlZn:CreateBaseHVAC  (63:'BaselineHVACSystems-T24N.rule' line 680)
2020-01-16 23:03:31 - Warning:  ThermalZone 'Thermal Zone: F1 Retail W Outer' has no HVAC, or HasUnknownHVAC is checked. A baseline system will be modeled for this zone. If a proposed HVAC system has been specified, it will be ignored. evaluating rule: Set CHECKCODE ThrmlZn:CreateBaseHVAC  (63:'BaselineHVACSystems-T24N.rule' line 680)
2020-01-16 23:03:31 - Warning:  ThermalZone 'Thermal Zone: F10 1-Bed N' has no HVAC, or HasUnknownHVAC is checked. A baseline system will be modeled for this zone. If a proposed HVAC system has been specified, it will be ignored. evaluating rule: Set CHECKCODE ThrmlZn:CreateBaseHVAC  (63:'BaselineHVACSystems-T24N.rule' line 680)
2020-01-16 23:03:31 - Warning:  ThermalZone 'Thermal Zone: F10 1-Bed SE' has no HVAC, or HasUnknownHVAC is checked. A baseline system will be modeled for this zone. If a proposed HVAC system has been specified, it will be ignored. evaluating rule: Set CHECKCODE ThrmlZn:CreateBaseHVAC  (63:'BaselineHVACSystems-T24N.rule' line 680)
2020-01-16 23:03:31 - Warning:  ThermalZone 'Thermal Zone: F10 1-Bed SW' has no HVAC, or HasUnknownHVAC is checked. A baseline system will be modeled for this zone. If a proposed HVAC system has been specified, it will be ignored. evaluating rule: Set CHECKCODE ThrmlZn:CreateBaseHVAC  (63:'BaselineHVACSystems-T24N.rule' line 680)
2020-01-16 23:03:31 - Warning:  ThermalZone 'Thermal Zone: F10 2-Bed N Core' has no HVAC, or HasUnknownHVAC is checked. A baseline system will be modeled for this zone. If a proposed HVAC system has been specified, it will be ignored. evaluating rule: Set CHECKCODE ThrmlZn:CreateBaseHVAC  (63:'BaselineHVACSystems-T24N.rule' line 680)
2020-01-16 23:03:31 - Warning:  ThermalZone 'Thermal Zone: F10 2-Bed NE' has no HVAC, or HasUnknownHVAC is checked. A baseline system will be modeled for this zone. If a proposed HVAC system has been specified, it will be ignored. evaluating rule: Set CHECKCODE ThrmlZn:CreateBaseHVAC  (63:'BaselineHVACSystems-T24N.rule' line 680)
2020-01-16 23:03:31 - Warning:  ThermalZone 'Thermal Zone: F10 2-Bed NW' has no HVAC, or HasUnknownHVAC is checked. A baseline system will be modeled for this zone. If a proposed HVAC system has been specified, it will be ignored. evaluating rule: Set CHECKCODE ThrmlZn:CreateBaseHVAC  (63:'BaselineHVACSystems-T24N.rule' line 680)
2020-01-16 23:03:31 - Warning:  ThermalZone 'Thermal Zone: F10 2-Bed SE' has no HVAC, or HasUnknownHVAC is checked. A baseline system will be modeled for this zone. If a proposed HVAC system has been specified, it will be ignored. evaluating rule: Set CHECKCODE ThrmlZn:CreateBaseHVAC  (63:'BaselineHVACSystems-T24N.rule' line 680)
2020-01-16 23:03:31 - Warning:  ThermalZone 'Thermal Zone: F10 2-Bed SW' has no HVAC, or HasUnknownHVAC is checked. A baseline system will be modeled for this zone. If a proposed HVAC system has been specified, it will be ignored. evaluating rule: Set CHECKCODE ThrmlZn:CreateBaseHVAC  (63:'BaselineHVACSystems-T24N.rule' line 680)
2020-01-16 23:03:31 - Warning:  ThermalZone 'Thermal Zone: F10 Corridor' has no HVAC, or HasUnknownHVAC is checked. A baseline system will be modeled for this zone. If a proposed HVAC system has been specified, it will be ignored. evaluating rule: Set CHECKCODE ThrmlZn:CreateBaseHVAC  (63:'BaselineHVACSystems-T24N.rule' line 680)
2020-01-16 23:03:31 - Warning:  ThermalZone 'Thermal Zone: F10 Laundry' has no HVAC, or HasUnknownHVAC is checked. A baseline system will be modeled for this zone. If a proposed HVAC system has been specified, it will be ignored. evaluating rule: Set CHECKCODE ThrmlZn:CreateBaseHVAC  (63:'BaselineHVACSystems-T24N.rule' line 680)
2020-01-16 23:03:31 - Warning:  ThermalZone 'Thermal Zone: F10 Studio N' has no HVAC, or HasUnknownHVAC is checked. A baseline system will be modeled for this zone. If a proposed HVAC system has been specified, it will be ignored. evaluating rule: Set CHECKCODE ThrmlZn:CreateBaseHVAC  (63:'BaselineHVACSystems-T24N.rule' line 680)
2020-01-16 23:03:31 - Warning:  ThermalZone 'Thermal Zone: F2-9 1-Bed N' has no HVAC, or HasUnknownHVAC is checked. A baseline system will be modeled for this zone. If a proposed HVAC system has been specified, it will be ignored. evaluating rule: Set CHECKCODE ThrmlZn:CreateBaseHVAC  (63:'BaselineHVACSystems-T24N.rule' line 680)
2020-01-16 23:03:31 - Warning:  ThermalZone 'Thermal Zone: F2-9 1-Bed SE' has no HVAC, or HasUnknownHVAC is checked. A baseline system will be modeled for this zone. If a proposed HVAC system has been specified, it will be ignored. evaluating rule: Set CHECKCODE ThrmlZn:CreateBaseHVAC  (63:'BaselineHVACSystems-T24N.rule' line 680)
2020-01-16 23:03:31 - Warning:  ThermalZone 'Thermal Zone: F2-9 1-Bed SW' has no HVAC, or HasUnknownHVAC is checked. A baseline system will be modeled for this zone. If a proposed HVAC system has been specified, it will be ignored. evaluating rule: Set CHECKCODE ThrmlZn:CreateBaseHVAC  (63:'BaselineHVACSystems-T24N.rule' line 680)
2020-01-16 23:03:31 - Warning:  ThermalZone 'Thermal Zone: F2-9 2-Bed N Core' has no HVAC, or HasUnknownHVAC is checked. A baseline system will be modeled for this zone. If a proposed HVAC system has been specified, it will be ignored. evaluating rule: Set CHECKCODE ThrmlZn:CreateBaseHVAC  (63:'BaselineHVACSystems-T24N.rule' line 680)
2020-01-16 23:03:31 - Warning:  ThermalZone 'Thermal Zone: F2-9 2-Bed NE' has no HVAC, or HasUnknownHVAC is checked. A baseline system will be modeled for this zone. If a proposed HVAC system has been specified, it will be ignored. evaluating rule: Set CHECKCODE ThrmlZn:CreateBaseHVAC  (63:'BaselineHVACSystems-T24N.rule' line 680)
2020-01-16 23:03:31 - Warning:  ThermalZone 'Thermal Zone: F2-9 2-Bed NW' has no HVAC, or HasUnknownHVAC is checked. A baseline system will be modeled for this zone. If a proposed HVAC system has been specified, it will be ignored. evaluating rule: Set CHECKCODE ThrmlZn:CreateBaseHVAC  (63:'BaselineHVACSystems-T24N.rule' line 680)
2020-01-16 23:03:31 - Warning:  ThermalZone 'Thermal Zone: F2-9 2-Bed SE' has no HVAC, or HasUnknownHVAC is checked. A baseline system will be modeled for this zone. If a proposed HVAC system has been specified, it will be ignored. evaluating rule: Set CHECKCODE ThrmlZn:CreateBaseHVAC  (63:'BaselineHVACSystems-T24N.rule' line 680)
2020-01-16 23:03:31 - Warning:  ThermalZone 'Thermal Zone: F2-9 2-Bed SW' has no HVAC, or HasUnknownHVAC is checked. A baseline system will be modeled for this zone. If a proposed HVAC system has been specified, it will be ignored. evaluating rule: Set CHECKCODE ThrmlZn:CreateBaseHVAC  (63:'BaselineHVACSystems-T24N.rule' line 680)
2020-01-16 23:03:31 - Warning:  ThermalZone 'Thermal Zone: F2-9 Corridor' has no HVAC, or HasUnknownHVAC is checked. A baseline system will be modeled for this zone. If a proposed HVAC system has been specified, it will be ignored. evaluating rule: Set CHECKCODE ThrmlZn:CreateBaseHVAC  (63:'BaselineHVACSystems-T24N.rule' line 680)
2020-01-16 23:03:31 - Warning:  ThermalZone 'Thermal Zone: F2-9 Laundry' has no HVAC, or HasUnknownHVAC is checked. A baseline system will be modeled for this zone. If a proposed HVAC system has been specified, it will be ignored. evaluating rule: Set CHECKCODE ThrmlZn:CreateBaseHVAC  (63:'BaselineHVACSystems-T24N.rule' line 680)
2020-01-16 23:03:31 - Warning:  ThermalZone 'Thermal Zone: F2-9 Studio N' has no HVAC, or HasUnknownHVAC is checked. A baseline system will be modeled for this zone. If a proposed HVAC system has been specified, it will be ignored. evaluating rule: Set CHECKCODE ThrmlZn:CreateBaseHVAC  (63:'BaselineHVACSystems-T24N.rule' line 680)
2020-01-16 23:30:39 -   PerfSim_E+ - Final Result: FAIL  -- compliance margin: -0.34 (-0.70%)
2020-01-16 23:30:40 - Analysis result:  FAIL  (TDV margin: -0.34)  Processing time:  Overall 27:10 / SDD2IDF x4 avg 0:05 / SizSim x2 avg 0:55 / AnnSim x2 avg 12:23 / ReportGen x0 0:00 / Other 0:13
2020-01-16 23:30:40 -       ResultsSummary population:  bAbort = (false) / RuleProcAbort = (false) / iRetVal = 0 / pszResultsSummary = (empty) / iResultsSummaryLen = 3200
2020-01-16 23:30:40 -       ResultsSummary components1:  2020-01-16 23:30:40 / instance / High-Rise Mixed-Use (10-story) / CTZ16S22A / Title24Compliance / 27:10 / FAIL / -0.34
2020-01-16 23:30:40 -       ResultsSummary components2:  CBECC-Com 2022.0.1 RV (1113) / BEMCmpMgr 2022.0.1 RV (6107) / CA 2022 Nonresidential, Vers. 1.0 Alpha / 1.11.3.f52686d8e1 / 9.0.1-bb7ca4f0da / - / C:\Users\agoyal\Documents\CBECC-Com 2022 Data\EPW\ / C:\Users\agoyal\Documents\GitHub\T24-2022-CASE-Modeling\framework\analysis\hvac\runs\hr-baseline\cz16\
2020-01-16 23:30:40 -       ResultsSummary:  2020-01-16 23:30:40,"instance","High-Rise Mixed-Use (10-story)","CTZ16S22A","Pol  0% RetAdd NoLeak",125400,150480,"Title24Compliance",27:10,FAIL,-0.34,"--","--","Successful (139 warnings)",28.8598,47086.2,55256.2,2029.43,29276.6,0,52245,185922,231906,0,181711,7549.85,0,0,607089,5200.58,0,0,0,0,0,0,5200.58,754.553,0,0,0,5955.14,0,0,0,0,0,0,0,0,0,0,0,0,0,10.8618,9.39408,11.4312,0.410418,6.34253,0,10.589,49.029,56.3053,0,45.2446,1.70491,0,0,152.284,139.985,12.2986,0,0,,0,0,,0,"--","--","Successful (139 warnings)",28.018,47074,55411.2,2036.25,29295.5,0,52245,186090,231906,0,181711,7549.85,0,0,607257,5049.91,0,0,0,0,0,0,5049.91,754.553,0,0,0,5804.47,0,0,0,0,0,0,0,0,0,0,0,0,0,10.5498,9.36079,11.4157,0.410315,6.34757,0,10.589,48.6731,56.3053,0,45.2446,1.70491,0,0,151.928,139.941,11.9867,0,0,,0,0,,0,8.90467e-06,13.9327,12.0472,0.665474,5.18568,0,8.95193,40.783,40.0913,0,31.5421,0.861855,0,0,113.278,6.15478e-06,13.7499,12.0006,0.655814,5.18197,0,8.95193,40.5402,40.0913,0,31.5421,0.861855,0,0,113.035,"CBECC-Com 2022.0.1 RV (1113)","BEMCmpMgr 2022.0.1 RV (6107)","CA 2022 Nonresidential, Vers. 1.0 Alpha","1.11.3.f52686d8e1","9.0.1-bb7ca4f0da","-","C:\Users\agoyal\Documents\CBECC-Com 2022 Data\EPW\","C:\Users\agoyal\Documents\GitHub\T24-2022-CASE-Modeling\framework\analysis\hvac\runs\hr-baseline\cz16\",0.00511359,5.1329,6.81912,0.225822,4.26415,0,5.74506,22.2,35.9296,0,31.4601,1.24246,0,0,90.83,2.49361,0,0,0,0,0,0,2.49,0.361798,0,0,0,2.85,0.00497369,5.06758,6.73599,0.223497,4.26898,0,5.74506,22.05,35.9296,0,31.4601,1.24246,0,0,90.68,2.42137,0,0,0,0,0,0,2.42,0.361798,0,0,0,2.78,3.80885,0.771068,1.02437,0.0339232,0.640562,0,0.863026,7.1418,5.94987,0,4.72593,0.186643,0,0,18.0043,3.69851,0.761255,1.01188,0.0335738,0.641287,0,0.863026,7.00953,5.94987,0,4.72593,0.186643,0,0,17.872,

2020-01-16 23:30:43 - -----------------------------------------------------------------------------
2020-01-16 23:30:43 - Opening Project 'cz16\instance.cibd22'...
2020-01-16 23:30:43 -    Model load successful into CBECC-Com 2022.0.1 RV (1113)
2020-01-16 23:30:43 - Performing Building Database check...
2020-01-16 23:30:43 - Building Database check completed, no problems found.
2020-01-16 23:30:45 - Project Saved
