2020-11-04 21:04:46 - -----------------------------------------------------------------------------
2020-11-04 21:04:46 - Opening Project 'cz15\instance.cibd22'...
2020-11-04 21:04:47 -    Model load successful into CBECC-Com 2022.0.1 RV (1113)
2020-11-04 21:04:48 - Performing Building Database check...
2020-11-04 21:04:48 - Building Database check completed, no problems found.
2020-11-04 21:04:52 -   PerfAnal_NRes - starting, w/ arguments:
2020-11-04 21:04:52 -        BEMBasePathFile    = (null)
2020-11-04 21:04:52 -        RulesetPathFile    = (null)
2020-11-04 21:04:52 -        SimWeatherPath     = C:\Documents\CBECC-Com 2022 Data\EPW\
2020-11-04 21:04:52 -        CompMgrDLLPath     = (null)
2020-11-04 21:04:52 -        DHWWeatherPath     = (null)
2020-11-04 21:04:52 -        ProcessingPath     = C:\GitHub\T24-2022-CASE-Modeling\framework\analysis\env-res\runs\hr-winblend-3824-hp\cz15\instance - run\
2020-11-04 21:04:52 -        ModelPathFile      = C:\GitHub\T24-2022-CASE-Modeling\framework\analysis\env-res\runs\hr-winblend-3824-hp\cz15\instance.cibd22
2020-11-04 21:04:52 -        LogPathFile        = (null)
2020-11-04 21:04:52 -        UIVersionString    = CBECC-Com 2022.0.1 RV (1113)
2020-11-04 21:04:52 -        LoadModelFile      = false
2020-11-04 21:04:52 -        OptionsCSV         = AllowAnalysisAbort,0,AnalysisThruStep,8,ModelRpt_ALL,1,SimulationStorage,0,AnalysisStorage,0,ExportHourlyResults_All,1,PromptUserUMLHWarning,1,PreAnalysisCheckPromptOption,3,CompReportWarningOption,5,
2020-11-04 21:04:52 -        ErrorMsg           = (assumed to be initialized)
2020-11-04 21:04:52 -        ErrorMsgLen        = 2056
2020-11-04 21:04:52 -        DisplayProgress    = true
2020-11-04 21:04:52 -        ResultsSummary     = (empty)
2020-11-04 21:04:52 -        ResultsSummaryLen  = 3200
2020-11-04 21:04:52 -        pProgCallbackFunc  = (null)
2020-11-04 21:04:53 - Performing Building Database check...
2020-11-04 21:04:53 - Building Database check completed, no problems found.
2020-11-04 21:04:53 - Warning:  The following developer options must be defaulted (not specified by the user) in order to perform a valid compliance analysis:
          Proj 'High-Rise Mixed-Use (10-story)' DefaultDayltgCtrls
          Proj 'High-Rise Mixed-Use (10-story)' AutoHardSize
          Proj 'High-Rise Mixed-Use (10-story)' AutoEffInput
2020-11-04 21:04:54 -    1 file hash check(s) failed on executable and/or analysis support files (analysis continuing w/ report signature disabled)
2020-11-04 21:04:56 -   PerfAnal_NRes - AnalysisThruStep being set to #7 due to Proj:AnalysisType = Title24ProposedOnly
2020-11-04 21:04:56 - Performing Building Database check...
2020-11-04 21:04:56 - Building Database check completed, no problems found.
2020-11-04 21:04:56 - Warning:  The spaces assigned to thermal zone 'Thermal Zone: F1 Lounge' have cooling unmet load hour limits ranging from 150 to 8760. All spaces in the zone will be held to the minimum UMLH limit. evaluating rule: Set CHECKCODE ThrmlZn:ClgUMLHLimit  (60:'ThermalZone-General.rule' line 1738)
2020-11-04 21:04:56 - Warning:  The spaces assigned to thermal zone 'Thermal Zone: F1 Lounge' have heating unmet load hour limits ranging from 150 to 8760. All spaces in the zone will be held to the minimum UMLH limit. evaluating rule: Set CHECKCODE ThrmlZn:HtgUMLHLimit  (60:'ThermalZone-General.rule' line 1765)
2020-11-04 21:04:58 -   PerfAnal_NRes - Bypassing OpenStudio (and simulation) for zp model
2020-11-04 21:05:00 -   PerfAnal_NRes - Bypassing OpenStudio (and simulation) for zb model
2020-11-04 21:21:16 - Error:  Undefined data: numerator evaluating rule: Set ANNUAL_BASELINE Fan:FlowCap  (75:'HVACSecondary-Fan-General.rule' line 494)
2020-11-04 21:21:16 - Error:  Undefined data: numerator evaluating rule: Set ANNUAL_BASELINE Fan:FlowCap  (75:'HVACSecondary-Fan-General.rule' line 494)
2020-11-04 21:21:16 - Error:  Undefined data: numerator evaluating rule: Set ANNUAL_BASELINE Fan:FlowCap  (75:'HVACSecondary-Fan-General.rule' line 494)
2020-11-04 21:21:16 - Error:  Undefined data: numerator evaluating rule: Set ANNUAL_BASELINE Fan:FlowCap  (75:'HVACSecondary-Fan-General.rule' line 529)
2020-11-04 21:21:16 - Error:  Undefined data: numerator evaluating rule: Set ANNUAL_BASELINE Fan:FlowCap  (75:'HVACSecondary-Fan-General.rule' line 529)
2020-11-04 21:21:16 - Error:  Undefined data: numerator evaluating rule: Set ANNUAL_BASELINE Fan:FlowCap  (75:'HVACSecondary-Fan-General.rule' line 529)
2020-11-04 21:21:16 - Error:  Undefined data: numerator evaluating rule: Set ANNUAL_BASELINE Fan:FlowCap  (75:'HVACSecondary-Fan-General.rule' line 529)
2020-11-04 21:21:16 - Error:  Undefined data: numerator evaluating rule: Set ANNUAL_BASELINE Fan:FlowCap  (75:'HVACSecondary-Fan-General.rule' line 529)
2020-11-04 21:21:16 - Error:  Undefined data: numerator evaluating rule: Set ANNUAL_BASELINE Fan:FlowCap  (75:'HVACSecondary-Fan-General.rule' line 529)
2020-11-04 21:21:16 - Error:  Undefined data: numerator evaluating rule: Set ANNUAL_BASELINE Fan:FlowCap  (75:'HVACSecondary-Fan-General.rule' line 529)
2020-11-04 21:21:16 - Error:  Undefined data: numerator evaluating rule: Set ANNUAL_BASELINE Fan:FlowCap  (75:'HVACSecondary-Fan-General.rule' line 529)
2020-11-04 21:21:16 - Error:  Undefined data: numerator evaluating rule: Set ANNUAL_BASELINE Fan:FlowCap  (75:'HVACSecondary-Fan-General.rule' line 529)
2020-11-04 21:21:16 - Error:  Undefined data: numerator evaluating rule: Set ANNUAL_BASELINE Fan:FlowCap  (75:'HVACSecondary-Fan-General.rule' line 529)
2020-11-04 21:21:16 - Error:  Undefined data: numerator evaluating rule: Set ANNUAL_BASELINE Fan:FlowCap  (75:'HVACSecondary-Fan-General.rule' line 529)
2020-11-04 21:21:16 - Error:  Undefined data: numerator evaluating rule: Set ANNUAL_BASELINE Fan:FlowCap  (75:'HVACSecondary-Fan-General.rule' line 529)
2020-11-04 21:21:16 - Error:  Undefined data: numerator evaluating rule: Set ANNUAL_BASELINE Fan:FlowCap  (75:'HVACSecondary-Fan-General.rule' line 529)
2020-11-04 21:21:16 - Error:  Undefined data: numerator evaluating rule: Set ANNUAL_BASELINE Fan:FlowCap  (75:'HVACSecondary-Fan-General.rule' line 529)
2020-11-04 21:21:16 - Error:  Undefined data: numerator evaluating rule: Set ANNUAL_BASELINE Fan:FlowCap  (75:'HVACSecondary-Fan-General.rule' line 529)
2020-11-04 21:21:16 - Error:  Undefined data: numerator evaluating rule: Set ANNUAL_BASELINE Fan:FlowCap  (75:'HVACSecondary-Fan-General.rule' line 529)
2020-11-04 21:21:16 - Error:  Undefined data: numerator evaluating rule: Set ANNUAL_BASELINE Fan:FlowCap  (75:'HVACSecondary-Fan-General.rule' line 529)
2020-11-04 21:21:16 - Error:  Undefined data: numerator evaluating rule: Set ANNUAL_BASELINE Fan:FlowCap  (75:'HVACSecondary-Fan-General.rule' line 529)
2020-11-04 21:21:16 - Error:  Division by zero evaluating rule: Set ANNUAL_BASELINE ThrmlZn:PriAirCondgSysDsgnFlow  (76:'HVACSecondary-Fan-FanRatios.rule' line 67)
2020-11-04 21:21:16 - Error:  Division by zero evaluating rule: Set ANNUAL_BASELINE ThrmlZn:PriAirCondgSysDsgnFlow  (76:'HVACSecondary-Fan-FanRatios.rule' line 67)
2020-11-04 21:21:16 - Error:  Division by zero evaluating rule: Set ANNUAL_BASELINE ThrmlZn:PriAirCondgSysDsgnFlow  (76:'HVACSecondary-Fan-FanRatios.rule' line 67)
2020-11-04 21:21:16 - Error:  Division by zero evaluating rule: Set ANNUAL_BASELINE ThrmlZn:PriAirCondgSysDsgnFlow  (76:'HVACSecondary-Fan-FanRatios.rule' line 67)
2020-11-04 21:21:16 - Error:  Division by zero evaluating rule: Set ANNUAL_BASELINE ThrmlZn:PriAirCondgSysDsgnFlow  (76:'HVACSecondary-Fan-FanRatios.rule' line 67)
2020-11-04 21:21:16 - Error:  Division by zero evaluating rule: Set ANNUAL_BASELINE ThrmlZn:PriAirCondgSysDsgnFlow  (76:'HVACSecondary-Fan-FanRatios.rule' line 67)
2020-11-04 21:21:16 - Error:  Division by zero evaluating rule: Set ANNUAL_BASELINE ThrmlZn:PriAirCondgSysDsgnFlow  (76:'HVACSecondary-Fan-FanRatios.rule' line 67)
2020-11-04 21:21:16 - Error:  Division by zero evaluating rule: Set ANNUAL_BASELINE ThrmlZn:PriAirCondgSysDsgnFlow  (76:'HVACSecondary-Fan-FanRatios.rule' line 67)
2020-11-04 21:21:16 - Error:  Division by zero evaluating rule: Set ANNUAL_BASELINE ThrmlZn:PriAirCondgSysDsgnFlow  (76:'HVACSecondary-Fan-FanRatios.rule' line 67)
2020-11-04 21:21:16 - Error:  Division by zero evaluating rule: Set ANNUAL_BASELINE ThrmlZn:PriAirCondgSysDsgnFlow  (76:'HVACSecondary-Fan-FanRatios.rule' line 67)
2020-11-04 21:21:16 - Error:  Division by zero evaluating rule: Set ANNUAL_BASELINE ThrmlZn:PriAirCondgSysDsgnFlow  (76:'HVACSecondary-Fan-FanRatios.rule' line 67)
2020-11-04 21:21:16 - Error:  Division by zero evaluating rule: Set ANNUAL_BASELINE ThrmlZn:PriAirCondgSysDsgnFlow  (76:'HVACSecondary-Fan-FanRatios.rule' line 67)
2020-11-04 21:21:16 - Error:  Division by zero evaluating rule: Set ANNUAL_BASELINE ThrmlZn:VentSysDsgnFlow  (76:'HVACSecondary-Fan-FanRatios.rule' line 111)
2020-11-04 21:21:16 - Error:  Division by zero evaluating rule: Set ANNUAL_BASELINE ThrmlZn:VentSysDsgnFlow  (76:'HVACSecondary-Fan-FanRatios.rule' line 111)
2020-11-04 21:21:16 - Error:  Division by zero evaluating rule: Set ANNUAL_BASELINE ThrmlZn:VentSysDsgnFlow  (76:'HVACSecondary-Fan-FanRatios.rule' line 111)
2020-11-04 21:21:16 - Error:  Division by zero evaluating rule: Set ANNUAL_BASELINE ThrmlZn:VentSysDsgnFlow  (76:'HVACSecondary-Fan-FanRatios.rule' line 111)
2020-11-04 21:21:16 - Error:  Division by zero evaluating rule: Set ANNUAL_BASELINE ThrmlZn:VentSysDsgnFlow  (76:'HVACSecondary-Fan-FanRatios.rule' line 111)
2020-11-04 21:21:16 - Error:  Division by zero evaluating rule: Set ANNUAL_BASELINE ThrmlZn:VentSysDsgnFlow  (76:'HVACSecondary-Fan-FanRatios.rule' line 111)
2020-11-04 21:21:16 - Error:  Division by zero evaluating rule: Set ANNUAL_BASELINE ThrmlZn:VentSysDsgnFlow  (76:'HVACSecondary-Fan-FanRatios.rule' line 111)
2020-11-04 21:21:16 - Error:  Division by zero evaluating rule: Set ANNUAL_BASELINE ThrmlZn:VentSysDsgnFlow  (76:'HVACSecondary-Fan-FanRatios.rule' line 111)
2020-11-04 21:21:16 - Error:  Division by zero evaluating rule: Set ANNUAL_BASELINE ThrmlZn:VentSysDsgnFlow  (76:'HVACSecondary-Fan-FanRatios.rule' line 111)
2020-11-04 21:21:16 - Error:  Division by zero evaluating rule: Set ANNUAL_BASELINE ThrmlZn:VentSysDsgnFlow  (76:'HVACSecondary-Fan-FanRatios.rule' line 111)
2020-11-04 21:21:16 - Error:  Division by zero evaluating rule: Set ANNUAL_BASELINE ThrmlZn:VentSysDsgnFlow  (76:'HVACSecondary-Fan-FanRatios.rule' line 111)
2020-11-04 21:21:16 - Error:  Division by zero evaluating rule: Set ANNUAL_BASELINE ThrmlZn:VentSysDsgnFlow  (76:'HVACSecondary-Fan-FanRatios.rule' line 111)
2020-11-04 21:21:17 -   PerfAnal_NRes - Bypassing OpenStudio (and simulation) for ab model
2020-11-04 21:21:17 -   PerfAnal_NRes - Completed analysis steps thru #7
2020-11-04 21:21:17 - Analysis incomplete  Processing time:  Overall 16:25 / SDD2IDF x2 avg 0:08 / SizSim x0 0:00 / AnnSim x2 avg 7:51 / ReportGen x0 0:00 / Other 0:21
2020-11-04 21:21:17 -       ResultsSummary population:  bAbort = (false) / RuleProcAbort = (false) / iRetVal = 0 / pszResultsSummary = (empty) / iResultsSummaryLen = 3200
2020-11-04 21:21:17 -       ResultsSummary components1:  2020-11-04 21:21:17 / instance / High-Rise Mixed-Use (10-story) / CTZ15S22A / Title24ProposedOnly / 16:25 /  / 
2020-11-04 21:21:17 -       ResultsSummary components2:  CBECC-Com 2022.0.1 RV (1113) / BEMCmpMgr 2022.0.1 RV (6107) / CA 2022 Nonresidential, Vers. 1.0 Alpha /  /  / - / C:\Documents\CBECC-Com 2022 Data\EPW\ / C:\GitHub\T24-2022-CASE-Modeling\framework\analysis\env-res\runs\hr-winblend-3824-hp\cz15\
2020-11-04 21:21:17 -       ResultsSummary:  2020-11-04 21:21:17,"instance","High-Rise Mixed-Use (10-story)","CTZ15S22A","Pol  0% RetAdd NoLeak",125400,150480,"Title24ProposedOnly",16:25,,,"--","--","Successful (273 warnings)",2836.26,225188,81466.7,422.889,6184.73,1088.9,52106.3,369294,274496,19205.8,47456.3,6890.07,0,0,717343,288.631,0,0,0,0,5722.42,0,6011.05,1576.89,2595.88,0,0,10183.8,0,0,0,0,0,0,0,0,0,0,0,0,0,1.38873,59.0213,19.154,0.125771,1.3451,11.3935,11.1805,103.609,64.8655,9.37696,11.149,1.52542,0,0,190.526,170.758,19.7673,0,37,"Thermal Zone: F10 Laundry",0,5.75,"Thermal Zone: F10 2-Bed NE",0,"--","--","",0,0,0,0,0,0,0,0,0,0,0,0,0,0,0,0,0,0,0,0,0,0,0,0,0,0,0,0,0,0,0,0,0,0,0,0,0,0,0,0,0,0,0,0,0,0,0,0,0,0,0,0,0,0,0,0,0,0,0,,,,,,,2.94592e-07,64.9361,15.436,0.179368,1.28799,0.124303,9.03524,90.999,43.2848,2.98676,9.36022,0.786538,0,0,147.417,0,0,0,0,0,0,0,0,0,0,0,0,0,0,0,"CBECC-Com 2022.0.1 RV (1113)","BEMCmpMgr 2022.0.1 RV (6107)","CA 2022 Nonresidential, Vers. 1.0 Alpha","","","-","C:\Documents\CBECC-Com 2022 Data\EPW\","C:\GitHub\T24-2022-CASE-Modeling\framework\analysis\env-res\runs\hr-winblend-3824-hp\cz15\",0.702122,25.9744,11.0854,0.0452776,0.678232,0.179198,5.73013,44.4,42.8116,3.31511,8.5377,1.13389,0,0,100.2,0.138395,0,0,0,0,2.74382,0,2.88,0.756098,1.24469,0,0,4.88,0,0,0,0,0,0,0,0,0,0,0,0,0,0,0,0,0,0,0,0,0,0,0,0,0,0,0,0,0.316821,3.90189,1.66526,0.00680167,0.101884,4.21712,0.860783,11.0706,7.58583,2.39881,1.28253,0.170333,0,0,22.5081,0,0,0,0,0,0,0,0,0,0,0,0,0,0,0,

2020-11-04 21:21:22 - -----------------------------------------------------------------------------
2020-11-04 21:21:22 - Opening Project 'cz15\instance.cibd22'...
2020-11-04 21:21:23 -    Model load successful into CBECC-Com 2022.0.1 RV (1113)
2020-11-04 21:21:23 - Performing Building Database check...
2020-11-04 21:21:23 - Building Database check completed, no problems found.
2020-11-04 21:21:27 - Error writing enumeration property for Mat 'MetalFrameWall16inOC R21.00', property CavityInsOpt (previously 'R-21' (?))
2020-11-04 21:21:27 - Project Saved
