2020-03-18 18:08:27 - -----------------------------------------------------------------------------
2020-03-18 18:08:27 - Opening Project 'cz02\instance.cibd22'...
2020-03-18 18:08:28 -    Model load successful into CBECC-Com 2022.0.1 RV (1113)
2020-03-18 18:08:28 - Performing Building Database check...
2020-03-18 18:08:28 - Building Database check completed, no problems found.
2020-03-18 18:08:32 -   PerfAnal_NRes - starting, w/ arguments:
2020-03-18 18:08:32 -        BEMBasePathFile    = (null)
2020-03-18 18:08:32 -        RulesetPathFile    = (null)
2020-03-18 18:08:32 -        SimWeatherPath     = C:\Users\agoyal\Documents\CBECC-Com 2022 Data\EPW\
2020-03-18 18:08:32 -        CompMgrDLLPath     = (null)
2020-03-18 18:08:32 -        DHWWeatherPath     = (null)
2020-03-18 18:08:32 -        ProcessingPath     = C:\Users\agoyal\Documents\GitHub\T24-2022-CASE-Modeling\framework\analysis\hpte\runs\mumr-QII-30\cz02\instance - run\
2020-03-18 18:08:32 -        ModelPathFile      = C:\Users\agoyal\Documents\GitHub\T24-2022-CASE-Modeling\framework\analysis\hpte\runs\mumr-QII-30\cz02\instance.cibd22
2020-03-18 18:08:32 -        LogPathFile        = (null)
2020-03-18 18:08:32 -        UIVersionString    = CBECC-Com 2022.0.1 RV (1113)
2020-03-18 18:08:32 -        LoadModelFile      = false
2020-03-18 18:08:32 -        OptionsCSV         = AllowAnalysisAbort,0,StoreBEMDetails,1,AnalysisThruStep,8,ModelRpt_ALL,1,ExportHourlyResults_All,1,PromptUserUMLHWarning,1,PreAnalysisCheckPromptOption,3,CompReportWarningOption,5,
2020-03-18 18:08:32 -        ErrorMsg           = (assumed to be initialized)
2020-03-18 18:08:32 -        ErrorMsgLen        = 2056
2020-03-18 18:08:32 -        DisplayProgress    = true
2020-03-18 18:08:32 -        ResultsSummary     = (empty)
2020-03-18 18:08:32 -        ResultsSummaryLen  = 3200
2020-03-18 18:08:32 -        pProgCallbackFunc  = (null)
2020-03-18 18:08:33 - Performing Building Database check...
2020-03-18 18:08:33 - Building Database check completed, no problems found.
2020-03-18 18:08:33 - Warning:  The following developer options must be defaulted (not specified by the user) in order to perform a valid compliance analysis:
          Proj 'Mid-Rise Mixed-Use (5-story)' AutoHardSize
          Proj 'Mid-Rise Mixed-Use (5-story)' AutoEffInput
2020-03-18 18:08:33 -    1 file hash check(s) failed on executable and/or analysis support files (analysis continuing w/ report signature disabled)
2020-03-18 18:08:35 - Performing Building Database check...
2020-03-18 18:08:35 - Building Database check completed, no problems found.
2020-03-18 18:08:35 - Warning:  The AirSystem:Count for multi-zone system 'DOAS1' is not consistent with the maximum or minimum ThermalZone:Multiplier of the zones the system serves. This indicates the HVAC system serves more than 1 floor, or that Multipliers or system Count may be improperly defined. Check inputs for consistency. evaluating rule: Set CHECKCODE AirSys:Cnt  (68:'HVACSecondary-General.rule' line 1398)
2020-03-18 18:08:39 -   PerfAnal_NRes - Bypassing OpenStudio (and simulation) for zp model
2020-03-18 18:17:50 -   PerfSim_E+ - Final Result: PASS  -- compliance margin: 2.87 (2.94%)
2020-03-18 18:17:54 - Analysis result:  PASS  (TDV margin: 2.87)  Processing time:  Overall 9:21 / SDD2IDF x4 avg 0:09 / SizSim x2 avg 0:22 / AnnSim x2 avg 3:41 / ReportGen x0 0:00 / Other 0:32
2020-03-18 18:17:54 -       ResultsSummary population:  bAbort = (false) / RuleProcAbort = (false) / iRetVal = 0 / pszResultsSummary = (empty) / iResultsSummaryLen = 3200
2020-03-18 18:17:54 -       ResultsSummary components1:  2020-03-18 18:17:54 / instance / Mid-Rise Mixed-Use (5-story) / CTZ02S22A / Title24Compliance / 9:21 / PASS / 2.87
2020-03-18 18:17:54 -       ResultsSummary components2:  CBECC-Com 2022.0.1 RV (1113) / BEMCmpMgr 2022.0.1 RV (6107) / CA 2022 Nonresidential, Vers. 1.0 Alpha / 1.11.3.f52686d8e1 / 9.0.1-bb7ca4f0da / CSE19 0.865.0+dhwloop.68861ec.94 EXE / C:\Users\agoyal\Documents\CBECC-Com 2022 Data\EPW\ / C:\Users\agoyal\Documents\GitHub\T24-2022-CASE-Modeling\framework\analysis\hpte\runs\mumr-QII-30\cz02\
2020-03-18 18:17:54 -       ResultsSummary:  2020-03-18 18:17:54,"instance","Mid-Rise Mixed-Use (5-story)","CTZ02S22A","Pol  0% RetAdd NoLeak",113100,141000,"Title24Compliance",9:21,PASS,2.87,"--","--","Successful (219 warnings)",12.1362,67584.5,54592.4,0,266.178,13789.1,81930,218174,217441,0,149101,34551.8,0,0,619268,4021.28,0,0,0,0,10627.8,0,14649,586.724,0,0,0,15235.8,0,0,0,0,0,0,0,0,0,0,0,0,0,9.39841,25.2333,14.4676,0,0.0607692,25.8823,19.575,94.6174,55.5452,0,38.181,8.44143,0,0,196.785,163.593,33.1922,0,2277.5,"Thermal Zone: F2-4 Corridor",0,1468.25,"Thermal Zone: F5 Corridor",0,"--","--","Successful (225 warnings)",19.1409,75204.9,49728.6,0,85.2921,13793.8,81930,220762,217441,0,149101,34551.8,0,0,621856,4556.27,0,0,0,0,10627.8,0,15184,586.724,0,0,0,15770.8,0,0,0,0,0,0,0,0,0,0,0,0,0,10.564,27.9498,13.4972,0,0.021276,25.8838,19.575,97.491,55.5452,0,38.181,8.44143,0,0,199.659,165.303,34.356,0,0,,0,0,,0,7.90654e-05,26.1079,9.83852,0,0.0453529,2.2593,14.3388,52.5899,38.321,0,25.7371,3.94427,0,0,120.592,3.30539e-05,28.7483,9.34856,0,0.00441454,2.24753,14.3388,54.6877,38.321,0,25.7371,3.94427,0,0,122.69,"CBECC-Com 2022.0.1 RV (1113)","BEMCmpMgr 2022.0.1 RV (6107)","CA 2022 Nonresidential, Vers. 1.0 Alpha","1.11.3.f52686d8e1","9.0.1-bb7ca4f0da","CSE19 0.865.0+dhwloop.68861ec.94 EXE","C:\Users\agoyal\Documents\CBECC-Com 2022 Data\EPW\","C:\Users\agoyal\Documents\GitHub\T24-2022-CASE-Modeling\framework\analysis\hpte\runs\mumr-QII-30\cz02\",0.00219955,7.10203,7.84587,0,0.0358135,1.74743,9.05248,25.79,32.1279,0,25.58,5.65158,0,0,89.15,1.92815,0,0,0,0,5.09587,0,7.03,0.281326,0,0,0,7.31,0.00358437,7.67609,7.10363,0,0.0163689,1.75331,9.05248,25.6,32.1279,0,25.58,5.65158,0,0,88.96,2.18467,0,0,0,0,5.09587,0,7.28,0.281326,0,0,0,7.56,3.31171,1.18289,1.30679,0,0.00596499,9.04254,1.50776,16.3576,5.83428,0,4.26052,0.941311,0,0,27.3938,3.75248,1.27851,1.18316,0,0.00272636,9.04352,1.50776,16.7682,5.83428,0,4.26052,0.941311,0,0,27.8043,

2020-03-18 18:18:04 - -----------------------------------------------------------------------------
2020-03-18 18:18:04 - Opening Project 'cz02\instance.cibd22'...
2020-03-18 18:18:07 -    Model load successful into CBECC-Com 2022.0.1 RV (1113)
2020-03-18 18:18:07 - Performing Building Database check...
2020-03-18 18:18:07 - Building Database check completed, no problems found.
2020-03-18 18:18:11 - Project Saved
