2020-03-18 15:48:34 - -----------------------------------------------------------------------------
2020-03-18 15:48:34 - Opening Project 'cz14\instance.cibd22'...
2020-03-18 15:48:35 -    Model load successful into CBECC-Com 2022.0.1 RV (1113)
2020-03-18 15:48:36 - Performing Building Database check...
2020-03-18 15:48:36 - Building Database check completed, no problems found.
2020-03-18 15:48:40 -   PerfAnal_NRes - starting, w/ arguments:
2020-03-18 15:48:40 -        BEMBasePathFile    = (null)
2020-03-18 15:48:40 -        RulesetPathFile    = (null)
2020-03-18 15:48:40 -        SimWeatherPath     = C:\Users\mnakajima\Documents\CBECC-Com 2022 Data\EPW\
2020-03-18 15:48:40 -        CompMgrDLLPath     = (null)
2020-03-18 15:48:40 -        DHWWeatherPath     = (null)
2020-03-18 15:48:40 -        ProcessingPath     = C:\Users\mnakajima\Documents\GitHub\T24-2022-CASE-Modeling\framework\analysis\hpte\runs\hr-qii-15\cz14\instance - run\
2020-03-18 15:48:40 -        ModelPathFile      = C:\Users\mnakajima\Documents\GitHub\T24-2022-CASE-Modeling\framework\analysis\hpte\runs\hr-qii-15\cz14\instance.cibd22
2020-03-18 15:48:40 -        LogPathFile        = (null)
2020-03-18 15:48:40 -        UIVersionString    = CBECC-Com 2022.0.1 RV (1113)
2020-03-18 15:48:40 -        LoadModelFile      = false
2020-03-18 15:48:40 -        OptionsCSV         = AllowAnalysisAbort,0,StoreBEMDetails,1,AnalysisThruStep,8,ModelRpt_ALL,1,ExportHourlyResults_All,1,PromptUserUMLHWarning,1,PreAnalysisCheckPromptOption,3,CompReportWarningOption,5,
2020-03-18 15:48:40 -        ErrorMsg           = (assumed to be initialized)
2020-03-18 15:48:40 -        ErrorMsgLen        = 2056
2020-03-18 15:48:40 -        DisplayProgress    = true
2020-03-18 15:48:40 -        ResultsSummary     = (empty)
2020-03-18 15:48:40 -        ResultsSummaryLen  = 3200
2020-03-18 15:48:40 -        pProgCallbackFunc  = (null)
2020-03-18 15:48:41 - Performing Building Database check...
2020-03-18 15:48:41 - Building Database check completed, no problems found.
2020-03-18 15:48:41 - Warning:  The following developer options must be defaulted (not specified by the user) in order to perform a valid compliance analysis:
          Proj 'High-Rise Mixed-Use (10-story)' DefaultDayltgCtrls
          Proj 'High-Rise Mixed-Use (10-story)' AutoHardSize
          Proj 'High-Rise Mixed-Use (10-story)' AutoEffInput
2020-03-18 15:48:41 -    1 file hash check(s) failed on executable and/or analysis support files (analysis continuing w/ report signature disabled)
2020-03-18 15:48:44 - Performing Building Database check...
2020-03-18 15:48:44 - Building Database check completed, no problems found.
2020-03-18 15:48:44 - Warning:  The spaces assigned to thermal zone 'Thermal Zone: F1 Lounge' have cooling unmet load hour limits ranging from 150 to 8760. All spaces in the zone will be held to the minimum UMLH limit. evaluating rule: Set CHECKCODE ThrmlZn:ClgUMLHLimit  (60:'ThermalZone-General.rule' line 1738)
2020-03-18 15:48:44 - Warning:  The spaces assigned to thermal zone 'Thermal Zone: F1 Lounge' have heating unmet load hour limits ranging from 150 to 8760. All spaces in the zone will be held to the minimum UMLH limit. evaluating rule: Set CHECKCODE ThrmlZn:HtgUMLHLimit  (60:'ThermalZone-General.rule' line 1765)
2020-03-18 15:48:50 -   PerfAnal_NRes - Bypassing OpenStudio (and simulation) for zp model
2020-03-18 16:14:44 -   PerfSim_E+ - Final Result: FAIL  -- compliance margin: -6.62 (-7.61%)
2020-03-18 16:14:46 - Analysis result:  FAIL  (TDV margin: -6.62)  Processing time:  Overall 26:06 / SDD2IDF x4 avg 0:09 / SizSim x2 avg 1:03 / AnnSim x2 avg 11:19 / ReportGen x0 0:00 / Other 0:41
2020-03-18 16:14:46 -       ResultsSummary population:  bAbort = (false) / RuleProcAbort = (false) / iRetVal = 0 / pszResultsSummary = (empty) / iResultsSummaryLen = 3200
2020-03-18 16:14:46 -       ResultsSummary components1:  2020-03-18 16:14:46 / instance / High-Rise Mixed-Use (10-story) / CTZ14S22A / Title24Compliance / 26:06 / FAIL / -6.62
2020-03-18 16:14:46 -       ResultsSummary components2:  CBECC-Com 2022.0.1 RV (1113) / BEMCmpMgr 2022.0.1 RV (6107) / CA 2022 Nonresidential, Vers. 1.0 Alpha / 1.11.3.f52686d8e1 / 9.0.1-bb7ca4f0da / CSE19 0.868.0 EXE / C:\Users\mnakajima\Documents\CBECC-Com 2022 Data\EPW\ / C:\Users\mnakajima\Documents\GitHub\T24-2022-CASE-Modeling\framework\analysis\hpte\runs\hr-qii-15\cz14\
2020-03-18 16:14:46 -       ResultsSummary:  2020-03-18 16:14:46,"instance","High-Rise Mixed-Use (10-story)","CTZ14S22A","Pol  0% RetAdd NoLeak",125400,150480,"Title24Compliance",26:06,FAIL,-6.62,"--","--","Successful (202 warnings)",6.44755,137058,75749.4,187.335,4710.53,1088.9,52181.5,270982,231906,0,181711,6890.07,0,0,691489,4925.21,0,0,0,0,7377.08,0,12302.3,754.553,0,0,0,13056.8,0,0,0,0,0,0,0,0,0,0,0,0,0,10.6202,38.0954,17.7622,0.0657452,1.0608,14.5754,11.3777,93.5575,53.7562,0,41.5131,1.52465,0,0,190.351,163.954,26.3977,0,0,,0,27.25,"Thermal Zone: F10 2-Bed NE",0,"--","--","Successful (206 warnings)",25.3604,64868.9,89583.3,7779.89,32122.6,7819.32,52181.5,254381,231906,0,181711,6890.07,0,0,674888,4379.49,0,0,0,0,7028.35,0,11407.8,754.553,0,0,0,12162.4,0,0,0,0,0,0,0,0,0,0,0,0,0,9.47112,19.0974,21.7441,2.57482,7.31235,15.3757,11.3777,86.9531,53.7562,0,41.5131,1.52465,0,0,183.747,159.174,24.5734,0,0,,0,0,,0,1.98354e-06,43.7262,12.9726,0.0713409,1.26217,0.124303,9.01922,67.1759,40.0913,0,31.5421,0.786538,0,0,139.596,1.48522e-06,23.4603,17.8566,3.40763,6.18301,1.18053,9.01922,61.1072,40.0913,0,31.5421,0.786538,0,0,133.527,"CBECC-Com 2022.0.1 RV (1113)","BEMCmpMgr 2022.0.1 RV (6107)","CA 2022 Nonresidential, Vers. 1.0 Alpha","1.11.3.f52686d8e1","9.0.1-bb7ca4f0da","CSE19 0.868.0 EXE","C:\Users\mnakajima\Documents\CBECC-Com 2022 Data\EPW\","C:\Users\mnakajima\Documents\GitHub\T24-2022-CASE-Modeling\framework\analysis\hpte\runs\hr-qii-15\cz14\",0.00131339,14.7947,11.0291,0.0186344,0.459784,0.179198,5.73073,32.21,35.9296,0,31.4601,1.13389,0,0,100.73,2.36157,0,0,0,0,3.53721,0,5.9,0.361798,0,0,0,6.26,0.00583444,7.04745,12.6688,0.942789,4.23152,1.0197,5.73073,31.65,35.9296,0,31.4601,1.13389,0,0,100.17,2.0999,0,0,0,0,3.37,0,5.47,0.361798,0,0,0,5.83,3.60664,2.22246,1.6568,0.00279929,0.0690689,5.42873,0.860872,13.8474,5.94987,0,4.72593,0.170333,0,0,24.6935,3.20772,1.05867,1.90311,0.141627,0.63566,5.29963,0.860872,13.1073,5.94987,0,4.72593,0.170333,0,0,23.9534,

2020-03-18 16:14:49 - -----------------------------------------------------------------------------
2020-03-18 16:14:49 - Opening Project 'cz14\instance.cibd22'...
2020-03-18 16:14:50 -    Model load successful into CBECC-Com 2022.0.1 RV (1113)
2020-03-18 16:14:50 - Performing Building Database check...
2020-03-18 16:14:50 - Building Database check completed, no problems found.
2020-03-18 16:14:53 - Project Saved
