---------------
Warning: Zone 'Zone2-zn': Unmet cooling loads during 24 hours of run.
---------------
Warning: Zone 'Zone3-zn': Unmet cooling loads during 52 hours of run.
---------------
Warning: 
  Zone 'BusinessCenter1-zn': Unmet cooling loads during 51 hours of run.
---------------
Warning: Zone 'FitnessCenter1-zn': Unmet cooling loads during 38 hours of run.
---------------
Warning: Zone 'Laundry1-zn': Unmet cooling loads during 81 hours of run.
---------------
Warning: Zone 'LeasingOffice1-zn': Unmet cooling loads during 14 hours of run.
---------------
Warning: Zone 'Lobby1-zn': Unmet cooling loads during 49 hours of run.
---------------
Warning: 
  Zone 'MechanicalRoom1-zn': Unmet heating loads during 1372 hours of run.
---------------
Warning: 
  Zone 'MechanicalRoom1-zn': Unmet cooling loads during 359 hours of run.
---------------
Warning: Zone 'Stairs1-zn': Unmet cooling loads during 5 hours of run.
---------------
Warning: Zone 'Corridor2-zn': Unmet cooling loads during 14 hours of run.
---------------
Warning: Zone 'Corridor3-zn': Unmet cooling loads during 29 hours of run.
---------------
Warning: Zone 'Stairs2-zn': Unmet cooling loads during 22 hours of run.
---------------
Warning: Zone 'Stairs3-zn': Unmet cooling loads during 31 hours of run.
---------------
Warning: Zone 'Attic-atc': Condensation occurred in 8519 subhours of run.
    Total condensation heat = 1038.44 kBtu.
---------------
