2020-10-21 11:27:46 - -----------------------------------------------------------------------------
2020-10-21 11:27:46 - Opening Project 'cz14\instance.ribd22'...
2020-10-21 11:27:46 -    Model load successful into CBECC-Res 2022.0.2 RV (1133)
2020-10-21 11:27:47 - Performing Building Database check...
2020-10-21 11:27:47 - Building Database check completed, no problems found.
2020-10-21 11:45:36 - -----------------------------------------------------------------------------
2020-10-21 11:45:36 - Opening Project 'cz14\instance.ribd22'...
2020-10-21 11:45:36 -    Model load successful into CBECC-Res 2022.0.2 RV (1133)
2020-10-21 11:45:36 - Performing Building Database check...
2020-10-21 11:45:36 - Building Database check completed, no problems found.
2020-10-21 11:45:38 - Performing Building Database check...
2020-10-21 11:45:38 - Building Database check completed, no problems found.
2020-10-21 11:45:38 -    Analysis being performed by CompMgrVersion 'BEMCmpMgr 2022.0.2-Pol-0%RA-NoCH4lk (1715)' via SoftwareVersion 'CBECC-Res 2022.0.2 RV'
2020-10-21 11:45:42 - CSE report include file not found 'C:\Users\agoyal\Documents\GitHub\T24-2022-CASE-Modeling\framework\analysis\hpte-lr\runs\lrlc-baseline-all\cz14\Include-39372ft2.cse'
2020-10-21 11:46:02 -    StdMixedFuel DHWSolarSys Sizing system run 1 successful
2020-10-21 11:50:49 -    Standard DHWSolarSys Sizing system run 1 successful
2020-10-21 11:58:00 - Compliance report will be generated without security measures due to inconsistency between software library year (2013) and ruleset code year (2022)
2020-10-21 11:58:00 -   Generating report 'CF1RPRF01E' pdf  
2020-10-21 11:58:17 - Analysis result:  FAIL  (TDV margin: -9.94 (-11.4%)), Design Rating 41.7 (result not certified due to analysis option(s))  Processing time:  Overall 759.0 / CSE19 661.1 / ModelPrep 67.07 / ResultsProcessing 6.35 / ReportGen 18.5 / ResXMLWriting 2.93 / Model&SecurChks 0.36 / Model&HrlyCSVExports 1.36 / DHWSim 0.00 / LoadModel 0.00 / Other 1.40
2020-10-21 23:56:06 - -----------------------------------------------------------------------------
2020-10-21 23:56:06 - Opening Project 'cz14\instance.ribd22'...
2020-10-21 23:56:06 -    Model load successful into CBECC-Res 2022.0.2 RV (1133)
2020-10-21 23:56:06 - Performing Building Database check...
2020-10-21 23:56:06 - Building Database check completed, no problems found.
2020-10-21 23:56:08 - Performing Building Database check...
2020-10-21 23:56:08 - Building Database check completed, no problems found.
2020-10-21 23:56:09 -    Analysis being performed by CompMgrVersion 'BEMCmpMgr 2022.0.2-Pol-0%RA-NoCH4lk (1715)' via SoftwareVersion 'CBECC-Res 2022.0.2 RV'
2020-10-21 23:56:10 -    Unable to scale standard PV system - bad or missing EUseSummary:StdMixedFuelPVMlt and/or Proj:PVWDCSysTotal
2020-10-21 23:56:13 - CSE report include file not found 'C:\Users\agoyal\Documents\GitHub\T24-2022-CASE-Modeling\framework\analysis\hpte-lr\runs\lrlc-baseline-all\cz14\Include-39372ft2.cse'
2020-10-21 23:57:54 - Analysis incomplete  Processing time:  Overall 106.2 / CSE19 94.9 / ModelPrep 4.02 / ResultsProcessing 1.12 / ReportGen 0.0 / ResXMLWriting 1.38 / Model&SecurChks 0.47 / Model&HrlyCSVExports 0.33 / DHWSim 0.00 / LoadModel 0.01 / Other 3.95
2021-02-08 13:35:09 - -----------------------------------------------------------------------------
2021-02-08 13:35:09 - Opening Project 'cz14\instance.ribd22'...
2021-02-08 13:35:09 -    Model load successful into CBECC-Res 2022.0.2 RV (1133)
2021-02-08 13:35:10 - Performing Building Database check...
2021-02-08 13:35:10 - Building Database check completed, no problems found.
2021-02-08 13:35:29 - Project Saved
2021-02-08 13:35:31 - Performing Building Database check...
2021-02-08 13:35:31 - Building Database check completed, no problems found.
2021-02-08 13:35:32 -    Analysis being performed by CompMgrVersion 'BEMCmpMgr 2022.0.2-Pol-0%RA-NoCH4lk (1715)' via SoftwareVersion 'CBECC-Res 2022.0.2 RV'
2021-02-08 13:35:35 - CSE report include file use disabled to ensure secure report generation.  Use BypassRuleLimits or other research option to ensure report include file use.
2021-02-08 13:36:01 -    StdMixedFuel DHWSolarSys Sizing system run 1 successful
2021-02-08 13:38:53 -    Standard DHWSolarSys Sizing system run 1 successful
2021-02-08 13:42:24 - Compliance report will be generated without security measures due to inconsistency between software library year (2013) and ruleset code year (2022)
2021-02-08 13:42:24 -   Generating report 'CF1RPRF01E' pdf  
2021-02-08 13:42:37 - Analysis result:  FAIL  (TDV margin: -10.33 (-12.0%)), Design Rating 72.0 (result not certified due to analysis option(s))  Processing time:  Overall 426.8 / CSE19 318.7 / ModelPrep 69.56 / ResultsProcessing 10.30 / ReportGen 14.0 / ResXMLWriting 11.45 / Model&SecurChks 0.41 / Model&HrlyCSVExports 1.19 / DHWSim 0.00 / LoadModel 0.00 / Other 1.15
2021-02-08 13:55:23 - -----------------------------------------------------------------------------
2021-02-08 13:55:23 - Opening Project 'cz14\instance.ribd22'...
2021-02-08 13:55:23 -    Model load successful into CBECC-Res 2022.0.2 RV (1133)
2021-02-08 13:55:24 - Performing Building Database check...
2021-02-08 13:55:24 - Building Database check completed, no problems found.
2021-02-08 13:55:59 - Project Saved
2021-02-08 13:56:02 - Performing Building Database check...
2021-02-08 13:56:02 - Building Database check completed, no problems found.
2021-02-08 13:56:02 -    Analysis being performed by CompMgrVersion 'BEMCmpMgr 2022.0.2-Pol-0%RA-NoCH4lk (1715)' via SoftwareVersion 'CBECC-Res 2022.0.2 RV'
2021-02-08 13:56:03 - CSE report include file use disabled to ensure secure report generation.  Use BypassRuleLimits or other research option to ensure report include file use.
2021-02-08 13:56:18 -    StdMixedFuel DHWSolarSys Sizing system run 1 successful
2021-02-08 13:58:29 -    Standard DHWSolarSys Sizing system run 1 successful
2021-02-08 14:00:45 - Compliance report will be generated without security measures due to inconsistency between software library year (2013) and ruleset code year (2022)
2021-02-08 14:00:45 -   Generating report 'CF1RPRF01E' pdf  
2021-02-08 14:00:59 - Analysis result:  FAIL  (TDV margin: -10.33 (-12.0%)), Design Rating 41.8 (result not certified due to analysis option(s))  Processing time:  Overall 298.1 / CSE19 241.9 / ModelPrep 32.97 / ResultsProcessing 4.16 / ReportGen 14.3 / ResXMLWriting 2.24 / Model&SecurChks 0.49 / Model&HrlyCSVExports 1.00 / DHWSim 0.00 / LoadModel 0.00 / Other 0.97
