---------------
OP.CSE(620): Info: C:\USERS\MNAKAJIMA\DOCUMENTS\GITHUB\T24-2022-CASE-MODELING\FRAMEWORK\ANALYSIS\HPTE\RUNS\LRLC-WINF-PROPU2\CZ11\INSTANCE - COMP22\INSTANCE - PREPROP.CSE(620): Info: 
  DHWSys 'dhwsys-DHWGas': 
    'wsTSetpoint' is ignored -- no setpoint-aware DHWHEATERs in this DHWSYS.
---------------
Warning at hour/subhour 25/20 on autoSizing 04-Jul iteration 30:
  AutoSize pass 1A has not converged.  Abandoning after 30 iterations.
---------------
Warning: Zone 'Zone1-zn': Unmet cooling loads during 372 hours of run.
---------------
Warning: Zone 'Zone2-zn': Unmet cooling loads during 534 hours of run.
---------------
Warning: Zone 'Zone3-zn': Unmet cooling loads during 319 hours of run.
---------------
Warning: Zone 'Corridor1-zn': Condensation occurred in 479 subhours of run.
    Total condensation heat = 26.0543 kBtu.
---------------
Warning: Zone 'Corridor1-zn': Unmet cooling loads during 359 hours of run.
---------------
Warning: 
  Zone 'BusinessCenter1-zn': Condensation occurred in 3136 subhours of run.
    Total condensation heat = 73.1584 kBtu.
---------------
Warning: 
  Zone 'BusinessCenter1-zn': Unmet cooling loads during 588 hours of run.
---------------
Warning: 
  Zone 'FitnessCenter1-zn': Condensation occurred in 44803 subhours of run.
    Total condensation heat = 2688.9 kBtu.
---------------
Warning: 
  Zone 'FitnessCenter1-zn': Unmet cooling loads during 511 hours of run.
---------------
Warning: Zone 'Laundry1-zn': Unmet cooling loads during 223 hours of run.
---------------
Warning: 
  Zone 'LeasingOffice1-zn': Unmet cooling loads during 264 hours of run.
---------------
Warning: Zone 'Lobby1-zn': Condensation occurred in 25596 subhours of run.
    Total condensation heat = 2133.49 kBtu.
---------------
Warning: Zone 'Lobby1-zn': Unmet cooling loads during 415 hours of run.
---------------
Warning: 
  Zone 'MechanicalRoom1-zn': Unmet heating loads during 1034 hours of run.
---------------
Warning: 
  Zone 'MechanicalRoom1-zn': Unmet cooling loads during 3288 hours of run.
---------------
Warning: Zone 'Stairs1-zn': Condensation occurred in 39 subhours of run.
    Total condensation heat = 0.185309 kBtu.
---------------
Warning: Zone 'Stairs1-zn': Unmet cooling loads during 173 hours of run.
---------------
Warning: Zone 'Corridor2-zn': Condensation occurred in 42 subhours of run.
    Total condensation heat = 1.60819 kBtu.
---------------
Warning: Zone 'Corridor2-zn': Unmet cooling loads during 537 hours of run.
---------------
Warning: Zone 'Corridor3-zn': Condensation occurred in 53 subhours of run.
    Total condensation heat = 1.53085 kBtu.
---------------
Warning: Zone 'Corridor3-zn': Unmet cooling loads during 214 hours of run.
---------------
Warning: Zone 'Stairs2-zn': Unmet cooling loads during 190 hours of run.
---------------
Warning: Zone 'Stairs3-zn': Unmet cooling loads during 190 hours of run.
---------------
Warning: Zone 'Attic-atc': Condensation occurred in 9806 subhours of run.
    Total condensation heat = 1681.86 kBtu.
---------------
