---------------
SE(795): Info: C:\USERS\MNAKAJIMA\DOCUMENTS\GITHUB\T24-2022-CASE-MODELING\FRAMEWORK\ANALYSIS\HPTE\RUNS\LRLC-WINF-PROPU2\CZ11\INSTANCE - COMP22\INSTANCE - SMF.CSE(795): Info: 
  DHWSys 'dhwsys-DHWGas': 
    'wsTSetpoint' is ignored -- no setpoint-aware DHWHEATERs in this DHWSYS.
---------------
Warning at hour/subhour 25/20 on autoSizing 04-Jul iteration 30:
  AutoSize pass 1A has not converged.  Abandoning after 30 iterations.
---------------
Warning: Zone 'Zone1-zn': Unmet cooling loads during 361 hours of run.
---------------
Warning: Zone 'Zone2-zn': Unmet cooling loads during 535 hours of run.
---------------
Warning: Zone 'Zone3-zn': Unmet cooling loads during 413 hours of run.
---------------
Warning: Zone 'Corridor1-zn': Condensation occurred in 485 subhours of run.
    Total condensation heat = 26.9918 kBtu.
---------------
Warning: Zone 'Corridor1-zn': Unmet cooling loads during 351 hours of run.
---------------
Warning: 
  Zone 'BusinessCenter1-zn': Condensation occurred in 3446 subhours of run.
    Total condensation heat = 79.9615 kBtu.
---------------
Warning: 
  Zone 'BusinessCenter1-zn': Unmet cooling loads during 588 hours of run.
---------------
Warning: 
  Zone 'FitnessCenter1-zn': Condensation occurred in 44930 subhours of run.
    Total condensation heat = 2708.87 kBtu.
---------------
Warning: 
  Zone 'FitnessCenter1-zn': Unmet cooling loads during 496 hours of run.
---------------
Warning: Zone 'Laundry1-zn': Unmet cooling loads during 203 hours of run.
---------------
Warning: 
  Zone 'LeasingOffice1-zn': Unmet cooling loads during 234 hours of run.
---------------
Warning: Zone 'Lobby1-zn': Condensation occurred in 25001 subhours of run.
    Total condensation heat = 2102.92 kBtu.
---------------
Warning: Zone 'Lobby1-zn': Unmet cooling loads during 379 hours of run.
---------------
Warning: 
  Zone 'MechanicalRoom1-zn': Unmet heating loads during 1294 hours of run.
---------------
Warning: 
  Zone 'MechanicalRoom1-zn': Unmet cooling loads during 3336 hours of run.
---------------
Warning: Zone 'Stairs1-zn': Condensation occurred in 33 subhours of run.
    Total condensation heat = 0.104821 kBtu.
---------------
Warning: Zone 'Stairs1-zn': Unmet cooling loads during 247 hours of run.
---------------
Warning: Zone 'Corridor2-zn': Condensation occurred in 33 subhours of run.
    Total condensation heat = 1.3732 kBtu.
---------------
Warning: Zone 'Corridor2-zn': Unmet cooling loads during 550 hours of run.
---------------
Warning: Zone 'Corridor3-zn': Condensation occurred in 42 subhours of run.
    Total condensation heat = 1.15082 kBtu.
---------------
Warning: Zone 'Corridor3-zn': Unmet cooling loads during 411 hours of run.
---------------
Warning: Zone 'Stairs2-zn': Unmet cooling loads during 251 hours of run.
---------------
Warning: Zone 'Stairs3-zn': Unmet cooling loads during 252 hours of run.
---------------
