---------------
Warning at hour/subhour 25/20 on autoSizing 27-Jun iteration 30:
  AutoSize pass 1A has not converged.  Abandoning after 30 iterations.
---------------
Warning: Zone 'Zone1-zn': Condensation occurred in 43 subhours of run.
    Total condensation heat = 7.91657 kBtu.
---------------
Warning: Zone 'Zone3-zn': Unmet cooling loads during 1 hours of run.
---------------
Warning: Zone 'Corridor1-zn': Condensation occurred in 105 subhours of run.
    Total condensation heat = 2.37119 kBtu.
---------------
Warning: 
  Zone 'FitnessCenter1-zn': Condensation occurred in 400 subhours of run.
    Total condensation heat = 16.1694 kBtu.
---------------
Warning: Zone 'Lobby1-zn': Condensation occurred in 140 subhours of run.
    Total condensation heat = 3.52133 kBtu.
---------------
Warning: 
  Zone 'MechanicalRoom1-zn': Unmet heating loads during 1660 hours of run.
---------------
Warning: 
  Zone 'MechanicalRoom1-zn': Unmet cooling loads during 234 hours of run.
---------------
Warning: Zone 'Stairs1-zn': Condensation occurred in 148 subhours of run.
    Total condensation heat = 0.645582 kBtu.
---------------
Warning: Zone 'Corridor2-zn': Condensation occurred in 23 subhours of run.
    Total condensation heat = 0.566701 kBtu.
---------------
Warning: Zone 'Corridor3-zn': Condensation occurred in 7 subhours of run.
    Total condensation heat = 0.184018 kBtu.
---------------
Warning: Zone 'Stairs2-zn': Condensation occurred in 102 subhours of run.
    Total condensation heat = 0.258609 kBtu.
---------------
Warning: Zone 'Stairs3-zn': Condensation occurred in 85 subhours of run.
    Total condensation heat = 0.187653 kBtu.
---------------
Warning: 
  Zone 'Std Design CathClg Attic-atc': Condensation occurred in 17103 subhours of run.
    Total condensation heat = 3209.81 kBtu.
---------------
