---------------
Warning: Zone 'Zone1-zn': Condensation occurred in 58 subhours of run.
    Total condensation heat = 15.4348 kBtu.
---------------
Warning: Zone 'Zone2-zn': Condensation occurred in 19 subhours of run.
    Total condensation heat = 5.60047 kBtu.
---------------
Warning: Zone 'Zone2-zn': Unmet heating loads during 1 hours of run.
---------------
Warning: Zone 'Zone2-zn': Unmet cooling loads during 1 hours of run.
---------------
Warning: Zone 'Zone3-zn': Condensation occurred in 18 subhours of run.
    Total condensation heat = 4.8334 kBtu.
---------------
Warning: Zone 'Zone3-zn': Unmet cooling loads during 26 hours of run.
---------------
Warning: Zone 'Corridor1-zn': Condensation occurred in 71 subhours of run.
    Total condensation heat = 1.43114 kBtu.
---------------
Warning: 
  Zone 'FitnessCenter1-zn': Condensation occurred in 354 subhours of run.
    Total condensation heat = 14.2987 kBtu.
---------------
Warning: Zone 'Lobby1-zn': Condensation occurred in 134 subhours of run.
    Total condensation heat = 3.62912 kBtu.
---------------
Warning: 
  Zone 'MechanicalRoom1-zn': Unmet heating loads during 1529 hours of run.
---------------
Warning: 
  Zone 'MechanicalRoom1-zn': Unmet cooling loads during 179 hours of run.
---------------
Warning: Zone 'Stairs1-zn': Condensation occurred in 113 subhours of run.
    Total condensation heat = 0.347253 kBtu.
---------------
Warning: Zone 'Corridor2-zn': Condensation occurred in 13 subhours of run.
    Total condensation heat = 0.282365 kBtu.
---------------
Warning: Zone 'Corridor3-zn': Condensation occurred in 2 subhours of run.
    Total condensation heat = 0.0316166 kBtu.
---------------
Warning: Zone 'Stairs2-zn': Condensation occurred in 39 subhours of run.
    Total condensation heat = 0.0811402 kBtu.
---------------
Warning: Zone 'Stairs3-zn': Condensation occurred in 22 subhours of run.
    Total condensation heat = 0.0445211 kBtu.
---------------
