2020-03-02 18:38:48 - -----------------------------------------------------------------------------
2020-03-02 18:38:48 - Opening Project 'cz16\instance.cibd22'...
2020-03-02 18:38:48 -    Model load successful into CBECC-Com 2022.0.1 RV (1113)
2020-03-02 18:38:49 - Performing Building Database check...
2020-03-02 18:38:49 - Building Database check completed, no problems found.
2020-03-02 18:38:51 -   PerfAnal_NRes - starting, w/ arguments:
2020-03-02 18:38:51 -        BEMBasePathFile    = (null)
2020-03-02 18:38:51 -        RulesetPathFile    = (null)
2020-03-02 18:38:51 -        SimWeatherPath     = C:\Users\agoyal\Documents\CBECC-Com 2022 Data\EPW\
2020-03-02 18:38:51 -        CompMgrDLLPath     = (null)
2020-03-02 18:38:51 -        DHWWeatherPath     = (null)
2020-03-02 18:38:51 -        ProcessingPath     = C:\Users\agoyal\Documents\GitHub\T24-2022-CASE-Modeling\framework\analysis\hpte\runs\hr-QII-prop\cz16\instance - run\
2020-03-02 18:38:51 -        ModelPathFile      = C:\Users\agoyal\Documents\GitHub\T24-2022-CASE-Modeling\framework\analysis\hpte\runs\hr-QII-prop\cz16\instance.cibd22
2020-03-02 18:38:51 -        LogPathFile        = (null)
2020-03-02 18:38:51 -        UIVersionString    = CBECC-Com 2022.0.1 RV (1113)
2020-03-02 18:38:51 -        LoadModelFile      = false
2020-03-02 18:38:51 -        OptionsCSV         = AllowAnalysisAbort,0,StoreBEMDetails,1,AnalysisThruStep,8,ModelRpt_ALL,1,ExportHourlyResults_All,1,PromptUserUMLHWarning,1,PreAnalysisCheckPromptOption,3,CompReportWarningOption,5,
2020-03-02 18:38:51 -        ErrorMsg           = (assumed to be initialized)
2020-03-02 18:38:51 -        ErrorMsgLen        = 2056
2020-03-02 18:38:51 -        DisplayProgress    = true
2020-03-02 18:38:51 -        ResultsSummary     = (empty)
2020-03-02 18:38:51 -        ResultsSummaryLen  = 3200
2020-03-02 18:38:51 -        pProgCallbackFunc  = (null)
2020-03-02 18:38:52 - Performing Building Database check...
2020-03-02 18:38:52 - Building Database check completed, no problems found.
2020-03-02 18:38:52 - Warning:  The following developer options must be defaulted (not specified by the user) in order to perform a valid compliance analysis:
          Proj 'High-Rise Mixed-Use (10-story)' DefaultDayltgCtrls
          Proj 'High-Rise Mixed-Use (10-story)' AutoHardSize
          Proj 'High-Rise Mixed-Use (10-story)' AutoEffInput
2020-03-02 18:38:52 -    1 file hash check(s) failed on executable and/or analysis support files (analysis continuing w/ report signature disabled)
2020-03-02 18:38:53 - Performing Building Database check...
2020-03-02 18:38:53 - Building Database check completed, no problems found.
2020-03-02 18:38:54 - Warning:  AirSystem 'Residential DOAS' has a DX cooling coil and the rated supply flow per ton of (net) cooling capacity is 848 cfm/ton. The acceptable range for successful simulation of DX cooling coils in EnergyPlus is normally ~300 to ~450 cfm/ton. If the compliance simulation fails, check flow/cooling capacity inputs for consistency with the design. If simulation still fails, contact the CBECC support team for assistance. evaluating rule: Set CHECKSIM AirSys:SupFlowPerTon  (110:'HVACSecondary-Summary.rule' line 785)
2020-03-02 18:38:54 - Warning:  The spaces assigned to thermal zone 'Thermal Zone: F1 Lounge' have cooling unmet load hour limits ranging from 150 to 8760. All spaces in the zone will be held to the minimum UMLH limit. evaluating rule: Set CHECKCODE ThrmlZn:ClgUMLHLimit  (60:'ThermalZone-General.rule' line 1738)
2020-03-02 18:38:54 - Warning:  The spaces assigned to thermal zone 'Thermal Zone: F1 Lounge' have heating unmet load hour limits ranging from 150 to 8760. All spaces in the zone will be held to the minimum UMLH limit. evaluating rule: Set CHECKCODE ThrmlZn:HtgUMLHLimit  (60:'ThermalZone-General.rule' line 1765)
2020-03-02 18:38:56 -   PerfAnal_NRes - Bypassing OpenStudio (and simulation) for zp model
