2020-03-26 14:03:23 - -----------------------------------------------------------------------------
2020-03-26 14:03:23 - Opening Project 'cz09\instance.cibd22'...
2020-03-26 14:03:23 -    Model load successful into CBECC-Com 2022.0.1 RV (1113)
2020-03-26 14:03:23 - Performing Building Database check...
2020-03-26 14:03:23 - Building Database check completed, no problems found.
2020-03-26 14:03:26 -   PerfAnal_NRes - starting, w/ arguments:
2020-03-26 14:03:26 -        BEMBasePathFile    = (null)
2020-03-26 14:03:26 -        RulesetPathFile    = (null)
2020-03-26 14:03:26 -        SimWeatherPath     = C:\Users\agoyal\Documents\CBECC-Com 2022 Data\EPW\
2020-03-26 14:03:26 -        CompMgrDLLPath     = (null)
2020-03-26 14:03:26 -        DHWWeatherPath     = (null)
2020-03-26 14:03:26 -        ProcessingPath     = C:\Users\agoyal\Documents\GitHub\T24-2022-CASE-Modeling\framework\analysis\hpte\runs\hr-winfS27\cz09\instance - run\
2020-03-26 14:03:26 -        ModelPathFile      = C:\Users\agoyal\Documents\GitHub\T24-2022-CASE-Modeling\framework\analysis\hpte\runs\hr-winfS27\cz09\instance.cibd22
2020-03-26 14:03:26 -        LogPathFile        = (null)
2020-03-26 14:03:26 -        UIVersionString    = CBECC-Com 2022.0.1 RV (1113)
2020-03-26 14:03:26 -        LoadModelFile      = false
2020-03-26 14:03:26 -        OptionsCSV         = AllowAnalysisAbort,0,StoreBEMDetails,1,AnalysisThruStep,8,ModelRpt_ALL,1,ExportHourlyResults_All,1,PromptUserUMLHWarning,1,PreAnalysisCheckPromptOption,3,CompReportWarningOption,5,
2020-03-26 14:03:26 -        ErrorMsg           = (assumed to be initialized)
2020-03-26 14:03:26 -        ErrorMsgLen        = 2056
2020-03-26 14:03:26 -        DisplayProgress    = true
2020-03-26 14:03:26 -        ResultsSummary     = (empty)
2020-03-26 14:03:26 -        ResultsSummaryLen  = 3200
2020-03-26 14:03:26 -        pProgCallbackFunc  = (null)
2020-03-26 14:03:27 - Performing Building Database check...
2020-03-26 14:03:27 - Building Database check completed, no problems found.
2020-03-26 14:03:27 - Warning:  The following developer options must be defaulted (not specified by the user) in order to perform a valid compliance analysis:
          Proj 'High-Rise Mixed-Use (10-story)' DefaultDayltgCtrls
          Proj 'High-Rise Mixed-Use (10-story)' AutoHardSize
          Proj 'High-Rise Mixed-Use (10-story)' AutoEffInput
2020-03-26 14:03:28 -    1 file hash check(s) failed on executable and/or analysis support files (analysis continuing w/ report signature disabled)
2020-03-26 14:03:29 -   PerfAnal_NRes - AnalysisThruStep being set to #7 due to Proj:AnalysisType = Title24ProposedOnly
2020-03-26 14:03:29 - Performing Building Database check...
2020-03-26 14:03:29 - Building Database check completed, no problems found.
2020-03-26 14:03:29 - Warning:  AirSystem 'Residential DOAS' has a DX cooling coil and the rated supply flow per ton of (net) cooling capacity is 285 cfm/ton. The acceptable range for successful simulation of DX cooling coils in EnergyPlus is normally ~300 to ~450 cfm/ton. If the compliance simulation fails, check flow/cooling capacity inputs for consistency with the design. If simulation still fails, contact the CBECC support team for assistance. evaluating rule: Set CHECKSIM AirSys:SupFlowPerTon  (110:'HVACSecondary-Summary.rule' line 785)
2020-03-26 14:03:29 - Warning:  The spaces assigned to thermal zone 'Thermal Zone: F1 Lounge' have cooling unmet load hour limits ranging from 150 to 8760. All spaces in the zone will be held to the minimum UMLH limit. evaluating rule: Set CHECKCODE ThrmlZn:ClgUMLHLimit  (60:'ThermalZone-General.rule' line 1738)
2020-03-26 14:03:29 - Warning:  The spaces assigned to thermal zone 'Thermal Zone: F1 Lounge' have heating unmet load hour limits ranging from 150 to 8760. All spaces in the zone will be held to the minimum UMLH limit. evaluating rule: Set CHECKCODE ThrmlZn:HtgUMLHLimit  (60:'ThermalZone-General.rule' line 1765)
2020-03-26 14:03:32 -   PerfAnal_NRes - Bypassing OpenStudio (and simulation) for zp model
2020-03-26 14:03:34 -   PerfAnal_NRes - Bypassing OpenStudio (and simulation) for zb model
2020-03-26 14:10:36 - Error:  Undefined data: numerator evaluating rule: Set ANNUAL_BASELINE Fan:FlowCap  (75:'HVACSecondary-Fan-General.rule' line 494)
2020-03-26 14:10:36 - Error:  Undefined data: numerator evaluating rule: Set ANNUAL_BASELINE Fan:FlowCap  (75:'HVACSecondary-Fan-General.rule' line 494)
2020-03-26 14:10:36 - Error:  Undefined data: numerator evaluating rule: Set ANNUAL_BASELINE Fan:FlowCap  (75:'HVACSecondary-Fan-General.rule' line 494)
2020-03-26 14:10:36 - Error:  Undefined data: numerator evaluating rule: Set ANNUAL_BASELINE Fan:FlowCap  (75:'HVACSecondary-Fan-General.rule' line 529)
2020-03-26 14:10:36 - Error:  Undefined data: numerator evaluating rule: Set ANNUAL_BASELINE Fan:FlowCap  (75:'HVACSecondary-Fan-General.rule' line 529)
2020-03-26 14:10:36 - Error:  Undefined data: numerator evaluating rule: Set ANNUAL_BASELINE Fan:FlowCap  (75:'HVACSecondary-Fan-General.rule' line 529)
2020-03-26 14:10:36 - Error:  Undefined data: numerator evaluating rule: Set ANNUAL_BASELINE Fan:FlowCap  (75:'HVACSecondary-Fan-General.rule' line 529)
2020-03-26 14:10:36 - Error:  Undefined data: numerator evaluating rule: Set ANNUAL_BASELINE Fan:FlowCap  (75:'HVACSecondary-Fan-General.rule' line 529)
2020-03-26 14:10:36 - Error:  Undefined data: numerator evaluating rule: Set ANNUAL_BASELINE Fan:FlowCap  (75:'HVACSecondary-Fan-General.rule' line 529)
2020-03-26 14:10:36 - Error:  Undefined data: numerator evaluating rule: Set ANNUAL_BASELINE Fan:FlowCap  (75:'HVACSecondary-Fan-General.rule' line 529)
2020-03-26 14:10:36 - Error:  Undefined data: numerator evaluating rule: Set ANNUAL_BASELINE Fan:FlowCap  (75:'HVACSecondary-Fan-General.rule' line 529)
2020-03-26 14:10:36 - Error:  Undefined data: numerator evaluating rule: Set ANNUAL_BASELINE Fan:FlowCap  (75:'HVACSecondary-Fan-General.rule' line 529)
2020-03-26 14:10:36 - Error:  Undefined data: numerator evaluating rule: Set ANNUAL_BASELINE Fan:FlowCap  (75:'HVACSecondary-Fan-General.rule' line 529)
2020-03-26 14:10:36 - Error:  Undefined data: numerator evaluating rule: Set ANNUAL_BASELINE Fan:FlowCap  (75:'HVACSecondary-Fan-General.rule' line 529)
2020-03-26 14:10:36 - Error:  Undefined data: numerator evaluating rule: Set ANNUAL_BASELINE Fan:FlowCap  (75:'HVACSecondary-Fan-General.rule' line 529)
2020-03-26 14:10:36 - Error:  Undefined data: numerator evaluating rule: Set ANNUAL_BASELINE Fan:FlowCap  (75:'HVACSecondary-Fan-General.rule' line 529)
2020-03-26 14:10:36 - Error:  Undefined data: numerator evaluating rule: Set ANNUAL_BASELINE Fan:FlowCap  (75:'HVACSecondary-Fan-General.rule' line 529)
2020-03-26 14:10:36 - Error:  Undefined data: numerator evaluating rule: Set ANNUAL_BASELINE Fan:FlowCap  (75:'HVACSecondary-Fan-General.rule' line 529)
2020-03-26 14:10:36 - Error:  Undefined data: numerator evaluating rule: Set ANNUAL_BASELINE Fan:FlowCap  (75:'HVACSecondary-Fan-General.rule' line 529)
2020-03-26 14:10:36 - Error:  Undefined data: numerator evaluating rule: Set ANNUAL_BASELINE Fan:FlowCap  (75:'HVACSecondary-Fan-General.rule' line 529)
2020-03-26 14:10:36 - Error:  Undefined data: numerator evaluating rule: Set ANNUAL_BASELINE Fan:FlowCap  (75:'HVACSecondary-Fan-General.rule' line 529)
2020-03-26 14:10:36 - Error:  Division by zero evaluating rule: Set ANNUAL_BASELINE ThrmlZn:PriAirCondgSysDsgnFlow  (76:'HVACSecondary-Fan-FanRatios.rule' line 67)
2020-03-26 14:10:36 - Error:  Division by zero evaluating rule: Set ANNUAL_BASELINE ThrmlZn:PriAirCondgSysDsgnFlow  (76:'HVACSecondary-Fan-FanRatios.rule' line 67)
2020-03-26 14:10:36 - Error:  Division by zero evaluating rule: Set ANNUAL_BASELINE ThrmlZn:PriAirCondgSysDsgnFlow  (76:'HVACSecondary-Fan-FanRatios.rule' line 67)
2020-03-26 14:10:36 - Error:  Division by zero evaluating rule: Set ANNUAL_BASELINE ThrmlZn:PriAirCondgSysDsgnFlow  (76:'HVACSecondary-Fan-FanRatios.rule' line 67)
2020-03-26 14:10:36 - Error:  Division by zero evaluating rule: Set ANNUAL_BASELINE ThrmlZn:PriAirCondgSysDsgnFlow  (76:'HVACSecondary-Fan-FanRatios.rule' line 67)
2020-03-26 14:10:36 - Error:  Division by zero evaluating rule: Set ANNUAL_BASELINE ThrmlZn:PriAirCondgSysDsgnFlow  (76:'HVACSecondary-Fan-FanRatios.rule' line 67)
2020-03-26 14:10:36 - Error:  Division by zero evaluating rule: Set ANNUAL_BASELINE ThrmlZn:PriAirCondgSysDsgnFlow  (76:'HVACSecondary-Fan-FanRatios.rule' line 67)
2020-03-26 14:10:36 - Error:  Division by zero evaluating rule: Set ANNUAL_BASELINE ThrmlZn:PriAirCondgSysDsgnFlow  (76:'HVACSecondary-Fan-FanRatios.rule' line 67)
2020-03-26 14:10:36 - Error:  Division by zero evaluating rule: Set ANNUAL_BASELINE ThrmlZn:PriAirCondgSysDsgnFlow  (76:'HVACSecondary-Fan-FanRatios.rule' line 67)
2020-03-26 14:10:36 - Error:  Division by zero evaluating rule: Set ANNUAL_BASELINE ThrmlZn:PriAirCondgSysDsgnFlow  (76:'HVACSecondary-Fan-FanRatios.rule' line 67)
2020-03-26 14:10:36 - Error:  Division by zero evaluating rule: Set ANNUAL_BASELINE ThrmlZn:PriAirCondgSysDsgnFlow  (76:'HVACSecondary-Fan-FanRatios.rule' line 67)
2020-03-26 14:10:36 - Error:  Division by zero evaluating rule: Set ANNUAL_BASELINE ThrmlZn:PriAirCondgSysDsgnFlow  (76:'HVACSecondary-Fan-FanRatios.rule' line 67)
2020-03-26 14:10:36 - Error:  Division by zero evaluating rule: Set ANNUAL_BASELINE ThrmlZn:VentSysDsgnFlow  (76:'HVACSecondary-Fan-FanRatios.rule' line 111)
2020-03-26 14:10:36 - Error:  Division by zero evaluating rule: Set ANNUAL_BASELINE ThrmlZn:VentSysDsgnFlow  (76:'HVACSecondary-Fan-FanRatios.rule' line 111)
2020-03-26 14:10:36 - Error:  Division by zero evaluating rule: Set ANNUAL_BASELINE ThrmlZn:VentSysDsgnFlow  (76:'HVACSecondary-Fan-FanRatios.rule' line 111)
2020-03-26 14:10:36 - Error:  Division by zero evaluating rule: Set ANNUAL_BASELINE ThrmlZn:VentSysDsgnFlow  (76:'HVACSecondary-Fan-FanRatios.rule' line 111)
2020-03-26 14:10:36 - Error:  Division by zero evaluating rule: Set ANNUAL_BASELINE ThrmlZn:VentSysDsgnFlow  (76:'HVACSecondary-Fan-FanRatios.rule' line 111)
2020-03-26 14:10:36 - Error:  Division by zero evaluating rule: Set ANNUAL_BASELINE ThrmlZn:VentSysDsgnFlow  (76:'HVACSecondary-Fan-FanRatios.rule' line 111)
2020-03-26 14:10:36 - Error:  Division by zero evaluating rule: Set ANNUAL_BASELINE ThrmlZn:VentSysDsgnFlow  (76:'HVACSecondary-Fan-FanRatios.rule' line 111)
2020-03-26 14:10:36 - Error:  Division by zero evaluating rule: Set ANNUAL_BASELINE ThrmlZn:VentSysDsgnFlow  (76:'HVACSecondary-Fan-FanRatios.rule' line 111)
2020-03-26 14:10:36 - Error:  Division by zero evaluating rule: Set ANNUAL_BASELINE ThrmlZn:VentSysDsgnFlow  (76:'HVACSecondary-Fan-FanRatios.rule' line 111)
2020-03-26 14:10:36 - Error:  Division by zero evaluating rule: Set ANNUAL_BASELINE ThrmlZn:VentSysDsgnFlow  (76:'HVACSecondary-Fan-FanRatios.rule' line 111)
2020-03-26 14:10:36 - Error:  Division by zero evaluating rule: Set ANNUAL_BASELINE ThrmlZn:VentSysDsgnFlow  (76:'HVACSecondary-Fan-FanRatios.rule' line 111)
2020-03-26 14:10:36 - Error:  Division by zero evaluating rule: Set ANNUAL_BASELINE ThrmlZn:VentSysDsgnFlow  (76:'HVACSecondary-Fan-FanRatios.rule' line 111)
2020-03-26 14:10:37 -   PerfAnal_NRes - Bypassing OpenStudio (and simulation) for ab model
2020-03-26 14:10:37 -   PerfAnal_NRes - Completed analysis steps thru #7
2020-03-26 14:10:37 - Analysis incomplete  Processing time:  Overall 7:11 / SDD2IDF x2 avg 0:06 / SizSim x0 0:00 / AnnSim x2 avg 3:15 / ReportGen x0 0:00 / Other 0:24
2020-03-26 14:10:37 -       ResultsSummary population:  bAbort = (false) / RuleProcAbort = (false) / iRetVal = 0 / pszResultsSummary = (empty) / iResultsSummaryLen = 3200
2020-03-26 14:10:37 -       ResultsSummary components1:  2020-03-26 14:10:37 / instance / High-Rise Mixed-Use (10-story) / CTZ09S22A / Title24ProposedOnly / 7:11 /  / 
2020-03-26 14:10:37 -       ResultsSummary components2:  CBECC-Com 2022.0.1 RV (1113) / BEMCmpMgr 2022.0.1 RV (6107) / CA 2022 Nonresidential, Vers. 1.0 Alpha /  /  / - / C:\Users\agoyal\Documents\CBECC-Com 2022 Data\EPW\ / C:\Users\agoyal\Documents\GitHub\T24-2022-CASE-Modeling\framework\analysis\hpte\runs\hr-winfS27\cz09\
2020-03-26 14:10:37 -       ResultsSummary:  2020-03-26 14:10:37,"instance","High-Rise Mixed-Use (10-story)","CTZ09S22A","Pol  0% RetAdd NoLeak",125400,150480,"Title24ProposedOnly",7:11,,,"--","--","Successful (203 warnings)",3.15429,122585,71437.9,147.451,5404.13,1088.9,52238,252904,231906,0,181711,6890.07,0,0,673411,1385.11,0,0,0,0,9300.01,0,10685.1,754.553,0,0,0,11439.7,0,0,0,0,0,0,0,0,0,0,0,0,0,2.97149,33.7412,16.5648,0.0591583,1.2009,18.1689,11.4958,84.2022,53.6042,0,41.2425,1.52817,0,0,180.577,158.235,22.3426,0,0,,0,2.5,"Thermal Zone: F10 2-Bed NE",0,"--","--","",0,0,0,0,0,0,0,0,0,0,0,0,0,0,0,0,0,0,0,0,0,0,0,0,0,0,0,0,0,0,0,0,0,0,0,0,0,0,0,0,0,0,0,0,0,0,0,0,0,0,0,0,0,0,0,0,0,0,0,,,,,,,9.76178e-06,37.3721,11.7557,0.0595356,1.27362,0.124303,9.01837,59.6036,40.0913,0,31.5421,0.786538,0,0,132.024,0,0,0,0,0,0,0,0,0,0,0,0,0,0,0,"CBECC-Com 2022.0.1 RV (1113)","BEMCmpMgr 2022.0.1 RV (6107)","CA 2022 Nonresidential, Vers. 1.0 Alpha","","","-","C:\Users\agoyal\Documents\CBECC-Com 2022 Data\EPW\","C:\Users\agoyal\Documents\GitHub\T24-2022-CASE-Modeling\framework\analysis\hpte\runs\hr-winfS27\cz09\",0.000625371,13.9934,10.5081,0.0133299,0.563409,0.179198,5.73899,30.99,35.9296,0,31.4601,1.13389,0,0,99.51,0.66414,0,0,0,0,4.45923,0,5.12,0.361798,0,0,0,5.48,0,0,0,0,0,0,0,0,0,0,0,0,0,0,0,0,0,0,0,0,0,0,0,0,0,0,0,0,1.01433,2.1021,1.57853,0.00200245,0.0846355,6.83678,0.862114,12.4805,5.94987,0,4.72593,0.170333,0,0,23.3266,0,0,0,0,0,0,0,0,0,0,0,0,0,0,0,

2020-03-26 14:10:42 - -----------------------------------------------------------------------------
2020-03-26 14:10:42 - Opening Project 'cz09\instance.cibd22'...
2020-03-26 14:10:43 -    Model load successful into CBECC-Com 2022.0.1 RV (1113)
2020-03-26 14:10:43 - Performing Building Database check...
2020-03-26 14:10:43 - Building Database check completed, no problems found.
2020-03-26 14:10:48 - Project Saved
