2020-03-02 16:14:49 - -----------------------------------------------------------------------------
2020-03-02 16:14:49 - Opening Project 'cz07\instance.cibd22'...
2020-03-02 16:14:49 -    Model load successful into CBECC-Com 2022.0.1 RV (1113)
2020-03-02 16:14:49 - Performing Building Database check...
2020-03-02 16:14:49 - Building Database check completed, no problems found.
2020-03-02 17:01:52 - -----------------------------------------------------------------------------
2020-03-02 17:01:52 - Opening Project 'cz07\instance.cibd22'...
2020-03-02 17:01:53 -    Model load successful into CBECC-Com 2022.0.1 RV (1113)
2020-03-02 17:01:53 - Performing Building Database check...
2020-03-02 17:01:53 - Building Database check completed, no problems found.
2020-03-02 17:01:56 -   PerfAnal_NRes - starting, w/ arguments:
2020-03-02 17:01:56 -        BEMBasePathFile    = (null)
2020-03-02 17:01:56 -        RulesetPathFile    = (null)
2020-03-02 17:01:56 -        SimWeatherPath     = C:\Users\agoyal\Documents\CBECC-Com 2022 Data\EPW\
2020-03-02 17:01:56 -        CompMgrDLLPath     = (null)
2020-03-02 17:01:56 -        DHWWeatherPath     = (null)
2020-03-02 17:01:56 -        ProcessingPath     = C:\Users\agoyal\Documents\GitHub\T24-2022-CASE-Modeling\framework\analysis\hpte\runs\hr-QII-prop\cz07\instance - run\
2020-03-02 17:01:56 -        ModelPathFile      = C:\Users\agoyal\Documents\GitHub\T24-2022-CASE-Modeling\framework\analysis\hpte\runs\hr-QII-prop\cz07\instance.cibd22
2020-03-02 17:01:56 -        LogPathFile        = (null)
2020-03-02 17:01:56 -        UIVersionString    = CBECC-Com 2022.0.1 RV (1113)
2020-03-02 17:01:56 -        LoadModelFile      = false
2020-03-02 17:01:56 -        OptionsCSV         = AllowAnalysisAbort,0,StoreBEMDetails,1,AnalysisThruStep,8,ModelRpt_ALL,1,ExportHourlyResults_All,1,PromptUserUMLHWarning,1,PreAnalysisCheckPromptOption,3,CompReportWarningOption,5,
2020-03-02 17:01:56 -        ErrorMsg           = (assumed to be initialized)
2020-03-02 17:01:56 -        ErrorMsgLen        = 2056
2020-03-02 17:01:56 -        DisplayProgress    = true
2020-03-02 17:01:56 -        ResultsSummary     = (empty)
2020-03-02 17:01:56 -        ResultsSummaryLen  = 3200
2020-03-02 17:01:56 -        pProgCallbackFunc  = (null)
2020-03-02 17:01:56 - Performing Building Database check...
2020-03-02 17:01:56 - Building Database check completed, no problems found.
2020-03-02 17:01:56 - Warning:  The following developer options must be defaulted (not specified by the user) in order to perform a valid compliance analysis:
          Proj 'High-Rise Mixed-Use (10-story)' DefaultDayltgCtrls
          Proj 'High-Rise Mixed-Use (10-story)' AutoHardSize
          Proj 'High-Rise Mixed-Use (10-story)' AutoEffInput
2020-03-02 17:01:56 -    1 file hash check(s) failed on executable and/or analysis support files (analysis continuing w/ report signature disabled)
2020-03-02 17:01:58 - Performing Building Database check...
2020-03-02 17:01:58 - Building Database check completed, no problems found.
2020-03-02 17:01:58 - Error:  The area weighted average u-factor of new Wood Framing And Other Walls in the project, '0.128', exceeds the maximum allowable value, '0.110', violating Section 120.7. evaluating rule: Set CHECKCODE Proj:WoodFrmAndOtherWallUFac[7]  (19:'ConstructAssembly.rule' line 7577)
2020-03-02 17:01:58 - Warning:  The u-factor of wood frame or other wall 'Surface 141' is '0.128', which exceeds the maximum allowable value, '0.110', specified in Section 120.7. evaluating rule: Set CHECKCODE ExtWall:MandatoryInsComp  (58:'OpaqueEnvelope-MandatoryInsulation.rule' line 251)
2020-03-02 17:01:58 - Warning:  The u-factor of wood frame or other wall 'Surface 236' is '0.128', which exceeds the maximum allowable value, '0.110', specified in Section 120.7. evaluating rule: Set CHECKCODE ExtWall:MandatoryInsComp  (58:'OpaqueEnvelope-MandatoryInsulation.rule' line 251)
2020-03-02 17:01:58 - Warning:  The u-factor of wood frame or other wall 'Surface 125' is '0.128', which exceeds the maximum allowable value, '0.110', specified in Section 120.7. evaluating rule: Set CHECKCODE ExtWall:MandatoryInsComp  (58:'OpaqueEnvelope-MandatoryInsulation.rule' line 251)
2020-03-02 17:01:58 - Warning:  The u-factor of wood frame or other wall 'Surface 194' is '0.128', which exceeds the maximum allowable value, '0.110', specified in Section 120.7. evaluating rule: Set CHECKCODE ExtWall:MandatoryInsComp  (58:'OpaqueEnvelope-MandatoryInsulation.rule' line 251)
2020-03-02 17:01:58 - Warning:  The u-factor of wood frame or other wall 'Surface 221' is '0.128', which exceeds the maximum allowable value, '0.110', specified in Section 120.7. evaluating rule: Set CHECKCODE ExtWall:MandatoryInsComp  (58:'OpaqueEnvelope-MandatoryInsulation.rule' line 251)
2020-03-02 17:01:58 - Warning:  The u-factor of wood frame or other wall 'Surface 241' is '0.128', which exceeds the maximum allowable value, '0.110', specified in Section 120.7. evaluating rule: Set CHECKCODE ExtWall:MandatoryInsComp  (58:'OpaqueEnvelope-MandatoryInsulation.rule' line 251)
2020-03-02 17:01:58 - Warning:  The u-factor of wood frame or other wall 'Surface 206' is '0.128', which exceeds the maximum allowable value, '0.110', specified in Section 120.7. evaluating rule: Set CHECKCODE ExtWall:MandatoryInsComp  (58:'OpaqueEnvelope-MandatoryInsulation.rule' line 251)
2020-03-02 17:01:58 - Warning:  The u-factor of wood frame or other wall 'Surface 176' is '0.128', which exceeds the maximum allowable value, '0.110', specified in Section 120.7. evaluating rule: Set CHECKCODE ExtWall:MandatoryInsComp  (58:'OpaqueEnvelope-MandatoryInsulation.rule' line 251)
2020-03-02 17:01:58 - Warning:  The u-factor of wood frame or other wall 'Surface 180' is '0.128', which exceeds the maximum allowable value, '0.110', specified in Section 120.7. evaluating rule: Set CHECKCODE ExtWall:MandatoryInsComp  (58:'OpaqueEnvelope-MandatoryInsulation.rule' line 251)
2020-03-02 17:01:58 - Warning:  The u-factor of wood frame or other wall 'Surface 198' is '0.128', which exceeds the maximum allowable value, '0.110', specified in Section 120.7. evaluating rule: Set CHECKCODE ExtWall:MandatoryInsComp  (58:'OpaqueEnvelope-MandatoryInsulation.rule' line 251)
2020-03-02 17:01:58 - Warning:  The u-factor of wood frame or other wall 'Surface 201' is '0.128', which exceeds the maximum allowable value, '0.110', specified in Section 120.7. evaluating rule: Set CHECKCODE ExtWall:MandatoryInsComp  (58:'OpaqueEnvelope-MandatoryInsulation.rule' line 251)
2020-03-02 17:01:58 - Warning:  The u-factor of wood frame or other wall 'Surface 253' is '0.128', which exceeds the maximum allowable value, '0.110', specified in Section 120.7. evaluating rule: Set CHECKCODE ExtWall:MandatoryInsComp  (58:'OpaqueEnvelope-MandatoryInsulation.rule' line 251)
2020-03-02 17:01:58 - Warning:  The u-factor of wood frame or other wall 'Surface 257' is '0.128', which exceeds the maximum allowable value, '0.110', specified in Section 120.7. evaluating rule: Set CHECKCODE ExtWall:MandatoryInsComp  (58:'OpaqueEnvelope-MandatoryInsulation.rule' line 251)
2020-03-02 17:01:58 - Warning:  The u-factor of wood frame or other wall 'Surface 210' is '0.128', which exceeds the maximum allowable value, '0.110', specified in Section 120.7. evaluating rule: Set CHECKCODE ExtWall:MandatoryInsComp  (58:'OpaqueEnvelope-MandatoryInsulation.rule' line 251)
2020-03-02 17:01:58 - Warning:  The u-factor of wood frame or other wall 'Surface 211' is '0.128', which exceeds the maximum allowable value, '0.110', specified in Section 120.7. evaluating rule: Set CHECKCODE ExtWall:MandatoryInsComp  (58:'OpaqueEnvelope-MandatoryInsulation.rule' line 251)
2020-03-02 17:01:58 - Warning:  The u-factor of wood frame or other wall 'Surface 119' is '0.128', which exceeds the maximum allowable value, '0.110', specified in Section 120.7. evaluating rule: Set CHECKCODE ExtWall:MandatoryInsComp  (58:'OpaqueEnvelope-MandatoryInsulation.rule' line 251)
2020-03-02 17:01:58 - Warning:  The u-factor of wood frame or other wall 'Surface 247' is '0.128', which exceeds the maximum allowable value, '0.110', specified in Section 120.7. evaluating rule: Set CHECKCODE ExtWall:MandatoryInsComp  (58:'OpaqueEnvelope-MandatoryInsulation.rule' line 251)
2020-03-02 17:01:58 - Warning:  The u-factor of wood frame or other wall 'Surface 136' is '0.128', which exceeds the maximum allowable value, '0.110', specified in Section 120.7. evaluating rule: Set CHECKCODE ExtWall:MandatoryInsComp  (58:'OpaqueEnvelope-MandatoryInsulation.rule' line 251)
2020-03-02 17:01:58 - Warning:  The u-factor of wood frame or other wall 'Surface 216' is '0.128', which exceeds the maximum allowable value, '0.110', specified in Section 120.7. evaluating rule: Set CHECKCODE ExtWall:MandatoryInsComp  (58:'OpaqueEnvelope-MandatoryInsulation.rule' line 251)
2020-03-02 17:01:58 - Warning:  The u-factor of wood frame or other wall 'Surface 1341' is '0.128', which exceeds the maximum allowable value, '0.110', specified in Section 120.7. evaluating rule: Set CHECKCODE ExtWall:MandatoryInsComp  (58:'OpaqueEnvelope-MandatoryInsulation.rule' line 251)
2020-03-02 17:01:58 - Warning:  The u-factor of wood frame or other wall 'Surface 1444' is '0.128', which exceeds the maximum allowable value, '0.110', specified in Section 120.7. evaluating rule: Set CHECKCODE ExtWall:MandatoryInsComp  (58:'OpaqueEnvelope-MandatoryInsulation.rule' line 251)
2020-03-02 17:01:58 - Warning:  The u-factor of wood frame or other wall 'Surface 1333' is '0.128', which exceeds the maximum allowable value, '0.110', specified in Section 120.7. evaluating rule: Set CHECKCODE ExtWall:MandatoryInsComp  (58:'OpaqueEnvelope-MandatoryInsulation.rule' line 251)
2020-03-02 17:01:58 - Warning:  The u-factor of wood frame or other wall 'Surface 1398' is '0.128', which exceeds the maximum allowable value, '0.110', specified in Section 120.7. evaluating rule: Set CHECKCODE ExtWall:MandatoryInsComp  (58:'OpaqueEnvelope-MandatoryInsulation.rule' line 251)
2020-03-02 17:01:58 - Warning:  The u-factor of wood frame or other wall 'Surface 1429' is '0.128', which exceeds the maximum allowable value, '0.110', specified in Section 120.7. evaluating rule: Set CHECKCODE ExtWall:MandatoryInsComp  (58:'OpaqueEnvelope-MandatoryInsulation.rule' line 251)
2020-03-02 17:01:58 - Warning:  The u-factor of wood frame or other wall 'Surface 1449' is '0.128', which exceeds the maximum allowable value, '0.110', specified in Section 120.7. evaluating rule: Set CHECKCODE ExtWall:MandatoryInsComp  (58:'OpaqueEnvelope-MandatoryInsulation.rule' line 251)
2020-03-02 17:01:58 - Warning:  The u-factor of wood frame or other wall 'Surface 1410' is '0.128', which exceeds the maximum allowable value, '0.110', specified in Section 120.7. evaluating rule: Set CHECKCODE ExtWall:MandatoryInsComp  (58:'OpaqueEnvelope-MandatoryInsulation.rule' line 251)
2020-03-02 17:01:58 - Warning:  The u-factor of wood frame or other wall 'Surface 1374' is '0.128', which exceeds the maximum allowable value, '0.110', specified in Section 120.7. evaluating rule: Set CHECKCODE ExtWall:MandatoryInsComp  (58:'OpaqueEnvelope-MandatoryInsulation.rule' line 251)
2020-03-02 17:01:58 - Warning:  The u-factor of wood frame or other wall 'Surface 1378' is '0.128', which exceeds the maximum allowable value, '0.110', specified in Section 120.7. evaluating rule: Set CHECKCODE ExtWall:MandatoryInsComp  (58:'OpaqueEnvelope-MandatoryInsulation.rule' line 251)
2020-03-02 17:01:58 - Warning:  The u-factor of wood frame or other wall 'Surface 1402' is '0.128', which exceeds the maximum allowable value, '0.110', specified in Section 120.7. evaluating rule: Set CHECKCODE ExtWall:MandatoryInsComp  (58:'OpaqueEnvelope-MandatoryInsulation.rule' line 251)
2020-03-02 17:01:58 - Warning:  The u-factor of wood frame or other wall 'Surface 1405' is '0.128', which exceeds the maximum allowable value, '0.110', specified in Section 120.7. evaluating rule: Set CHECKCODE ExtWall:MandatoryInsComp  (58:'OpaqueEnvelope-MandatoryInsulation.rule' line 251)
2020-03-02 17:01:58 - Warning:  The u-factor of wood frame or other wall 'Surface 1461' is '0.128', which exceeds the maximum allowable value, '0.110', specified in Section 120.7. evaluating rule: Set CHECKCODE ExtWall:MandatoryInsComp  (58:'OpaqueEnvelope-MandatoryInsulation.rule' line 251)
2020-03-02 17:01:58 - Warning:  The u-factor of wood frame or other wall 'Surface 1465' is '0.128', which exceeds the maximum allowable value, '0.110', specified in Section 120.7. evaluating rule: Set CHECKCODE ExtWall:MandatoryInsComp  (58:'OpaqueEnvelope-MandatoryInsulation.rule' line 251)
2020-03-02 17:01:58 - Warning:  The u-factor of wood frame or other wall 'Surface 1414' is '0.128', which exceeds the maximum allowable value, '0.110', specified in Section 120.7. evaluating rule: Set CHECKCODE ExtWall:MandatoryInsComp  (58:'OpaqueEnvelope-MandatoryInsulation.rule' line 251)
2020-03-02 17:01:58 - Warning:  The u-factor of wood frame or other wall 'Surface 1415' is '0.128', which exceeds the maximum allowable value, '0.110', specified in Section 120.7. evaluating rule: Set CHECKCODE ExtWall:MandatoryInsComp  (58:'OpaqueEnvelope-MandatoryInsulation.rule' line 251)
2020-03-02 17:01:58 - Warning:  The u-factor of wood frame or other wall 'Surface 1327' is '0.128', which exceeds the maximum allowable value, '0.110', specified in Section 120.7. evaluating rule: Set CHECKCODE ExtWall:MandatoryInsComp  (58:'OpaqueEnvelope-MandatoryInsulation.rule' line 251)
2020-03-02 17:01:58 - Warning:  The u-factor of wood frame or other wall 'Surface 1455' is '0.128', which exceeds the maximum allowable value, '0.110', specified in Section 120.7. evaluating rule: Set CHECKCODE ExtWall:MandatoryInsComp  (58:'OpaqueEnvelope-MandatoryInsulation.rule' line 251)
2020-03-02 17:01:58 - Warning:  The u-factor of wood frame or other wall 'Surface 1388' is '0.128', which exceeds the maximum allowable value, '0.110', specified in Section 120.7. evaluating rule: Set CHECKCODE ExtWall:MandatoryInsComp  (58:'OpaqueEnvelope-MandatoryInsulation.rule' line 251)
2020-03-02 17:01:58 - Warning:  The u-factor of wood frame or other wall 'Surface 1420' is '0.128', which exceeds the maximum allowable value, '0.110', specified in Section 120.7. evaluating rule: Set CHECKCODE ExtWall:MandatoryInsComp  (58:'OpaqueEnvelope-MandatoryInsulation.rule' line 251)
2020-03-02 17:01:58 - Warning:  The spaces assigned to thermal zone 'Thermal Zone: F1 Lounge' have cooling unmet load hour limits ranging from 150 to 8760. All spaces in the zone will be held to the minimum UMLH limit. evaluating rule: Set CHECKCODE ThrmlZn:ClgUMLHLimit  (60:'ThermalZone-General.rule' line 1738)
2020-03-02 17:01:58 - Warning:  The spaces assigned to thermal zone 'Thermal Zone: F1 Lounge' have heating unmet load hour limits ranging from 150 to 8760. All spaces in the zone will be held to the minimum UMLH limit. evaluating rule: Set CHECKCODE ThrmlZn:HtgUMLHLimit  (60:'ThermalZone-General.rule' line 1765)
2020-03-02 17:01:58 - Analysis aborted  Processing time:  Overall 0:02 / SDD2IDF x0 0:00 / SizSim x0 0:00 / AnnSim x0 0:00 / ReportGen x0 0:00 / Other 0:02
2020-03-02 17:01:58 -       ResultsSummary population:  bAbort = (true) / RuleProcAbort = (false) / iRetVal = 13 / pszResultsSummary = (empty) / iResultsSummaryLen = 3200
2020-03-02 17:01:58 - 1 Error(s) encountered performing analysis (error code 13):

Error:  The area weighted average u-factor of new Wood Framing And Other Walls in the project, '0.128', exceeds the maximum allowable value, '0.110', violating Section 120.7. evaluating rule: Set CHECKCODE Proj:WoodFrmAndOtherWallUFac[7]  (19:'ConstructAssembly.rule' line 7577)
2020-03-02 17:01:59 - -----------------------------------------------------------------------------
2020-03-02 17:01:59 - Opening Project 'cz07\instance.cibd22'...
2020-03-02 17:02:00 -    Model load successful into CBECC-Com 2022.0.1 RV (1113)
2020-03-02 17:02:00 - Performing Building Database check...
2020-03-02 17:02:00 - Building Database check completed, no problems found.
2020-03-02 17:02:02 - Project Saved
