2019-12-17 18:29:17 - -----------------------------------------------------------------------------
2019-12-17 18:29:17 - Opening Project 'cz16\instance.cibd19'...
2019-12-17 18:29:18 -    Model load successful into CBECC-Com 2019.1.0 (1079)
2019-12-17 18:29:18 - Performing Building Database check...
2019-12-17 18:29:18 - Building Database check completed, no problems found.
2019-12-17 18:29:21 -   PerfAnal_NRes - starting, w/ arguments:
2019-12-17 18:29:21 -        BEMBasePathFile    = (null)
2019-12-17 18:29:21 -        RulesetPathFile    = (null)
2019-12-17 18:29:21 -        SimWeatherPath     = C:\Users\agoyal\Documents\CBECC-Com 2019 Data\EPW\
2019-12-17 18:29:21 -        CompMgrDLLPath     = (null)
2019-12-17 18:29:21 -        DHWWeatherPath     = (null)
2019-12-17 18:29:21 -        ProcessingPath     = C:\Users\agoyal\Documents\GitHub\T24-2022-CASE-Modeling\framework\analysis\hvac\runs\mumr-baseline\cz16\instance - run\
2019-12-17 18:29:21 -        ModelPathFile      = C:\Users\agoyal\Documents\GitHub\T24-2022-CASE-Modeling\framework\analysis\hvac\runs\mumr-baseline\cz16\instance.cibd19
2019-12-17 18:29:21 -        LogPathFile        = (null)
2019-12-17 18:29:21 -        UIVersionString    = CBECC-Com 2019.1.0 (1079)
2019-12-17 18:29:21 -        LoadModelFile      = false
2019-12-17 18:29:21 -        OptionsCSV         = AllowAnalysisAbort,0,StoreBEMDetails,1,AnalysisThruStep,8,ModelRpt_ALL,1,SimulationStorage,7,ExportHourlyResults_All,1,PromptUserUMLHWarning,1,PreAnalysisCheckPromptOption,3,CompReportWarningOption,5,
2019-12-17 18:29:21 -        ErrorMsg           = (assumed to be initialized)
2019-12-17 18:29:21 -        ErrorMsgLen        = 2056
2019-12-17 18:29:21 -        DisplayProgress    = true
2019-12-17 18:29:21 -        ResultsSummary     = (empty)
2019-12-17 18:29:21 -        ResultsSummaryLen  = 3200
2019-12-17 18:29:21 -        pProgCallbackFunc  = (null)
2019-12-17 18:29:22 - Performing Building Database check...
2019-12-17 18:29:22 - Building Database check completed, no problems found.
2019-12-17 18:29:22 - Warning:  The following developer options must be defaulted (not specified by the user) in order to perform a valid compliance analysis:
          Proj 'Mid-Rise Mixed-Use (5-story)' AutoHardSize
          Proj 'Mid-Rise Mixed-Use (5-story)' AutoEffInput
2019-12-17 18:29:22 -    9 file hash check(s) failed on executable and/or analysis support files (analysis continuing w/ report signature disabled)
2019-12-17 18:29:24 - Performing Building Database check...
2019-12-17 18:29:24 - Building Database check completed, no problems found.
2019-12-17 18:29:24 - Warning:  The AirSystem:Count for multi-zone system 'DOAS1' is not consistent with the maximum or minimum ThermalZone:Multiplier of the zones the system serves. This indicates the HVAC system serves more than 1 floor, or that Multipliers or system Count may be improperly defined. Check inputs for consistency. evaluating rule: Set CHECKCODE AirSys:Cnt  (68:'HVACSecondary-General.rule' line 1360)
2019-12-17 18:29:27 -   PerfAnal_NRes - Bypassing OpenStudio (and simulation) for zp model
2019-12-17 18:34:11 -   PerfSim_E+ - Final Result: FAIL  -- compliance margin: -5.03 (-5.63%)
2019-12-17 18:34:13 - Analysis result:  FAIL  (TDV margin: -5.03)  Processing time:  Overall 4:52 / SDD2IDF x4 avg 0:07 / SizSim x2 avg 0:13 / AnnSim x2 avg 1:45 / ReportGen x0 0:00 / Other 0:23
2019-12-17 18:34:13 -       ResultsSummary population:  bAbort = (false) / RuleProcAbort = (false) / iRetVal = 0 / pszResultsSummary = (empty) / iResultsSummaryLen = 3200
2019-12-17 18:34:13 -       ResultsSummary components1:  2019-12-17 18:34:13 / instance / Mid-Rise Mixed-Use (5-story) / BLUE-CANYON_725845 / Title24Compliance / 4:52 / FAIL / -5.03
2019-12-17 18:34:13 -       ResultsSummary components2:  CBECC-Com 2019.1.0 (1079) / BEMCmpMgr 2019.1.0 (5962) / CA 2019 Nonresidential, Vers. 1.0 Alpha / 1.11.3.f52686d8e1 / 9.0.1-bb7ca4f0da / CSE19 0.860.0 EXE / C:\Users\agoyal\Documents\CBECC-Com 2019 Data\EPW\ / C:\Users\agoyal\Documents\GitHub\T24-2022-CASE-Modeling\framework\analysis\hvac\runs\mumr-baseline\cz16\
2019-12-17 18:34:13 -       ResultsSummary:  2019-12-17 18:34:13,"instance","Mid-Rise Mixed-Use (5-story)","BLUE-CANYON_725845",113100,141000,"Title24Compliance",4:52,FAIL,-5.03,"--","--","Successful (224 warnings)",23701.4,55475.3,51744.8,0,276.625,19385.9,81695.2,232279,217441,0,149101,34551.8,0,0,633373,8979.47,0,0,0,0,10805.2,0,19784.6,586.724,0,0,0,20371.4,0,0,0,0,0,0,0,0,0,0,0,0,0,21.941,16.1539,13.38,0,0.0707862,22.3551,20.5191,94.4198,58.6801,0,40.6355,8.59179,0,0,202.327,168.153,34.1741,0,1397,"Thermal Zone: F5 Corridor",0,667,"Thermal Zone: F5 Corridor",0,"--","--","Successful (223 warnings)",38.2209,56063,52036,0,209.96,19378,81695.2,209420,217441,0,149101,8626.31,0,0,584589,10555.8,0,0,0,0,9671.85,0,20227.6,586.724,0,0,0,20814.3,0,0,0,0,0,0,0,0,0,0,0,0,0,18.5632,16.3143,13.4297,0,0.0535569,20.5203,20.5191,89.4002,58.6801,0,40.6355,2.14505,0,0,190.861,155.795,35.0654,0,0,,0,0,,0,2.93141e-06,35.0075,10.7443,0,0.00376831,2.90019,14.3444,63.0002,38.321,0,25.7371,3.94427,0,0,131.003,8.82845e-07,35.4648,10.6404,0,0.000169762,2.87452,14.3444,63.3244,38.321,0,25.7371,0.984739,0,0,128.367,"CBECC-Com 2019.1.0 (1079)","BEMCmpMgr 2019.1.0 (5962)","CA 2019 Nonresidential, Vers. 1.0 Alpha","1.11.3.f52686d8e1","9.0.1-bb7ca4f0da","CSE19 0.860.0 EXE","C:\Users\agoyal\Documents\CBECC-Com 2019 Data\EPW\","C:\Users\agoyal\Documents\GitHub\T24-2022-CASE-Modeling\framework\analysis\hvac\runs\mumr-baseline\cz16\",

2019-12-17 18:34:16 - -----------------------------------------------------------------------------
2019-12-17 18:34:16 - Opening Project 'cz16\instance.cibd19'...
2019-12-17 18:34:17 -    Model load successful into CBECC-Com 2019.1.0 (1079)
2019-12-17 18:34:18 - Performing Building Database check...
2019-12-17 18:34:18 - Building Database check completed, no problems found.
2019-12-17 18:34:22 - Project Saved
2020-01-08 20:25:46 - -----------------------------------------------------------------------------
2020-01-08 20:25:46 - Opening Project 'cz16\instance.cibd22'...
2020-01-08 20:25:46 -    ERROR - reading file: ThrmlZn 'Thermal Zone: Parking Garage' property VentStd  =  'T24-2019' on line # 15610
2020-01-08 20:25:47 -    Model load successful into CBECC-Com 2022.0.1 RV (1113)
2020-01-08 20:25:47 - 1 error(s) encountered reading project file:  C:\Users\agoyal\Documents\GitHub\T24-2022-CASE-Modeling\framework\analysis\hvac\runs\mumr-baseline\cz16\instance.cibd22
2020-01-08 20:25:47 - Performing Building Database check...
2020-01-08 20:25:47 - Building Database check completed, no problems found.
2020-01-08 20:25:51 -   PerfAnal_NRes - starting, w/ arguments:
2020-01-08 20:25:51 -        BEMBasePathFile    = (null)
2020-01-08 20:25:51 -        RulesetPathFile    = (null)
2020-01-08 20:25:51 -        SimWeatherPath     = C:\Users\agoyal\Documents\CBECC-Com 2022 Data\EPW\
2020-01-08 20:25:51 -        CompMgrDLLPath     = (null)
2020-01-08 20:25:51 -        DHWWeatherPath     = (null)
2020-01-08 20:25:51 -        ProcessingPath     = C:\Users\agoyal\Documents\GitHub\T24-2022-CASE-Modeling\framework\analysis\hvac\runs\mumr-baseline\cz16\instance - run\
2020-01-08 20:25:51 -        ModelPathFile      = C:\Users\agoyal\Documents\GitHub\T24-2022-CASE-Modeling\framework\analysis\hvac\runs\mumr-baseline\cz16\instance.cibd22
2020-01-08 20:25:51 -        LogPathFile        = (null)
2020-01-08 20:25:51 -        UIVersionString    = CBECC-Com 2022.0.1 RV (1113)
2020-01-08 20:25:51 -        LoadModelFile      = false
2020-01-08 20:25:51 -        OptionsCSV         = AllowAnalysisAbort,0,StoreBEMDetails,1,AnalysisThruStep,8,ModelRpt_ALL,1,ExportHourlyResults_All,1,PromptUserUMLHWarning,1,PreAnalysisCheckPromptOption,3,CompReportWarningOption,5,
2020-01-08 20:25:51 -        ErrorMsg           = (assumed to be initialized)
2020-01-08 20:25:51 -        ErrorMsgLen        = 2056
2020-01-08 20:25:51 -        DisplayProgress    = true
2020-01-08 20:25:51 -        ResultsSummary     = (empty)
2020-01-08 20:25:51 -        ResultsSummaryLen  = 3200
2020-01-08 20:25:51 -        pProgCallbackFunc  = (null)
2020-01-08 20:25:51 - Performing Building Database check...
2020-01-08 20:25:51 - Building Database check completed, no problems found.
2020-01-08 20:25:51 - Warning:  The following developer options must be defaulted (not specified by the user) in order to perform a valid compliance analysis:
          Proj 'Mid-Rise Mixed-Use (5-story)' AutoHardSize
          Proj 'Mid-Rise Mixed-Use (5-story)' AutoEffInput
2020-01-08 20:25:52 -    1 file hash check(s) failed on executable and/or analysis support files (analysis continuing w/ report signature disabled)
2020-01-08 20:25:54 - Performing Building Database check...
2020-01-08 20:25:54 - Building Database check completed, no problems found.
2020-01-08 20:25:54 - Warning:  The AirSystem:Count for multi-zone system 'DOAS1' is not consistent with the maximum or minimum ThermalZone:Multiplier of the zones the system serves. This indicates the HVAC system serves more than 1 floor, or that Multipliers or system Count may be improperly defined. Check inputs for consistency. evaluating rule: Set CHECKCODE AirSys:Cnt  (68:'HVACSecondary-General.rule' line 1398)
2020-01-08 20:25:58 -   PerfAnal_NRes - Bypassing OpenStudio (and simulation) for zp model
2020-01-08 20:32:18 -   PerfSim_E+ - Final Result: FAIL  -- compliance margin: -3.44 (-3.73%)
2020-01-08 20:32:20 - Analysis result:  FAIL  (TDV margin: -3.44)  Processing time:  Overall 6:29 / SDD2IDF x4 avg 0:08 / SizSim x2 avg 0:16 / AnnSim x2 avg 2:27 / ReportGen x0 0:00 / Other 0:26
2020-01-08 20:32:20 -       ResultsSummary population:  bAbort = (false) / RuleProcAbort = (false) / iRetVal = 0 / pszResultsSummary = (empty) / iResultsSummaryLen = 3200
2020-01-08 20:32:20 -       ResultsSummary components1:  2020-01-08 20:32:20 / instance / Mid-Rise Mixed-Use (5-story) / CTZ16S22A / Title24Compliance / 6:29 / FAIL / -3.44
2020-01-08 20:32:20 -       ResultsSummary components2:  CBECC-Com 2022.0.1 RV (1113) / BEMCmpMgr 2022.0.1 RV (6107) / CA 2022 Nonresidential, Vers. 1.0 Alpha / 1.11.3.f52686d8e1 / 9.0.1-bb7ca4f0da / CSE19 0.865.0+dhwloop.68861ec.94 EXE / C:\Users\agoyal\Documents\CBECC-Com 2022 Data\EPW\ / C:\Users\agoyal\Documents\GitHub\T24-2022-CASE-Modeling\framework\analysis\hvac\runs\mumr-baseline\cz16\
2020-01-08 20:32:20 -       ResultsSummary:  2020-01-08 20:32:20,"instance","Mid-Rise Mixed-Use (5-story)","CTZ16S22A","Pol  0% RetAdd NoLeak",113100,141000,"Title24Compliance",6:29,FAIL,-3.44,"--","--","Successful (228 warnings)",21.975,57391.2,51945.8,0,263.545,19384.5,82050.1,211057,217441,0,149101,34551.8,0,0,612151,9957.82,0,0,0,0,10780.9,0,20738.7,586.724,0,0,0,21325.4,0,0,0,0,0,0,0,0,0,0,0,0,0,23.0719,13.3856,12.8249,0,0.0721227,27.7947,18.486,95.6352,57.1015,0,40.9953,8.65104,0,0,202.383,154.968,47.4151,0,1397.5,"Thermal Zone: F5 Corridor",0,928.25,"Thermal Zone: F5 Corridor",0,"--","--","Successful (231 warnings)",34.2618,57889,52210.6,0,187.593,19376.6,82050.1,211748,217441,0,149101,34551.8,0,0,612842,9559.65,0,0,0,0,9599.57,0,19159.2,586.724,0,0,0,19745.9,0,0,0,0,0,0,0,0,0,0,0,0,0,22.1538,13.3689,12.8582,0,0.0612477,25.2578,18.486,92.186,57.1015,0,40.9953,8.65104,0,0,198.934,154.978,43.9562,0,0,,0,0,,0,1.14219e-05,25.098,9.65274,0,0.00975637,2.89992,14.3582,52.0187,38.321,0,25.7371,3.94427,0,0,120.021,1.15615e-05,24.8714,9.5693,0,0.000588631,2.8744,14.3582,51.6739,38.321,0,25.7371,3.94427,0,0,119.676,"CBECC-Com 2022.0.1 RV (1113)","BEMCmpMgr 2022.0.1 RV (6107)","CA 2022 Nonresidential, Vers. 1.0 Alpha","1.11.3.f52686d8e1","9.0.1-bb7ca4f0da","CSE19 0.865.0+dhwloop.68861ec.94 EXE","C:\Users\agoyal\Documents\CBECC-Com 2022 Data\EPW\","C:\Users\agoyal\Documents\GitHub\T24-2022-CASE-Modeling\framework\analysis\hvac\runs\mumr-baseline\cz16\",0.00348814,7.16547,7.50375,0,0.039004,2.61505,9.05037,26.38,32.22,0,25.6908,5.68613,0,0,89.98,4.77464,0,0,0,0,5.16929,0,9.94,0.281326,0,0,0,10.22,0.00563909,6.96129,7.53684,0,0.0355171,2.6194,9.05037,26.22,32.22,0,25.6908,5.68613,0,0,89.82,4.58372,0,0,0,0,4.60287,0,9.18,0.281326,0,0,0,9.46,8.0851,1.19346,1.2498,0,0.00649639,9.18829,1.50741,21.2306,5.84282,0,4.27899,0.947065,0,0,32.2994,7.76219,1.15945,1.25532,0,0.00591563,8.22994,1.50741,19.9202,5.84282,0,4.27899,0.947065,0,0,30.9891,

2020-01-08 20:32:23 - -----------------------------------------------------------------------------
2020-01-08 20:32:23 - Opening Project 'cz16\instance.cibd22'...
2020-01-08 20:32:23 -    ERROR - reading file: ThrmlZn 'Thermal Zone: Parking Garage' property VentStd  =  'T24-2019' on line # 15610
2020-01-08 20:32:24 -    Model load successful into CBECC-Com 2022.0.1 RV (1113)
2020-01-08 20:32:24 - 1 error(s) encountered reading project file:  C:\Users\agoyal\Documents\GitHub\T24-2022-CASE-Modeling\framework\analysis\hvac\runs\mumr-baseline\cz16\instance.cibd22
2020-01-08 20:32:28 - Project Saved
2020-01-09 16:35:24 - -----------------------------------------------------------------------------
2020-01-09 16:35:24 - Opening Project 'cz16\instance.cibd22'...
2020-01-09 16:35:24 -    ERROR - reading file: ThrmlZn 'Thermal Zone: Parking Garage' property VentStd  =  'T24-2019' on line # 15610
2020-01-09 16:35:25 -    Model load successful into CBECC-Com 2022.0.1 RV (1113)
2020-01-09 16:35:25 - 1 error(s) encountered reading project file:  C:\Users\agoyal\Documents\GitHub\T24-2022-CASE-Modeling\framework\analysis\hvac\runs\mumr-baseline\cz16\instance.cibd22
2020-01-09 16:35:26 - Performing Building Database check...
2020-01-09 16:35:26 - Building Database check completed, no problems found.
2020-01-09 16:35:30 -   PerfAnal_NRes - starting, w/ arguments:
2020-01-09 16:35:30 -        BEMBasePathFile    = (null)
2020-01-09 16:35:30 -        RulesetPathFile    = (null)
2020-01-09 16:35:30 -        SimWeatherPath     = C:\Users\agoyal\Documents\CBECC-Com 2022 Data\EPW\
2020-01-09 16:35:30 -        CompMgrDLLPath     = (null)
2020-01-09 16:35:30 -        DHWWeatherPath     = (null)
2020-01-09 16:35:30 -        ProcessingPath     = C:\Users\agoyal\Documents\GitHub\T24-2022-CASE-Modeling\framework\analysis\hvac\runs\mumr-baseline\cz16\instance - run\
2020-01-09 16:35:30 -        ModelPathFile      = C:\Users\agoyal\Documents\GitHub\T24-2022-CASE-Modeling\framework\analysis\hvac\runs\mumr-baseline\cz16\instance.cibd22
2020-01-09 16:35:30 -        LogPathFile        = (null)
2020-01-09 16:35:30 -        UIVersionString    = CBECC-Com 2022.0.1 RV (1113)
2020-01-09 16:35:30 -        LoadModelFile      = false
2020-01-09 16:35:30 -        OptionsCSV         = AllowAnalysisAbort,0,StoreBEMDetails,1,AnalysisThruStep,8,ModelRpt_ALL,1,ExportHourlyResults_All,1,PromptUserUMLHWarning,1,PreAnalysisCheckPromptOption,3,CompReportWarningOption,5,
2020-01-09 16:35:30 -        ErrorMsg           = (assumed to be initialized)
2020-01-09 16:35:30 -        ErrorMsgLen        = 2056
2020-01-09 16:35:30 -        DisplayProgress    = true
2020-01-09 16:35:30 -        ResultsSummary     = (empty)
2020-01-09 16:35:30 -        ResultsSummaryLen  = 3200
2020-01-09 16:35:30 -        pProgCallbackFunc  = (null)
2020-01-09 16:35:31 - Performing Building Database check...
2020-01-09 16:35:31 - Building Database check completed, no problems found.
2020-01-09 16:35:31 - Warning:  The following developer options must be defaulted (not specified by the user) in order to perform a valid compliance analysis:
          Proj 'Mid-Rise Mixed-Use (5-story)' AutoHardSize
          Proj 'Mid-Rise Mixed-Use (5-story)' AutoEffInput
2020-01-09 16:35:31 -    1 file hash check(s) failed on executable and/or analysis support files (analysis continuing w/ report signature disabled)
2020-01-09 16:35:33 - Performing Building Database check...
2020-01-09 16:35:33 - Building Database check completed, no problems found.
2020-01-09 16:35:33 - Warning:  The AirSystem:Count for multi-zone system 'DOAS1' is not consistent with the maximum or minimum ThermalZone:Multiplier of the zones the system serves. This indicates the HVAC system serves more than 1 floor, or that Multipliers or system Count may be improperly defined. Check inputs for consistency. evaluating rule: Set CHECKCODE AirSys:Cnt  (68:'HVACSecondary-General.rule' line 1398)
2020-01-09 16:35:37 -   PerfAnal_NRes - Bypassing OpenStudio (and simulation) for zp model
2020-01-09 16:42:31 -   PerfSim_E+ - Final Result: FAIL  -- compliance margin: -3.44 (-3.73%)
2020-01-09 16:42:33 - Analysis result:  FAIL  (TDV margin: -3.44)  Processing time:  Overall 7:03 / SDD2IDF x4 avg 0:08 / SizSim x2 avg 0:18 / AnnSim x2 avg 2:39 / ReportGen x0 0:00 / Other 0:29
2020-01-09 16:42:33 -       ResultsSummary population:  bAbort = (false) / RuleProcAbort = (false) / iRetVal = 0 / pszResultsSummary = (empty) / iResultsSummaryLen = 3200
2020-01-09 16:42:33 -       ResultsSummary components1:  2020-01-09 16:42:33 / instance / Mid-Rise Mixed-Use (5-story) / CTZ16S22A / Title24Compliance / 7:03 / FAIL / -3.44
2020-01-09 16:42:33 -       ResultsSummary components2:  CBECC-Com 2022.0.1 RV (1113) / BEMCmpMgr 2022.0.1 RV (6107) / CA 2022 Nonresidential, Vers. 1.0 Alpha / 1.11.3.f52686d8e1 / 9.0.1-bb7ca4f0da / CSE19 0.865.0+dhwloop.68861ec.94 EXE / C:\Users\agoyal\Documents\CBECC-Com 2022 Data\EPW\ / C:\Users\agoyal\Documents\GitHub\T24-2022-CASE-Modeling\framework\analysis\hvac\runs\mumr-baseline\cz16\
2020-01-09 16:42:33 -       ResultsSummary:  2020-01-09 16:42:33,"instance","Mid-Rise Mixed-Use (5-story)","CTZ16S22A","Pol  0% RetAdd NoLeak",113100,141000,"Title24Compliance",7:03,FAIL,-3.44,"--","--","Successful (228 warnings)",21.975,57391.2,51945.8,0,263.545,19384.5,82050.1,211057,217441,0,149101,34551.8,0,0,612151,9957.82,0,0,0,0,10780.9,0,20738.7,586.724,0,0,0,21325.4,0,0,0,0,0,0,0,0,0,0,0,0,0,23.0719,13.3856,12.8249,0,0.0721227,27.7947,18.486,95.6352,57.1015,0,40.9953,8.65104,0,0,202.383,154.968,47.4151,0,1397.5,"Thermal Zone: F5 Corridor",0,928.25,"Thermal Zone: F5 Corridor",0,"--","--","Successful (231 warnings)",34.2618,57889,52210.6,0,187.593,19376.6,82050.1,211748,217441,0,149101,34551.8,0,0,612842,9559.65,0,0,0,0,9599.57,0,19159.2,586.724,0,0,0,19745.9,0,0,0,0,0,0,0,0,0,0,0,0,0,22.1538,13.3689,12.8582,0,0.0612477,25.2578,18.486,92.186,57.1015,0,40.9953,8.65104,0,0,198.934,154.978,43.9562,0,0,,0,0,,0,1.14219e-05,25.098,9.65274,0,0.00975637,2.89992,14.3582,52.0187,38.321,0,25.7371,3.94427,0,0,120.021,1.15615e-05,24.8714,9.5693,0,0.000588631,2.8744,14.3582,51.6739,38.321,0,25.7371,3.94427,0,0,119.676,"CBECC-Com 2022.0.1 RV (1113)","BEMCmpMgr 2022.0.1 RV (6107)","CA 2022 Nonresidential, Vers. 1.0 Alpha","1.11.3.f52686d8e1","9.0.1-bb7ca4f0da","CSE19 0.865.0+dhwloop.68861ec.94 EXE","C:\Users\agoyal\Documents\CBECC-Com 2022 Data\EPW\","C:\Users\agoyal\Documents\GitHub\T24-2022-CASE-Modeling\framework\analysis\hvac\runs\mumr-baseline\cz16\",0.00348814,7.16547,7.50375,0,0.039004,2.61505,9.05037,26.38,32.22,0,25.6908,5.68613,0,0,89.98,4.77464,0,0,0,0,5.16929,0,9.94,0.281326,0,0,0,10.22,0.00563909,6.96129,7.53684,0,0.0355171,2.6194,9.05037,26.22,32.22,0,25.6908,5.68613,0,0,89.82,4.58372,0,0,0,0,4.60287,0,9.18,0.281326,0,0,0,9.46,8.0851,1.19346,1.2498,0,0.00649639,9.18829,1.50741,21.2306,5.84282,0,4.27899,0.947065,0,0,32.2994,7.76219,1.15945,1.25532,0,0.00591563,8.22994,1.50741,19.9202,5.84282,0,4.27899,0.947065,0,0,30.9891,

2020-01-09 16:42:37 - -----------------------------------------------------------------------------
2020-01-09 16:42:37 - Opening Project 'cz16\instance.cibd22'...
2020-01-09 16:42:37 -    ERROR - reading file: ThrmlZn 'Thermal Zone: Parking Garage' property VentStd  =  'T24-2019' on line # 15610
2020-01-09 16:42:38 -    Model load successful into CBECC-Com 2022.0.1 RV (1113)
2020-01-09 16:42:38 - 1 error(s) encountered reading project file:  C:\Users\agoyal\Documents\GitHub\T24-2022-CASE-Modeling\framework\analysis\hvac\runs\mumr-baseline\cz16\instance.cibd22
2020-01-09 16:42:43 - Project Saved
