---------------
CSE(750): Info: C:\USERS\MNAKAJIMA\DOCUMENTS\GITHUB\T24-2022-CASE-MODELING\FRAMEWORK\ANALYSIS\HPTE\RUNS\LRLC-WINF-PROPU2\CZ16\INSTANCE - COMP22\INSTANCE - DRTG.CSE(750): Info: 
  DHWSys 'dhwsys-DHWGas': 
    'wsTSetpoint' is ignored -- no setpoint-aware DHWHEATERs in this DHWSYS.
---------------
Warning at hour/subhour 25/20 on autoSizing 11-Aug iteration 30:
  AutoSize pass 1A has not converged.  Abandoning after 30 iterations.
---------------
Warning: Zone 'Zone2-zn': Unmet cooling loads during 29 hours of run.
---------------
Warning: Zone 'Zone3-zn': Unmet cooling loads during 82 hours of run.
---------------
Warning: Zone 'Corridor1-zn': Condensation occurred in 240 subhours of run.
    Total condensation heat = 9.51553 kBtu.
---------------
Warning: 
  Zone 'FitnessCenter1-zn': Condensation occurred in 36711 subhours of run.
    Total condensation heat = 1689.25 kBtu.
---------------
Warning: Zone 'Laundry1-zn': Unmet cooling loads during 18 hours of run.
---------------
Warning: Zone 'LeasingOffice1-zn': Unmet cooling loads during 9 hours of run.
---------------
Warning: Zone 'Lobby1-zn': Condensation occurred in 25249 subhours of run.
    Total condensation heat = 1452.79 kBtu.
---------------
Warning: 
  Zone 'MechanicalRoom1-zn': Unmet heating loads during 3548 hours of run.
---------------
Warning: 
  Zone 'MechanicalRoom1-zn': Unmet cooling loads during 2035 hours of run.
---------------
Warning: Zone 'Stairs1-zn': Unmet heating loads during 4 hours of run.
---------------
Warning: Zone 'Corridor3-zn': Unmet cooling loads during 24 hours of run.
---------------
Warning: Zone 'Stairs2-zn': Unmet heating loads during 4 hours of run.
---------------
Warning: Zone 'Stairs3-zn': Unmet heating loads during 4 hours of run.
---------------
Warning: Zone 'Attic-atc': Condensation occurred in 17411 subhours of run.
    Total condensation heat = 2839.52 kBtu.
---------------
