2019-12-13 13:22:47 - -----------------------------------------------------------------------------
2019-12-13 13:22:47 - Opening Project 'cz10\instance.cibd19'...
2019-12-13 13:22:47 - Error resolving project component references: 23 not found.
2019-12-13 13:22:47 -       'WoodFrameWall16inOCCavInsR21' (once)
2019-12-13 13:22:47 -       'ZnSys F2-4 1-Bed Core N' (once)
2019-12-13 13:22:47 -       'ZnSys F2-4 1-Bed Core West' (once)
2019-12-13 13:22:47 -       'ZnSys F2-4 1-Bed Core East' (once)
2019-12-13 13:22:47 -       'ZnSys F2-4 1-Bed North' (once)
2019-12-13 13:22:47 -       'ZnSys F2-4 2-Bed Core NE-NW' (once)
2019-12-13 13:22:47 -       'ZnSys F2-4 2-Bed East' (once)
2019-12-13 13:22:47 -       'ZnSys F2-4 2-Bed West' (once)
2019-12-13 13:22:47 -       'ZnSys F2-4 3-Bed NE' (once)
2019-12-13 13:22:47 -       'ZnSys F2-4 3-Bed NW' (once)
2019-12-13 13:22:47 -       'ZnSys F2-4 Studio SE' (once)
2019-12-13 13:22:47 -       (plus 12 other object reference(s))
2019-12-13 13:22:47 -    Model load failed (return code 6) into CBECC-Com 2019.1.0 (1079)
2019-12-13 13:22:47 - Error(s) encountered (return code 6: Unable to read/parse building energy model file) reading project file:  C:\Users\mnakajima\Documents\GitHub\T24-2022-CASE-Modeling\framework\analysis\hvac\runs\mumr-baseline\cz10\instance.cibd19
2019-12-13 13:22:47 - Performing Building Database check...
2019-12-13 13:22:47 - Building Database check completed, no problems found.
2019-12-13 13:22:47 - Error:  ConsAssmUFactor Error:  ConsAssm object 'ResWoodWallU059' has gap in material references (~items 4/5). evaluating rule: Set DEFAULT ConsAssm:UFactor  (19:'ConstructAssembly.rule' line 1252)
2019-12-13 13:22:48 - Error:  ConsAssmUFactor Error:  ConsAssm object 'ResWoodWallU059' has gap in material references (~items 4/5). evaluating rule: Set DEFAULT ConsAssm:UFactor  (19:'ConstructAssembly.rule' line 1252)
2019-12-13 13:22:48 - Error:  ConsAssmUFactor Error:  ConsAssm object 'ResWoodWallU059' has gap in material references (~items 4/5). evaluating rule: Set DEFAULT ConsAssm:UFactor  (19:'ConstructAssembly.rule' line 1252)
2019-12-13 13:22:50 - Error:  ConsAssmUFactor Error:  ConsAssm object 'ResWoodWallU059' has gap in material references (~items 4/5). evaluating rule: Set DEFAULT ConsAssm:UFactor  (19:'ConstructAssembly.rule' line 1252)
2019-12-13 13:22:50 - Error:  ConsAssmUFactor Error:  ConsAssm object 'ResWoodWallU059' has gap in material references (~items 4/5). evaluating rule: Set DEFAULT ConsAssm:UFactor  (19:'ConstructAssembly.rule' line 1252)
2019-12-13 13:22:51 -   PerfAnal_NRes - starting, w/ arguments:
2019-12-13 13:22:51 -        BEMBasePathFile    = (null)
2019-12-13 13:22:51 -        RulesetPathFile    = (null)
2019-12-13 13:22:51 -        SimWeatherPath     = C:\Users\mnakajima\Documents\CBECC-Com 2019 Data\EPW\
2019-12-13 13:22:51 -        CompMgrDLLPath     = (null)
2019-12-13 13:22:51 -        DHWWeatherPath     = (null)
2019-12-13 13:22:51 -        ProcessingPath     = C:\Users\mnakajima\Documents\GitHub\T24-2022-CASE-Modeling\framework\analysis\hvac\runs\mumr-baseline\cz10\instance - run\
2019-12-13 13:22:51 -        ModelPathFile      = C:\Users\mnakajima\Documents\GitHub\T24-2022-CASE-Modeling\framework\analysis\hvac\runs\mumr-baseline\cz10\instance.cibd19
2019-12-13 13:22:51 -        LogPathFile        = (null)
2019-12-13 13:22:51 -        UIVersionString    = CBECC-Com 2019.1.0 (1079)
2019-12-13 13:22:51 -        LoadModelFile      = false
2019-12-13 13:22:51 -        OptionsCSV         = AllowAnalysisAbort,0,StoreBEMDetails,1,AnalysisThruStep,8,ModelRpt_ALL,1,SimulationStorage,7,ExportHourlyResults_All,1,PromptUserUMLHWarning,1,PreAnalysisCheckPromptOption,3,CompReportWarningOption,5,
2019-12-13 13:22:51 -        ErrorMsg           = (assumed to be initialized)
2019-12-13 13:22:51 -        ErrorMsgLen        = 2056
2019-12-13 13:22:51 -        DisplayProgress    = true
2019-12-13 13:22:51 -        ResultsSummary     = (empty)
2019-12-13 13:22:51 -        ResultsSummaryLen  = 3200
2019-12-13 13:22:51 -        pProgCallbackFunc  = (null)
2019-12-13 13:22:52 - Performing Building Database check...
2019-12-13 13:22:52 - Building Database check completed, no problems found.
2019-12-13 13:22:52 - Warning:  The following developer options must be defaulted (not specified by the user) in order to perform a valid compliance analysis:
          Proj 'Mid-Rise Mixed-Use (5-story)' AutoHardSize
          Proj 'Mid-Rise Mixed-Use (5-story)' AutoEffInput
2019-12-13 13:22:52 - Error:  ConsAssmUFactor Error:  ConsAssm object 'ResWoodWallU059' has gap in material references (~items 4/5). evaluating rule: Set DEFAULT ConsAssm:UFactor  (19:'ConstructAssembly.rule' line 1252)
2019-12-13 13:22:54 - Error:  ConsAssmUFactor Error:  ConsAssm object 'ResWoodWallU059' has gap in material references (~items 4/5). evaluating rule: Set SIZING_PROPOSED ConsAssm:UFactor  (19:'ConstructAssembly.rule' line 1264)
2019-12-13 13:22:57 - Error:  ConsAssmUFactor Error:  ConsAssm object 'ResWoodWallU059' has gap in material references (~items 4/5). evaluating rule: Set SIZING_BASELINE ConsAssm:UFactor  (19:'ConstructAssembly.rule' line 1264)
2019-12-13 13:24:04 - Error:  ConsAssmUFactor Error:  ConsAssm object 'ResWoodWallU059' has gap in material references (~items 4/5). evaluating rule: Set ANNUAL_PROPOSED ConsAssm:UFactor  (19:'ConstructAssembly.rule' line 1271)
2019-12-13 13:27:16 -   PerfSim_E+ - Final Result: FAIL  -- compliance margin: -2.92 (-3.28%)
2019-12-13 13:27:16 - Simulation Warning:  Proposed model zone 'Thermal Zone: F2-4 1-Bed Core West' exceeds UMLH limits: heating 360 (150 max)
2019-12-13 13:27:16 - Simulation Warning:  Proposed model zone 'Thermal Zone: F2-4 1-Bed Core East' exceeds UMLH limits: heating 518 (150 max)
2019-12-13 13:27:16 - Simulation Warning:  Proposed model zone 'Thermal Zone: F2-4 1-Bed North' exceeds UMLH limits: heating 594 (150 max)
2019-12-13 13:27:16 - Simulation Warning:  Proposed model zone 'Thermal Zone: F2-4 2-Bed East' exceeds UMLH limits: heating 379 (150 max)
2019-12-13 13:27:16 - Simulation Warning:  Proposed model zone 'Thermal Zone: F2-4 2-Bed West' exceeds UMLH limits: heating 480 (150 max)
2019-12-13 13:27:16 - Simulation Warning:  Proposed model zone 'Thermal Zone: F2-4 3-Bed NE' exceeds UMLH limits: heating 764 (150 max)
2019-12-13 13:27:16 - Simulation Warning:  Proposed model zone 'Thermal Zone: F2-4 3-Bed NW' exceeds UMLH limits: heating 959 (150 max)
2019-12-13 13:27:16 - Simulation Warning:  Proposed model zone 'Thermal Zone: F2-4 Studio SE' exceeds UMLH limits: heating 828 (150 max)
2019-12-13 13:27:16 - Simulation Warning:  Proposed model zone 'Thermal Zone: F2-4 Studio SW' exceeds UMLH limits: heating 720 (150 max)
2019-12-13 13:27:16 - Simulation Warning:  Proposed model zone 'Thermal Zone: F5 1-Bed Core N' exceeds UMLH limits: heating 683 (150 max)
2019-12-13 13:27:16 - Simulation Warning:  Proposed model zone 'Thermal Zone: F5 1-Bed Core West' exceeds UMLH limits: heating 857 (150 max)
2019-12-13 13:27:16 - Simulation Warning:  Proposed model zone 'Thermal Zone: F5 1-Bed Core East' exceeds UMLH limits: heating 1199 (150 max)
2019-12-13 13:27:16 - Simulation Warning:  Proposed model zone 'Thermal Zone: F5 1-Bed North' exceeds UMLH limits: heating 1230 (150 max)
2019-12-13 13:27:16 - Simulation Warning:  Proposed model zone 'Thermal Zone: F5 2-Bed Core NE-NW' exceeds UMLH limits: heating 394 (150 max)
2019-12-13 13:27:16 - Simulation Warning:  Proposed model zone 'Thermal Zone: F5 2-Bed East' exceeds UMLH limits: heating 878 (150 max)
2019-12-13 13:27:16 - Simulation Warning:  Proposed model zone 'Thermal Zone: F5 2-Bed West' exceeds UMLH limits: heating 1172 (150 max)
2019-12-13 13:27:16 - Simulation Warning:  Proposed model zone 'Thermal Zone: F5 3-Bed NE' exceeds UMLH limits: heating 1204 (150 max)
2019-12-13 13:27:16 - Simulation Warning:  Proposed model zone 'Thermal Zone: F5 3-Bed NW' exceeds UMLH limits: heating 1514 (150 max)
2019-12-13 13:27:16 - Simulation Warning:  Proposed model zone 'Thermal Zone: F5 Studio SE' exceeds UMLH limits: heating 1310 (150 max)
2019-12-13 13:27:16 - Simulation Warning:  Proposed model zone 'Thermal Zone: F5 Studio SW' exceeds UMLH limits: heating 1150 (150 max)
2019-12-13 13:30:15 - Warning:  20 zone(s) in Proposed model exceed maximum heating unmet load hours of 150
          clg: 0  htg: 360  'Thermal Zone: F2-4 1-Bed Core West'
          clg: 0  htg: 518  'Thermal Zone: F2-4 1-Bed Core East'
          clg: 0  htg: 594  'Thermal Zone: F2-4 1-Bed North'
          clg: 0  htg: 379  'Thermal Zone: F2-4 2-Bed East'
          clg: 0  htg: 480  'Thermal Zone: F2-4 2-Bed West'
          clg: 0  htg: 764  'Thermal Zone: F2-4 3-Bed NE'
          clg: 0  htg: 959  'Thermal Zone: F2-4 3-Bed NW'
          clg: 0  htg: 828  'Thermal Zone: F2-4 Studio SE'
          clg: 0  htg: 720  'Thermal Zone: F2-4 Studio SW'
          clg: 0  htg: 683  'Thermal Zone: F5 1-Bed Core N'
          clg: 0  htg: 857  'Thermal Zone: F5 1-Bed Core West'
          clg: 0  htg: 1199  'Thermal Zone: F5 1-Bed Core East'
          clg: 0  htg: 1230  'Thermal Zone: F5 1-Bed North'
          clg: 0  htg: 394  'Thermal Zone: F5 2-Bed Core NE-NW'
          clg: 0  htg: 878  'Thermal Zone: F5 2-Bed East'
          clg: 0  htg: 1172  'Thermal Zone: F5 2-Bed West'
          clg: 0  htg: 1204  'Thermal Zone: F5 3-Bed NE'
          clg: 0  htg: 1514  'Thermal Zone: F5 3-Bed NW'
          clg: 0  htg: 1310  'Thermal Zone: F5 Studio SE'
          clg: 0  htg: 1150  'Thermal Zone: F5 Studio SW'
2019-12-13 13:30:16 - Analysis errant  Processing time:  Overall 7:25 / SDD2IDF x4 avg 0:10 / SizSim x2 avg 0:19 / AnnSim x2 avg 1:21 / ReportGen x0 0:00 / Other 3:20
2019-12-13 13:30:16 -       ResultsSummary population:  bAbort = (false) / RuleProcAbort = (false) / iRetVal = 9 / pszResultsSummary = (empty) / iResultsSummaryLen = 3200
2019-12-13 13:30:16 -       ResultsSummary components1:  2019-12-13 13:30:16 / instance / Mid-Rise Mixed-Use (5-story) / RIVERSIDE_722869 / Title24Compliance / 7:25 /  / 
2019-12-13 13:30:16 -       ResultsSummary components2:  CBECC-Com 2019.1.0 (1079) / BEMCmpMgr 2019.1.0 (5962) / CA 2019 Nonresidential, Vers. 1.0 Alpha / 1.11.3.f52686d8e1 / 9.0.1-bb7ca4f0da / - / C:\Users\mnakajima\Documents\CBECC-Com 2019 Data\EPW\ / C:\Users\mnakajima\Documents\GitHub\T24-2022-CASE-Modeling\framework\analysis\hvac\runs\mumr-baseline\cz10\
2019-12-13 13:30:16 -       ResultsSummary:  2019-12-13 13:30:16,"instance","Mid-Rise Mixed-Use (5-story)","RIVERSIDE_722869",113100,141000,"Title24Compliance",7:25,,,"--","--","Successful (224 warnings)",6612.18,140695,37662.8,0,219.72,11688.2,81616.7,278495,217441,0,149101,34551.8,0,0,679589,1326.56,0,0,0,0,172.086,0,1498.64,586.724,0,0,0,2085.37,0,0,0,0,0,0,0,0,0,0,0,0,0,3.77908,53.4008,9.83516,0,0.0479694,3.28551,21.6745,92.023,56.8089,0,37.4725,8.36943,0,0,194.674,191.094,3.57987,0,1824,"Thermal Zone: F5 Corridor",0,1514.5,"Thermal Zone: F5 3-Bed NW",20,"--","--","Successful (223 warnings)",11.7655,121522,49502.2,0,65.9133,11702.9,81516.4,264321,217441,0,149101,8626.31,0,0,639490,2444.89,0,0,0,0,172.084,0,2616.97,586.724,0,0,0,3203.7,0,0,0,0,0,0,0,0,0,0,0,0,0,4.36951,45.5674,14.2207,0,0.0141157,3.28689,21.6511,89.1097,56.8089,0,37.4725,2.08954,0,0,185.481,179.904,5.57685,0,0,,0,0,,0,9.32535e-06,73.207,6.08884,0,0.00956677,1.93281,14.4798,95.718,38.321,0,25.7371,3.94427,0,0,163.72,1.33428e-06,63.283,11.7629,0,0.000169201,1.9244,14.4768,91.4473,38.321,0,25.7371,0.984739,0,0,156.49,"CBECC-Com 2019.1.0 (1079)","BEMCmpMgr 2019.1.0 (5962)","CA 2019 Nonresidential, Vers. 1.0 Alpha","1.11.3.f52686d8e1","9.0.1-bb7ca4f0da","-","C:\Users\mnakajima\Documents\CBECC-Com 2019 Data\EPW\","C:\Users\mnakajima\Documents\GitHub\T24-2022-CASE-Modeling\framework\analysis\hvac\runs\mumr-baseline\cz10\",

2019-12-13 13:30:16 - Warning:  20 zone(s) in Proposed model exceed maximum heating unmet load hours of 150
          clg: 0  htg: 360  'Thermal Zone: F2-4 1-Bed Core West'
          clg: 0  htg: 518  'Thermal Zone: F2-4 1-Bed Core East'
          clg: 0  htg: 594  'Thermal Zone: F2-4 1-Bed North'
          clg: 0  htg: 379  'Thermal Zone: F2-4 2-Bed East'
          clg: 0  htg: 480  'Thermal Zone: F2-4 2-Bed West'
          clg: 0  htg: 764  'Thermal Zone: F2-4 3-Bed NE'
          clg: 0  htg: 959  'Thermal Zone: F2-4 3-Bed NW'
          clg: 0  htg: 828  'Thermal Zone: F2-4 Studio SE'
          clg: 0  htg: 720  'Thermal Zone: F2-4 Studio SW'
          clg: 0  htg: 683  'Thermal Zone: F5 1-Bed Core N'
          clg: 0  htg: 857  'Thermal Zone: F5 1-Bed Core West'
          clg: 0  htg: 1199  'Thermal Zone: F5 1-Bed Core East'
          clg: 0  htg: 1230  'Thermal Zone: F5 1-Bed North'
          clg: 0  htg: 394  'Thermal Zone: F5 2-Bed Core NE-NW'
          clg: 0  htg: 878  'Thermal Zone: F5 2-Bed East'
          clg: 0  htg: 1172  'Thermal Zone: F5 2-Bed West'
          clg: 0  htg: 1204  'Thermal Zone: F5 3-Bed NE'
          clg: 0  htg: 1514  'Thermal Zone: F5 3-Bed NW'
          clg: 0  htg: 1310  'Thermal Zone: F5 Studio SE'
          clg: 0  htg: 1150  'Thermal Zone: F5 Studio SW'

4 Error(s) encountered performing analysis (error code 9):

(1) Error:  ConsAssmUFactor Error:  ConsAssm object 'ResWoodWallU059' has gap in material references (~items 4/5). evaluating rule: Set DEFAULT ConsAssm:UFactor  (19:'ConstructAssembly.rule' line 1252)

(2) Error:  ConsAssmUFactor Error:  ConsAssm object 'ResWoodWallU059' has gap in material references (~items 4/5). evaluating rule: Set SIZING_PROPOSED ConsAssm:UFactor  (19:'ConstructAssembly.rule' line 1264)

(3) Error:  ConsAssmUFactor Error:  ConsAssm object 'ResWoodWallU059' has gap in material references (~items 4/5). evaluating rule: Set SIZING_BASELINE ConsAssm:UFactor  (19:'ConstructAssembly.rule' line 1264)

(4) Error:  ConsAssmUFactor Error:  ConsAssm object 'ResWoodWallU059' has gap in material references (~items 4/5). evaluating rule: Set ANNUAL_PROPOSED ConsAssm:UFactor  (19:'ConstructAssembly.rule' line 1271)
2019-12-13 13:30:19 - -----------------------------------------------------------------------------
2019-12-13 13:30:19 - Opening Project 'cz10\instance.cibd19'...
2019-12-13 13:30:19 - Error resolving project component references: 23 not found.
2019-12-13 13:30:19 -       'WoodFrameWall16inOCCavInsR21' (once)
2019-12-13 13:30:19 -       'ZnSys F2-4 1-Bed Core N' (once)
2019-12-13 13:30:19 -       'ZnSys F2-4 1-Bed Core West' (once)
2019-12-13 13:30:19 -       'ZnSys F2-4 1-Bed Core East' (once)
2019-12-13 13:30:19 -       'ZnSys F2-4 1-Bed North' (once)
2019-12-13 13:30:19 -       'ZnSys F2-4 2-Bed Core NE-NW' (once)
2019-12-13 13:30:19 -       'ZnSys F2-4 2-Bed East' (once)
2019-12-13 13:30:19 -       'ZnSys F2-4 2-Bed West' (once)
2019-12-13 13:30:19 -       'ZnSys F2-4 3-Bed NE' (once)
2019-12-13 13:30:19 -       'ZnSys F2-4 3-Bed NW' (once)
2019-12-13 13:30:19 -       'ZnSys F2-4 Studio SE' (once)
2019-12-13 13:30:19 -       (plus 12 other object reference(s))
2019-12-13 13:30:19 -    Model load failed (return code 6) into CBECC-Com 2019.1.0 (1079)
2019-12-13 13:30:19 - Error(s) encountered (return code 6: Unable to read/parse building energy model file) reading project file:  C:\Users\mnakajima\Documents\GitHub\T24-2022-CASE-Modeling\framework\analysis\hvac\runs\mumr-baseline\cz10\instance.cibd19
2019-12-13 13:30:20 - Error:  ConsAssmUFactor Error:  ConsAssm object 'ResWoodWallU059' has gap in material references (~items 4/5). evaluating rule: Set DEFAULT ConsAssm:UFactor  (19:'ConstructAssembly.rule' line 1252)
2019-12-13 13:30:20 - Error:  ConsAssmUFactor Error:  ConsAssm object 'ResWoodWallU059' has gap in material references (~items 4/5). evaluating rule: Set DEFAULT ConsAssm:UFactor  (19:'ConstructAssembly.rule' line 1252)
2019-12-13 13:30:21 - Error:  ConsAssmUFactor Error:  ConsAssm object 'ResWoodWallU059' has gap in material references (~items 4/5). evaluating rule: Set DEFAULT ConsAssm:UFactor  (19:'ConstructAssembly.rule' line 1252)
2019-12-13 13:30:22 - Error resolving project component references: 23 not found.
2019-12-13 13:30:22 -       'WoodFrameWall16inOCCavInsR21' (once)
2019-12-13 13:30:22 -       'ZnSys F2-4 1-Bed Core N' (once)
2019-12-13 13:30:22 -       'ZnSys F2-4 1-Bed Core West' (once)
2019-12-13 13:30:22 -       'ZnSys F2-4 1-Bed Core East' (once)
2019-12-13 13:30:22 -       'ZnSys F2-4 1-Bed North' (once)
2019-12-13 13:30:22 -       'ZnSys F2-4 2-Bed Core NE-NW' (once)
2019-12-13 13:30:22 -       'ZnSys F2-4 2-Bed East' (once)
2019-12-13 13:30:22 -       'ZnSys F2-4 2-Bed West' (once)
2019-12-13 13:30:22 -       'ZnSys F2-4 3-Bed NE' (once)
2019-12-13 13:30:22 -       'ZnSys F2-4 3-Bed NW' (once)
2019-12-13 13:30:22 -       'ZnSys F2-4 Studio SE' (once)
2019-12-13 13:30:22 -       (plus 12 other object reference(s))
2019-12-13 13:30:25 - Project Saved
2019-12-17 17:41:23 - -----------------------------------------------------------------------------
2019-12-17 17:41:23 - Opening Project 'cz10\instance.cibd19'...
2019-12-17 17:41:24 -    Model load successful into CBECC-Com 2019.1.0 (1079)
2019-12-17 17:41:24 - Performing Building Database check...
2019-12-17 17:41:24 - Building Database check completed, no problems found.
2019-12-17 17:41:28 -   PerfAnal_NRes - starting, w/ arguments:
2019-12-17 17:41:28 -        BEMBasePathFile    = (null)
2019-12-17 17:41:28 -        RulesetPathFile    = (null)
2019-12-17 17:41:28 -        SimWeatherPath     = C:\Users\agoyal\Documents\CBECC-Com 2019 Data\EPW\
2019-12-17 17:41:28 -        CompMgrDLLPath     = (null)
2019-12-17 17:41:28 -        DHWWeatherPath     = (null)
2019-12-17 17:41:28 -        ProcessingPath     = C:\Users\agoyal\Documents\GitHub\T24-2022-CASE-Modeling\framework\analysis\hvac\runs\mumr-baseline\cz10\instance - run\
2019-12-17 17:41:28 -        ModelPathFile      = C:\Users\agoyal\Documents\GitHub\T24-2022-CASE-Modeling\framework\analysis\hvac\runs\mumr-baseline\cz10\instance.cibd19
2019-12-17 17:41:28 -        LogPathFile        = (null)
2019-12-17 17:41:28 -        UIVersionString    = CBECC-Com 2019.1.0 (1079)
2019-12-17 17:41:28 -        LoadModelFile      = false
2019-12-17 17:41:28 -        OptionsCSV         = AllowAnalysisAbort,0,StoreBEMDetails,1,AnalysisThruStep,8,ModelRpt_ALL,1,SimulationStorage,7,ExportHourlyResults_All,1,PromptUserUMLHWarning,1,PreAnalysisCheckPromptOption,3,CompReportWarningOption,5,
2019-12-17 17:41:28 -        ErrorMsg           = (assumed to be initialized)
2019-12-17 17:41:28 -        ErrorMsgLen        = 2056
2019-12-17 17:41:28 -        DisplayProgress    = true
2019-12-17 17:41:28 -        ResultsSummary     = (empty)
2019-12-17 17:41:28 -        ResultsSummaryLen  = 3200
2019-12-17 17:41:28 -        pProgCallbackFunc  = (null)
2019-12-17 17:41:28 - Performing Building Database check...
2019-12-17 17:41:28 - Building Database check completed, no problems found.
2019-12-17 17:41:28 - Warning:  The following developer options must be defaulted (not specified by the user) in order to perform a valid compliance analysis:
          Proj 'Mid-Rise Mixed-Use (5-story)' AutoHardSize
          Proj 'Mid-Rise Mixed-Use (5-story)' AutoEffInput
2019-12-17 17:41:29 -    9 file hash check(s) failed on executable and/or analysis support files (analysis continuing w/ report signature disabled)
2019-12-17 17:41:31 - Performing Building Database check...
2019-12-17 17:41:31 - Building Database check completed, no problems found.
2019-12-17 17:41:31 - Warning:  The AirSystem:Count for multi-zone system 'DOAS1' is not consistent with the maximum or minimum ThermalZone:Multiplier of the zones the system serves. This indicates the HVAC system serves more than 1 floor, or that Multipliers or system Count may be improperly defined. Check inputs for consistency. evaluating rule: Set CHECKCODE AirSys:Cnt  (68:'HVACSecondary-General.rule' line 1360)
2019-12-17 17:41:34 -   PerfAnal_NRes - Bypassing OpenStudio (and simulation) for zp model
2019-12-17 17:45:13 -   PerfSim_E+ - Final Result: PASS  -- compliance margin: 2.3 (2.23%)
2019-12-17 17:45:14 - Analysis result:  PASS  (TDV margin: 2.30)  Processing time:  Overall 3:46 / SDD2IDF x4 avg 0:07 / SizSim x2 avg 0:12 / AnnSim x2 avg 1:13 / ReportGen x0 0:00 / Other 0:23
2019-12-17 17:45:14 -       ResultsSummary population:  bAbort = (false) / RuleProcAbort = (false) / iRetVal = 0 / pszResultsSummary = (empty) / iResultsSummaryLen = 3200
2019-12-17 17:45:14 -       ResultsSummary components1:  2019-12-17 17:45:14 / instance / Mid-Rise Mixed-Use (5-story) / RIVERSIDE_722869 / Title24Compliance / 3:46 / PASS / 2.30
2019-12-17 17:45:14 -       ResultsSummary components2:  CBECC-Com 2019.1.0 (1079) / BEMCmpMgr 2019.1.0 (5962) / CA 2019 Nonresidential, Vers. 1.0 Alpha / 1.11.3.f52686d8e1 / 9.0.1-bb7ca4f0da / CSE19 0.860.0 EXE / C:\Users\agoyal\Documents\CBECC-Com 2019 Data\EPW\ / C:\Users\agoyal\Documents\GitHub\T24-2022-CASE-Modeling\framework\analysis\hvac\runs\mumr-baseline\cz10\
2019-12-17 17:45:14 -       ResultsSummary:  2019-12-17 17:45:14,"instance","Mid-Rise Mixed-Use (5-story)","RIVERSIDE_722869",113100,141000,"Title24Compliance",3:46,PASS,2.30,"--","--","Successful (224 warnings)",5678.07,114532,49846.1,0,222.557,17133.9,81516.4,268929,217441,0,149101,34551.8,0,0,670023,1758.53,0,0,0,0,8996.41,0,10754.9,586.724,0,0,0,11341.7,0,0,0,0,0,0,0,0,0,0,0,0,0,4.36924,41.8694,14.1383,0,0.0481354,18.7976,21.6511,100.874,56.8089,0,37.4725,8.36943,0,0,203.525,184.964,18.5603,0,1749.75,"Thermal Zone: F5 Corridor",0,39.25,"Thermal Zone: F5 Corridor",0,"--","--","Successful (223 warnings)",11.7655,121522,49502.2,0,65.9133,17148.8,81516.4,269767,217441,0,149101,8626.31,0,0,644936,2444.89,0,0,0,0,8104.39,0,10549.3,586.724,0,0,0,11136,0,0,0,0,0,0,0,0,0,0,0,0,0,4.36951,45.5674,14.2207,0,0.0141157,17.3604,21.6511,103.183,56.8089,0,37.4725,2.08954,0,0,199.554,181.223,18.3312,0,0,,0,0,,0,4.71454e-06,56.1166,11.7188,0,0.00627146,2.55446,14.4768,84.8729,38.321,0,25.7371,3.94427,0,0,152.875,1.33428e-06,63.283,11.7629,0,0.000169201,2.54608,14.4768,92.0689,38.321,0,25.7371,0.984739,0,0,157.112,"CBECC-Com 2019.1.0 (1079)","BEMCmpMgr 2019.1.0 (5962)","CA 2019 Nonresidential, Vers. 1.0 Alpha","1.11.3.f52686d8e1","9.0.1-bb7ca4f0da","CSE19 0.860.0 EXE","C:\Users\agoyal\Documents\CBECC-Com 2019 Data\EPW\","C:\Users\agoyal\Documents\GitHub\T24-2022-CASE-Modeling\framework\analysis\hvac\runs\mumr-baseline\cz10\",

2019-12-17 17:45:17 - -----------------------------------------------------------------------------
2019-12-17 17:45:17 - Opening Project 'cz10\instance.cibd19'...
2019-12-17 17:45:18 -    Model load successful into CBECC-Com 2019.1.0 (1079)
2019-12-17 17:45:18 - Performing Building Database check...
2019-12-17 17:45:18 - Building Database check completed, no problems found.
2019-12-17 17:45:21 - Project Saved
