2019-12-17 17:29:53 - -----------------------------------------------------------------------------
2019-12-17 17:29:53 - Opening Project 'cz07\instance.cibd19'...
2019-12-17 17:29:54 -    Model load successful into CBECC-Com 2019.1.0 (1079)
2019-12-17 17:29:54 - Performing Building Database check...
2019-12-17 17:29:54 - Building Database check completed, no problems found.
2019-12-17 17:29:58 -   PerfAnal_NRes - starting, w/ arguments:
2019-12-17 17:29:58 -        BEMBasePathFile    = (null)
2019-12-17 17:29:58 -        RulesetPathFile    = (null)
2019-12-17 17:29:58 -        SimWeatherPath     = C:\Users\agoyal\Documents\CBECC-Com 2019 Data\EPW\
2019-12-17 17:29:58 -        CompMgrDLLPath     = (null)
2019-12-17 17:29:58 -        DHWWeatherPath     = (null)
2019-12-17 17:29:58 -        ProcessingPath     = C:\Users\agoyal\Documents\GitHub\T24-2022-CASE-Modeling\framework\analysis\hvac\runs\mumr-baseline\cz07\instance - run\
2019-12-17 17:29:58 -        ModelPathFile      = C:\Users\agoyal\Documents\GitHub\T24-2022-CASE-Modeling\framework\analysis\hvac\runs\mumr-baseline\cz07\instance.cibd19
2019-12-17 17:29:58 -        LogPathFile        = (null)
2019-12-17 17:29:58 -        UIVersionString    = CBECC-Com 2019.1.0 (1079)
2019-12-17 17:29:58 -        LoadModelFile      = false
2019-12-17 17:29:58 -        OptionsCSV         = AllowAnalysisAbort,0,StoreBEMDetails,1,AnalysisThruStep,8,ModelRpt_ALL,1,SimulationStorage,7,ExportHourlyResults_All,1,PromptUserUMLHWarning,1,PreAnalysisCheckPromptOption,3,CompReportWarningOption,5,
2019-12-17 17:29:58 -        ErrorMsg           = (assumed to be initialized)
2019-12-17 17:29:58 -        ErrorMsgLen        = 2056
2019-12-17 17:29:58 -        DisplayProgress    = true
2019-12-17 17:29:58 -        ResultsSummary     = (empty)
2019-12-17 17:29:58 -        ResultsSummaryLen  = 3200
2019-12-17 17:29:58 -        pProgCallbackFunc  = (null)
2019-12-17 17:29:59 - Performing Building Database check...
2019-12-17 17:29:59 - Building Database check completed, no problems found.
2019-12-17 17:29:59 - Warning:  The following developer options must be defaulted (not specified by the user) in order to perform a valid compliance analysis:
          Proj 'Mid-Rise Mixed-Use (5-story)' AutoHardSize
          Proj 'Mid-Rise Mixed-Use (5-story)' AutoEffInput
2019-12-17 17:29:59 -    9 file hash check(s) failed on executable and/or analysis support files (analysis continuing w/ report signature disabled)
2019-12-17 17:30:01 - Performing Building Database check...
2019-12-17 17:30:01 - Building Database check completed, no problems found.
2019-12-17 17:30:01 - Warning:  The AirSystem:Count for multi-zone system 'DOAS1' is not consistent with the maximum or minimum ThermalZone:Multiplier of the zones the system serves. This indicates the HVAC system serves more than 1 floor, or that Multipliers or system Count may be improperly defined. Check inputs for consistency. evaluating rule: Set CHECKCODE AirSys:Cnt  (68:'HVACSecondary-General.rule' line 1360)
2019-12-17 17:30:04 -   PerfAnal_NRes - Bypassing OpenStudio (and simulation) for zp model
2019-12-17 17:33:24 -   PerfSim_E+ - Final Result: PASS  -- compliance margin: 0.58 (0.71%)
2019-12-17 17:33:26 - Analysis result:  PASS  (TDV margin: 0.58)  Processing time:  Overall 3:28 / SDD2IDF x4 avg 0:07 / SizSim x2 avg 0:12 / AnnSim x2 avg 1:04 / ReportGen x0 0:00 / Other 0:23
2019-12-17 17:33:26 -       ResultsSummary population:  bAbort = (false) / RuleProcAbort = (false) / iRetVal = 0 / pszResultsSummary = (empty) / iResultsSummaryLen = 3200
2019-12-17 17:33:26 -       ResultsSummary components1:  2019-12-17 17:33:26 / instance / Mid-Rise Mixed-Use (5-story) / SAN-DIEGO-LINDBERGH_722900 / Title24Compliance / 3:28 / PASS / 0.58
2019-12-17 17:33:26 -       ResultsSummary components2:  CBECC-Com 2019.1.0 (1079) / BEMCmpMgr 2019.1.0 (5962) / CA 2019 Nonresidential, Vers. 1.0 Alpha / 1.11.3.f52686d8e1 / 9.0.1-bb7ca4f0da / CSE19 0.860.0 EXE / C:\Users\agoyal\Documents\CBECC-Com 2019 Data\EPW\ / C:\Users\agoyal\Documents\GitHub\T24-2022-CASE-Modeling\framework\analysis\hvac\runs\mumr-baseline\cz07\
2019-12-17 17:33:26 -       ResultsSummary:  2019-12-17 17:33:26,"instance","Mid-Rise Mixed-Use (5-story)","SAN-DIEGO-LINDBERGH_722900",113100,141000,"Title24Compliance",3:28,PASS,0.58,"--","--","Successful (223 warnings)",3668.16,77713.6,44096.6,0,257.997,17147.1,81553.4,224437,217441,0,149101,34551.8,0,0,625531,922.584,0,0,0,0,9235.07,0,10157.7,586.724,0,0,0,10744.4,0,0,0,0,0,0,0,0,0,0,0,0,0,2.42387,26.3882,11.8423,0,0.0630107,19.231,21.4666,81.415,57.537,0,38.4461,8.41216,0,0,185.81,168.348,17.4626,0,1463.25,"Thermal Zone: F5 Corridor",0,6,"Thermal Zone: F5 Studio SW",0,"--","--","Successful (223 warnings)",6.5868,79198.3,45009.4,0,44.7711,17161.9,81553.4,222974,217441,0,149101,8626.31,0,0,598143,1263.92,0,0,0,0,9235.07,0,10499,586.724,0,0,0,11085.7,0,0,0,0,0,0,0,0,0,0,0,0,0,2.23361,26.8611,12.1901,0,0.0104152,19.2335,21.4666,81.9952,57.537,0,38.4461,2.10021,0,0,180.078,162.026,18.0523,0,0,,0,0,,0,0.00017268,34.7579,8.62215,0,0.0425939,2.6164,14.4739,60.5131,38.321,0,25.7371,3.94427,0,0,128.515,2.80122e-05,34.4644,8.73338,0,0.004043,2.62191,14.4739,60.2977,38.321,0,25.7371,0.984739,0,0,125.341,"CBECC-Com 2019.1.0 (1079)","BEMCmpMgr 2019.1.0 (5962)","CA 2019 Nonresidential, Vers. 1.0 Alpha","1.11.3.f52686d8e1","9.0.1-bb7ca4f0da","CSE19 0.860.0 EXE","C:\Users\agoyal\Documents\CBECC-Com 2019 Data\EPW\","C:\Users\agoyal\Documents\GitHub\T24-2022-CASE-Modeling\framework\analysis\hvac\runs\mumr-baseline\cz07\",

2019-12-17 17:33:29 - -----------------------------------------------------------------------------
2019-12-17 17:33:29 - Opening Project 'cz07\instance.cibd19'...
2019-12-17 17:33:30 -    Model load successful into CBECC-Com 2019.1.0 (1079)
2019-12-17 17:33:30 - Performing Building Database check...
2019-12-17 17:33:30 - Building Database check completed, no problems found.
2019-12-17 17:33:33 - Project Saved
