2020-03-19 17:29:40 - -----------------------------------------------------------------------------
2020-03-19 17:29:40 - Opening Project 'cz08\instance.ribd22'...
2020-03-19 17:29:40 -    Model load successful into CBECC-Res 2022.0.2 RV (1133)
2020-03-19 17:29:41 - Performing Building Database check...
2020-03-19 17:29:41 - Building Database check completed, no problems found.
2020-03-19 17:39:01 - -----------------------------------------------------------------------------
2020-03-19 17:39:01 - Opening Project 'cz08\instance.ribd22'...
2020-03-19 17:39:01 -    Model load successful into CBECC-Res 2022.0.2 RV (1133)
2020-03-19 17:39:01 - Performing Building Database check...
2020-03-19 17:39:01 - Building Database check completed, no problems found.
2020-03-19 18:54:48 - -----------------------------------------------------------------------------
2020-03-19 18:54:48 - Opening Project 'cz08\instance.ribd22'...
2020-03-19 18:54:48 -    ERROR - reading file: component Proj '2019 Prototype 39372ft2 Prop Mixed - In-Unit Heat Pump DHW' includes unrecognized property 'SoftwareVersionDetail' on line # 28
2020-03-19 18:54:48 -    ERROR - reading file: component Proj '2019 Prototype 39372ft2 Prop Mixed - In-Unit Heat Pump DHW' includes unrecognized property 'BattDRNumRankedDays' on line # 72
2020-03-19 18:54:48 -    ERROR - reading file: component OtherZone 'Corridor1' includes unrecognized property 'IAQOption' on line # 1068
2020-03-19 18:54:48 -    ERROR - reading file: component OtherZone 'Corridor1' includes unrecognized property 'IAQFanCnt' on line # 1069
2020-03-19 18:54:48 -    ERROR - reading file: component OtherZone 'BusinessCenter1' includes unrecognized property 'IAQOption' on line # 1106
2020-03-19 18:54:48 -    ERROR - reading file: component OtherZone 'BusinessCenter1' includes unrecognized property 'IAQFanCnt' on line # 1107
2020-03-19 18:54:48 -    ERROR - reading file: component OtherZone 'FitnessCenter1' includes unrecognized property 'IAQOption' on line # 1171
2020-03-19 18:54:48 -    ERROR - reading file: component OtherZone 'FitnessCenter1' includes unrecognized property 'IAQFanCnt' on line # 1172
2020-03-19 18:54:48 -    ERROR - reading file: component OtherZone 'Laundry1' includes unrecognized property 'IAQOption' on line # 1236
2020-03-19 18:54:48 -    ERROR - reading file: component OtherZone 'Laundry1' includes unrecognized property 'IAQFanCnt' on line # 1237
2020-03-19 18:54:48 -    ERROR - reading file: component OtherZone 'LeasingOffice1' includes unrecognized property 'IAQOption' on line # 1338
2020-03-19 18:54:48 -    ERROR - reading file: component OtherZone 'LeasingOffice1' includes unrecognized property 'IAQFanCnt' on line # 1339
2020-03-19 18:54:48 -    ERROR - reading file: component OtherZone 'Lobby1' includes unrecognized property 'IAQOption' on line # 1440
2020-03-19 18:54:48 -    ERROR - reading file: component OtherZone 'Lobby1' includes unrecognized property 'IAQFanCnt' on line # 1441
2020-03-19 18:54:48 -    ERROR - reading file: component OtherZone 'MechanicalRoom1' includes unrecognized property 'IAQOption' on line # 1540
2020-03-19 18:54:48 -    ERROR - reading file: component OtherZone 'MechanicalRoom1' includes unrecognized property 'IAQFanCnt' on line # 1541
2020-03-19 18:54:48 -    ERROR - reading file: component OtherZone 'Stairs1' includes unrecognized property 'IAQOption' on line # 1589
2020-03-19 18:54:48 -    ERROR - reading file: component OtherZone 'Stairs1' includes unrecognized property 'IAQFanCnt' on line # 1590
2020-03-19 18:54:48 -    ERROR - reading file: component OtherZone 'Corridor2' includes unrecognized property 'IAQOption' on line # 1656
2020-03-19 18:54:48 -    ERROR - reading file: component OtherZone 'Corridor2' includes unrecognized property 'IAQFanCnt' on line # 1657
2020-03-19 18:54:48 -    ERROR - reading file: component OtherZone 'Corridor3' includes unrecognized property 'IAQOption' on line # 1719
2020-03-19 18:54:48 -    ERROR - reading file: component OtherZone 'Corridor3' includes unrecognized property 'IAQFanCnt' on line # 1720
2020-03-19 18:54:48 -    ERROR - reading file: component OtherZone 'Stairs2' includes unrecognized property 'IAQOption' on line # 1789
2020-03-19 18:54:48 -    ERROR - reading file: component OtherZone 'Stairs2' includes unrecognized property 'IAQFanCnt' on line # 1790
2020-03-19 18:54:48 -    ERROR - reading file: component OtherZone 'Stairs3' includes unrecognized property 'IAQOption' on line # 1854
2020-03-19 18:54:48 -    ERROR - reading file: component OtherZone 'Stairs3' includes unrecognized property 'IAQFanCnt' on line # 1855
2020-03-19 18:54:48 -    ERROR - reading file: component EUseSummary 'EUSummary' includes unrecognized property 'StdDHW_SSF' on line # 2398
2020-03-19 18:54:48 -    ERROR - reading file: component IAQFan 'TwoBedroomIAQFan' includes unrecognized property 'IncludesRecov' on line # 3985
2020-03-19 18:54:48 -    ERROR - reading file: component IAQFan 'TwoBedroomIAQFan' includes unrecognized property 'SetPerfByHVIInterp' on line # 3986
2020-03-19 18:54:48 -    ERROR - reading file: component IAQFan 'OneBedroomIAQFan' includes unrecognized property 'IncludesRecov' on line # 3993
2020-03-19 18:54:48 -    ERROR - reading file: component IAQFan 'OneBedroomIAQFan' includes unrecognized property 'SetPerfByHVIInterp' on line # 3994
2020-03-19 18:54:48 -    ERROR - reading file: component IAQFan 'ThreeBedroomIAQFan' includes unrecognized property 'IncludesRecov' on line # 4001
2020-03-19 18:54:48 -    ERROR - reading file: component IAQFan 'ThreeBedroomIAQFan' includes unrecognized property 'SetPerfByHVIInterp' on line # 4002
2020-03-19 18:54:48 -    ERROR - reading file: component IAQFan 'StudioIAQFan' includes unrecognized property 'IncludesRecov' on line # 4009
2020-03-19 18:54:48 -    ERROR - reading file: component IAQFan 'StudioIAQFan' includes unrecognized property 'SetPerfByHVIInterp' on line # 4010
2020-03-19 18:54:48 -    Model load successful into CBECC-Res 2022.0.2 RV (1133)
2020-03-19 18:54:48 - 35 error(s) encountered reading project file:  C:\Users\ndperry\Documents\GitHub\T24-2022-CASE-Modeling\framework\analysis\hpte\runs\lrlc-QII-0\cz08\instance.ribd22
2020-03-19 18:54:49 - Performing Building Database check...
2020-03-19 18:54:49 - Building Database check completed, no problems found.
2020-03-19 18:54:49 - Error:  Undefined data: right side of '*' evaluating rule: Rule 39, 77, 'Rules_Default_Shell.rule' Line 360: Set DwellUnitType:IAQHRVCFMxRcvEff - 1
2020-03-19 18:54:49 - Error:  Undefined data: right side of '*' evaluating rule: Rule 39, 77, 'Rules_Default_Shell.rule' Line 360: Set DwellUnitType:IAQHRVCFMxRcvEff - 1
2020-03-19 18:54:49 - Error:  Undefined data: right side of '*' evaluating rule: Rule 39, 77, 'Rules_Default_Shell.rule' Line 360: Set DwellUnitType:IAQHRVCFMxRcvEff - 1
2020-03-19 18:54:49 - Error:  Undefined data: right side of '*' evaluating rule: Rule 39, 77, 'Rules_Default_Shell.rule' Line 360: Set DwellUnitType:IAQHRVCFMxRcvEff - 1
2020-03-19 18:54:49 - Error:  Undefined data: right side of '*' evaluating rule: Rule 39, 77, 'Rules_Default_Shell.rule' Line 360: Set DwellUnitType:IAQHRVCFMxRcvEff - 1
2020-03-19 18:54:49 - Error:  Undefined data: right side of '*' evaluating rule: Rule 39, 77, 'Rules_Default_Shell.rule' Line 360: Set DwellUnitType:IAQHRVCFMxRcvEff - 1
2020-03-19 18:54:49 - Error:  Undefined data: right side of '*' evaluating rule: Rule 39, 77, 'Rules_Default_Shell.rule' Line 360: Set DwellUnitType:IAQHRVCFMxRcvEff - 1
2020-03-19 18:54:49 - Error:  Undefined data: right side of '*' evaluating rule: Rule 39, 77, 'Rules_Default_Shell.rule' Line 360: Set DwellUnitType:IAQHRVCFMxRcvEff - 1
2020-03-19 18:54:49 - Error:  Undefined data: right side of '*' evaluating rule: Rule 39, 77, 'Rules_Default_Shell.rule' Line 360: Set DwellUnitType:IAQHRVCFMxRcvEff - 1
2020-03-19 18:54:49 - Error:  Undefined data: right side of '*' evaluating rule: Rule 39, 77, 'Rules_Default_Shell.rule' Line 360: Set DwellUnitType:IAQHRVCFMxRcvEff - 1
2020-03-19 18:54:49 - Error:  Undefined data: right side of '*' evaluating rule: Rule 39, 77, 'Rules_Default_Shell.rule' Line 360: Set DwellUnitType:IAQHRVCFMxRcvEff - 1
2020-03-19 18:54:49 - Error:  Undefined data: left side of '*' evaluating rule: Rule 39, 116, 'Rules_Default_Shell.rule' Line 551: Set DwellUnit:IAQHRVCFMxRcvEff
2020-03-19 18:54:49 - Error:  Undefined data: left side of '*' evaluating rule: Rule 39, 116, 'Rules_Default_Shell.rule' Line 551: Set DwellUnit:IAQHRVCFMxRcvEff
2020-03-19 18:54:49 - Error:  Undefined data: left side of '*' evaluating rule: Rule 39, 116, 'Rules_Default_Shell.rule' Line 551: Set DwellUnit:IAQHRVCFMxRcvEff
2020-03-19 18:54:49 - Error:  Undefined data: left side of '*' evaluating rule: Rule 39, 116, 'Rules_Default_Shell.rule' Line 551: Set DwellUnit:IAQHRVCFMxRcvEff
2020-03-19 18:54:49 - Error:  Undefined data: left side of '*' evaluating rule: Rule 39, 116, 'Rules_Default_Shell.rule' Line 551: Set DwellUnit:IAQHRVCFMxRcvEff
2020-03-19 18:54:49 - Error:  Undefined data: left side of '*' evaluating rule: Rule 39, 116, 'Rules_Default_Shell.rule' Line 551: Set DwellUnit:IAQHRVCFMxRcvEff
2020-03-19 18:54:49 - Error:  Undefined data: left side of '*' evaluating rule: Rule 39, 116, 'Rules_Default_Shell.rule' Line 551: Set DwellUnit:IAQHRVCFMxRcvEff
2020-03-19 18:54:49 - Error:  Undefined data: left side of '*' evaluating rule: Rule 39, 116, 'Rules_Default_Shell.rule' Line 551: Set DwellUnit:IAQHRVCFMxRcvEff
2020-03-19 18:54:49 - Error:  Undefined data: left side of '*' evaluating rule: Rule 39, 116, 'Rules_Default_Shell.rule' Line 551: Set DwellUnit:IAQHRVCFMxRcvEff
2020-03-19 18:54:49 - Error:  Undefined data: left side of '*' evaluating rule: Rule 39, 116, 'Rules_Default_Shell.rule' Line 551: Set DwellUnit:IAQHRVCFMxRcvEff
2020-03-19 18:54:49 - Error:  Undefined data: left side of '*' evaluating rule: Rule 39, 116, 'Rules_Default_Shell.rule' Line 551: Set DwellUnit:IAQHRVCFMxRcvEff
2020-03-19 18:54:50 - Project Saved
2020-03-19 18:54:51 - Performing Building Database check...
2020-03-19 18:54:51 - Building Database check completed, no problems found.
2020-03-19 18:54:52 -    Analysis being performed by CompMgrVersion 'BEMCmpMgr 2022.0.1 (1633)' via SoftwareVersion 'CBECC-Res 2022.0.2 RV (1133)'
2020-03-19 18:54:53 - CSE report include file use disabled to ensure secure report generation.  Use BypassRuleLimits or other research option to ensure report include file use.
2020-03-19 19:07:12 - Compliance report will be generated without security measures due to inconsistency between software library year (2013) and ruleset code year (2022)
2020-03-19 19:07:12 -   Generating report 'CF1RPRF01E' pdf  
2020-03-19 19:07:26 - Analysis result:  PASS  (TDV margin: 12.44 (23.8%)), Design Rating 33.4 (result not certified due to analysis option(s))  Processing time:  Overall 755.5 / CSE19 700.0 / ModelPrep 25.68 / ResultsProcessing 8.05 / ReportGen 15.4 / ResXMLWriting 1.74 / Model&SecurChks 0.65 / Model&HrlyCSVExports 1.91 / DHWSim 0.00 / LoadModel 0.00 / Other 2.03
2020-03-20 23:37:55 - -----------------------------------------------------------------------------
2020-03-20 23:37:55 - Opening Project 'cz08\instance.ribd22'...
2020-03-20 23:37:55 -    Model load successful into CBECC-Res 2022.0.2 RV (1133)
2020-03-20 23:37:56 - Performing Building Database check...
2020-03-20 23:37:56 - Building Database check completed, no problems found.
2020-03-20 23:37:58 - Performing Building Database check...
2020-03-20 23:37:58 - Building Database check completed, no problems found.
2020-03-20 23:37:58 -    Analysis being performed by CompMgrVersion 'BEMCmpMgr 2022.0.2-Pol-0%RA-NoCH4lk (1715)' via SoftwareVersion 'CBECC-Res 2022.0.2 RV'
2020-03-20 23:37:59 - CSE report include file use disabled to ensure secure report generation.  Use BypassRuleLimits or other research option to ensure report include file use.
2020-03-20 23:38:17 -    StdMixedFuel DHWSolarSys Sizing system run 1 successful
2020-03-20 23:41:50 -    Standard DHWSolarSys Sizing system run 1 successful
2020-03-20 23:44:19 - Compliance report will be generated without security measures due to inconsistency between software library year (2013) and ruleset code year (2022)
2020-03-20 23:44:19 -   Generating report 'CF1RPRF01E' pdf  
2020-03-20 23:44:31 - Analysis result:  FAIL  (TDV margin: -5.56 (-8.3%)), Design Rating 40.3 (result not certified due to analysis option(s))  Processing time:  Overall 394.1 / CSE19 336.6 / ModelPrep 34.30 / ResultsProcessing 4.42 / ReportGen 14.0 / ResXMLWriting 2.36 / Model&SecurChks 0.37 / Model&HrlyCSVExports 1.01 / DHWSim 0.00 / LoadModel 0.00 / Other 1.03
