---------------
P.CSE(620): Info: C:\USERS\MNAKAJIMA\DOCUMENTS\GITHUB\T24-2022-CASE-MODELING\FRAMEWORK\ANALYSIS\HPTE\RUNS\LRLC-WINF-PROPU\CZ12\INSTANCE - COMP22\INSTANCE - PREPROP.CSE(620): Info: 
  DHWSys 'dhwsys-DHWGas': 
    'wsTSetpoint' is ignored -- no setpoint-aware DHWHEATERs in this DHWSYS.
---------------
Warning at hour/subhour 25/20 on autoSizing 27-Jun iteration 30:
  AutoSize pass 1A has not converged.  Abandoning after 30 iterations.
---------------
Warning: Zone 'Zone1-zn': Unmet cooling loads during 107 hours of run.
---------------
Warning: Zone 'Zone2-zn': Unmet cooling loads during 247 hours of run.
---------------
Warning: Zone 'Zone3-zn': Unmet cooling loads during 234 hours of run.
---------------
Warning: Zone 'Corridor1-zn': Condensation occurred in 1264 subhours of run.
    Total condensation heat = 64.4905 kBtu.
---------------
Warning: Zone 'Corridor1-zn': Unmet cooling loads during 137 hours of run.
---------------
Warning: 
  Zone 'BusinessCenter1-zn': Condensation occurred in 4960 subhours of run.
    Total condensation heat = 128.621 kBtu.
---------------
Warning: 
  Zone 'BusinessCenter1-zn': Unmet cooling loads during 536 hours of run.
---------------
Warning: 
  Zone 'FitnessCenter1-zn': Condensation occurred in 49094 subhours of run.
    Total condensation heat = 2983.09 kBtu.
---------------
Warning: 
  Zone 'FitnessCenter1-zn': Unmet cooling loads during 334 hours of run.
---------------
Warning: Zone 'Laundry1-zn': Unmet cooling loads during 189 hours of run.
---------------
Warning: 
  Zone 'LeasingOffice1-zn': Unmet cooling loads during 118 hours of run.
---------------
Warning: Zone 'Lobby1-zn': Condensation occurred in 27456 subhours of run.
    Total condensation heat = 2516.98 kBtu.
---------------
Warning: Zone 'Lobby1-zn': Unmet cooling loads during 277 hours of run.
---------------
Warning: 
  Zone 'MechanicalRoom1-zn': Unmet heating loads during 944 hours of run.
---------------
Warning: 
  Zone 'MechanicalRoom1-zn': Unmet cooling loads during 2408 hours of run.
---------------
Warning: Zone 'Stairs1-zn': Condensation occurred in 205 subhours of run.
    Total condensation heat = 0.656909 kBtu.
---------------
Warning: Zone 'Stairs1-zn': Unmet cooling loads during 17 hours of run.
---------------
Warning: Zone 'Corridor2-zn': Condensation occurred in 155 subhours of run.
    Total condensation heat = 5.78405 kBtu.
---------------
Warning: Zone 'Corridor2-zn': Unmet cooling loads during 429 hours of run.
---------------
Warning: Zone 'Corridor3-zn': Condensation occurred in 236 subhours of run.
    Total condensation heat = 8.55505 kBtu.
---------------
Warning: Zone 'Corridor3-zn': Unmet cooling loads during 235 hours of run.
---------------
Warning: Zone 'Stairs2-zn': Unmet cooling loads during 114 hours of run.
---------------
Warning: Zone 'Stairs3-zn': Unmet cooling loads during 120 hours of run.
---------------
Warning: Zone 'Attic-atc': Condensation occurred in 20222 subhours of run.
    Total condensation heat = 3675.06 kBtu.
---------------
