2020-02-04 20:15:31 - Performing Building Database check...
2020-02-04 20:15:31 - Building Database check completed, no problems found.
2020-02-04 20:15:33 - Error opening file: C:\Users\agoyal\Documents\GitHub\T24-2022-CASE-Modeling\framework\analysis\hpte\runs\mumr-QII-base\cz08\instance - post open.ibd-Detail
2020-02-04 20:15:43 -   PerfAnal_NRes - starting, w/ arguments:
2020-02-04 20:15:43 -        BEMBasePathFile    = (null)
2020-02-04 20:15:43 -        RulesetPathFile    = (null)
2020-02-04 20:15:43 -        SimWeatherPath     = C:\Users\agoyal\Documents\CBECC-Com 2022 Data\EPW\
2020-02-04 20:15:43 -        CompMgrDLLPath     = (null)
2020-02-04 20:15:43 -        DHWWeatherPath     = (null)
2020-02-05 13:48:20 - -----------------------------------------------------------------------------
2020-02-05 13:48:20 - Opening Project 'cz08\instance.cibd22'...
2020-02-05 13:48:22 -    Model load successful into CBECC-Com 2022.0.1 RV (1113)
2020-02-05 13:48:23 - Performing Building Database check...
2020-02-05 13:48:23 - Building Database check completed, no problems found.
2020-02-05 13:48:29 -   PerfAnal_NRes - starting, w/ arguments:
2020-02-05 13:48:29 -        BEMBasePathFile    = (null)
2020-02-05 13:48:29 -        RulesetPathFile    = (null)
2020-02-05 13:48:29 -        SimWeatherPath     = C:\Users\agoyal\Documents\CBECC-Com 2022 Data\EPW\
2020-02-05 13:48:29 -        CompMgrDLLPath     = (null)
2020-02-05 13:48:29 -        DHWWeatherPath     = (null)
2020-02-05 13:48:29 -        ProcessingPath     = C:\Users\agoyal\Documents\GitHub\T24-2022-CASE-Modeling\framework\analysis\hpte\runs\mumr-QII-base\cz08\instance - run\
2020-02-05 13:48:29 -        ModelPathFile      = C:\Users\agoyal\Documents\GitHub\T24-2022-CASE-Modeling\framework\analysis\hpte\runs\mumr-QII-base\cz08\instance.cibd22
2020-02-05 13:48:29 -        LogPathFile        = (null)
2020-02-05 13:48:29 -        UIVersionString    = CBECC-Com 2022.0.1 RV (1113)
2020-02-05 13:48:29 -        LoadModelFile      = false
2020-02-05 13:48:29 -        OptionsCSV         = AllowAnalysisAbort,0,StoreBEMDetails,1,AnalysisThruStep,8,ModelRpt_ALL,1,ExportHourlyResults_All,1,PromptUserUMLHWarning,1,PreAnalysisCheckPromptOption,3,CompReportWarningOption,5,
2020-02-05 13:48:29 -        ErrorMsg           = (assumed to be initialized)
2020-02-05 13:48:29 -        ErrorMsgLen        = 2056
2020-02-05 13:48:29 -        DisplayProgress    = true
2020-02-05 13:48:29 -        ResultsSummary     = (empty)
2020-02-05 13:48:29 -        ResultsSummaryLen  = 3200
2020-02-05 13:48:29 -        pProgCallbackFunc  = (null)
2020-02-05 13:48:31 - Performing Building Database check...
2020-02-05 13:48:31 - Building Database check completed, no problems found.
2020-02-05 13:48:31 - Warning:  The following developer options must be defaulted (not specified by the user) in order to perform a valid compliance analysis:
          Proj 'Mid-Rise Mixed-Use (5-story)' AutoHardSize
          Proj 'Mid-Rise Mixed-Use (5-story)' AutoEffInput
2020-02-05 13:48:32 -    1 file hash check(s) failed on executable and/or analysis support files (analysis continuing w/ report signature disabled)
2020-02-05 13:48:36 -   PerfAnal_NRes - AnalysisThruStep being set to #7 due to Proj:AnalysisType = Title24ProposedOnly
2020-02-05 13:48:36 - Performing Building Database check...
2020-02-05 13:48:36 - Building Database check completed, no problems found.
2020-02-05 13:48:36 - Warning:  The AirSystem:Count for multi-zone system 'DOAS1' is not consistent with the maximum or minimum ThermalZone:Multiplier of the zones the system serves. This indicates the HVAC system serves more than 1 floor, or that Multipliers or system Count may be improperly defined. Check inputs for consistency. evaluating rule: Set CHECKCODE AirSys:Cnt  (68:'HVACSecondary-General.rule' line 1398)
2020-02-05 13:48:44 -   PerfAnal_NRes - Bypassing OpenStudio (and simulation) for zp model
2020-02-05 13:48:47 -   PerfAnal_NRes - Bypassing OpenStudio (and simulation) for zb model
2020-02-05 13:53:30 - Error:  Undefined data: numerator evaluating rule: Set ANNUAL_BASELINE Fan:FlowCap  (75:'HVACSecondary-Fan-General.rule' line 494)
2020-02-05 13:53:30 - Error:  Undefined data: numerator evaluating rule: Set ANNUAL_BASELINE Fan:FlowCap  (75:'HVACSecondary-Fan-General.rule' line 494)
2020-02-05 13:53:30 - Error:  Undefined data: numerator evaluating rule: Set ANNUAL_BASELINE Fan:FlowCap  (75:'HVACSecondary-Fan-General.rule' line 494)
2020-02-05 13:53:30 - Error:  Undefined data: numerator evaluating rule: Set ANNUAL_BASELINE Fan:FlowCap  (75:'HVACSecondary-Fan-General.rule' line 529)
2020-02-05 13:53:30 - Error:  Undefined data: numerator evaluating rule: Set ANNUAL_BASELINE Fan:FlowCap  (75:'HVACSecondary-Fan-General.rule' line 529)
2020-02-05 13:53:30 - Error:  Undefined data: numerator evaluating rule: Set ANNUAL_BASELINE Fan:FlowCap  (75:'HVACSecondary-Fan-General.rule' line 529)
2020-02-05 13:53:30 - Error:  Undefined data: numerator evaluating rule: Set ANNUAL_BASELINE Fan:FlowCap  (75:'HVACSecondary-Fan-General.rule' line 529)
2020-02-05 13:53:30 - Error:  Undefined data: numerator evaluating rule: Set ANNUAL_BASELINE Fan:FlowCap  (75:'HVACSecondary-Fan-General.rule' line 529)
2020-02-05 13:53:30 - Error:  Undefined data: numerator evaluating rule: Set ANNUAL_BASELINE Fan:FlowCap  (75:'HVACSecondary-Fan-General.rule' line 529)
2020-02-05 13:53:30 - Error:  Undefined data: numerator evaluating rule: Set ANNUAL_BASELINE Fan:FlowCap  (75:'HVACSecondary-Fan-General.rule' line 529)
2020-02-05 13:53:30 - Error:  Undefined data: numerator evaluating rule: Set ANNUAL_BASELINE Fan:FlowCap  (75:'HVACSecondary-Fan-General.rule' line 529)
2020-02-05 13:53:30 - Error:  Undefined data: numerator evaluating rule: Set ANNUAL_BASELINE Fan:FlowCap  (75:'HVACSecondary-Fan-General.rule' line 529)
2020-02-05 13:53:30 - Error:  Undefined data: numerator evaluating rule: Set ANNUAL_BASELINE Fan:FlowCap  (75:'HVACSecondary-Fan-General.rule' line 529)
2020-02-05 13:53:30 - Error:  Undefined data: numerator evaluating rule: Set ANNUAL_BASELINE Fan:FlowCap  (75:'HVACSecondary-Fan-General.rule' line 529)
2020-02-05 13:53:30 - Error:  Undefined data: numerator evaluating rule: Set ANNUAL_BASELINE Fan:FlowCap  (75:'HVACSecondary-Fan-General.rule' line 529)
2020-02-05 13:53:30 - Error:  Undefined data: numerator evaluating rule: Set ANNUAL_BASELINE Fan:FlowCap  (75:'HVACSecondary-Fan-General.rule' line 529)
2020-02-05 13:53:30 - Error:  Undefined data: numerator evaluating rule: Set ANNUAL_BASELINE Fan:FlowCap  (75:'HVACSecondary-Fan-General.rule' line 529)
2020-02-05 13:53:30 - Error:  Undefined data: numerator evaluating rule: Set ANNUAL_BASELINE Fan:FlowCap  (75:'HVACSecondary-Fan-General.rule' line 529)
2020-02-05 13:53:30 - Error:  Undefined data: numerator evaluating rule: Set ANNUAL_BASELINE Fan:FlowCap  (75:'HVACSecondary-Fan-General.rule' line 529)
2020-02-05 13:53:30 - Error:  Undefined data: numerator evaluating rule: Set ANNUAL_BASELINE Fan:FlowCap  (75:'HVACSecondary-Fan-General.rule' line 529)
2020-02-05 13:53:30 - Error:  Undefined data: numerator evaluating rule: Set ANNUAL_BASELINE Fan:FlowCap  (75:'HVACSecondary-Fan-General.rule' line 529)
2020-02-05 13:53:30 - Error:  Undefined data: numerator evaluating rule: Set ANNUAL_BASELINE Fan:FlowCap  (75:'HVACSecondary-Fan-General.rule' line 529)
2020-02-05 13:53:30 - Error:  Undefined data: numerator evaluating rule: Set ANNUAL_BASELINE Fan:FlowCap  (75:'HVACSecondary-Fan-General.rule' line 529)
2020-02-05 13:53:30 - Error:  Undefined data: numerator evaluating rule: Set ANNUAL_BASELINE Fan:FlowCap  (75:'HVACSecondary-Fan-General.rule' line 529)
2020-02-05 13:53:30 - Error:  Undefined data: numerator evaluating rule: Set ANNUAL_BASELINE Fan:FlowCap  (75:'HVACSecondary-Fan-General.rule' line 529)
2020-02-05 13:53:30 - Error:  Division by zero evaluating rule: Set ANNUAL_BASELINE ThrmlZn:PriAirCondgSysDsgnFlow  (76:'HVACSecondary-Fan-FanRatios.rule' line 67)
2020-02-05 13:53:30 - Error:  Division by zero evaluating rule: Set ANNUAL_BASELINE ThrmlZn:PriAirCondgSysDsgnFlow  (76:'HVACSecondary-Fan-FanRatios.rule' line 67)
2020-02-05 13:53:30 - Error:  Division by zero evaluating rule: Set ANNUAL_BASELINE ThrmlZn:PriAirCondgSysDsgnFlow  (76:'HVACSecondary-Fan-FanRatios.rule' line 67)
2020-02-05 13:53:30 - Error:  Division by zero evaluating rule: Set ANNUAL_BASELINE ThrmlZn:PriAirCondgSysDsgnFlow  (76:'HVACSecondary-Fan-FanRatios.rule' line 67)
2020-02-05 13:53:30 - Error:  Division by zero evaluating rule: Set ANNUAL_BASELINE ThrmlZn:PriAirCondgSysDsgnFlow  (76:'HVACSecondary-Fan-FanRatios.rule' line 67)
2020-02-05 13:53:30 - Error:  Division by zero evaluating rule: Set ANNUAL_BASELINE ThrmlZn:PriAirCondgSysDsgnFlow  (76:'HVACSecondary-Fan-FanRatios.rule' line 67)
2020-02-05 13:53:30 - Error:  Division by zero evaluating rule: Set ANNUAL_BASELINE ThrmlZn:PriAirCondgSysDsgnFlow  (76:'HVACSecondary-Fan-FanRatios.rule' line 67)
2020-02-05 13:53:30 - Error:  Division by zero evaluating rule: Set ANNUAL_BASELINE ThrmlZn:PriAirCondgSysDsgnFlow  (76:'HVACSecondary-Fan-FanRatios.rule' line 67)
2020-02-05 13:53:30 - Error:  Division by zero evaluating rule: Set ANNUAL_BASELINE ThrmlZn:PriAirCondgSysDsgnFlow  (76:'HVACSecondary-Fan-FanRatios.rule' line 67)
2020-02-05 13:53:30 - Error:  Division by zero evaluating rule: Set ANNUAL_BASELINE ThrmlZn:PriAirCondgSysDsgnFlow  (76:'HVACSecondary-Fan-FanRatios.rule' line 67)
2020-02-05 13:53:30 - Error:  Division by zero evaluating rule: Set ANNUAL_BASELINE ThrmlZn:PriAirCondgSysDsgnFlow  (76:'HVACSecondary-Fan-FanRatios.rule' line 67)
2020-02-05 13:53:30 - Error:  Division by zero evaluating rule: Set ANNUAL_BASELINE ThrmlZn:PriAirCondgSysDsgnFlow  (76:'HVACSecondary-Fan-FanRatios.rule' line 67)
2020-02-05 13:53:30 - Error:  Division by zero evaluating rule: Set ANNUAL_BASELINE ThrmlZn:VentSysDsgnFlow  (76:'HVACSecondary-Fan-FanRatios.rule' line 111)
2020-02-05 13:53:30 - Error:  Division by zero evaluating rule: Set ANNUAL_BASELINE ThrmlZn:VentSysDsgnFlow  (76:'HVACSecondary-Fan-FanRatios.rule' line 111)
2020-02-05 13:53:30 - Error:  Division by zero evaluating rule: Set ANNUAL_BASELINE ThrmlZn:VentSysDsgnFlow  (76:'HVACSecondary-Fan-FanRatios.rule' line 111)
2020-02-05 13:53:30 - Error:  Division by zero evaluating rule: Set ANNUAL_BASELINE ThrmlZn:VentSysDsgnFlow  (76:'HVACSecondary-Fan-FanRatios.rule' line 111)
2020-02-05 13:53:30 - Error:  Division by zero evaluating rule: Set ANNUAL_BASELINE ThrmlZn:VentSysDsgnFlow  (76:'HVACSecondary-Fan-FanRatios.rule' line 111)
2020-02-05 13:53:30 - Error:  Division by zero evaluating rule: Set ANNUAL_BASELINE ThrmlZn:VentSysDsgnFlow  (76:'HVACSecondary-Fan-FanRatios.rule' line 111)
2020-02-05 13:53:30 - Error:  Division by zero evaluating rule: Set ANNUAL_BASELINE ThrmlZn:VentSysDsgnFlow  (76:'HVACSecondary-Fan-FanRatios.rule' line 111)
2020-02-05 13:53:30 - Error:  Division by zero evaluating rule: Set ANNUAL_BASELINE ThrmlZn:VentSysDsgnFlow  (76:'HVACSecondary-Fan-FanRatios.rule' line 111)
2020-02-05 13:53:30 - Error:  Division by zero evaluating rule: Set ANNUAL_BASELINE ThrmlZn:VentSysDsgnFlow  (76:'HVACSecondary-Fan-FanRatios.rule' line 111)
2020-02-05 13:53:30 - Error:  Division by zero evaluating rule: Set ANNUAL_BASELINE ThrmlZn:VentSysDsgnFlow  (76:'HVACSecondary-Fan-FanRatios.rule' line 111)
2020-02-05 13:53:30 - Error:  Division by zero evaluating rule: Set ANNUAL_BASELINE ThrmlZn:VentSysDsgnFlow  (76:'HVACSecondary-Fan-FanRatios.rule' line 111)
2020-02-05 13:53:30 - Error:  Division by zero evaluating rule: Set ANNUAL_BASELINE ThrmlZn:VentSysDsgnFlow  (76:'HVACSecondary-Fan-FanRatios.rule' line 111)
2020-02-05 13:53:32 -   PerfAnal_NRes - Bypassing OpenStudio (and simulation) for ab model
2020-02-05 13:53:32 -   PerfAnal_NRes - Completed analysis steps thru #7
2020-02-05 13:53:32 - Analysis incomplete  Processing time:  Overall 5:03 / SDD2IDF x2 avg 0:07 / SizSim x0 0:00 / AnnSim x2 avg 2:05 / ReportGen x0 0:00 / Other 0:33
2020-02-05 13:53:32 -       ResultsSummary population:  bAbort = (false) / RuleProcAbort = (false) / iRetVal = 0 / pszResultsSummary = (empty) / iResultsSummaryLen = 3200
2020-02-05 13:53:32 -       ResultsSummary components1:  2020-02-05 13:53:32 / instance / Mid-Rise Mixed-Use (5-story) / CTZ08S22A / Title24ProposedOnly / 5:03 /  / 
2020-02-05 13:53:32 -       ResultsSummary components2:  CBECC-Com 2022.0.1 RV (1113) / BEMCmpMgr 2022.0.1 RV (6107) / CA 2022 Nonresidential, Vers. 1.0 Alpha /  /  / - / C:\Users\agoyal\Documents\CBECC-Com 2022 Data\EPW\ / C:\Users\agoyal\Documents\GitHub\T24-2022-CASE-Modeling\framework\analysis\hpte\runs\mumr-QII-base\cz08\
2020-02-05 13:53:32 -       ResultsSummary:  2020-02-05 13:53:32,"instance","Mid-Rise Mixed-Use (5-story)","CTZ08S22A","Pol  0% RetAdd NoLeak",113100,141000,"Title24ProposedOnly",5:03,,,"--","--","Successful (219 warnings)",3.85212,121941,60707.1,0,212.217,12690.1,81958.2,277512,217441,0,149101,34551.8,0,0,678606,940.09,0,0,0,0,9375.91,0,10316,586.724,0,0,0,10902.7,0,0,0,0,0,0,0,0,0,0,0,0,0,2.24715,35.9143,15.8354,0,0.0474878,23.1359,19.9668,97.1471,55.4267,0,37.5962,8.5205,0,0,198.691,175.172,23.5182,0,3950,"Thermal Zone: F2-4 Corridor",0,430.25,"Thermal Zone: F5 Corridor",0,"--","--","",0,0,0,0,0,0,0,0,0,0,0,0,0,0,0,0,0,0,0,0,0,0,0,0,0,0,0,0,0,0,0,0,0,0,0,0,0,0,0,0,0,0,0,0,0,0,0,0,0,0,0,0,0,0,0,0,0,0,0,,,,,,,2.48263e-05,36.6477,10.9626,0,0.0259392,2.08401,14.4245,64.1448,38.321,0,25.7371,3.94427,0,0,132.147,0,0,0,0,0,0,0,0,0,0,0,0,0,0,0,"CBECC-Com 2022.0.1 RV (1113)","BEMCmpMgr 2022.0.1 RV (6107)","CA 2022 Nonresidential, Vers. 1.0 Alpha","","","-","C:\Users\agoyal\Documents\CBECC-Com 2022 Data\EPW\","C:\Users\agoyal\Documents\GitHub\T24-2022-CASE-Modeling\framework\analysis\hpte\runs\mumr-QII-base\cz08\",0.00083557,13.0985,8.37502,0,0.0299832,1.61406,9.03796,32.16,32.22,0,25.6908,5.68613,0,0,95.76,0.450761,0,0,0,0,4.49562,0,4.95,0.281326,0,0,0,5.23,0,0,0,0,0,0,0,0,0,0,0,0,0,0,0,0,0,0,0,0,0,0,0,0,0,0,0,0,0.763376,2.18166,1.39492,0,0.00499391,7.88091,1.50534,13.7312,5.84282,0,4.27899,0.947065,0,0,24.8001,0,0,0,0,0,0,0,0,0,0,0,0,0,0,0,

2020-02-05 13:53:36 - -----------------------------------------------------------------------------
2020-02-05 13:53:36 - Opening Project 'cz08\instance.cibd22'...
2020-02-05 13:53:37 -    Model load successful into CBECC-Com 2022.0.1 RV (1113)
2020-02-05 13:53:37 - Performing Building Database check...
2020-02-05 13:53:37 - Building Database check completed, no problems found.
2020-02-05 13:53:45 - Project Saved
