2019-12-17 17:45:22 - -----------------------------------------------------------------------------
2019-12-17 17:45:22 - Opening Project 'cz11\instance.cibd19'...
2019-12-17 17:45:23 - Error resolving project component references: 1 not found.
2019-12-17 17:45:23 -       'Compliance Insulation R2' (once)
2019-12-17 17:45:23 -    Model load failed (return code 6) into CBECC-Com 2019.1.0 (1079)
2019-12-17 17:45:23 - Error(s) encountered (return code 6: Unable to read/parse building energy model file) reading project file:  C:\Users\agoyal\Documents\GitHub\T24-2022-CASE-Modeling\framework\analysis\hvac\runs\mumr-baseline\cz11\instance.cibd19
2019-12-17 17:45:23 - Performing Building Database check...
2019-12-17 17:45:23 - Building Database check completed, no problems found.
2019-12-17 17:45:23 - Error:  ConsAssmUFactor Error:  ConsAssm object 'ResWoodWallU059' has gap in material references (~items 3/4). evaluating rule: Set DEFAULT ConsAssm:UFactor  (19:'ConstructAssembly.rule' line 1252)
2019-12-17 17:45:24 - Error:  ConsAssmUFactor Error:  ConsAssm object 'ResWoodWallU059' has gap in material references (~items 3/4). evaluating rule: Set DEFAULT ConsAssm:UFactor  (19:'ConstructAssembly.rule' line 1252)
2019-12-17 17:45:24 - Error:  ConsAssmUFactor Error:  ConsAssm object 'ResWoodWallU059' has gap in material references (~items 3/4). evaluating rule: Set DEFAULT ConsAssm:UFactor  (19:'ConstructAssembly.rule' line 1252)
2019-12-17 17:45:26 - Error:  ConsAssmUFactor Error:  ConsAssm object 'ResWoodWallU059' has gap in material references (~items 3/4). evaluating rule: Set DEFAULT ConsAssm:UFactor  (19:'ConstructAssembly.rule' line 1252)
2019-12-17 17:45:26 - Error:  ConsAssmUFactor Error:  ConsAssm object 'ResWoodWallU059' has gap in material references (~items 3/4). evaluating rule: Set DEFAULT ConsAssm:UFactor  (19:'ConstructAssembly.rule' line 1252)
2019-12-17 17:45:27 -   PerfAnal_NRes - starting, w/ arguments:
2019-12-17 17:45:27 -        BEMBasePathFile    = (null)
2019-12-17 17:45:27 -        RulesetPathFile    = (null)
2019-12-17 17:45:27 -        SimWeatherPath     = C:\Users\agoyal\Documents\CBECC-Com 2019 Data\EPW\
2019-12-17 17:45:27 -        CompMgrDLLPath     = (null)
2019-12-17 17:45:27 -        DHWWeatherPath     = (null)
2019-12-17 17:45:27 -        ProcessingPath     = C:\Users\agoyal\Documents\GitHub\T24-2022-CASE-Modeling\framework\analysis\hvac\runs\mumr-baseline\cz11\instance - run\
2019-12-17 17:45:27 -        ModelPathFile      = C:\Users\agoyal\Documents\GitHub\T24-2022-CASE-Modeling\framework\analysis\hvac\runs\mumr-baseline\cz11\instance.cibd19
2019-12-17 17:45:27 -        LogPathFile        = (null)
2019-12-17 17:45:27 -        UIVersionString    = CBECC-Com 2019.1.0 (1079)
2019-12-17 17:45:27 -        LoadModelFile      = false
2019-12-17 17:45:27 -        OptionsCSV         = AllowAnalysisAbort,0,StoreBEMDetails,1,AnalysisThruStep,8,ModelRpt_ALL,1,SimulationStorage,7,ExportHourlyResults_All,1,PromptUserUMLHWarning,1,PreAnalysisCheckPromptOption,3,CompReportWarningOption,5,
2019-12-17 17:45:27 -        ErrorMsg           = (assumed to be initialized)
2019-12-17 17:45:27 -        ErrorMsgLen        = 2056
2019-12-17 17:45:27 -        DisplayProgress    = true
2019-12-17 17:45:27 -        ResultsSummary     = (empty)
2019-12-17 17:45:27 -        ResultsSummaryLen  = 3200
2019-12-17 17:45:27 -        pProgCallbackFunc  = (null)
2019-12-17 17:45:27 - Performing Building Database check...
2019-12-17 17:45:27 - Building Database check completed, no problems found.
2019-12-17 17:45:27 - Warning:  The following developer options must be defaulted (not specified by the user) in order to perform a valid compliance analysis:
          Proj 'Mid-Rise Mixed-Use (5-story)' AutoHardSize
          Proj 'Mid-Rise Mixed-Use (5-story)' AutoEffInput
2019-12-17 17:45:28 -    9 file hash check(s) failed on executable and/or analysis support files (analysis continuing w/ report signature disabled)
2019-12-17 17:45:28 - Error:  ConsAssmUFactor Error:  ConsAssm object 'ResWoodWallU059' has gap in material references (~items 3/4). evaluating rule: Set DEFAULT ConsAssm:UFactor  (19:'ConstructAssembly.rule' line 1252)
2019-12-17 17:45:30 - Error:  ConsAssmUFactor Error:  ConsAssm object 'ResWoodWallU059' has gap in material references (~items 3/4). evaluating rule: Set SIZING_PROPOSED ConsAssm:UFactor  (19:'ConstructAssembly.rule' line 1264)
2019-12-17 17:45:32 -   PerfAnal_NRes - Bypassing OpenStudio (and simulation) for zp model
2019-12-17 17:45:32 - Error:  ConsAssmUFactor Error:  ConsAssm object 'ResWoodWallU059' has gap in material references (~items 3/4). evaluating rule: Set SIZING_BASELINE ConsAssm:UFactor  (19:'ConstructAssembly.rule' line 1264)
2019-12-17 17:46:13 - Error:  ConsAssmUFactor Error:  ConsAssm object 'ResWoodWallU059' has gap in material references (~items 3/4). evaluating rule: Set ANNUAL_PROPOSED ConsAssm:UFactor  (19:'ConstructAssembly.rule' line 1271)
2019-12-17 17:49:23 -   PerfSim_E+ - Final Result: PASS  -- compliance margin: 2.06 (2.03%)
2019-12-17 17:49:25 - Analysis errant  Processing time:  Overall 3:58 / SDD2IDF x4 avg 0:07 / SizSim x2 avg 0:13 / AnnSim x2 avg 1:22 / ReportGen x0 0:00 / Other 0:13
2019-12-17 17:49:25 -       ResultsSummary population:  bAbort = (false) / RuleProcAbort = (false) / iRetVal = 9 / pszResultsSummary = (empty) / iResultsSummaryLen = 3200
2019-12-17 17:49:25 -       ResultsSummary components1:  2019-12-17 17:49:25 / instance / Mid-Rise Mixed-Use (5-story) / RED-BLUFF_725910 / Title24Compliance / 3:58 /  / 
2019-12-17 17:49:25 -       ResultsSummary components2:  CBECC-Com 2019.1.0 (1079) / BEMCmpMgr 2019.1.0 (5962) / CA 2019 Nonresidential, Vers. 1.0 Alpha / 1.11.3.f52686d8e1 / 9.0.1-bb7ca4f0da / - / C:\Users\agoyal\Documents\CBECC-Com 2019 Data\EPW\ / C:\Users\agoyal\Documents\GitHub\T24-2022-CASE-Modeling\framework\analysis\hvac\runs\mumr-baseline\cz11\
2019-12-17 17:49:25 -       ResultsSummary:  2019-12-17 17:49:25,"instance","Mid-Rise Mixed-Use (5-story)","RED-BLUFF_725910",113100,141000,"Title24Compliance",3:58,,,"--","--","Successful (223 warnings)",10972,121617,53525.1,0,221.422,12237.5,81593.3,280167,217441,0,149101,34551.8,0,0,681261,4211.29,0,0,0,0,177.194,0,4388.49,586.724,0,0,0,4975.21,0,0,0,0,0,0,0,0,0,0,0,0,0,9.94184,48.5259,15.5682,0,0.0477729,3.43583,21.6513,99.1708,56.8046,0,37.3454,8.40621,0,0,201.727,192.935,8.79191,0,1722.5,"Thermal Zone: F5 Corridor",0,228,"Thermal Zone: F5 Corridor",0,"--","--","Successful (229 warnings)",20.1143,128966,53145.9,0,86.76,12246.8,81593.3,276059,217441,0,149101,8626.31,0,0,651228,5076.68,0,0,0,0,177.194,0,5253.88,586.724,0,0,0,5840.6,0,0,0,0,0,0,0,0,0,0,0,0,0,9.10847,51.4233,15.5997,0,0.0187259,3.43892,21.6513,101.24,56.8046,0,37.3454,2.09872,0,0,197.489,187.174,10.315,0,0,,0,0,,0,3.66412e-06,71.4214,13.535,0,0.00460946,1.95774,14.3377,101.256,38.321,0,25.7371,3.94427,0,0,169.259,1.07624e-06,75.9203,13.6398,0,0.000171622,1.95365,14.3377,105.852,38.321,0,25.7371,0.984739,0,0,170.894,"CBECC-Com 2019.1.0 (1079)","BEMCmpMgr 2019.1.0 (5962)","CA 2019 Nonresidential, Vers. 1.0 Alpha","1.11.3.f52686d8e1","9.0.1-bb7ca4f0da","-","C:\Users\agoyal\Documents\CBECC-Com 2019 Data\EPW\","C:\Users\agoyal\Documents\GitHub\T24-2022-CASE-Modeling\framework\analysis\hvac\runs\mumr-baseline\cz11\",

2019-12-17 17:49:25 - 4 Error(s) encountered performing analysis (error code 9):

(1) Error:  ConsAssmUFactor Error:  ConsAssm object 'ResWoodWallU059' has gap in material references (~items 3/4). evaluating rule: Set DEFAULT ConsAssm:UFactor  (19:'ConstructAssembly.rule' line 1252)

(2) Error:  ConsAssmUFactor Error:  ConsAssm object 'ResWoodWallU059' has gap in material references (~items 3/4). evaluating rule: Set SIZING_PROPOSED ConsAssm:UFactor  (19:'ConstructAssembly.rule' line 1264)

(3) Error:  ConsAssmUFactor Error:  ConsAssm object 'ResWoodWallU059' has gap in material references (~items 3/4). evaluating rule: Set SIZING_BASELINE ConsAssm:UFactor  (19:'ConstructAssembly.rule' line 1264)

(4) Error:  ConsAssmUFactor Error:  ConsAssm object 'ResWoodWallU059' has gap in material references (~items 3/4). evaluating rule: Set ANNUAL_PROPOSED ConsAssm:UFactor  (19:'ConstructAssembly.rule' line 1271)
2019-12-17 17:49:28 - -----------------------------------------------------------------------------
2019-12-17 17:49:28 - Opening Project 'cz11\instance.cibd19'...
2019-12-17 17:49:28 - Error resolving project component references: 1 not found.
2019-12-17 17:49:28 -       'Compliance Insulation R2' (once)
2019-12-17 17:49:28 -    Model load failed (return code 6) into CBECC-Com 2019.1.0 (1079)
2019-12-17 17:49:28 - Error(s) encountered (return code 6: Unable to read/parse building energy model file) reading project file:  C:\Users\agoyal\Documents\GitHub\T24-2022-CASE-Modeling\framework\analysis\hvac\runs\mumr-baseline\cz11\instance.cibd19
2019-12-17 17:49:28 - Error:  ConsAssmUFactor Error:  ConsAssm object 'ResWoodWallU059' has gap in material references (~items 3/4). evaluating rule: Set DEFAULT ConsAssm:UFactor  (19:'ConstructAssembly.rule' line 1252)
2019-12-17 17:49:29 - Error:  ConsAssmUFactor Error:  ConsAssm object 'ResWoodWallU059' has gap in material references (~items 3/4). evaluating rule: Set DEFAULT ConsAssm:UFactor  (19:'ConstructAssembly.rule' line 1252)
2019-12-17 17:49:29 - Error:  ConsAssmUFactor Error:  ConsAssm object 'ResWoodWallU059' has gap in material references (~items 3/4). evaluating rule: Set DEFAULT ConsAssm:UFactor  (19:'ConstructAssembly.rule' line 1252)
2019-12-17 17:49:31 - Error resolving project component references: 1 not found.
2019-12-17 17:49:31 -       'Compliance Insulation R2' (once)
2019-12-17 17:52:02 - Project Saved
2019-12-18 16:22:13 - -----------------------------------------------------------------------------
2019-12-18 16:22:13 - Opening Project 'cz11\instance.cibd19'...
2019-12-18 16:22:14 - Error resolving project component references: 1 not found.
2019-12-18 16:22:14 -       'Compliance Insulation R2' (once)
2019-12-18 16:22:14 -    Model load failed (return code 6) into CBECC-Com 2019.1.0 (1079)
2019-12-18 16:22:14 - Error(s) encountered (return code 6: Unable to read/parse building energy model file) reading project file:  C:\Users\mnakajima\Documents\GitHub\T24-2022-CASE-Modeling\framework\analysis\hvac_autosizing\runs\mumr-baseline\cz11\instance.cibd19
2019-12-18 16:22:14 - Performing Building Database check...
2019-12-18 16:22:14 - Building Database check completed, no problems found.
2019-12-18 16:22:14 - Error:  ConsAssmUFactor Error:  ConsAssm object 'ResWoodWallU059' has gap in material references (~items 3/4). evaluating rule: Set DEFAULT ConsAssm:UFactor  (19:'ConstructAssembly.rule' line 1252)
2019-12-18 16:22:15 - Error:  ConsAssmUFactor Error:  ConsAssm object 'ResWoodWallU059' has gap in material references (~items 3/4). evaluating rule: Set DEFAULT ConsAssm:UFactor  (19:'ConstructAssembly.rule' line 1252)
2019-12-18 16:22:15 - Error:  ConsAssmUFactor Error:  ConsAssm object 'ResWoodWallU059' has gap in material references (~items 3/4). evaluating rule: Set DEFAULT ConsAssm:UFactor  (19:'ConstructAssembly.rule' line 1252)
2019-12-18 16:22:17 - Error:  ConsAssmUFactor Error:  ConsAssm object 'ResWoodWallU059' has gap in material references (~items 3/4). evaluating rule: Set DEFAULT ConsAssm:UFactor  (19:'ConstructAssembly.rule' line 1252)
2019-12-18 16:22:18 - Error:  ConsAssmUFactor Error:  ConsAssm object 'ResWoodWallU059' has gap in material references (~items 3/4). evaluating rule: Set DEFAULT ConsAssm:UFactor  (19:'ConstructAssembly.rule' line 1252)
2019-12-18 16:22:18 -   PerfAnal_NRes - starting, w/ arguments:
2019-12-18 16:22:18 -        BEMBasePathFile    = (null)
2019-12-18 16:22:18 -        RulesetPathFile    = (null)
2019-12-18 16:22:18 -        SimWeatherPath     = C:\Users\mnakajima\Documents\CBECC-Com 2019 Data\EPW\
2019-12-18 16:22:18 -        CompMgrDLLPath     = (null)
2019-12-18 16:22:18 -        DHWWeatherPath     = (null)
2019-12-18 16:22:18 -        ProcessingPath     = C:\Users\mnakajima\Documents\GitHub\T24-2022-CASE-Modeling\framework\analysis\hvac_autosizing\runs\mumr-baseline\cz11\instance - run\
2019-12-18 16:22:18 -        ModelPathFile      = C:\Users\mnakajima\Documents\GitHub\T24-2022-CASE-Modeling\framework\analysis\hvac_autosizing\runs\mumr-baseline\cz11\instance.cibd19
2019-12-18 16:22:18 -        LogPathFile        = (null)
2019-12-18 16:22:18 -        UIVersionString    = CBECC-Com 2019.1.0 (1079)
2019-12-18 16:22:18 -        LoadModelFile      = false
2019-12-18 16:22:18 -        OptionsCSV         = AllowAnalysisAbort,0,StoreBEMDetails,1,AnalysisThruStep,8,ModelRpt_ALL,1,SimulationStorage,7,ExportHourlyResults_All,1,PromptUserUMLHWarning,1,PreAnalysisCheckPromptOption,3,CompReportWarningOption,5,
2019-12-18 16:22:18 -        ErrorMsg           = (assumed to be initialized)
2019-12-18 16:22:18 -        ErrorMsgLen        = 2056
2019-12-18 16:22:18 -        DisplayProgress    = true
2019-12-18 16:22:18 -        ResultsSummary     = (empty)
2019-12-18 16:22:18 -        ResultsSummaryLen  = 3200
2019-12-18 16:22:18 -        pProgCallbackFunc  = (null)
2019-12-18 16:22:19 - Performing Building Database check...
2019-12-18 16:22:19 - Building Database check completed, no problems found.
2019-12-18 16:22:19 - Warning:  The following developer options must be defaulted (not specified by the user) in order to perform a valid compliance analysis:
          Proj 'Mid-Rise Mixed-Use (5-story)' AutoHardSize
          Proj 'Mid-Rise Mixed-Use (5-story)' AutoEffInput
2019-12-18 16:22:20 - Error:  ConsAssmUFactor Error:  ConsAssm object 'ResWoodWallU059' has gap in material references (~items 3/4). evaluating rule: Set DEFAULT ConsAssm:UFactor  (19:'ConstructAssembly.rule' line 1252)
2019-12-18 16:22:22 - Error:  ConsAssmUFactor Error:  ConsAssm object 'ResWoodWallU059' has gap in material references (~items 3/4). evaluating rule: Set SIZING_PROPOSED ConsAssm:UFactor  (19:'ConstructAssembly.rule' line 1264)
2019-12-18 16:22:25 -   PerfAnal_NRes - Bypassing OpenStudio (and simulation) for zp model
2019-12-18 16:22:26 - Error:  ConsAssmUFactor Error:  ConsAssm object 'ResWoodWallU059' has gap in material references (~items 3/4). evaluating rule: Set SIZING_BASELINE ConsAssm:UFactor  (19:'ConstructAssembly.rule' line 1264)
2019-12-18 16:23:17 - Error:  ConsAssmUFactor Error:  ConsAssm object 'ResWoodWallU059' has gap in material references (~items 3/4). evaluating rule: Set ANNUAL_PROPOSED ConsAssm:UFactor  (19:'ConstructAssembly.rule' line 1271)
2019-12-18 16:27:06 -   PerfSim_E+ - Final Result: PASS  -- compliance margin: 1.7 (1.68%)
2019-12-18 16:27:08 - Analysis errant  Processing time:  Overall 4:50 / SDD2IDF x4 avg 0:09 / SizSim x2 avg 0:16 / AnnSim x2 avg 1:39 / ReportGen x0 0:00 / Other 0:17
2019-12-18 16:27:08 -       ResultsSummary population:  bAbort = (false) / RuleProcAbort = (false) / iRetVal = 9 / pszResultsSummary = (empty) / iResultsSummaryLen = 3200
2019-12-18 16:27:08 -       ResultsSummary components1:  2019-12-18 16:27:08 / instance / Mid-Rise Mixed-Use (5-story) / RED-BLUFF_725910 / Title24Compliance / 4:50 /  / 
2019-12-18 16:27:08 -       ResultsSummary components2:  CBECC-Com 2019.1.0 (1079) / BEMCmpMgr 2019.1.0 (5962) / CA 2019 Nonresidential, Vers. 1.0 Alpha / 1.11.3.f52686d8e1 / 9.0.1-bb7ca4f0da / - / C:\Users\mnakajima\Documents\CBECC-Com 2019 Data\EPW\ / C:\Users\mnakajima\Documents\GitHub\T24-2022-CASE-Modeling\framework\analysis\hvac_autosizing\runs\mumr-baseline\cz11\
2019-12-18 16:27:08 -       ResultsSummary:  2019-12-18 16:27:08,"instance","Mid-Rise Mixed-Use (5-story)","RED-BLUFF_725910",113100,141000,"Title24Compliance",4:50,,,"--","--","Successful (221 warnings)",13.4141,121897,53389.9,0,221.481,12237.5,81593.3,269353,217441,0,149101,34551.8,0,0,670447,5655.45,0,0,0,0,177.194,0,5832.64,586.724,0,0,0,6419.37,0,0,0,0,0,0,0,0,0,0,0,0,0,10.1142,48.7617,15.5252,0,0.0477942,3.43582,21.6513,99.536,56.8046,0,37.3454,8.40621,0,0,202.092,190.77,11.3222,0,1660,"Thermal Zone: F5 Corridor",0,333.75,"Thermal Zone: F5 Corridor",0,"--","--","Successful (229 warnings)",20.1143,128966,53145.9,0,86.76,12246.8,81593.3,276059,217441,0,149101,8626.31,0,0,651228,5076.68,0,0,0,0,177.194,0,5253.88,586.724,0,0,0,5840.6,0,0,0,0,0,0,0,0,0,0,0,0,0,9.10847,51.4233,15.5997,0,0.0187259,3.43892,21.6513,101.24,56.8046,0,37.3454,2.09872,0,0,197.489,187.174,10.315,0,0,,0,0,,0,3.66312e-06,71.976,13.4687,0,0.00468571,1.95776,14.3377,101.745,38.321,0,25.7371,3.94427,0,0,169.747,1.07624e-06,75.9203,13.6398,0,0.000171622,1.95365,14.3377,105.852,38.321,0,25.7371,0.984739,0,0,170.894,"CBECC-Com 2019.1.0 (1079)","BEMCmpMgr 2019.1.0 (5962)","CA 2019 Nonresidential, Vers. 1.0 Alpha","1.11.3.f52686d8e1","9.0.1-bb7ca4f0da","-","C:\Users\mnakajima\Documents\CBECC-Com 2019 Data\EPW\","C:\Users\mnakajima\Documents\GitHub\T24-2022-CASE-Modeling\framework\analysis\hvac_autosizing\runs\mumr-baseline\cz11\",

2019-12-18 16:27:08 - 4 Error(s) encountered performing analysis (error code 9):

(1) Error:  ConsAssmUFactor Error:  ConsAssm object 'ResWoodWallU059' has gap in material references (~items 3/4). evaluating rule: Set DEFAULT ConsAssm:UFactor  (19:'ConstructAssembly.rule' line 1252)

(2) Error:  ConsAssmUFactor Error:  ConsAssm object 'ResWoodWallU059' has gap in material references (~items 3/4). evaluating rule: Set SIZING_PROPOSED ConsAssm:UFactor  (19:'ConstructAssembly.rule' line 1264)

(3) Error:  ConsAssmUFactor Error:  ConsAssm object 'ResWoodWallU059' has gap in material references (~items 3/4). evaluating rule: Set SIZING_BASELINE ConsAssm:UFactor  (19:'ConstructAssembly.rule' line 1264)

(4) Error:  ConsAssmUFactor Error:  ConsAssm object 'ResWoodWallU059' has gap in material references (~items 3/4). evaluating rule: Set ANNUAL_PROPOSED ConsAssm:UFactor  (19:'ConstructAssembly.rule' line 1271)
2019-12-18 16:27:12 - -----------------------------------------------------------------------------
2019-12-18 16:27:12 - Opening Project 'cz11\instance.cibd19'...
2019-12-18 16:27:12 - Error resolving project component references: 1 not found.
2019-12-18 16:27:12 -       'Compliance Insulation R2' (once)
2019-12-18 16:27:12 -    Model load failed (return code 6) into CBECC-Com 2019.1.0 (1079)
2019-12-18 16:27:12 - Error(s) encountered (return code 6: Unable to read/parse building energy model file) reading project file:  C:\Users\mnakajima\Documents\GitHub\T24-2022-CASE-Modeling\framework\analysis\hvac_autosizing\runs\mumr-baseline\cz11\instance.cibd19
2019-12-18 16:27:12 - Error:  ConsAssmUFactor Error:  ConsAssm object 'ResWoodWallU059' has gap in material references (~items 3/4). evaluating rule: Set DEFAULT ConsAssm:UFactor  (19:'ConstructAssembly.rule' line 1252)
2019-12-18 16:27:13 - Error:  ConsAssmUFactor Error:  ConsAssm object 'ResWoodWallU059' has gap in material references (~items 3/4). evaluating rule: Set DEFAULT ConsAssm:UFactor  (19:'ConstructAssembly.rule' line 1252)
2019-12-18 16:27:14 - Error:  ConsAssmUFactor Error:  ConsAssm object 'ResWoodWallU059' has gap in material references (~items 3/4). evaluating rule: Set DEFAULT ConsAssm:UFactor  (19:'ConstructAssembly.rule' line 1252)
2019-12-18 16:27:15 - Error resolving project component references: 1 not found.
2019-12-18 16:27:15 -       'Compliance Insulation R2' (once)
2019-12-18 16:27:23 - Project Saved
2019-12-18 16:57:43 - -----------------------------------------------------------------------------
2019-12-18 16:57:43 - Opening Project 'cz11\instance.cibd19'...
2019-12-18 16:57:44 -    Model load successful into CBECC-Com 2019.1.0 (1079)
2019-12-18 16:57:44 - Performing Building Database check...
2019-12-18 16:57:44 - Building Database check completed, no problems found.
2019-12-18 16:57:52 -   PerfAnal_NRes - starting, w/ arguments:
2019-12-18 16:57:52 -        BEMBasePathFile    = (null)
2019-12-18 16:57:52 -        RulesetPathFile    = (null)
2019-12-18 16:57:52 -        SimWeatherPath     = C:\Users\mnakajima\Documents\CBECC-Com 2019 Data\EPW\
2019-12-18 16:57:52 -        CompMgrDLLPath     = (null)
2019-12-18 16:57:52 -        DHWWeatherPath     = (null)
2019-12-18 16:57:52 -        ProcessingPath     = C:\Users\mnakajima\Documents\GitHub\T24-2022-CASE-Modeling\framework\analysis\hvac_autosizing\runs\mumr-baseline\cz11\instance - run\
2019-12-18 16:57:52 -        ModelPathFile      = C:\Users\mnakajima\Documents\GitHub\T24-2022-CASE-Modeling\framework\analysis\hvac_autosizing\runs\mumr-baseline\cz11\instance.cibd19
2019-12-18 16:57:52 -        LogPathFile        = (null)
2019-12-18 16:57:52 -        UIVersionString    = CBECC-Com 2019.1.0 (1079)
2019-12-18 16:57:52 -        LoadModelFile      = false
2019-12-18 16:57:52 -        OptionsCSV         = StoreBEMDetails,1,AnalysisThruStep,8,ModelRpt_ALL,1,SimulationStorage,7,ExportHourlyResults_All,1,PromptUserUMLHWarning,1,PreAnalysisCheckPromptOption,3,CompReportWarningOption,5,
2019-12-18 16:57:52 -        ErrorMsg           = (assumed to be initialized)
2019-12-18 16:57:52 -        ErrorMsgLen        = 2056
2019-12-18 16:57:52 -        DisplayProgress    = true
2019-12-18 16:57:52 -        ResultsSummary     = (empty)
2019-12-18 16:57:52 -        ResultsSummaryLen  = 3200
2019-12-18 16:57:52 -        pProgCallbackFunc  = (null)
2019-12-18 16:57:53 - Performing Building Database check...
2019-12-18 16:57:53 - Building Database check completed, no problems found.
2019-12-18 16:57:53 - Warning:  The following developer options must be defaulted (not specified by the user) in order to perform a valid compliance analysis:
          Proj 'Mid-Rise Mixed-Use (5-story)' AutoHardSize
          Proj 'Mid-Rise Mixed-Use (5-story)' AutoEffInput
2019-12-18 16:57:56 - Performing Building Database check...
2019-12-18 16:57:56 - Building Database check completed, no problems found.
2019-12-18 16:57:56 - Warning:  The AirSystem:Count for multi-zone system 'DOAS1' is not consistent with the maximum or minimum ThermalZone:Multiplier of the zones the system serves. This indicates the HVAC system serves more than 1 floor, or that Multipliers or system Count may be improperly defined. Check inputs for consistency. evaluating rule: Set CHECKCODE AirSys:Cnt  (68:'HVACSecondary-General.rule' line 1360)
2019-12-18 16:58:00 -   PerfAnal_NRes - Bypassing OpenStudio (and simulation) for zp model
2019-12-18 17:04:42 -   PerfSim_E+ - Final Result: PASS  -- compliance margin: 1.13 (0.98%)
2019-12-18 17:04:44 - Analysis result:  PASS  (TDV margin: 1.13)  Processing time:  Overall 6:52 / SDD2IDF x4 avg 0:12 / SizSim x2 avg 0:18 / AnnSim x2 avg 2:24 / ReportGen x0 0:00 / Other 0:32
2019-12-18 17:04:44 -       ResultsSummary population:  bAbort = (false) / RuleProcAbort = (false) / iRetVal = 0 / pszResultsSummary = (empty) / iResultsSummaryLen = 3200
2019-12-18 17:04:44 -       ResultsSummary components1:  2019-12-18 17:04:44 / instance / Mid-Rise Mixed-Use (5-story) / RED-BLUFF_725910 / Title24Compliance / 6:52 / PASS / 1.13
2019-12-18 17:04:44 -       ResultsSummary components2:  CBECC-Com 2019.1.0 (1079) / BEMCmpMgr 2019.1.0 (5962) / CA 2019 Nonresidential, Vers. 1.0 Alpha / 1.11.3.f52686d8e1 / 9.0.1-bb7ca4f0da / CSE19 0.860.0 EXE / C:\Users\mnakajima\Documents\CBECC-Com 2019 Data\EPW\ / C:\Users\mnakajima\Documents\GitHub\T24-2022-CASE-Modeling\framework\analysis\hvac_autosizing\runs\mumr-baseline\cz11\
2019-12-18 17:04:44 -       ResultsSummary:  2019-12-18 17:04:44,"instance","Mid-Rise Mixed-Use (5-story)","RED-BLUFF_725910",113100,141000,"Title24Compliance",6:52,PASS,1.13,"--","--","Successful (221 warnings)",13.4135,121251,53036.9,0,221.494,17683.4,81593.3,273799,217441,0,149101,34551.8,0,0,674893,5459.39,0,0,0,0,9132.03,0,14591.4,586.724,0,0,0,15178.1,0,0,0,0,0,0,0,0,0,0,0,0,0,9.76139,48.346,15.4,0,0.0477965,19.1543,21.6513,114.361,56.8046,0,37.3454,8.40621,0,0,216.917,191.554,25.363,0,1657.25,"Thermal Zone: F5 Corridor",0,319.25,"Thermal Zone: F5 Corridor",0,"--","--","Successful (229 warnings)",20.1143,128966,53145.9,0,86.76,17692.7,81593.3,281505,217441,0,149101,8626.31,0,0,656673,5076.68,0,0,0,0,8222.4,0,13299.1,586.724,0,0,0,13885.8,0,0,0,0,0,0,0,0,0,0,0,0,0,9.10847,51.4233,15.5997,0,0.0187259,17.6888,21.6513,115.49,56.8046,0,37.3454,2.09872,0,0,211.739,188.499,23.24,0,0,,0,0,,0,3.66309e-06,71.1444,13.3165,0,0.00468571,2.57943,14.3377,101.383,38.321,0,25.7371,3.94427,0,0,169.385,1.07624e-06,75.9203,13.6398,0,0.000171622,2.57533,14.3377,106.473,38.321,0,25.7371,0.984739,0,0,171.516,"CBECC-Com 2019.1.0 (1079)","BEMCmpMgr 2019.1.0 (5962)","CA 2019 Nonresidential, Vers. 1.0 Alpha","1.11.3.f52686d8e1","9.0.1-bb7ca4f0da","CSE19 0.860.0 EXE","C:\Users\mnakajima\Documents\CBECC-Com 2019 Data\EPW\","C:\Users\mnakajima\Documents\GitHub\T24-2022-CASE-Modeling\framework\analysis\hvac_autosizing\runs\mumr-baseline\cz11\",

2019-12-18 17:05:44 - -----------------------------------------------------------------------------
2019-12-18 17:05:44 - Opening Project 'cz11\instance.cibd19'...
2019-12-18 17:05:45 -    Model load successful into CBECC-Com 2019.1.0 (1079)
2019-12-18 17:05:45 - Performing Building Database check...
2019-12-18 17:05:45 - Building Database check completed, no problems found.
2019-12-18 17:05:51 - Project Saved
2020-01-14 19:23:37 - -----------------------------------------------------------------------------
2020-01-14 19:23:37 - Opening Project 'cz11\instance.cibd22'...
2020-01-14 19:23:37 -    Model load successful into CBECC-Com 2022.0.1 RV (1113)
2020-01-14 19:23:38 - Performing Building Database check...
2020-01-14 19:23:38 - Building Database check completed, no problems found.
2020-01-14 19:23:42 -   PerfAnal_NRes - starting, w/ arguments:
2020-01-14 19:23:42 -        BEMBasePathFile    = (null)
2020-01-14 19:23:42 -        RulesetPathFile    = (null)
2020-01-14 19:23:42 -        SimWeatherPath     = C:\Users\mnakajima\Documents\CBECC-Com 2022 Data\EPW\
2020-01-14 19:23:42 -        CompMgrDLLPath     = (null)
2020-01-14 19:23:42 -        DHWWeatherPath     = (null)
2020-01-14 19:23:42 -        ProcessingPath     = C:\Users\mnakajima\Documents\GitHub\T24-2022-CASE-Modeling\framework\analysis\hvac_autosizing\runs\mumr-baseline\cz11\instance - run\
2020-01-14 19:23:42 -        ModelPathFile      = C:\Users\mnakajima\Documents\GitHub\T24-2022-CASE-Modeling\framework\analysis\hvac_autosizing\runs\mumr-baseline\cz11\instance.cibd22
2020-01-14 19:23:42 -        LogPathFile        = (null)
2020-01-14 19:23:42 -        UIVersionString    = CBECC-Com 2022.0.1 RV (1113)
2020-01-14 19:23:42 -        LoadModelFile      = false
2020-01-14 19:23:42 -        OptionsCSV         = AllowAnalysisAbort,0,StoreBEMDetails,1,AnalysisThruStep,8,ModelRpt_ALL,1,ExportHourlyResults_All,1,PromptUserUMLHWarning,1,PreAnalysisCheckPromptOption,3,CompReportWarningOption,5,
2020-01-14 19:23:42 -        ErrorMsg           = (assumed to be initialized)
2020-01-14 19:23:42 -        ErrorMsgLen        = 2056
2020-01-14 19:23:42 -        DisplayProgress    = true
2020-01-14 19:23:42 -        ResultsSummary     = (empty)
2020-01-14 19:23:42 -        ResultsSummaryLen  = 3200
2020-01-14 19:23:42 -        pProgCallbackFunc  = (null)
2020-01-14 19:23:43 - Performing Building Database check...
2020-01-14 19:23:43 - Building Database check completed, no problems found.
2020-01-14 19:23:43 - Warning:  The following developer options must be defaulted (not specified by the user) in order to perform a valid compliance analysis:
          Proj 'Mid-Rise Mixed-Use (5-story)' AutoHardSize
          Proj 'Mid-Rise Mixed-Use (5-story)' AutoEffInput
2020-01-14 19:23:43 -    1 file hash check(s) failed on executable and/or analysis support files (analysis continuing w/ report signature disabled)
2020-01-14 19:23:45 - Performing Building Database check...
2020-01-14 19:23:45 - Building Database check completed, no problems found.
2020-01-14 19:23:45 - Warning:  The AirSystem:Count for multi-zone system 'DOAS1' is not consistent with the maximum or minimum ThermalZone:Multiplier of the zones the system serves. This indicates the HVAC system serves more than 1 floor, or that Multipliers or system Count may be improperly defined. Check inputs for consistency. evaluating rule: Set CHECKCODE AirSys:Cnt  (68:'HVACSecondary-General.rule' line 1398)
2020-01-14 19:23:50 -   PerfAnal_NRes - Bypassing OpenStudio (and simulation) for zp model
2020-01-14 19:28:35 -   PerfSim_E+ - Final Result: FAIL  -- compliance margin: -0.52 (-0.46%)
2020-01-14 19:28:38 - Analysis result:  FAIL  (TDV margin: -0.52)  Processing time:  Overall 4:55 / SDD2IDF x4 avg 0:08 / SizSim x2 avg 0:16 / AnnSim x2 avg 1:35 / ReportGen x0 0:00 / Other 0:34
2020-01-14 19:28:38 -       ResultsSummary population:  bAbort = (false) / RuleProcAbort = (false) / iRetVal = 0 / pszResultsSummary = (empty) / iResultsSummaryLen = 3200
2020-01-14 19:28:38 -       ResultsSummary components1:  2020-01-14 19:28:38 / instance / Mid-Rise Mixed-Use (5-story) / CTZ11S22A / Title24Compliance / 4:55 / FAIL / -0.52
2020-01-14 19:28:38 -       ResultsSummary components2:  CBECC-Com 2022.0.1 RV (1113) / BEMCmpMgr 2022.0.1 RV (6107) / CA 2022 Nonresidential, Vers. 1.0 Alpha / 1.11.3.f52686d8e1 / 9.0.1-bb7ca4f0da / CSE19 0.865.0+dhwloop.68861ec.94 EXE / C:\Users\mnakajima\Documents\CBECC-Com 2022 Data\EPW\ / C:\Users\mnakajima\Documents\GitHub\T24-2022-CASE-Modeling\framework\analysis\hvac_autosizing\runs\mumr-baseline\cz11\
2020-01-14 19:28:38 -       ResultsSummary:  2020-01-14 19:28:38,"instance","Mid-Rise Mixed-Use (5-story)","CTZ11S22A","Pol  0% RetAdd NoLeak",113100,141000,"Title24Compliance",4:55,FAIL,-0.52,"--","--","Successful (221 warnings)",11.6423,130620,58393.6,0,214.754,17682,81961.5,288884,217441,0,149101,34551.8,0,0,689978,4933.04,0,0,0,0,9031.56,0,13964.6,586.724,0,0,0,14551.3,0,0,0,0,0,0,0,0,0,0,0,0,0,11.6634,43.2693,15.6632,0,0.0484177,23.5747,19.3967,113.616,55.7311,0,38.5354,8.47645,0,0,216.359,184.143,32.2153,0,1709.75,"Thermal Zone: F5 Corridor",0,300.25,"Thermal Zone: F5 Corridor",0,"--","--","Successful (227 warnings)",17.6179,138097,58540,0,79.2886,17691.3,81961.5,296386,217441,0,149101,34551.8,0,0,697480,4571.66,0,0,0,0,8088.36,0,12660,586.724,0,0,0,13246.7,0,0,0,0,0,0,0,0,0,0,0,0,0,10.851,45.4917,15.7701,0,0.0201535,21.558,19.3967,113.088,55.7311,0,38.5354,8.47645,0,0,215.831,186.455,29.376,0,0,,0,0,,0,8.01943e-06,55.3891,12.4397,0,0.00999938,2.57919,14.3272,84.7452,38.321,0,25.7371,3.94427,0,0,152.748,2.67586e-06,59.6513,12.6391,0,0.000331942,2.57518,14.3272,89.1931,38.321,0,25.7371,3.94427,0,0,157.195,"CBECC-Com 2022.0.1 RV (1113)","BEMCmpMgr 2022.0.1 RV (6107)","CA 2022 Nonresidential, Vers. 1.0 Alpha","1.11.3.f52686d8e1","9.0.1-bb7ca4f0da","CSE19 0.865.0+dhwloop.68861ec.94 EXE","C:\Users\mnakajima\Documents\CBECC-Com 2022 Data\EPW\","C:\Users\mnakajima\Documents\GitHub\T24-2022-CASE-Modeling\framework\analysis\hvac_autosizing\runs\mumr-baseline\cz11\",0.00225637,15.446,8.29894,0,0.0312228,2.40185,9.05828,35.24,32.1279,0,25.58,5.65158,0,0,98.6,2.36533,0,0,0,0,4.33051,0,6.7,0.281326,0,0,0,6.98,0.00353468,15.932,8.24047,0,0.0163185,2.40925,9.05828,35.66,32.1279,0,25.58,5.65158,0,0,99.02,2.19205,0,0,0,0,3.87826,0,6.07,0.281326,0,0,0,6.35,4.06252,2.57264,1.38225,0,0.00520038,7.83714,1.50872,17.3685,5.83428,0,4.26052,0.941311,0,0,28.4046,3.76514,2.65359,1.37251,0,0.00271796,7.06169,1.50872,16.3644,5.83428,0,4.26052,0.941311,0,0,27.4005,

2020-01-14 19:28:42 - -----------------------------------------------------------------------------
2020-01-14 19:28:42 - Opening Project 'cz11\instance.cibd22'...
2020-01-14 19:28:43 -    Model load successful into CBECC-Com 2022.0.1 RV (1113)
2020-01-14 19:28:43 - Performing Building Database check...
2020-01-14 19:28:43 - Building Database check completed, no problems found.
2020-01-14 19:28:47 - Project Saved
2020-02-05 13:18:08 - -----------------------------------------------------------------------------
2020-02-05 13:18:08 - Opening Project 'cz11\instance.cibd22'...
2020-02-05 13:18:09 -    Model load successful into CBECC-Com 2022.0.1 RV (1113)
2020-02-05 13:18:10 - Performing Building Database check...
2020-02-05 13:18:10 - Building Database check completed, no problems found.
2020-02-05 13:18:16 -   PerfAnal_NRes - starting, w/ arguments:
2020-02-05 13:18:16 -        BEMBasePathFile    = (null)
2020-02-05 13:18:16 -        RulesetPathFile    = (null)
2020-02-05 13:18:16 -        SimWeatherPath     = C:\Users\mnakajima\Documents\CBECC-Com 2022 Data\EPW\
2020-02-05 13:18:16 -        CompMgrDLLPath     = (null)
2020-02-05 13:18:16 -        DHWWeatherPath     = (null)
2020-02-05 13:18:16 -        ProcessingPath     = C:\Users\mnakajima\Documents\GitHub\T24-2022-CASE-Modeling\framework\analysis\baseline-mumr\runs\mumr-baseline\cz11\instance - run\
2020-02-05 13:18:16 -        ModelPathFile      = C:\Users\mnakajima\Documents\GitHub\T24-2022-CASE-Modeling\framework\analysis\baseline-mumr\runs\mumr-baseline\cz11\instance.cibd22
2020-02-05 13:18:16 -        LogPathFile        = (null)
2020-02-05 13:18:16 -        UIVersionString    = CBECC-Com 2022.0.1 RV (1113)
2020-02-05 13:18:16 -        LoadModelFile      = false
2020-02-05 13:18:16 -        OptionsCSV         = AllowAnalysisAbort,0,StoreBEMDetails,1,AnalysisThruStep,8,ModelRpt_ALL,1,ExportHourlyResults_All,1,PromptUserUMLHWarning,1,PreAnalysisCheckPromptOption,3,CompReportWarningOption,5,
2020-02-05 13:18:16 -        ErrorMsg           = (assumed to be initialized)
2020-02-05 13:18:16 -        ErrorMsgLen        = 2056
2020-02-05 13:18:16 -        DisplayProgress    = true
2020-02-05 13:18:16 -        ResultsSummary     = (empty)
2020-02-05 13:18:16 -        ResultsSummaryLen  = 3200
2020-02-05 13:18:16 -        pProgCallbackFunc  = (null)
2020-02-05 13:18:17 - Performing Building Database check...
2020-02-05 13:18:17 - Building Database check completed, no problems found.
2020-02-05 13:18:17 - Warning:  The following developer options must be defaulted (not specified by the user) in order to perform a valid compliance analysis:
          Proj 'Mid-Rise Mixed-Use (5-story)' AutoHardSize
          Proj 'Mid-Rise Mixed-Use (5-story)' AutoEffInput
2020-02-05 13:18:17 -    1 file hash check(s) failed on executable and/or analysis support files (analysis continuing w/ report signature disabled)
2020-02-05 13:18:20 -   PerfAnal_NRes - AnalysisThruStep being set to #7 due to Proj:AnalysisType = Title24ProposedOnly
2020-02-05 13:18:20 - Performing Building Database check...
2020-02-05 13:18:20 - Building Database check completed, no problems found.
2020-02-05 13:18:20 - Warning:  The AirSystem:Count for multi-zone system 'DOAS1' is not consistent with the maximum or minimum ThermalZone:Multiplier of the zones the system serves. This indicates the HVAC system serves more than 1 floor, or that Multipliers or system Count may be improperly defined. Check inputs for consistency. evaluating rule: Set CHECKCODE AirSys:Cnt  (68:'HVACSecondary-General.rule' line 1398)
2020-02-05 13:18:26 -   PerfAnal_NRes - Bypassing OpenStudio (and simulation) for zp model
2020-02-05 13:18:29 -   PerfAnal_NRes - Bypassing OpenStudio (and simulation) for zb model
2020-02-05 13:23:35 - Error:  Undefined data: numerator evaluating rule: Set ANNUAL_BASELINE Fan:FlowCap  (75:'HVACSecondary-Fan-General.rule' line 494)
2020-02-05 13:23:35 - Error:  Undefined data: numerator evaluating rule: Set ANNUAL_BASELINE Fan:FlowCap  (75:'HVACSecondary-Fan-General.rule' line 494)
2020-02-05 13:23:35 - Error:  Undefined data: numerator evaluating rule: Set ANNUAL_BASELINE Fan:FlowCap  (75:'HVACSecondary-Fan-General.rule' line 494)
2020-02-05 13:23:35 - Error:  Undefined data: numerator evaluating rule: Set ANNUAL_BASELINE Fan:FlowCap  (75:'HVACSecondary-Fan-General.rule' line 529)
2020-02-05 13:23:35 - Error:  Undefined data: numerator evaluating rule: Set ANNUAL_BASELINE Fan:FlowCap  (75:'HVACSecondary-Fan-General.rule' line 529)
2020-02-05 13:23:35 - Error:  Undefined data: numerator evaluating rule: Set ANNUAL_BASELINE Fan:FlowCap  (75:'HVACSecondary-Fan-General.rule' line 529)
2020-02-05 13:23:35 - Error:  Undefined data: numerator evaluating rule: Set ANNUAL_BASELINE Fan:FlowCap  (75:'HVACSecondary-Fan-General.rule' line 529)
2020-02-05 13:23:35 - Error:  Undefined data: numerator evaluating rule: Set ANNUAL_BASELINE Fan:FlowCap  (75:'HVACSecondary-Fan-General.rule' line 529)
2020-02-05 13:23:35 - Error:  Undefined data: numerator evaluating rule: Set ANNUAL_BASELINE Fan:FlowCap  (75:'HVACSecondary-Fan-General.rule' line 529)
2020-02-05 13:23:35 - Error:  Undefined data: numerator evaluating rule: Set ANNUAL_BASELINE Fan:FlowCap  (75:'HVACSecondary-Fan-General.rule' line 529)
2020-02-05 13:23:35 - Error:  Undefined data: numerator evaluating rule: Set ANNUAL_BASELINE Fan:FlowCap  (75:'HVACSecondary-Fan-General.rule' line 529)
2020-02-05 13:23:35 - Error:  Undefined data: numerator evaluating rule: Set ANNUAL_BASELINE Fan:FlowCap  (75:'HVACSecondary-Fan-General.rule' line 529)
2020-02-05 13:23:35 - Error:  Undefined data: numerator evaluating rule: Set ANNUAL_BASELINE Fan:FlowCap  (75:'HVACSecondary-Fan-General.rule' line 529)
2020-02-05 13:23:35 - Error:  Undefined data: numerator evaluating rule: Set ANNUAL_BASELINE Fan:FlowCap  (75:'HVACSecondary-Fan-General.rule' line 529)
2020-02-05 13:23:35 - Error:  Undefined data: numerator evaluating rule: Set ANNUAL_BASELINE Fan:FlowCap  (75:'HVACSecondary-Fan-General.rule' line 529)
2020-02-05 13:23:35 - Error:  Undefined data: numerator evaluating rule: Set ANNUAL_BASELINE Fan:FlowCap  (75:'HVACSecondary-Fan-General.rule' line 529)
2020-02-05 13:23:35 - Error:  Undefined data: numerator evaluating rule: Set ANNUAL_BASELINE Fan:FlowCap  (75:'HVACSecondary-Fan-General.rule' line 529)
2020-02-05 13:23:35 - Error:  Undefined data: numerator evaluating rule: Set ANNUAL_BASELINE Fan:FlowCap  (75:'HVACSecondary-Fan-General.rule' line 529)
2020-02-05 13:23:35 - Error:  Undefined data: numerator evaluating rule: Set ANNUAL_BASELINE Fan:FlowCap  (75:'HVACSecondary-Fan-General.rule' line 529)
2020-02-05 13:23:35 - Error:  Undefined data: numerator evaluating rule: Set ANNUAL_BASELINE Fan:FlowCap  (75:'HVACSecondary-Fan-General.rule' line 529)
2020-02-05 13:23:35 - Error:  Undefined data: numerator evaluating rule: Set ANNUAL_BASELINE Fan:FlowCap  (75:'HVACSecondary-Fan-General.rule' line 529)
2020-02-05 13:23:35 - Error:  Undefined data: numerator evaluating rule: Set ANNUAL_BASELINE Fan:FlowCap  (75:'HVACSecondary-Fan-General.rule' line 529)
2020-02-05 13:23:35 - Error:  Undefined data: numerator evaluating rule: Set ANNUAL_BASELINE Fan:FlowCap  (75:'HVACSecondary-Fan-General.rule' line 529)
2020-02-05 13:23:35 - Error:  Undefined data: numerator evaluating rule: Set ANNUAL_BASELINE Fan:FlowCap  (75:'HVACSecondary-Fan-General.rule' line 529)
2020-02-05 13:23:35 - Error:  Undefined data: numerator evaluating rule: Set ANNUAL_BASELINE Fan:FlowCap  (75:'HVACSecondary-Fan-General.rule' line 529)
2020-02-05 13:23:35 - Error:  Division by zero evaluating rule: Set ANNUAL_BASELINE ThrmlZn:PriAirCondgSysDsgnFlow  (76:'HVACSecondary-Fan-FanRatios.rule' line 67)
2020-02-05 13:23:35 - Error:  Division by zero evaluating rule: Set ANNUAL_BASELINE ThrmlZn:PriAirCondgSysDsgnFlow  (76:'HVACSecondary-Fan-FanRatios.rule' line 67)
2020-02-05 13:23:35 - Error:  Division by zero evaluating rule: Set ANNUAL_BASELINE ThrmlZn:PriAirCondgSysDsgnFlow  (76:'HVACSecondary-Fan-FanRatios.rule' line 67)
2020-02-05 13:23:35 - Error:  Division by zero evaluating rule: Set ANNUAL_BASELINE ThrmlZn:PriAirCondgSysDsgnFlow  (76:'HVACSecondary-Fan-FanRatios.rule' line 67)
2020-02-05 13:23:35 - Error:  Division by zero evaluating rule: Set ANNUAL_BASELINE ThrmlZn:PriAirCondgSysDsgnFlow  (76:'HVACSecondary-Fan-FanRatios.rule' line 67)
2020-02-05 13:23:35 - Error:  Division by zero evaluating rule: Set ANNUAL_BASELINE ThrmlZn:PriAirCondgSysDsgnFlow  (76:'HVACSecondary-Fan-FanRatios.rule' line 67)
2020-02-05 13:23:35 - Error:  Division by zero evaluating rule: Set ANNUAL_BASELINE ThrmlZn:PriAirCondgSysDsgnFlow  (76:'HVACSecondary-Fan-FanRatios.rule' line 67)
2020-02-05 13:23:35 - Error:  Division by zero evaluating rule: Set ANNUAL_BASELINE ThrmlZn:PriAirCondgSysDsgnFlow  (76:'HVACSecondary-Fan-FanRatios.rule' line 67)
2020-02-05 13:23:35 - Error:  Division by zero evaluating rule: Set ANNUAL_BASELINE ThrmlZn:PriAirCondgSysDsgnFlow  (76:'HVACSecondary-Fan-FanRatios.rule' line 67)
2020-02-05 13:23:35 - Error:  Division by zero evaluating rule: Set ANNUAL_BASELINE ThrmlZn:PriAirCondgSysDsgnFlow  (76:'HVACSecondary-Fan-FanRatios.rule' line 67)
2020-02-05 13:23:35 - Error:  Division by zero evaluating rule: Set ANNUAL_BASELINE ThrmlZn:PriAirCondgSysDsgnFlow  (76:'HVACSecondary-Fan-FanRatios.rule' line 67)
2020-02-05 13:23:35 - Error:  Division by zero evaluating rule: Set ANNUAL_BASELINE ThrmlZn:PriAirCondgSysDsgnFlow  (76:'HVACSecondary-Fan-FanRatios.rule' line 67)
2020-02-05 13:23:35 - Error:  Division by zero evaluating rule: Set ANNUAL_BASELINE ThrmlZn:VentSysDsgnFlow  (76:'HVACSecondary-Fan-FanRatios.rule' line 111)
2020-02-05 13:23:35 - Error:  Division by zero evaluating rule: Set ANNUAL_BASELINE ThrmlZn:VentSysDsgnFlow  (76:'HVACSecondary-Fan-FanRatios.rule' line 111)
2020-02-05 13:23:35 - Error:  Division by zero evaluating rule: Set ANNUAL_BASELINE ThrmlZn:VentSysDsgnFlow  (76:'HVACSecondary-Fan-FanRatios.rule' line 111)
2020-02-05 13:23:35 - Error:  Division by zero evaluating rule: Set ANNUAL_BASELINE ThrmlZn:VentSysDsgnFlow  (76:'HVACSecondary-Fan-FanRatios.rule' line 111)
2020-02-05 13:23:35 - Error:  Division by zero evaluating rule: Set ANNUAL_BASELINE ThrmlZn:VentSysDsgnFlow  (76:'HVACSecondary-Fan-FanRatios.rule' line 111)
2020-02-05 13:23:35 - Error:  Division by zero evaluating rule: Set ANNUAL_BASELINE ThrmlZn:VentSysDsgnFlow  (76:'HVACSecondary-Fan-FanRatios.rule' line 111)
2020-02-05 13:23:35 - Error:  Division by zero evaluating rule: Set ANNUAL_BASELINE ThrmlZn:VentSysDsgnFlow  (76:'HVACSecondary-Fan-FanRatios.rule' line 111)
2020-02-05 13:23:35 - Error:  Division by zero evaluating rule: Set ANNUAL_BASELINE ThrmlZn:VentSysDsgnFlow  (76:'HVACSecondary-Fan-FanRatios.rule' line 111)
2020-02-05 13:23:35 - Error:  Division by zero evaluating rule: Set ANNUAL_BASELINE ThrmlZn:VentSysDsgnFlow  (76:'HVACSecondary-Fan-FanRatios.rule' line 111)
2020-02-05 13:23:35 - Error:  Division by zero evaluating rule: Set ANNUAL_BASELINE ThrmlZn:VentSysDsgnFlow  (76:'HVACSecondary-Fan-FanRatios.rule' line 111)
2020-02-05 13:23:35 - Error:  Division by zero evaluating rule: Set ANNUAL_BASELINE ThrmlZn:VentSysDsgnFlow  (76:'HVACSecondary-Fan-FanRatios.rule' line 111)
2020-02-05 13:23:35 - Error:  Division by zero evaluating rule: Set ANNUAL_BASELINE ThrmlZn:VentSysDsgnFlow  (76:'HVACSecondary-Fan-FanRatios.rule' line 111)
2020-02-05 13:23:36 -   PerfAnal_NRes - Bypassing OpenStudio (and simulation) for ab model
2020-02-05 13:23:36 -   PerfAnal_NRes - Completed analysis steps thru #7
2020-02-05 13:23:36 - Analysis incomplete  Processing time:  Overall 5:20 / SDD2IDF x2 avg 0:08 / SizSim x0 0:00 / AnnSim x2 avg 2:17 / ReportGen x0 0:00 / Other 0:25
2020-02-05 13:23:36 -       ResultsSummary population:  bAbort = (false) / RuleProcAbort = (false) / iRetVal = 0 / pszResultsSummary = (empty) / iResultsSummaryLen = 3200
2020-02-05 13:23:36 -       ResultsSummary components1:  2020-02-05 13:23:36 / instance / Mid-Rise Mixed-Use (5-story) / CTZ11S22A / Title24ProposedOnly / 5:20 /  / 
2020-02-05 13:23:36 -       ResultsSummary components2:  CBECC-Com 2022.0.1 RV (1113) / BEMCmpMgr 2022.0.1 RV (6107) / CA 2022 Nonresidential, Vers. 1.0 Alpha /  /  / - / C:\Users\mnakajima\Documents\CBECC-Com 2022 Data\EPW\ / C:\Users\mnakajima\Documents\GitHub\T24-2022-CASE-Modeling\framework\analysis\baseline-mumr\runs\mumr-baseline\cz11\
2020-02-05 13:23:36 -       ResultsSummary:  2020-02-05 13:23:36,"instance","Mid-Rise Mixed-Use (5-story)","CTZ11S22A","Pol  0% RetAdd NoLeak",113100,141000,"Title24ProposedOnly",5:20,,,"--","--","Successful (219 warnings)",11.6399,127603,63825.8,0,214.657,13326.4,81961.5,286943,217441,0,149101,34551.8,0,0,688037,4201.94,0,0,0,0,8703.31,0,12905.3,586.724,0,0,0,13492,0,0,0,0,0,0,0,0,0,0,0,0,0,10.0008,42.6851,17.0013,0,0.0483828,21.7786,19.3967,110.911,55.7311,0,38.5354,8.47645,0,0,213.654,183.829,29.8251,0,2953.5,"Thermal Zone: F2-4 Corridor",0,1312.25,"Thermal Zone: F5 Corridor",0,"--","--","",0,0,0,0,0,0,0,0,0,0,0,0,0,0,0,0,0,0,0,0,0,0,0,0,0,0,0,0,0,0,0,0,0,0,0,0,0,0,0,0,0,0,0,0,0,0,0,0,0,0,0,0,0,0,0,0,0,0,0,,,,,,,8.02577e-06,54.5045,13.3449,0,0.00969649,2.08198,14.3272,84.2684,38.321,0,25.7371,3.94427,0,0,152.271,0,0,0,0,0,0,0,0,0,0,0,0,0,0,0,"CBECC-Com 2022.0.1 RV (1113)","BEMCmpMgr 2022.0.1 RV (6107)","CA 2022 Nonresidential, Vers. 1.0 Alpha","","","-","C:\Users\mnakajima\Documents\CBECC-Com 2022 Data\EPW\","C:\Users\mnakajima\Documents\GitHub\T24-2022-CASE-Modeling\framework\analysis\baseline-mumr\runs\mumr-baseline\cz11\",0.00225597,15.1962,9.06698,0,0.0312011,1.68942,9.05828,35.05,32.1279,0,25.58,5.65158,0,0,98.41,2.01477,0,0,0,0,4.17312,0,6.18,0.281326,0,0,0,6.46,0,0,0,0,0,0,0,0,0,0,0,0,0,0,0,0,0,0,0,0,0,0,0,0,0,0,0,0,3.46049,2.53105,1.51017,0,0.00519676,7.44818,1.50872,16.4638,5.83428,0,4.26052,0.941311,0,0,27.4999,0,0,0,0,0,0,0,0,0,0,0,0,0,0,0,

2020-02-05 13:23:41 - -----------------------------------------------------------------------------
2020-02-05 13:23:41 - Opening Project 'cz11\instance.cibd22'...
2020-02-05 13:23:42 -    Model load successful into CBECC-Com 2022.0.1 RV (1113)
2020-02-05 13:23:42 - Performing Building Database check...
2020-02-05 13:23:42 - Building Database check completed, no problems found.
2020-02-05 13:23:47 - Project Saved
2020-03-25 22:11:01 - -----------------------------------------------------------------------------
2020-03-25 22:11:01 - Opening Project 'cz11\instance.cibd22'...
2020-03-25 22:11:02 -    Model load successful into CBECC-Com 2022.0.1 RV (1113)
2020-03-25 22:11:02 - Performing Building Database check...
2020-03-25 22:11:02 - Building Database check completed, no problems found.
2020-03-25 22:11:06 -   PerfAnal_NRes - starting, w/ arguments:
2020-03-25 22:11:06 -        BEMBasePathFile    = (null)
2020-03-25 22:11:06 -        RulesetPathFile    = (null)
2020-03-25 22:11:06 -        SimWeatherPath     = C:\Users\ssumawan\Documents\CBECC-Com 2022 Data\EPW\
2020-03-25 22:11:06 -        CompMgrDLLPath     = (null)
2020-03-25 22:11:06 -        DHWWeatherPath     = (null)
2020-03-25 22:11:06 -        ProcessingPath     = C:\Users\ssumawan\Documents\GitHub\T24-2022-CASE-Modeling\framework\analysis\all-electric\runs\mumr-baseline\cz11\instance - run\
2020-03-25 22:11:06 -        ModelPathFile      = C:\Users\ssumawan\Documents\GitHub\T24-2022-CASE-Modeling\framework\analysis\all-electric\runs\mumr-baseline\cz11\instance.cibd22
2020-03-25 22:11:06 -        LogPathFile        = (null)
2020-03-25 22:11:06 -        UIVersionString    = CBECC-Com 2022.0.1 RV (1113)
2020-03-25 22:11:06 -        LoadModelFile      = false
2020-03-25 22:11:06 -        OptionsCSV         = AllowAnalysisAbort,0,StoreBEMDetails,1,AnalysisThruStep,8,ModelRpt_ALL,1,ExportHourlyResults_All,1,PromptUserUMLHWarning,1,PreAnalysisCheckPromptOption,3,CompReportWarningOption,5,
2020-03-25 22:11:06 -        ErrorMsg           = (assumed to be initialized)
2020-03-25 22:11:06 -        ErrorMsgLen        = 2056
2020-03-25 22:11:06 -        DisplayProgress    = true
2020-03-25 22:11:06 -        ResultsSummary     = (empty)
2020-03-25 22:11:06 -        ResultsSummaryLen  = 3200
2020-03-25 22:11:06 -        pProgCallbackFunc  = (null)
2020-03-25 22:11:07 - Performing Building Database check...
2020-03-25 22:11:07 - Building Database check completed, no problems found.
2020-03-25 22:11:07 - Warning:  The following developer options must be defaulted (not specified by the user) in order to perform a valid compliance analysis:
          Proj 'Mid-Rise Mixed-Use (5-story)' AutoHardSize
          Proj 'Mid-Rise Mixed-Use (5-story)' AutoEffInput
2020-03-25 22:11:07 -    1 file hash check(s) failed on executable and/or analysis support files (analysis continuing w/ report signature disabled)
2020-03-25 22:11:09 - Performing Building Database check...
2020-03-25 22:11:09 - Building Database check completed, no problems found.
2020-03-25 22:11:09 - Warning:  The AirSystem:Count for multi-zone system 'DOAS1' is not consistent with the maximum or minimum ThermalZone:Multiplier of the zones the system serves. This indicates the HVAC system serves more than 1 floor, or that Multipliers or system Count may be improperly defined. Check inputs for consistency. evaluating rule: Set CHECKCODE AirSys:Cnt  (68:'HVACSecondary-General.rule' line 1398)
2020-03-25 22:11:12 -   PerfAnal_NRes - Bypassing OpenStudio (and simulation) for zp model
2020-03-25 22:15:19 -   PerfSim_E+ - Final Result: PASS  -- compliance margin: 4.17 (3.68%)
2020-03-25 22:15:21 - Analysis result:  PASS  (TDV margin: 4.17)  Processing time:  Overall 4:15 / SDD2IDF x4 avg 0:08 / SizSim x2 avg 0:17 / AnnSim x2 avg 1:19 / ReportGen x0 0:00 / Other 0:25
2020-03-25 22:15:21 -       ResultsSummary population:  bAbort = (false) / RuleProcAbort = (false) / iRetVal = 0 / pszResultsSummary = (empty) / iResultsSummaryLen = 3200
2020-03-25 22:15:21 -       ResultsSummary components1:  2020-03-25 22:15:21 / instance / Mid-Rise Mixed-Use (5-story) / CTZ11S22A / Title24Compliance / 4:15 / PASS / 4.17
2020-03-25 22:15:21 -       ResultsSummary components2:  CBECC-Com 2022.0.1 RV (1113) / BEMCmpMgr 2022.0.1 RV (6107) / CA 2022 Nonresidential, Vers. 1.0 Alpha / 1.11.3.f52686d8e1 / 9.0.1-bb7ca4f0da / CSE19 0.865.0+dhwloop.68861ec.94 EXE / C:\Users\ssumawan\Documents\CBECC-Com 2022 Data\EPW\ / C:\Users\ssumawan\Documents\GitHub\T24-2022-CASE-Modeling\framework\analysis\all-electric\runs\mumr-baseline\cz11\
2020-03-25 22:15:21 -       ResultsSummary:  2020-03-25 22:15:21,"instance","Mid-Rise Mixed-Use (5-story)","CTZ11S22A","Pol  0% RetAdd NoLeak",113100,141000,"Title24Compliance",4:15,PASS,4.17,"--","--","Successful (219 warnings)",11.6423,126296,63155.1,0,214.824,13326.4,81961.5,284966,217441,0,149101,34551.8,0,0,686059,3864.43,0,0,0,0,8703.31,0,12567.7,586.724,0,0,0,13154.5,0,0,0,0,0,0,0,0,0,0,0,0,0,9.19329,41.968,16.763,0,0.0484159,21.7786,19.3967,109.148,55.7311,0,38.5354,8.47645,0,0,211.891,182.873,29.0176,0,3006.5,"Thermal Zone: F2-4 Corridor",0,1282,"Thermal Zone: F5 Corridor",0,"--","--","Successful (227 warnings)",17.6179,138097,58540,0,79.2886,13335.7,81961.5,292031,217441,0,149101,34551.8,0,0,693125,4571.66,0,0,0,0,8703.31,0,13275,586.724,0,0,0,13861.7,0,0,0,0,0,0,0,0,0,0,0,0,0,10.851,45.4917,15.7701,0,0.0201535,21.7873,19.3967,113.317,55.7311,0,38.5354,8.47645,0,0,216.06,185.386,30.6738,0,0,,0,0,,0,8.02945e-06,53.1911,13.0906,0,0.00992523,2.08199,14.3272,82.7008,38.321,0,25.7371,3.94427,0,0,150.703,2.67586e-06,59.6513,12.6391,0,0.000331942,2.07796,14.3272,88.6959,38.321,0,25.7371,3.94427,0,0,156.698,"CBECC-Com 2022.0.1 RV (1113)","BEMCmpMgr 2022.0.1 RV (6107)","CA 2022 Nonresidential, Vers. 1.0 Alpha","1.11.3.f52686d8e1","9.0.1-bb7ca4f0da","CSE19 0.865.0+dhwloop.68861ec.94 EXE","C:\Users\ssumawan\Documents\CBECC-Com 2022 Data\EPW\","C:\Users\ssumawan\Documents\GitHub\T24-2022-CASE-Modeling\framework\analysis\all-electric\runs\mumr-baseline\cz11\",0.00225641,15.0436,8.94854,0,0.0312207,1.68941,9.05828,34.77,32.1279,0,25.58,5.65158,0,0,98.13,1.85294,0,0,0,0,4.17312,0,6.02,0.281326,0,0,0,6.3,0.00353468,15.932,8.24047,0,0.0163185,1.69682,9.05828,34.95,32.1279,0,25.58,5.65158,0,0,98.31,2.19205,0,0,0,0,4.17312,0,6.36,0.281326,0,0,0,6.64,3.18257,2.50561,1.49044,0,0.00520002,7.44818,1.50872,16.1407,5.83428,0,4.26052,0.941311,0,0,27.1768,3.76514,2.65359,1.37251,0,0.00271796,7.44941,1.50872,16.7521,5.83428,0,4.26052,0.941311,0,0,27.7882,

2020-03-25 22:15:24 - -----------------------------------------------------------------------------
2020-03-25 22:15:24 - Opening Project 'cz11\instance.cibd22'...
2020-03-25 22:15:25 -    Model load successful into CBECC-Com 2022.0.1 RV (1113)
2020-03-25 22:15:25 - Performing Building Database check...
2020-03-25 22:15:25 - Building Database check completed, no problems found.
2020-03-25 22:15:29 - Project Saved
