---------------
SE(795): Info: C:\USERS\MNAKAJIMA\DOCUMENTS\GITHUB\T24-2022-CASE-MODELING\FRAMEWORK\ANALYSIS\HPTE\RUNS\LRLC-WINF-PROPU2\CZ14\INSTANCE - COMP22\INSTANCE - SMF.CSE(795): Info: 
  DHWSys 'dhwsys-DHWGas': 
    'wsTSetpoint' is ignored -- no setpoint-aware DHWHEATERs in this DHWSYS.
---------------
Warning at hour/subhour 25/20 on autoSizing 01-Jun iteration 30:
  AutoSize pass 1A has not converged.  Abandoning after 30 iterations.
---------------
Warning: Zone 'Zone1-zn': Unmet cooling loads during 789 hours of run.
---------------
Warning: Zone 'Zone2-zn': Unmet cooling loads during 810 hours of run.
---------------
Warning: Zone 'Zone3-zn': Unmet cooling loads during 609 hours of run.
---------------
Warning: Zone 'Corridor1-zn': Condensation occurred in 101 subhours of run.
    Total condensation heat = 4.83898 kBtu.
---------------
Warning: Zone 'Corridor1-zn': Unmet cooling loads during 486 hours of run.
---------------
Warning: 
  Zone 'BusinessCenter1-zn': Condensation occurred in 1937 subhours of run.
    Total condensation heat = 42.1419 kBtu.
---------------
Warning: 
  Zone 'BusinessCenter1-zn': Unmet cooling loads during 748 hours of run.
---------------
Warning: 
  Zone 'FitnessCenter1-zn': Condensation occurred in 40985 subhours of run.
    Total condensation heat = 2439.66 kBtu.
---------------
Warning: 
  Zone 'FitnessCenter1-zn': Unmet cooling loads during 609 hours of run.
---------------
Warning: Zone 'Laundry1-zn': Unmet cooling loads during 362 hours of run.
---------------
Warning: 
  Zone 'LeasingOffice1-zn': Unmet cooling loads during 349 hours of run.
---------------
Warning: Zone 'Lobby1-zn': Condensation occurred in 21385 subhours of run.
    Total condensation heat = 1582.96 kBtu.
---------------
Warning: Zone 'Lobby1-zn': Unmet cooling loads during 524 hours of run.
---------------
Warning: 
  Zone 'MechanicalRoom1-zn': Unmet heating loads during 1279 hours of run.
---------------
Warning: 
  Zone 'MechanicalRoom1-zn': Unmet cooling loads during 3284 hours of run.
---------------
Warning: Zone 'Stairs1-zn': Unmet cooling loads during 424 hours of run.
---------------
Warning: Zone 'Corridor2-zn': Unmet cooling loads during 585 hours of run.
---------------
Warning: Zone 'Corridor3-zn': Unmet cooling loads during 509 hours of run.
---------------
Warning: Zone 'Stairs2-zn': Unmet cooling loads during 428 hours of run.
---------------
Warning: Zone 'Stairs3-zn': Unmet cooling loads during 429 hours of run.
---------------
