2020-01-16 18:03:18 - -----------------------------------------------------------------------------
2020-01-16 18:03:18 - Opening Project 'cz13\instance.cibd22'...
2020-01-16 18:03:18 -    Model load successful into CBECC-Com 2022.0.1 RV (1113)
2020-01-16 18:03:18 - Performing Building Database check...
2020-01-16 18:03:18 - Building Database check completed, no problems found.
2020-01-16 18:03:21 -   PerfAnal_NRes - starting, w/ arguments:
2020-01-16 18:03:21 -        BEMBasePathFile    = (null)
2020-01-16 18:03:21 -        RulesetPathFile    = (null)
2020-01-16 18:03:21 -        SimWeatherPath     = C:\Users\agoyal\Documents\CBECC-Com 2022 Data\EPW\
2020-01-16 18:03:21 -        CompMgrDLLPath     = (null)
2020-01-16 18:03:21 -        DHWWeatherPath     = (null)
2020-01-16 18:03:21 -        ProcessingPath     = C:\Users\agoyal\Documents\GitHub\T24-2022-CASE-Modeling\framework\analysis\hvac\runs\hr-baseline\cz13\instance - run\
2020-01-16 18:03:21 -        ModelPathFile      = C:\Users\agoyal\Documents\GitHub\T24-2022-CASE-Modeling\framework\analysis\hvac\runs\hr-baseline\cz13\instance.cibd22
2020-01-16 18:03:21 -        LogPathFile        = (null)
2020-01-16 18:03:21 -        UIVersionString    = CBECC-Com 2022.0.1 RV (1113)
2020-01-16 18:03:21 -        LoadModelFile      = false
2020-01-16 18:03:21 -        OptionsCSV         = AllowAnalysisAbort,0,StoreBEMDetails,1,AnalysisThruStep,8,ModelRpt_ALL,1,ExportHourlyResults_All,1,PromptUserUMLHWarning,1,PreAnalysisCheckPromptOption,3,CompReportWarningOption,5,
2020-01-16 18:03:21 -        ErrorMsg           = (assumed to be initialized)
2020-01-16 18:03:21 -        ErrorMsgLen        = 2056
2020-01-16 18:03:21 -        DisplayProgress    = true
2020-01-16 18:03:21 -        ResultsSummary     = (empty)
2020-01-16 18:03:21 -        ResultsSummaryLen  = 3200
2020-01-16 18:03:21 -        pProgCallbackFunc  = (null)
2020-01-16 18:03:22 - Performing Building Database check...
2020-01-16 18:03:22 - Building Database check completed, no problems found.
2020-01-16 18:03:22 - Warning:  The following developer options must be defaulted (not specified by the user) in order to perform a valid compliance analysis:
          Proj 'High-Rise Mixed-Use (10-story)' DefaultDayltgCtrls
          Proj 'High-Rise Mixed-Use (10-story)' AutoHardSize
          Proj 'High-Rise Mixed-Use (10-story)' AutoEffInput
2020-01-16 18:03:22 -    1 file hash check(s) failed on executable and/or analysis support files (analysis continuing w/ report signature disabled)
2020-01-16 18:03:23 - Performing Building Database check...
2020-01-16 18:03:23 - Building Database check completed, no problems found.
2020-01-16 18:03:23 - Warning:  Residential space 'F2-9 1-Bed NE' ventilation flow rate, 38 cfm, is greater than the code minimum, 22 cfm. evaluating rule: Set CHECKCODE Spc:VentFlow  (25:'Space-Ventilation.rule' line 2828)
2020-01-16 18:03:23 - Warning:  Residential space 'F2-9 1-Bed NW' ventilation flow rate, 38 cfm, is greater than the code minimum, 22 cfm. evaluating rule: Set CHECKCODE Spc:VentFlow  (25:'Space-Ventilation.rule' line 2828)
2020-01-16 18:03:23 - Warning:  Residential space 'F2-9 1-Bed SE Inner' ventilation flow rate, 38 cfm, is greater than the code minimum, 22 cfm. evaluating rule: Set CHECKCODE Spc:VentFlow  (25:'Space-Ventilation.rule' line 2828)
2020-01-16 18:03:23 - Warning:  Residential space 'F2-9 1-Bed SE Outer' ventilation flow rate, 38 cfm, is greater than the code minimum, 22 cfm. evaluating rule: Set CHECKCODE Spc:VentFlow  (25:'Space-Ventilation.rule' line 2828)
2020-01-16 18:03:23 - Warning:  Residential space 'F2-9 1-Bed SW Inner' ventilation flow rate, 38 cfm, is greater than the code minimum, 22 cfm. evaluating rule: Set CHECKCODE Spc:VentFlow  (25:'Space-Ventilation.rule' line 2828)
2020-01-16 18:03:23 - Warning:  Residential space 'F2-9 1-Bed SW Outer' ventilation flow rate, 38 cfm, is greater than the code minimum, 22 cfm. evaluating rule: Set CHECKCODE Spc:VentFlow  (25:'Space-Ventilation.rule' line 2828)
2020-01-16 18:03:23 - Warning:  Residential space 'F2-9 2-Bed N Core' ventilation flow rate, 55 cfm, is greater than the code minimum, 34 cfm. evaluating rule: Set CHECKCODE Spc:VentFlow  (25:'Space-Ventilation.rule' line 2828)
2020-01-16 18:03:23 - Warning:  Residential space 'F2-9 2-Bed NE' ventilation flow rate, 55 cfm, is greater than the code minimum, 34 cfm. evaluating rule: Set CHECKCODE Spc:VentFlow  (25:'Space-Ventilation.rule' line 2828)
2020-01-16 18:03:23 - Warning:  Residential space 'F2-9 2-Bed NW' ventilation flow rate, 55 cfm, is greater than the code minimum, 34 cfm. evaluating rule: Set CHECKCODE Spc:VentFlow  (25:'Space-Ventilation.rule' line 2828)
2020-01-16 18:03:23 - Warning:  Residential space 'F2-9 2-Bed SE' ventilation flow rate, 55 cfm, is greater than the code minimum, 34 cfm. evaluating rule: Set CHECKCODE Spc:VentFlow  (25:'Space-Ventilation.rule' line 2828)
2020-01-16 18:03:23 - Warning:  Residential space 'F2-9 2-Bed SW' ventilation flow rate, 55 cfm, is greater than the code minimum, 34 cfm. evaluating rule: Set CHECKCODE Spc:VentFlow  (25:'Space-Ventilation.rule' line 2828)
2020-01-16 18:03:23 - Warning:  Residential space 'F2-9 Studio NE' ventilation flow rate, 31 cfm, is greater than the code minimum, 22 cfm. evaluating rule: Set CHECKCODE Spc:VentFlow  (25:'Space-Ventilation.rule' line 2828)
2020-01-16 18:03:23 - Warning:  Residential space 'F2-9 Studio NW' ventilation flow rate, 31 cfm, is greater than the code minimum, 22 cfm. evaluating rule: Set CHECKCODE Spc:VentFlow  (25:'Space-Ventilation.rule' line 2828)
2020-01-16 18:03:23 - Warning:  Residential space 'F10 1-Bed NE' ventilation flow rate, 38 cfm, is greater than the code minimum, 22 cfm. evaluating rule: Set CHECKCODE Spc:VentFlow  (25:'Space-Ventilation.rule' line 2828)
2020-01-16 18:03:23 - Warning:  Residential space 'F10 1-Bed NW' ventilation flow rate, 38 cfm, is greater than the code minimum, 22 cfm. evaluating rule: Set CHECKCODE Spc:VentFlow  (25:'Space-Ventilation.rule' line 2828)
2020-01-16 18:03:23 - Warning:  Residential space 'F10 1-Bed SE Inner' ventilation flow rate, 38 cfm, is greater than the code minimum, 22 cfm. evaluating rule: Set CHECKCODE Spc:VentFlow  (25:'Space-Ventilation.rule' line 2828)
2020-01-16 18:03:23 - Warning:  Residential space 'F10 1-Bed SE Outer' ventilation flow rate, 38 cfm, is greater than the code minimum, 22 cfm. evaluating rule: Set CHECKCODE Spc:VentFlow  (25:'Space-Ventilation.rule' line 2828)
2020-01-16 18:03:23 - Warning:  Residential space 'F10 1-Bed SW Inner' ventilation flow rate, 38 cfm, is greater than the code minimum, 22 cfm. evaluating rule: Set CHECKCODE Spc:VentFlow  (25:'Space-Ventilation.rule' line 2828)
2020-01-16 18:03:23 - Warning:  Residential space 'F10 1-Bed SW Outer' ventilation flow rate, 38 cfm, is greater than the code minimum, 22 cfm. evaluating rule: Set CHECKCODE Spc:VentFlow  (25:'Space-Ventilation.rule' line 2828)
2020-01-16 18:03:23 - Warning:  Residential space 'F10 2-Bed N Core' ventilation flow rate, 55 cfm, is greater than the code minimum, 34 cfm. evaluating rule: Set CHECKCODE Spc:VentFlow  (25:'Space-Ventilation.rule' line 2828)
2020-01-16 18:03:23 - Warning:  Residential space 'F10 2-Bed NE' ventilation flow rate, 55 cfm, is greater than the code minimum, 34 cfm. evaluating rule: Set CHECKCODE Spc:VentFlow  (25:'Space-Ventilation.rule' line 2828)
2020-01-16 18:03:23 - Warning:  Residential space 'F10 2-Bed NW' ventilation flow rate, 55 cfm, is greater than the code minimum, 34 cfm. evaluating rule: Set CHECKCODE Spc:VentFlow  (25:'Space-Ventilation.rule' line 2828)
2020-01-16 18:03:23 - Warning:  Residential space 'F10 2-Bed SE' ventilation flow rate, 55 cfm, is greater than the code minimum, 34 cfm. evaluating rule: Set CHECKCODE Spc:VentFlow  (25:'Space-Ventilation.rule' line 2828)
2020-01-16 18:03:23 - Warning:  Residential space 'F10 2-Bed SW' ventilation flow rate, 55 cfm, is greater than the code minimum, 34 cfm. evaluating rule: Set CHECKCODE Spc:VentFlow  (25:'Space-Ventilation.rule' line 2828)
2020-01-16 18:03:23 - Warning:  Residential space 'F10 Studio NE' ventilation flow rate, 31 cfm, is greater than the code minimum, 22 cfm. evaluating rule: Set CHECKCODE Spc:VentFlow  (25:'Space-Ventilation.rule' line 2828)
2020-01-16 18:03:23 - Warning:  Residential space 'F10 Studio NW' ventilation flow rate, 31 cfm, is greater than the code minimum, 22 cfm. evaluating rule: Set CHECKCODE Spc:VentFlow  (25:'Space-Ventilation.rule' line 2828)
2020-01-16 18:03:23 - Warning:  The spaces assigned to thermal zone 'Thermal Zone: F1 Lounge' have cooling unmet load hour limits ranging from 150 to 8760. All spaces in the zone will be held to the minimum UMLH limit. evaluating rule: Set CHECKCODE ThrmlZn:ClgUMLHLimit  (60:'ThermalZone-General.rule' line 1738)
2020-01-16 18:03:23 - Warning:  The spaces assigned to thermal zone 'Thermal Zone: F1 Lounge' have heating unmet load hour limits ranging from 150 to 8760. All spaces in the zone will be held to the minimum UMLH limit. evaluating rule: Set CHECKCODE ThrmlZn:HtgUMLHLimit  (60:'ThermalZone-General.rule' line 1765)
2020-01-16 18:03:23 - Warning:  ThermalZone 'Thermal Zone: F1 Business Center' has no HVAC, or HasUnknownHVAC is checked. A baseline system will be modeled for this zone. If a proposed HVAC system has been specified, it will be ignored. evaluating rule: Set CHECKCODE ThrmlZn:CreateBaseHVAC  (63:'BaselineHVACSystems-T24N.rule' line 680)
2020-01-16 18:03:23 - Warning:  ThermalZone 'Thermal Zone: F1 Fitness Center' has no HVAC, or HasUnknownHVAC is checked. A baseline system will be modeled for this zone. If a proposed HVAC system has been specified, it will be ignored. evaluating rule: Set CHECKCODE ThrmlZn:CreateBaseHVAC  (63:'BaselineHVACSystems-T24N.rule' line 680)
2020-01-16 18:03:23 - Warning:  ThermalZone 'Thermal Zone: F1 Leasing Office' has no HVAC, or HasUnknownHVAC is checked. A baseline system will be modeled for this zone. If a proposed HVAC system has been specified, it will be ignored. evaluating rule: Set CHECKCODE ThrmlZn:CreateBaseHVAC  (63:'BaselineHVACSystems-T24N.rule' line 680)
2020-01-16 18:03:23 - Warning:  ThermalZone 'Thermal Zone: F1 Lounge' has no HVAC, or HasUnknownHVAC is checked. A baseline system will be modeled for this zone. If a proposed HVAC system has been specified, it will be ignored. evaluating rule: Set CHECKCODE ThrmlZn:CreateBaseHVAC  (63:'BaselineHVACSystems-T24N.rule' line 680)
2020-01-16 18:03:23 - Warning:  ThermalZone 'Thermal Zone: F1 Retail E Core' has no HVAC, or HasUnknownHVAC is checked. A baseline system will be modeled for this zone. If a proposed HVAC system has been specified, it will be ignored. evaluating rule: Set CHECKCODE ThrmlZn:CreateBaseHVAC  (63:'BaselineHVACSystems-T24N.rule' line 680)
2020-01-16 18:03:23 - Warning:  ThermalZone 'Thermal Zone: F1 Retail E Outer' has no HVAC, or HasUnknownHVAC is checked. A baseline system will be modeled for this zone. If a proposed HVAC system has been specified, it will be ignored. evaluating rule: Set CHECKCODE ThrmlZn:CreateBaseHVAC  (63:'BaselineHVACSystems-T24N.rule' line 680)
2020-01-16 18:03:23 - Warning:  ThermalZone 'Thermal Zone: F1 Retail W Core' has no HVAC, or HasUnknownHVAC is checked. A baseline system will be modeled for this zone. If a proposed HVAC system has been specified, it will be ignored. evaluating rule: Set CHECKCODE ThrmlZn:CreateBaseHVAC  (63:'BaselineHVACSystems-T24N.rule' line 680)
2020-01-16 18:03:23 - Warning:  ThermalZone 'Thermal Zone: F1 Retail W Outer' has no HVAC, or HasUnknownHVAC is checked. A baseline system will be modeled for this zone. If a proposed HVAC system has been specified, it will be ignored. evaluating rule: Set CHECKCODE ThrmlZn:CreateBaseHVAC  (63:'BaselineHVACSystems-T24N.rule' line 680)
2020-01-16 18:03:23 - Warning:  ThermalZone 'Thermal Zone: F10 1-Bed N' has no HVAC, or HasUnknownHVAC is checked. A baseline system will be modeled for this zone. If a proposed HVAC system has been specified, it will be ignored. evaluating rule: Set CHECKCODE ThrmlZn:CreateBaseHVAC  (63:'BaselineHVACSystems-T24N.rule' line 680)
2020-01-16 18:03:23 - Warning:  ThermalZone 'Thermal Zone: F10 1-Bed SE' has no HVAC, or HasUnknownHVAC is checked. A baseline system will be modeled for this zone. If a proposed HVAC system has been specified, it will be ignored. evaluating rule: Set CHECKCODE ThrmlZn:CreateBaseHVAC  (63:'BaselineHVACSystems-T24N.rule' line 680)
2020-01-16 18:03:23 - Warning:  ThermalZone 'Thermal Zone: F10 1-Bed SW' has no HVAC, or HasUnknownHVAC is checked. A baseline system will be modeled for this zone. If a proposed HVAC system has been specified, it will be ignored. evaluating rule: Set CHECKCODE ThrmlZn:CreateBaseHVAC  (63:'BaselineHVACSystems-T24N.rule' line 680)
2020-01-16 18:03:23 - Warning:  ThermalZone 'Thermal Zone: F10 2-Bed N Core' has no HVAC, or HasUnknownHVAC is checked. A baseline system will be modeled for this zone. If a proposed HVAC system has been specified, it will be ignored. evaluating rule: Set CHECKCODE ThrmlZn:CreateBaseHVAC  (63:'BaselineHVACSystems-T24N.rule' line 680)
2020-01-16 18:03:23 - Warning:  ThermalZone 'Thermal Zone: F10 2-Bed NE' has no HVAC, or HasUnknownHVAC is checked. A baseline system will be modeled for this zone. If a proposed HVAC system has been specified, it will be ignored. evaluating rule: Set CHECKCODE ThrmlZn:CreateBaseHVAC  (63:'BaselineHVACSystems-T24N.rule' line 680)
2020-01-16 18:03:23 - Warning:  ThermalZone 'Thermal Zone: F10 2-Bed NW' has no HVAC, or HasUnknownHVAC is checked. A baseline system will be modeled for this zone. If a proposed HVAC system has been specified, it will be ignored. evaluating rule: Set CHECKCODE ThrmlZn:CreateBaseHVAC  (63:'BaselineHVACSystems-T24N.rule' line 680)
2020-01-16 18:03:23 - Warning:  ThermalZone 'Thermal Zone: F10 2-Bed SE' has no HVAC, or HasUnknownHVAC is checked. A baseline system will be modeled for this zone. If a proposed HVAC system has been specified, it will be ignored. evaluating rule: Set CHECKCODE ThrmlZn:CreateBaseHVAC  (63:'BaselineHVACSystems-T24N.rule' line 680)
2020-01-16 18:03:23 - Warning:  ThermalZone 'Thermal Zone: F10 2-Bed SW' has no HVAC, or HasUnknownHVAC is checked. A baseline system will be modeled for this zone. If a proposed HVAC system has been specified, it will be ignored. evaluating rule: Set CHECKCODE ThrmlZn:CreateBaseHVAC  (63:'BaselineHVACSystems-T24N.rule' line 680)
2020-01-16 18:03:23 - Warning:  ThermalZone 'Thermal Zone: F10 Corridor' has no HVAC, or HasUnknownHVAC is checked. A baseline system will be modeled for this zone. If a proposed HVAC system has been specified, it will be ignored. evaluating rule: Set CHECKCODE ThrmlZn:CreateBaseHVAC  (63:'BaselineHVACSystems-T24N.rule' line 680)
2020-01-16 18:03:23 - Warning:  ThermalZone 'Thermal Zone: F10 Laundry' has no HVAC, or HasUnknownHVAC is checked. A baseline system will be modeled for this zone. If a proposed HVAC system has been specified, it will be ignored. evaluating rule: Set CHECKCODE ThrmlZn:CreateBaseHVAC  (63:'BaselineHVACSystems-T24N.rule' line 680)
2020-01-16 18:03:23 - Warning:  ThermalZone 'Thermal Zone: F10 Studio N' has no HVAC, or HasUnknownHVAC is checked. A baseline system will be modeled for this zone. If a proposed HVAC system has been specified, it will be ignored. evaluating rule: Set CHECKCODE ThrmlZn:CreateBaseHVAC  (63:'BaselineHVACSystems-T24N.rule' line 680)
2020-01-16 18:03:23 - Warning:  ThermalZone 'Thermal Zone: F2-9 1-Bed N' has no HVAC, or HasUnknownHVAC is checked. A baseline system will be modeled for this zone. If a proposed HVAC system has been specified, it will be ignored. evaluating rule: Set CHECKCODE ThrmlZn:CreateBaseHVAC  (63:'BaselineHVACSystems-T24N.rule' line 680)
2020-01-16 18:03:23 - Warning:  ThermalZone 'Thermal Zone: F2-9 1-Bed SE' has no HVAC, or HasUnknownHVAC is checked. A baseline system will be modeled for this zone. If a proposed HVAC system has been specified, it will be ignored. evaluating rule: Set CHECKCODE ThrmlZn:CreateBaseHVAC  (63:'BaselineHVACSystems-T24N.rule' line 680)
2020-01-16 18:03:23 - Warning:  ThermalZone 'Thermal Zone: F2-9 1-Bed SW' has no HVAC, or HasUnknownHVAC is checked. A baseline system will be modeled for this zone. If a proposed HVAC system has been specified, it will be ignored. evaluating rule: Set CHECKCODE ThrmlZn:CreateBaseHVAC  (63:'BaselineHVACSystems-T24N.rule' line 680)
2020-01-16 18:03:23 - Warning:  ThermalZone 'Thermal Zone: F2-9 2-Bed N Core' has no HVAC, or HasUnknownHVAC is checked. A baseline system will be modeled for this zone. If a proposed HVAC system has been specified, it will be ignored. evaluating rule: Set CHECKCODE ThrmlZn:CreateBaseHVAC  (63:'BaselineHVACSystems-T24N.rule' line 680)
2020-01-16 18:03:23 - Warning:  ThermalZone 'Thermal Zone: F2-9 2-Bed NE' has no HVAC, or HasUnknownHVAC is checked. A baseline system will be modeled for this zone. If a proposed HVAC system has been specified, it will be ignored. evaluating rule: Set CHECKCODE ThrmlZn:CreateBaseHVAC  (63:'BaselineHVACSystems-T24N.rule' line 680)
2020-01-16 18:03:23 - Warning:  ThermalZone 'Thermal Zone: F2-9 2-Bed NW' has no HVAC, or HasUnknownHVAC is checked. A baseline system will be modeled for this zone. If a proposed HVAC system has been specified, it will be ignored. evaluating rule: Set CHECKCODE ThrmlZn:CreateBaseHVAC  (63:'BaselineHVACSystems-T24N.rule' line 680)
2020-01-16 18:03:23 - Warning:  ThermalZone 'Thermal Zone: F2-9 2-Bed SE' has no HVAC, or HasUnknownHVAC is checked. A baseline system will be modeled for this zone. If a proposed HVAC system has been specified, it will be ignored. evaluating rule: Set CHECKCODE ThrmlZn:CreateBaseHVAC  (63:'BaselineHVACSystems-T24N.rule' line 680)
2020-01-16 18:03:23 - Warning:  ThermalZone 'Thermal Zone: F2-9 2-Bed SW' has no HVAC, or HasUnknownHVAC is checked. A baseline system will be modeled for this zone. If a proposed HVAC system has been specified, it will be ignored. evaluating rule: Set CHECKCODE ThrmlZn:CreateBaseHVAC  (63:'BaselineHVACSystems-T24N.rule' line 680)
2020-01-16 18:03:23 - Warning:  ThermalZone 'Thermal Zone: F2-9 Corridor' has no HVAC, or HasUnknownHVAC is checked. A baseline system will be modeled for this zone. If a proposed HVAC system has been specified, it will be ignored. evaluating rule: Set CHECKCODE ThrmlZn:CreateBaseHVAC  (63:'BaselineHVACSystems-T24N.rule' line 680)
2020-01-16 18:03:23 - Warning:  ThermalZone 'Thermal Zone: F2-9 Laundry' has no HVAC, or HasUnknownHVAC is checked. A baseline system will be modeled for this zone. If a proposed HVAC system has been specified, it will be ignored. evaluating rule: Set CHECKCODE ThrmlZn:CreateBaseHVAC  (63:'BaselineHVACSystems-T24N.rule' line 680)
2020-01-16 18:03:23 - Warning:  ThermalZone 'Thermal Zone: F2-9 Studio N' has no HVAC, or HasUnknownHVAC is checked. A baseline system will be modeled for this zone. If a proposed HVAC system has been specified, it will be ignored. evaluating rule: Set CHECKCODE ThrmlZn:CreateBaseHVAC  (63:'BaselineHVACSystems-T24N.rule' line 680)
2020-01-16 18:36:15 -   PerfSim_E+ - Final Result: FAIL  -- compliance margin: -0.06 (-0.09%)
2020-01-16 18:36:16 - Analysis result:  FAIL  (TDV margin: -0.06)  Processing time:  Overall 32:54 / SDD2IDF x4 avg 0:06 / SizSim x2 avg 0:58 / AnnSim x2 avg 15:09 / ReportGen x0 0:00 / Other 0:16
2020-01-16 18:36:16 -       ResultsSummary population:  bAbort = (false) / RuleProcAbort = (false) / iRetVal = 0 / pszResultsSummary = (empty) / iResultsSummaryLen = 3200
2020-01-16 18:36:16 -       ResultsSummary components1:  2020-01-16 18:36:16 / instance / High-Rise Mixed-Use (10-story) / CTZ13S22A / Title24Compliance / 32:54 / FAIL / -0.06
2020-01-16 18:36:16 -       ResultsSummary components2:  CBECC-Com 2022.0.1 RV (1113) / BEMCmpMgr 2022.0.1 RV (6107) / CA 2022 Nonresidential, Vers. 1.0 Alpha / 1.11.3.f52686d8e1 / 9.0.1-bb7ca4f0da / - / C:\Users\agoyal\Documents\CBECC-Com 2022 Data\EPW\ / C:\Users\agoyal\Documents\GitHub\T24-2022-CASE-Modeling\framework\analysis\hvac\runs\hr-baseline\cz13\
2020-01-16 18:36:16 -       ResultsSummary:  2020-01-16 18:36:16,"instance","High-Rise Mixed-Use (10-story)","CTZ13S22A","Pol  0% RetAdd NoLeak",125400,150480,"Title24Compliance",32:54,FAIL,-0.06,"--","--","Successful (140 warnings)",9.3388,92474.2,60616.3,16183.6,41324.5,0,52184.6,262793,231906,0,181711,7549.85,0,0,683959,1749.13,0,0,0,0,0,0,1749.13,754.553,0,0,0,2503.69,0,0,0,0,0,0,0,0,0,0,0,0,0,3.73365,24.4414,13.948,4.28556,9.15402,0,11.1652,66.7278,53.9576,0,42.0607,1.66668,0,0,164.413,159.245,5.16766,0,0,,0,0,,0,"--","--","Successful (140 warnings)",10.089,91234.7,60349.7,16043.2,40994.3,0,52184.6,260817,231906,0,181711,7549.85,0,0,681983,1881.68,0,0,0,0,0,0,1881.68,754.553,0,0,0,2636.24,0,0,0,0,0,0,0,0,0,0,0,0,0,4.0124,24.1969,13.9599,4.25449,9.0804,0,11.1652,66.6693,53.9576,0,42.0607,1.66668,0,0,164.354,158.908,5.44624,0,0,,0,0,,0,3.16127e-06,27.356,12.769,5.44007,6.06648,0,8.98287,60.6144,40.0913,0,31.5421,0.861855,0,0,133.11,2.04617e-06,26.9545,12.7591,5.40182,6.02161,0,8.98287,60.12,40.0913,0,31.5421,0.861855,0,0,132.615,"CBECC-Com 2022.0.1 RV (1113)","BEMCmpMgr 2022.0.1 RV (6107)","CA 2022 Nonresidential, Vers. 1.0 Alpha","1.11.3.f52686d8e1","9.0.1-bb7ca4f0da","-","C:\Users\agoyal\Documents\CBECC-Com 2022 Data\EPW\","C:\Users\agoyal\Documents\GitHub\T24-2022-CASE-Modeling\framework\analysis\hvac\runs\hr-baseline\cz13\",0.00191565,10.0341,7.04209,1.98033,6.06765,0,5.75312,30.87,35.8106,0,31.324,1.23492,0,0,99.23,0.838685,0,0,0,0,0,0,0.84,0.361798,0,0,0,1.2,0.00205249,9.87641,6.98676,1.96114,6.01553,0,5.75312,30.6,35.8106,0,31.324,1.23492,0,0,98.96,0.902242,0,0,0,0,0,0,0.9,0.361798,0,0,0,1.26,1.29934,1.50733,1.05786,0.297485,0.911484,0,0.864236,5.93774,5.93987,0,4.70549,0.185509,0,0,16.7686,1.39781,1.48364,1.04955,0.294603,0.903654,0,0.864236,5.99349,5.93987,0,4.70549,0.185509,0,0,16.8244,

2020-01-16 18:36:18 - -----------------------------------------------------------------------------
2020-01-16 18:36:18 - Opening Project 'cz13\instance.cibd22'...
2020-01-16 18:36:19 -    Model load successful into CBECC-Com 2022.0.1 RV (1113)
2020-01-16 18:36:19 - Performing Building Database check...
2020-01-16 18:36:19 - Building Database check completed, no problems found.
2020-01-16 18:36:21 - Project Saved
