2020-03-30 18:43:09 - -----------------------------------------------------------------------------
2020-03-30 18:43:09 - Opening Project 'cz03\instance.ribd22'...
2020-03-30 18:43:09 -    Model load successful into CBECC-Res 2022.0.2 RV (1133)
2020-03-30 18:43:10 - Performing Building Database check...
2020-03-30 18:43:10 - Building Database check completed, no problems found.
2020-03-30 18:43:12 - Performing Building Database check...
2020-03-30 18:43:12 - Building Database check completed, no problems found.
2020-03-30 18:43:12 -    Analysis being performed by CompMgrVersion 'BEMCmpMgr 2022.0.2-Pol-0%RA-NoCH4lk (1715)' via SoftwareVersion 'CBECC-Res 2022.0.2 RV'
2020-03-30 18:43:14 -    Unable to scale standard PV system - bad or missing EUseSummary:StdMixedFuelPVMlt and/or Proj:PVWDCSysTotal
2020-03-30 18:43:17 - CSE report include file not found 'C:\Users\mnakajima\Documents\GitHub\T24-2022-CASE-Modeling\framework\analysis\hpte-lrlc\runs\lrlc-baseline-crossover\cz03\Include-39372ft2.cse'
2020-03-30 18:44:36 - Analysis incomplete  Processing time:  Overall 85.1 / CSE19 75.6 / ModelPrep 5.06 / ResultsProcessing 1.46 / ReportGen 0.0 / ResXMLWriting 1.81 / Model&SecurChks 0.42 / Model&HrlyCSVExports 0.30 / DHWSim 0.00 / LoadModel 0.00 / Other 0.45
2020-03-31 11:03:06 - -----------------------------------------------------------------------------
2020-03-31 11:03:06 - Opening Project 'cz03\instance.ribd22'...
2020-03-31 11:03:35 - -----------------------------------------------------------------------------
2020-03-31 11:03:35 - Opening Project 'cz03\instance.ribd22'...
2020-03-31 11:03:35 -    Model load successful into CBECC-Res 2022.0.2 RV (1133)
2020-03-31 11:03:35 - Performing Building Database check...
2020-03-31 11:03:35 - Building Database check completed, no problems found.
2020-03-31 11:03:37 - Performing Building Database check...
2020-03-31 11:03:37 - Building Database check completed, no problems found.
2020-03-31 11:03:37 -    Analysis being performed by CompMgrVersion 'BEMCmpMgr 2022.0.2-Pol-0%RA-NoCH4lk (1715)' via SoftwareVersion 'CBECC-Res 2022.0.2 RV'
2020-03-31 11:03:38 -    Unable to scale standard PV system - bad or missing EUseSummary:StdMixedFuelPVMlt and/or Proj:PVWDCSysTotal
2020-03-31 11:03:40 - CSE report include file not found 'C:\Users\mnakajima\Documents\GitHub\T24-2022-CASE-Modeling\framework\analysis\hpte-lrlc\runs\lrlc-baseline-crossover\cz03\Include-39372ft2.cse'
2020-03-31 11:04:54 - Analysis incomplete  Processing time:  Overall 77.7 / CSE19 72.6 / ModelPrep 2.60 / ResultsProcessing 0.79 / ReportGen 0.0 / ResXMLWriting 0.96 / Model&SecurChks 0.26 / Model&HrlyCSVExports 0.21 / DHWSim 0.00 / LoadModel 0.00 / Other 0.27
2020-04-02 13:26:30 - -----------------------------------------------------------------------------
2020-04-02 13:26:30 - Opening Project 'cz03\instance.ribd22'...
2020-04-02 13:26:30 -    Model load successful into CBECC-Res 2022.0.2 RV (1133)
2020-04-02 13:26:31 - Performing Building Database check...
2020-04-02 13:26:31 - Building Database check completed, no problems found.
2020-04-02 15:24:08 - -----------------------------------------------------------------------------
2020-04-02 15:24:08 - Opening Project 'cz03\instance.ribd22'...
2020-04-02 15:24:08 -    Model load successful into CBECC-Res 2022.0.2 RV (1133)
2020-04-02 15:24:08 - Performing Building Database check...
2020-04-02 15:24:08 - Building Database check completed, no problems found.
2020-04-02 17:09:01 - -----------------------------------------------------------------------------
2020-04-02 17:09:01 - Opening Project 'cz03\instance.ribd22'...
2020-04-02 17:09:01 -    Model load successful into CBECC-Res 2022.0.2 RV (1133)
2020-04-02 17:09:02 - Performing Building Database check...
2020-04-02 17:09:02 - Building Database check completed, no problems found.
