2020-03-26 17:33:45 - -----------------------------------------------------------------------------
2020-03-26 17:33:45 - Opening Project 'cz13\instance.cibd22'...
2020-03-26 17:33:46 -    Model load successful into CBECC-Com 2022.0.1 RV (1113)
2020-03-26 17:33:47 - Performing Building Database check...
2020-03-26 17:33:47 - Building Database check completed, no problems found.
2020-03-26 17:33:54 -   PerfAnal_NRes - starting, w/ arguments:
2020-03-26 17:33:54 -        BEMBasePathFile    = (null)
2020-03-26 17:33:54 -        RulesetPathFile    = (null)
2020-03-26 17:33:54 -        SimWeatherPath     = C:\Users\ndperry\Documents\CBECC-Com 2022 Data\EPW\
2020-03-26 17:33:54 -        CompMgrDLLPath     = (null)
2020-03-26 17:33:54 -        DHWWeatherPath     = (null)
2020-03-26 17:33:54 -        ProcessingPath     = C:\Users\ndperry\Documents\GitHub\T24-2022-CASE-Modeling\framework\analysis\hpte\runs\mumr-wall-base\cz13\instance - run\
2020-03-26 17:33:54 -        ModelPathFile      = C:\Users\ndperry\Documents\GitHub\T24-2022-CASE-Modeling\framework\analysis\hpte\runs\mumr-wall-base\cz13\instance.cibd22
2020-03-26 17:33:54 -        LogPathFile        = (null)
2020-03-26 17:33:54 -        UIVersionString    = CBECC-Com 2022.0.1 RV (1113)
2020-03-26 17:33:54 -        LoadModelFile      = false
2020-03-26 17:33:54 -        OptionsCSV         = AllowAnalysisAbort,0,StoreBEMDetails,1,AnalysisThruStep,8,ModelRpt_ALL,1,ExportHourlyResults_All,1,PromptUserUMLHWarning,1,PreAnalysisCheckPromptOption,3,CompReportWarningOption,5,
2020-03-26 17:33:54 -        ErrorMsg           = (assumed to be initialized)
2020-03-26 17:33:54 -        ErrorMsgLen        = 2056
2020-03-26 17:33:54 -        DisplayProgress    = true
2020-03-26 17:33:54 -        ResultsSummary     = (empty)
2020-03-26 17:33:54 -        ResultsSummaryLen  = 3200
2020-03-26 17:33:54 -        pProgCallbackFunc  = (null)
2020-03-26 17:33:55 - Performing Building Database check...
2020-03-26 17:33:55 - Building Database check completed, no problems found.
2020-03-26 17:33:55 - Warning:  The following developer options must be defaulted (not specified by the user) in order to perform a valid compliance analysis:
          Proj 'Mid-Rise Mixed-Use (5-story)' AutoHardSize
          Proj 'Mid-Rise Mixed-Use (5-story)' AutoEffInput
2020-03-26 17:33:56 -    1 file hash check(s) failed on executable and/or analysis support files (analysis continuing w/ report signature disabled)
2020-03-26 17:33:59 -   PerfAnal_NRes - AnalysisThruStep being set to #7 due to Proj:AnalysisType = Title24ProposedOnly
2020-03-26 17:33:59 - Performing Building Database check...
2020-03-26 17:33:59 - Building Database check completed, no problems found.
2020-03-26 17:33:59 - Warning:  The AirSystem:Count for multi-zone system 'DOAS1' is not consistent with the maximum or minimum ThermalZone:Multiplier of the zones the system serves. This indicates the HVAC system serves more than 1 floor, or that Multipliers or system Count may be improperly defined. Check inputs for consistency. evaluating rule: Set CHECKCODE AirSys:Cnt  (68:'HVACSecondary-General.rule' line 1398)
2020-03-26 17:34:06 -   PerfAnal_NRes - Bypassing OpenStudio (and simulation) for zp model
2020-03-26 17:34:11 -   PerfAnal_NRes - Bypassing OpenStudio (and simulation) for zb model
2020-03-26 17:39:36 - Error:  Undefined data: numerator evaluating rule: Set ANNUAL_BASELINE Fan:FlowCap  (75:'HVACSecondary-Fan-General.rule' line 494)
2020-03-26 17:39:36 - Error:  Undefined data: numerator evaluating rule: Set ANNUAL_BASELINE Fan:FlowCap  (75:'HVACSecondary-Fan-General.rule' line 494)
2020-03-26 17:39:36 - Error:  Undefined data: numerator evaluating rule: Set ANNUAL_BASELINE Fan:FlowCap  (75:'HVACSecondary-Fan-General.rule' line 494)
2020-03-26 17:39:36 - Error:  Undefined data: numerator evaluating rule: Set ANNUAL_BASELINE Fan:FlowCap  (75:'HVACSecondary-Fan-General.rule' line 529)
2020-03-26 17:39:36 - Error:  Undefined data: numerator evaluating rule: Set ANNUAL_BASELINE Fan:FlowCap  (75:'HVACSecondary-Fan-General.rule' line 529)
2020-03-26 17:39:36 - Error:  Undefined data: numerator evaluating rule: Set ANNUAL_BASELINE Fan:FlowCap  (75:'HVACSecondary-Fan-General.rule' line 529)
2020-03-26 17:39:36 - Error:  Undefined data: numerator evaluating rule: Set ANNUAL_BASELINE Fan:FlowCap  (75:'HVACSecondary-Fan-General.rule' line 529)
2020-03-26 17:39:36 - Error:  Undefined data: numerator evaluating rule: Set ANNUAL_BASELINE Fan:FlowCap  (75:'HVACSecondary-Fan-General.rule' line 529)
2020-03-26 17:39:36 - Error:  Undefined data: numerator evaluating rule: Set ANNUAL_BASELINE Fan:FlowCap  (75:'HVACSecondary-Fan-General.rule' line 529)
2020-03-26 17:39:36 - Error:  Undefined data: numerator evaluating rule: Set ANNUAL_BASELINE Fan:FlowCap  (75:'HVACSecondary-Fan-General.rule' line 529)
2020-03-26 17:39:36 - Error:  Undefined data: numerator evaluating rule: Set ANNUAL_BASELINE Fan:FlowCap  (75:'HVACSecondary-Fan-General.rule' line 529)
2020-03-26 17:39:36 - Error:  Undefined data: numerator evaluating rule: Set ANNUAL_BASELINE Fan:FlowCap  (75:'HVACSecondary-Fan-General.rule' line 529)
2020-03-26 17:39:36 - Error:  Undefined data: numerator evaluating rule: Set ANNUAL_BASELINE Fan:FlowCap  (75:'HVACSecondary-Fan-General.rule' line 529)
2020-03-26 17:39:36 - Error:  Undefined data: numerator evaluating rule: Set ANNUAL_BASELINE Fan:FlowCap  (75:'HVACSecondary-Fan-General.rule' line 529)
2020-03-26 17:39:36 - Error:  Undefined data: numerator evaluating rule: Set ANNUAL_BASELINE Fan:FlowCap  (75:'HVACSecondary-Fan-General.rule' line 529)
2020-03-26 17:39:36 - Error:  Undefined data: numerator evaluating rule: Set ANNUAL_BASELINE Fan:FlowCap  (75:'HVACSecondary-Fan-General.rule' line 529)
2020-03-26 17:39:36 - Error:  Undefined data: numerator evaluating rule: Set ANNUAL_BASELINE Fan:FlowCap  (75:'HVACSecondary-Fan-General.rule' line 529)
2020-03-26 17:39:36 - Error:  Undefined data: numerator evaluating rule: Set ANNUAL_BASELINE Fan:FlowCap  (75:'HVACSecondary-Fan-General.rule' line 529)
2020-03-26 17:39:36 - Error:  Undefined data: numerator evaluating rule: Set ANNUAL_BASELINE Fan:FlowCap  (75:'HVACSecondary-Fan-General.rule' line 529)
2020-03-26 17:39:36 - Error:  Undefined data: numerator evaluating rule: Set ANNUAL_BASELINE Fan:FlowCap  (75:'HVACSecondary-Fan-General.rule' line 529)
2020-03-26 17:39:36 - Error:  Undefined data: numerator evaluating rule: Set ANNUAL_BASELINE Fan:FlowCap  (75:'HVACSecondary-Fan-General.rule' line 529)
2020-03-26 17:39:36 - Error:  Undefined data: numerator evaluating rule: Set ANNUAL_BASELINE Fan:FlowCap  (75:'HVACSecondary-Fan-General.rule' line 529)
2020-03-26 17:39:36 - Error:  Undefined data: numerator evaluating rule: Set ANNUAL_BASELINE Fan:FlowCap  (75:'HVACSecondary-Fan-General.rule' line 529)
2020-03-26 17:39:36 - Error:  Undefined data: numerator evaluating rule: Set ANNUAL_BASELINE Fan:FlowCap  (75:'HVACSecondary-Fan-General.rule' line 529)
2020-03-26 17:39:36 - Error:  Undefined data: numerator evaluating rule: Set ANNUAL_BASELINE Fan:FlowCap  (75:'HVACSecondary-Fan-General.rule' line 529)
2020-03-26 17:39:36 - Error:  Division by zero evaluating rule: Set ANNUAL_BASELINE ThrmlZn:PriAirCondgSysDsgnFlow  (76:'HVACSecondary-Fan-FanRatios.rule' line 67)
2020-03-26 17:39:36 - Error:  Division by zero evaluating rule: Set ANNUAL_BASELINE ThrmlZn:PriAirCondgSysDsgnFlow  (76:'HVACSecondary-Fan-FanRatios.rule' line 67)
2020-03-26 17:39:36 - Error:  Division by zero evaluating rule: Set ANNUAL_BASELINE ThrmlZn:PriAirCondgSysDsgnFlow  (76:'HVACSecondary-Fan-FanRatios.rule' line 67)
2020-03-26 17:39:36 - Error:  Division by zero evaluating rule: Set ANNUAL_BASELINE ThrmlZn:PriAirCondgSysDsgnFlow  (76:'HVACSecondary-Fan-FanRatios.rule' line 67)
2020-03-26 17:39:36 - Error:  Division by zero evaluating rule: Set ANNUAL_BASELINE ThrmlZn:PriAirCondgSysDsgnFlow  (76:'HVACSecondary-Fan-FanRatios.rule' line 67)
2020-03-26 17:39:36 - Error:  Division by zero evaluating rule: Set ANNUAL_BASELINE ThrmlZn:PriAirCondgSysDsgnFlow  (76:'HVACSecondary-Fan-FanRatios.rule' line 67)
2020-03-26 17:39:36 - Error:  Division by zero evaluating rule: Set ANNUAL_BASELINE ThrmlZn:PriAirCondgSysDsgnFlow  (76:'HVACSecondary-Fan-FanRatios.rule' line 67)
2020-03-26 17:39:36 - Error:  Division by zero evaluating rule: Set ANNUAL_BASELINE ThrmlZn:PriAirCondgSysDsgnFlow  (76:'HVACSecondary-Fan-FanRatios.rule' line 67)
2020-03-26 17:39:36 - Error:  Division by zero evaluating rule: Set ANNUAL_BASELINE ThrmlZn:PriAirCondgSysDsgnFlow  (76:'HVACSecondary-Fan-FanRatios.rule' line 67)
2020-03-26 17:39:36 - Error:  Division by zero evaluating rule: Set ANNUAL_BASELINE ThrmlZn:PriAirCondgSysDsgnFlow  (76:'HVACSecondary-Fan-FanRatios.rule' line 67)
2020-03-26 17:39:36 - Error:  Division by zero evaluating rule: Set ANNUAL_BASELINE ThrmlZn:PriAirCondgSysDsgnFlow  (76:'HVACSecondary-Fan-FanRatios.rule' line 67)
2020-03-26 17:39:36 - Error:  Division by zero evaluating rule: Set ANNUAL_BASELINE ThrmlZn:PriAirCondgSysDsgnFlow  (76:'HVACSecondary-Fan-FanRatios.rule' line 67)
2020-03-26 17:39:36 - Error:  Division by zero evaluating rule: Set ANNUAL_BASELINE ThrmlZn:VentSysDsgnFlow  (76:'HVACSecondary-Fan-FanRatios.rule' line 111)
2020-03-26 17:39:36 - Error:  Division by zero evaluating rule: Set ANNUAL_BASELINE ThrmlZn:VentSysDsgnFlow  (76:'HVACSecondary-Fan-FanRatios.rule' line 111)
2020-03-26 17:39:36 - Error:  Division by zero evaluating rule: Set ANNUAL_BASELINE ThrmlZn:VentSysDsgnFlow  (76:'HVACSecondary-Fan-FanRatios.rule' line 111)
2020-03-26 17:39:36 - Error:  Division by zero evaluating rule: Set ANNUAL_BASELINE ThrmlZn:VentSysDsgnFlow  (76:'HVACSecondary-Fan-FanRatios.rule' line 111)
2020-03-26 17:39:36 - Error:  Division by zero evaluating rule: Set ANNUAL_BASELINE ThrmlZn:VentSysDsgnFlow  (76:'HVACSecondary-Fan-FanRatios.rule' line 111)
2020-03-26 17:39:36 - Error:  Division by zero evaluating rule: Set ANNUAL_BASELINE ThrmlZn:VentSysDsgnFlow  (76:'HVACSecondary-Fan-FanRatios.rule' line 111)
2020-03-26 17:39:36 - Error:  Division by zero evaluating rule: Set ANNUAL_BASELINE ThrmlZn:VentSysDsgnFlow  (76:'HVACSecondary-Fan-FanRatios.rule' line 111)
2020-03-26 17:39:36 - Error:  Division by zero evaluating rule: Set ANNUAL_BASELINE ThrmlZn:VentSysDsgnFlow  (76:'HVACSecondary-Fan-FanRatios.rule' line 111)
2020-03-26 17:39:36 - Error:  Division by zero evaluating rule: Set ANNUAL_BASELINE ThrmlZn:VentSysDsgnFlow  (76:'HVACSecondary-Fan-FanRatios.rule' line 111)
2020-03-26 17:39:36 - Error:  Division by zero evaluating rule: Set ANNUAL_BASELINE ThrmlZn:VentSysDsgnFlow  (76:'HVACSecondary-Fan-FanRatios.rule' line 111)
2020-03-26 17:39:36 - Error:  Division by zero evaluating rule: Set ANNUAL_BASELINE ThrmlZn:VentSysDsgnFlow  (76:'HVACSecondary-Fan-FanRatios.rule' line 111)
2020-03-26 17:39:36 - Error:  Division by zero evaluating rule: Set ANNUAL_BASELINE ThrmlZn:VentSysDsgnFlow  (76:'HVACSecondary-Fan-FanRatios.rule' line 111)
2020-03-26 17:39:38 -   PerfAnal_NRes - Bypassing OpenStudio (and simulation) for ab model
2020-03-26 17:39:38 -   PerfAnal_NRes - Completed analysis steps thru #7
2020-03-26 17:39:38 - Analysis incomplete  Processing time:  Overall 5:44 / SDD2IDF x2 avg 0:11 / SizSim x0 0:00 / AnnSim x2 avg 2:22 / ReportGen x0 0:00 / Other 0:33
2020-03-26 17:39:38 -       ResultsSummary population:  bAbort = (false) / RuleProcAbort = (false) / iRetVal = 0 / pszResultsSummary = (empty) / iResultsSummaryLen = 3200
2020-03-26 17:39:38 -       ResultsSummary components1:  2020-03-26 17:39:38 / instance / Mid-Rise Mixed-Use (5-story) / CTZ13S22A / Title24ProposedOnly / 5:44 /  / 
2020-03-26 17:39:38 -       ResultsSummary components2:  CBECC-Com 2022.0.1 RV (1113) / BEMCmpMgr 2022.0.1 RV (6107) / CA 2022 Nonresidential, Vers. 1.0 Alpha /  /  / - / C:\Users\ndperry\Documents\CBECC-Com 2022 Data\EPW\ / C:\Users\ndperry\Documents\GitHub\T24-2022-CASE-Modeling\framework\analysis\hpte\runs\mumr-wall-base\cz13\
2020-03-26 17:39:38 -       ResultsSummary:  2020-03-26 17:39:38,"instance","Mid-Rise Mixed-Use (5-story)","CTZ13S22A","Pol  0% RetAdd NoLeak",113100,141000,"Title24ProposedOnly",5:44,,,"--","--","Successful (222 warnings)",11.3107,143526,66052.3,0,204.532,13154.9,81965,304914,217441,0,149101,34551.8,0,0,706008,3392.15,0,0,0,0,7470.01,0,10862.2,586.724,0,0,0,11448.9,0,0,0,0,0,0,0,0,0,0,0,0,0,8.09074,46.0445,17.4994,0,0.0468175,19.1552,19.5209,110.358,55.5512,0,38.1996,8.45706,0,0,212.565,187.252,25.3132,0,3361.5,"Thermal Zone: F2-4 Corridor",0,1076.5,"Thermal Zone: F5 Corridor",0,"--","--","",0,0,0,0,0,0,0,0,0,0,0,0,0,0,0,0,0,0,0,0,0,0,0,0,0,0,0,0,0,0,0,0,0,0,0,0,0,0,0,0,0,0,0,0,0,0,0,0,0,0,0,0,0,0,0,0,0,0,0,,,,,,,5.1412e-06,55.7101,13.5869,0,0.00594958,2.05658,14.3902,85.7497,38.321,0,25.7371,3.94427,0,0,153.752,0,0,0,0,0,0,0,0,0,0,0,0,0,0,0,"CBECC-Com 2022.0.1 RV (1113)","BEMCmpMgr 2022.0.1 RV (6107)","CA 2022 Nonresidential, Vers. 1.0 Alpha","","","-","C:\Users\ndperry\Documents\CBECC-Com 2022 Data\EPW\","C:\Users\ndperry\Documents\GitHub\T24-2022-CASE-Modeling\framework\analysis\hpte\runs\mumr-wall-base\cz13\",0.00219995,17.0006,9.26012,0,0.0310124,1.67125,9.06089,37.02,32.1279,0,25.58,5.65158,0,0,100.38,1.62649,0,0,0,0,3.58177,0,5.21,0.281326,0,0,0,5.49,0,0,0,0,0,0,0,0,0,0,0,0,0,0,0,0,0,0,0,0,0,0,0,0,0,0,0,0,2.79365,2.83157,1.54234,0,0.00516534,6.42958,1.50916,15.1115,5.83428,0,4.26052,0.941311,0,0,26.1476,0,0,0,0,0,0,0,0,0,0,0,0,0,0,0,

2020-03-26 17:39:43 - -----------------------------------------------------------------------------
2020-03-26 17:39:43 - Opening Project 'cz13\instance.cibd22'...
2020-03-26 17:39:44 -    Model load successful into CBECC-Com 2022.0.1 RV (1113)
2020-03-26 17:39:45 - Performing Building Database check...
2020-03-26 17:39:45 - Building Database check completed, no problems found.
2020-03-26 17:39:50 - Project Saved
2020-04-09 19:24:00 - -----------------------------------------------------------------------------
2020-04-09 19:24:00 - Opening Project 'cz13\instance.cibd22'...
2020-04-09 19:24:00 -    Model load successful into CBECC-Com 2022.0.1 RV (1113)
2020-04-09 19:24:01 - Performing Building Database check...
2020-04-09 19:24:01 - Building Database check completed, no problems found.
2020-04-09 19:24:30 - Project Saved
2020-04-09 19:24:32 -   PerfAnal_NRes - starting, w/ arguments:
2020-04-09 19:24:32 -        BEMBasePathFile    = (null)
2020-04-09 19:24:32 -        RulesetPathFile    = (null)
2020-04-09 19:24:32 -        SimWeatherPath     = C:\Users\agoyal\Documents\CBECC-Com 2022 Data\EPW\
2020-04-09 19:24:32 -        CompMgrDLLPath     = (null)
2020-04-09 19:24:32 -        DHWWeatherPath     = (null)
2020-04-09 19:24:32 -        ProcessingPath     = C:\Users\agoyal\Documents\GitHub\T24-2022-CASE-Modeling\framework\analysis\hpte\runs\mumr-base-op\cz13\instance - run\
2020-04-09 19:24:32 -        ModelPathFile      = C:\Users\agoyal\Documents\GitHub\T24-2022-CASE-Modeling\framework\analysis\hpte\runs\mumr-base-op\cz13\instance.cibd22
2020-04-09 19:24:32 -        LogPathFile        = (null)
2020-04-09 19:24:32 -        UIVersionString    = CBECC-Com 2022.0.1 RV (1113)
2020-04-09 19:24:32 -        LoadModelFile      = false
2020-04-09 19:24:32 -        OptionsCSV         = StoreBEMDetails,1,AnalysisThruStep,8,ModelRpt_ALL,1,ExportHourlyResults_All,1,PromptUserUMLHWarning,1,PreAnalysisCheckPromptOption,3,CompReportWarningOption,5,
2020-04-09 19:24:32 -        ErrorMsg           = (assumed to be initialized)
2020-04-09 19:24:32 -        ErrorMsgLen        = 2056
2020-04-09 19:24:32 -        DisplayProgress    = true
2020-04-09 19:24:32 -        ResultsSummary     = (empty)
2020-04-09 19:24:32 -        ResultsSummaryLen  = 3200
2020-04-09 19:24:32 -        pProgCallbackFunc  = (null)
2020-04-09 19:24:33 - Performing Building Database check...
2020-04-09 19:24:33 - Building Database check completed, no problems found.
2020-04-09 19:24:33 - Warning:  The following developer options must be defaulted (not specified by the user) in order to perform a valid compliance analysis:
          Proj 'Mid-Rise Mixed-Use (5-story)' AutoHardSize
          Proj 'Mid-Rise Mixed-Use (5-story)' AutoEffInput
2020-04-09 19:24:33 -    1 file hash check(s) failed on executable and/or analysis support files (analysis continuing w/ report signature disabled)
2020-04-09 19:24:35 -   PerfAnal_NRes - AnalysisThruStep being set to #7 due to Proj:AnalysisType = Title24ProposedOnly
2020-04-09 19:24:35 - Performing Building Database check...
2020-04-09 19:24:35 - Building Database check completed, no problems found.
2020-04-09 19:24:35 - Warning:  The AirSystem:Count for multi-zone system 'DOAS1' is not consistent with the maximum or minimum ThermalZone:Multiplier of the zones the system serves. This indicates the HVAC system serves more than 1 floor, or that Multipliers or system Count may be improperly defined. Check inputs for consistency. evaluating rule: Set CHECKCODE AirSys:Cnt  (68:'HVACSecondary-General.rule' line 1398)
2020-04-09 19:24:39 -   PerfAnal_NRes - Bypassing OpenStudio (and simulation) for zp model
2020-04-09 19:24:41 -   PerfAnal_NRes - Bypassing OpenStudio (and simulation) for zb model
2020-04-09 19:27:42 - Error:  Undefined data: numerator evaluating rule: Set ANNUAL_BASELINE Fan:FlowCap  (75:'HVACSecondary-Fan-General.rule' line 494)
2020-04-09 19:27:42 - Error:  Undefined data: numerator evaluating rule: Set ANNUAL_BASELINE Fan:FlowCap  (75:'HVACSecondary-Fan-General.rule' line 494)
2020-04-09 19:27:42 - Error:  Undefined data: numerator evaluating rule: Set ANNUAL_BASELINE Fan:FlowCap  (75:'HVACSecondary-Fan-General.rule' line 494)
2020-04-09 19:27:42 - Error:  Undefined data: numerator evaluating rule: Set ANNUAL_BASELINE Fan:FlowCap  (75:'HVACSecondary-Fan-General.rule' line 529)
2020-04-09 19:27:42 - Error:  Undefined data: numerator evaluating rule: Set ANNUAL_BASELINE Fan:FlowCap  (75:'HVACSecondary-Fan-General.rule' line 529)
2020-04-09 19:27:42 - Error:  Undefined data: numerator evaluating rule: Set ANNUAL_BASELINE Fan:FlowCap  (75:'HVACSecondary-Fan-General.rule' line 529)
2020-04-09 19:27:42 - Error:  Undefined data: numerator evaluating rule: Set ANNUAL_BASELINE Fan:FlowCap  (75:'HVACSecondary-Fan-General.rule' line 529)
2020-04-09 19:27:42 - Error:  Undefined data: numerator evaluating rule: Set ANNUAL_BASELINE Fan:FlowCap  (75:'HVACSecondary-Fan-General.rule' line 529)
2020-04-09 19:27:42 - Error:  Undefined data: numerator evaluating rule: Set ANNUAL_BASELINE Fan:FlowCap  (75:'HVACSecondary-Fan-General.rule' line 529)
2020-04-09 19:27:42 - Error:  Undefined data: numerator evaluating rule: Set ANNUAL_BASELINE Fan:FlowCap  (75:'HVACSecondary-Fan-General.rule' line 529)
2020-04-09 19:27:42 - Error:  Undefined data: numerator evaluating rule: Set ANNUAL_BASELINE Fan:FlowCap  (75:'HVACSecondary-Fan-General.rule' line 529)
2020-04-09 19:27:42 - Error:  Undefined data: numerator evaluating rule: Set ANNUAL_BASELINE Fan:FlowCap  (75:'HVACSecondary-Fan-General.rule' line 529)
2020-04-09 19:27:42 - Error:  Undefined data: numerator evaluating rule: Set ANNUAL_BASELINE Fan:FlowCap  (75:'HVACSecondary-Fan-General.rule' line 529)
2020-04-09 19:27:42 - Error:  Undefined data: numerator evaluating rule: Set ANNUAL_BASELINE Fan:FlowCap  (75:'HVACSecondary-Fan-General.rule' line 529)
2020-04-09 19:27:42 - Error:  Undefined data: numerator evaluating rule: Set ANNUAL_BASELINE Fan:FlowCap  (75:'HVACSecondary-Fan-General.rule' line 529)
2020-04-09 19:27:42 - Error:  Undefined data: numerator evaluating rule: Set ANNUAL_BASELINE Fan:FlowCap  (75:'HVACSecondary-Fan-General.rule' line 529)
2020-04-09 19:27:42 - Error:  Undefined data: numerator evaluating rule: Set ANNUAL_BASELINE Fan:FlowCap  (75:'HVACSecondary-Fan-General.rule' line 529)
2020-04-09 19:27:42 - Error:  Undefined data: numerator evaluating rule: Set ANNUAL_BASELINE Fan:FlowCap  (75:'HVACSecondary-Fan-General.rule' line 529)
2020-04-09 19:27:42 - Error:  Undefined data: numerator evaluating rule: Set ANNUAL_BASELINE Fan:FlowCap  (75:'HVACSecondary-Fan-General.rule' line 529)
2020-04-09 19:27:42 - Error:  Undefined data: numerator evaluating rule: Set ANNUAL_BASELINE Fan:FlowCap  (75:'HVACSecondary-Fan-General.rule' line 529)
2020-04-09 19:27:42 - Error:  Undefined data: numerator evaluating rule: Set ANNUAL_BASELINE Fan:FlowCap  (75:'HVACSecondary-Fan-General.rule' line 529)
2020-04-09 19:27:42 - Error:  Undefined data: numerator evaluating rule: Set ANNUAL_BASELINE Fan:FlowCap  (75:'HVACSecondary-Fan-General.rule' line 529)
2020-04-09 19:27:42 - Error:  Undefined data: numerator evaluating rule: Set ANNUAL_BASELINE Fan:FlowCap  (75:'HVACSecondary-Fan-General.rule' line 529)
2020-04-09 19:27:42 - Error:  Undefined data: numerator evaluating rule: Set ANNUAL_BASELINE Fan:FlowCap  (75:'HVACSecondary-Fan-General.rule' line 529)
2020-04-09 19:27:42 - Error:  Undefined data: numerator evaluating rule: Set ANNUAL_BASELINE Fan:FlowCap  (75:'HVACSecondary-Fan-General.rule' line 529)
2020-04-09 19:27:42 - Error:  Division by zero evaluating rule: Set ANNUAL_BASELINE ThrmlZn:PriAirCondgSysDsgnFlow  (76:'HVACSecondary-Fan-FanRatios.rule' line 67)
2020-04-09 19:27:42 - Error:  Division by zero evaluating rule: Set ANNUAL_BASELINE ThrmlZn:PriAirCondgSysDsgnFlow  (76:'HVACSecondary-Fan-FanRatios.rule' line 67)
2020-04-09 19:27:42 - Error:  Division by zero evaluating rule: Set ANNUAL_BASELINE ThrmlZn:PriAirCondgSysDsgnFlow  (76:'HVACSecondary-Fan-FanRatios.rule' line 67)
2020-04-09 19:27:42 - Error:  Division by zero evaluating rule: Set ANNUAL_BASELINE ThrmlZn:PriAirCondgSysDsgnFlow  (76:'HVACSecondary-Fan-FanRatios.rule' line 67)
2020-04-09 19:27:42 - Error:  Division by zero evaluating rule: Set ANNUAL_BASELINE ThrmlZn:PriAirCondgSysDsgnFlow  (76:'HVACSecondary-Fan-FanRatios.rule' line 67)
2020-04-09 19:27:42 - Error:  Division by zero evaluating rule: Set ANNUAL_BASELINE ThrmlZn:PriAirCondgSysDsgnFlow  (76:'HVACSecondary-Fan-FanRatios.rule' line 67)
2020-04-09 19:27:42 - Error:  Division by zero evaluating rule: Set ANNUAL_BASELINE ThrmlZn:PriAirCondgSysDsgnFlow  (76:'HVACSecondary-Fan-FanRatios.rule' line 67)
2020-04-09 19:27:42 - Error:  Division by zero evaluating rule: Set ANNUAL_BASELINE ThrmlZn:PriAirCondgSysDsgnFlow  (76:'HVACSecondary-Fan-FanRatios.rule' line 67)
2020-04-09 19:27:42 - Error:  Division by zero evaluating rule: Set ANNUAL_BASELINE ThrmlZn:PriAirCondgSysDsgnFlow  (76:'HVACSecondary-Fan-FanRatios.rule' line 67)
2020-04-09 19:27:42 - Error:  Division by zero evaluating rule: Set ANNUAL_BASELINE ThrmlZn:PriAirCondgSysDsgnFlow  (76:'HVACSecondary-Fan-FanRatios.rule' line 67)
2020-04-09 19:27:42 - Error:  Division by zero evaluating rule: Set ANNUAL_BASELINE ThrmlZn:PriAirCondgSysDsgnFlow  (76:'HVACSecondary-Fan-FanRatios.rule' line 67)
2020-04-09 19:27:42 - Error:  Division by zero evaluating rule: Set ANNUAL_BASELINE ThrmlZn:PriAirCondgSysDsgnFlow  (76:'HVACSecondary-Fan-FanRatios.rule' line 67)
2020-04-09 19:27:42 - Error:  Division by zero evaluating rule: Set ANNUAL_BASELINE ThrmlZn:VentSysDsgnFlow  (76:'HVACSecondary-Fan-FanRatios.rule' line 111)
2020-04-09 19:27:42 - Error:  Division by zero evaluating rule: Set ANNUAL_BASELINE ThrmlZn:VentSysDsgnFlow  (76:'HVACSecondary-Fan-FanRatios.rule' line 111)
2020-04-09 19:27:42 - Error:  Division by zero evaluating rule: Set ANNUAL_BASELINE ThrmlZn:VentSysDsgnFlow  (76:'HVACSecondary-Fan-FanRatios.rule' line 111)
2020-04-09 19:27:42 - Error:  Division by zero evaluating rule: Set ANNUAL_BASELINE ThrmlZn:VentSysDsgnFlow  (76:'HVACSecondary-Fan-FanRatios.rule' line 111)
2020-04-09 19:27:42 - Error:  Division by zero evaluating rule: Set ANNUAL_BASELINE ThrmlZn:VentSysDsgnFlow  (76:'HVACSecondary-Fan-FanRatios.rule' line 111)
2020-04-09 19:27:42 - Error:  Division by zero evaluating rule: Set ANNUAL_BASELINE ThrmlZn:VentSysDsgnFlow  (76:'HVACSecondary-Fan-FanRatios.rule' line 111)
2020-04-09 19:27:42 - Error:  Division by zero evaluating rule: Set ANNUAL_BASELINE ThrmlZn:VentSysDsgnFlow  (76:'HVACSecondary-Fan-FanRatios.rule' line 111)
2020-04-09 19:27:42 - Error:  Division by zero evaluating rule: Set ANNUAL_BASELINE ThrmlZn:VentSysDsgnFlow  (76:'HVACSecondary-Fan-FanRatios.rule' line 111)
2020-04-09 19:27:42 - Error:  Division by zero evaluating rule: Set ANNUAL_BASELINE ThrmlZn:VentSysDsgnFlow  (76:'HVACSecondary-Fan-FanRatios.rule' line 111)
2020-04-09 19:27:42 - Error:  Division by zero evaluating rule: Set ANNUAL_BASELINE ThrmlZn:VentSysDsgnFlow  (76:'HVACSecondary-Fan-FanRatios.rule' line 111)
2020-04-09 19:27:42 - Error:  Division by zero evaluating rule: Set ANNUAL_BASELINE ThrmlZn:VentSysDsgnFlow  (76:'HVACSecondary-Fan-FanRatios.rule' line 111)
2020-04-09 19:27:42 - Error:  Division by zero evaluating rule: Set ANNUAL_BASELINE ThrmlZn:VentSysDsgnFlow  (76:'HVACSecondary-Fan-FanRatios.rule' line 111)
2020-04-09 19:27:44 -   PerfAnal_NRes - Bypassing OpenStudio (and simulation) for ab model
2020-04-09 19:27:44 -   PerfAnal_NRes - Completed analysis steps thru #7
2020-04-09 19:27:44 - Analysis incomplete  Processing time:  Overall 3:11 / SDD2IDF x2 avg 0:05 / SizSim x0 0:00 / AnnSim x2 avg 1:20 / ReportGen x0 0:00 / Other 0:18
2020-04-09 19:27:44 -       ResultsSummary population:  bAbort = (false) / RuleProcAbort = (false) / iRetVal = 0 / pszResultsSummary = (empty) / iResultsSummaryLen = 3200
2020-04-09 19:27:44 -       ResultsSummary components1:  2020-04-09 19:27:44 / instance / Mid-Rise Mixed-Use (5-story) / CTZ13S22A / Title24ProposedOnly / 3:11 /  / 
2020-04-09 19:27:44 -       ResultsSummary components2:  CBECC-Com 2022.0.1 RV (1113) / BEMCmpMgr 2022.0.1 RV (6107) / CA 2022 Nonresidential, Vers. 1.0 Alpha /  /  / - / C:\Users\agoyal\Documents\CBECC-Com 2022 Data\EPW\ / C:\Users\agoyal\Documents\GitHub\T24-2022-CASE-Modeling\framework\analysis\hpte\runs\mumr-base-op\cz13\
2020-04-09 19:27:44 -       ResultsSummary:  2020-04-09 19:27:44,"instance","Mid-Rise Mixed-Use (5-story)","CTZ13S22A","Pol  0% RetAdd NoLeak",113100,141000,"Title24ProposedOnly",3:11,,,"--","--","Successful (222 warnings)",11.309,137685,65435.7,0,204.668,13154.9,81965,298456,217441,0,149101,34551.8,0,0,699550,3762.88,0,0,0,0,8463.06,0,12225.9,586.724,0,0,0,12812.7,0,0,0,0,0,0,0,0,0,0,0,0,0,8.9783,44.9665,17.4244,0,0.046848,21.2514,19.5209,112.188,55.5512,0,38.1996,8.45706,0,0,214.396,186.099,28.2969,0,2705.5,"Thermal Zone: F5 Corridor",0,1562.25,"Thermal Zone: F5 Corridor",0,"--","--","",0,0,0,0,0,0,0,0,0,0,0,0,0,0,0,0,0,0,0,0,0,0,0,0,0,0,0,0,0,0,0,0,0,0,0,0,0,0,0,0,0,0,0,0,0,0,0,0,0,0,0,0,0,0,0,0,0,0,0,,,,,,,5.12997e-06,55.2974,13.5122,0,0.00594959,2.0565,14.3902,85.2622,38.321,0,25.7371,3.94427,0,0,153.265,0,0,0,0,0,0,0,0,0,0,0,0,0,0,0,"CBECC-Com 2022.0.1 RV (1113)","BEMCmpMgr 2022.0.1 RV (6107)","CA 2022 Nonresidential, Vers. 1.0 Alpha","","","-","C:\Users\agoyal\Documents\CBECC-Com 2022 Data\EPW\","C:\Users\agoyal\Documents\GitHub\T24-2022-CASE-Modeling\framework\analysis\hpte\runs\mumr-base-op\cz13\",0.00219988,16.4915,9.27349,0,0.0310342,1.67124,9.06089,36.52,32.1279,0,25.58,5.65158,0,0,99.88,1.80425,0,0,0,0,4.05793,0,5.86,0.281326,0,0,0,6.14,0,0,0,0,0,0,0,0,0,0,0,0,0,0,0,0,0,0,0,0,0,0,0,0,0,0,0,0,3.09893,2.74678,1.54457,0,0.00516897,7.24732,1.50916,16.1519,5.83428,0,4.26052,0.941311,0,0,27.188,0,0,0,0,0,0,0,0,0,0,0,0,0,0,0,

2020-04-09 19:32:00 - -----------------------------------------------------------------------------
2020-04-09 19:32:00 - Opening Project 'cz13\instance.cibd22'...
2020-04-09 19:32:01 -    Model load successful into CBECC-Com 2022.0.1 RV (1113)
2020-04-09 19:32:01 - Performing Building Database check...
2020-04-09 19:32:01 - Building Database check completed, no problems found.
2020-04-09 19:32:04 - Project Saved
