2020-02-04 12:49:39 - -----------------------------------------------------------------------------
2020-02-04 12:49:39 - Opening Project 'cz11\instance.cibd22'...
2020-02-04 12:49:40 -    Model load successful into CBECC-Com 2022.0.1 RV (1113)
2020-02-04 12:49:41 - Performing Building Database check...
2020-02-04 12:49:41 - Building Database check completed, no problems found.
2020-02-04 12:49:46 -   PerfAnal_NRes - starting, w/ arguments:
2020-02-04 12:49:46 -        BEMBasePathFile    = (null)
2020-02-04 12:49:46 -        RulesetPathFile    = (null)
2020-02-04 12:49:46 -        SimWeatherPath     = C:\Users\agoyal\Documents\CBECC-Com 2022 Data\EPW\
2020-02-04 12:49:46 -        CompMgrDLLPath     = (null)
2020-02-04 12:49:46 -        DHWWeatherPath     = (null)
2020-02-04 12:49:46 -        ProcessingPath     = C:\Users\agoyal\Documents\GitHub\T24-2022-CASE-Modeling\framework\analysis\hpte\runs\mumr-wall4\cz11\instance - run\
2020-02-04 12:49:46 -        ModelPathFile      = C:\Users\agoyal\Documents\GitHub\T24-2022-CASE-Modeling\framework\analysis\hpte\runs\mumr-wall4\cz11\instance.cibd22
2020-02-04 12:49:46 -        LogPathFile        = (null)
2020-02-04 12:49:46 -        UIVersionString    = CBECC-Com 2022.0.1 RV (1113)
2020-02-04 12:49:46 -        LoadModelFile      = false
2020-02-04 12:49:46 -        OptionsCSV         = AllowAnalysisAbort,0,StoreBEMDetails,1,AnalysisThruStep,8,ModelRpt_ALL,1,ExportHourlyResults_All,1,PromptUserUMLHWarning,1,PreAnalysisCheckPromptOption,3,CompReportWarningOption,5,
2020-02-04 12:49:46 -        ErrorMsg           = (assumed to be initialized)
2020-02-04 12:49:46 -        ErrorMsgLen        = 2056
2020-02-04 12:49:46 -        DisplayProgress    = true
2020-02-04 12:49:46 -        ResultsSummary     = (empty)
2020-02-04 12:49:46 -        ResultsSummaryLen  = 3200
2020-02-04 12:49:46 -        pProgCallbackFunc  = (null)
2020-02-04 12:49:47 - Performing Building Database check...
2020-02-04 12:49:47 - Building Database check completed, no problems found.
2020-02-04 12:49:47 - Warning:  The following developer options must be defaulted (not specified by the user) in order to perform a valid compliance analysis:
          Proj 'Mid-Rise Mixed-Use (5-story)' AutoHardSize
          Proj 'Mid-Rise Mixed-Use (5-story)' AutoEffInput
2020-02-04 12:49:48 -    1 file hash check(s) failed on executable and/or analysis support files (analysis continuing w/ report signature disabled)
2020-02-04 12:49:50 -   PerfAnal_NRes - AnalysisThruStep being set to #7 due to Proj:AnalysisType = Title24ProposedOnly
2020-02-04 12:49:50 - Performing Building Database check...
2020-02-04 12:49:50 - Building Database check completed, no problems found.
2020-02-04 12:49:50 - Warning:  The AirSystem:Count for multi-zone system 'DOAS1' is not consistent with the maximum or minimum ThermalZone:Multiplier of the zones the system serves. This indicates the HVAC system serves more than 1 floor, or that Multipliers or system Count may be improperly defined. Check inputs for consistency. evaluating rule: Set CHECKCODE AirSys:Cnt  (68:'HVACSecondary-General.rule' line 1398)
2020-02-04 12:49:55 -   PerfAnal_NRes - Bypassing OpenStudio (and simulation) for zp model
2020-02-04 12:49:58 -   PerfAnal_NRes - Bypassing OpenStudio (and simulation) for zb model
2020-02-04 12:54:31 - Error:  Undefined data: numerator evaluating rule: Set ANNUAL_BASELINE Fan:FlowCap  (75:'HVACSecondary-Fan-General.rule' line 494)
2020-02-04 12:54:31 - Error:  Undefined data: numerator evaluating rule: Set ANNUAL_BASELINE Fan:FlowCap  (75:'HVACSecondary-Fan-General.rule' line 494)
2020-02-04 12:54:31 - Error:  Undefined data: numerator evaluating rule: Set ANNUAL_BASELINE Fan:FlowCap  (75:'HVACSecondary-Fan-General.rule' line 494)
2020-02-04 12:54:31 - Error:  Undefined data: numerator evaluating rule: Set ANNUAL_BASELINE Fan:FlowCap  (75:'HVACSecondary-Fan-General.rule' line 529)
2020-02-04 12:54:31 - Error:  Undefined data: numerator evaluating rule: Set ANNUAL_BASELINE Fan:FlowCap  (75:'HVACSecondary-Fan-General.rule' line 529)
2020-02-04 12:54:31 - Error:  Undefined data: numerator evaluating rule: Set ANNUAL_BASELINE Fan:FlowCap  (75:'HVACSecondary-Fan-General.rule' line 529)
2020-02-04 12:54:31 - Error:  Undefined data: numerator evaluating rule: Set ANNUAL_BASELINE Fan:FlowCap  (75:'HVACSecondary-Fan-General.rule' line 529)
2020-02-04 12:54:31 - Error:  Undefined data: numerator evaluating rule: Set ANNUAL_BASELINE Fan:FlowCap  (75:'HVACSecondary-Fan-General.rule' line 529)
2020-02-04 12:54:31 - Error:  Undefined data: numerator evaluating rule: Set ANNUAL_BASELINE Fan:FlowCap  (75:'HVACSecondary-Fan-General.rule' line 529)
2020-02-04 12:54:31 - Error:  Undefined data: numerator evaluating rule: Set ANNUAL_BASELINE Fan:FlowCap  (75:'HVACSecondary-Fan-General.rule' line 529)
2020-02-04 12:54:31 - Error:  Undefined data: numerator evaluating rule: Set ANNUAL_BASELINE Fan:FlowCap  (75:'HVACSecondary-Fan-General.rule' line 529)
2020-02-04 12:54:31 - Error:  Undefined data: numerator evaluating rule: Set ANNUAL_BASELINE Fan:FlowCap  (75:'HVACSecondary-Fan-General.rule' line 529)
2020-02-04 12:54:31 - Error:  Undefined data: numerator evaluating rule: Set ANNUAL_BASELINE Fan:FlowCap  (75:'HVACSecondary-Fan-General.rule' line 529)
2020-02-04 12:54:31 - Error:  Undefined data: numerator evaluating rule: Set ANNUAL_BASELINE Fan:FlowCap  (75:'HVACSecondary-Fan-General.rule' line 529)
2020-02-04 12:54:31 - Error:  Undefined data: numerator evaluating rule: Set ANNUAL_BASELINE Fan:FlowCap  (75:'HVACSecondary-Fan-General.rule' line 529)
2020-02-04 12:54:31 - Error:  Undefined data: numerator evaluating rule: Set ANNUAL_BASELINE Fan:FlowCap  (75:'HVACSecondary-Fan-General.rule' line 529)
2020-02-04 12:54:31 - Error:  Undefined data: numerator evaluating rule: Set ANNUAL_BASELINE Fan:FlowCap  (75:'HVACSecondary-Fan-General.rule' line 529)
2020-02-04 12:54:31 - Error:  Undefined data: numerator evaluating rule: Set ANNUAL_BASELINE Fan:FlowCap  (75:'HVACSecondary-Fan-General.rule' line 529)
2020-02-04 12:54:31 - Error:  Undefined data: numerator evaluating rule: Set ANNUAL_BASELINE Fan:FlowCap  (75:'HVACSecondary-Fan-General.rule' line 529)
2020-02-04 12:54:31 - Error:  Undefined data: numerator evaluating rule: Set ANNUAL_BASELINE Fan:FlowCap  (75:'HVACSecondary-Fan-General.rule' line 529)
2020-02-04 12:54:31 - Error:  Undefined data: numerator evaluating rule: Set ANNUAL_BASELINE Fan:FlowCap  (75:'HVACSecondary-Fan-General.rule' line 529)
2020-02-04 12:54:31 - Error:  Undefined data: numerator evaluating rule: Set ANNUAL_BASELINE Fan:FlowCap  (75:'HVACSecondary-Fan-General.rule' line 529)
2020-02-04 12:54:31 - Error:  Undefined data: numerator evaluating rule: Set ANNUAL_BASELINE Fan:FlowCap  (75:'HVACSecondary-Fan-General.rule' line 529)
2020-02-04 12:54:31 - Error:  Undefined data: numerator evaluating rule: Set ANNUAL_BASELINE Fan:FlowCap  (75:'HVACSecondary-Fan-General.rule' line 529)
2020-02-04 12:54:31 - Error:  Undefined data: numerator evaluating rule: Set ANNUAL_BASELINE Fan:FlowCap  (75:'HVACSecondary-Fan-General.rule' line 529)
2020-02-04 12:54:31 - Error:  Division by zero evaluating rule: Set ANNUAL_BASELINE ThrmlZn:PriAirCondgSysDsgnFlow  (76:'HVACSecondary-Fan-FanRatios.rule' line 67)
2020-02-04 12:54:31 - Error:  Division by zero evaluating rule: Set ANNUAL_BASELINE ThrmlZn:PriAirCondgSysDsgnFlow  (76:'HVACSecondary-Fan-FanRatios.rule' line 67)
2020-02-04 12:54:31 - Error:  Division by zero evaluating rule: Set ANNUAL_BASELINE ThrmlZn:PriAirCondgSysDsgnFlow  (76:'HVACSecondary-Fan-FanRatios.rule' line 67)
2020-02-04 12:54:31 - Error:  Division by zero evaluating rule: Set ANNUAL_BASELINE ThrmlZn:PriAirCondgSysDsgnFlow  (76:'HVACSecondary-Fan-FanRatios.rule' line 67)
2020-02-04 12:54:31 - Error:  Division by zero evaluating rule: Set ANNUAL_BASELINE ThrmlZn:PriAirCondgSysDsgnFlow  (76:'HVACSecondary-Fan-FanRatios.rule' line 67)
2020-02-04 12:54:31 - Error:  Division by zero evaluating rule: Set ANNUAL_BASELINE ThrmlZn:PriAirCondgSysDsgnFlow  (76:'HVACSecondary-Fan-FanRatios.rule' line 67)
2020-02-04 12:54:31 - Error:  Division by zero evaluating rule: Set ANNUAL_BASELINE ThrmlZn:PriAirCondgSysDsgnFlow  (76:'HVACSecondary-Fan-FanRatios.rule' line 67)
2020-02-04 12:54:31 - Error:  Division by zero evaluating rule: Set ANNUAL_BASELINE ThrmlZn:PriAirCondgSysDsgnFlow  (76:'HVACSecondary-Fan-FanRatios.rule' line 67)
2020-02-04 12:54:31 - Error:  Division by zero evaluating rule: Set ANNUAL_BASELINE ThrmlZn:PriAirCondgSysDsgnFlow  (76:'HVACSecondary-Fan-FanRatios.rule' line 67)
2020-02-04 12:54:31 - Error:  Division by zero evaluating rule: Set ANNUAL_BASELINE ThrmlZn:PriAirCondgSysDsgnFlow  (76:'HVACSecondary-Fan-FanRatios.rule' line 67)
2020-02-04 12:54:31 - Error:  Division by zero evaluating rule: Set ANNUAL_BASELINE ThrmlZn:PriAirCondgSysDsgnFlow  (76:'HVACSecondary-Fan-FanRatios.rule' line 67)
2020-02-04 12:54:31 - Error:  Division by zero evaluating rule: Set ANNUAL_BASELINE ThrmlZn:PriAirCondgSysDsgnFlow  (76:'HVACSecondary-Fan-FanRatios.rule' line 67)
2020-02-04 12:54:31 - Error:  Division by zero evaluating rule: Set ANNUAL_BASELINE ThrmlZn:VentSysDsgnFlow  (76:'HVACSecondary-Fan-FanRatios.rule' line 111)
2020-02-04 12:54:31 - Error:  Division by zero evaluating rule: Set ANNUAL_BASELINE ThrmlZn:VentSysDsgnFlow  (76:'HVACSecondary-Fan-FanRatios.rule' line 111)
2020-02-04 12:54:31 - Error:  Division by zero evaluating rule: Set ANNUAL_BASELINE ThrmlZn:VentSysDsgnFlow  (76:'HVACSecondary-Fan-FanRatios.rule' line 111)
2020-02-04 12:54:31 - Error:  Division by zero evaluating rule: Set ANNUAL_BASELINE ThrmlZn:VentSysDsgnFlow  (76:'HVACSecondary-Fan-FanRatios.rule' line 111)
2020-02-04 12:54:31 - Error:  Division by zero evaluating rule: Set ANNUAL_BASELINE ThrmlZn:VentSysDsgnFlow  (76:'HVACSecondary-Fan-FanRatios.rule' line 111)
2020-02-04 12:54:31 - Error:  Division by zero evaluating rule: Set ANNUAL_BASELINE ThrmlZn:VentSysDsgnFlow  (76:'HVACSecondary-Fan-FanRatios.rule' line 111)
2020-02-04 12:54:31 - Error:  Division by zero evaluating rule: Set ANNUAL_BASELINE ThrmlZn:VentSysDsgnFlow  (76:'HVACSecondary-Fan-FanRatios.rule' line 111)
2020-02-04 12:54:31 - Error:  Division by zero evaluating rule: Set ANNUAL_BASELINE ThrmlZn:VentSysDsgnFlow  (76:'HVACSecondary-Fan-FanRatios.rule' line 111)
2020-02-04 12:54:31 - Error:  Division by zero evaluating rule: Set ANNUAL_BASELINE ThrmlZn:VentSysDsgnFlow  (76:'HVACSecondary-Fan-FanRatios.rule' line 111)
2020-02-04 12:54:31 - Error:  Division by zero evaluating rule: Set ANNUAL_BASELINE ThrmlZn:VentSysDsgnFlow  (76:'HVACSecondary-Fan-FanRatios.rule' line 111)
2020-02-04 12:54:31 - Error:  Division by zero evaluating rule: Set ANNUAL_BASELINE ThrmlZn:VentSysDsgnFlow  (76:'HVACSecondary-Fan-FanRatios.rule' line 111)
2020-02-04 12:54:31 - Error:  Division by zero evaluating rule: Set ANNUAL_BASELINE ThrmlZn:VentSysDsgnFlow  (76:'HVACSecondary-Fan-FanRatios.rule' line 111)
2020-02-04 12:54:32 -   PerfAnal_NRes - Bypassing OpenStudio (and simulation) for ab model
2020-02-04 12:54:32 -   PerfAnal_NRes - Completed analysis steps thru #7
2020-02-04 12:54:32 - Analysis incomplete  Processing time:  Overall 4:46 / SDD2IDF x2 avg 0:08 / SizSim x0 0:00 / AnnSim x2 avg 2:01 / ReportGen x0 0:00 / Other 0:25
2020-02-04 12:54:32 -       ResultsSummary population:  bAbort = (false) / RuleProcAbort = (false) / iRetVal = 0 / pszResultsSummary = (empty) / iResultsSummaryLen = 3200
2020-02-04 12:54:32 -       ResultsSummary components1:  2020-02-04 12:54:32 / instance / Mid-Rise Mixed-Use (5-story) / CTZ11S22A / Title24ProposedOnly / 4:46 /  / 
2020-02-04 12:54:32 -       ResultsSummary components2:  CBECC-Com 2022.0.1 RV (1113) / BEMCmpMgr 2022.0.1 RV (6107) / CA 2022 Nonresidential, Vers. 1.0 Alpha /  /  / - / C:\Users\agoyal\Documents\CBECC-Com 2022 Data\EPW\ / C:\Users\agoyal\Documents\GitHub\T24-2022-CASE-Modeling\framework\analysis\hpte\runs\mumr-wall4\cz11\
2020-02-04 12:54:32 -       ResultsSummary:  2020-02-04 12:54:32,"instance","Mid-Rise Mixed-Use (5-story)","CTZ11S22A","Pol  0% RetAdd NoLeak",113100,141000,"Title24ProposedOnly",4:46,,,"--","--","Successful (219 warnings)",11.6397,126379,63372.4,0,214.747,13326.4,81961.5,285266,217441,0,149101,34551.8,0,0,686360,3921.89,0,0,0,0,8703.31,0,12625.2,586.724,0,0,0,13211.9,0,0,0,0,0,0,0,0,0,0,0,0,0,9.33165,42.0991,16.8377,0,0.0483919,21.7786,19.3967,109.492,55.7311,0,38.5354,8.47645,0,0,212.235,183.079,29.156,0,2987.5,"Thermal Zone: F2-4 Corridor",0,1267.75,"Thermal Zone: F5 Corridor",0,"--","--","",0,0,0,0,0,0,0,0,0,0,0,0,0,0,0,0,0,0,0,0,0,0,0,0,0,0,0,0,0,0,0,0,0,0,0,0,0,0,0,0,0,0,0,0,0,0,0,0,0,0,0,0,0,0,0,0,0,0,0,,,,,,,8.02656e-06,53.5521,13.1608,0,0.00992523,2.08199,14.3272,83.132,38.321,0,25.7371,3.94427,0,0,151.134,0,0,0,0,0,0,0,0,0,0,0,0,0,0,0,"CBECC-Com 2022.0.1 RV (1113)","BEMCmpMgr 2022.0.1 RV (6107)","CA 2022 Nonresidential, Vers. 1.0 Alpha","","","-","C:\Users\agoyal\Documents\CBECC-Com 2022 Data\EPW\","C:\Users\agoyal\Documents\GitHub\T24-2022-CASE-Modeling\framework\analysis\hpte\runs\mumr-wall4\cz11\",0.00225577,15.0859,8.99845,0,0.0311997,1.68941,9.05828,34.87,32.1279,0,25.58,5.65158,0,0,98.23,1.88049,0,0,0,0,4.17312,0,6.05,0.281326,0,0,0,6.33,0,0,0,0,0,0,0,0,0,0,0,0,0,0,0,0,0,0,0,0,0,0,0,0,0,0,0,0,3.22988,2.51267,1.49876,0,0.00519653,7.44818,1.50872,16.2034,5.83428,0,4.26052,0.941311,0,0,27.2395,0,0,0,0,0,0,0,0,0,0,0,0,0,0,0,

2020-02-04 12:54:36 - -----------------------------------------------------------------------------
2020-02-04 12:54:36 - Opening Project 'cz11\instance.cibd22'...
2020-02-04 12:54:37 -    Model load successful into CBECC-Com 2022.0.1 RV (1113)
2020-02-04 12:54:38 - Performing Building Database check...
2020-02-04 12:54:38 - Building Database check completed, no problems found.
2020-02-04 12:54:43 - Project Saved
