2020-03-27 19:33:34 - -----------------------------------------------------------------------------
2020-03-27 19:33:34 - Opening Project 'cz09\instance.cibd22'...
2020-03-27 19:33:36 - Error:  Multiple referenced objects found with the same name:  | Compliance Insulation R4.00
2020-03-27 19:33:36 -    Model load successful into CBECC-Com 2022.0.1 RV (1113)
2020-03-27 19:33:36 - Performing Building Database check...
2020-03-27 19:33:36 - Building Database check completed, no problems found.
2020-03-27 19:33:44 -   PerfAnal_NRes - starting, w/ arguments:
2020-03-27 19:33:44 -        BEMBasePathFile    = (null)
2020-03-27 19:33:44 -        RulesetPathFile    = (null)
2020-03-27 19:33:44 -        SimWeatherPath     = C:\Users\ndperry\Documents\CBECC-Com 2022 Data\EPW\
2020-03-27 19:33:44 -        CompMgrDLLPath     = (null)
2020-03-27 19:33:44 -        DHWWeatherPath     = (null)
2020-03-27 19:33:44 -        ProcessingPath     = C:\Users\ndperry\Documents\GitHub\T24-2022-CASE-Modeling\framework\analysis\hpte\runs\mumr-roof-base1\cz09\instance - run\
2020-03-27 19:33:44 -        ModelPathFile      = C:\Users\ndperry\Documents\GitHub\T24-2022-CASE-Modeling\framework\analysis\hpte\runs\mumr-roof-base1\cz09\instance.cibd22
2020-03-27 19:33:44 -        LogPathFile        = (null)
2020-03-27 19:33:44 -        UIVersionString    = CBECC-Com 2022.0.1 RV (1113)
2020-03-27 19:33:44 -        LoadModelFile      = false
2020-03-27 19:33:44 -        OptionsCSV         = AllowAnalysisAbort,0,StoreBEMDetails,1,AnalysisThruStep,8,ModelRpt_ALL,1,ExportHourlyResults_All,1,PromptUserUMLHWarning,1,PreAnalysisCheckPromptOption,3,CompReportWarningOption,5,
2020-03-27 19:33:44 -        ErrorMsg           = (assumed to be initialized)
2020-03-27 19:33:44 -        ErrorMsgLen        = 2056
2020-03-27 19:33:44 -        DisplayProgress    = true
2020-03-27 19:33:44 -        ResultsSummary     = (empty)
2020-03-27 19:33:44 -        ResultsSummaryLen  = 3200
2020-03-27 19:33:44 -        pProgCallbackFunc  = (null)
2020-03-27 19:33:45 - Error:  Multiple referenced objects found with the same name:  | Compliance Insulation R4.00 |
2020-03-27 19:33:45 - Error:  Multiple referenced objects found with the same name:  | Compliance Insulation R4.00 |
2020-03-27 19:33:45 - Analysis aborted  Processing time:  Overall 0:01 / SDD2IDF x0 0:00 / SizSim x0 0:00 / AnnSim x0 0:00 / ReportGen x0 0:00 / Other 0:01
2020-03-27 19:33:45 -       ResultsSummary population:  bAbort = (true) / RuleProcAbort = (false) / iRetVal = 53 / pszResultsSummary = (empty) / iResultsSummaryLen = 3200
2020-03-27 19:33:45 - Error:  Multiple referenced objects found with the same name:  | Compliance Insulation R4.00 |
2020-03-27 19:33:47 - -----------------------------------------------------------------------------
2020-03-27 19:33:47 - Opening Project 'cz09\instance.cibd22'...
2020-03-27 19:33:49 - Error:  Multiple referenced objects found with the same name:  | Compliance Insulation R4.00
2020-03-27 19:33:49 -    Model load successful into CBECC-Com 2022.0.1 RV (1113)
2020-03-27 19:33:49 - Performing Building Database check...
2020-03-27 19:33:49 - Building Database check completed, no problems found.
2020-03-27 19:33:52 - Error:  Multiple referenced objects found with the same name:  | Compliance Insulation R4.00
2020-03-27 19:33:52 - Project Saved
2020-03-30 10:11:40 - -----------------------------------------------------------------------------
2020-03-30 10:11:40 - Opening Project 'cz09\instance.cibd22'...
2020-03-30 10:11:41 - Error:  Multiple referenced objects found with the same name:  | Compliance Insulation R4.00
2020-03-30 10:11:41 -    Model load successful into CBECC-Com 2022.0.1 RV (1113)
2020-03-30 10:11:41 - Performing Building Database check...
2020-03-30 10:11:41 - Building Database check completed, no problems found.
2020-03-30 10:13:19 - -----------------------------------------------------------------------------
2020-03-30 10:13:19 - Opening Project 'cz09\instance.cibd22'...
2020-03-30 10:13:20 - Error:  Multiple referenced objects found with the same name:  | Compliance Insulation R4.00
2020-03-30 10:13:20 -    Model load successful into CBECC-Com 2022.0.1 RV (1113)
2020-03-30 10:13:20 - Performing Building Database check...
2020-03-30 10:13:20 - Building Database check completed, no problems found.
2020-03-30 10:13:28 -   PerfAnal_NRes - starting, w/ arguments:
2020-03-30 10:13:28 -        BEMBasePathFile    = (null)
2020-03-30 10:13:28 -        RulesetPathFile    = (null)
2020-03-30 10:13:28 -        SimWeatherPath     = C:\Users\ndperry\Documents\CBECC-Com 2022 Data\EPW\
2020-03-30 10:13:28 -        CompMgrDLLPath     = (null)
2020-03-30 10:13:28 -        DHWWeatherPath     = (null)
2020-03-30 10:13:28 -        ProcessingPath     = C:\Users\ndperry\Documents\GitHub\T24-2022-CASE-Modeling\framework\analysis\hpte\runs\mumr-roof-base1\cz09\instance - run\
2020-03-30 10:13:28 -        ModelPathFile      = C:\Users\ndperry\Documents\GitHub\T24-2022-CASE-Modeling\framework\analysis\hpte\runs\mumr-roof-base1\cz09\instance.cibd22
2020-03-30 10:13:28 -        LogPathFile        = (null)
2020-03-30 10:13:28 -        UIVersionString    = CBECC-Com 2022.0.1 RV (1113)
2020-03-30 10:13:28 -        LoadModelFile      = false
2020-03-30 10:13:28 -        OptionsCSV         = AllowAnalysisAbort,0,StoreBEMDetails,1,AnalysisThruStep,8,ModelRpt_ALL,1,ExportHourlyResults_All,1,PromptUserUMLHWarning,1,PreAnalysisCheckPromptOption,3,CompReportWarningOption,5,
2020-03-30 10:13:28 -        ErrorMsg           = (assumed to be initialized)
2020-03-30 10:13:28 -        ErrorMsgLen        = 2056
2020-03-30 10:13:28 -        DisplayProgress    = true
2020-03-30 10:13:28 -        ResultsSummary     = (empty)
2020-03-30 10:13:28 -        ResultsSummaryLen  = 3200
2020-03-30 10:13:28 -        pProgCallbackFunc  = (null)
2020-03-30 10:13:30 - Error:  Multiple referenced objects found with the same name:  | Compliance Insulation R4.00 |
2020-03-30 10:13:30 - Error:  Multiple referenced objects found with the same name:  | Compliance Insulation R4.00 |
2020-03-30 10:13:30 - Analysis aborted  Processing time:  Overall 0:02 / SDD2IDF x0 0:00 / SizSim x0 0:00 / AnnSim x0 0:00 / ReportGen x0 0:00 / Other 0:02
2020-03-30 10:13:30 -       ResultsSummary population:  bAbort = (true) / RuleProcAbort = (false) / iRetVal = 53 / pszResultsSummary = (empty) / iResultsSummaryLen = 3200
2020-03-30 10:13:30 - Error:  Multiple referenced objects found with the same name:  | Compliance Insulation R4.00 |
2020-03-30 10:13:32 - -----------------------------------------------------------------------------
2020-03-30 10:13:32 - Opening Project 'cz09\instance.cibd22'...
2020-03-30 10:13:34 - Error:  Multiple referenced objects found with the same name:  | Compliance Insulation R4.00
2020-03-30 10:13:34 -    Model load successful into CBECC-Com 2022.0.1 RV (1113)
2020-03-30 10:13:34 - Performing Building Database check...
2020-03-30 10:13:34 - Building Database check completed, no problems found.
2020-03-30 10:13:41 - Error:  Multiple referenced objects found with the same name:  | Compliance Insulation R4.00
2020-03-30 10:13:41 - Project Saved
2020-03-30 10:23:42 - -----------------------------------------------------------------------------
2020-03-30 10:23:42 - Opening Project 'cz09\instance.cibd22'...
2020-03-30 10:23:43 -    Model load successful into CBECC-Com 2022.0.1 RV (1113)
2020-03-30 10:23:44 - Performing Building Database check...
2020-03-30 10:23:44 - Building Database check completed, no problems found.
2020-03-30 10:23:50 -   PerfAnal_NRes - starting, w/ arguments:
2020-03-30 10:23:50 -        BEMBasePathFile    = (null)
2020-03-30 10:23:50 -        RulesetPathFile    = (null)
2020-03-30 10:23:50 -        SimWeatherPath     = C:\Users\ndperry\Documents\CBECC-Com 2022 Data\EPW\
2020-03-30 10:23:50 -        CompMgrDLLPath     = (null)
2020-03-30 10:23:50 -        DHWWeatherPath     = (null)
2020-03-30 10:23:50 -        ProcessingPath     = C:\Users\ndperry\Documents\GitHub\T24-2022-CASE-Modeling\framework\analysis\hpte\runs\mumr-roof-base1\cz09\instance - run\
2020-03-30 10:23:50 -        ModelPathFile      = C:\Users\ndperry\Documents\GitHub\T24-2022-CASE-Modeling\framework\analysis\hpte\runs\mumr-roof-base1\cz09\instance.cibd22
2020-03-30 10:23:50 -        LogPathFile        = (null)
2020-03-30 10:23:50 -        UIVersionString    = CBECC-Com 2022.0.1 RV (1113)
2020-03-30 10:23:50 -        LoadModelFile      = false
2020-03-30 10:23:50 -        OptionsCSV         = AllowAnalysisAbort,0,StoreBEMDetails,1,AnalysisThruStep,8,ModelRpt_ALL,1,ExportHourlyResults_All,1,PromptUserUMLHWarning,1,PreAnalysisCheckPromptOption,3,CompReportWarningOption,5,
2020-03-30 10:23:50 -        ErrorMsg           = (assumed to be initialized)
2020-03-30 10:23:50 -        ErrorMsgLen        = 2056
2020-03-30 10:23:50 -        DisplayProgress    = true
2020-03-30 10:23:50 -        ResultsSummary     = (empty)
2020-03-30 10:23:50 -        ResultsSummaryLen  = 3200
2020-03-30 10:23:50 -        pProgCallbackFunc  = (null)
2020-03-30 10:23:52 - Performing Building Database check...
2020-03-30 10:23:52 - Building Database check completed, no problems found.
2020-03-30 10:23:52 - Warning:  The following developer options must be defaulted (not specified by the user) in order to perform a valid compliance analysis:
          Proj 'Mid-Rise Mixed-Use (5-story)' AutoHardSize
          Proj 'Mid-Rise Mixed-Use (5-story)' AutoEffInput
2020-03-30 10:23:52 -    1 file hash check(s) failed on executable and/or analysis support files (analysis continuing w/ report signature disabled)
2020-03-30 10:23:55 -   PerfAnal_NRes - AnalysisThruStep being set to #7 due to Proj:AnalysisType = Title24ProposedOnly
2020-03-30 10:23:55 - Performing Building Database check...
2020-03-30 10:23:55 - Building Database check completed, no problems found.
2020-03-30 10:23:55 - Warning:  AirSystem 'DOAS1' has a DX cooling coil and the rated supply flow per ton of (net) cooling capacity is 285 cfm/ton. The acceptable range for successful simulation of DX cooling coils in EnergyPlus is normally ~300 to ~450 cfm/ton. If the compliance simulation fails, check flow/cooling capacity inputs for consistency with the design. If simulation still fails, contact the CBECC support team for assistance. evaluating rule: Set CHECKSIM AirSys:SupFlowPerTon  (110:'HVACSecondary-Summary.rule' line 785)
2020-03-30 10:23:55 - Warning:  The AirSystem:Count for multi-zone system 'DOAS1' is not consistent with the maximum or minimum ThermalZone:Multiplier of the zones the system serves. This indicates the HVAC system serves more than 1 floor, or that Multipliers or system Count may be improperly defined. Check inputs for consistency. evaluating rule: Set CHECKCODE AirSys:Cnt  (68:'HVACSecondary-General.rule' line 1398)
2020-03-30 10:23:59 -   PerfAnal_NRes - Bypassing OpenStudio (and simulation) for zp model
2020-03-30 10:24:03 -   PerfAnal_NRes - Bypassing OpenStudio (and simulation) for zb model
2020-03-30 10:28:51 - Error:  Undefined data: numerator evaluating rule: Set ANNUAL_BASELINE Fan:FlowCap  (75:'HVACSecondary-Fan-General.rule' line 494)
2020-03-30 10:28:51 - Error:  Undefined data: numerator evaluating rule: Set ANNUAL_BASELINE Fan:FlowCap  (75:'HVACSecondary-Fan-General.rule' line 494)
2020-03-30 10:28:51 - Error:  Undefined data: numerator evaluating rule: Set ANNUAL_BASELINE Fan:FlowCap  (75:'HVACSecondary-Fan-General.rule' line 494)
2020-03-30 10:28:51 - Error:  Undefined data: numerator evaluating rule: Set ANNUAL_BASELINE Fan:FlowCap  (75:'HVACSecondary-Fan-General.rule' line 529)
2020-03-30 10:28:51 - Error:  Undefined data: numerator evaluating rule: Set ANNUAL_BASELINE Fan:FlowCap  (75:'HVACSecondary-Fan-General.rule' line 529)
2020-03-30 10:28:51 - Error:  Undefined data: numerator evaluating rule: Set ANNUAL_BASELINE Fan:FlowCap  (75:'HVACSecondary-Fan-General.rule' line 529)
2020-03-30 10:28:51 - Error:  Undefined data: numerator evaluating rule: Set ANNUAL_BASELINE Fan:FlowCap  (75:'HVACSecondary-Fan-General.rule' line 529)
2020-03-30 10:28:51 - Error:  Undefined data: numerator evaluating rule: Set ANNUAL_BASELINE Fan:FlowCap  (75:'HVACSecondary-Fan-General.rule' line 529)
2020-03-30 10:28:51 - Error:  Undefined data: numerator evaluating rule: Set ANNUAL_BASELINE Fan:FlowCap  (75:'HVACSecondary-Fan-General.rule' line 529)
2020-03-30 10:28:51 - Error:  Undefined data: numerator evaluating rule: Set ANNUAL_BASELINE Fan:FlowCap  (75:'HVACSecondary-Fan-General.rule' line 529)
2020-03-30 10:28:51 - Error:  Undefined data: numerator evaluating rule: Set ANNUAL_BASELINE Fan:FlowCap  (75:'HVACSecondary-Fan-General.rule' line 529)
2020-03-30 10:28:51 - Error:  Undefined data: numerator evaluating rule: Set ANNUAL_BASELINE Fan:FlowCap  (75:'HVACSecondary-Fan-General.rule' line 529)
2020-03-30 10:28:51 - Error:  Undefined data: numerator evaluating rule: Set ANNUAL_BASELINE Fan:FlowCap  (75:'HVACSecondary-Fan-General.rule' line 529)
2020-03-30 10:28:51 - Error:  Undefined data: numerator evaluating rule: Set ANNUAL_BASELINE Fan:FlowCap  (75:'HVACSecondary-Fan-General.rule' line 529)
2020-03-30 10:28:51 - Error:  Undefined data: numerator evaluating rule: Set ANNUAL_BASELINE Fan:FlowCap  (75:'HVACSecondary-Fan-General.rule' line 529)
2020-03-30 10:28:51 - Error:  Undefined data: numerator evaluating rule: Set ANNUAL_BASELINE Fan:FlowCap  (75:'HVACSecondary-Fan-General.rule' line 529)
2020-03-30 10:28:51 - Error:  Undefined data: numerator evaluating rule: Set ANNUAL_BASELINE Fan:FlowCap  (75:'HVACSecondary-Fan-General.rule' line 529)
2020-03-30 10:28:51 - Error:  Undefined data: numerator evaluating rule: Set ANNUAL_BASELINE Fan:FlowCap  (75:'HVACSecondary-Fan-General.rule' line 529)
2020-03-30 10:28:51 - Error:  Undefined data: numerator evaluating rule: Set ANNUAL_BASELINE Fan:FlowCap  (75:'HVACSecondary-Fan-General.rule' line 529)
2020-03-30 10:28:51 - Error:  Undefined data: numerator evaluating rule: Set ANNUAL_BASELINE Fan:FlowCap  (75:'HVACSecondary-Fan-General.rule' line 529)
2020-03-30 10:28:51 - Error:  Undefined data: numerator evaluating rule: Set ANNUAL_BASELINE Fan:FlowCap  (75:'HVACSecondary-Fan-General.rule' line 529)
2020-03-30 10:28:51 - Error:  Undefined data: numerator evaluating rule: Set ANNUAL_BASELINE Fan:FlowCap  (75:'HVACSecondary-Fan-General.rule' line 529)
2020-03-30 10:28:51 - Error:  Undefined data: numerator evaluating rule: Set ANNUAL_BASELINE Fan:FlowCap  (75:'HVACSecondary-Fan-General.rule' line 529)
2020-03-30 10:28:51 - Error:  Undefined data: numerator evaluating rule: Set ANNUAL_BASELINE Fan:FlowCap  (75:'HVACSecondary-Fan-General.rule' line 529)
2020-03-30 10:28:51 - Error:  Undefined data: numerator evaluating rule: Set ANNUAL_BASELINE Fan:FlowCap  (75:'HVACSecondary-Fan-General.rule' line 529)
2020-03-30 10:28:51 - Error:  Division by zero evaluating rule: Set ANNUAL_BASELINE ThrmlZn:PriAirCondgSysDsgnFlow  (76:'HVACSecondary-Fan-FanRatios.rule' line 67)
2020-03-30 10:28:51 - Error:  Division by zero evaluating rule: Set ANNUAL_BASELINE ThrmlZn:PriAirCondgSysDsgnFlow  (76:'HVACSecondary-Fan-FanRatios.rule' line 67)
2020-03-30 10:28:51 - Error:  Division by zero evaluating rule: Set ANNUAL_BASELINE ThrmlZn:PriAirCondgSysDsgnFlow  (76:'HVACSecondary-Fan-FanRatios.rule' line 67)
2020-03-30 10:28:51 - Error:  Division by zero evaluating rule: Set ANNUAL_BASELINE ThrmlZn:PriAirCondgSysDsgnFlow  (76:'HVACSecondary-Fan-FanRatios.rule' line 67)
2020-03-30 10:28:51 - Error:  Division by zero evaluating rule: Set ANNUAL_BASELINE ThrmlZn:PriAirCondgSysDsgnFlow  (76:'HVACSecondary-Fan-FanRatios.rule' line 67)
2020-03-30 10:28:51 - Error:  Division by zero evaluating rule: Set ANNUAL_BASELINE ThrmlZn:PriAirCondgSysDsgnFlow  (76:'HVACSecondary-Fan-FanRatios.rule' line 67)
2020-03-30 10:28:51 - Error:  Division by zero evaluating rule: Set ANNUAL_BASELINE ThrmlZn:PriAirCondgSysDsgnFlow  (76:'HVACSecondary-Fan-FanRatios.rule' line 67)
2020-03-30 10:28:51 - Error:  Division by zero evaluating rule: Set ANNUAL_BASELINE ThrmlZn:PriAirCondgSysDsgnFlow  (76:'HVACSecondary-Fan-FanRatios.rule' line 67)
2020-03-30 10:28:51 - Error:  Division by zero evaluating rule: Set ANNUAL_BASELINE ThrmlZn:PriAirCondgSysDsgnFlow  (76:'HVACSecondary-Fan-FanRatios.rule' line 67)
2020-03-30 10:28:51 - Error:  Division by zero evaluating rule: Set ANNUAL_BASELINE ThrmlZn:PriAirCondgSysDsgnFlow  (76:'HVACSecondary-Fan-FanRatios.rule' line 67)
2020-03-30 10:28:51 - Error:  Division by zero evaluating rule: Set ANNUAL_BASELINE ThrmlZn:PriAirCondgSysDsgnFlow  (76:'HVACSecondary-Fan-FanRatios.rule' line 67)
2020-03-30 10:28:51 - Error:  Division by zero evaluating rule: Set ANNUAL_BASELINE ThrmlZn:PriAirCondgSysDsgnFlow  (76:'HVACSecondary-Fan-FanRatios.rule' line 67)
2020-03-30 10:28:51 - Error:  Division by zero evaluating rule: Set ANNUAL_BASELINE ThrmlZn:VentSysDsgnFlow  (76:'HVACSecondary-Fan-FanRatios.rule' line 111)
2020-03-30 10:28:51 - Error:  Division by zero evaluating rule: Set ANNUAL_BASELINE ThrmlZn:VentSysDsgnFlow  (76:'HVACSecondary-Fan-FanRatios.rule' line 111)
2020-03-30 10:28:51 - Error:  Division by zero evaluating rule: Set ANNUAL_BASELINE ThrmlZn:VentSysDsgnFlow  (76:'HVACSecondary-Fan-FanRatios.rule' line 111)
2020-03-30 10:28:51 - Error:  Division by zero evaluating rule: Set ANNUAL_BASELINE ThrmlZn:VentSysDsgnFlow  (76:'HVACSecondary-Fan-FanRatios.rule' line 111)
2020-03-30 10:28:51 - Error:  Division by zero evaluating rule: Set ANNUAL_BASELINE ThrmlZn:VentSysDsgnFlow  (76:'HVACSecondary-Fan-FanRatios.rule' line 111)
2020-03-30 10:28:51 - Error:  Division by zero evaluating rule: Set ANNUAL_BASELINE ThrmlZn:VentSysDsgnFlow  (76:'HVACSecondary-Fan-FanRatios.rule' line 111)
2020-03-30 10:28:51 - Error:  Division by zero evaluating rule: Set ANNUAL_BASELINE ThrmlZn:VentSysDsgnFlow  (76:'HVACSecondary-Fan-FanRatios.rule' line 111)
2020-03-30 10:28:51 - Error:  Division by zero evaluating rule: Set ANNUAL_BASELINE ThrmlZn:VentSysDsgnFlow  (76:'HVACSecondary-Fan-FanRatios.rule' line 111)
2020-03-30 10:28:51 - Error:  Division by zero evaluating rule: Set ANNUAL_BASELINE ThrmlZn:VentSysDsgnFlow  (76:'HVACSecondary-Fan-FanRatios.rule' line 111)
2020-03-30 10:28:51 - Error:  Division by zero evaluating rule: Set ANNUAL_BASELINE ThrmlZn:VentSysDsgnFlow  (76:'HVACSecondary-Fan-FanRatios.rule' line 111)
2020-03-30 10:28:51 - Error:  Division by zero evaluating rule: Set ANNUAL_BASELINE ThrmlZn:VentSysDsgnFlow  (76:'HVACSecondary-Fan-FanRatios.rule' line 111)
2020-03-30 10:28:51 - Error:  Division by zero evaluating rule: Set ANNUAL_BASELINE ThrmlZn:VentSysDsgnFlow  (76:'HVACSecondary-Fan-FanRatios.rule' line 111)
2020-03-30 10:28:53 -   PerfAnal_NRes - Bypassing OpenStudio (and simulation) for ab model
2020-03-30 10:28:53 -   PerfAnal_NRes - Completed analysis steps thru #7
2020-03-30 10:28:53 - Analysis incomplete  Processing time:  Overall 5:02 / SDD2IDF x2 avg 0:07 / SizSim x0 0:00 / AnnSim x2 avg 2:07 / ReportGen x0 0:00 / Other 0:30
2020-03-30 10:28:53 -       ResultsSummary population:  bAbort = (false) / RuleProcAbort = (false) / iRetVal = 0 / pszResultsSummary = (empty) / iResultsSummaryLen = 3200
2020-03-30 10:28:53 -       ResultsSummary components1:  2020-03-30 10:28:53 / instance / Mid-Rise Mixed-Use (5-story) / CTZ09S22A / Title24ProposedOnly / 5:02 /  / 
2020-03-30 10:28:53 -       ResultsSummary components2:  CBECC-Com 2022.0.1 RV (1113) / BEMCmpMgr 2022.0.1 RV (6107) / CA 2022 Nonresidential, Vers. 1.0 Alpha /  /  / - / C:\Users\ndperry\Documents\CBECC-Com 2022 Data\EPW\ / C:\Users\ndperry\Documents\GitHub\T24-2022-CASE-Modeling\framework\analysis\hpte\runs\mumr-roof-base1\cz09\
2020-03-30 10:28:53 -       ResultsSummary:  2020-03-30 10:28:53,"instance","Mid-Rise Mixed-Use (5-story)","CTZ09S22A","Pol  0% RetAdd NoLeak",113100,141000,"Title24ProposedOnly",5:02,,,"--","--","Successful (222 warnings)",5.02668,117749,60929.8,0,205.244,12754.6,81988.8,273633,217441,0,149101,34551.8,0,0,674727,1243.66,0,0,0,0,8469.93,0,9713.59,586.724,0,0,0,10300.3,0,0,0,0,0,0,0,0,0,0,0,0,0,2.96968,36.2819,16.0158,0,0.045311,21.2369,20.0385,96.5881,55.3646,0,37.4912,8.49678,0,0,197.941,175.611,22.3301,0,3796.75,"Thermal Zone: F2-4 Corridor",0,508.5,"Thermal Zone: F5 Corridor",0,"--","--","",0,0,0,0,0,0,0,0,0,0,0,0,0,0,0,0,0,0,0,0,0,0,0,0,0,0,0,0,0,0,0,0,0,0,0,0,0,0,0,0,0,0,0,0,0,0,0,0,0,0,0,0,0,0,0,0,0,0,0,,,,,,,1.60393e-05,39.2087,11.3927,0,0.0173261,2.06643,14.4246,67.1098,38.321,0,25.7371,3.94427,0,0,135.112,0,0,0,0,0,0,0,0,0,0,0,0,0,0,0,"CBECC-Com 2022.0.1 RV (1113)","BEMCmpMgr 2022.0.1 RV (6107)","CA 2022 Nonresidential, Vers. 1.0 Alpha","","","-","C:\Users\ndperry\Documents\CBECC-Com 2022 Data\EPW\","C:\Users\ndperry\Documents\GitHub\T24-2022-CASE-Modeling\framework\analysis\hpte\runs\mumr-roof-base1\cz09\",0.00105106,13.1091,8.46247,0,0.0293902,1.62113,9.04038,32.26,32.22,0,25.6908,5.68613,0,0,95.86,0.596317,0,0,0,0,4.06122,0,4.66,0.281326,0,0,0,4.94,0,0,0,0,0,0,0,0,0,0,0,0,0,0,0,0,0,0,0,0,0,0,0,0,0,0,0,0,1.00987,2.18341,1.40949,0,0.00489513,7.14654,1.50574,13.2599,5.84282,0,4.27899,0.947065,0,0,24.3288,0,0,0,0,0,0,0,0,0,0,0,0,0,0,0,

2020-03-30 10:28:57 - -----------------------------------------------------------------------------
2020-03-30 10:28:57 - Opening Project 'cz09\instance.cibd22'...
2020-03-30 10:28:59 -    Model load successful into CBECC-Com 2022.0.1 RV (1113)
2020-03-30 10:28:59 - Performing Building Database check...
2020-03-30 10:28:59 - Building Database check completed, no problems found.
2020-03-30 10:29:05 - Project Saved
