---------------
CSE(750): Info: C:\USERS\MNAKAJIMA\DOCUMENTS\GITHUB\T24-2022-CASE-MODELING\FRAMEWORK\ANALYSIS\HPTE\RUNS\LRLC-WINF-PROPU2\CZ01\INSTANCE - COMP22\INSTANCE - DRTG.CSE(750): Info: 
  DHWSys 'dhwsys-DHWGas': 
    'wsTSetpoint' is ignored -- no setpoint-aware DHWHEATERs in this DHWSYS.
---------------
Warning: Zone 'Zone3-zn': Unmet cooling loads during 4 hours of run.
---------------
Warning: Zone 'Corridor1-zn': Condensation occurred in 237 subhours of run.
    Total condensation heat = 2.95696 kBtu.
---------------
Warning: 
  Zone 'BusinessCenter1-zn': Condensation occurred in 2241 subhours of run.
    Total condensation heat = 27.3817 kBtu.
---------------
Warning: 
  Zone 'BusinessCenter1-zn': Unmet cooling loads during 33 hours of run.
---------------
Warning: 
  Zone 'FitnessCenter1-zn': Condensation occurred in 70169 subhours of run.
    Total condensation heat = 3927.54 kBtu.
---------------
Warning: Zone 'Laundry1-zn': Unmet cooling loads during 33 hours of run.
---------------
Warning: Zone 'Lobby1-zn': Condensation occurred in 45165 subhours of run.
    Total condensation heat = 3943.72 kBtu.
---------------
Warning: Zone 'Lobby1-zn': Unmet cooling loads during 113 hours of run.
---------------
Warning: 
  Zone 'MechanicalRoom1-zn': Unmet heating loads during 3723 hours of run.
---------------
Warning: 
  Zone 'MechanicalRoom1-zn': Unmet cooling loads during 13 hours of run.
---------------
Warning: Zone 'Stairs1-zn': Condensation occurred in 5 subhours of run.
    Total condensation heat = 0.00472123 kBtu.
---------------
Warning: Zone 'Corridor2-zn': Condensation occurred in 375 subhours of run.
    Total condensation heat = 7.26725 kBtu.
---------------
Warning: Zone 'Corridor2-zn': Unmet cooling loads during 5 hours of run.
---------------
Warning: Zone 'Corridor3-zn': Condensation occurred in 1159 subhours of run.
    Total condensation heat = 40.5202 kBtu.
---------------
Warning: Zone 'Corridor3-zn': Unmet cooling loads during 226 hours of run.
---------------
Warning: Zone 'Stairs2-zn': Condensation occurred in 21 subhours of run.
    Total condensation heat = 0.0568853 kBtu.
---------------
Warning: Zone 'Stairs3-zn': Condensation occurred in 47 subhours of run.
    Total condensation heat = 0.25392 kBtu.
---------------
Warning: Zone 'Attic-atc': Condensation occurred in 55966 subhours of run.
    Total condensation heat = 12032.6 kBtu.
---------------
