---------------
Warning at hour/subhour 25/20 on autoSizing 22-Sep iteration 30:
  AutoSize pass 1A has not converged.  Abandoning after 30 iterations.
---------------
Warning: Zone 'Zone1-zn': Unmet cooling loads during 6 hours of run.
---------------
Warning: Zone 'Zone2-zn': Unmet cooling loads during 5 hours of run.
---------------
Warning: Zone 'Zone3-zn': Unmet cooling loads during 5 hours of run.
---------------
Warning: Zone 'Corridor1-zn': Condensation occurred in 201 subhours of run.
    Total condensation heat = 5.3642 kBtu.
---------------
Warning: 
  Zone 'FitnessCenter1-zn': Condensation occurred in 41168 subhours of run.
    Total condensation heat = 2050.11 kBtu.
---------------
Warning: Zone 'Laundry1-zn': Unmet cooling loads during 3 hours of run.
---------------
Warning: Zone 'LeasingOffice1-zn': Unmet cooling loads during 2 hours of run.
---------------
Warning: Zone 'Lobby1-zn': Condensation occurred in 16529 subhours of run.
    Total condensation heat = 1249.53 kBtu.
---------------
Warning: Zone 'Lobby1-zn': Unmet cooling loads during 2 hours of run.
---------------
Warning: 
  Zone 'MechanicalRoom1-zn': Unmet heating loads during 116 hours of run.
---------------
Warning: 
  Zone 'MechanicalRoom1-zn': Unmet cooling loads during 2518 hours of run.
---------------
Warning: Zone 'Stairs1-zn': Unmet cooling loads during 2 hours of run.
---------------
Warning: Zone 'Corridor3-zn': Condensation occurred in 202 subhours of run.
    Total condensation heat = 4.72023 kBtu.
---------------
Warning: Zone 'Corridor3-zn': Unmet cooling loads during 2 hours of run.
---------------
Warning: Zone 'Stairs2-zn': Unmet cooling loads during 3 hours of run.
---------------
Warning: Zone 'Stairs3-zn': Condensation occurred in 25 subhours of run.
    Total condensation heat = 0.0662428 kBtu.
---------------
Warning: Zone 'Stairs3-zn': Unmet cooling loads during 4 hours of run.
---------------
Warning: Zone 'Attic-atc': Condensation occurred in 21631 subhours of run.
    Total condensation heat = 4214.14 kBtu.
---------------
