---------------
Warning at hour/subhour 25/20 on autoSizing 22-Sep iteration 30:
  AutoSize pass 1A has not converged.  Abandoning after 30 iterations.
---------------
Warning: 
  R0140: zone 'Stairs1-zn' latent energy balance error for Sun 12-Apr: .00050 kBtu (0.002026)
---------------
Warning: 
  R0140: zone 'Stairs1-zn' latent energy balance error for Sun 03-May: .00068 kBtu (0.002889)
---------------
Warning: Total 'Stairs1-zn' short-interval energy balance error count = 2
---------------
Warning: Zone 'Zone1-zn': Unmet cooling loads during 5 hours of run.
---------------
Warning: Zone 'Zone2-zn': Unmet cooling loads during 112 hours of run.
---------------
Warning: Zone 'Zone3-zn': Unmet cooling loads during 115 hours of run.
---------------
Warning: Zone 'Corridor1-zn': Condensation occurred in 403 subhours of run.
    Total condensation heat = 12.5136 kBtu.
---------------
Warning: Zone 'Corridor1-zn': Unmet cooling loads during 47 hours of run.
---------------
Warning: 
  Zone 'BusinessCenter1-zn': Condensation occurred in 3768 subhours of run.
    Total condensation heat = 101.652 kBtu.
---------------
Warning: 
  Zone 'BusinessCenter1-zn': Unmet cooling loads during 532 hours of run.
---------------
Warning: 
  Zone 'FitnessCenter1-zn': Condensation occurred in 52195 subhours of run.
    Total condensation heat = 2962.14 kBtu.
---------------
Warning: 
  Zone 'FitnessCenter1-zn': Unmet cooling loads during 215 hours of run.
---------------
Warning: Zone 'Laundry1-zn': Unmet cooling loads during 32 hours of run.
---------------
Warning: Zone 'LeasingOffice1-zn': Unmet cooling loads during 56 hours of run.
---------------
Warning: Zone 'Lobby1-zn': Condensation occurred in 17723 subhours of run.
    Total condensation heat = 1485.57 kBtu.
---------------
Warning: Zone 'Lobby1-zn': Unmet cooling loads during 208 hours of run.
---------------
Warning: 
  Zone 'MechanicalRoom1-zn': Unmet cooling loads during 1738 hours of run.
---------------
Warning: Zone 'Corridor2-zn': Condensation occurred in 371 subhours of run.
    Total condensation heat = 15.4153 kBtu.
---------------
Warning: Zone 'Corridor2-zn': Unmet cooling loads during 345 hours of run.
---------------
Warning: Zone 'Corridor3-zn': Condensation occurred in 498 subhours of run.
    Total condensation heat = 21.123 kBtu.
---------------
Warning: Zone 'Corridor3-zn': Unmet cooling loads during 381 hours of run.
---------------
Warning: Zone 'Stairs2-zn': Unmet cooling loads during 22 hours of run.
---------------
Warning: Zone 'Stairs3-zn': Unmet cooling loads during 22 hours of run.
---------------
Warning: Zone 'Attic-atc': Condensation occurred in 7834 subhours of run.
    Total condensation heat = 1033.22 kBtu.
---------------
