2020-03-26 16:22:37 - -----------------------------------------------------------------------------
2020-03-26 16:22:37 - Opening Project 'cz12\instance.cibd22'...
2020-03-26 16:22:37 -    Model load successful into CBECC-Com 2022.0.1 RV (1113)
2020-03-26 16:22:38 - Performing Building Database check...
2020-03-26 16:22:38 - Building Database check completed, no problems found.
2020-03-26 16:22:40 -   PerfAnal_NRes - starting, w/ arguments:
2020-03-26 16:22:40 -        BEMBasePathFile    = (null)
2020-03-26 16:22:40 -        RulesetPathFile    = (null)
2020-03-26 16:22:40 -        SimWeatherPath     = C:\Users\agoyal\Documents\CBECC-Com 2022 Data\EPW\
2020-03-26 16:22:40 -        CompMgrDLLPath     = (null)
2020-03-26 16:22:40 -        DHWWeatherPath     = (null)
2020-03-26 16:22:40 -        ProcessingPath     = C:\Users\agoyal\Documents\GitHub\T24-2022-CASE-Modeling\framework\analysis\hpte\runs\hr-winoC1\cz12\instance - run\
2020-03-26 16:22:40 -        ModelPathFile      = C:\Users\agoyal\Documents\GitHub\T24-2022-CASE-Modeling\framework\analysis\hpte\runs\hr-winoC1\cz12\instance.cibd22
2020-03-26 16:22:40 -        LogPathFile        = (null)
2020-03-26 16:22:40 -        UIVersionString    = CBECC-Com 2022.0.1 RV (1113)
2020-03-26 16:22:40 -        LoadModelFile      = false
2020-03-26 16:22:40 -        OptionsCSV         = AllowAnalysisAbort,0,StoreBEMDetails,1,AnalysisThruStep,8,ModelRpt_ALL,1,ExportHourlyResults_All,1,PromptUserUMLHWarning,1,PreAnalysisCheckPromptOption,3,CompReportWarningOption,5,
2020-03-26 16:22:40 -        ErrorMsg           = (assumed to be initialized)
2020-03-26 16:22:40 -        ErrorMsgLen        = 2056
2020-03-26 16:22:40 -        DisplayProgress    = true
2020-03-26 16:22:40 -        ResultsSummary     = (empty)
2020-03-26 16:22:40 -        ResultsSummaryLen  = 3200
2020-03-26 16:22:40 -        pProgCallbackFunc  = (null)
2020-03-26 16:22:41 - Performing Building Database check...
2020-03-26 16:22:41 - Building Database check completed, no problems found.
2020-03-26 16:22:41 - Warning:  The following developer options must be defaulted (not specified by the user) in order to perform a valid compliance analysis:
          Proj 'High-Rise Mixed-Use (10-story)' DefaultDayltgCtrls
          Proj 'High-Rise Mixed-Use (10-story)' AutoHardSize
          Proj 'High-Rise Mixed-Use (10-story)' AutoEffInput
2020-03-26 16:22:41 -    1 file hash check(s) failed on executable and/or analysis support files (analysis continuing w/ report signature disabled)
2020-03-26 16:22:42 -   PerfAnal_NRes - AnalysisThruStep being set to #7 due to Proj:AnalysisType = Title24ProposedOnly
2020-03-26 16:22:42 - Performing Building Database check...
2020-03-26 16:22:42 - Building Database check completed, no problems found.
2020-03-26 16:22:42 - Warning:  The spaces assigned to thermal zone 'Thermal Zone: F1 Lounge' have cooling unmet load hour limits ranging from 150 to 8760. All spaces in the zone will be held to the minimum UMLH limit. evaluating rule: Set CHECKCODE ThrmlZn:ClgUMLHLimit  (60:'ThermalZone-General.rule' line 1738)
2020-03-26 16:22:42 - Warning:  The spaces assigned to thermal zone 'Thermal Zone: F1 Lounge' have heating unmet load hour limits ranging from 150 to 8760. All spaces in the zone will be held to the minimum UMLH limit. evaluating rule: Set CHECKCODE ThrmlZn:HtgUMLHLimit  (60:'ThermalZone-General.rule' line 1765)
2020-03-26 16:22:45 -   PerfAnal_NRes - Bypassing OpenStudio (and simulation) for zp model
2020-03-26 16:22:47 -   PerfAnal_NRes - Bypassing OpenStudio (and simulation) for zb model
2020-03-26 16:30:06 - Error:  Undefined data: numerator evaluating rule: Set ANNUAL_BASELINE Fan:FlowCap  (75:'HVACSecondary-Fan-General.rule' line 494)
2020-03-26 16:30:06 - Error:  Undefined data: numerator evaluating rule: Set ANNUAL_BASELINE Fan:FlowCap  (75:'HVACSecondary-Fan-General.rule' line 494)
2020-03-26 16:30:06 - Error:  Undefined data: numerator evaluating rule: Set ANNUAL_BASELINE Fan:FlowCap  (75:'HVACSecondary-Fan-General.rule' line 494)
2020-03-26 16:30:06 - Error:  Undefined data: numerator evaluating rule: Set ANNUAL_BASELINE Fan:FlowCap  (75:'HVACSecondary-Fan-General.rule' line 529)
2020-03-26 16:30:06 - Error:  Undefined data: numerator evaluating rule: Set ANNUAL_BASELINE Fan:FlowCap  (75:'HVACSecondary-Fan-General.rule' line 529)
2020-03-26 16:30:06 - Error:  Undefined data: numerator evaluating rule: Set ANNUAL_BASELINE Fan:FlowCap  (75:'HVACSecondary-Fan-General.rule' line 529)
2020-03-26 16:30:06 - Error:  Undefined data: numerator evaluating rule: Set ANNUAL_BASELINE Fan:FlowCap  (75:'HVACSecondary-Fan-General.rule' line 529)
2020-03-26 16:30:06 - Error:  Undefined data: numerator evaluating rule: Set ANNUAL_BASELINE Fan:FlowCap  (75:'HVACSecondary-Fan-General.rule' line 529)
2020-03-26 16:30:06 - Error:  Undefined data: numerator evaluating rule: Set ANNUAL_BASELINE Fan:FlowCap  (75:'HVACSecondary-Fan-General.rule' line 529)
2020-03-26 16:30:06 - Error:  Undefined data: numerator evaluating rule: Set ANNUAL_BASELINE Fan:FlowCap  (75:'HVACSecondary-Fan-General.rule' line 529)
2020-03-26 16:30:06 - Error:  Undefined data: numerator evaluating rule: Set ANNUAL_BASELINE Fan:FlowCap  (75:'HVACSecondary-Fan-General.rule' line 529)
2020-03-26 16:30:06 - Error:  Undefined data: numerator evaluating rule: Set ANNUAL_BASELINE Fan:FlowCap  (75:'HVACSecondary-Fan-General.rule' line 529)
2020-03-26 16:30:06 - Error:  Undefined data: numerator evaluating rule: Set ANNUAL_BASELINE Fan:FlowCap  (75:'HVACSecondary-Fan-General.rule' line 529)
2020-03-26 16:30:06 - Error:  Undefined data: numerator evaluating rule: Set ANNUAL_BASELINE Fan:FlowCap  (75:'HVACSecondary-Fan-General.rule' line 529)
2020-03-26 16:30:06 - Error:  Undefined data: numerator evaluating rule: Set ANNUAL_BASELINE Fan:FlowCap  (75:'HVACSecondary-Fan-General.rule' line 529)
2020-03-26 16:30:06 - Error:  Undefined data: numerator evaluating rule: Set ANNUAL_BASELINE Fan:FlowCap  (75:'HVACSecondary-Fan-General.rule' line 529)
2020-03-26 16:30:06 - Error:  Undefined data: numerator evaluating rule: Set ANNUAL_BASELINE Fan:FlowCap  (75:'HVACSecondary-Fan-General.rule' line 529)
2020-03-26 16:30:06 - Error:  Undefined data: numerator evaluating rule: Set ANNUAL_BASELINE Fan:FlowCap  (75:'HVACSecondary-Fan-General.rule' line 529)
2020-03-26 16:30:06 - Error:  Undefined data: numerator evaluating rule: Set ANNUAL_BASELINE Fan:FlowCap  (75:'HVACSecondary-Fan-General.rule' line 529)
2020-03-26 16:30:06 - Error:  Undefined data: numerator evaluating rule: Set ANNUAL_BASELINE Fan:FlowCap  (75:'HVACSecondary-Fan-General.rule' line 529)
2020-03-26 16:30:06 - Error:  Undefined data: numerator evaluating rule: Set ANNUAL_BASELINE Fan:FlowCap  (75:'HVACSecondary-Fan-General.rule' line 529)
2020-03-26 16:30:06 - Error:  Division by zero evaluating rule: Set ANNUAL_BASELINE ThrmlZn:PriAirCondgSysDsgnFlow  (76:'HVACSecondary-Fan-FanRatios.rule' line 67)
2020-03-26 16:30:06 - Error:  Division by zero evaluating rule: Set ANNUAL_BASELINE ThrmlZn:PriAirCondgSysDsgnFlow  (76:'HVACSecondary-Fan-FanRatios.rule' line 67)
2020-03-26 16:30:06 - Error:  Division by zero evaluating rule: Set ANNUAL_BASELINE ThrmlZn:PriAirCondgSysDsgnFlow  (76:'HVACSecondary-Fan-FanRatios.rule' line 67)
2020-03-26 16:30:06 - Error:  Division by zero evaluating rule: Set ANNUAL_BASELINE ThrmlZn:PriAirCondgSysDsgnFlow  (76:'HVACSecondary-Fan-FanRatios.rule' line 67)
2020-03-26 16:30:06 - Error:  Division by zero evaluating rule: Set ANNUAL_BASELINE ThrmlZn:PriAirCondgSysDsgnFlow  (76:'HVACSecondary-Fan-FanRatios.rule' line 67)
2020-03-26 16:30:06 - Error:  Division by zero evaluating rule: Set ANNUAL_BASELINE ThrmlZn:PriAirCondgSysDsgnFlow  (76:'HVACSecondary-Fan-FanRatios.rule' line 67)
2020-03-26 16:30:06 - Error:  Division by zero evaluating rule: Set ANNUAL_BASELINE ThrmlZn:PriAirCondgSysDsgnFlow  (76:'HVACSecondary-Fan-FanRatios.rule' line 67)
2020-03-26 16:30:06 - Error:  Division by zero evaluating rule: Set ANNUAL_BASELINE ThrmlZn:PriAirCondgSysDsgnFlow  (76:'HVACSecondary-Fan-FanRatios.rule' line 67)
2020-03-26 16:30:06 - Error:  Division by zero evaluating rule: Set ANNUAL_BASELINE ThrmlZn:PriAirCondgSysDsgnFlow  (76:'HVACSecondary-Fan-FanRatios.rule' line 67)
2020-03-26 16:30:06 - Error:  Division by zero evaluating rule: Set ANNUAL_BASELINE ThrmlZn:PriAirCondgSysDsgnFlow  (76:'HVACSecondary-Fan-FanRatios.rule' line 67)
2020-03-26 16:30:06 - Error:  Division by zero evaluating rule: Set ANNUAL_BASELINE ThrmlZn:PriAirCondgSysDsgnFlow  (76:'HVACSecondary-Fan-FanRatios.rule' line 67)
2020-03-26 16:30:06 - Error:  Division by zero evaluating rule: Set ANNUAL_BASELINE ThrmlZn:PriAirCondgSysDsgnFlow  (76:'HVACSecondary-Fan-FanRatios.rule' line 67)
2020-03-26 16:30:06 - Error:  Division by zero evaluating rule: Set ANNUAL_BASELINE ThrmlZn:VentSysDsgnFlow  (76:'HVACSecondary-Fan-FanRatios.rule' line 111)
2020-03-26 16:30:06 - Error:  Division by zero evaluating rule: Set ANNUAL_BASELINE ThrmlZn:VentSysDsgnFlow  (76:'HVACSecondary-Fan-FanRatios.rule' line 111)
2020-03-26 16:30:06 - Error:  Division by zero evaluating rule: Set ANNUAL_BASELINE ThrmlZn:VentSysDsgnFlow  (76:'HVACSecondary-Fan-FanRatios.rule' line 111)
2020-03-26 16:30:06 - Error:  Division by zero evaluating rule: Set ANNUAL_BASELINE ThrmlZn:VentSysDsgnFlow  (76:'HVACSecondary-Fan-FanRatios.rule' line 111)
2020-03-26 16:30:06 - Error:  Division by zero evaluating rule: Set ANNUAL_BASELINE ThrmlZn:VentSysDsgnFlow  (76:'HVACSecondary-Fan-FanRatios.rule' line 111)
2020-03-26 16:30:06 - Error:  Division by zero evaluating rule: Set ANNUAL_BASELINE ThrmlZn:VentSysDsgnFlow  (76:'HVACSecondary-Fan-FanRatios.rule' line 111)
2020-03-26 16:30:06 - Error:  Division by zero evaluating rule: Set ANNUAL_BASELINE ThrmlZn:VentSysDsgnFlow  (76:'HVACSecondary-Fan-FanRatios.rule' line 111)
2020-03-26 16:30:06 - Error:  Division by zero evaluating rule: Set ANNUAL_BASELINE ThrmlZn:VentSysDsgnFlow  (76:'HVACSecondary-Fan-FanRatios.rule' line 111)
2020-03-26 16:30:06 - Error:  Division by zero evaluating rule: Set ANNUAL_BASELINE ThrmlZn:VentSysDsgnFlow  (76:'HVACSecondary-Fan-FanRatios.rule' line 111)
2020-03-26 16:30:06 - Error:  Division by zero evaluating rule: Set ANNUAL_BASELINE ThrmlZn:VentSysDsgnFlow  (76:'HVACSecondary-Fan-FanRatios.rule' line 111)
2020-03-26 16:30:06 - Error:  Division by zero evaluating rule: Set ANNUAL_BASELINE ThrmlZn:VentSysDsgnFlow  (76:'HVACSecondary-Fan-FanRatios.rule' line 111)
2020-03-26 16:30:06 - Error:  Division by zero evaluating rule: Set ANNUAL_BASELINE ThrmlZn:VentSysDsgnFlow  (76:'HVACSecondary-Fan-FanRatios.rule' line 111)
2020-03-26 16:30:07 -   PerfAnal_NRes - Bypassing OpenStudio (and simulation) for ab model
2020-03-26 16:30:07 -   PerfAnal_NRes - Completed analysis steps thru #7
2020-03-26 16:30:07 - Analysis incomplete  Processing time:  Overall 7:26 / SDD2IDF x2 avg 0:08 / SizSim x0 0:00 / AnnSim x2 avg 3:25 / ReportGen x0 0:00 / Other 0:18
2020-03-26 16:30:07 -       ResultsSummary population:  bAbort = (false) / RuleProcAbort = (false) / iRetVal = 0 / pszResultsSummary = (empty) / iResultsSummaryLen = 3200
2020-03-26 16:30:07 -       ResultsSummary components1:  2020-03-26 16:30:07 / instance / High-Rise Mixed-Use (10-story) / CTZ12S22A / Title24ProposedOnly / 7:26 /  / 
2020-03-26 16:30:07 -       ResultsSummary components2:  CBECC-Com 2022.0.1 RV (1113) / BEMCmpMgr 2022.0.1 RV (6107) / CA 2022 Nonresidential, Vers. 1.0 Alpha /  /  / - / C:\Users\agoyal\Documents\CBECC-Com 2022 Data\EPW\ / C:\Users\agoyal\Documents\GitHub\T24-2022-CASE-Modeling\framework\analysis\hpte\runs\hr-winoC1\cz12\
2020-03-26 16:30:07 -       ResultsSummary:  2020-03-26 16:30:07,"instance","High-Rise Mixed-Use (10-story)","CTZ12S22A","Pol  0% RetAdd NoLeak",125400,150480,"Title24ProposedOnly",7:26,,,"--","--","Successful (200 warnings)",7.00597,94002.5,67846.6,159.932,4485.51,1088.9,52204,219794,231906,0,181711,6890.07,0,0,640301,5209.91,0,0,0,0,8628.57,0,13838.5,754.553,0,0,0,14593,0,0,0,0,0,0,0,0,0,0,0,0,0,11.1243,30.0977,16.026,0.0736622,1.00836,16.8074,11.0736,86.211,54.2973,0,42.5376,1.52498,0,0,184.571,155.446,29.1253,0,0,,0,22.25,"Thermal Zone: F10 2-Bed NE",0,"--","--","",0,0,0,0,0,0,0,0,0,0,0,0,0,0,0,0,0,0,0,0,0,0,0,0,0,0,0,0,0,0,0,0,0,0,0,0,0,0,0,0,0,0,0,0,0,0,0,0,0,0,0,0,0,0,0,0,0,0,0,,,,,,,1.17352e-05,38.7529,11.7965,0.0610035,1.26861,0.124303,8.94977,60.953,40.0913,0,31.5421,0.786538,0,0,133.373,0,0,0,0,0,0,0,0,0,0,0,0,0,0,0,"CBECC-Com 2022.0.1 RV (1113)","BEMCmpMgr 2022.0.1 RV (6107)","CA 2022 Nonresidential, Vers. 1.0 Alpha","","","-","C:\Users\agoyal\Documents\CBECC-Com 2022 Data\EPW\","C:\Users\agoyal\Documents\GitHub\T24-2022-CASE-Modeling\framework\analysis\hpte\runs\hr-winoC1\cz12\",0.0013096,11.0904,10.3226,0.0162304,0.428995,0.178109,5.75534,27.8,35.8106,0,31.324,1.127,0,0,96.06,2.49808,0,0,0,0,4.13728,0,6.64,0.361798,0,0,0,7,0,0,0,0,0,0,0,0,0,0,0,0,0,0,0,0,0,0,0,0,0,0,0,0,0,0,0,0,3.86953,1.666,1.55066,0.00243813,0.0644437,6.43507,0.86457,14.4527,5.93987,0,4.70549,0.169298,0,0,25.2674,0,0,0,0,0,0,0,0,0,0,0,0,0,0,0,

2020-03-26 16:30:11 - -----------------------------------------------------------------------------
2020-03-26 16:30:11 - Opening Project 'cz12\instance.cibd22'...
2020-03-26 16:30:12 -    Model load successful into CBECC-Com 2022.0.1 RV (1113)
2020-03-26 16:30:12 - Performing Building Database check...
2020-03-26 16:30:12 - Building Database check completed, no problems found.
2020-03-26 16:30:15 - Project Saved
