---------------
Warning: Zone 'Zone1-zn': Unmet cooling loads during 4 hours of run.
---------------
Warning: Zone 'Zone2-zn': Unmet cooling loads during 17 hours of run.
---------------
Warning: Zone 'Zone3-zn': Unmet cooling loads during 39 hours of run.
---------------
Warning: 
  Zone 'FitnessCenter1-zn': Condensation occurred in 10 subhours of run.
    Total condensation heat = 0.132229 kBtu.
---------------
Warning: 
  Zone 'MechanicalRoom1-zn': Unmet heating loads during 2112 hours of run.
---------------
Warning: 
  Zone 'MechanicalRoom1-zn': Unmet cooling loads during 490 hours of run.
---------------
Warning: Zone 'Attic-atc': Condensation occurred in 31824 subhours of run.
    Total condensation heat = 5523.35 kBtu.
---------------
