2020-03-23 11:27:32 - -----------------------------------------------------------------------------
2020-03-23 11:27:32 - Opening Project 'cz15\instance.cibd22'...
2020-03-23 11:27:32 -    Model load successful into CBECC-Com 2022.0.1 RV (1113)
2020-03-23 11:27:32 - Performing Building Database check...
2020-03-23 11:27:32 - Building Database check completed, no problems found.
2020-03-23 11:27:35 -   PerfAnal_NRes - starting, w/ arguments:
2020-03-23 11:27:35 -        BEMBasePathFile    = (null)
2020-03-23 11:27:35 -        RulesetPathFile    = (null)
2020-03-23 11:27:35 -        SimWeatherPath     = C:\Users\mnakajima\Documents\CBECC-Com 2022 Data\EPW\
2020-03-23 11:27:35 -        CompMgrDLLPath     = (null)
2020-03-23 11:27:35 -        DHWWeatherPath     = (null)
2020-03-23 11:27:35 -        ProcessingPath     = C:\Users\mnakajima\Documents\GitHub\T24-2022-CASE-Modeling\framework\analysis\all-electric\runs\hr-VRF\cz15\instance - run\
2020-03-23 11:27:35 -        ModelPathFile      = C:\Users\mnakajima\Documents\GitHub\T24-2022-CASE-Modeling\framework\analysis\all-electric\runs\hr-VRF\cz15\instance.cibd22
2020-03-23 11:27:35 -        LogPathFile        = (null)
2020-03-23 11:27:35 -        UIVersionString    = CBECC-Com 2022.0.1 RV (1113)
2020-03-23 11:27:35 -        LoadModelFile      = false
2020-03-23 11:27:35 -        OptionsCSV         = AllowAnalysisAbort,0,StoreBEMDetails,1,AnalysisThruStep,8,ModelRpt_ALL,1,ExportHourlyResults_All,1,PromptUserUMLHWarning,1,PreAnalysisCheckPromptOption,3,CompReportWarningOption,5,
2020-03-23 11:27:35 -        ErrorMsg           = (assumed to be initialized)
2020-03-23 11:27:35 -        ErrorMsgLen        = 2056
2020-03-23 11:27:35 -        DisplayProgress    = true
2020-03-23 11:27:35 -        ResultsSummary     = (empty)
2020-03-23 11:27:35 -        ResultsSummaryLen  = 3200
2020-03-23 11:27:35 -        pProgCallbackFunc  = (null)
2020-03-23 11:27:35 - Performing Building Database check...
2020-03-23 11:27:35 - Building Database check completed, no problems found.
2020-03-23 11:27:35 - Warning:  The following developer options must be defaulted (not specified by the user) in order to perform a valid compliance analysis:
          Proj 'High-Rise Mixed-Use (10-story)' DefaultDayltgCtrls
          Proj 'High-Rise Mixed-Use (10-story)' AutoHardSize
          Proj 'High-Rise Mixed-Use (10-story)' AutoEffInput
2020-03-23 11:27:35 -    1 file hash check(s) failed on executable and/or analysis support files (analysis continuing w/ report signature disabled)
2020-03-23 11:27:37 -   PerfAnal_NRes - AnalysisThruStep being set to #7 due to Proj:AnalysisType = Title24ProposedOnly
2020-03-23 11:27:37 - Performing Building Database check...
2020-03-23 11:27:37 - Building Database check completed, no problems found.
2020-03-23 11:27:37 - Warning:  AirSystem 'Residential DOAS' has a DX cooling coil and the rated supply flow per ton of (net) cooling capacity is 209 cfm/ton. The acceptable range for successful simulation of DX cooling coils in EnergyPlus is normally ~300 to ~450 cfm/ton. If the compliance simulation fails, check flow/cooling capacity inputs for consistency with the design. If simulation still fails, contact the CBECC support team for assistance. evaluating rule: Set CHECKSIM AirSys:SupFlowPerTon  (110:'HVACSecondary-Summary.rule' line 785)
2020-03-23 11:27:37 - Warning:  The spaces assigned to thermal zone 'Thermal Zone: F1 Lounge' have cooling unmet load hour limits ranging from 150 to 8760. All spaces in the zone will be held to the minimum UMLH limit. evaluating rule: Set CHECKCODE ThrmlZn:ClgUMLHLimit  (60:'ThermalZone-General.rule' line 1738)
2020-03-23 11:27:37 - Warning:  The spaces assigned to thermal zone 'Thermal Zone: F1 Lounge' have heating unmet load hour limits ranging from 150 to 8760. All spaces in the zone will be held to the minimum UMLH limit. evaluating rule: Set CHECKCODE ThrmlZn:HtgUMLHLimit  (60:'ThermalZone-General.rule' line 1765)
2020-03-23 11:27:37 - Warning:  The net heating capacity for HeatPump coil 'Residential DOAS CoilHtg' differs from the system's net cooling capacity by more than 15%. evaluating rule: Set CHECKCODE CoilHtg:CapTotNetRtd  (83:'HVACSecondary-CoilHeating-Capacity.rule' line 701)
2020-03-23 11:27:37 - Warning:  The net heating capacity for HeatPump coil 'CoilHtg 2' differs from the system's net cooling capacity by more than 20%. evaluating rule: Set CHECKCODE CoilHtg:CapTotNetRtd  (83:'HVACSecondary-CoilHeating-Capacity.rule' line 765)
2020-03-23 11:27:37 - Warning:  The net heating capacity for HeatPump coil 'CoilHtg 3' differs from the system's net cooling capacity by more than 20%. evaluating rule: Set CHECKCODE CoilHtg:CapTotNetRtd  (83:'HVACSecondary-CoilHeating-Capacity.rule' line 765)
2020-03-23 11:27:37 - Warning:  The net heating capacity for HeatPump coil 'CoilHtg 6' differs from the system's net cooling capacity by more than 20%. evaluating rule: Set CHECKCODE CoilHtg:CapTotNetRtd  (83:'HVACSecondary-CoilHeating-Capacity.rule' line 765)
2020-03-23 11:27:37 - Warning:  The net heating capacity for HeatPump coil 'CoilHtg 8' differs from the system's net cooling capacity by more than 20%. evaluating rule: Set CHECKCODE CoilHtg:CapTotNetRtd  (83:'HVACSecondary-CoilHeating-Capacity.rule' line 765)
2020-03-23 11:27:37 - Warning:  The net heating capacity for HeatPump coil 'CoilHtg 11' differs from the system's net cooling capacity by more than 20%. evaluating rule: Set CHECKCODE CoilHtg:CapTotNetRtd  (83:'HVACSecondary-CoilHeating-Capacity.rule' line 765)
2020-03-23 11:27:37 - Warning:  The net heating capacity for HeatPump coil 'CoilHtg 12' differs from the system's net cooling capacity by more than 20%. evaluating rule: Set CHECKCODE CoilHtg:CapTotNetRtd  (83:'HVACSecondary-CoilHeating-Capacity.rule' line 765)
2020-03-23 11:27:37 - Warning:  The net heating capacity for HeatPump coil 'CoilHtg 15' differs from the system's net cooling capacity by more than 20%. evaluating rule: Set CHECKCODE CoilHtg:CapTotNetRtd  (83:'HVACSecondary-CoilHeating-Capacity.rule' line 765)
2020-03-23 11:27:37 - Warning:  The net heating capacity for HeatPump coil 'CoilHtg 17' differs from the system's net cooling capacity by more than 20%. evaluating rule: Set CHECKCODE CoilHtg:CapTotNetRtd  (83:'HVACSecondary-CoilHeating-Capacity.rule' line 765)
2020-03-23 11:27:37 - Warning:  The net heating capacity for HeatPump coil 'CoilHtg 19' differs from the system's net cooling capacity by more than 20%. evaluating rule: Set CHECKCODE CoilHtg:CapTotNetRtd  (83:'HVACSecondary-CoilHeating-Capacity.rule' line 765)
2020-03-23 11:27:37 - Warning:  The net heating capacity for HeatPump coil 'CoilHtg 21' differs from the system's net cooling capacity by more than 20%. evaluating rule: Set CHECKCODE CoilHtg:CapTotNetRtd  (83:'HVACSecondary-CoilHeating-Capacity.rule' line 765)
2020-03-23 11:27:37 - Warning:  The net heating capacity for HeatPump coil 'CoilHtg 20' differs from the system's net cooling capacity by more than 20%. evaluating rule: Set CHECKCODE CoilHtg:CapTotNetRtd  (83:'HVACSecondary-CoilHeating-Capacity.rule' line 765)
2020-03-23 11:27:37 - Warning:  The net heating capacity for HeatPump coil 'CoilHtg 22' differs from the system's net cooling capacity by more than 20%. evaluating rule: Set CHECKCODE CoilHtg:CapTotNetRtd  (83:'HVACSecondary-CoilHeating-Capacity.rule' line 765)
2020-03-23 11:27:39 -   PerfAnal_NRes - Bypassing OpenStudio (and simulation) for zp model
2020-03-23 11:27:40 -   PerfAnal_NRes - Bypassing OpenStudio (and simulation) for zb model
2020-03-23 12:05:19 - Error:  Undefined data: numerator evaluating rule: Set ANNUAL_BASELINE Fan:FlowCap  (75:'HVACSecondary-Fan-General.rule' line 494)
2020-03-23 12:05:19 - Error:  Undefined data: numerator evaluating rule: Set ANNUAL_BASELINE Fan:FlowCap  (75:'HVACSecondary-Fan-General.rule' line 494)
2020-03-23 12:05:19 - Error:  Undefined data: numerator evaluating rule: Set ANNUAL_BASELINE Fan:FlowCap  (75:'HVACSecondary-Fan-General.rule' line 494)
2020-03-23 12:05:19 - Error:  Undefined data: numerator evaluating rule: Set ANNUAL_BASELINE Fan:FlowCap  (75:'HVACSecondary-Fan-General.rule' line 529)
2020-03-23 12:05:19 - Error:  Undefined data: numerator evaluating rule: Set ANNUAL_BASELINE Fan:FlowCap  (75:'HVACSecondary-Fan-General.rule' line 529)
2020-03-23 12:05:19 - Error:  Undefined data: numerator evaluating rule: Set ANNUAL_BASELINE Fan:FlowCap  (75:'HVACSecondary-Fan-General.rule' line 529)
2020-03-23 12:05:19 - Error:  Undefined data: numerator evaluating rule: Set ANNUAL_BASELINE Fan:FlowCap  (75:'HVACSecondary-Fan-General.rule' line 529)
2020-03-23 12:05:19 - Error:  Undefined data: numerator evaluating rule: Set ANNUAL_BASELINE Fan:FlowCap  (75:'HVACSecondary-Fan-General.rule' line 529)
2020-03-23 12:05:19 - Error:  Undefined data: numerator evaluating rule: Set ANNUAL_BASELINE Fan:FlowCap  (75:'HVACSecondary-Fan-General.rule' line 529)
2020-03-23 12:05:19 - Error:  Undefined data: numerator evaluating rule: Set ANNUAL_BASELINE Fan:FlowCap  (75:'HVACSecondary-Fan-General.rule' line 529)
2020-03-23 12:05:19 - Error:  Undefined data: numerator evaluating rule: Set ANNUAL_BASELINE Fan:FlowCap  (75:'HVACSecondary-Fan-General.rule' line 529)
2020-03-23 12:05:19 - Error:  Undefined data: numerator evaluating rule: Set ANNUAL_BASELINE Fan:FlowCap  (75:'HVACSecondary-Fan-General.rule' line 529)
2020-03-23 12:05:19 - Error:  Undefined data: numerator evaluating rule: Set ANNUAL_BASELINE Fan:FlowCap  (75:'HVACSecondary-Fan-General.rule' line 529)
2020-03-23 12:05:19 - Error:  Undefined data: numerator evaluating rule: Set ANNUAL_BASELINE Fan:FlowCap  (75:'HVACSecondary-Fan-General.rule' line 529)
2020-03-23 12:05:19 - Error:  Undefined data: numerator evaluating rule: Set ANNUAL_BASELINE Fan:FlowCap  (75:'HVACSecondary-Fan-General.rule' line 529)
2020-03-23 12:05:19 - Error:  Undefined data: numerator evaluating rule: Set ANNUAL_BASELINE Fan:FlowCap  (75:'HVACSecondary-Fan-General.rule' line 529)
2020-03-23 12:05:19 - Error:  Undefined data: numerator evaluating rule: Set ANNUAL_BASELINE Fan:FlowCap  (75:'HVACSecondary-Fan-General.rule' line 529)
2020-03-23 12:05:19 - Error:  Undefined data: numerator evaluating rule: Set ANNUAL_BASELINE Fan:FlowCap  (75:'HVACSecondary-Fan-General.rule' line 529)
2020-03-23 12:05:19 - Error:  Undefined data: numerator evaluating rule: Set ANNUAL_BASELINE Fan:FlowCap  (75:'HVACSecondary-Fan-General.rule' line 529)
2020-03-23 12:05:19 - Error:  Undefined data: numerator evaluating rule: Set ANNUAL_BASELINE Fan:FlowCap  (75:'HVACSecondary-Fan-General.rule' line 529)
2020-03-23 12:05:19 - Error:  Undefined data: numerator evaluating rule: Set ANNUAL_BASELINE Fan:FlowCap  (75:'HVACSecondary-Fan-General.rule' line 529)
2020-03-23 12:05:19 - Error:  Division by zero evaluating rule: Set ANNUAL_BASELINE ThrmlZn:PriAirCondgSysDsgnFlow  (76:'HVACSecondary-Fan-FanRatios.rule' line 67)
2020-03-23 12:05:19 - Error:  Division by zero evaluating rule: Set ANNUAL_BASELINE ThrmlZn:PriAirCondgSysDsgnFlow  (76:'HVACSecondary-Fan-FanRatios.rule' line 67)
2020-03-23 12:05:19 - Error:  Division by zero evaluating rule: Set ANNUAL_BASELINE ThrmlZn:PriAirCondgSysDsgnFlow  (76:'HVACSecondary-Fan-FanRatios.rule' line 67)
2020-03-23 12:05:19 - Error:  Division by zero evaluating rule: Set ANNUAL_BASELINE ThrmlZn:PriAirCondgSysDsgnFlow  (76:'HVACSecondary-Fan-FanRatios.rule' line 67)
2020-03-23 12:05:19 - Error:  Division by zero evaluating rule: Set ANNUAL_BASELINE ThrmlZn:PriAirCondgSysDsgnFlow  (76:'HVACSecondary-Fan-FanRatios.rule' line 67)
2020-03-23 12:05:19 - Error:  Division by zero evaluating rule: Set ANNUAL_BASELINE ThrmlZn:PriAirCondgSysDsgnFlow  (76:'HVACSecondary-Fan-FanRatios.rule' line 67)
2020-03-23 12:05:19 - Error:  Division by zero evaluating rule: Set ANNUAL_BASELINE ThrmlZn:PriAirCondgSysDsgnFlow  (76:'HVACSecondary-Fan-FanRatios.rule' line 67)
2020-03-23 12:05:19 - Error:  Division by zero evaluating rule: Set ANNUAL_BASELINE ThrmlZn:PriAirCondgSysDsgnFlow  (76:'HVACSecondary-Fan-FanRatios.rule' line 67)
2020-03-23 12:05:19 - Error:  Division by zero evaluating rule: Set ANNUAL_BASELINE ThrmlZn:PriAirCondgSysDsgnFlow  (76:'HVACSecondary-Fan-FanRatios.rule' line 67)
2020-03-23 12:05:19 - Error:  Division by zero evaluating rule: Set ANNUAL_BASELINE ThrmlZn:PriAirCondgSysDsgnFlow  (76:'HVACSecondary-Fan-FanRatios.rule' line 67)
2020-03-23 12:05:19 - Error:  Division by zero evaluating rule: Set ANNUAL_BASELINE ThrmlZn:PriAirCondgSysDsgnFlow  (76:'HVACSecondary-Fan-FanRatios.rule' line 67)
2020-03-23 12:05:19 - Error:  Division by zero evaluating rule: Set ANNUAL_BASELINE ThrmlZn:PriAirCondgSysDsgnFlow  (76:'HVACSecondary-Fan-FanRatios.rule' line 67)
2020-03-23 12:05:19 - Error:  Division by zero evaluating rule: Set ANNUAL_BASELINE ThrmlZn:VentSysDsgnFlow  (76:'HVACSecondary-Fan-FanRatios.rule' line 111)
2020-03-23 12:05:19 - Error:  Division by zero evaluating rule: Set ANNUAL_BASELINE ThrmlZn:VentSysDsgnFlow  (76:'HVACSecondary-Fan-FanRatios.rule' line 111)
2020-03-23 12:05:19 - Error:  Division by zero evaluating rule: Set ANNUAL_BASELINE ThrmlZn:VentSysDsgnFlow  (76:'HVACSecondary-Fan-FanRatios.rule' line 111)
2020-03-23 12:05:19 - Error:  Division by zero evaluating rule: Set ANNUAL_BASELINE ThrmlZn:VentSysDsgnFlow  (76:'HVACSecondary-Fan-FanRatios.rule' line 111)
2020-03-23 12:05:19 - Error:  Division by zero evaluating rule: Set ANNUAL_BASELINE ThrmlZn:VentSysDsgnFlow  (76:'HVACSecondary-Fan-FanRatios.rule' line 111)
2020-03-23 12:05:19 - Error:  Division by zero evaluating rule: Set ANNUAL_BASELINE ThrmlZn:VentSysDsgnFlow  (76:'HVACSecondary-Fan-FanRatios.rule' line 111)
2020-03-23 12:05:19 - Error:  Division by zero evaluating rule: Set ANNUAL_BASELINE ThrmlZn:VentSysDsgnFlow  (76:'HVACSecondary-Fan-FanRatios.rule' line 111)
2020-03-23 12:05:19 - Error:  Division by zero evaluating rule: Set ANNUAL_BASELINE ThrmlZn:VentSysDsgnFlow  (76:'HVACSecondary-Fan-FanRatios.rule' line 111)
2020-03-23 12:05:19 - Error:  Division by zero evaluating rule: Set ANNUAL_BASELINE ThrmlZn:VentSysDsgnFlow  (76:'HVACSecondary-Fan-FanRatios.rule' line 111)
2020-03-23 12:05:19 - Error:  Division by zero evaluating rule: Set ANNUAL_BASELINE ThrmlZn:VentSysDsgnFlow  (76:'HVACSecondary-Fan-FanRatios.rule' line 111)
2020-03-23 12:05:19 - Error:  Division by zero evaluating rule: Set ANNUAL_BASELINE ThrmlZn:VentSysDsgnFlow  (76:'HVACSecondary-Fan-FanRatios.rule' line 111)
2020-03-23 12:05:19 - Error:  Division by zero evaluating rule: Set ANNUAL_BASELINE ThrmlZn:VentSysDsgnFlow  (76:'HVACSecondary-Fan-FanRatios.rule' line 111)
2020-03-23 12:05:20 -   PerfAnal_NRes - Bypassing OpenStudio (and simulation) for ab model
2020-03-23 12:05:20 -   PerfAnal_NRes - Completed analysis steps thru #7
2020-03-23 12:05:20 - Analysis incomplete  Processing time:  Overall 37:45 / SDD2IDF x2 avg 0:04 / SizSim x0 0:00 / AnnSim x2 avg 18:40 / ReportGen x0 0:00 / Other 0:15
2020-03-23 12:05:20 -       ResultsSummary population:  bAbort = (false) / RuleProcAbort = (false) / iRetVal = 0 / pszResultsSummary = (empty) / iResultsSummaryLen = 3200
2020-03-23 12:05:20 -       ResultsSummary components1:  2020-03-23 12:05:20 / instance / High-Rise Mixed-Use (10-story) / CTZ15S22A / Title24ProposedOnly / 37:45 /  / 
2020-03-23 12:05:20 -       ResultsSummary components2:  CBECC-Com 2022.0.1 RV (1113) / BEMCmpMgr 2022.0.1 RV (6107) / CA 2022 Nonresidential, Vers. 1.0 Alpha /  /  / - / C:\Users\mnakajima\Documents\CBECC-Com 2022 Data\EPW\ / C:\Users\mnakajima\Documents\GitHub\T24-2022-CASE-Modeling\framework\analysis\all-electric\runs\hr-VRF\cz15\
2020-03-23 12:05:20 -       ResultsSummary:  2020-03-23 12:05:20,"instance","High-Rise Mixed-Use (10-story)","CTZ15S22A","Pol  0% RetAdd NoLeak",125400,150480,"Title24ProposedOnly",37:45,,,"--","--","Successful (318 warnings)",3016.77,299165,73738.9,422.956,6185.25,1088.9,52106.3,435724,231906,0,181711,6890.07,0,0,856231,288.364,0,0,0,0,5722.42,0,6010.79,754.553,0,0,0,6765.34,0,0,0,0,0,0,0,0,0,0,0,0,0,1.37922,74.5929,16.5349,0.12576,1.3452,11.3935,11.1805,116.552,53.8834,0,41.9176,1.52542,0,0,213.878,200.656,13.2226,0,0,,0,0.25,"Thermal Zone: F10 2-Bed NE",0,"--","--","",0,0,0,0,0,0,0,0,0,0,0,0,0,0,0,0,0,0,0,0,0,0,0,0,0,0,0,0,0,0,0,0,0,0,0,0,0,0,0,0,0,0,0,0,0,0,0,0,0,0,0,0,0,0,0,0,0,0,0,,,,,,,2.74703e-07,75.568,10.9285,0.179373,1.28796,0.124303,9.03524,97.1233,40.0913,0,31.5421,0.786538,0,0,169.543,0,0,0,0,0,0,0,0,0,0,0,0,0,0,0,"CBECC-Com 2022.0.1 RV (1113)","BEMCmpMgr 2022.0.1 RV (6107)","CA 2022 Nonresidential, Vers. 1.0 Alpha","","","-","C:\Users\mnakajima\Documents\CBECC-Com 2022 Data\EPW\","C:\Users\mnakajima\Documents\GitHub\T24-2022-CASE-Modeling\framework\analysis\all-electric\runs\hr-VRF\cz15\",0.783846,36.0184,10.7582,0.0452862,0.678347,0.179198,5.73013,54.2,35.9296,0,31.4601,1.13389,0,0,122.72,0.138267,0,0,0,0,2.74382,0,2.88,0.361798,0,0,0,3.24,0,0,0,0,0,0,0,0,0,0,0,0,0,0,0,0,0,0,0,0,0,0,0,0,0,0,0,0,0.328902,5.41069,1.61611,0.00680296,0.101901,4.21712,0.860783,12.5423,5.94987,0,4.72593,0.170333,0,0,23.3884,0,0,0,0,0,0,0,0,0,0,0,0,0,0,0,

2020-03-23 12:05:23 - -----------------------------------------------------------------------------
2020-03-23 12:05:23 - Opening Project 'cz15\instance.cibd22'...
2020-03-23 12:05:24 -    Model load successful into CBECC-Com 2022.0.1 RV (1113)
2020-03-23 12:05:24 - Performing Building Database check...
2020-03-23 12:05:24 - Building Database check completed, no problems found.
2020-03-23 12:05:26 - Project Saved
2020-03-25 23:25:05 - -----------------------------------------------------------------------------
2020-03-25 23:25:05 - Opening Project 'cz15\instance.cibd22'...
2020-03-25 23:25:06 -    Model load successful into CBECC-Com 2022.0.1 RV (1113)
2020-03-25 23:25:06 - Performing Building Database check...
2020-03-25 23:25:06 - Building Database check completed, no problems found.
2020-03-25 23:25:09 -   PerfAnal_NRes - starting, w/ arguments:
2020-03-25 23:25:09 -        BEMBasePathFile    = (null)
2020-03-25 23:25:09 -        RulesetPathFile    = (null)
2020-03-25 23:25:09 -        SimWeatherPath     = C:\Users\mnakajima\Documents\CBECC-Com 2022 Data\EPW\
2020-03-25 23:25:09 -        CompMgrDLLPath     = (null)
2020-03-25 23:25:09 -        DHWWeatherPath     = (null)
2020-03-25 23:25:09 -        ProcessingPath     = C:\Users\mnakajima\Documents\GitHub\T24-2022-CASE-Modeling\framework\analysis\all-electric\runs\hr-vrf\cz15\instance - run\
2020-03-25 23:25:09 -        ModelPathFile      = C:\Users\mnakajima\Documents\GitHub\T24-2022-CASE-Modeling\framework\analysis\all-electric\runs\hr-vrf\cz15\instance.cibd22
2020-03-25 23:25:09 -        LogPathFile        = (null)
2020-03-25 23:25:09 -        UIVersionString    = CBECC-Com 2022.0.1 RV (1113)
2020-03-25 23:25:09 -        LoadModelFile      = false
2020-03-25 23:25:09 -        OptionsCSV         = AllowAnalysisAbort,0,StoreBEMDetails,1,AnalysisThruStep,8,ModelRpt_ALL,1,ExportHourlyResults_All,1,PromptUserUMLHWarning,1,PreAnalysisCheckPromptOption,3,CompReportWarningOption,5,
2020-03-25 23:25:09 -        ErrorMsg           = (assumed to be initialized)
2020-03-25 23:25:09 -        ErrorMsgLen        = 2056
2020-03-25 23:25:09 -        DisplayProgress    = true
2020-03-25 23:25:09 -        ResultsSummary     = (empty)
2020-03-25 23:25:09 -        ResultsSummaryLen  = 3200
2020-03-25 23:25:09 -        pProgCallbackFunc  = (null)
2020-03-25 23:25:09 - Performing Building Database check...
2020-03-25 23:25:09 - Building Database check completed, no problems found.
2020-03-25 23:25:09 - Warning:  The following developer options must be defaulted (not specified by the user) in order to perform a valid compliance analysis:
          Proj 'High-Rise Mixed-Use (10-story)' DefaultDayltgCtrls
          Proj 'High-Rise Mixed-Use (10-story)' AutoHardSize
          Proj 'High-Rise Mixed-Use (10-story)' AutoEffInput
2020-03-25 23:25:10 -    1 file hash check(s) failed on executable and/or analysis support files (analysis continuing w/ report signature disabled)
2020-03-25 23:25:11 -   PerfAnal_NRes - AnalysisThruStep being set to #7 due to Proj:AnalysisType = Title24ProposedOnly
2020-03-25 23:25:11 - Performing Building Database check...
2020-03-25 23:25:11 - Building Database check completed, no problems found.
2020-03-25 23:25:11 - Warning:  AirSystem 'Residential DOAS' has a DX cooling coil and the rated supply flow per ton of (net) cooling capacity is 209 cfm/ton. The acceptable range for successful simulation of DX cooling coils in EnergyPlus is normally ~300 to ~450 cfm/ton. If the compliance simulation fails, check flow/cooling capacity inputs for consistency with the design. If simulation still fails, contact the CBECC support team for assistance. evaluating rule: Set CHECKSIM AirSys:SupFlowPerTon  (110:'HVACSecondary-Summary.rule' line 785)
2020-03-25 23:25:11 - Warning:  The spaces assigned to thermal zone 'Thermal Zone: F1 Lounge' have cooling unmet load hour limits ranging from 150 to 8760. All spaces in the zone will be held to the minimum UMLH limit. evaluating rule: Set CHECKCODE ThrmlZn:ClgUMLHLimit  (60:'ThermalZone-General.rule' line 1738)
2020-03-25 23:25:11 - Warning:  The spaces assigned to thermal zone 'Thermal Zone: F1 Lounge' have heating unmet load hour limits ranging from 150 to 8760. All spaces in the zone will be held to the minimum UMLH limit. evaluating rule: Set CHECKCODE ThrmlZn:HtgUMLHLimit  (60:'ThermalZone-General.rule' line 1765)
2020-03-25 23:25:11 - Warning:  The net heating capacity for HeatPump coil 'Residential DOAS CoilHtg' differs from the system's net cooling capacity by more than 15%. evaluating rule: Set CHECKCODE CoilHtg:CapTotNetRtd  (83:'HVACSecondary-CoilHeating-Capacity.rule' line 701)
2020-03-25 23:25:11 - Warning:  The net heating capacity for HeatPump coil 'CoilHtg 2' differs from the system's net cooling capacity by more than 20%. evaluating rule: Set CHECKCODE CoilHtg:CapTotNetRtd  (83:'HVACSecondary-CoilHeating-Capacity.rule' line 765)
2020-03-25 23:25:11 - Warning:  The net heating capacity for HeatPump coil 'CoilHtg 3' differs from the system's net cooling capacity by more than 20%. evaluating rule: Set CHECKCODE CoilHtg:CapTotNetRtd  (83:'HVACSecondary-CoilHeating-Capacity.rule' line 765)
2020-03-25 23:25:11 - Warning:  The net heating capacity for HeatPump coil 'CoilHtg 6' differs from the system's net cooling capacity by more than 20%. evaluating rule: Set CHECKCODE CoilHtg:CapTotNetRtd  (83:'HVACSecondary-CoilHeating-Capacity.rule' line 765)
2020-03-25 23:25:11 - Warning:  The net heating capacity for HeatPump coil 'CoilHtg 8' differs from the system's net cooling capacity by more than 20%. evaluating rule: Set CHECKCODE CoilHtg:CapTotNetRtd  (83:'HVACSecondary-CoilHeating-Capacity.rule' line 765)
2020-03-25 23:25:11 - Warning:  The net heating capacity for HeatPump coil 'CoilHtg 11' differs from the system's net cooling capacity by more than 20%. evaluating rule: Set CHECKCODE CoilHtg:CapTotNetRtd  (83:'HVACSecondary-CoilHeating-Capacity.rule' line 765)
2020-03-25 23:25:11 - Warning:  The net heating capacity for HeatPump coil 'CoilHtg 12' differs from the system's net cooling capacity by more than 20%. evaluating rule: Set CHECKCODE CoilHtg:CapTotNetRtd  (83:'HVACSecondary-CoilHeating-Capacity.rule' line 765)
2020-03-25 23:25:11 - Warning:  The net heating capacity for HeatPump coil 'CoilHtg 15' differs from the system's net cooling capacity by more than 20%. evaluating rule: Set CHECKCODE CoilHtg:CapTotNetRtd  (83:'HVACSecondary-CoilHeating-Capacity.rule' line 765)
2020-03-25 23:25:11 - Warning:  The net heating capacity for HeatPump coil 'CoilHtg 17' differs from the system's net cooling capacity by more than 20%. evaluating rule: Set CHECKCODE CoilHtg:CapTotNetRtd  (83:'HVACSecondary-CoilHeating-Capacity.rule' line 765)
2020-03-25 23:25:11 - Warning:  The net heating capacity for HeatPump coil 'CoilHtg 19' differs from the system's net cooling capacity by more than 20%. evaluating rule: Set CHECKCODE CoilHtg:CapTotNetRtd  (83:'HVACSecondary-CoilHeating-Capacity.rule' line 765)
2020-03-25 23:25:11 - Warning:  The net heating capacity for HeatPump coil 'CoilHtg 21' differs from the system's net cooling capacity by more than 20%. evaluating rule: Set CHECKCODE CoilHtg:CapTotNetRtd  (83:'HVACSecondary-CoilHeating-Capacity.rule' line 765)
2020-03-25 23:25:11 - Warning:  The net heating capacity for HeatPump coil 'CoilHtg 20' differs from the system's net cooling capacity by more than 20%. evaluating rule: Set CHECKCODE CoilHtg:CapTotNetRtd  (83:'HVACSecondary-CoilHeating-Capacity.rule' line 765)
2020-03-25 23:25:11 - Warning:  The net heating capacity for HeatPump coil 'CoilHtg 22' differs from the system's net cooling capacity by more than 20%. evaluating rule: Set CHECKCODE CoilHtg:CapTotNetRtd  (83:'HVACSecondary-CoilHeating-Capacity.rule' line 765)
2020-03-25 23:25:14 -   PerfAnal_NRes - Bypassing OpenStudio (and simulation) for zp model
2020-03-25 23:25:15 -   PerfAnal_NRes - Bypassing OpenStudio (and simulation) for zb model
2020-03-25 23:58:15 - Error:  Undefined data: numerator evaluating rule: Set ANNUAL_BASELINE Fan:FlowCap  (75:'HVACSecondary-Fan-General.rule' line 494)
2020-03-25 23:58:15 - Error:  Undefined data: numerator evaluating rule: Set ANNUAL_BASELINE Fan:FlowCap  (75:'HVACSecondary-Fan-General.rule' line 494)
2020-03-25 23:58:15 - Error:  Undefined data: numerator evaluating rule: Set ANNUAL_BASELINE Fan:FlowCap  (75:'HVACSecondary-Fan-General.rule' line 494)
2020-03-25 23:58:15 - Error:  Undefined data: numerator evaluating rule: Set ANNUAL_BASELINE Fan:FlowCap  (75:'HVACSecondary-Fan-General.rule' line 529)
2020-03-25 23:58:15 - Error:  Undefined data: numerator evaluating rule: Set ANNUAL_BASELINE Fan:FlowCap  (75:'HVACSecondary-Fan-General.rule' line 529)
2020-03-25 23:58:15 - Error:  Undefined data: numerator evaluating rule: Set ANNUAL_BASELINE Fan:FlowCap  (75:'HVACSecondary-Fan-General.rule' line 529)
2020-03-25 23:58:15 - Error:  Undefined data: numerator evaluating rule: Set ANNUAL_BASELINE Fan:FlowCap  (75:'HVACSecondary-Fan-General.rule' line 529)
2020-03-25 23:58:15 - Error:  Undefined data: numerator evaluating rule: Set ANNUAL_BASELINE Fan:FlowCap  (75:'HVACSecondary-Fan-General.rule' line 529)
2020-03-25 23:58:15 - Error:  Undefined data: numerator evaluating rule: Set ANNUAL_BASELINE Fan:FlowCap  (75:'HVACSecondary-Fan-General.rule' line 529)
2020-03-25 23:58:15 - Error:  Undefined data: numerator evaluating rule: Set ANNUAL_BASELINE Fan:FlowCap  (75:'HVACSecondary-Fan-General.rule' line 529)
2020-03-25 23:58:15 - Error:  Undefined data: numerator evaluating rule: Set ANNUAL_BASELINE Fan:FlowCap  (75:'HVACSecondary-Fan-General.rule' line 529)
2020-03-25 23:58:15 - Error:  Undefined data: numerator evaluating rule: Set ANNUAL_BASELINE Fan:FlowCap  (75:'HVACSecondary-Fan-General.rule' line 529)
2020-03-25 23:58:15 - Error:  Undefined data: numerator evaluating rule: Set ANNUAL_BASELINE Fan:FlowCap  (75:'HVACSecondary-Fan-General.rule' line 529)
2020-03-25 23:58:15 - Error:  Undefined data: numerator evaluating rule: Set ANNUAL_BASELINE Fan:FlowCap  (75:'HVACSecondary-Fan-General.rule' line 529)
2020-03-25 23:58:15 - Error:  Undefined data: numerator evaluating rule: Set ANNUAL_BASELINE Fan:FlowCap  (75:'HVACSecondary-Fan-General.rule' line 529)
2020-03-25 23:58:15 - Error:  Undefined data: numerator evaluating rule: Set ANNUAL_BASELINE Fan:FlowCap  (75:'HVACSecondary-Fan-General.rule' line 529)
2020-03-25 23:58:15 - Error:  Undefined data: numerator evaluating rule: Set ANNUAL_BASELINE Fan:FlowCap  (75:'HVACSecondary-Fan-General.rule' line 529)
2020-03-25 23:58:15 - Error:  Undefined data: numerator evaluating rule: Set ANNUAL_BASELINE Fan:FlowCap  (75:'HVACSecondary-Fan-General.rule' line 529)
2020-03-25 23:58:15 - Error:  Undefined data: numerator evaluating rule: Set ANNUAL_BASELINE Fan:FlowCap  (75:'HVACSecondary-Fan-General.rule' line 529)
2020-03-25 23:58:15 - Error:  Undefined data: numerator evaluating rule: Set ANNUAL_BASELINE Fan:FlowCap  (75:'HVACSecondary-Fan-General.rule' line 529)
2020-03-25 23:58:15 - Error:  Undefined data: numerator evaluating rule: Set ANNUAL_BASELINE Fan:FlowCap  (75:'HVACSecondary-Fan-General.rule' line 529)
2020-03-25 23:58:15 - Error:  Division by zero evaluating rule: Set ANNUAL_BASELINE ThrmlZn:PriAirCondgSysDsgnFlow  (76:'HVACSecondary-Fan-FanRatios.rule' line 67)
2020-03-25 23:58:15 - Error:  Division by zero evaluating rule: Set ANNUAL_BASELINE ThrmlZn:PriAirCondgSysDsgnFlow  (76:'HVACSecondary-Fan-FanRatios.rule' line 67)
2020-03-25 23:58:15 - Error:  Division by zero evaluating rule: Set ANNUAL_BASELINE ThrmlZn:PriAirCondgSysDsgnFlow  (76:'HVACSecondary-Fan-FanRatios.rule' line 67)
2020-03-25 23:58:15 - Error:  Division by zero evaluating rule: Set ANNUAL_BASELINE ThrmlZn:PriAirCondgSysDsgnFlow  (76:'HVACSecondary-Fan-FanRatios.rule' line 67)
2020-03-25 23:58:15 - Error:  Division by zero evaluating rule: Set ANNUAL_BASELINE ThrmlZn:PriAirCondgSysDsgnFlow  (76:'HVACSecondary-Fan-FanRatios.rule' line 67)
2020-03-25 23:58:15 - Error:  Division by zero evaluating rule: Set ANNUAL_BASELINE ThrmlZn:PriAirCondgSysDsgnFlow  (76:'HVACSecondary-Fan-FanRatios.rule' line 67)
2020-03-25 23:58:15 - Error:  Division by zero evaluating rule: Set ANNUAL_BASELINE ThrmlZn:PriAirCondgSysDsgnFlow  (76:'HVACSecondary-Fan-FanRatios.rule' line 67)
2020-03-25 23:58:15 - Error:  Division by zero evaluating rule: Set ANNUAL_BASELINE ThrmlZn:PriAirCondgSysDsgnFlow  (76:'HVACSecondary-Fan-FanRatios.rule' line 67)
2020-03-25 23:58:15 - Error:  Division by zero evaluating rule: Set ANNUAL_BASELINE ThrmlZn:PriAirCondgSysDsgnFlow  (76:'HVACSecondary-Fan-FanRatios.rule' line 67)
2020-03-25 23:58:15 - Error:  Division by zero evaluating rule: Set ANNUAL_BASELINE ThrmlZn:PriAirCondgSysDsgnFlow  (76:'HVACSecondary-Fan-FanRatios.rule' line 67)
2020-03-25 23:58:15 - Error:  Division by zero evaluating rule: Set ANNUAL_BASELINE ThrmlZn:PriAirCondgSysDsgnFlow  (76:'HVACSecondary-Fan-FanRatios.rule' line 67)
2020-03-25 23:58:15 - Error:  Division by zero evaluating rule: Set ANNUAL_BASELINE ThrmlZn:PriAirCondgSysDsgnFlow  (76:'HVACSecondary-Fan-FanRatios.rule' line 67)
2020-03-25 23:58:15 - Error:  Division by zero evaluating rule: Set ANNUAL_BASELINE ThrmlZn:VentSysDsgnFlow  (76:'HVACSecondary-Fan-FanRatios.rule' line 111)
2020-03-25 23:58:15 - Error:  Division by zero evaluating rule: Set ANNUAL_BASELINE ThrmlZn:VentSysDsgnFlow  (76:'HVACSecondary-Fan-FanRatios.rule' line 111)
2020-03-25 23:58:15 - Error:  Division by zero evaluating rule: Set ANNUAL_BASELINE ThrmlZn:VentSysDsgnFlow  (76:'HVACSecondary-Fan-FanRatios.rule' line 111)
2020-03-25 23:58:15 - Error:  Division by zero evaluating rule: Set ANNUAL_BASELINE ThrmlZn:VentSysDsgnFlow  (76:'HVACSecondary-Fan-FanRatios.rule' line 111)
2020-03-25 23:58:15 - Error:  Division by zero evaluating rule: Set ANNUAL_BASELINE ThrmlZn:VentSysDsgnFlow  (76:'HVACSecondary-Fan-FanRatios.rule' line 111)
2020-03-25 23:58:15 - Error:  Division by zero evaluating rule: Set ANNUAL_BASELINE ThrmlZn:VentSysDsgnFlow  (76:'HVACSecondary-Fan-FanRatios.rule' line 111)
2020-03-25 23:58:15 - Error:  Division by zero evaluating rule: Set ANNUAL_BASELINE ThrmlZn:VentSysDsgnFlow  (76:'HVACSecondary-Fan-FanRatios.rule' line 111)
2020-03-25 23:58:15 - Error:  Division by zero evaluating rule: Set ANNUAL_BASELINE ThrmlZn:VentSysDsgnFlow  (76:'HVACSecondary-Fan-FanRatios.rule' line 111)
2020-03-25 23:58:15 - Error:  Division by zero evaluating rule: Set ANNUAL_BASELINE ThrmlZn:VentSysDsgnFlow  (76:'HVACSecondary-Fan-FanRatios.rule' line 111)
2020-03-25 23:58:15 - Error:  Division by zero evaluating rule: Set ANNUAL_BASELINE ThrmlZn:VentSysDsgnFlow  (76:'HVACSecondary-Fan-FanRatios.rule' line 111)
2020-03-25 23:58:15 - Error:  Division by zero evaluating rule: Set ANNUAL_BASELINE ThrmlZn:VentSysDsgnFlow  (76:'HVACSecondary-Fan-FanRatios.rule' line 111)
2020-03-25 23:58:15 - Error:  Division by zero evaluating rule: Set ANNUAL_BASELINE ThrmlZn:VentSysDsgnFlow  (76:'HVACSecondary-Fan-FanRatios.rule' line 111)
2020-03-25 23:58:16 -   PerfAnal_NRes - Bypassing OpenStudio (and simulation) for ab model
2020-03-25 23:58:16 -   PerfAnal_NRes - Completed analysis steps thru #7
2020-03-25 23:58:16 - Analysis incomplete  Processing time:  Overall 33:06 / SDD2IDF x2 avg 0:04 / SizSim x0 0:00 / AnnSim x2 avg 16:21 / ReportGen x0 0:00 / Other 0:15
2020-03-25 23:58:16 -       ResultsSummary population:  bAbort = (false) / RuleProcAbort = (false) / iRetVal = 0 / pszResultsSummary = (empty) / iResultsSummaryLen = 3200
2020-03-25 23:58:16 -       ResultsSummary components1:  2020-03-25 23:58:16 / instance / High-Rise Mixed-Use (10-story) / CTZ15S22A / Title24ProposedOnly / 33:06 /  / 
2020-03-25 23:58:16 -       ResultsSummary components2:  CBECC-Com 2022.0.1 RV (1113) / BEMCmpMgr 2022.0.1 RV (6107) / CA 2022 Nonresidential, Vers. 1.0 Alpha /  /  / - / C:\Users\mnakajima\Documents\CBECC-Com 2022 Data\EPW\ / C:\Users\mnakajima\Documents\GitHub\T24-2022-CASE-Modeling\framework\analysis\all-electric\runs\hr-vrf\cz15\
2020-03-25 23:58:16 -       ResultsSummary:  2020-03-25 23:58:16,"instance","High-Rise Mixed-Use (10-story)","CTZ15S22A","Pol  0% RetAdd NoLeak",125400,150480,"Title24ProposedOnly",33:06,,,"--","--","Successful (320 warnings)",2690.12,300454,73866.9,422.94,6185.72,1088.9,52106.3,436815,231906,0,181711,6890.07,0,0,857322,288.591,0,0,0,0,5722.42,0,6011.01,754.553,0,0,0,6765.57,0,0,0,0,0,0,0,0,0,0,0,0,0,1.29175,74.8847,16.5687,0.125769,1.34533,11.3935,11.1805,116.79,53.8834,0,41.9176,1.52542,0,0,214.117,200.894,13.2231,0,0,,0,0.25,"Thermal Zone: F10 2-Bed NE",0,"--","--","",0,0,0,0,0,0,0,0,0,0,0,0,0,0,0,0,0,0,0,0,0,0,0,0,0,0,0,0,0,0,0,0,0,0,0,0,0,0,0,0,0,0,0,0,0,0,0,0,0,0,0,0,0,0,0,0,0,0,0,,,,,,,2.59341e-07,75.5961,10.9319,0.179371,1.28795,0.124303,9.03524,97.1549,40.0913,0,31.5421,0.786538,0,0,169.575,0,0,0,0,0,0,0,0,0,0,0,0,0,0,0,"CBECC-Com 2022.0.1 RV (1113)","BEMCmpMgr 2022.0.1 RV (6107)","CA 2022 Nonresidential, Vers. 1.0 Alpha","","","-","C:\Users\mnakajima\Documents\CBECC-Com 2022 Data\EPW\","C:\Users\mnakajima\Documents\GitHub\T24-2022-CASE-Modeling\framework\analysis\all-electric\runs\hr-vrf\cz15\",0.699157,36.798,10.8167,0.0452831,0.678475,0.179198,5.73013,54.96,35.9296,0,31.4601,1.13389,0,0,123.48,0.138375,0,0,0,0,2.74382,0,2.88,0.361798,0,0,0,3.24,0,0,0,0,0,0,0,0,0,0,0,0,0,0,0,0,0,0,0,0,0,0,0,0,0,0,0,0,0.316346,5.52781,1.62488,0.0068025,0.101921,4.21712,0.860783,12.6557,5.94987,0,4.72593,0.170333,0,0,23.5018,0,0,0,0,0,0,0,0,0,0,0,0,0,0,0,

2020-03-25 23:58:18 - -----------------------------------------------------------------------------
2020-03-25 23:58:18 - Opening Project 'cz15\instance.cibd22'...
2020-03-25 23:58:18 -    Model load successful into CBECC-Com 2022.0.1 RV (1113)
2020-03-25 23:58:18 - Performing Building Database check...
2020-03-25 23:58:18 - Building Database check completed, no problems found.
2020-03-25 23:58:21 - Project Saved
