---------------
E(795): Info: C:\USERS\MNAKAJIMA\DOCUMENTS\GITHUB\T24-2022-CASE-MODELING\FRAMEWORK\ANALYSIS\HPTE\RUNS\LRLC-WINF-PROPU\CZ14\INSTANCE - COMP22\INSTANCE - STD.CSE(795): Info: 
  DHWSys 'dhwsys-DHWGas': 
    'wsTSetpoint' is ignored -- no setpoint-aware DHWHEATERs in this DHWSYS.
---------------
Warning at hour/subhour 25/20 on autoSizing 01-Jun iteration 30:
  AutoSize pass 1A has not converged.  Abandoning after 30 iterations.
---------------
Warning: Zone 'Zone1-zn': Unmet cooling loads during 383 hours of run.
---------------
Warning: Zone 'Zone2-zn': Unmet cooling loads during 787 hours of run.
---------------
Warning: Zone 'Zone3-zn': Unmet cooling loads during 606 hours of run.
---------------
Warning: Zone 'Corridor1-zn': Condensation occurred in 105 subhours of run.
    Total condensation heat = 5.13373 kBtu.
---------------
Warning: Zone 'Corridor1-zn': Unmet cooling loads during 462 hours of run.
---------------
Warning: 
  Zone 'BusinessCenter1-zn': Condensation occurred in 1567 subhours of run.
    Total condensation heat = 34.9914 kBtu.
---------------
Warning: 
  Zone 'BusinessCenter1-zn': Unmet cooling loads during 738 hours of run.
---------------
Warning: 
  Zone 'FitnessCenter1-zn': Condensation occurred in 40715 subhours of run.
    Total condensation heat = 2417.79 kBtu.
---------------
Warning: 
  Zone 'FitnessCenter1-zn': Unmet cooling loads during 606 hours of run.
---------------
Warning: Zone 'Laundry1-zn': Unmet cooling loads during 378 hours of run.
---------------
Warning: 
  Zone 'LeasingOffice1-zn': Unmet cooling loads during 351 hours of run.
---------------
Warning: Zone 'Lobby1-zn': Condensation occurred in 21013 subhours of run.
    Total condensation heat = 1525.05 kBtu.
---------------
Warning: Zone 'Lobby1-zn': Unmet cooling loads during 523 hours of run.
---------------
Warning: 
  Zone 'MechanicalRoom1-zn': Unmet heating loads during 1220 hours of run.
---------------
Warning: 
  Zone 'MechanicalRoom1-zn': Unmet cooling loads during 3275 hours of run.
---------------
Warning: Zone 'Stairs1-zn': Unmet heating loads during 2 hours of run.
---------------
Warning: Zone 'Stairs1-zn': Unmet cooling loads during 273 hours of run.
---------------
Warning: Zone 'Corridor2-zn': Unmet cooling loads during 583 hours of run.
---------------
Warning: Zone 'Corridor3-zn': Unmet cooling loads during 506 hours of run.
---------------
Warning: Zone 'Stairs2-zn': Unmet heating loads during 2 hours of run.
---------------
Warning: Zone 'Stairs2-zn': Unmet cooling loads during 273 hours of run.
---------------
Warning: Zone 'Stairs3-zn': Unmet heating loads during 2 hours of run.
---------------
Warning: Zone 'Stairs3-zn': Unmet cooling loads during 273 hours of run.
---------------
