2020-03-02 17:12:56 - -----------------------------------------------------------------------------
2020-03-02 17:12:56 - Opening Project 'cz09\instance.cibd22'...
2020-03-02 17:12:57 -    Model load successful into CBECC-Com 2022.0.1 RV (1113)
2020-03-02 17:12:58 - Performing Building Database check...
2020-03-02 17:12:58 - Building Database check completed, no problems found.
2020-03-02 17:13:01 -   PerfAnal_NRes - starting, w/ arguments:
2020-03-02 17:13:01 -        BEMBasePathFile    = (null)
2020-03-02 17:13:01 -        RulesetPathFile    = (null)
2020-03-02 17:13:01 -        SimWeatherPath     = C:\Users\mnakajima\Documents\CBECC-Com 2022 Data\EPW\
2020-03-02 17:13:01 -        CompMgrDLLPath     = (null)
2020-03-02 17:13:01 -        DHWWeatherPath     = (null)
2020-03-02 17:13:01 -        ProcessingPath     = C:\Users\mnakajima\Documents\GitHub\T24-2022-CASE-Modeling\framework\analysis\hpte\runs\hr-QII-base\cz09\instance - run\
2020-03-02 17:13:01 -        ModelPathFile      = C:\Users\mnakajima\Documents\GitHub\T24-2022-CASE-Modeling\framework\analysis\hpte\runs\hr-QII-base\cz09\instance.cibd22
2020-03-02 17:13:01 -        LogPathFile        = (null)
2020-03-02 17:13:01 -        UIVersionString    = CBECC-Com 2022.0.1 RV (1113)
2020-03-02 17:13:01 -        LoadModelFile      = false
2020-03-02 17:13:01 -        OptionsCSV         = AllowAnalysisAbort,0,StoreBEMDetails,1,AnalysisThruStep,8,ModelRpt_ALL,1,ExportHourlyResults_All,1,PromptUserUMLHWarning,1,PreAnalysisCheckPromptOption,3,CompReportWarningOption,5,
2020-03-02 17:13:01 -        ErrorMsg           = (assumed to be initialized)
2020-03-02 17:13:01 -        ErrorMsgLen        = 2056
2020-03-02 17:13:01 -        DisplayProgress    = true
2020-03-02 17:13:01 -        ResultsSummary     = (empty)
2020-03-02 17:13:01 -        ResultsSummaryLen  = 3200
2020-03-02 17:13:01 -        pProgCallbackFunc  = (null)
2020-03-02 17:13:02 - Performing Building Database check...
2020-03-02 17:13:02 - Building Database check completed, no problems found.
2020-03-02 17:13:02 - Warning:  The following developer options must be defaulted (not specified by the user) in order to perform a valid compliance analysis:
          Proj 'High-Rise Mixed-Use (10-story)' DefaultDayltgCtrls
          Proj 'High-Rise Mixed-Use (10-story)' AutoHardSize
          Proj 'High-Rise Mixed-Use (10-story)' AutoEffInput
2020-03-02 17:13:03 -    1 file hash check(s) failed on executable and/or analysis support files (analysis continuing w/ report signature disabled)
2020-03-02 17:13:04 - Performing Building Database check...
2020-03-02 17:13:04 - Building Database check completed, no problems found.
2020-03-02 17:13:04 - Warning:  AirSystem 'Residential DOAS' has a DX cooling coil and the rated supply flow per ton of (net) cooling capacity is 285 cfm/ton. The acceptable range for successful simulation of DX cooling coils in EnergyPlus is normally ~300 to ~450 cfm/ton. If the compliance simulation fails, check flow/cooling capacity inputs for consistency with the design. If simulation still fails, contact the CBECC support team for assistance. evaluating rule: Set CHECKSIM AirSys:SupFlowPerTon  (110:'HVACSecondary-Summary.rule' line 785)
2020-03-02 17:13:04 - Warning:  The spaces assigned to thermal zone 'Thermal Zone: F1 Lounge' have cooling unmet load hour limits ranging from 150 to 8760. All spaces in the zone will be held to the minimum UMLH limit. evaluating rule: Set CHECKCODE ThrmlZn:ClgUMLHLimit  (60:'ThermalZone-General.rule' line 1738)
2020-03-02 17:13:04 - Warning:  The spaces assigned to thermal zone 'Thermal Zone: F1 Lounge' have heating unmet load hour limits ranging from 150 to 8760. All spaces in the zone will be held to the minimum UMLH limit. evaluating rule: Set CHECKCODE ThrmlZn:HtgUMLHLimit  (60:'ThermalZone-General.rule' line 1765)
2020-03-02 17:13:09 -   PerfAnal_NRes - Bypassing OpenStudio (and simulation) for zp model
2020-03-02 17:37:21 -   PerfSim_E+ - Final Result: FAIL  -- compliance margin: -3.94 (-4.87%)
2020-03-02 17:37:25 - Analysis result:  FAIL  (TDV margin: -3.94)  Processing time:  Overall 24:23 / SDD2IDF x4 avg 0:10 / SizSim x2 avg 1:23 / AnnSim x2 avg 10:07 / ReportGen x0 0:00 / Other 0:38
2020-03-02 17:37:25 -       ResultsSummary population:  bAbort = (false) / RuleProcAbort = (false) / iRetVal = 0 / pszResultsSummary = (empty) / iResultsSummaryLen = 3200
2020-03-02 17:37:25 -       ResultsSummary components1:  2020-03-02 17:37:25 / instance / High-Rise Mixed-Use (10-story) / CTZ09S22A / Title24Compliance / 24:23 / FAIL / -3.94
2020-03-02 17:37:25 -       ResultsSummary components2:  CBECC-Com 2022.0.1 RV (1113) / BEMCmpMgr 2022.0.1 RV (6107) / CA 2022 Nonresidential, Vers. 1.0 Alpha / 1.11.3.f52686d8e1 / 9.0.1-bb7ca4f0da / CSE19 0.865.0+dhwloop.68861ec.94 EXE / C:\Users\mnakajima\Documents\CBECC-Com 2022 Data\EPW\ / C:\Users\mnakajima\Documents\GitHub\T24-2022-CASE-Modeling\framework\analysis\hpte\runs\hr-QII-base\cz09\
2020-03-02 17:37:25 -       ResultsSummary:  2020-03-02 17:37:25,"instance","High-Rise Mixed-Use (10-story)","CTZ09S22A","Pol  0% RetAdd NoLeak",125400,150480,"Title24Compliance",24:23,FAIL,-3.94,"--","--","Successful (203 warnings)",3.15475,124842,72028.8,147.452,5403.95,1088.9,52238,255752,231906,0,181711,6890.07,0,0,676259,1524.17,0,0,0,0,9300,0,10824.2,754.553,0,0,0,11578.7,0,0,0,0,0,0,0,0,0,0,0,0,0,3.27101,34.0531,16.6667,0.0591587,1.20087,18.1688,11.4958,84.9154,53.6042,0,41.2425,1.52817,0,0,181.29,158.648,22.6421,0,0,,0,6,"Thermal Zone: F10 2-Bed NE",0,"--","--","Successful (204 warnings)",8.74897,56496.4,80370.8,10866.6,34681.1,7464.69,52238,242126,231906,0,181711,6890.07,0,0,662633,1576.7,0,0,0,0,8965.55,0,10542.3,754.553,0,0,0,11296.8,0,0,0,0,0,0,0,0,0,0,0,0,0,3.38015,16.7637,19.3364,3.25656,7.81419,18.9328,11.4958,80.9796,53.6042,0,41.2425,1.52817,0,0,177.354,155.246,22.1084,0,0,,0,0,,0,9.75333e-06,37.1392,11.7128,0.0595361,1.27361,0.124303,9.01837,59.3278,40.0913,0,31.5421,0.786538,0,0,131.748,6.96269e-06,18.6985,15.2988,4.62018,6.1305,1.18902,9.01837,54.9554,40.0913,0,31.5421,0.786538,0,0,127.375,"CBECC-Com 2022.0.1 RV (1113)","BEMCmpMgr 2022.0.1 RV (6107)","CA 2022 Nonresidential, Vers. 1.0 Alpha","1.11.3.f52686d8e1","9.0.1-bb7ca4f0da","CSE19 0.865.0+dhwloop.68861ec.94 EXE","C:\Users\mnakajima\Documents\CBECC-Com 2022 Data\EPW\","C:\Users\mnakajima\Documents\GitHub\T24-2022-CASE-Modeling\framework\analysis\hpte\runs\hr-QII-base\cz09\",0.000625557,13.4204,10.4527,0.0133299,0.563383,0.179198,5.73899,30.36,35.9296,0,31.4601,1.13389,0,0,98.88,0.730821,0,0,0,0,4.45922,0,5.19,0.361798,0,0,0,5.55,0.00194234,6.01487,11.1906,1.23401,4.67868,0.973978,5.73899,29.82,35.9296,0,31.4601,1.13389,0,0,98.34,0.756006,0,0,0,0,4.29886,0,5.06,0.361798,0,0,0,5.42,1.11616,2.01602,1.57021,0.00200244,0.0846316,6.83677,0.862114,12.4879,5.94987,0,4.72593,0.170333,0,0,23.334,1.15482,0.90356,1.68105,0.185373,0.702832,6.71127,0.862114,12.201,5.94987,0,4.72593,0.170333,0,0,23.0472,

2020-03-02 17:37:35 - -----------------------------------------------------------------------------
2020-03-02 17:37:35 - Opening Project 'cz09\instance.cibd22'...
2020-03-02 17:37:37 -    Model load successful into CBECC-Com 2022.0.1 RV (1113)
2020-03-02 17:37:37 - Performing Building Database check...
2020-03-02 17:37:37 - Building Database check completed, no problems found.
2020-03-02 17:37:40 - Project Saved
