2020-01-28 12:13:44 - -----------------------------------------------------------------------------
2020-01-28 12:13:44 - Opening Project 'cz11\instance.cibd22'...
2020-01-28 12:13:45 -    Model load successful into CBECC-Com 2022.0.1 RV (1113)
2020-01-28 12:13:45 - Performing Building Database check...
2020-01-28 12:13:46 - Building Database check completed, no problems found.
2020-01-28 12:13:49 -   PerfAnal_NRes - starting, w/ arguments:
2020-01-28 12:13:49 -        BEMBasePathFile    = (null)
2020-01-28 12:13:49 -        RulesetPathFile    = (null)
2020-01-28 12:13:49 -        SimWeatherPath     = C:\Users\mnakajima\Documents\CBECC-Com 2022 Data\EPW\
2020-01-28 12:13:49 -        CompMgrDLLPath     = (null)
2020-01-28 12:13:49 -        DHWWeatherPath     = (null)
2020-01-28 12:13:49 -        ProcessingPath     = C:\Users\mnakajima\Documents\GitHub\T24-2022-CASE-Modeling\framework\analysis\highrise\runs\hr-baseline_warmreset\cz11\instance - run\
2020-01-28 12:13:49 -        ModelPathFile      = C:\Users\mnakajima\Documents\GitHub\T24-2022-CASE-Modeling\framework\analysis\highrise\runs\hr-baseline_warmreset\cz11\instance.cibd22
2020-01-28 12:13:49 -        LogPathFile        = (null)
2020-01-28 12:13:49 -        UIVersionString    = CBECC-Com 2022.0.1 RV (1113)
2020-01-28 12:13:49 -        LoadModelFile      = false
2020-01-28 12:13:49 -        OptionsCSV         = AllowAnalysisAbort,0,StoreBEMDetails,1,AnalysisThruStep,8,ModelRpt_ALL,1,ExportHourlyResults_All,1,PromptUserUMLHWarning,1,PreAnalysisCheckPromptOption,3,CompReportWarningOption,5,
2020-01-28 12:13:49 -        ErrorMsg           = (assumed to be initialized)
2020-01-28 12:13:49 -        ErrorMsgLen        = 2056
2020-01-28 12:13:49 -        DisplayProgress    = true
2020-01-28 12:13:49 -        ResultsSummary     = (empty)
2020-01-28 12:13:49 -        ResultsSummaryLen  = 3200
2020-01-28 12:13:49 -        pProgCallbackFunc  = (null)
2020-01-28 12:13:50 - Performing Building Database check...
2020-01-28 12:13:50 - Building Database check completed, no problems found.
2020-01-28 12:13:50 - Warning:  The following developer options must be defaulted (not specified by the user) in order to perform a valid compliance analysis:
          Proj 'High-Rise Mixed-Use (10-story)' DefaultDayltgCtrls
          Proj 'High-Rise Mixed-Use (10-story)' AutoHardSize
          Proj 'High-Rise Mixed-Use (10-story)' AutoEffInput
2020-01-28 12:13:51 -    1 file hash check(s) failed on executable and/or analysis support files (analysis continuing w/ report signature disabled)
2020-01-28 12:13:53 -   PerfAnal_NRes - AnalysisThruStep being set to #7 due to Proj:AnalysisType = Title24ProposedOnly
2020-01-28 12:13:53 - Performing Building Database check...
2020-01-28 12:13:53 - Building Database check completed, no problems found.
2020-01-28 12:13:53 - Warning:  The spaces assigned to thermal zone 'Thermal Zone: F1 Lounge' have cooling unmet load hour limits ranging from 150 to 8760. All spaces in the zone will be held to the minimum UMLH limit. evaluating rule: Set CHECKCODE ThrmlZn:ClgUMLHLimit  (60:'ThermalZone-General.rule' line 1738)
2020-01-28 12:13:53 - Warning:  The spaces assigned to thermal zone 'Thermal Zone: F1 Lounge' have heating unmet load hour limits ranging from 150 to 8760. All spaces in the zone will be held to the minimum UMLH limit. evaluating rule: Set CHECKCODE ThrmlZn:HtgUMLHLimit  (60:'ThermalZone-General.rule' line 1765)
2020-01-28 12:13:58 -   PerfAnal_NRes - Bypassing OpenStudio (and simulation) for zp model
2020-01-28 12:14:01 -   PerfAnal_NRes - Bypassing OpenStudio (and simulation) for zb model
2020-01-28 12:21:35 - Error:  Undefined data: numerator evaluating rule: Set ANNUAL_BASELINE Fan:FlowCap  (75:'HVACSecondary-Fan-General.rule' line 494)
2020-01-28 12:21:35 - Error:  Undefined data: numerator evaluating rule: Set ANNUAL_BASELINE Fan:FlowCap  (75:'HVACSecondary-Fan-General.rule' line 494)
2020-01-28 12:21:35 - Error:  Undefined data: numerator evaluating rule: Set ANNUAL_BASELINE Fan:FlowCap  (75:'HVACSecondary-Fan-General.rule' line 494)
2020-01-28 12:21:35 - Error:  Undefined data: numerator evaluating rule: Set ANNUAL_BASELINE Fan:FlowCap  (75:'HVACSecondary-Fan-General.rule' line 529)
2020-01-28 12:21:35 - Error:  Undefined data: numerator evaluating rule: Set ANNUAL_BASELINE Fan:FlowCap  (75:'HVACSecondary-Fan-General.rule' line 529)
2020-01-28 12:21:35 - Error:  Undefined data: numerator evaluating rule: Set ANNUAL_BASELINE Fan:FlowCap  (75:'HVACSecondary-Fan-General.rule' line 529)
2020-01-28 12:21:35 - Error:  Undefined data: numerator evaluating rule: Set ANNUAL_BASELINE Fan:FlowCap  (75:'HVACSecondary-Fan-General.rule' line 529)
2020-01-28 12:21:35 - Error:  Undefined data: numerator evaluating rule: Set ANNUAL_BASELINE Fan:FlowCap  (75:'HVACSecondary-Fan-General.rule' line 529)
2020-01-28 12:21:35 - Error:  Undefined data: numerator evaluating rule: Set ANNUAL_BASELINE Fan:FlowCap  (75:'HVACSecondary-Fan-General.rule' line 529)
2020-01-28 12:21:35 - Error:  Undefined data: numerator evaluating rule: Set ANNUAL_BASELINE Fan:FlowCap  (75:'HVACSecondary-Fan-General.rule' line 529)
2020-01-28 12:21:35 - Error:  Undefined data: numerator evaluating rule: Set ANNUAL_BASELINE Fan:FlowCap  (75:'HVACSecondary-Fan-General.rule' line 529)
2020-01-28 12:21:35 - Error:  Undefined data: numerator evaluating rule: Set ANNUAL_BASELINE Fan:FlowCap  (75:'HVACSecondary-Fan-General.rule' line 529)
2020-01-28 12:21:35 - Error:  Undefined data: numerator evaluating rule: Set ANNUAL_BASELINE Fan:FlowCap  (75:'HVACSecondary-Fan-General.rule' line 529)
2020-01-28 12:21:35 - Error:  Undefined data: numerator evaluating rule: Set ANNUAL_BASELINE Fan:FlowCap  (75:'HVACSecondary-Fan-General.rule' line 529)
2020-01-28 12:21:35 - Error:  Undefined data: numerator evaluating rule: Set ANNUAL_BASELINE Fan:FlowCap  (75:'HVACSecondary-Fan-General.rule' line 529)
2020-01-28 12:21:35 - Error:  Undefined data: numerator evaluating rule: Set ANNUAL_BASELINE Fan:FlowCap  (75:'HVACSecondary-Fan-General.rule' line 529)
2020-01-28 12:21:35 - Error:  Undefined data: numerator evaluating rule: Set ANNUAL_BASELINE Fan:FlowCap  (75:'HVACSecondary-Fan-General.rule' line 529)
2020-01-28 12:21:35 - Error:  Undefined data: numerator evaluating rule: Set ANNUAL_BASELINE Fan:FlowCap  (75:'HVACSecondary-Fan-General.rule' line 529)
2020-01-28 12:21:35 - Error:  Undefined data: numerator evaluating rule: Set ANNUAL_BASELINE Fan:FlowCap  (75:'HVACSecondary-Fan-General.rule' line 529)
2020-01-28 12:21:35 - Error:  Undefined data: numerator evaluating rule: Set ANNUAL_BASELINE Fan:FlowCap  (75:'HVACSecondary-Fan-General.rule' line 529)
2020-01-28 12:21:35 - Error:  Undefined data: numerator evaluating rule: Set ANNUAL_BASELINE Fan:FlowCap  (75:'HVACSecondary-Fan-General.rule' line 529)
2020-01-28 12:21:35 - Error:  Division by zero evaluating rule: Set ANNUAL_BASELINE ThrmlZn:PriAirCondgSysDsgnFlow  (76:'HVACSecondary-Fan-FanRatios.rule' line 67)
2020-01-28 12:21:35 - Error:  Division by zero evaluating rule: Set ANNUAL_BASELINE ThrmlZn:PriAirCondgSysDsgnFlow  (76:'HVACSecondary-Fan-FanRatios.rule' line 67)
2020-01-28 12:21:35 - Error:  Division by zero evaluating rule: Set ANNUAL_BASELINE ThrmlZn:PriAirCondgSysDsgnFlow  (76:'HVACSecondary-Fan-FanRatios.rule' line 67)
2020-01-28 12:21:35 - Error:  Division by zero evaluating rule: Set ANNUAL_BASELINE ThrmlZn:PriAirCondgSysDsgnFlow  (76:'HVACSecondary-Fan-FanRatios.rule' line 67)
2020-01-28 12:21:35 - Error:  Division by zero evaluating rule: Set ANNUAL_BASELINE ThrmlZn:PriAirCondgSysDsgnFlow  (76:'HVACSecondary-Fan-FanRatios.rule' line 67)
2020-01-28 12:21:35 - Error:  Division by zero evaluating rule: Set ANNUAL_BASELINE ThrmlZn:PriAirCondgSysDsgnFlow  (76:'HVACSecondary-Fan-FanRatios.rule' line 67)
2020-01-28 12:21:35 - Error:  Division by zero evaluating rule: Set ANNUAL_BASELINE ThrmlZn:PriAirCondgSysDsgnFlow  (76:'HVACSecondary-Fan-FanRatios.rule' line 67)
2020-01-28 12:21:35 - Error:  Division by zero evaluating rule: Set ANNUAL_BASELINE ThrmlZn:PriAirCondgSysDsgnFlow  (76:'HVACSecondary-Fan-FanRatios.rule' line 67)
2020-01-28 12:21:35 - Error:  Division by zero evaluating rule: Set ANNUAL_BASELINE ThrmlZn:PriAirCondgSysDsgnFlow  (76:'HVACSecondary-Fan-FanRatios.rule' line 67)
2020-01-28 12:21:35 - Error:  Division by zero evaluating rule: Set ANNUAL_BASELINE ThrmlZn:PriAirCondgSysDsgnFlow  (76:'HVACSecondary-Fan-FanRatios.rule' line 67)
2020-01-28 12:21:35 - Error:  Division by zero evaluating rule: Set ANNUAL_BASELINE ThrmlZn:PriAirCondgSysDsgnFlow  (76:'HVACSecondary-Fan-FanRatios.rule' line 67)
2020-01-28 12:21:35 - Error:  Division by zero evaluating rule: Set ANNUAL_BASELINE ThrmlZn:PriAirCondgSysDsgnFlow  (76:'HVACSecondary-Fan-FanRatios.rule' line 67)
2020-01-28 12:21:35 - Error:  Division by zero evaluating rule: Set ANNUAL_BASELINE ThrmlZn:VentSysDsgnFlow  (76:'HVACSecondary-Fan-FanRatios.rule' line 111)
2020-01-28 12:21:35 - Error:  Division by zero evaluating rule: Set ANNUAL_BASELINE ThrmlZn:VentSysDsgnFlow  (76:'HVACSecondary-Fan-FanRatios.rule' line 111)
2020-01-28 12:21:35 - Error:  Division by zero evaluating rule: Set ANNUAL_BASELINE ThrmlZn:VentSysDsgnFlow  (76:'HVACSecondary-Fan-FanRatios.rule' line 111)
2020-01-28 12:21:35 - Error:  Division by zero evaluating rule: Set ANNUAL_BASELINE ThrmlZn:VentSysDsgnFlow  (76:'HVACSecondary-Fan-FanRatios.rule' line 111)
2020-01-28 12:21:35 - Error:  Division by zero evaluating rule: Set ANNUAL_BASELINE ThrmlZn:VentSysDsgnFlow  (76:'HVACSecondary-Fan-FanRatios.rule' line 111)
2020-01-28 12:21:35 - Error:  Division by zero evaluating rule: Set ANNUAL_BASELINE ThrmlZn:VentSysDsgnFlow  (76:'HVACSecondary-Fan-FanRatios.rule' line 111)
2020-01-28 12:21:35 - Error:  Division by zero evaluating rule: Set ANNUAL_BASELINE ThrmlZn:VentSysDsgnFlow  (76:'HVACSecondary-Fan-FanRatios.rule' line 111)
2020-01-28 12:21:35 - Error:  Division by zero evaluating rule: Set ANNUAL_BASELINE ThrmlZn:VentSysDsgnFlow  (76:'HVACSecondary-Fan-FanRatios.rule' line 111)
2020-01-28 12:21:35 - Error:  Division by zero evaluating rule: Set ANNUAL_BASELINE ThrmlZn:VentSysDsgnFlow  (76:'HVACSecondary-Fan-FanRatios.rule' line 111)
2020-01-28 12:21:35 - Error:  Division by zero evaluating rule: Set ANNUAL_BASELINE ThrmlZn:VentSysDsgnFlow  (76:'HVACSecondary-Fan-FanRatios.rule' line 111)
2020-01-28 12:21:35 - Error:  Division by zero evaluating rule: Set ANNUAL_BASELINE ThrmlZn:VentSysDsgnFlow  (76:'HVACSecondary-Fan-FanRatios.rule' line 111)
2020-01-28 12:21:35 - Error:  Division by zero evaluating rule: Set ANNUAL_BASELINE ThrmlZn:VentSysDsgnFlow  (76:'HVACSecondary-Fan-FanRatios.rule' line 111)
2020-01-28 12:21:37 -   PerfAnal_NRes - Bypassing OpenStudio (and simulation) for ab model
2020-01-28 12:21:37 -   PerfAnal_NRes - Completed analysis steps thru #7
2020-01-28 12:21:37 - Analysis incomplete  Processing time:  Overall 7:47 / SDD2IDF x2 avg 0:05 / SizSim x0 0:00 / AnnSim x2 avg 3:34 / ReportGen x0 0:00 / Other 0:24
2020-01-28 12:21:37 -       ResultsSummary population:  bAbort = (false) / RuleProcAbort = (false) / iRetVal = 0 / pszResultsSummary = (empty) / iResultsSummaryLen = 3200
2020-01-28 12:21:37 -       ResultsSummary components1:  2020-01-28 12:21:37 / instance / High-Rise Mixed-Use (10-story) / CTZ11S22A / Title24ProposedOnly / 7:47 /  / 
2020-01-28 12:21:37 -       ResultsSummary components2:  CBECC-Com 2022.0.1 RV (1113) / BEMCmpMgr 2022.0.1 RV (6107) / CA 2022 Nonresidential, Vers. 1.0 Alpha /  /  / - / C:\Users\mnakajima\Documents\CBECC-Com 2022 Data\EPW\ / C:\Users\mnakajima\Documents\GitHub\T24-2022-CASE-Modeling\framework\analysis\highrise\runs\hr-baseline_warmreset\cz11\
2020-01-28 12:21:37 -       ResultsSummary:  2020-01-28 12:21:37,"instance","High-Rise Mixed-Use (10-story)","CTZ11S22A","Pol  0% RetAdd NoLeak",125400,150480,"Title24ProposedOnly",7:47,,,"--","--","Successful (202 warnings)",7.37005,143979,67150.4,198.545,4526.51,1088.9,52164.4,269115,231906,0,181711,6890.07,0,0,689622,7939.94,0,0,0,0,8304.08,0,16244,754.553,0,0,0,16998.6,0,0,0,0,0,0,0,0,0,0,0,0,0,16.4852,40.4124,15.8414,0.0734329,1.01514,16.24,11.0922,101.16,54.2312,0,42.4409,1.52452,0,0,199.356,165.438,33.9188,0,0,,0,8,"Thermal Zone: F10 2-Bed NE",0,"--","--","",0,0,0,0,0,0,0,0,0,0,0,0,0,0,0,0,0,0,0,0,0,0,0,0,0,0,0,0,0,0,0,0,0,0,0,0,0,0,0,0,0,0,0,0,0,0,0,0,0,0,0,0,0,0,0,0,0,0,0,,,,,,,3.10452e-06,51.4649,11.9038,0.109987,1.28099,0.124303,8.93596,73.82,40.0913,0,31.5421,0.786538,0,0,146.24,0,0,0,0,0,0,0,0,0,0,0,0,0,0,0,"CBECC-Com 2022.0.1 RV (1113)","BEMCmpMgr 2022.0.1 RV (6107)","CA 2022 Nonresidential, Vers. 1.0 Alpha","","","-","C:\Users\mnakajima\Documents\CBECC-Com 2022 Data\EPW\","C:\Users\mnakajima\Documents\GitHub\T24-2022-CASE-Modeling\framework\analysis\highrise\runs\hr-baseline_warmreset\cz11\",0.00140115,16.7495,9.91714,0.0217666,0.442215,0.178109,5.74967,33.06,35.8106,0,31.324,1.127,0,0,101.32,3.80709,0,0,0,0,3.98169,0,7.79,0.361798,0,0,0,8.15,0,0,0,0,0,0,0,0,0,0,0,0,0,0,0,0,0,0,0,0,0,0,0,0,0,0,0,0,5.89709,2.51612,1.48975,0.00326981,0.0664296,6.19408,0.863717,17.0305,5.93987,0,4.70549,0.169298,0,0,27.8451,0,0,0,0,0,0,0,0,0,0,0,0,0,0,0,

2020-01-28 12:21:41 - -----------------------------------------------------------------------------
2020-01-28 12:21:41 - Opening Project 'cz11\instance.cibd22'...
2020-01-28 12:21:41 -    Model load successful into CBECC-Com 2022.0.1 RV (1113)
2020-01-28 12:21:42 - Performing Building Database check...
2020-01-28 12:21:42 - Building Database check completed, no problems found.
2020-01-28 12:21:45 - Project Saved
2020-01-28 13:37:56 - -----------------------------------------------------------------------------
2020-01-28 13:37:56 - Opening Project 'cz11\instance.cibd22'...
2020-01-28 13:37:56 -    Model load successful into CBECC-Com 2022.0.1 RV (1113)
2020-01-28 13:37:57 - Performing Building Database check...
2020-01-28 13:37:57 - Building Database check completed, no problems found.
2020-01-28 13:38:00 -   PerfAnal_NRes - starting, w/ arguments:
2020-01-28 13:38:00 -        BEMBasePathFile    = (null)
2020-01-28 13:38:00 -        RulesetPathFile    = (null)
2020-01-28 13:38:00 -        SimWeatherPath     = C:\Users\mnakajima\Documents\CBECC-Com 2022 Data\EPW\
2020-01-28 13:38:00 -        CompMgrDLLPath     = (null)
2020-01-28 13:38:00 -        DHWWeatherPath     = (null)
2020-01-28 13:38:00 -        ProcessingPath     = C:\Users\mnakajima\Documents\GitHub\T24-2022-CASE-Modeling\framework\analysis\highrise\runs\hr-baseline_warmreset\cz11\instance - run\
2020-01-28 13:38:00 -        ModelPathFile      = C:\Users\mnakajima\Documents\GitHub\T24-2022-CASE-Modeling\framework\analysis\highrise\runs\hr-baseline_warmreset\cz11\instance.cibd22
2020-01-28 13:38:00 -        LogPathFile        = (null)
2020-01-28 13:38:00 -        UIVersionString    = CBECC-Com 2022.0.1 RV (1113)
2020-01-28 13:38:00 -        LoadModelFile      = false
2020-01-28 13:38:00 -        OptionsCSV         = AllowAnalysisAbort,0,StoreBEMDetails,1,AnalysisThruStep,8,ModelRpt_ALL,1,ExportHourlyResults_All,1,PromptUserUMLHWarning,1,PreAnalysisCheckPromptOption,3,CompReportWarningOption,5,
2020-01-28 13:38:00 -        ErrorMsg           = (assumed to be initialized)
2020-01-28 13:38:00 -        ErrorMsgLen        = 2056
2020-01-28 13:38:00 -        DisplayProgress    = true
2020-01-28 13:38:00 -        ResultsSummary     = (empty)
2020-01-28 13:38:00 -        ResultsSummaryLen  = 3200
2020-01-28 13:38:00 -        pProgCallbackFunc  = (null)
2020-01-28 13:38:01 - Performing Building Database check...
2020-01-28 13:38:01 - Building Database check completed, no problems found.
2020-01-28 13:38:01 - Warning:  The following developer options must be defaulted (not specified by the user) in order to perform a valid compliance analysis:
          Proj 'High-Rise Mixed-Use (10-story)' DefaultDayltgCtrls
          Proj 'High-Rise Mixed-Use (10-story)' AutoHardSize
          Proj 'High-Rise Mixed-Use (10-story)' AutoEffInput
2020-01-28 13:38:02 -    1 file hash check(s) failed on executable and/or analysis support files (analysis continuing w/ report signature disabled)
2020-01-28 13:38:03 - Performing Building Database check...
2020-01-28 13:38:03 - Building Database check completed, no problems found.
2020-01-28 13:38:03 - Warning:  The spaces assigned to thermal zone 'Thermal Zone: F1 Lounge' have cooling unmet load hour limits ranging from 150 to 8760. All spaces in the zone will be held to the minimum UMLH limit. evaluating rule: Set CHECKCODE ThrmlZn:ClgUMLHLimit  (60:'ThermalZone-General.rule' line 1738)
2020-01-28 13:38:03 - Warning:  The spaces assigned to thermal zone 'Thermal Zone: F1 Lounge' have heating unmet load hour limits ranging from 150 to 8760. All spaces in the zone will be held to the minimum UMLH limit. evaluating rule: Set CHECKCODE ThrmlZn:HtgUMLHLimit  (60:'ThermalZone-General.rule' line 1765)
2020-01-28 13:38:08 -   PerfAnal_NRes - Bypassing OpenStudio (and simulation) for zp model
2020-01-28 14:19:08 -   PerfSim_E+ - Final Result: FAIL  -- compliance margin: -12.48 (-14.07%)
2020-01-28 14:19:11 - Analysis result:  FAIL  (TDV margin: -12.48)  Processing time:  Overall 41:10 / SDD2IDF x4 avg 0:09 / SizSim x2 avg 1:00 / AnnSim x2 avg 18:54 / ReportGen x0 0:00 / Other 0:41
2020-01-28 14:19:11 -       ResultsSummary population:  bAbort = (false) / RuleProcAbort = (false) / iRetVal = 0 / pszResultsSummary = (empty) / iResultsSummaryLen = 3200
2020-01-28 14:19:11 -       ResultsSummary components1:  2020-01-28 14:19:11 / instance / High-Rise Mixed-Use (10-story) / CTZ11S22A / Title24Compliance / 41:10 / FAIL / -12.48
2020-01-28 14:19:11 -       ResultsSummary components2:  CBECC-Com 2022.0.1 RV (1113) / BEMCmpMgr 2022.0.1 RV (6107) / CA 2022 Nonresidential, Vers. 1.0 Alpha / 1.11.3.f52686d8e1 / 9.0.1-bb7ca4f0da / CSE19 0.865.0+dhwloop.68861ec.94 EXE / C:\Users\mnakajima\Documents\CBECC-Com 2022 Data\EPW\ / C:\Users\mnakajima\Documents\GitHub\T24-2022-CASE-Modeling\framework\analysis\highrise\runs\hr-baseline_warmreset\cz11\
2020-01-28 14:19:11 -       ResultsSummary:  2020-01-28 14:19:11,"instance","High-Rise Mixed-Use (10-story)","CTZ11S22A","Pol  0% RetAdd NoLeak",125400,150480,"Title24Compliance",41:10,FAIL,-12.48,"--","--","Successful (202 warnings)",7.37005,143979,67150.4,198.545,4526.51,1088.9,52164.4,269115,231906,0,181711,6890.07,0,0,689622,7939.94,0,0,0,0,8304.08,0,16244,754.553,0,0,0,16998.6,0,0,0,0,0,0,0,0,0,0,0,0,0,16.4852,40.4124,15.8414,0.0734329,1.01514,16.24,11.0922,101.16,54.2312,0,42.4409,1.52452,0,0,199.356,165.438,33.9188,0,0,,0,8,"Thermal Zone: F10 2-Bed NE",0,"--","--","Successful (206 warnings)",24.0997,64483.9,89345.5,12558.7,32680.2,7768.67,52164.4,259026,231906,0,181711,6890.07,0,0,679532,4270.01,0,0,0,0,7957.41,0,12227.4,754.553,0,0,0,12982,0,0,0,0,0,0,0,0,0,0,0,0,0,9.16235,19.036,21.2843,3.63517,7.44749,17.0195,11.0922,88.6769,54.2312,0,42.4409,1.52452,0,0,186.874,160.944,25.9297,0,0,,0,0,,0,3.10452e-06,51.4649,11.9038,0.109987,1.28099,0.124303,8.93596,73.82,40.0913,0,31.5421,0.786538,0,0,146.24,2.51514e-06,26.6635,18.6752,6.13233,6.62686,1.19643,8.93596,68.2303,40.0913,0,31.5421,0.786538,0,0,140.65,"CBECC-Com 2022.0.1 RV (1113)","BEMCmpMgr 2022.0.1 RV (6107)","CA 2022 Nonresidential, Vers. 1.0 Alpha","1.11.3.f52686d8e1","9.0.1-bb7ca4f0da","CSE19 0.865.0+dhwloop.68861ec.94 EXE","C:\Users\mnakajima\Documents\CBECC-Com 2022 Data\EPW\","C:\Users\mnakajima\Documents\GitHub\T24-2022-CASE-Modeling\framework\analysis\highrise\runs\hr-baseline_warmreset\cz11\",0.00140115,16.7495,9.91714,0.0217666,0.442215,0.178109,5.74967,33.06,35.8106,0,31.324,1.127,0,0,101.32,3.80709,0,0,0,0,3.98169,0,7.79,0.361798,0,0,0,8.15,0.00510931,7.34062,12.4886,1.60759,4.25668,1.00913,5.74967,32.47,35.8106,0,31.324,1.127,0,0,100.73,2.04741,0,0,0,0,3.81547,0,5.87,0.361798,0,0,0,6.23,5.89709,2.51612,1.48975,0.00326981,0.0664296,6.19408,0.863717,17.0305,5.93987,0,4.70549,0.169298,0,0,27.8451,3.17205,1.10271,1.87604,0.241493,0.639439,6.06145,0.863717,13.9569,5.93987,0,4.70549,0.169298,0,0,24.7716,

2020-01-28 14:19:15 - -----------------------------------------------------------------------------
2020-01-28 14:19:15 - Opening Project 'cz11\instance.cibd22'...
2020-01-28 14:19:16 -    Model load successful into CBECC-Com 2022.0.1 RV (1113)
2020-01-28 14:19:16 - Performing Building Database check...
2020-01-28 14:19:16 - Building Database check completed, no problems found.
2020-01-28 14:19:20 - Project Saved
