2020-03-31 12:36:30 - -----------------------------------------------------------------------------
2020-03-31 12:36:30 - Opening Project 'cz03\instance.cibd22'...
2020-03-31 12:36:31 -    Model load successful into CBECC-Com 2022.0.1 RV (1113)
2020-03-31 12:36:31 - Performing Building Database check...
2020-03-31 12:36:31 - Building Database check completed, no problems found.
2020-03-31 12:37:47 - -----------------------------------------------------------------------------
2020-03-31 12:37:47 - Opening Project 'cz03\instance.cibd22'...
2020-03-31 12:37:48 -    Model load successful into CBECC-Com 2022.0.1 RV (1113)
2020-03-31 12:37:48 - Performing Building Database check...
2020-03-31 12:37:48 - Building Database check completed, no problems found.
2020-03-31 12:39:26 - -----------------------------------------------------------------------------
2020-03-31 12:39:26 - Opening Project 'cz03\instance.cibd22'...
2020-03-31 12:39:27 -    Model load successful into CBECC-Com 2022.0.1 RV (1113)
2020-03-31 12:39:27 - Performing Building Database check...
2020-03-31 12:39:27 - Building Database check completed, no problems found.
2020-03-31 12:39:32 -   PerfAnal_NRes - starting, w/ arguments:
2020-03-31 12:39:32 -        BEMBasePathFile    = (null)
2020-03-31 12:39:32 -        RulesetPathFile    = (null)
2020-03-31 12:39:32 -        SimWeatherPath     = C:\Users\ndperry\Documents\CBECC-Com 2022 Data\EPW\
2020-03-31 12:39:32 -        CompMgrDLLPath     = (null)
2020-03-31 12:39:32 -        DHWWeatherPath     = (null)
2020-03-31 12:39:32 -        ProcessingPath     = C:\Users\ndperry\Documents\GitHub\T24-2022-CASE-Modeling\framework\analysis\hpte\runs\hr-base-op\cz03\instance - run\
2020-03-31 12:39:32 -        ModelPathFile      = C:\Users\ndperry\Documents\GitHub\T24-2022-CASE-Modeling\framework\analysis\hpte\runs\hr-base-op\cz03\instance.cibd22
2020-03-31 12:39:32 -        LogPathFile        = (null)
2020-03-31 12:39:32 -        UIVersionString    = CBECC-Com 2022.0.1 RV (1113)
2020-03-31 12:39:32 -        LoadModelFile      = false
2020-03-31 12:39:32 -        OptionsCSV         = AllowAnalysisAbort,0,StoreBEMDetails,1,AnalysisThruStep,8,ModelRpt_ALL,1,ExportHourlyResults_All,1,PromptUserUMLHWarning,1,PreAnalysisCheckPromptOption,3,CompReportWarningOption,5,
2020-03-31 12:39:32 -        ErrorMsg           = (assumed to be initialized)
2020-03-31 12:39:32 -        ErrorMsgLen        = 2056
2020-03-31 12:39:32 -        DisplayProgress    = true
2020-03-31 12:39:32 -        ResultsSummary     = (empty)
2020-03-31 12:39:32 -        ResultsSummaryLen  = 3200
2020-03-31 12:39:32 -        pProgCallbackFunc  = (null)
2020-03-31 12:39:33 - Performing Building Database check...
2020-03-31 12:39:33 - Building Database check completed, no problems found.
2020-03-31 12:39:33 - Warning:  The following developer options must be defaulted (not specified by the user) in order to perform a valid compliance analysis:
          Proj 'High-Rise Mixed-Use (10-story)' DefaultDayltgCtrls
          Proj 'High-Rise Mixed-Use (10-story)' AutoHardSize
          Proj 'High-Rise Mixed-Use (10-story)' AutoEffInput
2020-03-31 12:39:34 -    1 file hash check(s) failed on executable and/or analysis support files (analysis continuing w/ report signature disabled)
2020-03-31 12:39:36 -   PerfAnal_NRes - AnalysisThruStep being set to #7 due to Proj:AnalysisType = Title24ProposedOnly
2020-03-31 12:39:36 - Performing Building Database check...
2020-03-31 12:39:36 - Building Database check completed, no problems found.
2020-03-31 12:39:36 - Warning:  AirSystem 'Residential DOAS' has a DX cooling coil and the rated supply flow per ton of (net) cooling capacity is 583 cfm/ton. The acceptable range for successful simulation of DX cooling coils in EnergyPlus is normally ~300 to ~450 cfm/ton. If the compliance simulation fails, check flow/cooling capacity inputs for consistency with the design. If simulation still fails, contact the CBECC support team for assistance. evaluating rule: Set CHECKSIM AirSys:SupFlowPerTon  (110:'HVACSecondary-Summary.rule' line 785)
2020-03-31 12:39:37 - Warning:  The spaces assigned to thermal zone 'Thermal Zone: F1 Lounge' have cooling unmet load hour limits ranging from 150 to 8760. All spaces in the zone will be held to the minimum UMLH limit. evaluating rule: Set CHECKCODE ThrmlZn:ClgUMLHLimit  (60:'ThermalZone-General.rule' line 1738)
2020-03-31 12:39:37 - Warning:  The spaces assigned to thermal zone 'Thermal Zone: F1 Lounge' have heating unmet load hour limits ranging from 150 to 8760. All spaces in the zone will be held to the minimum UMLH limit. evaluating rule: Set CHECKCODE ThrmlZn:HtgUMLHLimit  (60:'ThermalZone-General.rule' line 1765)
2020-03-31 12:39:40 -   PerfAnal_NRes - Bypassing OpenStudio (and simulation) for zp model
2020-03-31 12:39:42 -   PerfAnal_NRes - Bypassing OpenStudio (and simulation) for zb model
2020-03-31 12:43:13 - Error:  Undefined data: numerator evaluating rule: Set ANNUAL_BASELINE Fan:FlowCap  (75:'HVACSecondary-Fan-General.rule' line 494)
2020-03-31 12:43:13 - Error:  Undefined data: numerator evaluating rule: Set ANNUAL_BASELINE Fan:FlowCap  (75:'HVACSecondary-Fan-General.rule' line 494)
2020-03-31 12:43:13 - Error:  Undefined data: numerator evaluating rule: Set ANNUAL_BASELINE Fan:FlowCap  (75:'HVACSecondary-Fan-General.rule' line 494)
2020-03-31 12:43:13 - Error:  Undefined data: numerator evaluating rule: Set ANNUAL_BASELINE Fan:FlowCap  (75:'HVACSecondary-Fan-General.rule' line 529)
2020-03-31 12:43:13 - Error:  Undefined data: numerator evaluating rule: Set ANNUAL_BASELINE Fan:FlowCap  (75:'HVACSecondary-Fan-General.rule' line 529)
2020-03-31 12:43:13 - Error:  Undefined data: numerator evaluating rule: Set ANNUAL_BASELINE Fan:FlowCap  (75:'HVACSecondary-Fan-General.rule' line 529)
2020-03-31 12:43:13 - Error:  Undefined data: numerator evaluating rule: Set ANNUAL_BASELINE Fan:FlowCap  (75:'HVACSecondary-Fan-General.rule' line 529)
2020-03-31 12:43:13 - Error:  Undefined data: numerator evaluating rule: Set ANNUAL_BASELINE Fan:FlowCap  (75:'HVACSecondary-Fan-General.rule' line 529)
2020-03-31 12:43:13 - Error:  Undefined data: numerator evaluating rule: Set ANNUAL_BASELINE Fan:FlowCap  (75:'HVACSecondary-Fan-General.rule' line 529)
2020-03-31 12:43:13 - Error:  Undefined data: numerator evaluating rule: Set ANNUAL_BASELINE Fan:FlowCap  (75:'HVACSecondary-Fan-General.rule' line 529)
2020-03-31 12:43:13 - Error:  Undefined data: numerator evaluating rule: Set ANNUAL_BASELINE Fan:FlowCap  (75:'HVACSecondary-Fan-General.rule' line 529)
2020-03-31 12:43:13 - Error:  Undefined data: numerator evaluating rule: Set ANNUAL_BASELINE Fan:FlowCap  (75:'HVACSecondary-Fan-General.rule' line 529)
2020-03-31 12:43:13 - Error:  Undefined data: numerator evaluating rule: Set ANNUAL_BASELINE Fan:FlowCap  (75:'HVACSecondary-Fan-General.rule' line 529)
2020-03-31 12:43:13 - Error:  Undefined data: numerator evaluating rule: Set ANNUAL_BASELINE Fan:FlowCap  (75:'HVACSecondary-Fan-General.rule' line 529)
2020-03-31 12:43:13 - Error:  Undefined data: numerator evaluating rule: Set ANNUAL_BASELINE Fan:FlowCap  (75:'HVACSecondary-Fan-General.rule' line 529)
2020-03-31 12:43:13 - Error:  Undefined data: numerator evaluating rule: Set ANNUAL_BASELINE Fan:FlowCap  (75:'HVACSecondary-Fan-General.rule' line 529)
2020-03-31 12:43:13 - Error:  Undefined data: numerator evaluating rule: Set ANNUAL_BASELINE Fan:FlowCap  (75:'HVACSecondary-Fan-General.rule' line 529)
2020-03-31 12:43:13 - Error:  Undefined data: numerator evaluating rule: Set ANNUAL_BASELINE Fan:FlowCap  (75:'HVACSecondary-Fan-General.rule' line 529)
2020-03-31 12:43:13 - Error:  Undefined data: numerator evaluating rule: Set ANNUAL_BASELINE Fan:FlowCap  (75:'HVACSecondary-Fan-General.rule' line 529)
2020-03-31 12:43:13 - Error:  Undefined data: numerator evaluating rule: Set ANNUAL_BASELINE Fan:FlowCap  (75:'HVACSecondary-Fan-General.rule' line 529)
2020-03-31 12:43:13 - Error:  Undefined data: numerator evaluating rule: Set ANNUAL_BASELINE Fan:FlowCap  (75:'HVACSecondary-Fan-General.rule' line 529)
2020-03-31 12:43:13 - Error:  Division by zero evaluating rule: Set ANNUAL_BASELINE ThrmlZn:PriAirCondgSysDsgnFlow  (76:'HVACSecondary-Fan-FanRatios.rule' line 67)
2020-03-31 12:43:13 - Error:  Division by zero evaluating rule: Set ANNUAL_BASELINE ThrmlZn:PriAirCondgSysDsgnFlow  (76:'HVACSecondary-Fan-FanRatios.rule' line 67)
2020-03-31 12:43:13 - Error:  Division by zero evaluating rule: Set ANNUAL_BASELINE ThrmlZn:PriAirCondgSysDsgnFlow  (76:'HVACSecondary-Fan-FanRatios.rule' line 67)
2020-03-31 12:43:13 - Error:  Division by zero evaluating rule: Set ANNUAL_BASELINE ThrmlZn:PriAirCondgSysDsgnFlow  (76:'HVACSecondary-Fan-FanRatios.rule' line 67)
2020-03-31 12:43:13 - Error:  Division by zero evaluating rule: Set ANNUAL_BASELINE ThrmlZn:PriAirCondgSysDsgnFlow  (76:'HVACSecondary-Fan-FanRatios.rule' line 67)
2020-03-31 12:43:13 - Error:  Division by zero evaluating rule: Set ANNUAL_BASELINE ThrmlZn:PriAirCondgSysDsgnFlow  (76:'HVACSecondary-Fan-FanRatios.rule' line 67)
2020-03-31 12:43:13 - Error:  Division by zero evaluating rule: Set ANNUAL_BASELINE ThrmlZn:PriAirCondgSysDsgnFlow  (76:'HVACSecondary-Fan-FanRatios.rule' line 67)
2020-03-31 12:43:13 - Error:  Division by zero evaluating rule: Set ANNUAL_BASELINE ThrmlZn:PriAirCondgSysDsgnFlow  (76:'HVACSecondary-Fan-FanRatios.rule' line 67)
2020-03-31 12:43:13 - Error:  Division by zero evaluating rule: Set ANNUAL_BASELINE ThrmlZn:PriAirCondgSysDsgnFlow  (76:'HVACSecondary-Fan-FanRatios.rule' line 67)
2020-03-31 12:43:13 - Error:  Division by zero evaluating rule: Set ANNUAL_BASELINE ThrmlZn:PriAirCondgSysDsgnFlow  (76:'HVACSecondary-Fan-FanRatios.rule' line 67)
2020-03-31 12:43:13 - Error:  Division by zero evaluating rule: Set ANNUAL_BASELINE ThrmlZn:PriAirCondgSysDsgnFlow  (76:'HVACSecondary-Fan-FanRatios.rule' line 67)
2020-03-31 12:43:13 - Error:  Division by zero evaluating rule: Set ANNUAL_BASELINE ThrmlZn:PriAirCondgSysDsgnFlow  (76:'HVACSecondary-Fan-FanRatios.rule' line 67)
2020-03-31 12:43:13 - Error:  Division by zero evaluating rule: Set ANNUAL_BASELINE ThrmlZn:VentSysDsgnFlow  (76:'HVACSecondary-Fan-FanRatios.rule' line 111)
2020-03-31 12:43:13 - Error:  Division by zero evaluating rule: Set ANNUAL_BASELINE ThrmlZn:VentSysDsgnFlow  (76:'HVACSecondary-Fan-FanRatios.rule' line 111)
2020-03-31 12:43:13 - Error:  Division by zero evaluating rule: Set ANNUAL_BASELINE ThrmlZn:VentSysDsgnFlow  (76:'HVACSecondary-Fan-FanRatios.rule' line 111)
2020-03-31 12:43:13 - Error:  Division by zero evaluating rule: Set ANNUAL_BASELINE ThrmlZn:VentSysDsgnFlow  (76:'HVACSecondary-Fan-FanRatios.rule' line 111)
2020-03-31 12:43:13 - Error:  Division by zero evaluating rule: Set ANNUAL_BASELINE ThrmlZn:VentSysDsgnFlow  (76:'HVACSecondary-Fan-FanRatios.rule' line 111)
2020-03-31 12:43:13 - Error:  Division by zero evaluating rule: Set ANNUAL_BASELINE ThrmlZn:VentSysDsgnFlow  (76:'HVACSecondary-Fan-FanRatios.rule' line 111)
2020-03-31 12:43:13 - Error:  Division by zero evaluating rule: Set ANNUAL_BASELINE ThrmlZn:VentSysDsgnFlow  (76:'HVACSecondary-Fan-FanRatios.rule' line 111)
2020-03-31 12:43:13 - Error:  Division by zero evaluating rule: Set ANNUAL_BASELINE ThrmlZn:VentSysDsgnFlow  (76:'HVACSecondary-Fan-FanRatios.rule' line 111)
2020-03-31 12:43:13 - Error:  Division by zero evaluating rule: Set ANNUAL_BASELINE ThrmlZn:VentSysDsgnFlow  (76:'HVACSecondary-Fan-FanRatios.rule' line 111)
2020-03-31 12:43:13 - Error:  Division by zero evaluating rule: Set ANNUAL_BASELINE ThrmlZn:VentSysDsgnFlow  (76:'HVACSecondary-Fan-FanRatios.rule' line 111)
2020-03-31 12:43:13 - Error:  Division by zero evaluating rule: Set ANNUAL_BASELINE ThrmlZn:VentSysDsgnFlow  (76:'HVACSecondary-Fan-FanRatios.rule' line 111)
2020-03-31 12:43:13 - Error:  Division by zero evaluating rule: Set ANNUAL_BASELINE ThrmlZn:VentSysDsgnFlow  (76:'HVACSecondary-Fan-FanRatios.rule' line 111)
2020-03-31 12:43:14 -   PerfAnal_NRes - Bypassing OpenStudio (and simulation) for ab model
2020-03-31 12:43:14 -   PerfAnal_NRes - Completed analysis steps thru #7
2020-03-31 12:43:14 - Analysis incomplete  Processing time:  Overall 3:42 / SDD2IDF x2 avg 0:05 / SizSim x0 0:00 / AnnSim x2 avg 1:32 / ReportGen x0 0:00 / Other 0:23
2020-03-31 12:43:14 -       ResultsSummary population:  bAbort = (false) / RuleProcAbort = (false) / iRetVal = 0 / pszResultsSummary = (empty) / iResultsSummaryLen = 3200
2020-03-31 12:43:14 -       ResultsSummary components1:  2020-03-31 12:43:14 / instance / High-Rise Mixed-Use (10-story) / CTZ03S22A / Title24ProposedOnly / 3:42 /  / 
2020-03-31 12:43:14 -       ResultsSummary components2:  CBECC-Com 2022.0.1 RV (1113) / BEMCmpMgr 2022.0.1 RV (6107) / CA 2022 Nonresidential, Vers. 1.0 Alpha /  /  / - / C:\Users\ndperry\Documents\CBECC-Com 2022 Data\EPW\ / C:\Users\ndperry\Documents\GitHub\T24-2022-CASE-Modeling\framework\analysis\hpte\runs\hr-base-op\cz03\
2020-03-31 12:43:14 -       ResultsSummary:  2020-03-31 12:43:14,"instance","High-Rise Mixed-Use (10-story)","CTZ03S22A","Pol  0% RetAdd NoLeak",125400,150480,"Title24ProposedOnly",3:42,,,"--","--","Successful (204 warnings)",6.21558,35254.1,59366.3,66.2731,3813.09,1088.9,52113,151708,231906,0,181711,6890.07,0,0,572215,3425.93,0,0,0,0,9492.07,0,12918,754.553,0,0,0,13672.6,0,0,0,0,0,0,0,0,0,0,0,0,0,7.20691,12.4399,13.8099,0.0288818,0.890879,18.3852,11.0421,63.8038,55.0082,0,43.3554,1.5264,0,0,163.694,136.908,26.7857,0,0,,0,16,"Thermal Zone: F10 2-Bed NE",0,"--","--","",0,0,0,0,0,0,0,0,0,0,0,0,0,0,0,0,0,0,0,0,0,0,0,0,0,0,0,0,0,0,0,0,0,0,0,0,0,0,0,0,0,0,0,0,0,0,0,0,0,0,0,0,0,0,0,0,0,0,0,,,,,,,7.57854e-05,11.8136,8.37219,0.0126927,1.1471,0.124303,8.9425,30.4125,40.0913,0,31.5421,0.786538,0,0,102.832,0,0,0,0,0,0,0,0,0,0,0,0,0,0,0,"CBECC-Com 2022.0.1 RV (1113)","BEMCmpMgr 2022.0.1 RV (6107)","CA 2022 Nonresidential, Vers. 1.0 Alpha","","","-","C:\Users\ndperry\Documents\CBECC-Com 2022 Data\EPW\","C:\Users\ndperry\Documents\GitHub\T24-2022-CASE-Modeling\framework\analysis\hpte\runs\hr-base-op\cz03\",0.00110108,3.92928,9.20205,0.00534093,0.355031,0.178109,5.74294,19.42,35.8106,0,31.324,1.127,0,0,87.68,1.64269,0,0,0,0,4.55132,0,6.19,0.361798,0,0,0,6.55,0,0,0,0,0,0,0,0,0,0,0,0,0,0,0,0,0,0,0,0,0,0,0,0,0,0,0,0,2.54456,0.590257,1.38233,0.000802311,0.0533329,7.07638,0.862706,12.5104,5.93987,0,4.70549,0.169298,0,0,23.325,0,0,0,0,0,0,0,0,0,0,0,0,0,0,0,

2020-03-31 12:43:19 - -----------------------------------------------------------------------------
2020-03-31 12:43:19 - Opening Project 'cz03\instance.cibd22'...
2020-03-31 12:43:20 -    Model load successful into CBECC-Com 2022.0.1 RV (1113)
2020-03-31 12:43:20 - Performing Building Database check...
2020-03-31 12:43:20 - Building Database check completed, no problems found.
2020-03-31 12:43:24 - Project Saved
2020-03-31 13:46:09 - -----------------------------------------------------------------------------
2020-03-31 13:46:09 - Opening Project 'cz03\instance.cibd22'...
2020-03-31 13:46:09 -    Model load successful into CBECC-Com 2022.0.1 RV (1113)
2020-03-31 13:46:10 - Performing Building Database check...
2020-03-31 13:46:10 - Building Database check completed, no problems found.
