2020-03-08 23:39:32 - -----------------------------------------------------------------------------
2020-03-08 23:39:32 - Opening Project 'cz11\instance.cibd22'...
2020-03-08 23:39:33 -    Model load successful into CBECC-Com 2022.0.1 RV (1113)
2020-03-08 23:39:33 - Performing Building Database check...
2020-03-08 23:39:33 - Building Database check completed, no problems found.
2020-03-08 23:39:37 -   PerfAnal_NRes - starting, w/ arguments:
2020-03-08 23:39:37 -        BEMBasePathFile    = (null)
2020-03-08 23:39:37 -        RulesetPathFile    = (null)
2020-03-08 23:39:37 -        SimWeatherPath     = C:\Users\mnakajima\Documents\CBECC-Com 2022 Data\EPW\
2020-03-08 23:39:37 -        CompMgrDLLPath     = (null)
2020-03-08 23:39:37 -        DHWWeatherPath     = (null)
2020-03-08 23:39:37 -        ProcessingPath     = C:\Users\mnakajima\Documents\GitHub\T24-2022-CASE-Modeling\framework\analysis\all-electric\runs\mumr-VRF\cz11\instance - run\
2020-03-08 23:39:37 -        ModelPathFile      = C:\Users\mnakajima\Documents\GitHub\T24-2022-CASE-Modeling\framework\analysis\all-electric\runs\mumr-VRF\cz11\instance.cibd22
2020-03-08 23:39:37 -        LogPathFile        = (null)
2020-03-08 23:39:37 -        UIVersionString    = CBECC-Com 2022.0.1 RV (1113)
2020-03-08 23:39:37 -        LoadModelFile      = false
2020-03-08 23:39:37 -        OptionsCSV         = AllowAnalysisAbort,0,StoreBEMDetails,1,AnalysisThruStep,8,ModelRpt_ALL,1,ExportHourlyResults_All,1,PromptUserUMLHWarning,1,PreAnalysisCheckPromptOption,3,CompReportWarningOption,5,
2020-03-08 23:39:37 -        ErrorMsg           = (assumed to be initialized)
2020-03-08 23:39:37 -        ErrorMsgLen        = 2056
2020-03-08 23:39:37 -        DisplayProgress    = true
2020-03-08 23:39:37 -        ResultsSummary     = (empty)
2020-03-08 23:39:37 -        ResultsSummaryLen  = 3200
2020-03-08 23:39:37 -        pProgCallbackFunc  = (null)
2020-03-08 23:39:38 - Performing Building Database check...
2020-03-08 23:39:38 - Building Database check completed, no problems found.
2020-03-08 23:39:38 - Warning:  The following developer options must be defaulted (not specified by the user) in order to perform a valid compliance analysis:
          Proj 'Mid-Rise Mixed-Use (5-story)' AutoHardSize
          Proj 'Mid-Rise Mixed-Use (5-story)' AutoEffInput
2020-03-08 23:39:39 -    1 file hash check(s) failed on executable and/or analysis support files (analysis continuing w/ report signature disabled)
2020-03-08 23:39:41 -   PerfAnal_NRes - AnalysisThruStep being set to #7 due to Proj:AnalysisType = Title24ProposedOnly
2020-03-08 23:39:41 - Performing Building Database check...
2020-03-08 23:39:41 - Building Database check completed, no problems found.
2020-03-08 23:39:41 - Warning:  The AirSystem:Count for multi-zone system 'DOAS1' is not consistent with the maximum or minimum ThermalZone:Multiplier of the zones the system serves. This indicates the HVAC system serves more than 1 floor, or that Multipliers or system Count may be improperly defined. Check inputs for consistency. evaluating rule: Set CHECKCODE AirSys:Cnt  (68:'HVACSecondary-General.rule' line 1398)
2020-03-08 23:39:46 -   PerfAnal_NRes - Bypassing OpenStudio (and simulation) for zp model
2020-03-08 23:39:50 -   PerfAnal_NRes - Bypassing OpenStudio (and simulation) for zb model
2020-03-08 23:47:02 - Error:  Undefined data: numerator evaluating rule: Set ANNUAL_BASELINE Fan:FlowCap  (75:'HVACSecondary-Fan-General.rule' line 494)
2020-03-08 23:47:02 - Error:  Undefined data: numerator evaluating rule: Set ANNUAL_BASELINE Fan:FlowCap  (75:'HVACSecondary-Fan-General.rule' line 494)
2020-03-08 23:47:02 - Error:  Undefined data: numerator evaluating rule: Set ANNUAL_BASELINE Fan:FlowCap  (75:'HVACSecondary-Fan-General.rule' line 494)
2020-03-08 23:47:02 - Error:  Undefined data: numerator evaluating rule: Set ANNUAL_BASELINE Fan:FlowCap  (75:'HVACSecondary-Fan-General.rule' line 529)
2020-03-08 23:47:02 - Error:  Undefined data: numerator evaluating rule: Set ANNUAL_BASELINE Fan:FlowCap  (75:'HVACSecondary-Fan-General.rule' line 529)
2020-03-08 23:47:02 - Error:  Undefined data: numerator evaluating rule: Set ANNUAL_BASELINE Fan:FlowCap  (75:'HVACSecondary-Fan-General.rule' line 529)
2020-03-08 23:47:02 - Error:  Undefined data: numerator evaluating rule: Set ANNUAL_BASELINE Fan:FlowCap  (75:'HVACSecondary-Fan-General.rule' line 529)
2020-03-08 23:47:02 - Error:  Undefined data: numerator evaluating rule: Set ANNUAL_BASELINE Fan:FlowCap  (75:'HVACSecondary-Fan-General.rule' line 529)
2020-03-08 23:47:02 - Error:  Undefined data: numerator evaluating rule: Set ANNUAL_BASELINE Fan:FlowCap  (75:'HVACSecondary-Fan-General.rule' line 529)
2020-03-08 23:47:02 - Error:  Undefined data: numerator evaluating rule: Set ANNUAL_BASELINE Fan:FlowCap  (75:'HVACSecondary-Fan-General.rule' line 529)
2020-03-08 23:47:02 - Error:  Undefined data: numerator evaluating rule: Set ANNUAL_BASELINE Fan:FlowCap  (75:'HVACSecondary-Fan-General.rule' line 529)
2020-03-08 23:47:02 - Error:  Undefined data: numerator evaluating rule: Set ANNUAL_BASELINE Fan:FlowCap  (75:'HVACSecondary-Fan-General.rule' line 529)
2020-03-08 23:47:02 - Error:  Undefined data: numerator evaluating rule: Set ANNUAL_BASELINE Fan:FlowCap  (75:'HVACSecondary-Fan-General.rule' line 529)
2020-03-08 23:47:02 - Error:  Undefined data: numerator evaluating rule: Set ANNUAL_BASELINE Fan:FlowCap  (75:'HVACSecondary-Fan-General.rule' line 529)
2020-03-08 23:47:02 - Error:  Undefined data: numerator evaluating rule: Set ANNUAL_BASELINE Fan:FlowCap  (75:'HVACSecondary-Fan-General.rule' line 529)
2020-03-08 23:47:02 - Error:  Undefined data: numerator evaluating rule: Set ANNUAL_BASELINE Fan:FlowCap  (75:'HVACSecondary-Fan-General.rule' line 529)
2020-03-08 23:47:02 - Error:  Undefined data: numerator evaluating rule: Set ANNUAL_BASELINE Fan:FlowCap  (75:'HVACSecondary-Fan-General.rule' line 529)
2020-03-08 23:47:02 - Error:  Undefined data: numerator evaluating rule: Set ANNUAL_BASELINE Fan:FlowCap  (75:'HVACSecondary-Fan-General.rule' line 529)
2020-03-08 23:47:02 - Error:  Undefined data: numerator evaluating rule: Set ANNUAL_BASELINE Fan:FlowCap  (75:'HVACSecondary-Fan-General.rule' line 529)
2020-03-08 23:47:02 - Error:  Undefined data: numerator evaluating rule: Set ANNUAL_BASELINE Fan:FlowCap  (75:'HVACSecondary-Fan-General.rule' line 529)
2020-03-08 23:47:02 - Error:  Undefined data: numerator evaluating rule: Set ANNUAL_BASELINE Fan:FlowCap  (75:'HVACSecondary-Fan-General.rule' line 529)
2020-03-08 23:47:02 - Error:  Undefined data: numerator evaluating rule: Set ANNUAL_BASELINE Fan:FlowCap  (75:'HVACSecondary-Fan-General.rule' line 529)
2020-03-08 23:47:02 - Error:  Undefined data: numerator evaluating rule: Set ANNUAL_BASELINE Fan:FlowCap  (75:'HVACSecondary-Fan-General.rule' line 529)
2020-03-08 23:47:02 - Error:  Undefined data: numerator evaluating rule: Set ANNUAL_BASELINE Fan:FlowCap  (75:'HVACSecondary-Fan-General.rule' line 529)
2020-03-08 23:47:02 - Error:  Undefined data: numerator evaluating rule: Set ANNUAL_BASELINE Fan:FlowCap  (75:'HVACSecondary-Fan-General.rule' line 529)
2020-03-08 23:47:02 - Error:  Undefined data: numerator evaluating rule: Set ANNUAL_BASELINE Fan:FlowCap  (75:'HVACSecondary-Fan-General.rule' line 529)
2020-03-08 23:47:02 - Error:  Undefined data: numerator evaluating rule: Set ANNUAL_BASELINE Fan:FlowCap  (75:'HVACSecondary-Fan-General.rule' line 529)
2020-03-08 23:47:02 - Error:  Undefined data: numerator evaluating rule: Set ANNUAL_BASELINE Fan:FlowCap  (75:'HVACSecondary-Fan-General.rule' line 529)
2020-03-08 23:47:02 - Error:  Undefined data: numerator evaluating rule: Set ANNUAL_BASELINE Fan:FlowCap  (75:'HVACSecondary-Fan-General.rule' line 529)
2020-03-08 23:47:02 - Error:  Division by zero evaluating rule: Set ANNUAL_BASELINE ThrmlZn:PriAirCondgSysDsgnFlow  (76:'HVACSecondary-Fan-FanRatios.rule' line 67)
2020-03-08 23:47:02 - Error:  Division by zero evaluating rule: Set ANNUAL_BASELINE ThrmlZn:PriAirCondgSysDsgnFlow  (76:'HVACSecondary-Fan-FanRatios.rule' line 67)
2020-03-08 23:47:02 - Error:  Division by zero evaluating rule: Set ANNUAL_BASELINE ThrmlZn:PriAirCondgSysDsgnFlow  (76:'HVACSecondary-Fan-FanRatios.rule' line 67)
2020-03-08 23:47:02 - Error:  Division by zero evaluating rule: Set ANNUAL_BASELINE ThrmlZn:PriAirCondgSysDsgnFlow  (76:'HVACSecondary-Fan-FanRatios.rule' line 67)
2020-03-08 23:47:02 - Error:  Division by zero evaluating rule: Set ANNUAL_BASELINE ThrmlZn:PriAirCondgSysDsgnFlow  (76:'HVACSecondary-Fan-FanRatios.rule' line 67)
2020-03-08 23:47:02 - Error:  Division by zero evaluating rule: Set ANNUAL_BASELINE ThrmlZn:PriAirCondgSysDsgnFlow  (76:'HVACSecondary-Fan-FanRatios.rule' line 67)
2020-03-08 23:47:02 - Error:  Division by zero evaluating rule: Set ANNUAL_BASELINE ThrmlZn:PriAirCondgSysDsgnFlow  (76:'HVACSecondary-Fan-FanRatios.rule' line 67)
2020-03-08 23:47:02 - Error:  Division by zero evaluating rule: Set ANNUAL_BASELINE ThrmlZn:PriAirCondgSysDsgnFlow  (76:'HVACSecondary-Fan-FanRatios.rule' line 67)
2020-03-08 23:47:02 - Error:  Division by zero evaluating rule: Set ANNUAL_BASELINE ThrmlZn:PriAirCondgSysDsgnFlow  (76:'HVACSecondary-Fan-FanRatios.rule' line 67)
2020-03-08 23:47:02 - Error:  Division by zero evaluating rule: Set ANNUAL_BASELINE ThrmlZn:PriAirCondgSysDsgnFlow  (76:'HVACSecondary-Fan-FanRatios.rule' line 67)
2020-03-08 23:47:02 - Error:  Division by zero evaluating rule: Set ANNUAL_BASELINE ThrmlZn:PriAirCondgSysDsgnFlow  (76:'HVACSecondary-Fan-FanRatios.rule' line 67)
2020-03-08 23:47:02 - Error:  Division by zero evaluating rule: Set ANNUAL_BASELINE ThrmlZn:PriAirCondgSysDsgnFlow  (76:'HVACSecondary-Fan-FanRatios.rule' line 67)
2020-03-08 23:47:02 - Error:  Division by zero evaluating rule: Set ANNUAL_BASELINE ThrmlZn:VentSysDsgnFlow  (76:'HVACSecondary-Fan-FanRatios.rule' line 111)
2020-03-08 23:47:02 - Error:  Division by zero evaluating rule: Set ANNUAL_BASELINE ThrmlZn:VentSysDsgnFlow  (76:'HVACSecondary-Fan-FanRatios.rule' line 111)
2020-03-08 23:47:02 - Error:  Division by zero evaluating rule: Set ANNUAL_BASELINE ThrmlZn:VentSysDsgnFlow  (76:'HVACSecondary-Fan-FanRatios.rule' line 111)
2020-03-08 23:47:02 - Error:  Division by zero evaluating rule: Set ANNUAL_BASELINE ThrmlZn:VentSysDsgnFlow  (76:'HVACSecondary-Fan-FanRatios.rule' line 111)
2020-03-08 23:47:02 - Error:  Division by zero evaluating rule: Set ANNUAL_BASELINE ThrmlZn:VentSysDsgnFlow  (76:'HVACSecondary-Fan-FanRatios.rule' line 111)
2020-03-08 23:47:02 - Error:  Division by zero evaluating rule: Set ANNUAL_BASELINE ThrmlZn:VentSysDsgnFlow  (76:'HVACSecondary-Fan-FanRatios.rule' line 111)
2020-03-08 23:47:02 - Error:  Division by zero evaluating rule: Set ANNUAL_BASELINE ThrmlZn:VentSysDsgnFlow  (76:'HVACSecondary-Fan-FanRatios.rule' line 111)
2020-03-08 23:47:02 - Error:  Division by zero evaluating rule: Set ANNUAL_BASELINE ThrmlZn:VentSysDsgnFlow  (76:'HVACSecondary-Fan-FanRatios.rule' line 111)
2020-03-08 23:47:02 - Error:  Division by zero evaluating rule: Set ANNUAL_BASELINE ThrmlZn:VentSysDsgnFlow  (76:'HVACSecondary-Fan-FanRatios.rule' line 111)
2020-03-08 23:47:02 - Error:  Division by zero evaluating rule: Set ANNUAL_BASELINE ThrmlZn:VentSysDsgnFlow  (76:'HVACSecondary-Fan-FanRatios.rule' line 111)
2020-03-08 23:47:02 - Error:  Division by zero evaluating rule: Set ANNUAL_BASELINE ThrmlZn:VentSysDsgnFlow  (76:'HVACSecondary-Fan-FanRatios.rule' line 111)
2020-03-08 23:47:02 - Error:  Division by zero evaluating rule: Set ANNUAL_BASELINE ThrmlZn:VentSysDsgnFlow  (76:'HVACSecondary-Fan-FanRatios.rule' line 111)
2020-03-08 23:47:03 -   PerfAnal_NRes - Bypassing OpenStudio (and simulation) for ab model
2020-03-08 23:47:03 -   PerfAnal_NRes - Completed analysis steps thru #7
2020-03-08 23:47:03 - Analysis incomplete  Processing time:  Overall 7:25 / SDD2IDF x2 avg 0:06 / SizSim x0 0:00 / AnnSim x2 avg 3:23 / ReportGen x0 0:00 / Other 0:24
2020-03-08 23:47:03 -       ResultsSummary population:  bAbort = (false) / RuleProcAbort = (false) / iRetVal = 0 / pszResultsSummary = (empty) / iResultsSummaryLen = 3200
2020-03-08 23:47:03 -       ResultsSummary components1:  2020-03-08 23:47:03 / instance / Mid-Rise Mixed-Use (5-story) / CTZ11S22A / Title24ProposedOnly / 7:25 /  / 
2020-03-08 23:47:03 -       ResultsSummary components2:  CBECC-Com 2022.0.1 RV (1113) / BEMCmpMgr 2022.0.1 RV (6107) / CA 2022 Nonresidential, Vers. 1.0 Alpha /  /  / - / C:\Users\mnakajima\Documents\CBECC-Com 2022 Data\EPW\ / C:\Users\mnakajima\Documents\GitHub\T24-2022-CASE-Modeling\framework\analysis\all-electric\runs\mumr-VRF\cz11\
2020-03-08 23:47:03 -       ResultsSummary:  2020-03-08 23:47:03,"instance","Mid-Rise Mixed-Use (5-story)","CTZ11S22A","Pol  0% RetAdd NoLeak",113100,141000,"Title24ProposedOnly",7:25,,,"--","--","Successful (330 warnings)",19586.2,146497,55467.3,0,214.042,13326.4,81961.5,317053,217441,0,149101,34551.8,0,0,718147,2134.18,0,0,0,0,8703.31,0,10837.5,586.724,0,0,0,11424.2,0,0,0,0,0,0,0,0,0,0,0,0,0,10.0016,47.6766,14.1019,0,0.0482061,21.7786,19.3967,113.004,55.7311,0,38.5354,8.47645,0,0,215.747,190.877,24.8698,0,2930,"Thermal Zone: F2-4 Corridor",0,1495.75,"Thermal Zone: F5 Corridor",0,"--","--","",0,0,0,0,0,0,0,0,0,0,0,0,0,0,0,0,0,0,0,0,0,0,0,0,0,0,0,0,0,0,0,0,0,0,0,0,0,0,0,0,0,0,0,0,0,0,0,0,0,0,0,0,0,0,0,0,0,0,0,,,,,,,8.02577e-06,58.7295,9.95794,0,0.00969649,2.08198,14.3272,85.1063,38.321,0,25.7371,3.94427,0,0,153.109,0,0,0,0,0,0,0,0,0,0,0,0,0,0,0,"CBECC-Com 2022.0.1 RV (1113)","BEMCmpMgr 2022.0.1 RV (6107)","CA 2022 Nonresidential, Vers. 1.0 Alpha","","","-","C:\Users\mnakajima\Documents\CBECC-Com 2022 Data\EPW\","C:\Users\mnakajima\Documents\GitHub\T24-2022-CASE-Modeling\framework\analysis\all-electric\runs\mumr-VRF\cz11\",4.2341,17.4491,7.86237,0,0.0310333,1.68941,9.05828,40.32,32.1279,0,25.58,5.65158,0,0,103.68,1.02331,0,0,0,0,4.17312,0,5.19,0.281326,0,0,0,5.47,0,0,0,0,0,0,0,0,0,0,0,0,0,0,0,0,0,0,0,0,0,0,0,0,0,0,0,0,2.46262,2.90628,1.30953,0,0.00516881,7.44818,1.50872,15.6405,5.83428,0,4.26052,0.941311,0,0,26.6766,0,0,0,0,0,0,0,0,0,0,0,0,0,0,0,

2020-03-08 23:47:08 - -----------------------------------------------------------------------------
2020-03-08 23:47:08 - Opening Project 'cz11\instance.cibd22'...
2020-03-08 23:47:09 -    Model load successful into CBECC-Com 2022.0.1 RV (1113)
2020-03-08 23:47:09 - Performing Building Database check...
2020-03-08 23:47:09 - Building Database check completed, no problems found.
2020-03-08 23:47:12 - Project Saved
2020-03-09 10:29:21 - -----------------------------------------------------------------------------
2020-03-09 10:29:21 - Opening Project 'cz11\instance.cibd22'...
2020-03-09 10:29:22 -    Model load successful into CBECC-Com 2022.0.1 RV (1113)
2020-03-09 10:29:23 - Performing Building Database check...
2020-03-09 10:29:23 - Building Database check completed, no problems found.
2020-03-09 10:29:29 -   PerfAnal_NRes - starting, w/ arguments:
2020-03-09 10:29:29 -        BEMBasePathFile    = (null)
2020-03-09 10:29:29 -        RulesetPathFile    = (null)
2020-03-09 10:29:29 -        SimWeatherPath     = C:\Users\mnakajima\Documents\CBECC-Com 2022 Data\EPW\
2020-03-09 10:29:29 -        CompMgrDLLPath     = (null)
2020-03-09 10:29:29 -        DHWWeatherPath     = (null)
2020-03-09 10:29:29 -        ProcessingPath     = C:\Users\mnakajima\Documents\GitHub\T24-2022-CASE-Modeling\framework\analysis\all-electric\runs\mumr-VRF\cz11\instance - run\
2020-03-09 10:29:29 -        ModelPathFile      = C:\Users\mnakajima\Documents\GitHub\T24-2022-CASE-Modeling\framework\analysis\all-electric\runs\mumr-VRF\cz11\instance.cibd22
2020-03-09 10:29:29 -        LogPathFile        = (null)
2020-03-09 10:29:29 -        UIVersionString    = CBECC-Com 2022.0.1 RV (1113)
2020-03-09 10:29:29 -        LoadModelFile      = false
2020-03-09 10:29:29 -        OptionsCSV         = AllowAnalysisAbort,0,StoreBEMDetails,1,AnalysisThruStep,8,ModelRpt_ALL,1,ExportHourlyResults_All,1,PromptUserUMLHWarning,1,PreAnalysisCheckPromptOption,3,CompReportWarningOption,5,
2020-03-09 10:29:29 -        ErrorMsg           = (assumed to be initialized)
2020-03-09 10:29:29 -        ErrorMsgLen        = 2056
2020-03-09 10:29:29 -        DisplayProgress    = true
2020-03-09 10:29:29 -        ResultsSummary     = (empty)
2020-03-09 10:29:29 -        ResultsSummaryLen  = 3200
2020-03-09 10:29:29 -        pProgCallbackFunc  = (null)
2020-03-09 10:29:30 - Performing Building Database check...
2020-03-09 10:29:30 - Building Database check completed, no problems found.
2020-03-09 10:29:30 - Warning:  The following developer options must be defaulted (not specified by the user) in order to perform a valid compliance analysis:
          Proj 'Mid-Rise Mixed-Use (5-story)' AutoHardSize
          Proj 'Mid-Rise Mixed-Use (5-story)' AutoEffInput
2020-03-09 10:29:30 -    1 file hash check(s) failed on executable and/or analysis support files (analysis continuing w/ report signature disabled)
2020-03-09 10:29:33 - Performing Building Database check...
2020-03-09 10:29:33 - Building Database check completed, no problems found.
2020-03-09 10:29:33 - Warning:  The AirSystem:Count for multi-zone system 'DOAS1' is not consistent with the maximum or minimum ThermalZone:Multiplier of the zones the system serves. This indicates the HVAC system serves more than 1 floor, or that Multipliers or system Count may be improperly defined. Check inputs for consistency. evaluating rule: Set CHECKCODE AirSys:Cnt  (68:'HVACSecondary-General.rule' line 1398)
2020-03-09 10:29:40 -   PerfAnal_NRes - Bypassing OpenStudio (and simulation) for zp model
2020-03-09 10:40:01 -   PerfSim_E+ - Final Result: PASS  -- compliance margin: 0.31 (0.27%)
2020-03-09 10:40:04 - Analysis result:  PASS  (TDV margin: 0.31)  Processing time:  Overall 10:35 / SDD2IDF x4 avg 0:09 / SizSim x2 avg 0:19 / AnnSim x2 avg 4:14 / ReportGen x0 0:00 / Other 0:44
2020-03-09 10:40:04 -       ResultsSummary population:  bAbort = (false) / RuleProcAbort = (false) / iRetVal = 0 / pszResultsSummary = (empty) / iResultsSummaryLen = 3200
2020-03-09 10:40:04 -       ResultsSummary components1:  2020-03-09 10:40:04 / instance / Mid-Rise Mixed-Use (5-story) / CTZ11S22A / Title24Compliance / 10:35 / PASS / 0.31
2020-03-09 10:40:04 -       ResultsSummary components2:  CBECC-Com 2022.0.1 RV (1113) / BEMCmpMgr 2022.0.1 RV (6107) / CA 2022 Nonresidential, Vers. 1.0 Alpha / 1.11.3.f52686d8e1 / 9.0.1-bb7ca4f0da / CSE19 0.865.0+dhwloop.68861ec.94 EXE / C:\Users\mnakajima\Documents\CBECC-Com 2022 Data\EPW\ / C:\Users\mnakajima\Documents\GitHub\T24-2022-CASE-Modeling\framework\analysis\all-electric\runs\mumr-VRF\cz11\
2020-03-09 10:40:04 -       ResultsSummary:  2020-03-09 10:40:04,"instance","Mid-Rise Mixed-Use (5-story)","CTZ11S22A","Pol  0% RetAdd NoLeak",113100,141000,"Title24Compliance",10:35,PASS,0.31,"--","--","Successful (330 warnings)",19586.2,146497,55467.3,0,214.042,13326.4,81961.5,317053,217441,0,149101,34551.8,0,0,718147,2134.18,0,0,0,0,8703.31,0,10837.5,586.724,0,0,0,11424.2,0,0,0,0,0,0,0,0,0,0,0,0,0,10.0016,47.6766,14.1019,0,0.0482061,21.7786,19.3967,113.004,55.7311,0,38.5354,8.47645,0,0,215.747,190.877,24.8698,0,2930,"Thermal Zone: F2-4 Corridor",0,1495.75,"Thermal Zone: F5 Corridor",0,"--","--","Successful (235 warnings)",17.6132,138093,58533.3,0,79.2628,13335.7,81961.5,292021,217441,0,149101,34551.8,0,0,693115,4572.86,0,0,0,0,8703.31,0,13276.2,586.724,0,0,0,13862.9,0,0,0,0,0,0,0,0,0,0,0,0,0,10.8541,45.4926,15.7684,0,0.0201408,21.7873,19.3967,113.319,55.7311,0,38.5354,8.47645,0,0,216.062,185.385,30.6769,0,0,,0,0,,0,8.02577e-06,58.7295,9.95794,0,0.00969649,2.08198,14.3272,85.1063,38.321,0,25.7371,3.94427,0,0,153.109,2.67574e-06,59.6552,12.6385,0,0.000332458,2.07796,14.3272,88.6992,38.321,0,25.7371,3.94427,0,0,156.702,"CBECC-Com 2022.0.1 RV (1113)","BEMCmpMgr 2022.0.1 RV (6107)","CA 2022 Nonresidential, Vers. 1.0 Alpha","1.11.3.f52686d8e1","9.0.1-bb7ca4f0da","CSE19 0.865.0+dhwloop.68861ec.94 EXE","C:\Users\mnakajima\Documents\CBECC-Com 2022 Data\EPW\","C:\Users\mnakajima\Documents\GitHub\T24-2022-CASE-Modeling\framework\analysis\all-electric\runs\mumr-VRF\cz11\",4.2341,17.4491,7.86237,0,0.0310333,1.68941,9.05828,40.32,32.1279,0,25.58,5.65158,0,0,103.68,1.02331,0,0,0,0,4.17312,0,5.19,0.281326,0,0,0,5.47,0.00353358,15.9324,8.2398,0,0.0163069,1.69682,9.05828,34.95,32.1279,0,25.58,5.65158,0,0,98.31,2.19262,0,0,0,0,4.17312,0,6.36,0.281326,0,0,0,6.64,2.46262,2.90628,1.30953,0,0.00516881,7.44818,1.50872,15.6405,5.83428,0,4.26052,0.941311,0,0,26.6766,3.76613,2.65366,1.3724,0,0.00271603,7.44941,1.50872,16.753,5.83428,0,4.26052,0.941311,0,0,27.7892,

2020-03-09 10:40:09 - -----------------------------------------------------------------------------
2020-03-09 10:40:09 - Opening Project 'cz11\instance.cibd22'...
2020-03-09 10:40:11 -    Model load successful into CBECC-Com 2022.0.1 RV (1113)
2020-03-09 10:40:11 - Performing Building Database check...
2020-03-09 10:40:11 - Building Database check completed, no problems found.
2020-03-09 10:40:16 - Project Saved
2020-03-09 14:07:44 - -----------------------------------------------------------------------------
2020-03-09 14:07:44 - Opening Project 'cz11\instance.cibd22'...
2020-03-09 14:07:45 -    Model load successful into CBECC-Com 2022.0.1 RV (1113)
2020-03-09 14:07:46 - Performing Building Database check...
2020-03-09 14:07:46 - Building Database check completed, no problems found.
2020-03-09 14:07:53 -   PerfAnal_NRes - starting, w/ arguments:
2020-03-09 14:07:53 -        BEMBasePathFile    = (null)
2020-03-09 14:07:53 -        RulesetPathFile    = (null)
2020-03-09 14:07:53 -        SimWeatherPath     = C:\Users\mnakajima\Documents\CBECC-Com 2022 Data\EPW\
2020-03-09 14:07:53 -        CompMgrDLLPath     = (null)
2020-03-09 14:07:53 -        DHWWeatherPath     = (null)
2020-03-09 14:07:53 -        ProcessingPath     = C:\Users\mnakajima\Documents\GitHub\T24-2022-CASE-Modeling\framework\analysis\all-electric\runs\mumr-VRF\cz11\instance - run\
2020-03-09 14:07:53 -        ModelPathFile      = C:\Users\mnakajima\Documents\GitHub\T24-2022-CASE-Modeling\framework\analysis\all-electric\runs\mumr-VRF\cz11\instance.cibd22
2020-03-09 14:07:53 -        LogPathFile        = (null)
2020-03-09 14:07:53 -        UIVersionString    = CBECC-Com 2022.0.1 RV (1113)
2020-03-09 14:07:53 -        LoadModelFile      = false
2020-03-09 14:07:53 -        OptionsCSV         = AllowAnalysisAbort,0,StoreBEMDetails,1,AnalysisThruStep,8,ModelRpt_ALL,1,ExportHourlyResults_All,1,PromptUserUMLHWarning,1,PreAnalysisCheckPromptOption,3,CompReportWarningOption,5,
2020-03-09 14:07:53 -        ErrorMsg           = (assumed to be initialized)
2020-03-09 14:07:53 -        ErrorMsgLen        = 2056
2020-03-09 14:07:53 -        DisplayProgress    = true
2020-03-09 14:07:53 -        ResultsSummary     = (empty)
2020-03-09 14:07:53 -        ResultsSummaryLen  = 3200
2020-03-09 14:07:53 -        pProgCallbackFunc  = (null)
2020-03-09 14:07:54 - Performing Building Database check...
2020-03-09 14:07:54 - Building Database check completed, no problems found.
2020-03-09 14:07:54 - Warning:  The following developer options must be defaulted (not specified by the user) in order to perform a valid compliance analysis:
          Proj 'Mid-Rise Mixed-Use (5-story)' AutoHardSize
          Proj 'Mid-Rise Mixed-Use (5-story)' AutoEffInput
2020-03-09 14:07:55 -    1 file hash check(s) failed on executable and/or analysis support files (analysis continuing w/ report signature disabled)
2020-03-09 14:07:58 - Performing Building Database check...
2020-03-09 14:07:58 - Building Database check completed, no problems found.
2020-03-09 14:07:58 - Warning:  The AirSystem:Count for multi-zone system 'DOAS1' is not consistent with the maximum or minimum ThermalZone:Multiplier of the zones the system serves. This indicates the HVAC system serves more than 1 floor, or that Multipliers or system Count may be improperly defined. Check inputs for consistency. evaluating rule: Set CHECKCODE AirSys:Cnt  (68:'HVACSecondary-General.rule' line 1398)
2020-03-09 14:07:58 - Warning:  The net heating capacity for HeatPump coil 'CoilHtg 2' differs from the system's net cooling capacity by more than 20%. evaluating rule: Set CHECKCODE CoilHtg:CapTotNetRtd  (83:'HVACSecondary-CoilHeating-Capacity.rule' line 765)
2020-03-09 14:07:58 - Warning:  The net heating capacity for HeatPump coil 'CoilHtg 3' differs from the system's net cooling capacity by more than 20%. evaluating rule: Set CHECKCODE CoilHtg:CapTotNetRtd  (83:'HVACSecondary-CoilHeating-Capacity.rule' line 765)
2020-03-09 14:07:58 - Warning:  The net heating capacity for HeatPump coil 'CoilHtg 13' differs from the system's net cooling capacity by more than 20%. evaluating rule: Set CHECKCODE CoilHtg:CapTotNetRtd  (83:'HVACSecondary-CoilHeating-Capacity.rule' line 765)
2020-03-09 14:07:58 - Warning:  The net heating capacity for HeatPump coil 'CoilHtg 15' differs from the system's net cooling capacity by more than 20%. evaluating rule: Set CHECKCODE CoilHtg:CapTotNetRtd  (83:'HVACSecondary-CoilHeating-Capacity.rule' line 765)
2020-03-09 14:07:58 - Warning:  The net heating capacity for HeatPump coil 'CoilHtg 16' differs from the system's net cooling capacity by more than 20%. evaluating rule: Set CHECKCODE CoilHtg:CapTotNetRtd  (83:'HVACSecondary-CoilHeating-Capacity.rule' line 765)
2020-03-09 14:07:58 - Warning:  The net heating capacity for HeatPump coil 'CoilHtg 17' differs from the system's net cooling capacity by more than 20%. evaluating rule: Set CHECKCODE CoilHtg:CapTotNetRtd  (83:'HVACSecondary-CoilHeating-Capacity.rule' line 765)
2020-03-09 14:07:58 - Warning:  The net heating capacity for HeatPump coil 'CoilHtg 20' differs from the system's net cooling capacity by more than 20%. evaluating rule: Set CHECKCODE CoilHtg:CapTotNetRtd  (83:'HVACSecondary-CoilHeating-Capacity.rule' line 765)
2020-03-09 14:07:58 - Warning:  The net heating capacity for HeatPump coil 'CoilHtg 22' differs from the system's net cooling capacity by more than 20%. evaluating rule: Set CHECKCODE CoilHtg:CapTotNetRtd  (83:'HVACSecondary-CoilHeating-Capacity.rule' line 765)
2020-03-09 14:07:58 - Warning:  The net heating capacity for HeatPump coil 'CoilHtg 25' differs from the system's net cooling capacity by more than 20%. evaluating rule: Set CHECKCODE CoilHtg:CapTotNetRtd  (83:'HVACSecondary-CoilHeating-Capacity.rule' line 765)
2020-03-09 14:08:08 -   PerfAnal_NRes - Bypassing OpenStudio (and simulation) for zp model
2020-03-09 14:20:51 -   PerfSim_E+ - Final Result: FAIL  -- compliance margin: -0.1 (-0.09%)
2020-03-09 14:20:55 - Analysis result:  FAIL  (TDV margin: -0.10)  Processing time:  Overall 13:02 / SDD2IDF x4 avg 0:12 / SizSim x2 avg 0:25 / AnnSim x2 avg 5:08 / ReportGen x0 0:00 / Other 0:57
2020-03-09 14:20:55 -       ResultsSummary population:  bAbort = (false) / RuleProcAbort = (false) / iRetVal = 0 / pszResultsSummary = (empty) / iResultsSummaryLen = 3200
2020-03-09 14:20:55 -       ResultsSummary components1:  2020-03-09 14:20:55 / instance / Mid-Rise Mixed-Use (5-story) / CTZ11S22A / Title24Compliance / 13:02 / FAIL / -0.10
2020-03-09 14:20:55 -       ResultsSummary components2:  CBECC-Com 2022.0.1 RV (1113) / BEMCmpMgr 2022.0.1 RV (6107) / CA 2022 Nonresidential, Vers. 1.0 Alpha / 1.11.3.f52686d8e1 / 9.0.1-bb7ca4f0da / CSE19 0.865.0+dhwloop.68861ec.94 EXE / C:\Users\mnakajima\Documents\CBECC-Com 2022 Data\EPW\ / C:\Users\mnakajima\Documents\GitHub\T24-2022-CASE-Modeling\framework\analysis\all-electric\runs\mumr-VRF\cz11\
2020-03-09 14:20:55 -       ResultsSummary:  2020-03-09 14:20:55,"instance","Mid-Rise Mixed-Use (5-story)","CTZ11S22A","Pol  0% RetAdd NoLeak",113100,141000,"Title24Compliance",13:02,FAIL,-0.10,"--","--","Successful (359 warnings)",19489.7,147794,55323.1,0,214.008,13326.4,81961.5,318108,217441,0,149101,34551.8,0,0,719202,2134.12,0,0,0,0,8703.31,0,10837.4,586.724,0,0,0,11424.2,0,0,0,0,0,0,0,0,0,0,0,0,0,9.9773,48.151,14.0587,0,0.0481952,21.7786,19.3967,113.411,55.7311,0,38.5354,8.47645,0,0,216.154,191.284,24.8697,0,2930,"Thermal Zone: F2-4 Corridor",0,1496,"Thermal Zone: F5 Corridor",0,"--","--","Successful (235 warnings)",17.6132,138093,58533.3,0,79.2628,13335.7,81961.5,292021,217441,0,149101,34551.8,0,0,693115,4572.86,0,0,0,0,8703.31,0,13276.2,586.724,0,0,0,13862.9,0,0,0,0,0,0,0,0,0,0,0,0,0,10.8541,45.4926,15.7684,0,0.0201408,21.7873,19.3967,113.319,55.7311,0,38.5354,8.47645,0,0,216.062,185.385,30.6769,0,0,,0,0,,0,8.02578e-06,59.1136,9.90983,0,0.00969649,2.08198,14.3272,85.4423,38.321,0,25.7371,3.94427,0,0,153.445,2.67574e-06,59.6552,12.6385,0,0.000332458,2.07796,14.3272,88.6992,38.321,0,25.7371,3.94427,0,0,156.702,"CBECC-Com 2022.0.1 RV (1113)","BEMCmpMgr 2022.0.1 RV (6107)","CA 2022 Nonresidential, Vers. 1.0 Alpha","1.11.3.f52686d8e1","9.0.1-bb7ca4f0da","CSE19 0.865.0+dhwloop.68861ec.94 EXE","C:\Users\mnakajima\Documents\CBECC-Com 2022 Data\EPW\","C:\Users\mnakajima\Documents\GitHub\T24-2022-CASE-Modeling\framework\analysis\all-electric\runs\mumr-VRF\cz11\",4.21314,17.6336,7.83901,0,0.0310234,1.68941,9.05828,40.46,32.1279,0,25.58,5.65158,0,0,103.82,1.02328,0,0,0,0,4.17312,0,5.19,0.281326,0,0,0,5.47,0.00353358,15.9324,8.2398,0,0.0163069,1.69682,9.05828,34.95,32.1279,0,25.58,5.65158,0,0,98.31,2.19262,0,0,0,0,4.17312,0,6.36,0.281326,0,0,0,6.64,2.45908,2.937,1.30564,0,0.00516717,7.44818,1.50872,15.6638,5.83428,0,4.26052,0.941311,0,0,26.6999,3.76613,2.65366,1.3724,0,0.00271603,7.44941,1.50872,16.753,5.83428,0,4.26052,0.941311,0,0,27.7892,

2020-03-09 14:21:01 - -----------------------------------------------------------------------------
2020-03-09 14:21:01 - Opening Project 'cz11\instance.cibd22'...
2020-03-09 14:21:02 -    Model load successful into CBECC-Com 2022.0.1 RV (1113)
2020-03-09 14:21:03 - Performing Building Database check...
2020-03-09 14:21:03 - Building Database check completed, no problems found.
2020-03-09 14:21:13 - Project Saved
2020-03-09 17:17:26 - -----------------------------------------------------------------------------
2020-03-09 17:17:26 - Opening Project 'cz11\instance.cibd22'...
2020-03-09 17:17:29 -    Model load successful into CBECC-Com 2022.0.1 RV (1113)
2020-03-09 17:17:29 - Performing Building Database check...
2020-03-09 17:17:29 - Building Database check completed, no problems found.
2020-03-09 17:17:36 -   PerfAnal_NRes - starting, w/ arguments:
2020-03-09 17:17:36 -        BEMBasePathFile    = (null)
2020-03-09 17:17:36 -        RulesetPathFile    = (null)
2020-03-09 17:17:36 -        SimWeatherPath     = C:\Users\mnakajima\Documents\CBECC-Com 2022 Data\EPW\
2020-03-09 17:17:36 -        CompMgrDLLPath     = (null)
2020-03-09 17:17:36 -        DHWWeatherPath     = (null)
2020-03-09 17:17:36 -        ProcessingPath     = C:\Users\mnakajima\Documents\GitHub\T24-2022-CASE-Modeling\framework\analysis\all-electric\runs\mumr-VRF\cz11\instance - run\
2020-03-09 17:17:36 -        ModelPathFile      = C:\Users\mnakajima\Documents\GitHub\T24-2022-CASE-Modeling\framework\analysis\all-electric\runs\mumr-VRF\cz11\instance.cibd22
2020-03-09 17:17:36 -        LogPathFile        = (null)
2020-03-09 17:17:36 -        UIVersionString    = CBECC-Com 2022.0.1 RV (1113)
2020-03-09 17:17:36 -        LoadModelFile      = false
2020-03-09 17:17:36 -        OptionsCSV         = AllowAnalysisAbort,0,StoreBEMDetails,1,AnalysisThruStep,8,ModelRpt_ALL,1,ExportHourlyResults_All,1,PromptUserUMLHWarning,1,PreAnalysisCheckPromptOption,3,CompReportWarningOption,5,
2020-03-09 17:17:36 -        ErrorMsg           = (assumed to be initialized)
2020-03-09 17:17:36 -        ErrorMsgLen        = 2056
2020-03-09 17:17:36 -        DisplayProgress    = true
2020-03-09 17:17:36 -        ResultsSummary     = (empty)
2020-03-09 17:17:36 -        ResultsSummaryLen  = 3200
2020-03-09 17:17:36 -        pProgCallbackFunc  = (null)
2020-03-09 17:17:37 - Performing Building Database check...
2020-03-09 17:17:37 - Building Database check completed, no problems found.
2020-03-09 17:17:37 - Warning:  The following developer options must be defaulted (not specified by the user) in order to perform a valid compliance analysis:
          Proj 'Mid-Rise Mixed-Use (5-story)' AutoHardSize
          Proj 'Mid-Rise Mixed-Use (5-story)' AutoEffInput
2020-03-09 17:17:37 -    1 file hash check(s) failed on executable and/or analysis support files (analysis continuing w/ report signature disabled)
2020-03-09 17:17:40 - Performing Building Database check...
2020-03-09 17:17:40 - Building Database check completed, no problems found.
2020-03-09 17:17:40 - Warning:  The AirSystem:Count for multi-zone system 'DOAS1' is not consistent with the maximum or minimum ThermalZone:Multiplier of the zones the system serves. This indicates the HVAC system serves more than 1 floor, or that Multipliers or system Count may be improperly defined. Check inputs for consistency. evaluating rule: Set CHECKCODE AirSys:Cnt  (68:'HVACSecondary-General.rule' line 1398)
2020-03-09 17:17:40 - Warning:  The net heating capacity for HeatPump coil 'DOAS1 CoilHtg' differs from the system's net cooling capacity by more than 15%. evaluating rule: Set CHECKCODE CoilHtg:CapTotNetRtd  (83:'HVACSecondary-CoilHeating-Capacity.rule' line 701)
2020-03-09 17:17:40 - Warning:  The net heating capacity for HeatPump coil 'CoilHtg 2' differs from the system's net cooling capacity by more than 20%. evaluating rule: Set CHECKCODE CoilHtg:CapTotNetRtd  (83:'HVACSecondary-CoilHeating-Capacity.rule' line 765)
2020-03-09 17:17:40 - Warning:  The net heating capacity for HeatPump coil 'CoilHtg 3' differs from the system's net cooling capacity by more than 20%. evaluating rule: Set CHECKCODE CoilHtg:CapTotNetRtd  (83:'HVACSecondary-CoilHeating-Capacity.rule' line 765)
2020-03-09 17:17:40 - Warning:  The net heating capacity for HeatPump coil 'CoilHtg 13' differs from the system's net cooling capacity by more than 20%. evaluating rule: Set CHECKCODE CoilHtg:CapTotNetRtd  (83:'HVACSecondary-CoilHeating-Capacity.rule' line 765)
2020-03-09 17:17:40 - Warning:  The net heating capacity for HeatPump coil 'CoilHtg 15' differs from the system's net cooling capacity by more than 20%. evaluating rule: Set CHECKCODE CoilHtg:CapTotNetRtd  (83:'HVACSecondary-CoilHeating-Capacity.rule' line 765)
2020-03-09 17:17:40 - Warning:  The net heating capacity for HeatPump coil 'CoilHtg 16' differs from the system's net cooling capacity by more than 20%. evaluating rule: Set CHECKCODE CoilHtg:CapTotNetRtd  (83:'HVACSecondary-CoilHeating-Capacity.rule' line 765)
2020-03-09 17:17:40 - Warning:  The net heating capacity for HeatPump coil 'CoilHtg 17' differs from the system's net cooling capacity by more than 20%. evaluating rule: Set CHECKCODE CoilHtg:CapTotNetRtd  (83:'HVACSecondary-CoilHeating-Capacity.rule' line 765)
2020-03-09 17:17:40 - Warning:  The net heating capacity for HeatPump coil 'CoilHtg 20' differs from the system's net cooling capacity by more than 20%. evaluating rule: Set CHECKCODE CoilHtg:CapTotNetRtd  (83:'HVACSecondary-CoilHeating-Capacity.rule' line 765)
2020-03-09 17:17:40 - Warning:  The net heating capacity for HeatPump coil 'CoilHtg 22' differs from the system's net cooling capacity by more than 20%. evaluating rule: Set CHECKCODE CoilHtg:CapTotNetRtd  (83:'HVACSecondary-CoilHeating-Capacity.rule' line 765)
2020-03-09 17:17:40 - Warning:  The net heating capacity for HeatPump coil 'CoilHtg 25' differs from the system's net cooling capacity by more than 20%. evaluating rule: Set CHECKCODE CoilHtg:CapTotNetRtd  (83:'HVACSecondary-CoilHeating-Capacity.rule' line 765)
2020-03-09 17:17:50 -   PerfAnal_NRes - Bypassing OpenStudio (and simulation) for zp model
2020-03-09 17:32:49 -   PerfSim_E+ - Final Result: FAIL  -- compliance margin: -0.47 (-0.41%)
2020-03-09 17:32:54 - Analysis result:  FAIL  (TDV margin: -0.47)  Processing time:  Overall 15:17 / SDD2IDF x4 avg 0:15 / SizSim x2 avg 0:29 / AnnSim x2 avg 6:05 / ReportGen x0 0:00 / Other 1:02
2020-03-09 17:32:54 -       ResultsSummary population:  bAbort = (false) / RuleProcAbort = (false) / iRetVal = 0 / pszResultsSummary = (empty) / iResultsSummaryLen = 3200
2020-03-09 17:32:54 -       ResultsSummary components1:  2020-03-09 17:32:54 / instance / Mid-Rise Mixed-Use (5-story) / CTZ11S22A / Title24Compliance / 15:17 / FAIL / -0.47
2020-03-09 17:32:54 -       ResultsSummary components2:  CBECC-Com 2022.0.1 RV (1113) / BEMCmpMgr 2022.0.1 RV (6107) / CA 2022 Nonresidential, Vers. 1.0 Alpha / 1.11.3.f52686d8e1 / 9.0.1-bb7ca4f0da / CSE19 0.865.0+dhwloop.68861ec.94 EXE / C:\Users\mnakajima\Documents\CBECC-Com 2022 Data\EPW\ / C:\Users\mnakajima\Documents\GitHub\T24-2022-CASE-Modeling\framework\analysis\all-electric\runs\mumr-VRF\cz11\
2020-03-09 17:32:54 -       ResultsSummary:  2020-03-09 17:32:54,"instance","Mid-Rise Mixed-Use (5-story)","CTZ11S22A","Pol  0% RetAdd NoLeak",113100,141000,"Title24Compliance",15:17,FAIL,-0.47,"--","--","Successful (360 warnings)",21037.5,147886,55122.4,0,214.095,13326.4,81961.5,319548,217441,0,149101,34551.8,0,0,720642,2134.94,0,0,0,0,8703.31,0,10838.3,586.724,0,0,0,11425,0,0,0,0,0,0,0,0,0,0,0,0,0,10.3842,48.1691,14.0075,0,0.0482222,21.7786,19.3967,113.784,55.7311,0,38.5354,8.47645,0,0,216.527,191.656,24.8716,0,2953.25,"Thermal Zone: F2-4 Corridor",0,1311.75,"Thermal Zone: F5 Corridor",0,"--","--","Successful (235 warnings)",17.6132,138093,58533.3,0,79.2628,13335.7,81961.5,292021,217441,0,149101,34551.8,0,0,693115,4572.86,0,0,0,0,8703.31,0,13276.2,586.724,0,0,0,13862.9,0,0,0,0,0,0,0,0,0,0,0,0,0,10.8541,45.4926,15.7684,0,0.0201408,21.7873,19.3967,113.319,55.7311,0,38.5354,8.47645,0,0,216.062,185.385,30.6769,0,0,,0,0,,0,8.02577e-06,59.1136,9.90983,0,0.00969649,2.08198,14.3272,85.4423,38.321,0,25.7371,3.94427,0,0,153.445,2.67574e-06,59.6552,12.6385,0,0.000332458,2.07796,14.3272,88.6992,38.321,0,25.7371,3.94427,0,0,156.702,"CBECC-Com 2022.0.1 RV (1113)","BEMCmpMgr 2022.0.1 RV (6107)","CA 2022 Nonresidential, Vers. 1.0 Alpha","1.11.3.f52686d8e1","9.0.1-bb7ca4f0da","CSE19 0.865.0+dhwloop.68861ec.94 EXE","C:\Users\mnakajima\Documents\CBECC-Com 2022 Data\EPW\","C:\Users\mnakajima\Documents\GitHub\T24-2022-CASE-Modeling\framework\analysis\all-electric\runs\mumr-VRF\cz11\",4.58431,17.6433,7.78415,0,0.0310483,1.68942,9.05828,40.78,32.1279,0,25.58,5.65158,0,0,104.14,1.02367,0,0,0,0,4.17312,0,5.19,0.281326,0,0,0,5.47,0.00353358,15.9324,8.2398,0,0.0163069,1.69682,9.05828,34.95,32.1279,0,25.58,5.65158,0,0,98.31,2.19262,0,0,0,0,4.17312,0,6.36,0.281326,0,0,0,6.64,2.52157,2.93861,1.29651,0,0.00517131,7.44818,1.50872,15.7188,5.83428,0,4.26052,0.941311,0,0,26.7549,3.76613,2.65366,1.3724,0,0.00271603,7.44941,1.50872,16.753,5.83428,0,4.26052,0.941311,0,0,27.7892,

2020-03-09 17:33:00 - -----------------------------------------------------------------------------
2020-03-09 17:33:00 - Opening Project 'cz11\instance.cibd22'...
2020-03-09 17:33:02 -    Model load successful into CBECC-Com 2022.0.1 RV (1113)
2020-03-09 17:33:02 - Performing Building Database check...
2020-03-09 17:33:02 - Building Database check completed, no problems found.
2020-03-09 17:33:22 - Project Saved
