2019-12-13 13:22:35 - -----------------------------------------------------------------------------
2019-12-13 13:22:35 - Opening Project 'cz03\instance.cibd19'...
2019-12-13 13:22:35 - Error resolving project component references: 22 not found.
2019-12-13 13:22:35 -       'ZnSys F2-4 1-Bed Core N' (once)
2019-12-13 13:22:35 -       'ZnSys F2-4 1-Bed Core West' (once)
2019-12-13 13:22:35 -       'ZnSys F2-4 1-Bed Core East' (once)
2019-12-13 13:22:35 -       'ZnSys F2-4 1-Bed North' (once)
2019-12-13 13:22:35 -       'ZnSys F2-4 2-Bed Core NE-NW' (once)
2019-12-13 13:22:35 -       'ZnSys F2-4 2-Bed East' (once)
2019-12-13 13:22:35 -       'ZnSys F2-4 2-Bed West' (once)
2019-12-13 13:22:35 -       'ZnSys F2-4 3-Bed NE' (once)
2019-12-13 13:22:35 -       'ZnSys F2-4 3-Bed NW' (once)
2019-12-13 13:22:35 -       'ZnSys F2-4 Studio SE' (once)
2019-12-13 13:22:35 -       'ZnSys F2-4 Studio SW' (once)
2019-12-13 13:22:35 -       (plus 11 other object reference(s))
2019-12-13 13:22:35 -    Model load failed (return code 6) into CBECC-Com 2019.1.0 (1079)
2019-12-13 13:22:35 - Error(s) encountered (return code 6: Unable to read/parse building energy model file) reading project file:  C:\Users\mnakajima\Documents\GitHub\T24-2022-CASE-Modeling\framework\analysis\hvac\runs\mumr-baseline\cz03\instance.cibd19
2019-12-13 13:22:35 - Performing Building Database check...
2019-12-13 13:22:35 - Building Database check completed, no problems found.
2019-12-13 13:22:39 -   PerfAnal_NRes - starting, w/ arguments:
2019-12-13 13:22:39 -        BEMBasePathFile    = (null)
2019-12-13 13:22:39 -        RulesetPathFile    = (null)
2019-12-13 13:22:39 -        SimWeatherPath     = C:\Users\mnakajima\Documents\CBECC-Com 2019 Data\EPW\
2019-12-13 13:22:39 -        CompMgrDLLPath     = (null)
2019-12-13 13:22:39 -        DHWWeatherPath     = (null)
2019-12-13 13:22:39 -        ProcessingPath     = C:\Users\mnakajima\Documents\GitHub\T24-2022-CASE-Modeling\framework\analysis\hvac\runs\mumr-baseline\cz03\instance - run\
2019-12-13 13:22:39 -        ModelPathFile      = C:\Users\mnakajima\Documents\GitHub\T24-2022-CASE-Modeling\framework\analysis\hvac\runs\mumr-baseline\cz03\instance.cibd19
2019-12-13 13:22:39 -        LogPathFile        = (null)
2019-12-13 13:22:39 -        UIVersionString    = CBECC-Com 2019.1.0 (1079)
2019-12-13 13:22:39 -        LoadModelFile      = false
2019-12-13 13:22:39 -        OptionsCSV         = AllowAnalysisAbort,0,StoreBEMDetails,1,AnalysisThruStep,8,ModelRpt_ALL,1,SimulationStorage,7,ExportHourlyResults_All,1,PromptUserUMLHWarning,1,PreAnalysisCheckPromptOption,3,CompReportWarningOption,5,
2019-12-13 13:22:39 -        ErrorMsg           = (assumed to be initialized)
2019-12-13 13:22:39 -        ErrorMsgLen        = 2056
2019-12-13 13:22:39 -        DisplayProgress    = true
2019-12-13 13:22:39 -        ResultsSummary     = (empty)
2019-12-13 13:22:39 -        ResultsSummaryLen  = 3200
2019-12-13 13:22:39 -        pProgCallbackFunc  = (null)
2019-12-13 13:22:39 - Performing Building Database check...
2019-12-13 13:22:39 - Building Database check completed, no problems found.
2019-12-13 13:22:39 - Warning:  The following developer options must be defaulted (not specified by the user) in order to perform a valid compliance analysis:
          Proj 'Mid-Rise Mixed-Use (5-story)' AutoHardSize
          Proj 'Mid-Rise Mixed-Use (5-story)' AutoEffInput
2019-12-13 13:22:41 - Performing Building Database check...
2019-12-13 13:22:41 - Building Database check completed, no problems found.
2019-12-13 13:22:41 - Error:  ThermalZone 'Thermal Zone: F2-4 1-Bed Core N' is Conditioned, but does not have a system assigned to PrimaryAirConditioningSystem. Assign a system or revise to Unconditioned/Plenum evaluating rule: Set CHECKSIM ThrmlZn:PriAirCondgSysRef[1]  (60:'ThermalZone-General.rule' line 482)
2019-12-13 13:22:41 - Error:  ThermalZone 'Thermal Zone: F2-4 1-Bed Core West' is Conditioned, but does not have a system assigned to PrimaryAirConditioningSystem. Assign a system or revise to Unconditioned/Plenum evaluating rule: Set CHECKSIM ThrmlZn:PriAirCondgSysRef[1]  (60:'ThermalZone-General.rule' line 482)
2019-12-13 13:22:41 - Error:  ThermalZone 'Thermal Zone: F2-4 1-Bed Core East' is Conditioned, but does not have a system assigned to PrimaryAirConditioningSystem. Assign a system or revise to Unconditioned/Plenum evaluating rule: Set CHECKSIM ThrmlZn:PriAirCondgSysRef[1]  (60:'ThermalZone-General.rule' line 482)
2019-12-13 13:22:41 - Error:  ThermalZone 'Thermal Zone: F2-4 1-Bed North' is Conditioned, but does not have a system assigned to PrimaryAirConditioningSystem. Assign a system or revise to Unconditioned/Plenum evaluating rule: Set CHECKSIM ThrmlZn:PriAirCondgSysRef[1]  (60:'ThermalZone-General.rule' line 482)
2019-12-13 13:22:41 - Error:  ThermalZone 'Thermal Zone: F2-4 2-Bed Core NE-NW' is Conditioned, but does not have a system assigned to PrimaryAirConditioningSystem. Assign a system or revise to Unconditioned/Plenum evaluating rule: Set CHECKSIM ThrmlZn:PriAirCondgSysRef[1]  (60:'ThermalZone-General.rule' line 482)
2019-12-13 13:22:41 - Error:  ThermalZone 'Thermal Zone: F2-4 2-Bed East' is Conditioned, but does not have a system assigned to PrimaryAirConditioningSystem. Assign a system or revise to Unconditioned/Plenum evaluating rule: Set CHECKSIM ThrmlZn:PriAirCondgSysRef[1]  (60:'ThermalZone-General.rule' line 482)
2019-12-13 13:22:41 - Error:  ThermalZone 'Thermal Zone: F2-4 2-Bed West' is Conditioned, but does not have a system assigned to PrimaryAirConditioningSystem. Assign a system or revise to Unconditioned/Plenum evaluating rule: Set CHECKSIM ThrmlZn:PriAirCondgSysRef[1]  (60:'ThermalZone-General.rule' line 482)
2019-12-13 13:22:41 - Error:  ThermalZone 'Thermal Zone: F2-4 3-Bed NE' is Conditioned, but does not have a system assigned to PrimaryAirConditioningSystem. Assign a system or revise to Unconditioned/Plenum evaluating rule: Set CHECKSIM ThrmlZn:PriAirCondgSysRef[1]  (60:'ThermalZone-General.rule' line 482)
2019-12-13 13:22:41 - Error:  ThermalZone 'Thermal Zone: F2-4 3-Bed NW' is Conditioned, but does not have a system assigned to PrimaryAirConditioningSystem. Assign a system or revise to Unconditioned/Plenum evaluating rule: Set CHECKSIM ThrmlZn:PriAirCondgSysRef[1]  (60:'ThermalZone-General.rule' line 482)
2019-12-13 13:22:41 - Error:  ThermalZone 'Thermal Zone: F2-4 Studio SE' is Conditioned, but does not have a system assigned to PrimaryAirConditioningSystem. Assign a system or revise to Unconditioned/Plenum evaluating rule: Set CHECKSIM ThrmlZn:PriAirCondgSysRef[1]  (60:'ThermalZone-General.rule' line 482)
2019-12-13 13:22:41 - Error:  ThermalZone 'Thermal Zone: F2-4 Studio SW' is Conditioned, but does not have a system assigned to PrimaryAirConditioningSystem. Assign a system or revise to Unconditioned/Plenum evaluating rule: Set CHECKSIM ThrmlZn:PriAirCondgSysRef[1]  (60:'ThermalZone-General.rule' line 482)
2019-12-13 13:22:41 - Error:  ThermalZone 'Thermal Zone: F5 1-Bed Core N' is Conditioned, but does not have a system assigned to PrimaryAirConditioningSystem. Assign a system or revise to Unconditioned/Plenum evaluating rule: Set CHECKSIM ThrmlZn:PriAirCondgSysRef[1]  (60:'ThermalZone-General.rule' line 482)
2019-12-13 13:22:41 - Error:  ThermalZone 'Thermal Zone: F5 1-Bed Core West' is Conditioned, but does not have a system assigned to PrimaryAirConditioningSystem. Assign a system or revise to Unconditioned/Plenum evaluating rule: Set CHECKSIM ThrmlZn:PriAirCondgSysRef[1]  (60:'ThermalZone-General.rule' line 482)
2019-12-13 13:22:41 - Error:  ThermalZone 'Thermal Zone: F5 1-Bed Core East' is Conditioned, but does not have a system assigned to PrimaryAirConditioningSystem. Assign a system or revise to Unconditioned/Plenum evaluating rule: Set CHECKSIM ThrmlZn:PriAirCondgSysRef[1]  (60:'ThermalZone-General.rule' line 482)
2019-12-13 13:22:41 - Error:  ThermalZone 'Thermal Zone: F5 1-Bed North' is Conditioned, but does not have a system assigned to PrimaryAirConditioningSystem. Assign a system or revise to Unconditioned/Plenum evaluating rule: Set CHECKSIM ThrmlZn:PriAirCondgSysRef[1]  (60:'ThermalZone-General.rule' line 482)
2019-12-13 13:22:41 - Error:  ThermalZone 'Thermal Zone: F5 2-Bed Core NE-NW' is Conditioned, but does not have a system assigned to PrimaryAirConditioningSystem. Assign a system or revise to Unconditioned/Plenum evaluating rule: Set CHECKSIM ThrmlZn:PriAirCondgSysRef[1]  (60:'ThermalZone-General.rule' line 482)
2019-12-13 13:22:41 - Error:  ThermalZone 'Thermal Zone: F5 2-Bed East' is Conditioned, but does not have a system assigned to PrimaryAirConditioningSystem. Assign a system or revise to Unconditioned/Plenum evaluating rule: Set CHECKSIM ThrmlZn:PriAirCondgSysRef[1]  (60:'ThermalZone-General.rule' line 482)
2019-12-13 13:22:41 - Error:  ThermalZone 'Thermal Zone: F5 2-Bed West' is Conditioned, but does not have a system assigned to PrimaryAirConditioningSystem. Assign a system or revise to Unconditioned/Plenum evaluating rule: Set CHECKSIM ThrmlZn:PriAirCondgSysRef[1]  (60:'ThermalZone-General.rule' line 482)
2019-12-13 13:22:41 - Error:  ThermalZone 'Thermal Zone: F5 3-Bed NE' is Conditioned, but does not have a system assigned to PrimaryAirConditioningSystem. Assign a system or revise to Unconditioned/Plenum evaluating rule: Set CHECKSIM ThrmlZn:PriAirCondgSysRef[1]  (60:'ThermalZone-General.rule' line 482)
2019-12-13 13:22:41 - Error:  ThermalZone 'Thermal Zone: F5 3-Bed NW' is Conditioned, but does not have a system assigned to PrimaryAirConditioningSystem. Assign a system or revise to Unconditioned/Plenum evaluating rule: Set CHECKSIM ThrmlZn:PriAirCondgSysRef[1]  (60:'ThermalZone-General.rule' line 482)
2019-12-13 13:22:41 - Error:  ThermalZone 'Thermal Zone: F5 Studio SE' is Conditioned, but does not have a system assigned to PrimaryAirConditioningSystem. Assign a system or revise to Unconditioned/Plenum evaluating rule: Set CHECKSIM ThrmlZn:PriAirCondgSysRef[1]  (60:'ThermalZone-General.rule' line 482)
2019-12-13 13:22:41 - Error:  ThermalZone 'Thermal Zone: F5 Studio SW' is Conditioned, but does not have a system assigned to PrimaryAirConditioningSystem. Assign a system or revise to Unconditioned/Plenum evaluating rule: Set CHECKSIM ThrmlZn:PriAirCondgSysRef[1]  (60:'ThermalZone-General.rule' line 482)
2019-12-13 13:22:42 - Warning:  The AirSystem:Count for multi-zone system 'DOAS1' is not consistent with the maximum or minimum ThermalZone:Multiplier of the zones the system serves. This indicates the HVAC system serves more than 1 floor, or that Multipliers or system Count may be improperly defined. Check inputs for consistency. evaluating rule: Set CHECKCODE AirSys:Cnt  (68:'HVACSecondary-General.rule' line 1360)
2019-12-13 13:22:42 - Analysis aborted  Processing time:  Overall 0:03 / SDD2IDF x0 0:00 / SizSim x0 0:00 / AnnSim x0 0:00 / ReportGen x0 0:00 / Other 0:03
2019-12-13 13:22:42 -       ResultsSummary population:  bAbort = (true) / RuleProcAbort = (false) / iRetVal = 12 / pszResultsSummary = (empty) / iResultsSummaryLen = 3200
2019-12-13 13:22:42 - 22 Error(s) encountered performing analysis (error code 12):
     (first 10 reported below, all are listed in project log file)

(1) Error:  ThermalZone 'Thermal Zone: F2-4 1-Bed Core N' is Conditioned, but does not have a system assigned to PrimaryAirConditioningSystem. Assign a system or revise to Unconditioned/Plenum evaluating rule: Set CHECKSIM ThrmlZn:PriAirCondgSysRef[1]  (60:'ThermalZone-General.rule' line 482)

(2) Error:  ThermalZone 'Thermal Zone: F2-4 1-Bed Core West' is Conditioned, but does not have a system assigned to PrimaryAirConditioningSystem. Assign a system or revise to Unconditioned/Plenum evaluating rule: Set CHECKSIM ThrmlZn:PriAirCondgSysRef[1]  (60:'ThermalZone-General.rule' line 482)

(3) Error:  ThermalZone 'Thermal Zone: F2-4 1-Bed Core East' is Conditioned, but does not have a system assigned to PrimaryAirConditioningSystem. Assign a system or revise to Unconditioned/Plenum evaluating rule: Set CHECKSIM ThrmlZn:PriAirCondgSysRef[1]  (60:'ThermalZone-General.rule' line 482)

(4) Error:  ThermalZone 'Thermal Zone: F2-4 1-Bed North' is Conditioned, but does not have a system assigned to PrimaryAirConditioningSystem. Assign a system or revise to Unconditioned/Plenum evaluating rule: Set CHECKSIM ThrmlZn:PriAirCondgSysRef[1]  (60:'ThermalZone-General.rule' line 482)

(5) Error:  ThermalZone 'Thermal Zone: F2-4 2-Bed Core NE-NW' is Conditioned, but does not have a system assigned to PrimaryAirConditioningSystem. Assign a system or revise to Unconditioned/Plenum evaluating rule: Set CHECKSIM ThrmlZn:PriAirCondgSysRef[1]  (60:'ThermalZone-General.rule' line 482)

(6) Error:  ThermalZone 'Thermal Zone: F2-4 2-Bed East' is Conditioned, but does not have a system assigned to PrimaryAirConditioningSystem. Assign a system or revise to Unconditioned/Plenum evaluating rule: Set CHECKSIM ThrmlZn:PriAirCondgSysRef[1]  (60:'ThermalZone-General.rule' line 482)

(7) Error:  ThermalZone 'Thermal Zone: F2-4 2-Bed West' is Conditioned, but does not have a system assigned to PrimaryAirConditioningSystem. Assign a system or revise to Unconditioned/Plenum evaluating rule: Set CHECKSIM ThrmlZn:PriAirCondgSysRef[1]  (60:'ThermalZone-General.rule' line 482)

(8) Error:  ThermalZone 'Thermal Zone: F2-4 3-Bed NE' is Conditioned, but does not have a system assigned to PrimaryAirConditioningSystem. Assign a system or revise to Unconditioned/Plenum evaluating rule: Set CHECKSIM ThrmlZn:PriAirCondgSysRef[1]  (60:'ThermalZone-General.rule' line 482)

(9) Error:  ThermalZone 'Thermal Zone: F2-4 3-Bed NW' is Conditioned, but does not have a system assigned to PrimaryAirConditioningSystem. Assign a system or revise to Unconditioned/Plenum evaluating rule: Set CHECKSIM ThrmlZn:PriAirCondgSysRef[1]  (60:'ThermalZone-General.rule' line 482)

(10) Error:  ThermalZone 'Thermal Zone: F2-4 Studio SE' is Conditioned, but does not have a system assigned to PrimaryAirConditioningSystem. Assign a system or revise to Unconditioned/Plenum evaluating rule: Set CHECKSIM ThrmlZn:PriAirCondgSysRef[1]  (60:'ThermalZone-General.rule' line 482)
2019-12-13 13:22:43 - -----------------------------------------------------------------------------
2019-12-13 13:22:43 - Opening Project 'cz03\instance.cibd19'...
2019-12-13 13:22:43 - Error resolving project component references: 22 not found.
2019-12-13 13:22:43 -       'ZnSys F2-4 1-Bed Core N' (once)
2019-12-13 13:22:43 -       'ZnSys F2-4 1-Bed Core West' (once)
2019-12-13 13:22:43 -       'ZnSys F2-4 1-Bed Core East' (once)
2019-12-13 13:22:43 -       'ZnSys F2-4 1-Bed North' (once)
2019-12-13 13:22:43 -       'ZnSys F2-4 2-Bed Core NE-NW' (once)
2019-12-13 13:22:43 -       'ZnSys F2-4 2-Bed East' (once)
2019-12-13 13:22:43 -       'ZnSys F2-4 2-Bed West' (once)
2019-12-13 13:22:43 -       'ZnSys F2-4 3-Bed NE' (once)
2019-12-13 13:22:43 -       'ZnSys F2-4 3-Bed NW' (once)
2019-12-13 13:22:43 -       'ZnSys F2-4 Studio SE' (once)
2019-12-13 13:22:43 -       'ZnSys F2-4 Studio SW' (once)
2019-12-13 13:22:43 -       (plus 11 other object reference(s))
2019-12-13 13:22:43 -    Model load failed (return code 6) into CBECC-Com 2019.1.0 (1079)
2019-12-13 13:22:43 - Error(s) encountered (return code 6: Unable to read/parse building energy model file) reading project file:  C:\Users\mnakajima\Documents\GitHub\T24-2022-CASE-Modeling\framework\analysis\hvac\runs\mumr-baseline\cz03\instance.cibd19
2019-12-13 13:22:46 - Project Saved
2019-12-13 16:23:08 - -----------------------------------------------------------------------------
2019-12-13 16:23:08 - Opening Project 'cz03\instance.cibd19'...
2019-12-13 16:23:09 -    Model load successful into CBECC-Com 2019.1.0 (1079)
2019-12-13 16:23:10 - Performing Building Database check...
2019-12-13 16:23:10 - Building Database check completed, no problems found.
2019-12-13 16:23:15 -   PerfAnal_NRes - starting, w/ arguments:
2019-12-13 16:23:15 -        BEMBasePathFile    = (null)
2019-12-13 16:23:15 -        RulesetPathFile    = (null)
2019-12-13 16:23:15 -        SimWeatherPath     = C:\Users\mnakajima\Documents\CBECC-Com 2019 Data\EPW\
2019-12-13 16:23:15 -        CompMgrDLLPath     = (null)
2019-12-13 16:23:15 -        DHWWeatherPath     = (null)
2019-12-13 16:23:15 -        ProcessingPath     = C:\Users\mnakajima\Documents\GitHub\T24-2022-CASE-Modeling\framework\analysis\hvac\runs\mumr-baseline\cz03\instance - run\
2019-12-13 16:23:15 -        ModelPathFile      = C:\Users\mnakajima\Documents\GitHub\T24-2022-CASE-Modeling\framework\analysis\hvac\runs\mumr-baseline\cz03\instance.cibd19
2019-12-13 16:23:15 -        LogPathFile        = (null)
2019-12-13 16:23:15 -        UIVersionString    = CBECC-Com 2019.1.0 (1079)
2019-12-13 16:23:15 -        LoadModelFile      = false
2019-12-13 16:23:15 -        OptionsCSV         = StoreBEMDetails,1,AnalysisThruStep,8,ModelRpt_ALL,1,SimulationStorage,7,ExportHourlyResults_All,1,PromptUserUMLHWarning,1,PreAnalysisCheckPromptOption,3,CompReportWarningOption,5,
2019-12-13 16:23:15 -        ErrorMsg           = (assumed to be initialized)
2019-12-13 16:23:15 -        ErrorMsgLen        = 2056
2019-12-13 16:23:15 -        DisplayProgress    = true
2019-12-13 16:23:15 -        ResultsSummary     = (empty)
2019-12-13 16:23:15 -        ResultsSummaryLen  = 3200
2019-12-13 16:23:15 -        pProgCallbackFunc  = (null)
2019-12-13 16:23:16 - Performing Building Database check...
2019-12-13 16:23:16 - Building Database check completed, no problems found.
2019-12-13 16:23:16 - Warning:  The following developer options must be defaulted (not specified by the user) in order to perform a valid compliance analysis:
          Proj 'Mid-Rise Mixed-Use (5-story)' AutoHardSize
          Proj 'Mid-Rise Mixed-Use (5-story)' AutoEffInput
2019-12-13 16:23:18 - Performing Building Database check...
2019-12-13 16:23:18 - Building Database check completed, no problems found.
2019-12-13 16:23:18 - Warning:  The AirSystem:Count for multi-zone system 'DOAS1' is not consistent with the maximum or minimum ThermalZone:Multiplier of the zones the system serves. This indicates the HVAC system serves more than 1 floor, or that Multipliers or system Count may be improperly defined. Check inputs for consistency. evaluating rule: Set CHECKCODE AirSys:Cnt  (68:'HVACSecondary-General.rule' line 1360)
2019-12-13 16:23:18 - Warning:  The net heating capacity for HeatPump coil 'CoilHtg 1' differs from the system's net cooling capacity by more than 20%. evaluating rule: Set CHECKCODE CoilHtg:CapTotNetRtd  (83:'HVACSecondary-CoilHeating-Capacity.rule' line 765)
2019-12-13 16:23:18 - Warning:  The net heating capacity for HeatPump coil 'CoilHtg 2' differs from the system's net cooling capacity by more than 20%. evaluating rule: Set CHECKCODE CoilHtg:CapTotNetRtd  (83:'HVACSecondary-CoilHeating-Capacity.rule' line 765)
2019-12-13 16:23:18 - Warning:  The net heating capacity for HeatPump coil 'CoilHtg 3' differs from the system's net cooling capacity by more than 20%. evaluating rule: Set CHECKCODE CoilHtg:CapTotNetRtd  (83:'HVACSecondary-CoilHeating-Capacity.rule' line 765)
2019-12-13 16:23:18 - Warning:  The net heating capacity for HeatPump coil 'CoilHtg 6' differs from the system's net cooling capacity by more than 20%. evaluating rule: Set CHECKCODE CoilHtg:CapTotNetRtd  (83:'HVACSecondary-CoilHeating-Capacity.rule' line 765)
2019-12-13 16:23:18 - Warning:  The net heating capacity for HeatPump coil 'CoilHtg 7' differs from the system's net cooling capacity by more than 20%. evaluating rule: Set CHECKCODE CoilHtg:CapTotNetRtd  (83:'HVACSecondary-CoilHeating-Capacity.rule' line 765)
2019-12-13 16:23:18 - Warning:  The net heating capacity for HeatPump coil 'CoilHtg 8' differs from the system's net cooling capacity by more than 20%. evaluating rule: Set CHECKCODE CoilHtg:CapTotNetRtd  (83:'HVACSecondary-CoilHeating-Capacity.rule' line 765)
2019-12-13 16:23:18 - Warning:  The net heating capacity for HeatPump coil 'CoilHtg 9' differs from the system's net cooling capacity by more than 20%. evaluating rule: Set CHECKCODE CoilHtg:CapTotNetRtd  (83:'HVACSecondary-CoilHeating-Capacity.rule' line 765)
2019-12-13 16:23:18 - Warning:  The net heating capacity for HeatPump coil 'CoilHtg 10' differs from the system's net cooling capacity by more than 20%. evaluating rule: Set CHECKCODE CoilHtg:CapTotNetRtd  (83:'HVACSecondary-CoilHeating-Capacity.rule' line 765)
2019-12-13 16:23:18 - Warning:  The net heating capacity for HeatPump coil 'CoilHtg 11' differs from the system's net cooling capacity by more than 20%. evaluating rule: Set CHECKCODE CoilHtg:CapTotNetRtd  (83:'HVACSecondary-CoilHeating-Capacity.rule' line 765)
2019-12-13 16:23:18 - Warning:  The net heating capacity for HeatPump coil 'CoilHtg 13' differs from the system's net cooling capacity by more than 20%. evaluating rule: Set CHECKCODE CoilHtg:CapTotNetRtd  (83:'HVACSecondary-CoilHeating-Capacity.rule' line 765)
2019-12-13 16:23:18 - Warning:  The net heating capacity for HeatPump coil 'CoilHtg 14' differs from the system's net cooling capacity by more than 20%. evaluating rule: Set CHECKCODE CoilHtg:CapTotNetRtd  (83:'HVACSecondary-CoilHeating-Capacity.rule' line 765)
2019-12-13 16:23:18 - Warning:  The net heating capacity for HeatPump coil 'CoilHtg 18' differs from the system's net cooling capacity by more than 20%. evaluating rule: Set CHECKCODE CoilHtg:CapTotNetRtd  (83:'HVACSecondary-CoilHeating-Capacity.rule' line 765)
2019-12-13 16:23:18 - Warning:  The net heating capacity for HeatPump coil 'CoilHtg 21' differs from the system's net cooling capacity by more than 20%. evaluating rule: Set CHECKCODE CoilHtg:CapTotNetRtd  (83:'HVACSecondary-CoilHeating-Capacity.rule' line 765)
2019-12-13 16:23:18 - Warning:  The net heating capacity for HeatPump coil 'CoilHtg 22' differs from the system's net cooling capacity by more than 20%. evaluating rule: Set CHECKCODE CoilHtg:CapTotNetRtd  (83:'HVACSecondary-CoilHeating-Capacity.rule' line 765)
2019-12-13 16:23:22 -   PerfAnal_NRes - Bypassing OpenStudio (and simulation) for zp model
2019-12-13 16:27:33 -   PerfSim_E+ - Final Result: FAIL  -- compliance margin: -0.91 (-1.23%)
2019-12-13 16:27:35 - Analysis result:  FAIL  (TDV margin: -0.91)  Processing time:  Overall 4:19 / SDD2IDF x4 avg 0:08 / SizSim x2 avg 0:13 / AnnSim x2 avg 1:25 / ReportGen x0 0:00 / Other 0:27
2019-12-13 16:27:35 -       ResultsSummary population:  bAbort = (false) / RuleProcAbort = (false) / iRetVal = 0 / pszResultsSummary = (empty) / iResultsSummaryLen = 3200
2019-12-13 16:27:35 -       ResultsSummary components1:  2019-12-13 16:27:35 / instance / Mid-Rise Mixed-Use (5-story) / OAKLAND_724930 / Title24Compliance / 4:19 / FAIL / -0.91
2019-12-13 16:27:35 -       ResultsSummary components2:  CBECC-Com 2019.1.0 (1079) / BEMCmpMgr 2019.1.0 (5962) / CA 2019 Nonresidential, Vers. 1.0 Alpha / 1.11.3.f52686d8e1 / 9.0.1-bb7ca4f0da / CSE19 0.860.0 EXE / C:\Users\mnakajima\Documents\CBECC-Com 2019 Data\EPW\ / C:\Users\mnakajima\Documents\GitHub\T24-2022-CASE-Modeling\framework\analysis\hvac\runs\mumr-baseline\cz03\
2019-12-13 16:27:35 -       ResultsSummary:  2019-12-13 16:27:35,"instance","Mid-Rise Mixed-Use (5-story)","OAKLAND_724930",113100,141000,"Title24Compliance",4:19,FAIL,-0.91,"--","--","Successful (311 warnings)",13540.4,43083.8,40725.5,0,299.966,18056.4,81559.5,197266,217441,0,149101,34551.8,0,0,598360,2330.97,0,0,0,0,10034.2,0,12365.2,586.724,0,0,0,12951.9,0,0,0,0,0,0,0,0,0,0,0,0,0,7.04803,15.7732,10.7185,0,0.0771588,20.5098,20.8281,74.9548,58.1462,0,39.7716,8.42479,0,0,181.297,160.383,20.9146,0,863.75,"Thermal Zone: F5 Corridor",0,92,"Thermal Zone: F5 Corridor",0,"--","--","Successful (224 warnings)",19.7798,39384.9,40562.1,0,100.721,18062,81459.6,179589,217441,0,149101,8626.31,0,0,554758,4164.69,0,0,0,0,10034.2,0,14198.9,586.724,0,0,0,14785.6,0,0,0,0,0,0,0,0,0,0,0,0,0,7.23447,14.7675,10.7118,0,0.0233512,20.5087,20.8062,74.0521,58.1462,0,39.7716,2.10336,0,0,174.073,149.954,24.1196,0,0,,0,0,,0,0.00048888,27.2479,8.06822,0,0.051567,2.7729,14.3656,52.5066,38.321,0,25.7371,3.94427,0,0,120.509,4.19434e-05,26.301,8.23212,0,0.00548889,2.76941,14.3602,51.6683,38.321,0,25.7371,0.984739,0,0,116.711,"CBECC-Com 2019.1.0 (1079)","BEMCmpMgr 2019.1.0 (5962)","CA 2019 Nonresidential, Vers. 1.0 Alpha","1.11.3.f52686d8e1","9.0.1-bb7ca4f0da","CSE19 0.860.0 EXE","C:\Users\mnakajima\Documents\CBECC-Com 2019 Data\EPW\","C:\Users\mnakajima\Documents\GitHub\T24-2022-CASE-Modeling\framework\analysis\hvac\runs\mumr-baseline\cz03\",

2019-12-13 16:27:55 - -----------------------------------------------------------------------------
2019-12-13 16:27:55 - Opening Project 'cz03\instance.cibd19'...
2019-12-13 16:27:56 -    Model load successful into CBECC-Com 2019.1.0 (1079)
2019-12-13 16:27:56 - Performing Building Database check...
2019-12-13 16:27:56 - Building Database check completed, no problems found.
