2020-02-21 13:14:05 - -----------------------------------------------------------------------------
2020-02-21 13:14:05 - Opening Project 'cz13\instance.cibd22'...
2020-02-21 13:14:05 -    Model load successful into CBECC-Com 2022.0.1 RV (1113)
2020-02-21 13:14:06 - Performing Building Database check...
2020-02-21 13:14:06 - Building Database check completed, no problems found.
2020-02-21 13:14:09 -   PerfAnal_NRes - starting, w/ arguments:
2020-02-21 13:14:09 -        BEMBasePathFile    = (null)
2020-02-21 13:14:09 -        RulesetPathFile    = (null)
2020-02-21 13:14:09 -        SimWeatherPath     = C:\Users\agoyal\Documents\CBECC-Com 2022 Data\EPW\
2020-02-21 13:14:09 -        CompMgrDLLPath     = (null)
2020-02-21 13:14:09 -        DHWWeatherPath     = (null)
2020-02-21 13:14:09 -        ProcessingPath     = C:\Users\agoyal\Documents\GitHub\T24-2022-CASE-Modeling\framework\analysis\hpte\runs\hr-winf-propcomb\cz13\instance - run\
2020-02-21 13:14:09 -        ModelPathFile      = C:\Users\agoyal\Documents\GitHub\T24-2022-CASE-Modeling\framework\analysis\hpte\runs\hr-winf-propcomb\cz13\instance.cibd22
2020-02-21 13:14:09 -        LogPathFile        = (null)
2020-02-21 13:14:09 -        UIVersionString    = CBECC-Com 2022.0.1 RV (1113)
2020-02-21 13:14:09 -        LoadModelFile      = false
2020-02-21 13:14:09 -        OptionsCSV         = AllowAnalysisAbort,0,StoreBEMDetails,1,AnalysisThruStep,8,ModelRpt_ALL,1,ExportHourlyResults_All,1,PromptUserUMLHWarning,1,PreAnalysisCheckPromptOption,3,CompReportWarningOption,5,
2020-02-21 13:14:09 -        ErrorMsg           = (assumed to be initialized)
2020-02-21 13:14:09 -        ErrorMsgLen        = 2056
2020-02-21 13:14:09 -        DisplayProgress    = true
2020-02-21 13:14:09 -        ResultsSummary     = (empty)
2020-02-21 13:14:09 -        ResultsSummaryLen  = 3200
2020-02-21 13:14:09 -        pProgCallbackFunc  = (null)
2020-02-21 13:14:10 - Performing Building Database check...
2020-02-21 13:14:10 - Building Database check completed, no problems found.
2020-02-21 13:14:10 - Warning:  The following developer options must be defaulted (not specified by the user) in order to perform a valid compliance analysis:
          Proj 'High-Rise Mixed-Use (10-story)' DefaultDayltgCtrls
          Proj 'High-Rise Mixed-Use (10-story)' AutoHardSize
          Proj 'High-Rise Mixed-Use (10-story)' AutoEffInput
2020-02-21 13:14:10 -    1 file hash check(s) failed on executable and/or analysis support files (analysis continuing w/ report signature disabled)
2020-02-21 13:14:12 - Performing Building Database check...
2020-02-21 13:14:12 - Building Database check completed, no problems found.
2020-02-21 13:14:12 - Warning:  The spaces assigned to thermal zone 'Thermal Zone: F1 Lounge' have cooling unmet load hour limits ranging from 150 to 8760. All spaces in the zone will be held to the minimum UMLH limit. evaluating rule: Set CHECKCODE ThrmlZn:ClgUMLHLimit  (60:'ThermalZone-General.rule' line 1738)
2020-02-21 13:14:12 - Warning:  The spaces assigned to thermal zone 'Thermal Zone: F1 Lounge' have heating unmet load hour limits ranging from 150 to 8760. All spaces in the zone will be held to the minimum UMLH limit. evaluating rule: Set CHECKCODE ThrmlZn:HtgUMLHLimit  (60:'ThermalZone-General.rule' line 1765)
2020-02-21 13:14:25 -   PerfAnal_NRes - Bypassing OpenStudio (and simulation) for zp model
2020-02-21 14:10:13 -   PerfSim_E+ - Final Result: FAIL  -- compliance margin: -12.1 (-13.44%)
2020-02-21 14:10:15 - Analysis result:  FAIL  (TDV margin: -12.10)  Processing time:  Overall 56:06 / SDD2IDF x4 avg 0:09 / SizSim x2 avg 1:28 / AnnSim x2 avg 25:51 / ReportGen x0 0:00 / Other 0:48
2020-02-21 14:10:15 -       ResultsSummary population:  bAbort = (false) / RuleProcAbort = (false) / iRetVal = 0 / pszResultsSummary = (empty) / iResultsSummaryLen = 3200
2020-02-21 14:10:15 -       ResultsSummary components1:  2020-02-21 14:10:15 / instance / High-Rise Mixed-Use (10-story) / CTZ13S22A / Title24Compliance / 56:06 / FAIL / -12.10
2020-02-21 14:10:15 -       ResultsSummary components2:  CBECC-Com 2022.0.1 RV (1113) / BEMCmpMgr 2022.0.1 RV (6107) / CA 2022 Nonresidential, Vers. 1.0 Alpha / 1.11.3.f52686d8e1 / 9.0.1-bb7ca4f0da / CSE19 0.865.0+dhwloop.68861ec.94 EXE / C:\Users\agoyal\Documents\CBECC-Com 2022 Data\EPW\ / C:\Users\agoyal\Documents\GitHub\T24-2022-CASE-Modeling\framework\analysis\hpte\runs\hr-winf-propcomb\cz13\
2020-02-21 14:10:15 -       ResultsSummary:  2020-02-21 14:10:15,"instance","High-Rise Mixed-Use (10-story)","CTZ13S22A","Pol  0% RetAdd NoLeak",125400,150480,"Title24Compliance",56:06,FAIL,-12.10,"--","--","Successful (203 warnings)",6.26088,183938,79450.1,221.115,4776.06,1088.9,52184.6,321665,231906,0,181711,6890.07,0,0,742172,3250.15,0,0,0,0,8066.58,0,11316.7,754.553,0,0,0,12071.3,0,0,0,0,0,0,0,0,0,0,0,0,0,6.96286,48.8758,18.1776,0.097559,1.07449,15.7888,11.1652,102.142,53.9576,0,42.0607,1.52103,0,0,199.682,175.736,23.9461,0,6.25,"Thermal Zone: F10 Laundry",0,6.5,"Thermal Zone: F10 2-Bed NE",0,"--","--","Successful (204 warnings)",18.8673,72579.7,90916.4,15679.2,35013.1,7677.32,52184.6,274069,231906,0,181711,6890.07,0,0,694576,3349.53,0,0,0,0,7723.57,0,11073.1,754.553,0,0,0,11827.7,0,0,0,0,0,0,0,0,0,0,0,0,0,7.19046,21.4615,21.4555,4.31261,7.9009,16.5625,11.1652,90.0487,53.9576,0,42.0607,1.52103,0,0,187.588,164.073,23.5151,0,0,,0,0,,0,3.04394e-06,57.5431,13.7603,0.0904765,1.27119,0.124303,8.98287,81.7723,40.0913,0,31.5421,0.786538,0,0,154.192,2.01899e-06,26.8853,18.4172,5.81209,6.64689,1.17241,8.98287,67.9168,40.0913,0,31.5421,0.786538,0,0,140.337,"CBECC-Com 2022.0.1 RV (1113)","BEMCmpMgr 2022.0.1 RV (6107)","CA 2022 Nonresidential, Vers. 1.0 Alpha","1.11.3.f52686d8e1","9.0.1-bb7ca4f0da","CSE19 0.865.0+dhwloop.68861ec.94 EXE","C:\Users\agoyal\Documents\CBECC-Com 2022 Data\EPW\","C:\Users\agoyal\Documents\GitHub\T24-2022-CASE-Modeling\framework\analysis\hpte\runs\hr-winf-propcomb\cz13\",0.00119142,20.2059,11.1264,0.0231578,0.476906,0.178109,5.75312,37.77,35.8106,0,31.324,1.127,0,0,106.03,1.5584,0,0,0,0,3.86782,0,5.43,0.361798,0,0,0,5.79,0.00400601,8.24654,12.5279,1.9815,4.66859,0.999636,5.75312,34.18,35.8106,0,31.324,1.127,0,0,102.44,1.60605,0,0,0,0,3.70335,0,5.31,0.361798,0,0,0,5.67,2.41402,3.03533,1.67141,0.00347877,0.071641,6.0177,0.864236,14.0778,5.93987,0,4.70549,0.169298,0,0,24.8925,2.48825,1.2388,1.88194,0.297661,0.701317,5.88636,0.864236,13.3586,5.93987,0,4.70549,0.169298,0,0,24.1732,

2020-02-21 14:10:25 - -----------------------------------------------------------------------------
2020-02-21 14:10:25 - Opening Project 'cz13\instance.cibd22'...
2020-02-21 14:10:29 -    Model load successful into CBECC-Com 2022.0.1 RV (1113)
2020-02-21 14:10:30 - Performing Building Database check...
2020-02-21 14:10:30 - Building Database check completed, no problems found.
2020-02-21 14:10:35 - Project Saved
2020-02-22 22:58:43 - -----------------------------------------------------------------------------
2020-02-22 22:58:43 - Opening Project 'cz13\instance.cibd22'...
2020-02-22 22:58:43 -    Model load successful into CBECC-Com 2022.0.1 RV (1113)
2020-02-22 22:58:44 - Performing Building Database check...
2020-02-22 22:58:44 - Building Database check completed, no problems found.
2020-02-22 22:58:47 -   PerfAnal_NRes - starting, w/ arguments:
2020-02-22 22:58:47 -        BEMBasePathFile    = (null)
2020-02-22 22:58:47 -        RulesetPathFile    = (null)
2020-02-22 22:58:47 -        SimWeatherPath     = C:\Users\agoyal\Documents\CBECC-Com 2022 Data\EPW\
2020-02-22 22:58:47 -        CompMgrDLLPath     = (null)
2020-02-22 22:58:47 -        DHWWeatherPath     = (null)
2020-02-22 22:58:47 -        ProcessingPath     = C:\Users\agoyal\Documents\GitHub\T24-2022-CASE-Modeling\framework\analysis\hpte\runs\hr-winf-propcomb\cz13\instance - run\
2020-02-22 22:58:47 -        ModelPathFile      = C:\Users\agoyal\Documents\GitHub\T24-2022-CASE-Modeling\framework\analysis\hpte\runs\hr-winf-propcomb\cz13\instance.cibd22
2020-02-22 22:58:47 -        LogPathFile        = (null)
2020-02-22 22:58:47 -        UIVersionString    = CBECC-Com 2022.0.1 RV (1113)
2020-02-22 22:58:47 -        LoadModelFile      = false
2020-02-22 22:58:47 -        OptionsCSV         = AllowAnalysisAbort,0,StoreBEMDetails,1,AnalysisThruStep,8,ModelRpt_ALL,1,ExportHourlyResults_All,1,PromptUserUMLHWarning,1,PreAnalysisCheckPromptOption,3,CompReportWarningOption,5,
2020-02-22 22:58:47 -        ErrorMsg           = (assumed to be initialized)
2020-02-22 22:58:47 -        ErrorMsgLen        = 2056
2020-02-22 22:58:47 -        DisplayProgress    = true
2020-02-22 22:58:47 -        ResultsSummary     = (empty)
2020-02-22 22:58:47 -        ResultsSummaryLen  = 3200
2020-02-22 22:58:47 -        pProgCallbackFunc  = (null)
2020-02-22 22:58:47 - Performing Building Database check...
2020-02-22 22:58:47 - Building Database check completed, no problems found.
2020-02-22 22:58:47 - Warning:  The following developer options must be defaulted (not specified by the user) in order to perform a valid compliance analysis:
          Proj 'High-Rise Mixed-Use (10-story)' DefaultDayltgCtrls
          Proj 'High-Rise Mixed-Use (10-story)' AutoHardSize
          Proj 'High-Rise Mixed-Use (10-story)' AutoEffInput
2020-02-22 22:58:48 -    1 file hash check(s) failed on executable and/or analysis support files (analysis continuing w/ report signature disabled)
2020-02-22 22:58:49 - Performing Building Database check...
2020-02-22 22:58:49 - Building Database check completed, no problems found.
2020-02-22 22:58:49 - Warning:  The spaces assigned to thermal zone 'Thermal Zone: F1 Lounge' have cooling unmet load hour limits ranging from 150 to 8760. All spaces in the zone will be held to the minimum UMLH limit. evaluating rule: Set CHECKCODE ThrmlZn:ClgUMLHLimit  (60:'ThermalZone-General.rule' line 1738)
2020-02-22 22:58:49 - Warning:  The spaces assigned to thermal zone 'Thermal Zone: F1 Lounge' have heating unmet load hour limits ranging from 150 to 8760. All spaces in the zone will be held to the minimum UMLH limit. evaluating rule: Set CHECKCODE ThrmlZn:HtgUMLHLimit  (60:'ThermalZone-General.rule' line 1765)
2020-02-22 22:58:52 -   PerfAnal_NRes - Bypassing OpenStudio (and simulation) for zp model
2020-02-22 23:43:10 -   PerfSim_E+ - Final Result: FAIL  -- compliance margin: -4.74 (-5.26%)
2020-02-22 23:43:13 - Analysis result:  FAIL  (TDV margin: -4.74)  Processing time:  Overall 44:25 / SDD2IDF x4 avg 0:07 / SizSim x2 avg 1:07 / AnnSim x2 avg 20:33 / ReportGen x0 0:00 / Other 0:31
2020-02-22 23:43:13 -       ResultsSummary population:  bAbort = (false) / RuleProcAbort = (false) / iRetVal = 0 / pszResultsSummary = (empty) / iResultsSummaryLen = 3200
2020-02-22 23:43:13 -       ResultsSummary components1:  2020-02-22 23:43:13 / instance / High-Rise Mixed-Use (10-story) / CTZ13S22A / Title24Compliance / 44:25 / FAIL / -4.74
2020-02-22 23:43:13 -       ResultsSummary components2:  CBECC-Com 2022.0.1 RV (1113) / BEMCmpMgr 2022.0.1 RV (6107) / CA 2022 Nonresidential, Vers. 1.0 Alpha / 1.11.3.f52686d8e1 / 9.0.1-bb7ca4f0da / CSE19 0.865.0+dhwloop.68861ec.94 EXE / C:\Users\agoyal\Documents\CBECC-Com 2022 Data\EPW\ / C:\Users\agoyal\Documents\GitHub\T24-2022-CASE-Modeling\framework\analysis\hpte\runs\hr-winf-propcomb\cz13\
2020-02-22 23:43:13 -       ResultsSummary:  2020-02-22 23:43:13,"instance","High-Rise Mixed-Use (10-story)","CTZ13S22A","Pol  0% RetAdd NoLeak",125400,150480,"Title24Compliance",44:25,FAIL,-4.74,"--","--","Successful (203 warnings)",6.25962,147946,73670.2,221.115,4776.11,1088.9,52184.6,279893,231906,0,181711,6890.07,0,0,700400,3624.09,0,0,0,0,8066.58,0,11690.7,754.553,0,0,0,12445.2,0,0,0,0,0,0,0,0,0,0,0,0,0,7.77239,41.7999,17.0911,0.0975426,1.0745,15.7888,11.1652,94.7894,53.9576,0,42.0607,1.52103,0,0,192.329,167.573,24.7556,0,0,,0,10.25,"Thermal Zone: F10 2-Bed NE",0,"--","--","Successful (204 warnings)",18.8673,72579.7,90916.4,15679.2,35013.1,7677.32,52184.6,274069,231906,0,181711,6890.07,0,0,694576,3349.53,0,0,0,0,7723.57,0,11073.1,754.553,0,0,0,11827.7,0,0,0,0,0,0,0,0,0,0,0,0,0,7.19046,21.4615,21.4555,4.31261,7.9009,16.5625,11.1652,90.0487,53.9576,0,42.0607,1.52103,0,0,187.588,164.073,23.5151,0,0,,0,0,,0,3.05119e-06,52.7531,12.9549,0.0904632,1.27118,0.124303,8.98287,76.1768,40.0913,0,31.5421,0.786538,0,0,148.597,2.01899e-06,26.8853,18.4172,5.81209,6.64689,1.17241,8.98287,67.9168,40.0913,0,31.5421,0.786538,0,0,140.337,"CBECC-Com 2022.0.1 RV (1113)","BEMCmpMgr 2022.0.1 RV (6107)","CA 2022 Nonresidential, Vers. 1.0 Alpha","1.11.3.f52686d8e1","9.0.1-bb7ca4f0da","CSE19 0.865.0+dhwloop.68861ec.94 EXE","C:\Users\agoyal\Documents\CBECC-Com 2022 Data\EPW\","C:\Users\agoyal\Documents\GitHub\T24-2022-CASE-Modeling\framework\analysis\hpte\runs\hr-winf-propcomb\cz13\",0.00119109,17.676,10.7965,0.0231578,0.47691,0.178109,5.75312,34.91,35.8106,0,31.324,1.127,0,0,103.17,1.7377,0,0,0,0,3.86782,0,5.61,0.361798,0,0,0,5.97,0.00400601,8.24654,12.5279,1.9815,4.66859,0.999636,5.75312,34.18,35.8106,0,31.324,1.127,0,0,102.44,1.60605,0,0,0,0,3.70335,0,5.31,0.361798,0,0,0,5.67,2.69174,2.65529,1.62185,0.00347876,0.0716416,6.0177,0.864236,13.9259,5.93987,0,4.70549,0.169298,0,0,24.7406,2.48825,1.2388,1.88194,0.297661,0.701317,5.88636,0.864236,13.3586,5.93987,0,4.70549,0.169298,0,0,24.1732,

2020-02-22 23:43:17 - -----------------------------------------------------------------------------
2020-02-22 23:43:17 - Opening Project 'cz13\instance.cibd22'...
2020-02-22 23:43:17 -    Model load successful into CBECC-Com 2022.0.1 RV (1113)
2020-02-22 23:43:18 - Performing Building Database check...
2020-02-22 23:43:18 - Building Database check completed, no problems found.
2020-02-22 23:43:21 - Project Saved
