---------------
E(795): Info: C:\USERS\MNAKAJIMA\DOCUMENTS\GITHUB\T24-2022-CASE-MODELING\FRAMEWORK\ANALYSIS\HPTE\RUNS\LRLC-WINF-PROPU\CZ15\INSTANCE - COMP22\INSTANCE - STD.CSE(795): Info: 
  DHWSys 'dhwsys-DHWGas': 
    'wsTSetpoint' is ignored -- no setpoint-aware DHWHEATERs in this DHWSYS.
---------------
Warning: Zone 'Zone1-zn': Unmet cooling loads during 886 hours of run.
---------------
Warning: Zone 'Zone2-zn': Unmet cooling loads during 1032 hours of run.
---------------
Warning: Zone 'Zone3-zn': Unmet cooling loads during 666 hours of run.
---------------
Warning: Zone 'Corridor1-zn': Condensation occurred in 52 subhours of run.
    Total condensation heat = 3.48314 kBtu.
---------------
Warning: Zone 'Corridor1-zn': Unmet cooling loads during 707 hours of run.
---------------
Warning: 
  Zone 'BusinessCenter1-zn': Condensation occurred in 49 subhours of run.
    Total condensation heat = 1.25488 kBtu.
---------------
Warning: 
  Zone 'BusinessCenter1-zn': Unmet cooling loads during 815 hours of run.
---------------
Warning: 
  Zone 'FitnessCenter1-zn': Condensation occurred in 23937 subhours of run.
    Total condensation heat = 1601.47 kBtu.
---------------
Warning: 
  Zone 'FitnessCenter1-zn': Unmet cooling loads during 868 hours of run.
---------------
Warning: Zone 'Laundry1-zn': Unmet cooling loads during 357 hours of run.
---------------
Warning: 
  Zone 'LeasingOffice1-zn': Unmet cooling loads during 391 hours of run.
---------------
Warning: Zone 'Lobby1-zn': Condensation occurred in 5354 subhours of run.
    Total condensation heat = 452.207 kBtu.
---------------
Warning: Zone 'Lobby1-zn': Unmet cooling loads during 535 hours of run.
---------------
Warning: 
  Zone 'MechanicalRoom1-zn': Unmet cooling loads during 6314 hours of run.
---------------
Warning: Zone 'Stairs1-zn': Unmet cooling loads during 550 hours of run.
---------------
Warning: Zone 'Corridor2-zn': Condensation occurred in 101 subhours of run.
    Total condensation heat = 5.71486 kBtu.
---------------
Warning: Zone 'Corridor2-zn': Unmet cooling loads during 987 hours of run.
---------------
Warning: Zone 'Corridor3-zn': Unmet cooling loads during 613 hours of run.
---------------
Warning: Zone 'Stairs2-zn': Unmet cooling loads during 550 hours of run.
---------------
Warning: Zone 'Stairs3-zn': Unmet cooling loads during 551 hours of run.
---------------
