2020-03-18 17:21:37 - -----------------------------------------------------------------------------
2020-03-18 17:21:37 - Opening Project 'cz08\instance.cibd22'...
2020-03-18 17:21:38 -    Model load successful into CBECC-Com 2022.0.1 RV (1113)
2020-03-18 17:21:38 - Performing Building Database check...
2020-03-18 17:21:38 - Building Database check completed, no problems found.
2020-03-18 17:21:41 -   PerfAnal_NRes - starting, w/ arguments:
2020-03-18 17:21:41 -        BEMBasePathFile    = (null)
2020-03-18 17:21:41 -        RulesetPathFile    = (null)
2020-03-18 17:21:41 -        SimWeatherPath     = C:\Users\mnakajima\Documents\CBECC-Com 2022 Data\EPW\
2020-03-18 17:21:41 -        CompMgrDLLPath     = (null)
2020-03-18 17:21:41 -        DHWWeatherPath     = (null)
2020-03-18 17:21:41 -        ProcessingPath     = C:\Users\mnakajima\Documents\GitHub\T24-2022-CASE-Modeling\framework\analysis\hpte\runs\hr-qii-30\cz08\instance - run\
2020-03-18 17:21:41 -        ModelPathFile      = C:\Users\mnakajima\Documents\GitHub\T24-2022-CASE-Modeling\framework\analysis\hpte\runs\hr-qii-30\cz08\instance.cibd22
2020-03-18 17:21:41 -        LogPathFile        = (null)
2020-03-18 17:21:41 -        UIVersionString    = CBECC-Com 2022.0.1 RV (1113)
2020-03-18 17:21:41 -        LoadModelFile      = false
2020-03-18 17:21:41 -        OptionsCSV         = AllowAnalysisAbort,0,StoreBEMDetails,1,AnalysisThruStep,8,ModelRpt_ALL,1,ExportHourlyResults_All,1,PromptUserUMLHWarning,1,PreAnalysisCheckPromptOption,3,CompReportWarningOption,5,
2020-03-18 17:21:41 -        ErrorMsg           = (assumed to be initialized)
2020-03-18 17:21:41 -        ErrorMsgLen        = 2056
2020-03-18 17:21:41 -        DisplayProgress    = true
2020-03-18 17:21:41 -        ResultsSummary     = (empty)
2020-03-18 17:21:41 -        ResultsSummaryLen  = 3200
2020-03-18 17:21:41 -        pProgCallbackFunc  = (null)
2020-03-18 17:21:42 - Performing Building Database check...
2020-03-18 17:21:42 - Building Database check completed, no problems found.
2020-03-18 17:21:42 - Warning:  The following developer options must be defaulted (not specified by the user) in order to perform a valid compliance analysis:
          Proj 'High-Rise Mixed-Use (10-story)' DefaultDayltgCtrls
          Proj 'High-Rise Mixed-Use (10-story)' AutoHardSize
          Proj 'High-Rise Mixed-Use (10-story)' AutoEffInput
2020-03-18 17:21:43 -    1 file hash check(s) failed on executable and/or analysis support files (analysis continuing w/ report signature disabled)
2020-03-18 17:21:44 -   PerfAnal_NRes - AnalysisThruStep being set to #7 due to Proj:AnalysisType = Title24ProposedOnly
2020-03-18 17:21:44 - Performing Building Database check...
2020-03-18 17:21:44 - Building Database check completed, no problems found.
2020-03-18 17:21:44 - Warning:  The spaces assigned to thermal zone 'Thermal Zone: F1 Lounge' have cooling unmet load hour limits ranging from 150 to 8760. All spaces in the zone will be held to the minimum UMLH limit. evaluating rule: Set CHECKCODE ThrmlZn:ClgUMLHLimit  (60:'ThermalZone-General.rule' line 1738)
2020-03-18 17:21:44 - Warning:  The spaces assigned to thermal zone 'Thermal Zone: F1 Lounge' have heating unmet load hour limits ranging from 150 to 8760. All spaces in the zone will be held to the minimum UMLH limit. evaluating rule: Set CHECKCODE ThrmlZn:HtgUMLHLimit  (60:'ThermalZone-General.rule' line 1765)
2020-03-18 17:21:49 -   PerfAnal_NRes - Bypassing OpenStudio (and simulation) for zp model
2020-03-18 17:21:51 -   PerfAnal_NRes - Bypassing OpenStudio (and simulation) for zb model
2020-03-18 17:25:52 - Error:  Undefined data: numerator evaluating rule: Set ANNUAL_BASELINE Fan:FlowCap  (75:'HVACSecondary-Fan-General.rule' line 494)
2020-03-18 17:25:52 - Error:  Undefined data: numerator evaluating rule: Set ANNUAL_BASELINE Fan:FlowCap  (75:'HVACSecondary-Fan-General.rule' line 494)
2020-03-18 17:25:52 - Error:  Undefined data: numerator evaluating rule: Set ANNUAL_BASELINE Fan:FlowCap  (75:'HVACSecondary-Fan-General.rule' line 494)
2020-03-18 17:25:52 - Error:  Undefined data: numerator evaluating rule: Set ANNUAL_BASELINE Fan:FlowCap  (75:'HVACSecondary-Fan-General.rule' line 529)
2020-03-18 17:25:52 - Error:  Undefined data: numerator evaluating rule: Set ANNUAL_BASELINE Fan:FlowCap  (75:'HVACSecondary-Fan-General.rule' line 529)
2020-03-18 17:25:52 - Error:  Undefined data: numerator evaluating rule: Set ANNUAL_BASELINE Fan:FlowCap  (75:'HVACSecondary-Fan-General.rule' line 529)
2020-03-18 17:25:52 - Error:  Undefined data: numerator evaluating rule: Set ANNUAL_BASELINE Fan:FlowCap  (75:'HVACSecondary-Fan-General.rule' line 529)
2020-03-18 17:25:52 - Error:  Undefined data: numerator evaluating rule: Set ANNUAL_BASELINE Fan:FlowCap  (75:'HVACSecondary-Fan-General.rule' line 529)
2020-03-18 17:25:52 - Error:  Undefined data: numerator evaluating rule: Set ANNUAL_BASELINE Fan:FlowCap  (75:'HVACSecondary-Fan-General.rule' line 529)
2020-03-18 17:25:52 - Error:  Undefined data: numerator evaluating rule: Set ANNUAL_BASELINE Fan:FlowCap  (75:'HVACSecondary-Fan-General.rule' line 529)
2020-03-18 17:25:52 - Error:  Undefined data: numerator evaluating rule: Set ANNUAL_BASELINE Fan:FlowCap  (75:'HVACSecondary-Fan-General.rule' line 529)
2020-03-18 17:25:52 - Error:  Undefined data: numerator evaluating rule: Set ANNUAL_BASELINE Fan:FlowCap  (75:'HVACSecondary-Fan-General.rule' line 529)
2020-03-18 17:25:52 - Error:  Undefined data: numerator evaluating rule: Set ANNUAL_BASELINE Fan:FlowCap  (75:'HVACSecondary-Fan-General.rule' line 529)
2020-03-18 17:25:52 - Error:  Undefined data: numerator evaluating rule: Set ANNUAL_BASELINE Fan:FlowCap  (75:'HVACSecondary-Fan-General.rule' line 529)
2020-03-18 17:25:52 - Error:  Undefined data: numerator evaluating rule: Set ANNUAL_BASELINE Fan:FlowCap  (75:'HVACSecondary-Fan-General.rule' line 529)
2020-03-18 17:25:52 - Error:  Undefined data: numerator evaluating rule: Set ANNUAL_BASELINE Fan:FlowCap  (75:'HVACSecondary-Fan-General.rule' line 529)
2020-03-18 17:25:52 - Error:  Undefined data: numerator evaluating rule: Set ANNUAL_BASELINE Fan:FlowCap  (75:'HVACSecondary-Fan-General.rule' line 529)
2020-03-18 17:25:52 - Error:  Undefined data: numerator evaluating rule: Set ANNUAL_BASELINE Fan:FlowCap  (75:'HVACSecondary-Fan-General.rule' line 529)
2020-03-18 17:25:52 - Error:  Undefined data: numerator evaluating rule: Set ANNUAL_BASELINE Fan:FlowCap  (75:'HVACSecondary-Fan-General.rule' line 529)
2020-03-18 17:25:52 - Error:  Undefined data: numerator evaluating rule: Set ANNUAL_BASELINE Fan:FlowCap  (75:'HVACSecondary-Fan-General.rule' line 529)
2020-03-18 17:25:52 - Error:  Undefined data: numerator evaluating rule: Set ANNUAL_BASELINE Fan:FlowCap  (75:'HVACSecondary-Fan-General.rule' line 529)
2020-03-18 17:25:52 - Error:  Division by zero evaluating rule: Set ANNUAL_BASELINE ThrmlZn:PriAirCondgSysDsgnFlow  (76:'HVACSecondary-Fan-FanRatios.rule' line 67)
2020-03-18 17:25:52 - Error:  Division by zero evaluating rule: Set ANNUAL_BASELINE ThrmlZn:PriAirCondgSysDsgnFlow  (76:'HVACSecondary-Fan-FanRatios.rule' line 67)
2020-03-18 17:25:52 - Error:  Division by zero evaluating rule: Set ANNUAL_BASELINE ThrmlZn:PriAirCondgSysDsgnFlow  (76:'HVACSecondary-Fan-FanRatios.rule' line 67)
2020-03-18 17:25:52 - Error:  Division by zero evaluating rule: Set ANNUAL_BASELINE ThrmlZn:PriAirCondgSysDsgnFlow  (76:'HVACSecondary-Fan-FanRatios.rule' line 67)
2020-03-18 17:25:52 - Error:  Division by zero evaluating rule: Set ANNUAL_BASELINE ThrmlZn:PriAirCondgSysDsgnFlow  (76:'HVACSecondary-Fan-FanRatios.rule' line 67)
2020-03-18 17:25:52 - Error:  Division by zero evaluating rule: Set ANNUAL_BASELINE ThrmlZn:PriAirCondgSysDsgnFlow  (76:'HVACSecondary-Fan-FanRatios.rule' line 67)
2020-03-18 17:25:52 - Error:  Division by zero evaluating rule: Set ANNUAL_BASELINE ThrmlZn:PriAirCondgSysDsgnFlow  (76:'HVACSecondary-Fan-FanRatios.rule' line 67)
2020-03-18 17:25:52 - Error:  Division by zero evaluating rule: Set ANNUAL_BASELINE ThrmlZn:PriAirCondgSysDsgnFlow  (76:'HVACSecondary-Fan-FanRatios.rule' line 67)
2020-03-18 17:25:52 - Error:  Division by zero evaluating rule: Set ANNUAL_BASELINE ThrmlZn:PriAirCondgSysDsgnFlow  (76:'HVACSecondary-Fan-FanRatios.rule' line 67)
2020-03-18 17:25:52 - Error:  Division by zero evaluating rule: Set ANNUAL_BASELINE ThrmlZn:PriAirCondgSysDsgnFlow  (76:'HVACSecondary-Fan-FanRatios.rule' line 67)
2020-03-18 17:25:52 - Error:  Division by zero evaluating rule: Set ANNUAL_BASELINE ThrmlZn:PriAirCondgSysDsgnFlow  (76:'HVACSecondary-Fan-FanRatios.rule' line 67)
2020-03-18 17:25:52 - Error:  Division by zero evaluating rule: Set ANNUAL_BASELINE ThrmlZn:PriAirCondgSysDsgnFlow  (76:'HVACSecondary-Fan-FanRatios.rule' line 67)
2020-03-18 17:25:52 - Error:  Division by zero evaluating rule: Set ANNUAL_BASELINE ThrmlZn:VentSysDsgnFlow  (76:'HVACSecondary-Fan-FanRatios.rule' line 111)
2020-03-18 17:25:52 - Error:  Division by zero evaluating rule: Set ANNUAL_BASELINE ThrmlZn:VentSysDsgnFlow  (76:'HVACSecondary-Fan-FanRatios.rule' line 111)
2020-03-18 17:25:52 - Error:  Division by zero evaluating rule: Set ANNUAL_BASELINE ThrmlZn:VentSysDsgnFlow  (76:'HVACSecondary-Fan-FanRatios.rule' line 111)
2020-03-18 17:25:52 - Error:  Division by zero evaluating rule: Set ANNUAL_BASELINE ThrmlZn:VentSysDsgnFlow  (76:'HVACSecondary-Fan-FanRatios.rule' line 111)
2020-03-18 17:25:52 - Error:  Division by zero evaluating rule: Set ANNUAL_BASELINE ThrmlZn:VentSysDsgnFlow  (76:'HVACSecondary-Fan-FanRatios.rule' line 111)
2020-03-18 17:25:52 - Error:  Division by zero evaluating rule: Set ANNUAL_BASELINE ThrmlZn:VentSysDsgnFlow  (76:'HVACSecondary-Fan-FanRatios.rule' line 111)
2020-03-18 17:25:52 - Error:  Division by zero evaluating rule: Set ANNUAL_BASELINE ThrmlZn:VentSysDsgnFlow  (76:'HVACSecondary-Fan-FanRatios.rule' line 111)
2020-03-18 17:25:52 - Error:  Division by zero evaluating rule: Set ANNUAL_BASELINE ThrmlZn:VentSysDsgnFlow  (76:'HVACSecondary-Fan-FanRatios.rule' line 111)
2020-03-18 17:25:52 - Error:  Division by zero evaluating rule: Set ANNUAL_BASELINE ThrmlZn:VentSysDsgnFlow  (76:'HVACSecondary-Fan-FanRatios.rule' line 111)
2020-03-18 17:25:52 - Error:  Division by zero evaluating rule: Set ANNUAL_BASELINE ThrmlZn:VentSysDsgnFlow  (76:'HVACSecondary-Fan-FanRatios.rule' line 111)
2020-03-18 17:25:52 - Error:  Division by zero evaluating rule: Set ANNUAL_BASELINE ThrmlZn:VentSysDsgnFlow  (76:'HVACSecondary-Fan-FanRatios.rule' line 111)
2020-03-18 17:25:52 - Error:  Division by zero evaluating rule: Set ANNUAL_BASELINE ThrmlZn:VentSysDsgnFlow  (76:'HVACSecondary-Fan-FanRatios.rule' line 111)
2020-03-18 17:25:54 -   PerfAnal_NRes - Bypassing OpenStudio (and simulation) for ab model
2020-03-18 17:25:54 -   PerfAnal_NRes - Completed analysis steps thru #7
2020-03-18 17:25:54 - Analysis incomplete  Processing time:  Overall 4:12 / SDD2IDF x2 avg 0:04 / SizSim x0 0:00 / AnnSim x2 avg 1:48 / ReportGen x0 0:00 / Other 0:23
2020-03-18 17:25:54 -       ResultsSummary population:  bAbort = (false) / RuleProcAbort = (false) / iRetVal = 0 / pszResultsSummary = (empty) / iResultsSummaryLen = 3200
2020-03-18 17:25:54 -       ResultsSummary components1:  2020-03-18 17:25:54 / instance / High-Rise Mixed-Use (10-story) / CTZ08S22A / Title24ProposedOnly / 4:12 /  / 
2020-03-18 17:25:54 -       ResultsSummary components2:  CBECC-Com 2022.0.1 RV (1113) / BEMCmpMgr 2022.0.1 RV (6107) / CA 2022 Nonresidential, Vers. 1.0 Alpha /  /  / - / C:\Users\mnakajima\Documents\CBECC-Com 2022 Data\EPW\ / C:\Users\mnakajima\Documents\GitHub\T24-2022-CASE-Modeling\framework\analysis\hpte\runs\hr-qii-30\cz08\
2020-03-18 17:25:54 -       ResultsSummary:  2020-03-18 17:25:54,"instance","High-Rise Mixed-Use (10-story)","CTZ08S22A","Pol  0% RetAdd NoLeak",125400,150480,"Title24ProposedOnly",4:12,,,"--","--","Successful (200 warnings)",2.53152,125046,72037.1,190.281,5809.62,1088.9,52220.1,256394,231906,0,181711,6890.07,0,0,676901,1144.18,0,0,0,0,8225.8,0,9369.98,754.553,0,0,0,10124.5,0,0,0,0,0,0,0,0,0,0,0,0,0,2.45815,32.9055,16.6257,0.0694869,1.27726,16.1009,11.4353,80.8723,53.638,0,41.3619,1.53244,0,0,177.405,157.644,19.7607,0,1.25,"Thermal Zone: F10 Laundry",0,6.5,"Thermal Zone: F10 2-Bed NE",0,"--","--","",0,0,0,0,0,0,0,0,0,0,0,0,0,0,0,0,0,0,0,0,0,0,0,0,0,0,0,0,0,0,0,0,0,0,0,0,0,0,0,0,0,0,0,0,0,0,0,0,0,0,0,0,0,0,0,0,0,0,0,,,,,,,1.60202e-05,33.4077,11.4269,0.0675357,1.28489,0.124303,9.01757,55.3289,40.0913,0,31.5421,0.786538,0,0,127.749,0,0,0,0,0,0,0,0,0,0,0,0,0,0,0,"CBECC-Com 2022.0.1 RV (1113)","BEMCmpMgr 2022.0.1 RV (6107)","CA 2022 Nonresidential, Vers. 1.0 Alpha","","","-","C:\Users\mnakajima\Documents\CBECC-Com 2022 Data\EPW\","C:\Users\mnakajima\Documents\GitHub\T24-2022-CASE-Modeling\framework\analysis\hpte\runs\hr-qii-30\cz08\",0.000512954,13.0028,10.3861,0.0171089,0.609216,0.179198,5.73797,29.94,35.9296,0,31.4601,1.13389,0,0,98.46,0.54862,0,0,0,0,3.94416,0,4.49,0.361798,0,0,0,4.85,0,0,0,0,0,0,0,0,0,0,0,0,0,0,0,0,0,0,0,0,0,0,0,0,0,0,0,0,0.837896,1.95329,1.5602,0.00257013,0.0915166,6.05019,0.86196,11.3576,5.94987,0,4.72593,0.170333,0,0,22.2038,0,0,0,0,0,0,0,0,0,0,0,0,0,0,0,

2020-03-18 17:25:57 - -----------------------------------------------------------------------------
2020-03-18 17:25:57 - Opening Project 'cz08\instance.cibd22'...
2020-03-18 17:25:58 -    Model load successful into CBECC-Com 2022.0.1 RV (1113)
2020-03-18 17:25:58 - Performing Building Database check...
2020-03-18 17:25:58 - Building Database check completed, no problems found.
2020-03-18 17:26:01 - Project Saved
