2020-01-28 12:38:16 - -----------------------------------------------------------------------------
2020-01-28 12:38:16 - Opening Project 'cz03\instance.cibd22'...
2020-01-28 12:38:16 -    Model load successful into CBECC-Com 2022.0.1 RV (1113)
2020-01-28 12:38:17 - Performing Building Database check...
2020-01-28 12:38:17 - Building Database check completed, no problems found.
2020-01-28 12:38:21 -   PerfAnal_NRes - starting, w/ arguments:
2020-01-28 12:38:21 -        BEMBasePathFile    = (null)
2020-01-28 12:38:21 -        RulesetPathFile    = (null)
2020-01-28 12:38:21 -        SimWeatherPath     = C:\Users\mnakajima\Documents\CBECC-Com 2022 Data\EPW\
2020-01-28 12:38:21 -        CompMgrDLLPath     = (null)
2020-01-28 12:38:21 -        DHWWeatherPath     = (null)
2020-01-28 12:38:21 -        ProcessingPath     = C:\Users\mnakajima\Documents\GitHub\T24-2022-CASE-Modeling\framework\analysis\highrise\runs\hr-baseline_fixeddual\cz03\instance - run\
2020-01-28 12:38:21 -        ModelPathFile      = C:\Users\mnakajima\Documents\GitHub\T24-2022-CASE-Modeling\framework\analysis\highrise\runs\hr-baseline_fixeddual\cz03\instance.cibd22
2020-01-28 12:38:21 -        LogPathFile        = (null)
2020-01-28 12:38:21 -        UIVersionString    = CBECC-Com 2022.0.1 RV (1113)
2020-01-28 12:38:21 -        LoadModelFile      = false
2020-01-28 12:38:21 -        OptionsCSV         = AllowAnalysisAbort,0,StoreBEMDetails,1,AnalysisThruStep,8,ModelRpt_ALL,1,ExportHourlyResults_All,1,PromptUserUMLHWarning,1,PreAnalysisCheckPromptOption,3,CompReportWarningOption,5,
2020-01-28 12:38:21 -        ErrorMsg           = (assumed to be initialized)
2020-01-28 12:38:21 -        ErrorMsgLen        = 2056
2020-01-28 12:38:21 -        DisplayProgress    = true
2020-01-28 12:38:21 -        ResultsSummary     = (empty)
2020-01-28 12:38:21 -        ResultsSummaryLen  = 3200
2020-01-28 12:38:21 -        pProgCallbackFunc  = (null)
2020-01-28 12:38:21 - Performing Building Database check...
2020-01-28 12:38:21 - Building Database check completed, no problems found.
2020-01-28 12:38:21 - Warning:  The following developer options must be defaulted (not specified by the user) in order to perform a valid compliance analysis:
          Proj 'High-Rise Mixed-Use (10-story)' DefaultDayltgCtrls
          Proj 'High-Rise Mixed-Use (10-story)' AutoHardSize
          Proj 'High-Rise Mixed-Use (10-story)' AutoEffInput
2020-01-28 12:38:22 -    1 file hash check(s) failed on executable and/or analysis support files (analysis continuing w/ report signature disabled)
2020-01-28 12:38:23 -   PerfAnal_NRes - AnalysisThruStep being set to #7 due to Proj:AnalysisType = Title24ProposedOnly
2020-01-28 12:38:23 - Performing Building Database check...
2020-01-28 12:38:24 - Building Database check completed, no problems found.
2020-01-28 12:38:24 - Warning:  AirSystem 'Residential DOAS' has a DX cooling coil and the rated supply flow per ton of (net) cooling capacity is 583 cfm/ton. The acceptable range for successful simulation of DX cooling coils in EnergyPlus is normally ~300 to ~450 cfm/ton. If the compliance simulation fails, check flow/cooling capacity inputs for consistency with the design. If simulation still fails, contact the CBECC support team for assistance. evaluating rule: Set CHECKSIM AirSys:SupFlowPerTon  (110:'HVACSecondary-Summary.rule' line 785)
2020-01-28 12:38:24 - Warning:  The spaces assigned to thermal zone 'Thermal Zone: F1 Lounge' have cooling unmet load hour limits ranging from 150 to 8760. All spaces in the zone will be held to the minimum UMLH limit. evaluating rule: Set CHECKCODE ThrmlZn:ClgUMLHLimit  (60:'ThermalZone-General.rule' line 1738)
2020-01-28 12:38:24 - Warning:  The spaces assigned to thermal zone 'Thermal Zone: F1 Lounge' have heating unmet load hour limits ranging from 150 to 8760. All spaces in the zone will be held to the minimum UMLH limit. evaluating rule: Set CHECKCODE ThrmlZn:HtgUMLHLimit  (60:'ThermalZone-General.rule' line 1765)
2020-01-28 12:38:29 -   PerfAnal_NRes - Bypassing OpenStudio (and simulation) for zp model
2020-01-28 12:38:32 -   PerfAnal_NRes - Bypassing OpenStudio (and simulation) for zb model
2020-01-28 15:18:10 - -----------------------------------------------------------------------------
2020-01-28 15:18:10 - Opening Project 'cz03\instance.cibd22'...
2020-01-28 15:18:11 -    Model load successful into CBECC-Com 2022.0.1 RV (1113)
2020-01-28 15:18:11 - Performing Building Database check...
2020-01-28 15:18:11 - Building Database check completed, no problems found.
2020-01-28 15:18:16 -   PerfAnal_NRes - starting, w/ arguments:
2020-01-28 15:18:16 -        BEMBasePathFile    = (null)
2020-01-28 15:18:16 -        RulesetPathFile    = (null)
2020-01-28 15:18:16 -        SimWeatherPath     = C:\Users\mnakajima\Documents\CBECC-Com 2022 Data\EPW\
2020-01-28 15:18:16 -        CompMgrDLLPath     = (null)
2020-01-28 15:18:16 -        DHWWeatherPath     = (null)
2020-01-28 15:18:16 -        ProcessingPath     = C:\Users\mnakajima\Documents\GitHub\T24-2022-CASE-Modeling\framework\analysis\highrise\runs\hr-baseline_fixeddual\cz03\instance - run\
2020-01-28 15:18:16 -        ModelPathFile      = C:\Users\mnakajima\Documents\GitHub\T24-2022-CASE-Modeling\framework\analysis\highrise\runs\hr-baseline_fixeddual\cz03\instance.cibd22
2020-01-28 15:18:16 -        LogPathFile        = (null)
2020-01-28 15:18:16 -        UIVersionString    = CBECC-Com 2022.0.1 RV (1113)
2020-01-28 15:18:16 -        LoadModelFile      = false
2020-01-28 15:18:16 -        OptionsCSV         = AllowAnalysisAbort,0,StoreBEMDetails,1,AnalysisThruStep,8,ModelRpt_ALL,1,ExportHourlyResults_All,1,PromptUserUMLHWarning,1,PreAnalysisCheckPromptOption,3,CompReportWarningOption,5,
2020-01-28 15:18:16 -        ErrorMsg           = (assumed to be initialized)
2020-01-28 15:18:16 -        ErrorMsgLen        = 2056
2020-01-28 15:18:16 -        DisplayProgress    = true
2020-01-28 15:18:16 -        ResultsSummary     = (empty)
2020-01-28 15:18:16 -        ResultsSummaryLen  = 3200
2020-01-28 15:18:16 -        pProgCallbackFunc  = (null)
2020-01-28 15:18:16 - Performing Building Database check...
2020-01-28 15:18:16 - Building Database check completed, no problems found.
2020-01-28 15:18:16 - Warning:  The following developer options must be defaulted (not specified by the user) in order to perform a valid compliance analysis:
          Proj 'High-Rise Mixed-Use (10-story)' DefaultDayltgCtrls
          Proj 'High-Rise Mixed-Use (10-story)' AutoHardSize
          Proj 'High-Rise Mixed-Use (10-story)' AutoEffInput
2020-01-28 15:18:17 -    1 file hash check(s) failed on executable and/or analysis support files (analysis continuing w/ report signature disabled)
2020-01-28 15:18:19 - Performing Building Database check...
2020-01-28 15:18:19 - Building Database check completed, no problems found.
2020-01-28 15:18:19 - Warning:  AirSystem 'Residential DOAS' has a DX cooling coil and the rated supply flow per ton of (net) cooling capacity is 583 cfm/ton. The acceptable range for successful simulation of DX cooling coils in EnergyPlus is normally ~300 to ~450 cfm/ton. If the compliance simulation fails, check flow/cooling capacity inputs for consistency with the design. If simulation still fails, contact the CBECC support team for assistance. evaluating rule: Set CHECKSIM AirSys:SupFlowPerTon  (110:'HVACSecondary-Summary.rule' line 785)
2020-01-28 15:18:19 - Warning:  The spaces assigned to thermal zone 'Thermal Zone: F1 Lounge' have cooling unmet load hour limits ranging from 150 to 8760. All spaces in the zone will be held to the minimum UMLH limit. evaluating rule: Set CHECKCODE ThrmlZn:ClgUMLHLimit  (60:'ThermalZone-General.rule' line 1738)
2020-01-28 15:18:19 - Warning:  The spaces assigned to thermal zone 'Thermal Zone: F1 Lounge' have heating unmet load hour limits ranging from 150 to 8760. All spaces in the zone will be held to the minimum UMLH limit. evaluating rule: Set CHECKCODE ThrmlZn:HtgUMLHLimit  (60:'ThermalZone-General.rule' line 1765)
2020-01-28 15:18:24 -   PerfAnal_NRes - Bypassing OpenStudio (and simulation) for zp model
2020-01-28 15:29:47 -   PerfSim_E+ - Final Result: FAIL  -- compliance margin: -41.46 (-60.98%)
2020-01-28 15:29:49 - Analysis result:  FAIL  (TDV margin: -41.46)  Processing time:  Overall 11:33 / SDD2IDF x4 avg 0:11 / SizSim x2 avg 0:54 / AnnSim x2 avg 4:06 / ReportGen x0 0:00 / Other 0:42
2020-01-28 15:29:49 -       ResultsSummary population:  bAbort = (false) / RuleProcAbort = (false) / iRetVal = 0 / pszResultsSummary = (empty) / iResultsSummaryLen = 3200
2020-01-28 15:29:49 -       ResultsSummary components1:  2020-01-28 15:29:49 / instance / High-Rise Mixed-Use (10-story) / CTZ03S22A / Title24Compliance / 11:33 / FAIL / -41.46
2020-01-28 15:29:49 -       ResultsSummary components2:  CBECC-Com 2022.0.1 RV (1113) / BEMCmpMgr 2022.0.1 RV (6107) / CA 2022 Nonresidential, Vers. 1.0 Alpha / 1.11.3.f52686d8e1 / 9.0.1-bb7ca4f0da / CSE19 0.865.0+dhwloop.68861ec.94 EXE / C:\Users\mnakajima\Documents\CBECC-Com 2022 Data\EPW\ / C:\Users\mnakajima\Documents\GitHub\T24-2022-CASE-Modeling\framework\analysis\highrise\runs\hr-baseline_fixeddual\cz03\
2020-01-28 15:29:49 -       ResultsSummary:  2020-01-28 15:29:49,"instance","High-Rise Mixed-Use (10-story)","CTZ03S22A","Pol  0% RetAdd NoLeak",125400,150480,"Title24Compliance",11:33,FAIL,-41.46,"--","--","Successful (204 warnings)",6.21654,111945,71364.4,66.2769,3813.13,1088.9,52113,240397,231906,0,181711,6890.07,0,0,660903,17063.9,0,0,0,0,10477,0,27540.9,754.553,0,0,0,28295.5,0,0,0,0,0,0,0,0,0,0,0,0,0,32.6357,28.3466,16.2417,0.0288829,0.890908,20.26,11.0421,109.446,55.0082,0,43.3554,1.5264,0,0,209.336,155.247,54.0893,0,0,,0,1.75,"Thermal Zone: F10 2-Bed NE",0,"--","--","Successful (199 warnings)",15.0695,23943.2,66178.9,2827.95,24774.6,7966.97,52113,177820,231906,0,181711,6890.07,0,0,598327,2725.18,0,0,0,0,10122.3,0,12847.5,754.553,0,0,0,13602,0,0,0,0,0,0,0,0,0,0,0,0,0,5.6858,7.76703,15.671,1.12736,5.61951,21.0682,11.0421,67.981,55.0082,0,43.3554,1.5264,0,0,167.871,141.409,26.4615,0,0,,0,0,,0,7.67261e-05,26.4111,10.9189,0.0126926,1.14711,0.124303,8.9425,47.5567,40.0913,0,31.5421,0.786538,0,0,119.977,7.52986e-05,6.9458,11.5976,0.719407,5.25752,1.28422,8.9425,34.7471,40.0913,0,31.5421,0.786538,0,0,107.167,"CBECC-Com 2022.0.1 RV (1113)","BEMCmpMgr 2022.0.1 RV (6107)","CA 2022 Nonresidential, Vers. 1.0 Alpha","1.11.3.f52686d8e1","9.0.1-bb7ca4f0da","CSE19 0.865.0+dhwloop.68861ec.94 EXE","C:\Users\mnakajima\Documents\CBECC-Com 2022 Data\EPW\","C:\Users\mnakajima\Documents\GitHub\T24-2022-CASE-Modeling\framework\analysis\highrise\runs\hr-baseline_fixeddual\cz03\",0.00110099,12.2837,10.3418,0.0053411,0.35507,0.178109,5.74294,28.91,35.8106,0,31.324,1.127,0,0,97.17,8.18192,0,0,0,0,5.02357,0,13.2,0.361798,0,0,0,13.56,0.00311068,2.3276,9.46401,0.271597,3.00666,1.03407,5.74294,21.84,35.8106,0,31.324,1.127,0,0,90.1,1.30669,0,0,0,0,4.85351,0,6.16,0.361798,0,0,0,6.52,12.6733,1.84526,1.55355,0.000802335,0.0533388,7.80786,0.862706,24.7968,5.93987,0,4.70549,0.169298,0,0,35.6115,2.02442,0.349653,1.42169,0.0407991,0.451661,7.67304,0.862706,12.824,5.93987,0,4.70549,0.169298,0,0,23.6386,

2020-01-28 15:29:53 - -----------------------------------------------------------------------------
2020-01-28 15:29:53 - Opening Project 'cz03\instance.cibd22'...
2020-01-28 15:29:53 -    Model load successful into CBECC-Com 2022.0.1 RV (1113)
2020-01-28 15:29:53 - Performing Building Database check...
2020-01-28 15:29:53 - Building Database check completed, no problems found.
2020-01-28 15:29:57 - Project Saved
2020-01-28 15:33:48 - -----------------------------------------------------------------------------
2020-01-28 15:33:48 - Opening Project 'cz03\instance.cibd22'...
2020-01-28 15:33:49 -    Model load successful into CBECC-Com 2022.0.1 RV (1113)
2020-01-28 15:33:49 - Performing Building Database check...
2020-01-28 15:33:49 - Building Database check completed, no problems found.
2020-01-28 15:33:55 -   PerfAnal_NRes - starting, w/ arguments:
2020-01-28 15:33:55 -        BEMBasePathFile    = (null)
2020-01-28 15:33:55 -        RulesetPathFile    = (null)
2020-01-28 15:33:55 -        SimWeatherPath     = C:\Users\mnakajima\Documents\CBECC-Com 2022 Data\EPW\
2020-01-28 15:33:55 -        CompMgrDLLPath     = (null)
2020-01-28 15:33:55 -        DHWWeatherPath     = (null)
2020-01-28 15:33:55 -        ProcessingPath     = C:\Users\mnakajima\Documents\GitHub\T24-2022-CASE-Modeling\framework\analysis\highrise\runs\hr-baseline_fixeddual\cz03\instance - run\
2020-01-28 15:33:55 -        ModelPathFile      = C:\Users\mnakajima\Documents\GitHub\T24-2022-CASE-Modeling\framework\analysis\highrise\runs\hr-baseline_fixeddual\cz03\instance.cibd22
2020-01-28 15:33:55 -        LogPathFile        = (null)
2020-01-28 15:33:55 -        UIVersionString    = CBECC-Com 2022.0.1 RV (1113)
2020-01-28 15:33:55 -        LoadModelFile      = false
2020-01-28 15:33:55 -        OptionsCSV         = AllowAnalysisAbort,0,StoreBEMDetails,1,AnalysisThruStep,8,ModelRpt_ALL,1,ExportHourlyResults_All,1,PromptUserUMLHWarning,1,PreAnalysisCheckPromptOption,3,CompReportWarningOption,5,
2020-01-28 15:33:55 -        ErrorMsg           = (assumed to be initialized)
2020-01-28 15:33:55 -        ErrorMsgLen        = 2056
2020-01-28 15:33:55 -        DisplayProgress    = true
2020-01-28 15:33:55 -        ResultsSummary     = (empty)
2020-01-28 15:33:55 -        ResultsSummaryLen  = 3200
2020-01-28 15:33:55 -        pProgCallbackFunc  = (null)
2020-01-28 15:33:56 - Performing Building Database check...
2020-01-28 15:33:56 - Building Database check completed, no problems found.
2020-01-28 15:33:56 - Warning:  The following developer options must be defaulted (not specified by the user) in order to perform a valid compliance analysis:
          Proj 'High-Rise Mixed-Use (10-story)' DefaultDayltgCtrls
          Proj 'High-Rise Mixed-Use (10-story)' AutoHardSize
          Proj 'High-Rise Mixed-Use (10-story)' AutoEffInput
2020-01-28 15:33:56 -    1 file hash check(s) failed on executable and/or analysis support files (analysis continuing w/ report signature disabled)
2020-01-28 15:33:59 - Performing Building Database check...
2020-01-28 15:33:59 - Building Database check completed, no problems found.
2020-01-28 15:33:59 - Warning:  AirSystem 'Residential DOAS' has a DX cooling coil and the rated supply flow per ton of (net) cooling capacity is 583 cfm/ton. The acceptable range for successful simulation of DX cooling coils in EnergyPlus is normally ~300 to ~450 cfm/ton. If the compliance simulation fails, check flow/cooling capacity inputs for consistency with the design. If simulation still fails, contact the CBECC support team for assistance. evaluating rule: Set CHECKSIM AirSys:SupFlowPerTon  (110:'HVACSecondary-Summary.rule' line 785)
2020-01-28 15:33:59 - Warning:  The spaces assigned to thermal zone 'Thermal Zone: F1 Lounge' have cooling unmet load hour limits ranging from 150 to 8760. All spaces in the zone will be held to the minimum UMLH limit. evaluating rule: Set CHECKCODE ThrmlZn:ClgUMLHLimit  (60:'ThermalZone-General.rule' line 1738)
2020-01-28 15:33:59 - Warning:  The spaces assigned to thermal zone 'Thermal Zone: F1 Lounge' have heating unmet load hour limits ranging from 150 to 8760. All spaces in the zone will be held to the minimum UMLH limit. evaluating rule: Set CHECKCODE ThrmlZn:HtgUMLHLimit  (60:'ThermalZone-General.rule' line 1765)
2020-01-28 15:34:06 -   PerfAnal_NRes - Bypassing OpenStudio (and simulation) for zp model
2020-01-28 15:46:55 -   PerfSim_E+ - Final Result: PASS  -- compliance margin: 0.22 (0.32%)
2020-01-28 15:46:58 - Analysis result:  PASS  (TDV margin: 0.22)  Processing time:  Overall 13:03 / SDD2IDF x4 avg 0:10 / SizSim x2 avg 0:55 / AnnSim x2 avg 4:44 / ReportGen x0 0:00 / Other 0:58
2020-01-28 15:46:58 -       ResultsSummary population:  bAbort = (false) / RuleProcAbort = (false) / iRetVal = 0 / pszResultsSummary = (empty) / iResultsSummaryLen = 3200
2020-01-28 15:46:58 -       ResultsSummary components1:  2020-01-28 15:46:58 / instance / High-Rise Mixed-Use (10-story) / CTZ03S22A / Title24Compliance / 13:03 / PASS / 0.22
2020-01-28 15:46:58 -       ResultsSummary components2:  CBECC-Com 2022.0.1 RV (1113) / BEMCmpMgr 2022.0.1 RV (6107) / CA 2022 Nonresidential, Vers. 1.0 Alpha / 1.11.3.f52686d8e1 / 9.0.1-bb7ca4f0da / CSE19 0.865.0+dhwloop.68861ec.94 EXE / C:\Users\mnakajima\Documents\CBECC-Com 2022 Data\EPW\ / C:\Users\mnakajima\Documents\GitHub\T24-2022-CASE-Modeling\framework\analysis\highrise\runs\hr-baseline_fixeddual\cz03\
2020-01-28 15:46:58 -       ResultsSummary:  2020-01-28 15:46:58,"instance","High-Rise Mixed-Use (10-story)","CTZ03S22A","Pol  0% RetAdd NoLeak",125400,150480,"Title24Compliance",13:03,PASS,0.22,"--","--","Successful (204 warnings)",6.21727,51252.9,61509.3,66.2786,3813.14,1088.9,52113,169850,231906,0,181711,6890.07,0,0,590357,2861.16,0,0,0,0,10477,0,13338.1,754.553,0,0,0,14092.7,0,0,0,0,0,0,0,0,0,0,0,0,0,6.0108,15.3746,14.1672,0.0288831,0.890904,20.26,11.0421,67.7745,55.0082,0,43.3554,1.5264,0,0,167.665,140.2,27.4644,0,0,,0,10,"Thermal Zone: F10 2-Bed NE",0,"--","--","Successful (199 warnings)",15.0695,23943.2,66178.9,2827.95,24774.6,7966.97,52113,177820,231906,0,181711,6890.07,0,0,598327,2725.18,0,0,0,0,10122.3,0,12847.5,754.553,0,0,0,13602,0,0,0,0,0,0,0,0,0,0,0,0,0,5.6858,7.76703,15.671,1.12736,5.61951,21.0682,11.0421,67.981,55.0082,0,43.3554,1.5264,0,0,167.871,141.409,26.4615,0,0,,0,0,,0,7.58219e-05,15.3607,8.99053,0.0126925,1.1471,0.124303,8.9425,34.5779,40.0913,0,31.5421,0.786538,0,0,106.998,7.52986e-05,6.9458,11.5976,0.719407,5.25752,1.28422,8.9425,34.7471,40.0913,0,31.5421,0.786538,0,0,107.167,"CBECC-Com 2022.0.1 RV (1113)","BEMCmpMgr 2022.0.1 RV (6107)","CA 2022 Nonresidential, Vers. 1.0 Alpha","1.11.3.f52686d8e1","9.0.1-bb7ca4f0da","CSE19 0.865.0+dhwloop.68861ec.94 EXE","C:\Users\mnakajima\Documents\CBECC-Com 2022 Data\EPW\","C:\Users\mnakajima\Documents\GitHub\T24-2022-CASE-Modeling\framework\analysis\highrise\runs\hr-baseline_fixeddual\cz03\",0.001101,5.30296,9.30183,0.00534118,0.355063,0.178109,5.74294,20.89,35.8106,0,31.324,1.127,0,0,89.15,1.37189,0,0,0,0,5.02357,0,6.39,0.361798,0,0,0,6.75,0.00311068,2.3276,9.46401,0.271597,3.00666,1.03407,5.74294,21.84,35.8106,0,31.324,1.127,0,0,90.1,1.30669,0,0,0,0,4.85351,0,6.16,0.361798,0,0,0,6.52,2.12511,0.796612,1.39732,0.000802348,0.0533377,7.80786,0.862706,13.0438,5.93987,0,4.70549,0.169298,0,0,23.8584,2.02442,0.349653,1.42169,0.0407991,0.451661,7.67304,0.862706,12.824,5.93987,0,4.70549,0.169298,0,0,23.6386,

2020-01-28 15:47:06 - -----------------------------------------------------------------------------
2020-01-28 15:47:06 - Opening Project 'cz03\instance.cibd22'...
2020-01-28 15:47:08 -    Model load successful into CBECC-Com 2022.0.1 RV (1113)
2020-01-28 15:47:08 - Performing Building Database check...
2020-01-28 15:47:08 - Building Database check completed, no problems found.
2020-01-28 15:47:13 - Project Saved
2020-03-25 19:54:49 - -----------------------------------------------------------------------------
2020-03-25 19:54:49 - Opening Project 'cz03\instance.cibd22'...
2020-03-25 19:54:50 -    Model load successful into CBECC-Com 2022.0.1 RV (1113)
2020-03-25 19:54:50 - Performing Building Database check...
2020-03-25 19:54:50 - Building Database check completed, no problems found.
2020-03-25 19:54:53 -   PerfAnal_NRes - starting, w/ arguments:
2020-03-25 19:54:53 -        BEMBasePathFile    = (null)
2020-03-25 19:54:53 -        RulesetPathFile    = (null)
2020-03-25 19:54:53 -        SimWeatherPath     = C:\Users\ssumawan\Documents\CBECC-Com 2022 Data\EPW\
2020-03-25 19:54:53 -        CompMgrDLLPath     = (null)
2020-03-25 19:54:53 -        DHWWeatherPath     = (null)
2020-03-25 19:54:53 -        ProcessingPath     = C:\Users\ssumawan\Documents\GitHub\T24-2022-CASE-Modeling\framework\analysis\all-electric\runs\hr-baseline\cz03\instance - run\
2020-03-25 19:54:53 -        ModelPathFile      = C:\Users\ssumawan\Documents\GitHub\T24-2022-CASE-Modeling\framework\analysis\all-electric\runs\hr-baseline\cz03\instance.cibd22
2020-03-25 19:54:53 -        LogPathFile        = (null)
2020-03-25 19:54:53 -        UIVersionString    = CBECC-Com 2022.0.1 RV (1113)
2020-03-25 19:54:53 -        LoadModelFile      = false
2020-03-25 19:54:53 -        OptionsCSV         = AllowAnalysisAbort,0,StoreBEMDetails,1,AnalysisThruStep,8,ModelRpt_ALL,1,ExportHourlyResults_All,1,PromptUserUMLHWarning,1,PreAnalysisCheckPromptOption,3,CompReportWarningOption,5,
2020-03-25 19:54:53 -        ErrorMsg           = (assumed to be initialized)
2020-03-25 19:54:53 -        ErrorMsgLen        = 2056
2020-03-25 19:54:53 -        DisplayProgress    = true
2020-03-25 19:54:53 -        ResultsSummary     = (empty)
2020-03-25 19:54:53 -        ResultsSummaryLen  = 3200
2020-03-25 19:54:53 -        pProgCallbackFunc  = (null)
2020-03-25 19:54:53 - Performing Building Database check...
2020-03-25 19:54:53 - Building Database check completed, no problems found.
2020-03-25 19:54:53 - Warning:  The following developer options must be defaulted (not specified by the user) in order to perform a valid compliance analysis:
          Proj 'High-Rise Mixed-Use (10-story)' DefaultDayltgCtrls
          Proj 'High-Rise Mixed-Use (10-story)' AutoHardSize
          Proj 'High-Rise Mixed-Use (10-story)' AutoEffInput
2020-03-25 19:54:53 -    1 file hash check(s) failed on executable and/or analysis support files (analysis continuing w/ report signature disabled)
2020-03-25 19:54:55 - Performing Building Database check...
2020-03-25 19:54:55 - Building Database check completed, no problems found.
2020-03-25 19:54:55 - Warning:  AirSystem 'Residential DOAS' has a DX cooling coil and the rated supply flow per ton of (net) cooling capacity is 583 cfm/ton. The acceptable range for successful simulation of DX cooling coils in EnergyPlus is normally ~300 to ~450 cfm/ton. If the compliance simulation fails, check flow/cooling capacity inputs for consistency with the design. If simulation still fails, contact the CBECC support team for assistance. evaluating rule: Set CHECKSIM AirSys:SupFlowPerTon  (110:'HVACSecondary-Summary.rule' line 785)
2020-03-25 19:54:55 - Warning:  The spaces assigned to thermal zone 'Thermal Zone: F1 Lounge' have cooling unmet load hour limits ranging from 150 to 8760. All spaces in the zone will be held to the minimum UMLH limit. evaluating rule: Set CHECKCODE ThrmlZn:ClgUMLHLimit  (60:'ThermalZone-General.rule' line 1738)
2020-03-25 19:54:55 - Warning:  The spaces assigned to thermal zone 'Thermal Zone: F1 Lounge' have heating unmet load hour limits ranging from 150 to 8760. All spaces in the zone will be held to the minimum UMLH limit. evaluating rule: Set CHECKCODE ThrmlZn:HtgUMLHLimit  (60:'ThermalZone-General.rule' line 1765)
2020-03-25 19:54:57 -   PerfAnal_NRes - Bypassing OpenStudio (and simulation) for zp model
2020-03-25 20:01:07 -   PerfSim_E+ - Final Result: PASS  -- compliance margin: 0.49 (0.72%)
2020-03-25 20:01:08 - Analysis result:  PASS  (TDV margin: 0.49)  Processing time:  Overall 6:15 / SDD2IDF x4 avg 0:05 / SizSim x2 avg 0:36 / AnnSim x2 avg 2:09 / ReportGen x0 0:00 / Other 0:20
2020-03-25 20:01:08 -       ResultsSummary population:  bAbort = (false) / RuleProcAbort = (false) / iRetVal = 0 / pszResultsSummary = (empty) / iResultsSummaryLen = 3200
2020-03-25 20:01:08 -       ResultsSummary components1:  2020-03-25 20:01:08 / instance / High-Rise Mixed-Use (10-story) / CTZ03S22A / Title24Compliance / 6:15 / PASS / 0.49
2020-03-25 20:01:08 -       ResultsSummary components2:  CBECC-Com 2022.0.1 RV (1113) / BEMCmpMgr 2022.0.1 RV (6107) / CA 2022 Nonresidential, Vers. 1.0 Alpha / 1.11.3.f52686d8e1 / 9.0.1-bb7ca4f0da / CSE19 0.865.0+dhwloop.68861ec.94 EXE / C:\Users\ssumawan\Documents\CBECC-Com 2022 Data\EPW\ / C:\Users\ssumawan\Documents\GitHub\T24-2022-CASE-Modeling\framework\analysis\all-electric\runs\hr-baseline\cz03\
2020-03-25 20:01:08 -       ResultsSummary:  2020-03-25 20:01:08,"instance","High-Rise Mixed-Use (10-story)","CTZ03S22A","Pol  0% RetAdd NoLeak",125400,150480,"Title24Compliance",6:15,PASS,0.49,"--","--","Successful (204 warnings)",6.21733,49713.3,61167,66.2779,3813.11,1088.9,52113,167968,231906,0,181711,6890.07,0,0,588475,2825.3,0,0,0,0,10477,0,13302.3,754.553,0,0,0,14056.8,0,0,0,0,0,0,0,0,0,0,0,0,0,5.93326,15.2282,14.1223,0.028883,0.89089,20.26,11.0421,67.5056,55.0082,0,43.3554,1.5264,0,0,167.396,140.009,27.3869,0,0,,0,10,"Thermal Zone: F10 2-Bed NE",0,"--","--","Successful (199 warnings)",15.0694,23943.2,66178.9,2827.95,24774.7,7966.97,52113,177820,231906,0,181711,6890.07,0,0,598327,2725.17,0,0,0,0,10122.3,0,12847.5,754.553,0,0,0,13602,0,0,0,0,0,0,0,0,0,0,0,0,0,5.68579,7.76704,15.671,1.12736,5.61952,21.0682,11.0421,67.981,55.0082,0,43.3554,1.5264,0,0,167.871,141.409,26.4615,0,0,,0,0,,0,7.58104e-05,15.2229,8.96665,0.0126925,1.14702,0.124303,8.9425,34.4161,40.0913,0,31.5421,0.786538,0,0,106.836,7.52986e-05,6.9458,11.5976,0.719407,5.25752,1.28422,8.9425,34.7471,40.0913,0,31.5421,0.786538,0,0,107.167,"CBECC-Com 2022.0.1 RV (1113)","BEMCmpMgr 2022.0.1 RV (6107)","CA 2022 Nonresidential, Vers. 1.0 Alpha","1.11.3.f52686d8e1","9.0.1-bb7ca4f0da","CSE19 0.865.0+dhwloop.68861ec.94 EXE","C:\Users\ssumawan\Documents\CBECC-Com 2022 Data\EPW\","C:\Users\ssumawan\Documents\GitHub\T24-2022-CASE-Modeling\framework\analysis\all-electric\runs\hr-baseline\cz03\",0.00110091,5.34112,9.2899,0.00534143,0.355061,0.178109,5.74294,20.92,35.8106,0,31.324,1.127,0,0,89.18,1.35469,0,0,0,0,5.02358,0,6.37,0.361798,0,0,0,6.73,0.00311067,2.32762,9.46402,0.271597,3.00666,1.03407,5.74294,21.84,35.8106,0,31.324,1.127,0,0,90.1,1.30668,0,0,0,0,4.85352,0,6.16,0.361798,0,0,0,6.52,2.09848,0.802344,1.39553,0.000802385,0.0533374,7.80787,0.862706,13.0211,5.93987,0,4.70549,0.169298,0,0,23.8357,2.02442,0.349656,1.42169,0.0407991,0.451662,7.67305,0.862706,12.824,5.93987,0,4.70549,0.169298,0,0,23.6386,

2020-03-25 20:01:10 - -----------------------------------------------------------------------------
2020-03-25 20:01:10 - Opening Project 'cz03\instance.cibd22'...
2020-03-25 20:01:10 -    Model load successful into CBECC-Com 2022.0.1 RV (1113)
2020-03-25 20:01:11 - Performing Building Database check...
2020-03-25 20:01:11 - Building Database check completed, no problems found.
2020-03-25 20:01:12 - Project Saved
2020-03-26 12:27:16 - -----------------------------------------------------------------------------
2020-03-26 12:27:16 - Opening Project 'cz03\instance.cibd22'...
2020-03-26 12:27:16 -    Model load successful into CBECC-Com 2022.0.1 RV (1113)
2020-03-26 12:27:17 - Performing Building Database check...
2020-03-26 12:27:17 - Building Database check completed, no problems found.
2020-03-26 12:27:21 -   PerfAnal_NRes - starting, w/ arguments:
2020-03-26 12:27:21 -        BEMBasePathFile    = (null)
2020-03-26 12:27:21 -        RulesetPathFile    = (null)
2020-03-26 12:27:21 -        SimWeatherPath     = C:\Users\mnakajima\Documents\CBECC-Com 2022 Data\EPW\
2020-03-26 12:27:21 -        CompMgrDLLPath     = (null)
2020-03-26 12:27:21 -        DHWWeatherPath     = (null)
2020-03-26 12:27:21 -        ProcessingPath     = C:\Users\mnakajima\Documents\GitHub\T24-2022-CASE-Modeling\framework\analysis\all-electric\runs\hr-baseline\cz03\instance - run\
2020-03-26 12:27:21 -        ModelPathFile      = C:\Users\mnakajima\Documents\GitHub\T24-2022-CASE-Modeling\framework\analysis\all-electric\runs\hr-baseline\cz03\instance.cibd22
2020-03-26 12:27:21 -        LogPathFile        = (null)
2020-03-26 12:27:21 -        UIVersionString    = CBECC-Com 2022.0.1 RV (1113)
2020-03-26 12:27:21 -        LoadModelFile      = false
2020-03-26 12:27:21 -        OptionsCSV         = AllowAnalysisAbort,0,StoreBEMDetails,1,AnalysisThruStep,8,ModelRpt_ALL,1,ExportHourlyResults_All,1,PromptUserUMLHWarning,1,PreAnalysisCheckPromptOption,3,CompReportWarningOption,5,
2020-03-26 12:27:21 -        ErrorMsg           = (assumed to be initialized)
2020-03-26 12:27:21 -        ErrorMsgLen        = 2056
2020-03-26 12:27:21 -        DisplayProgress    = true
2020-03-26 12:27:21 -        ResultsSummary     = (empty)
2020-03-26 12:27:21 -        ResultsSummaryLen  = 3200
2020-03-26 12:27:21 -        pProgCallbackFunc  = (null)
2020-03-26 12:27:22 - Performing Building Database check...
2020-03-26 12:27:22 - Building Database check completed, no problems found.
2020-03-26 12:27:22 - Warning:  The following developer options must be defaulted (not specified by the user) in order to perform a valid compliance analysis:
          Proj 'High-Rise Mixed-Use (10-story)' DefaultDayltgCtrls
          Proj 'High-Rise Mixed-Use (10-story)' AutoHardSize
          Proj 'High-Rise Mixed-Use (10-story)' AutoEffInput
2020-03-26 12:27:22 -    1 file hash check(s) failed on executable and/or analysis support files (analysis continuing w/ report signature disabled)
2020-03-26 12:27:24 - Performing Building Database check...
2020-03-26 12:27:24 - Building Database check completed, no problems found.
2020-03-26 12:27:24 - Warning:  AirSystem 'Residential DOAS' has a DX cooling coil and the rated supply flow per ton of (net) cooling capacity is 583 cfm/ton. The acceptable range for successful simulation of DX cooling coils in EnergyPlus is normally ~300 to ~450 cfm/ton. If the compliance simulation fails, check flow/cooling capacity inputs for consistency with the design. If simulation still fails, contact the CBECC support team for assistance. evaluating rule: Set CHECKSIM AirSys:SupFlowPerTon  (110:'HVACSecondary-Summary.rule' line 785)
2020-03-26 12:27:24 - Warning:  The spaces assigned to thermal zone 'Thermal Zone: F1 Lounge' have cooling unmet load hour limits ranging from 150 to 8760. All spaces in the zone will be held to the minimum UMLH limit. evaluating rule: Set CHECKCODE ThrmlZn:ClgUMLHLimit  (60:'ThermalZone-General.rule' line 1738)
2020-03-26 12:27:24 - Warning:  The spaces assigned to thermal zone 'Thermal Zone: F1 Lounge' have heating unmet load hour limits ranging from 150 to 8760. All spaces in the zone will be held to the minimum UMLH limit. evaluating rule: Set CHECKCODE ThrmlZn:HtgUMLHLimit  (60:'ThermalZone-General.rule' line 1765)
2020-03-26 12:27:29 -   PerfAnal_NRes - Bypassing OpenStudio (and simulation) for zp model
2020-03-26 12:35:30 -   PerfSim_E+ - Final Result: PASS  -- compliance margin: 0.48 (0.73%)
2020-03-26 12:35:33 - Analysis result:  PASS  (TDV margin: 0.48)  Processing time:  Overall 8:11 / SDD2IDF x4 avg 0:07 / SizSim x2 avg 0:41 / AnnSim x2 avg 2:47 / ReportGen x0 0:00 / Other 0:39
2020-03-26 12:35:33 -       ResultsSummary population:  bAbort = (false) / RuleProcAbort = (false) / iRetVal = 0 / pszResultsSummary = (empty) / iResultsSummaryLen = 3200
2020-03-26 12:35:33 -       ResultsSummary components1:  2020-03-26 12:35:33 / instance / High-Rise Mixed-Use (10-story) / CTZ03S22A / Title24Compliance / 8:11 / PASS / 0.48
2020-03-26 12:35:33 -       ResultsSummary components2:  CBECC-Com 2022.0.1 RV (1113) / BEMCmpMgr 2022.0.1 RV (6107) / CA 2022 Nonresidential, Vers. 1.0 Alpha / 1.11.3.f52686d8e1 / 9.0.1-bb7ca4f0da / CSE19 0.868.0 EXE / C:\Users\mnakajima\Documents\CBECC-Com 2022 Data\EPW\ / C:\Users\mnakajima\Documents\GitHub\T24-2022-CASE-Modeling\framework\analysis\all-electric\runs\hr-baseline\cz03\
2020-03-26 12:35:33 -       ResultsSummary:  2020-03-26 12:35:33,"instance","High-Rise Mixed-Use (10-story)","CTZ03S22A","Pol  0% RetAdd NoLeak",125400,150480,"Title24Compliance",8:11,PASS,0.48,"--","--","Successful (204 warnings)",6.21733,49713.3,61167,66.2779,3813.11,1088.9,52113,167968,231906,0,181711,6890.07,0,0,588475,2825.3,0,0,0,0,9492.07,0,12317.4,754.553,0,0,0,13071.9,0,0,0,0,0,0,0,0,0,0,0,0,0,5.93326,15.2282,14.1223,0.028883,0.89089,18.3852,11.0421,65.6308,55.0082,0,43.3554,1.5264,0,0,165.521,140.009,25.5121,0,0,,0,10,"Thermal Zone: F10 2-Bed NE",0,"--","--","Successful (199 warnings)",15.0694,23943.2,66178.9,2827.95,24774.7,7966.97,52113,177820,231906,0,181711,6890.07,0,0,598327,2725.17,0,0,0,0,9137.4,0,11862.6,754.553,0,0,0,12617.1,0,0,0,0,0,0,0,0,0,0,0,0,0,5.68579,7.76704,15.671,1.12736,5.61952,19.1934,11.0421,66.1062,55.0082,0,43.3554,1.5264,0,0,165.996,141.409,24.5867,0,0,,0,0,,0,7.58104e-05,15.2229,8.96665,0.0126925,1.14702,0.124303,8.9425,34.4161,40.0913,0,31.5421,0.786538,0,0,106.836,7.52986e-05,6.9458,11.5976,0.719407,5.25752,1.28422,8.9425,34.7471,40.0913,0,31.5421,0.786538,0,0,107.167,"CBECC-Com 2022.0.1 RV (1113)","BEMCmpMgr 2022.0.1 RV (6107)","CA 2022 Nonresidential, Vers. 1.0 Alpha","1.11.3.f52686d8e1","9.0.1-bb7ca4f0da","CSE19 0.868.0 EXE","C:\Users\mnakajima\Documents\CBECC-Com 2022 Data\EPW\","C:\Users\mnakajima\Documents\GitHub\T24-2022-CASE-Modeling\framework\analysis\all-electric\runs\hr-baseline\cz03\",0.00110091,5.34112,9.2899,0.00534143,0.355061,0.178109,5.74294,20.92,35.8106,0,31.324,1.127,0,0,89.18,1.35469,0,0,0,0,4.55132,0,5.9,0.361798,0,0,0,6.26,0.00311067,2.32762,9.46402,0.271597,3.00666,1.03407,5.74294,21.84,35.8106,0,31.324,1.127,0,0,90.1,1.30668,0,0,0,0,4.38126,0,5.69,0.361798,0,0,0,6.05,2.09848,0.802344,1.39553,0.000802385,0.0533374,7.07638,0.862706,12.2896,5.93987,0,4.70549,0.169298,0,0,23.1042,2.02442,0.349656,1.42169,0.0407991,0.451662,6.94156,0.862706,12.0925,5.93987,0,4.70549,0.169298,0,0,22.9071,

2020-03-26 12:35:37 - -----------------------------------------------------------------------------
2020-03-26 12:35:37 - Opening Project 'cz03\instance.cibd22'...
2020-03-26 12:35:37 -    Model load successful into CBECC-Com 2022.0.1 RV (1113)
2020-03-26 12:35:38 - Performing Building Database check...
2020-03-26 12:35:38 - Building Database check completed, no problems found.
2020-03-26 12:35:41 - Project Saved
