---------------
IZXFER   "Corridor1-IAQHRV"  
         ^
C:\Users\mnakajima\Documents\GitHub\T24-2022-CASE-Modeling\framework\analysis\hpte-lrlc\runs\lrlc-window-U32\cz03\instance - Comp22\INCLUDE-3937         ^
S0228: duplicate izXfer name 'Corridor1-IAQHRV'
---------------
IZXFER   "BusinessCenter1-IAQHRV"  
         ^
C:\Users\mnakajima\Documents\GitHub\T24-2022-CASE-Modeling\framework\analysis\hpte-lrlc\runs\lrlc-window-U32\cz03\instance - Comp22\INCLUDE-3937         ^
S0228: duplicate izXfer name 'BusinessCenter1-IAQHRV'
---------------
IZXFER   "FitnessCenter1-IAQHRV"  
         ^
C:\Users\mnakajima\Documents\GitHub\T24-2022-CASE-Modeling\framework\analysis\hpte-lrlc\runs\lrlc-window-U32\cz03\instance - Comp22\INCLUDE-3937         ^
S0228: duplicate izXfer name 'FitnessCenter1-IAQHRV'
---------------
IZXFER   "Laundry1-IAQHRV"  
         ^
C:\Users\mnakajima\Documents\GitHub\T24-2022-CASE-Modeling\framework\analysis\hpte-lrlc\runs\lrlc-window-U32\cz03\instance - Comp22\INCLUDE-3937         ^
S0228: duplicate izXfer name 'Laundry1-IAQHRV'
---------------
IZXFER   "LeasingOffice1-IAQHRV"  
         ^
C:\Users\mnakajima\Documents\GitHub\T24-2022-CASE-Modeling\framework\analysis\hpte-lrlc\runs\lrlc-window-U32\cz03\instance - Comp22\INCLUDE-3937         ^
S0228: duplicate izXfer name 'LeasingOffice1-IAQHRV'
---------------
2FT2.CSE(40): Info: C:\Users\mnakajima\Documents\GitHub\T24-2022-CASE-Modeling\framework\analysis\hpte-lrlc\runs\lrlc-window-U32\cz03\instance - Comp22\INCLUDE-39372FT2.CSE(40): Info: 
  S0207: More than 4 errors.  Terminating session.
---------------
