2021-02-11 23:16:40 - -----------------------------------------------------------------------------
2021-02-11 23:16:40 - Opening Project 'cz14\instance.cibd22'...
2021-02-11 23:16:41 -    Model load successful into CBECC-Com 2022.0.1 RV (1113)
2021-02-11 23:16:41 - Performing Building Database check...
2021-02-11 23:16:41 - Building Database check completed, no problems found.
2021-02-11 23:16:45 -   PerfAnal_NRes - starting, w/ arguments:
2021-02-11 23:16:45 -        BEMBasePathFile    = (null)
2021-02-11 23:16:45 -        RulesetPathFile    = (null)
2021-02-11 23:16:45 -        SimWeatherPath     = C:\Users\agoyal\OneDrive - TRC\Documents\CBECC-Com 2022 Data\EPW\
2021-02-11 23:16:45 -        CompMgrDLLPath     = (null)
2021-02-11 23:16:45 -        DHWWeatherPath     = (null)
2021-02-11 23:16:45 -        ProcessingPath     = C:\Users\agoyal\OneDrive - TRC\Documents\GitHub\CALGreen-analysis\framework\analysis\hr\runs\hr-tier2env-lpdf\cz14\instance - run\
2021-02-11 23:16:45 -        ModelPathFile      = C:\Users\agoyal\OneDrive - TRC\Documents\GitHub\CALGreen-analysis\framework\analysis\hr\runs\hr-tier2env-lpdf\cz14\instance.cibd22
2021-02-11 23:16:45 -        LogPathFile        = (null)
2021-02-11 23:16:45 -        UIVersionString    = CBECC-Com 2022.0.1 RV (1113)
2021-02-11 23:16:45 -        LoadModelFile      = false
2021-02-11 23:16:45 -        OptionsCSV         = AllowAnalysisAbort,0,StoreBEMDetails,1,AnalysisThruStep,8,ModelRpt_ALL,1,ExportHourlyResults_All,1,PromptUserUMLHWarning,1,PreAnalysisCheckPromptOption,3,CompReportWarningOption,5,
2021-02-11 23:16:45 -        ErrorMsg           = (assumed to be initialized)
2021-02-11 23:16:45 -        ErrorMsgLen        = 2056
2021-02-11 23:16:45 -        DisplayProgress    = true
2021-02-11 23:16:45 -        ResultsSummary     = (empty)
2021-02-11 23:16:45 -        ResultsSummaryLen  = 3200
2021-02-11 23:16:45 -        pProgCallbackFunc  = (null)
2021-02-11 23:16:45 - Performing Building Database check...
2021-02-11 23:16:45 - Building Database check completed, no problems found.
2021-02-11 23:16:45 - Warning:  The following developer options must be defaulted (not specified by the user) in order to perform a valid compliance analysis:
          Proj 'High-Rise Mixed-Use (10-story)' DefaultDayltgCtrls
          Proj 'High-Rise Mixed-Use (10-story)' AutoHardSize
          Proj 'High-Rise Mixed-Use (10-story)' AutoEffInput
2021-02-11 23:16:46 -    1 file hash check(s) failed on executable and/or analysis support files (analysis continuing w/ report signature disabled)
2021-02-11 23:16:47 -   PerfAnal_NRes - AnalysisThruStep being set to #7 due to Proj:AnalysisType = Title24ProposedOnly
2021-02-11 23:16:47 - Performing Building Database check...
2021-02-11 23:16:47 - Building Database check completed, no problems found.
2021-02-11 23:16:47 - Warning:  The spaces assigned to thermal zone 'Thermal Zone: F1 Lounge' have cooling unmet load hour limits ranging from 150 to 8760. All spaces in the zone will be held to the minimum UMLH limit. evaluating rule: Set CHECKCODE ThrmlZn:ClgUMLHLimit  (60:'ThermalZone-General.rule' line 1738)
2021-02-11 23:16:47 - Warning:  The spaces assigned to thermal zone 'Thermal Zone: F1 Lounge' have heating unmet load hour limits ranging from 150 to 8760. All spaces in the zone will be held to the minimum UMLH limit. evaluating rule: Set CHECKCODE ThrmlZn:HtgUMLHLimit  (60:'ThermalZone-General.rule' line 1765)
2021-02-11 23:16:51 -   PerfAnal_NRes - Bypassing OpenStudio (and simulation) for zp model
2021-02-11 23:16:55 -   PerfAnal_NRes - Bypassing OpenStudio (and simulation) for zb model
2021-02-11 23:25:26 - Error:  Undefined data: numerator evaluating rule: Set ANNUAL_BASELINE Fan:FlowCap  (75:'HVACSecondary-Fan-General.rule' line 494)
2021-02-11 23:25:26 - Error:  Undefined data: numerator evaluating rule: Set ANNUAL_BASELINE Fan:FlowCap  (75:'HVACSecondary-Fan-General.rule' line 494)
2021-02-11 23:25:26 - Error:  Undefined data: numerator evaluating rule: Set ANNUAL_BASELINE Fan:FlowCap  (75:'HVACSecondary-Fan-General.rule' line 494)
2021-02-11 23:25:26 - Error:  Undefined data: numerator evaluating rule: Set ANNUAL_BASELINE Fan:FlowCap  (75:'HVACSecondary-Fan-General.rule' line 529)
2021-02-11 23:25:26 - Error:  Undefined data: numerator evaluating rule: Set ANNUAL_BASELINE Fan:FlowCap  (75:'HVACSecondary-Fan-General.rule' line 529)
2021-02-11 23:25:26 - Error:  Undefined data: numerator evaluating rule: Set ANNUAL_BASELINE Fan:FlowCap  (75:'HVACSecondary-Fan-General.rule' line 529)
2021-02-11 23:25:26 - Error:  Undefined data: numerator evaluating rule: Set ANNUAL_BASELINE Fan:FlowCap  (75:'HVACSecondary-Fan-General.rule' line 529)
2021-02-11 23:25:26 - Error:  Undefined data: numerator evaluating rule: Set ANNUAL_BASELINE Fan:FlowCap  (75:'HVACSecondary-Fan-General.rule' line 529)
2021-02-11 23:25:26 - Error:  Undefined data: numerator evaluating rule: Set ANNUAL_BASELINE Fan:FlowCap  (75:'HVACSecondary-Fan-General.rule' line 529)
2021-02-11 23:25:26 - Error:  Undefined data: numerator evaluating rule: Set ANNUAL_BASELINE Fan:FlowCap  (75:'HVACSecondary-Fan-General.rule' line 529)
2021-02-11 23:25:26 - Error:  Undefined data: numerator evaluating rule: Set ANNUAL_BASELINE Fan:FlowCap  (75:'HVACSecondary-Fan-General.rule' line 529)
2021-02-11 23:25:26 - Error:  Undefined data: numerator evaluating rule: Set ANNUAL_BASELINE Fan:FlowCap  (75:'HVACSecondary-Fan-General.rule' line 529)
2021-02-11 23:25:26 - Error:  Undefined data: numerator evaluating rule: Set ANNUAL_BASELINE Fan:FlowCap  (75:'HVACSecondary-Fan-General.rule' line 529)
2021-02-11 23:25:26 - Error:  Undefined data: numerator evaluating rule: Set ANNUAL_BASELINE Fan:FlowCap  (75:'HVACSecondary-Fan-General.rule' line 529)
2021-02-11 23:25:26 - Error:  Undefined data: numerator evaluating rule: Set ANNUAL_BASELINE Fan:FlowCap  (75:'HVACSecondary-Fan-General.rule' line 529)
2021-02-11 23:25:26 - Error:  Undefined data: numerator evaluating rule: Set ANNUAL_BASELINE Fan:FlowCap  (75:'HVACSecondary-Fan-General.rule' line 529)
2021-02-11 23:25:26 - Error:  Undefined data: numerator evaluating rule: Set ANNUAL_BASELINE Fan:FlowCap  (75:'HVACSecondary-Fan-General.rule' line 529)
2021-02-11 23:25:26 - Error:  Undefined data: numerator evaluating rule: Set ANNUAL_BASELINE Fan:FlowCap  (75:'HVACSecondary-Fan-General.rule' line 529)
2021-02-11 23:25:26 - Error:  Undefined data: numerator evaluating rule: Set ANNUAL_BASELINE Fan:FlowCap  (75:'HVACSecondary-Fan-General.rule' line 529)
2021-02-11 23:25:26 - Error:  Undefined data: numerator evaluating rule: Set ANNUAL_BASELINE Fan:FlowCap  (75:'HVACSecondary-Fan-General.rule' line 529)
2021-02-11 23:25:26 - Error:  Undefined data: numerator evaluating rule: Set ANNUAL_BASELINE Fan:FlowCap  (75:'HVACSecondary-Fan-General.rule' line 529)
2021-02-11 23:25:26 - Error:  Division by zero evaluating rule: Set ANNUAL_BASELINE ThrmlZn:PriAirCondgSysDsgnFlow  (76:'HVACSecondary-Fan-FanRatios.rule' line 67)
2021-02-11 23:25:26 - Error:  Division by zero evaluating rule: Set ANNUAL_BASELINE ThrmlZn:PriAirCondgSysDsgnFlow  (76:'HVACSecondary-Fan-FanRatios.rule' line 67)
2021-02-11 23:25:26 - Error:  Division by zero evaluating rule: Set ANNUAL_BASELINE ThrmlZn:PriAirCondgSysDsgnFlow  (76:'HVACSecondary-Fan-FanRatios.rule' line 67)
2021-02-11 23:25:26 - Error:  Division by zero evaluating rule: Set ANNUAL_BASELINE ThrmlZn:PriAirCondgSysDsgnFlow  (76:'HVACSecondary-Fan-FanRatios.rule' line 67)
2021-02-11 23:25:26 - Error:  Division by zero evaluating rule: Set ANNUAL_BASELINE ThrmlZn:PriAirCondgSysDsgnFlow  (76:'HVACSecondary-Fan-FanRatios.rule' line 67)
2021-02-11 23:25:26 - Error:  Division by zero evaluating rule: Set ANNUAL_BASELINE ThrmlZn:PriAirCondgSysDsgnFlow  (76:'HVACSecondary-Fan-FanRatios.rule' line 67)
2021-02-11 23:25:26 - Error:  Division by zero evaluating rule: Set ANNUAL_BASELINE ThrmlZn:PriAirCondgSysDsgnFlow  (76:'HVACSecondary-Fan-FanRatios.rule' line 67)
2021-02-11 23:25:26 - Error:  Division by zero evaluating rule: Set ANNUAL_BASELINE ThrmlZn:PriAirCondgSysDsgnFlow  (76:'HVACSecondary-Fan-FanRatios.rule' line 67)
2021-02-11 23:25:26 - Error:  Division by zero evaluating rule: Set ANNUAL_BASELINE ThrmlZn:PriAirCondgSysDsgnFlow  (76:'HVACSecondary-Fan-FanRatios.rule' line 67)
2021-02-11 23:25:26 - Error:  Division by zero evaluating rule: Set ANNUAL_BASELINE ThrmlZn:PriAirCondgSysDsgnFlow  (76:'HVACSecondary-Fan-FanRatios.rule' line 67)
2021-02-11 23:25:26 - Error:  Division by zero evaluating rule: Set ANNUAL_BASELINE ThrmlZn:PriAirCondgSysDsgnFlow  (76:'HVACSecondary-Fan-FanRatios.rule' line 67)
2021-02-11 23:25:26 - Error:  Division by zero evaluating rule: Set ANNUAL_BASELINE ThrmlZn:PriAirCondgSysDsgnFlow  (76:'HVACSecondary-Fan-FanRatios.rule' line 67)
2021-02-11 23:25:26 - Error:  Division by zero evaluating rule: Set ANNUAL_BASELINE ThrmlZn:VentSysDsgnFlow  (76:'HVACSecondary-Fan-FanRatios.rule' line 111)
2021-02-11 23:25:26 - Error:  Division by zero evaluating rule: Set ANNUAL_BASELINE ThrmlZn:VentSysDsgnFlow  (76:'HVACSecondary-Fan-FanRatios.rule' line 111)
2021-02-11 23:25:26 - Error:  Division by zero evaluating rule: Set ANNUAL_BASELINE ThrmlZn:VentSysDsgnFlow  (76:'HVACSecondary-Fan-FanRatios.rule' line 111)
2021-02-11 23:25:26 - Error:  Division by zero evaluating rule: Set ANNUAL_BASELINE ThrmlZn:VentSysDsgnFlow  (76:'HVACSecondary-Fan-FanRatios.rule' line 111)
2021-02-11 23:25:26 - Error:  Division by zero evaluating rule: Set ANNUAL_BASELINE ThrmlZn:VentSysDsgnFlow  (76:'HVACSecondary-Fan-FanRatios.rule' line 111)
2021-02-11 23:25:26 - Error:  Division by zero evaluating rule: Set ANNUAL_BASELINE ThrmlZn:VentSysDsgnFlow  (76:'HVACSecondary-Fan-FanRatios.rule' line 111)
2021-02-11 23:25:26 - Error:  Division by zero evaluating rule: Set ANNUAL_BASELINE ThrmlZn:VentSysDsgnFlow  (76:'HVACSecondary-Fan-FanRatios.rule' line 111)
2021-02-11 23:25:26 - Error:  Division by zero evaluating rule: Set ANNUAL_BASELINE ThrmlZn:VentSysDsgnFlow  (76:'HVACSecondary-Fan-FanRatios.rule' line 111)
2021-02-11 23:25:26 - Error:  Division by zero evaluating rule: Set ANNUAL_BASELINE ThrmlZn:VentSysDsgnFlow  (76:'HVACSecondary-Fan-FanRatios.rule' line 111)
2021-02-11 23:25:26 - Error:  Division by zero evaluating rule: Set ANNUAL_BASELINE ThrmlZn:VentSysDsgnFlow  (76:'HVACSecondary-Fan-FanRatios.rule' line 111)
2021-02-11 23:25:26 - Error:  Division by zero evaluating rule: Set ANNUAL_BASELINE ThrmlZn:VentSysDsgnFlow  (76:'HVACSecondary-Fan-FanRatios.rule' line 111)
2021-02-11 23:25:26 - Error:  Division by zero evaluating rule: Set ANNUAL_BASELINE ThrmlZn:VentSysDsgnFlow  (76:'HVACSecondary-Fan-FanRatios.rule' line 111)
2021-02-11 23:25:29 -   PerfAnal_NRes - Bypassing OpenStudio (and simulation) for ab model
2021-02-11 23:25:29 -   PerfAnal_NRes - Completed analysis steps thru #7
2021-02-11 23:25:29 - Analysis incomplete  Processing time:  Overall 8:44 / SDD2IDF x2 avg 0:12 / SizSim x0 0:00 / AnnSim x2 avg 3:56 / ReportGen x0 0:00 / Other 0:24
2021-02-11 23:25:29 -       ResultsSummary population:  bAbort = (false) / RuleProcAbort = (false) / iRetVal = 0 / pszResultsSummary = (empty) / iResultsSummaryLen = 3200
2021-02-11 23:25:29 -       ResultsSummary components1:  2021-02-11 23:25:29 / instance / High-Rise Mixed-Use (10-story) / CTZ14S22A / Title24ProposedOnly / 8:44 /  / 
2021-02-11 23:25:29 -       ResultsSummary components2:  CBECC-Com 2022.0.1 RV (1113) / BEMCmpMgr 2022.0.1 RV (6107) / CA 2022 Nonresidential, Vers. 1.0 Alpha /  /  / - / C:\Users\agoyal\OneDrive - TRC\Documents\CBECC-Com 2022 Data\EPW\ / C:\Users\agoyal\OneDrive - TRC\Documents\GitHub\CALGreen-analysis\framework\analysis\hr\runs\hr-tier2env-lpdf\cz14\
2021-02-11 23:25:29 -       ResultsSummary:  2021-02-11 23:25:29,"instance","High-Rise Mixed-Use (10-story)","CTZ14S22A","Pol  0% RetAdd NoLeak",125400,150480,"Title24ProposedOnly",8:44,,,"--","--","Successful (259 warnings)",35909.6,106698,74400.8,175.191,4678.01,1088.9,42097,265047,274496,19205.8,47456.3,6890.07,0,0,613096,1101.47,0,0,0,0,7377.08,0,8478.55,1576.89,2595.88,0,0,12651.3,0,0,0,0,0,0,0,0,0,0,0,0,0,10.8649,35.5282,19.0828,0.0613412,1.05551,14.5754,9.18894,90.3571,64.9257,9.35571,11.0331,1.52465,0,0,177.196,152.521,24.6754,0,0,,0,0,,0,"--","--","",0,0,0,0,0,0,0,0,0,0,0,0,0,0,0,0,0,0,0,0,0,0,0,0,0,0,0,0,0,0,0,0,0,0,0,0,0,0,0,0,0,0,0,0,0,0,0,0,0,0,0,0,0,0,0,0,0,0,0,,,,,,,2.53793e-06,50.0575,17.4171,0.0673158,1.26384,0.124303,7.34624,76.2763,43.2848,2.98676,9.36022,0.786538,0,0,132.695,0,0,0,0,0,0,0,0,0,0,0,0,0,0,0,"CBECC-Com 2022.0.1 RV (1113)","BEMCmpMgr 2022.0.1 RV (6107)","CA 2022 Nonresidential, Vers. 1.0 Alpha","","","-","C:\Users\agoyal\OneDrive - TRC\Documents\CBECC-Com 2022 Data\EPW\","C:\Users\agoyal\OneDrive - TRC\Documents\GitHub\CALGreen-analysis\framework\analysis\hr\runs\hr-tier2env-lpdf\cz14\",8.57513,14.0847,11.482,0.0174973,0.455442,0.179198,4.63716,39.44,42.8116,3.31511,8.5377,1.13389,0,0,95.24,0.528141,0,0,0,0,3.53721,0,4.07,0.756098,1.24469,0,0,6.07,0,0,0,0,0,0,0,0,0,0,0,0,0,0,0,0,0,0,0,0,0,0,0,0,0,0,0,0,2.0947,2.11582,1.72483,0.00262847,0.0684166,5.42873,0.696596,12.1317,7.58583,2.39881,1.28253,0.170333,0,0,23.5692,0,0,0,0,0,0,0,0,0,0,0,0,0,0,0,

2021-02-11 23:25:36 - -----------------------------------------------------------------------------
2021-02-11 23:25:36 - Opening Project 'cz14\instance.cibd22'...
2021-02-11 23:25:38 -    Model load successful into CBECC-Com 2022.0.1 RV (1113)
2021-02-11 23:25:38 - Performing Building Database check...
2021-02-11 23:25:38 - Building Database check completed, no problems found.
2021-02-11 23:25:45 - Error writing enumeration property for Mat 'MetalFrameWall16inOC R21.00', property CavityInsOpt (previously 'R-21' (?))
2021-02-11 23:25:45 - Project Saved
2021-02-12 10:10:23 - -----------------------------------------------------------------------------
2021-02-12 10:10:23 - Opening Project 'cz14\instance.cibd22'...
2021-02-12 10:10:24 -    Model load successful into CBECC-Com 2022.0.1 RV (1113)
2021-02-12 10:10:24 - Performing Building Database check...
2021-02-12 10:10:24 - Building Database check completed, no problems found.
2021-02-12 10:10:28 -   PerfAnal_NRes - starting, w/ arguments:
2021-02-12 10:10:28 -        BEMBasePathFile    = (null)
2021-02-12 10:10:28 -        RulesetPathFile    = (null)
2021-02-12 10:10:28 -        SimWeatherPath     = C:\Users\agoyal\OneDrive - TRC\Documents\CBECC-Com 2022 Data\EPW\
2021-02-12 10:10:28 -        CompMgrDLLPath     = (null)
2021-02-12 10:10:28 -        DHWWeatherPath     = (null)
2021-02-12 10:10:28 -        ProcessingPath     = C:\Users\agoyal\OneDrive - TRC\Documents\GitHub\CALGreen-analysis\framework\analysis\hr\runs\hr-tier2env-lpdf\cz14\instance - run\
2021-02-12 10:10:28 -        ModelPathFile      = C:\Users\agoyal\OneDrive - TRC\Documents\GitHub\CALGreen-analysis\framework\analysis\hr\runs\hr-tier2env-lpdf\cz14\instance.cibd22
2021-02-12 10:10:28 -        LogPathFile        = (null)
2021-02-12 10:10:28 -        UIVersionString    = CBECC-Com 2022.0.1 RV (1113)
2021-02-12 10:10:28 -        LoadModelFile      = false
2021-02-12 10:10:28 -        OptionsCSV         = AllowAnalysisAbort,0,StoreBEMDetails,1,AnalysisThruStep,8,ModelRpt_ALL,1,ExportHourlyResults_All,1,PromptUserUMLHWarning,1,PreAnalysisCheckPromptOption,3,CompReportWarningOption,5,
2021-02-12 10:10:28 -        ErrorMsg           = (assumed to be initialized)
2021-02-12 10:10:28 -        ErrorMsgLen        = 2056
2021-02-12 10:10:28 -        DisplayProgress    = true
2021-02-12 10:10:28 -        ResultsSummary     = (empty)
2021-02-12 10:10:28 -        ResultsSummaryLen  = 3200
2021-02-12 10:10:28 -        pProgCallbackFunc  = (null)
2021-02-12 10:10:28 - Performing Building Database check...
2021-02-12 10:10:28 - Building Database check completed, no problems found.
2021-02-12 10:10:28 - Warning:  The following developer options must be defaulted (not specified by the user) in order to perform a valid compliance analysis:
          Proj 'High-Rise Mixed-Use (10-story)' DefaultDayltgCtrls
          Proj 'High-Rise Mixed-Use (10-story)' AutoHardSize
          Proj 'High-Rise Mixed-Use (10-story)' AutoEffInput
2021-02-12 10:10:28 -    1 file hash check(s) failed on executable and/or analysis support files (analysis continuing w/ report signature disabled)
2021-02-12 10:10:30 -   PerfAnal_NRes - AnalysisThruStep being set to #7 due to Proj:AnalysisType = Title24ProposedOnly
2021-02-12 10:10:30 - Performing Building Database check...
2021-02-12 10:10:30 - Building Database check completed, no problems found.
2021-02-12 10:10:30 - Warning:  The spaces assigned to thermal zone 'Thermal Zone: F1 Lounge' have cooling unmet load hour limits ranging from 150 to 8760. All spaces in the zone will be held to the minimum UMLH limit. evaluating rule: Set CHECKCODE ThrmlZn:ClgUMLHLimit  (60:'ThermalZone-General.rule' line 1738)
2021-02-12 10:10:30 - Warning:  The spaces assigned to thermal zone 'Thermal Zone: F1 Lounge' have heating unmet load hour limits ranging from 150 to 8760. All spaces in the zone will be held to the minimum UMLH limit. evaluating rule: Set CHECKCODE ThrmlZn:HtgUMLHLimit  (60:'ThermalZone-General.rule' line 1765)
2021-02-12 10:10:36 -   PerfAnal_NRes - Bypassing OpenStudio (and simulation) for zp model
2021-02-12 10:10:40 -   PerfAnal_NRes - Bypassing OpenStudio (and simulation) for zb model
2021-02-12 10:16:22 - Error:  Undefined data: numerator evaluating rule: Set ANNUAL_BASELINE Fan:FlowCap  (75:'HVACSecondary-Fan-General.rule' line 494)
2021-02-12 10:16:22 - Error:  Undefined data: numerator evaluating rule: Set ANNUAL_BASELINE Fan:FlowCap  (75:'HVACSecondary-Fan-General.rule' line 494)
2021-02-12 10:16:22 - Error:  Undefined data: numerator evaluating rule: Set ANNUAL_BASELINE Fan:FlowCap  (75:'HVACSecondary-Fan-General.rule' line 494)
2021-02-12 10:16:22 - Error:  Undefined data: numerator evaluating rule: Set ANNUAL_BASELINE Fan:FlowCap  (75:'HVACSecondary-Fan-General.rule' line 529)
2021-02-12 10:16:22 - Error:  Undefined data: numerator evaluating rule: Set ANNUAL_BASELINE Fan:FlowCap  (75:'HVACSecondary-Fan-General.rule' line 529)
2021-02-12 10:16:22 - Error:  Undefined data: numerator evaluating rule: Set ANNUAL_BASELINE Fan:FlowCap  (75:'HVACSecondary-Fan-General.rule' line 529)
2021-02-12 10:16:22 - Error:  Undefined data: numerator evaluating rule: Set ANNUAL_BASELINE Fan:FlowCap  (75:'HVACSecondary-Fan-General.rule' line 529)
2021-02-12 10:16:22 - Error:  Undefined data: numerator evaluating rule: Set ANNUAL_BASELINE Fan:FlowCap  (75:'HVACSecondary-Fan-General.rule' line 529)
2021-02-12 10:16:22 - Error:  Undefined data: numerator evaluating rule: Set ANNUAL_BASELINE Fan:FlowCap  (75:'HVACSecondary-Fan-General.rule' line 529)
2021-02-12 10:16:22 - Error:  Undefined data: numerator evaluating rule: Set ANNUAL_BASELINE Fan:FlowCap  (75:'HVACSecondary-Fan-General.rule' line 529)
2021-02-12 10:16:22 - Error:  Undefined data: numerator evaluating rule: Set ANNUAL_BASELINE Fan:FlowCap  (75:'HVACSecondary-Fan-General.rule' line 529)
2021-02-12 10:16:22 - Error:  Undefined data: numerator evaluating rule: Set ANNUAL_BASELINE Fan:FlowCap  (75:'HVACSecondary-Fan-General.rule' line 529)
2021-02-12 10:16:22 - Error:  Undefined data: numerator evaluating rule: Set ANNUAL_BASELINE Fan:FlowCap  (75:'HVACSecondary-Fan-General.rule' line 529)
2021-02-12 10:16:22 - Error:  Undefined data: numerator evaluating rule: Set ANNUAL_BASELINE Fan:FlowCap  (75:'HVACSecondary-Fan-General.rule' line 529)
2021-02-12 10:16:22 - Error:  Undefined data: numerator evaluating rule: Set ANNUAL_BASELINE Fan:FlowCap  (75:'HVACSecondary-Fan-General.rule' line 529)
2021-02-12 10:16:22 - Error:  Undefined data: numerator evaluating rule: Set ANNUAL_BASELINE Fan:FlowCap  (75:'HVACSecondary-Fan-General.rule' line 529)
2021-02-12 10:16:22 - Error:  Undefined data: numerator evaluating rule: Set ANNUAL_BASELINE Fan:FlowCap  (75:'HVACSecondary-Fan-General.rule' line 529)
2021-02-12 10:16:22 - Error:  Undefined data: numerator evaluating rule: Set ANNUAL_BASELINE Fan:FlowCap  (75:'HVACSecondary-Fan-General.rule' line 529)
2021-02-12 10:16:22 - Error:  Undefined data: numerator evaluating rule: Set ANNUAL_BASELINE Fan:FlowCap  (75:'HVACSecondary-Fan-General.rule' line 529)
2021-02-12 10:16:22 - Error:  Undefined data: numerator evaluating rule: Set ANNUAL_BASELINE Fan:FlowCap  (75:'HVACSecondary-Fan-General.rule' line 529)
2021-02-12 10:16:22 - Error:  Undefined data: numerator evaluating rule: Set ANNUAL_BASELINE Fan:FlowCap  (75:'HVACSecondary-Fan-General.rule' line 529)
2021-02-12 10:16:22 - Error:  Division by zero evaluating rule: Set ANNUAL_BASELINE ThrmlZn:PriAirCondgSysDsgnFlow  (76:'HVACSecondary-Fan-FanRatios.rule' line 67)
2021-02-12 10:16:22 - Error:  Division by zero evaluating rule: Set ANNUAL_BASELINE ThrmlZn:PriAirCondgSysDsgnFlow  (76:'HVACSecondary-Fan-FanRatios.rule' line 67)
2021-02-12 10:16:22 - Error:  Division by zero evaluating rule: Set ANNUAL_BASELINE ThrmlZn:PriAirCondgSysDsgnFlow  (76:'HVACSecondary-Fan-FanRatios.rule' line 67)
2021-02-12 10:16:22 - Error:  Division by zero evaluating rule: Set ANNUAL_BASELINE ThrmlZn:PriAirCondgSysDsgnFlow  (76:'HVACSecondary-Fan-FanRatios.rule' line 67)
2021-02-12 10:16:22 - Error:  Division by zero evaluating rule: Set ANNUAL_BASELINE ThrmlZn:PriAirCondgSysDsgnFlow  (76:'HVACSecondary-Fan-FanRatios.rule' line 67)
2021-02-12 10:16:22 - Error:  Division by zero evaluating rule: Set ANNUAL_BASELINE ThrmlZn:PriAirCondgSysDsgnFlow  (76:'HVACSecondary-Fan-FanRatios.rule' line 67)
2021-02-12 10:16:22 - Error:  Division by zero evaluating rule: Set ANNUAL_BASELINE ThrmlZn:PriAirCondgSysDsgnFlow  (76:'HVACSecondary-Fan-FanRatios.rule' line 67)
2021-02-12 10:16:22 - Error:  Division by zero evaluating rule: Set ANNUAL_BASELINE ThrmlZn:PriAirCondgSysDsgnFlow  (76:'HVACSecondary-Fan-FanRatios.rule' line 67)
2021-02-12 10:16:22 - Error:  Division by zero evaluating rule: Set ANNUAL_BASELINE ThrmlZn:PriAirCondgSysDsgnFlow  (76:'HVACSecondary-Fan-FanRatios.rule' line 67)
2021-02-12 10:16:22 - Error:  Division by zero evaluating rule: Set ANNUAL_BASELINE ThrmlZn:PriAirCondgSysDsgnFlow  (76:'HVACSecondary-Fan-FanRatios.rule' line 67)
2021-02-12 10:16:22 - Error:  Division by zero evaluating rule: Set ANNUAL_BASELINE ThrmlZn:PriAirCondgSysDsgnFlow  (76:'HVACSecondary-Fan-FanRatios.rule' line 67)
2021-02-12 10:16:22 - Error:  Division by zero evaluating rule: Set ANNUAL_BASELINE ThrmlZn:PriAirCondgSysDsgnFlow  (76:'HVACSecondary-Fan-FanRatios.rule' line 67)
2021-02-12 10:16:22 - Error:  Division by zero evaluating rule: Set ANNUAL_BASELINE ThrmlZn:VentSysDsgnFlow  (76:'HVACSecondary-Fan-FanRatios.rule' line 111)
2021-02-12 10:16:22 - Error:  Division by zero evaluating rule: Set ANNUAL_BASELINE ThrmlZn:VentSysDsgnFlow  (76:'HVACSecondary-Fan-FanRatios.rule' line 111)
2021-02-12 10:16:22 - Error:  Division by zero evaluating rule: Set ANNUAL_BASELINE ThrmlZn:VentSysDsgnFlow  (76:'HVACSecondary-Fan-FanRatios.rule' line 111)
2021-02-12 10:16:22 - Error:  Division by zero evaluating rule: Set ANNUAL_BASELINE ThrmlZn:VentSysDsgnFlow  (76:'HVACSecondary-Fan-FanRatios.rule' line 111)
2021-02-12 10:16:22 - Error:  Division by zero evaluating rule: Set ANNUAL_BASELINE ThrmlZn:VentSysDsgnFlow  (76:'HVACSecondary-Fan-FanRatios.rule' line 111)
2021-02-12 10:16:22 - Error:  Division by zero evaluating rule: Set ANNUAL_BASELINE ThrmlZn:VentSysDsgnFlow  (76:'HVACSecondary-Fan-FanRatios.rule' line 111)
2021-02-12 10:16:22 - Error:  Division by zero evaluating rule: Set ANNUAL_BASELINE ThrmlZn:VentSysDsgnFlow  (76:'HVACSecondary-Fan-FanRatios.rule' line 111)
2021-02-12 10:16:22 - Error:  Division by zero evaluating rule: Set ANNUAL_BASELINE ThrmlZn:VentSysDsgnFlow  (76:'HVACSecondary-Fan-FanRatios.rule' line 111)
2021-02-12 10:16:22 - Error:  Division by zero evaluating rule: Set ANNUAL_BASELINE ThrmlZn:VentSysDsgnFlow  (76:'HVACSecondary-Fan-FanRatios.rule' line 111)
2021-02-12 10:16:22 - Error:  Division by zero evaluating rule: Set ANNUAL_BASELINE ThrmlZn:VentSysDsgnFlow  (76:'HVACSecondary-Fan-FanRatios.rule' line 111)
2021-02-12 10:16:22 - Error:  Division by zero evaluating rule: Set ANNUAL_BASELINE ThrmlZn:VentSysDsgnFlow  (76:'HVACSecondary-Fan-FanRatios.rule' line 111)
2021-02-12 10:16:22 - Error:  Division by zero evaluating rule: Set ANNUAL_BASELINE ThrmlZn:VentSysDsgnFlow  (76:'HVACSecondary-Fan-FanRatios.rule' line 111)
2021-02-12 10:16:24 -   PerfAnal_NRes - Bypassing OpenStudio (and simulation) for ab model
2021-02-12 10:16:24 -   PerfAnal_NRes - Completed analysis steps thru #7
2021-02-12 10:16:24 - Analysis incomplete  Processing time:  Overall 5:56 / SDD2IDF x2 avg 0:05 / SizSim x0 0:00 / AnnSim x2 avg 2:37 / ReportGen x0 0:00 / Other 0:28
2021-02-12 10:16:24 -       ResultsSummary population:  bAbort = (false) / RuleProcAbort = (false) / iRetVal = 0 / pszResultsSummary = (empty) / iResultsSummaryLen = 3200
2021-02-12 10:16:24 -       ResultsSummary components1:  2021-02-12 10:16:24 / instance / High-Rise Mixed-Use (10-story) / CTZ14S22A / Title24ProposedOnly / 5:56 /  / 
2021-02-12 10:16:24 -       ResultsSummary components2:  CBECC-Com 2022.0.1 RV (1113) / BEMCmpMgr 2022.0.1 RV (6107) / CA 2022 Nonresidential, Vers. 1.0 Alpha /  /  / - / C:\Users\agoyal\OneDrive - TRC\Documents\CBECC-Com 2022 Data\EPW\ / C:\Users\agoyal\OneDrive - TRC\Documents\GitHub\CALGreen-analysis\framework\analysis\hr\runs\hr-tier2env-lpdf\cz14\
2021-02-12 10:16:24 -       ResultsSummary:  2021-02-12 10:16:24,"instance","High-Rise Mixed-Use (10-story)","CTZ14S22A","Pol  0% RetAdd NoLeak",125400,150480,"Title24ProposedOnly",5:56,,,"--","--","Successful (259 warnings)",16554.2,117744,74370.2,175.26,4678.05,1088.9,43099.6,257711,274496,19205.8,47456.3,6890.07,0,0,605759,1101.29,0,0,0,0,7377.08,0,8478.37,1576.89,2595.88,0,0,12651.1,0,0,0,0,0,0,0,0,0,0,0,0,0,6.32535,36.7565,18.7508,0.0613543,1.05554,14.5754,9.40336,86.9283,64.9257,9.35571,11.0331,1.52465,0,0,173.768,149.092,24.6751,0,0,,0,0,,0,"--","--","",0,0,0,0,0,0,0,0,0,0,0,0,0,0,0,0,0,0,0,0,0,0,0,0,0,0,0,0,0,0,0,0,0,0,0,0,0,0,0,0,0,0,0,0,0,0,0,0,0,0,0,0,0,0,0,0,0,0,0,,,,,,,2.52921e-06,49.6086,17.3248,0.0673369,1.26386,0.124303,7.49039,75.8794,43.2848,2.98676,9.36022,0.786538,0,0,132.298,0,0,0,0,0,0,0,0,0,0,0,0,0,0,0,"CBECC-Com 2022.0.1 RV (1113)","BEMCmpMgr 2022.0.1 RV (6107)","CA 2022 Nonresidential, Vers. 1.0 Alpha","","","-","C:\Users\agoyal\OneDrive - TRC\Documents\CBECC-Com 2022 Data\EPW\","C:\Users\agoyal\OneDrive - TRC\Documents\GitHub\CALGreen-analysis\framework\analysis\hr\runs\hr-tier2env-lpdf\cz14\",3.96186,15.2547,11.0905,0.0175027,0.455446,0.179198,4.74153,35.7,42.8116,3.31511,8.5377,1.13389,0,0,91.5,0.528055,0,0,0,0,3.53721,0,4.07,0.756098,1.24469,0,0,6.07,0,0,0,0,0,0,0,0,0,0,0,0,0,0,0,0,0,0,0,0,0,0,0,0,0,0,0,0,1.40156,2.29158,1.66601,0.00262928,0.0684173,5.42873,0.712274,11.5712,7.58583,2.39881,1.28253,0.170333,0,0,23.0087,0,0,0,0,0,0,0,0,0,0,0,0,0,0,0,

2021-02-12 10:16:30 - -----------------------------------------------------------------------------
2021-02-12 10:16:30 - Opening Project 'cz14\instance.cibd22'...
2021-02-12 10:16:32 -    Model load successful into CBECC-Com 2022.0.1 RV (1113)
2021-02-12 10:16:32 - Performing Building Database check...
2021-02-12 10:16:32 - Building Database check completed, no problems found.
2021-02-12 10:16:35 - Error writing enumeration property for Mat 'MetalFrameWall16inOC R21.00', property CavityInsOpt (previously 'R-21' (?))
2021-02-12 10:16:35 - Project Saved
