2020-03-03 19:11:16 - -----------------------------------------------------------------------------
2020-03-03 19:11:16 - Opening Project 'cz08\instance.ribd22'...
2020-03-03 19:11:16 -    Model load successful into CBECC-Res 2022.0.2 RV (1117)
2020-03-03 19:11:17 - Performing Building Database check...
2020-03-03 19:11:17 - Building Database check completed, no problems found.
2020-03-03 19:11:17 - Performing Building Database check...
2020-03-03 19:11:17 - Building Database check completed, no problems found.
2020-03-03 19:11:17 -    Analysis being performed by CompMgrVersion 'BEMCmpMgr 2022.0.1 (1633)' via SoftwareVersion 'CBECC-Res 2022.0.2 RV (1117)'
2020-03-03 19:11:18 -    Unable to scale standard PV system - bad or missing EUseSummary:StdMixedFuelPVMlt and/or Proj:PVWDCSysTotal
2020-03-03 19:11:40 - Analysis incomplete  Processing time:  Overall 23.6 / CSE19 20.8 / ModelPrep 1.08 / ResultsProcessing 0.85 / ReportGen 0.0 / ResXMLWriting 0.29 / Model&SecurChks 0.25 / Model&HrlyCSVExports 0.16 / DHWSim 0.00 / LoadModel 0.00 / Other 0.13
2020-03-09 15:51:38 - -----------------------------------------------------------------------------
2020-03-09 15:51:38 - Opening Project 'cz08\instance.ribd22'...
2020-03-09 15:51:38 -    Model load successful into CBECC-Res 2022.0.2 RV (1117)
2020-03-09 15:51:38 - Performing Building Database check...
2020-03-09 15:51:38 - Building Database check completed, no problems found.
2020-03-09 15:51:39 - Performing Building Database check...
2020-03-09 15:51:39 - Building Database check completed, no problems found.
2020-03-09 15:51:39 -    Analysis being performed by CompMgrVersion 'BEMCmpMgr 2022.0.1 (1633)' via SoftwareVersion 'CBECC-Res 2022.0.2 RV (1117)'
2020-03-09 15:51:39 -    Unable to scale standard PV system - bad or missing EUseSummary:StdMixedFuelPVMlt and/or Proj:PVWDCSysTotal
2020-03-09 15:51:59 - Analysis incomplete  Processing time:  Overall 20.3 / CSE19 17.7 / ModelPrep 0.94 / ResultsProcessing 0.81 / ReportGen 0.0 / ResXMLWriting 0.23 / Model&SecurChks 0.27 / Model&HrlyCSVExports 0.15 / DHWSim 0.00 / LoadModel 0.00 / Other 0.13
