2020-03-29 18:57:08 - -----------------------------------------------------------------------------
2020-03-29 18:57:08 - Opening Project 'cz12\instance.cibd22'...
2020-03-29 18:57:08 -    Model load successful into CBECC-Com 2022.0.1 RV (1113)
2020-03-29 18:57:09 - Performing Building Database check...
2020-03-29 18:57:09 - Building Database check completed, no problems found.
2020-03-29 18:57:11 -   PerfAnal_NRes - starting, w/ arguments:
2020-03-29 18:57:11 -        BEMBasePathFile    = (null)
2020-03-29 18:57:11 -        RulesetPathFile    = (null)
2020-03-29 18:57:11 -        SimWeatherPath     = C:\Users\agoyal\Documents\CBECC-Com 2022 Data\EPW\
2020-03-29 18:57:11 -        CompMgrDLLPath     = (null)
2020-03-29 18:57:11 -        DHWWeatherPath     = (null)
2020-03-29 18:57:11 -        ProcessingPath     = C:\Users\agoyal\Documents\GitHub\T24-2022-CASE-Modeling\framework\analysis\hpte\runs\hr-roofcr-prop\cz12\instance - run\
2020-03-29 18:57:11 -        ModelPathFile      = C:\Users\agoyal\Documents\GitHub\T24-2022-CASE-Modeling\framework\analysis\hpte\runs\hr-roofcr-prop\cz12\instance.cibd22
2020-03-29 18:57:11 -        LogPathFile        = (null)
2020-03-29 18:57:11 -        UIVersionString    = CBECC-Com 2022.0.1 RV (1113)
2020-03-29 18:57:11 -        LoadModelFile      = false
2020-03-29 18:57:11 -        OptionsCSV         = AllowAnalysisAbort,0,StoreBEMDetails,1,AnalysisThruStep,8,ModelRpt_ALL,1,ExportHourlyResults_All,1,PromptUserUMLHWarning,1,PreAnalysisCheckPromptOption,3,CompReportWarningOption,5,
2020-03-29 18:57:11 -        ErrorMsg           = (assumed to be initialized)
2020-03-29 18:57:11 -        ErrorMsgLen        = 2056
2020-03-29 18:57:11 -        DisplayProgress    = true
2020-03-29 18:57:11 -        ResultsSummary     = (empty)
2020-03-29 18:57:11 -        ResultsSummaryLen  = 3200
2020-03-29 18:57:11 -        pProgCallbackFunc  = (null)
2020-03-29 18:57:12 - Performing Building Database check...
2020-03-29 18:57:12 - Building Database check completed, no problems found.
2020-03-29 18:57:12 - Warning:  The following developer options must be defaulted (not specified by the user) in order to perform a valid compliance analysis:
          Proj 'High-Rise Mixed-Use (10-story)' DefaultDayltgCtrls
          Proj 'High-Rise Mixed-Use (10-story)' AutoHardSize
          Proj 'High-Rise Mixed-Use (10-story)' AutoEffInput
2020-03-29 18:57:12 -    1 file hash check(s) failed on executable and/or analysis support files (analysis continuing w/ report signature disabled)
2020-03-29 18:57:13 -   PerfAnal_NRes - AnalysisThruStep being set to #7 due to Proj:AnalysisType = Title24ProposedOnly
2020-03-29 18:57:14 - Performing Building Database check...
2020-03-29 18:57:14 - Building Database check completed, no problems found.
2020-03-29 18:57:14 - Warning:  The spaces assigned to thermal zone 'Thermal Zone: F1 Lounge' have cooling unmet load hour limits ranging from 150 to 8760. All spaces in the zone will be held to the minimum UMLH limit. evaluating rule: Set CHECKCODE ThrmlZn:ClgUMLHLimit  (60:'ThermalZone-General.rule' line 1738)
2020-03-29 18:57:14 - Warning:  The spaces assigned to thermal zone 'Thermal Zone: F1 Lounge' have heating unmet load hour limits ranging from 150 to 8760. All spaces in the zone will be held to the minimum UMLH limit. evaluating rule: Set CHECKCODE ThrmlZn:HtgUMLHLimit  (60:'ThermalZone-General.rule' line 1765)
2020-03-29 18:57:16 -   PerfAnal_NRes - Bypassing OpenStudio (and simulation) for zp model
2020-03-29 18:57:18 -   PerfAnal_NRes - Bypassing OpenStudio (and simulation) for zb model
2020-03-29 19:01:55 - Error:  Undefined data: numerator evaluating rule: Set ANNUAL_BASELINE Fan:FlowCap  (75:'HVACSecondary-Fan-General.rule' line 494)
2020-03-29 19:01:55 - Error:  Undefined data: numerator evaluating rule: Set ANNUAL_BASELINE Fan:FlowCap  (75:'HVACSecondary-Fan-General.rule' line 494)
2020-03-29 19:01:55 - Error:  Undefined data: numerator evaluating rule: Set ANNUAL_BASELINE Fan:FlowCap  (75:'HVACSecondary-Fan-General.rule' line 494)
2020-03-29 19:01:55 - Error:  Undefined data: numerator evaluating rule: Set ANNUAL_BASELINE Fan:FlowCap  (75:'HVACSecondary-Fan-General.rule' line 529)
2020-03-29 19:01:55 - Error:  Undefined data: numerator evaluating rule: Set ANNUAL_BASELINE Fan:FlowCap  (75:'HVACSecondary-Fan-General.rule' line 529)
2020-03-29 19:01:55 - Error:  Undefined data: numerator evaluating rule: Set ANNUAL_BASELINE Fan:FlowCap  (75:'HVACSecondary-Fan-General.rule' line 529)
2020-03-29 19:01:55 - Error:  Undefined data: numerator evaluating rule: Set ANNUAL_BASELINE Fan:FlowCap  (75:'HVACSecondary-Fan-General.rule' line 529)
2020-03-29 19:01:55 - Error:  Undefined data: numerator evaluating rule: Set ANNUAL_BASELINE Fan:FlowCap  (75:'HVACSecondary-Fan-General.rule' line 529)
2020-03-29 19:01:55 - Error:  Undefined data: numerator evaluating rule: Set ANNUAL_BASELINE Fan:FlowCap  (75:'HVACSecondary-Fan-General.rule' line 529)
2020-03-29 19:01:55 - Error:  Undefined data: numerator evaluating rule: Set ANNUAL_BASELINE Fan:FlowCap  (75:'HVACSecondary-Fan-General.rule' line 529)
2020-03-29 19:01:55 - Error:  Undefined data: numerator evaluating rule: Set ANNUAL_BASELINE Fan:FlowCap  (75:'HVACSecondary-Fan-General.rule' line 529)
2020-03-29 19:01:55 - Error:  Undefined data: numerator evaluating rule: Set ANNUAL_BASELINE Fan:FlowCap  (75:'HVACSecondary-Fan-General.rule' line 529)
2020-03-29 19:01:55 - Error:  Undefined data: numerator evaluating rule: Set ANNUAL_BASELINE Fan:FlowCap  (75:'HVACSecondary-Fan-General.rule' line 529)
2020-03-29 19:01:55 - Error:  Undefined data: numerator evaluating rule: Set ANNUAL_BASELINE Fan:FlowCap  (75:'HVACSecondary-Fan-General.rule' line 529)
2020-03-29 19:01:55 - Error:  Undefined data: numerator evaluating rule: Set ANNUAL_BASELINE Fan:FlowCap  (75:'HVACSecondary-Fan-General.rule' line 529)
2020-03-29 19:01:55 - Error:  Undefined data: numerator evaluating rule: Set ANNUAL_BASELINE Fan:FlowCap  (75:'HVACSecondary-Fan-General.rule' line 529)
2020-03-29 19:01:55 - Error:  Undefined data: numerator evaluating rule: Set ANNUAL_BASELINE Fan:FlowCap  (75:'HVACSecondary-Fan-General.rule' line 529)
2020-03-29 19:01:55 - Error:  Undefined data: numerator evaluating rule: Set ANNUAL_BASELINE Fan:FlowCap  (75:'HVACSecondary-Fan-General.rule' line 529)
2020-03-29 19:01:55 - Error:  Undefined data: numerator evaluating rule: Set ANNUAL_BASELINE Fan:FlowCap  (75:'HVACSecondary-Fan-General.rule' line 529)
2020-03-29 19:01:55 - Error:  Undefined data: numerator evaluating rule: Set ANNUAL_BASELINE Fan:FlowCap  (75:'HVACSecondary-Fan-General.rule' line 529)
2020-03-29 19:01:55 - Error:  Undefined data: numerator evaluating rule: Set ANNUAL_BASELINE Fan:FlowCap  (75:'HVACSecondary-Fan-General.rule' line 529)
2020-03-29 19:01:55 - Error:  Division by zero evaluating rule: Set ANNUAL_BASELINE ThrmlZn:PriAirCondgSysDsgnFlow  (76:'HVACSecondary-Fan-FanRatios.rule' line 67)
2020-03-29 19:01:55 - Error:  Division by zero evaluating rule: Set ANNUAL_BASELINE ThrmlZn:PriAirCondgSysDsgnFlow  (76:'HVACSecondary-Fan-FanRatios.rule' line 67)
2020-03-29 19:01:55 - Error:  Division by zero evaluating rule: Set ANNUAL_BASELINE ThrmlZn:PriAirCondgSysDsgnFlow  (76:'HVACSecondary-Fan-FanRatios.rule' line 67)
2020-03-29 19:01:55 - Error:  Division by zero evaluating rule: Set ANNUAL_BASELINE ThrmlZn:PriAirCondgSysDsgnFlow  (76:'HVACSecondary-Fan-FanRatios.rule' line 67)
2020-03-29 19:01:55 - Error:  Division by zero evaluating rule: Set ANNUAL_BASELINE ThrmlZn:PriAirCondgSysDsgnFlow  (76:'HVACSecondary-Fan-FanRatios.rule' line 67)
2020-03-29 19:01:55 - Error:  Division by zero evaluating rule: Set ANNUAL_BASELINE ThrmlZn:PriAirCondgSysDsgnFlow  (76:'HVACSecondary-Fan-FanRatios.rule' line 67)
2020-03-29 19:01:55 - Error:  Division by zero evaluating rule: Set ANNUAL_BASELINE ThrmlZn:PriAirCondgSysDsgnFlow  (76:'HVACSecondary-Fan-FanRatios.rule' line 67)
2020-03-29 19:01:55 - Error:  Division by zero evaluating rule: Set ANNUAL_BASELINE ThrmlZn:PriAirCondgSysDsgnFlow  (76:'HVACSecondary-Fan-FanRatios.rule' line 67)
2020-03-29 19:01:55 - Error:  Division by zero evaluating rule: Set ANNUAL_BASELINE ThrmlZn:PriAirCondgSysDsgnFlow  (76:'HVACSecondary-Fan-FanRatios.rule' line 67)
2020-03-29 19:01:55 - Error:  Division by zero evaluating rule: Set ANNUAL_BASELINE ThrmlZn:PriAirCondgSysDsgnFlow  (76:'HVACSecondary-Fan-FanRatios.rule' line 67)
2020-03-29 19:01:55 - Error:  Division by zero evaluating rule: Set ANNUAL_BASELINE ThrmlZn:PriAirCondgSysDsgnFlow  (76:'HVACSecondary-Fan-FanRatios.rule' line 67)
2020-03-29 19:01:55 - Error:  Division by zero evaluating rule: Set ANNUAL_BASELINE ThrmlZn:PriAirCondgSysDsgnFlow  (76:'HVACSecondary-Fan-FanRatios.rule' line 67)
2020-03-29 19:01:55 - Error:  Division by zero evaluating rule: Set ANNUAL_BASELINE ThrmlZn:VentSysDsgnFlow  (76:'HVACSecondary-Fan-FanRatios.rule' line 111)
2020-03-29 19:01:55 - Error:  Division by zero evaluating rule: Set ANNUAL_BASELINE ThrmlZn:VentSysDsgnFlow  (76:'HVACSecondary-Fan-FanRatios.rule' line 111)
2020-03-29 19:01:55 - Error:  Division by zero evaluating rule: Set ANNUAL_BASELINE ThrmlZn:VentSysDsgnFlow  (76:'HVACSecondary-Fan-FanRatios.rule' line 111)
2020-03-29 19:01:55 - Error:  Division by zero evaluating rule: Set ANNUAL_BASELINE ThrmlZn:VentSysDsgnFlow  (76:'HVACSecondary-Fan-FanRatios.rule' line 111)
2020-03-29 19:01:55 - Error:  Division by zero evaluating rule: Set ANNUAL_BASELINE ThrmlZn:VentSysDsgnFlow  (76:'HVACSecondary-Fan-FanRatios.rule' line 111)
2020-03-29 19:01:55 - Error:  Division by zero evaluating rule: Set ANNUAL_BASELINE ThrmlZn:VentSysDsgnFlow  (76:'HVACSecondary-Fan-FanRatios.rule' line 111)
2020-03-29 19:01:55 - Error:  Division by zero evaluating rule: Set ANNUAL_BASELINE ThrmlZn:VentSysDsgnFlow  (76:'HVACSecondary-Fan-FanRatios.rule' line 111)
2020-03-29 19:01:55 - Error:  Division by zero evaluating rule: Set ANNUAL_BASELINE ThrmlZn:VentSysDsgnFlow  (76:'HVACSecondary-Fan-FanRatios.rule' line 111)
2020-03-29 19:01:55 - Error:  Division by zero evaluating rule: Set ANNUAL_BASELINE ThrmlZn:VentSysDsgnFlow  (76:'HVACSecondary-Fan-FanRatios.rule' line 111)
2020-03-29 19:01:55 - Error:  Division by zero evaluating rule: Set ANNUAL_BASELINE ThrmlZn:VentSysDsgnFlow  (76:'HVACSecondary-Fan-FanRatios.rule' line 111)
2020-03-29 19:01:55 - Error:  Division by zero evaluating rule: Set ANNUAL_BASELINE ThrmlZn:VentSysDsgnFlow  (76:'HVACSecondary-Fan-FanRatios.rule' line 111)
2020-03-29 19:01:55 - Error:  Division by zero evaluating rule: Set ANNUAL_BASELINE ThrmlZn:VentSysDsgnFlow  (76:'HVACSecondary-Fan-FanRatios.rule' line 111)
2020-03-29 19:01:56 -   PerfAnal_NRes - Bypassing OpenStudio (and simulation) for ab model
2020-03-29 19:01:56 -   PerfAnal_NRes - Completed analysis steps thru #7
2020-03-29 19:01:56 - Analysis incomplete  Processing time:  Overall 4:44 / SDD2IDF x2 avg 0:04 / SizSim x0 0:00 / AnnSim x2 avg 2:09 / ReportGen x0 0:00 / Other 0:15
2020-03-29 19:01:56 -       ResultsSummary population:  bAbort = (false) / RuleProcAbort = (false) / iRetVal = 0 / pszResultsSummary = (empty) / iResultsSummaryLen = 3200
2020-03-29 19:01:56 -       ResultsSummary components1:  2020-03-29 19:01:56 / instance / High-Rise Mixed-Use (10-story) / CTZ12S22A / Title24ProposedOnly / 4:44 /  / 
2020-03-29 19:01:56 -       ResultsSummary components2:  CBECC-Com 2022.0.1 RV (1113) / BEMCmpMgr 2022.0.1 RV (6107) / CA 2022 Nonresidential, Vers. 1.0 Alpha /  /  / - / C:\Users\agoyal\Documents\CBECC-Com 2022 Data\EPW\ / C:\Users\agoyal\Documents\GitHub\T24-2022-CASE-Modeling\framework\analysis\hpte\runs\hr-roofcr-prop\cz12\
2020-03-29 19:01:56 -       ResultsSummary:  2020-03-29 19:01:56,"instance","High-Rise Mixed-Use (10-story)","CTZ12S22A","Pol  0% RetAdd NoLeak",125400,150480,"Title24ProposedOnly",4:44,,,"--","--","Successful (200 warnings)",7.00313,102291,68277.5,159.937,4485.28,1088.9,52204,228514,231906,0,181711,6890.07,0,0,649021,4368.89,0,0,0,0,8628.56,0,12997.5,754.553,0,0,0,13752,0,0,0,0,0,0,0,0,0,0,0,0,0,9.3224,31.2555,15.9916,0.0736745,1.0083,16.8074,11.0736,85.5326,54.2973,0,42.5376,1.52498,0,0,183.892,156.569,27.3234,0,0,,0,11.75,"Thermal Zone: F10 2-Bed NE",0,"--","--","",0,0,0,0,0,0,0,0,0,0,0,0,0,0,0,0,0,0,0,0,0,0,0,0,0,0,0,0,0,0,0,0,0,0,0,0,0,0,0,0,0,0,0,0,0,0,0,0,0,0,0,0,0,0,0,0,0,0,0,,,,,,,1.17409e-05,39.3027,11.8943,0.0610019,1.26861,0.124303,8.94977,61.6007,40.0913,0,31.5421,0.786538,0,0,134.021,0,0,0,0,0,0,0,0,0,0,0,0,0,0,0,"CBECC-Com 2022.0.1 RV (1113)","BEMCmpMgr 2022.0.1 RV (6107)","CA 2022 Nonresidential, Vers. 1.0 Alpha","","","-","C:\Users\agoyal\Documents\CBECC-Com 2022 Data\EPW\","C:\Users\agoyal\Documents\GitHub\T24-2022-CASE-Modeling\framework\analysis\hpte\runs\hr-roofcr-prop\cz12\",0.00130884,11.8373,10.2348,0.0162294,0.428935,0.178109,5.75534,28.46,35.8106,0,31.324,1.127,0,0,96.72,2.09482,0,0,0,0,4.13728,0,6.23,0.361798,0,0,0,6.59,0,0,0,0,0,0,0,0,0,0,0,0,0,0,0,0,0,0,0,0,0,0,0,0,0,0,0,0,3.24491,1.77821,1.53747,0.00243798,0.0644346,6.43507,0.86457,13.9271,5.93987,0,4.70549,0.169298,0,0,24.7418,0,0,0,0,0,0,0,0,0,0,0,0,0,0,0,

2020-03-29 19:01:59 - -----------------------------------------------------------------------------
2020-03-29 19:01:59 - Opening Project 'cz12\instance.cibd22'...
2020-03-29 19:01:59 -    Model load successful into CBECC-Com 2022.0.1 RV (1113)
2020-03-29 19:01:59 - Performing Building Database check...
2020-03-29 19:01:59 - Building Database check completed, no problems found.
2020-03-29 19:02:02 - Project Saved
