---------------
CSE(620): Info: C:\USERS\MNAKAJIMA\DOCUMENTS\GITHUB\T24-2022-CASE-MODELING\FRAMEWORK\ANALYSIS\HPTE\RUNS\LRLC-WINF-PROPU2\CZ03\INSTANCE - COMP22\INSTANCE - PROP.CSE(620): Info: 
  DHWSys 'dhwsys-DHWGas': 
    'wsTSetpoint' is ignored -- no setpoint-aware DHWHEATERs in this DHWSYS.
---------------
Warning: 
  R0140: zone 'Stairs1-zn' latent energy balance error for Sun 09-Aug: .00050 kBtu (0.002327)
---------------
Warning: Total 'Stairs1-zn' short-interval energy balance error count = 1
---------------
Warning: Zone 'Zone1-zn': Condensation occurred in 38 subhours of run.
    Total condensation heat = 4.63961 kBtu.
---------------
Warning: Zone 'Zone2-zn': Unmet cooling loads during 11 hours of run.
---------------
Warning: Zone 'Zone3-zn': Unmet cooling loads during 41 hours of run.
---------------
Warning: Zone 'Corridor1-zn': Condensation occurred in 557 subhours of run.
    Total condensation heat = 16.1751 kBtu.
---------------
Warning: 
  Zone 'BusinessCenter1-zn': Condensation occurred in 8799 subhours of run.
    Total condensation heat = 220.751 kBtu.
---------------
Warning: 
  Zone 'BusinessCenter1-zn': Unmet cooling loads during 278 hours of run.
---------------
Warning: 
  Zone 'FitnessCenter1-zn': Condensation occurred in 64546 subhours of run.
    Total condensation heat = 3601.92 kBtu.
---------------
Warning: Zone 'FitnessCenter1-zn': Unmet cooling loads during 10 hours of run.
---------------
Warning: Zone 'Laundry1-zn': Unmet cooling loads during 37 hours of run.
---------------
Warning: Zone 'LeasingOffice1-zn': Unmet cooling loads during 4 hours of run.
---------------
Warning: Zone 'Lobby1-zn': Condensation occurred in 32198 subhours of run.
    Total condensation heat = 2768.52 kBtu.
---------------
Warning: Zone 'Lobby1-zn': Unmet cooling loads during 60 hours of run.
---------------
Warning: 
  Zone 'MechanicalRoom1-zn': Unmet heating loads during 582 hours of run.
---------------
Warning: 
  Zone 'MechanicalRoom1-zn': Unmet cooling loads during 255 hours of run.
---------------
Warning: Zone 'Stairs1-zn': Condensation occurred in 377 subhours of run.
    Total condensation heat = 1.51469 kBtu.
---------------
Warning: Zone 'Corridor2-zn': Condensation occurred in 287 subhours of run.
    Total condensation heat = 8.01857 kBtu.
---------------
Warning: Zone 'Corridor2-zn': Unmet cooling loads during 22 hours of run.
---------------
Warning: Zone 'Corridor3-zn': Condensation occurred in 437 subhours of run.
    Total condensation heat = 14.4333 kBtu.
---------------
Warning: Zone 'Corridor3-zn': Unmet cooling loads during 136 hours of run.
---------------
Warning: Zone 'Stairs2-zn': Condensation occurred in 27 subhours of run.
    Total condensation heat = 0.0734539 kBtu.
---------------
Warning: Zone 'Stairs3-zn': Condensation occurred in 25 subhours of run.
    Total condensation heat = 0.0753085 kBtu.
---------------
Warning: Zone 'Attic-atc': Condensation occurred in 10733 subhours of run.
    Total condensation heat = 1485.87 kBtu.
---------------
