2020-02-20 16:30:03 - -----------------------------------------------------------------------------
2020-02-20 16:30:03 - Opening Project 'cz01\instance.cibd22'...
2020-02-20 16:30:03 - Error resolving project component references: 62 not found.
2020-02-20 16:30:03 -       'Res Fixed Window' (62 times)
2020-02-20 16:30:03 -    Model load failed (return code 6) into CBECC-Com 2022.0.1 RV (1113)
2020-02-20 16:30:03 - Error(s) encountered (return code 6: Unable to read/parse building energy model file) reading project file:  C:\Users\agoyal\Documents\GitHub\T24-2022-CASE-Modeling\framework\analysis\hpte\runs\mumr-win-propcomb\cz01\instance.cibd22
2020-02-20 16:30:04 - Performing Building Database check...
2020-02-20 16:30:04 - Building Database check completed, no problems found.
2020-02-20 16:30:08 -   PerfAnal_NRes - starting, w/ arguments:
2020-02-20 16:30:08 -        BEMBasePathFile    = (null)
2020-02-20 16:30:08 -        RulesetPathFile    = (null)
2020-02-20 16:30:08 -        SimWeatherPath     = C:\Users\agoyal\Documents\CBECC-Com 2022 Data\EPW\
2020-02-20 16:30:08 -        CompMgrDLLPath     = (null)
2020-02-20 16:30:08 -        DHWWeatherPath     = (null)
2020-02-20 16:30:08 -        ProcessingPath     = C:\Users\agoyal\Documents\GitHub\T24-2022-CASE-Modeling\framework\analysis\hpte\runs\mumr-win-propcomb\cz01\instance - run\
2020-02-20 16:30:08 -        ModelPathFile      = C:\Users\agoyal\Documents\GitHub\T24-2022-CASE-Modeling\framework\analysis\hpte\runs\mumr-win-propcomb\cz01\instance.cibd22
2020-02-20 16:30:08 -        LogPathFile        = (null)
2020-02-20 16:30:08 -        UIVersionString    = CBECC-Com 2022.0.1 RV (1113)
2020-02-20 16:30:08 -        LoadModelFile      = false
2020-02-20 16:30:08 -        OptionsCSV         = AllowAnalysisAbort,0,StoreBEMDetails,1,AnalysisThruStep,8,ModelRpt_ALL,1,ExportHourlyResults_All,1,PromptUserUMLHWarning,1,PreAnalysisCheckPromptOption,3,CompReportWarningOption,5,
2020-02-20 16:30:08 -        ErrorMsg           = (assumed to be initialized)
2020-02-20 16:30:08 -        ErrorMsgLen        = 2056
2020-02-20 16:30:08 -        DisplayProgress    = true
2020-02-20 16:30:08 -        ResultsSummary     = (empty)
2020-02-20 16:30:08 -        ResultsSummaryLen  = 3200
2020-02-20 16:30:08 -        pProgCallbackFunc  = (null)
2020-02-20 16:30:09 - Performing Building Database check...
2020-02-20 16:30:09 - Building Database check completed, no problems found.
2020-02-20 16:30:09 - Warning:  The following developer options must be defaulted (not specified by the user) in order to perform a valid compliance analysis:
          Proj 'Mid-Rise Mixed-Use (5-story)' AutoHardSize
          Proj 'Mid-Rise Mixed-Use (5-story)' AutoEffInput
2020-02-20 16:30:09 -    1 file hash check(s) failed on executable and/or analysis support files (analysis continuing w/ report signature disabled)
2020-02-20 16:30:10 -   PerfAnal_NRes - AnalysisThruStep being set to #7 due to Proj:AnalysisType = Title24ProposedOnly
2020-02-20 16:30:10 - Performing Building Database check...
2020-02-20 16:30:10 - Building Database check completed, no problems found.
2020-02-20 16:30:10 - Error:  A valid fenestration construction must be applied to window 'Sub Surface 31'. evaluating rule: Set CHECKSIM Win:FenConsRef  (34:'Fenestration-General.rule' line 74)
2020-02-20 16:30:10 - Error:  A valid fenestration construction must be applied to window 'Sub Surface 124'. evaluating rule: Set CHECKSIM Win:FenConsRef  (34:'Fenestration-General.rule' line 74)
2020-02-20 16:30:10 - Error:  A valid fenestration construction must be applied to window 'Sub Surface 127'. evaluating rule: Set CHECKSIM Win:FenConsRef  (34:'Fenestration-General.rule' line 74)
2020-02-20 16:30:10 - Error:  A valid fenestration construction must be applied to window 'Sub Surface 125'. evaluating rule: Set CHECKSIM Win:FenConsRef  (34:'Fenestration-General.rule' line 74)
2020-02-20 16:30:10 - Error:  A valid fenestration construction must be applied to window 'Sub Surface 135'. evaluating rule: Set CHECKSIM Win:FenConsRef  (34:'Fenestration-General.rule' line 74)
2020-02-20 16:30:10 - Error:  A valid fenestration construction must be applied to window 'Sub Surface 121'. evaluating rule: Set CHECKSIM Win:FenConsRef  (34:'Fenestration-General.rule' line 74)
2020-02-20 16:30:10 - Error:  A valid fenestration construction must be applied to window 'Sub Surface 122'. evaluating rule: Set CHECKSIM Win:FenConsRef  (34:'Fenestration-General.rule' line 74)
2020-02-20 16:30:10 - Error:  A valid fenestration construction must be applied to window 'Sub Surface 120'. evaluating rule: Set CHECKSIM Win:FenConsRef  (34:'Fenestration-General.rule' line 74)
2020-02-20 16:30:10 - Error:  A valid fenestration construction must be applied to window 'Sub Surface 123'. evaluating rule: Set CHECKSIM Win:FenConsRef  (34:'Fenestration-General.rule' line 74)
2020-02-20 16:30:10 - Error:  A valid fenestration construction must be applied to window 'Sub Surface 144'. evaluating rule: Set CHECKSIM Win:FenConsRef  (34:'Fenestration-General.rule' line 74)
2020-02-20 16:30:10 - Error:  A valid fenestration construction must be applied to window 'Sub Surface 141'. evaluating rule: Set CHECKSIM Win:FenConsRef  (34:'Fenestration-General.rule' line 74)
2020-02-20 16:30:10 - Error:  A valid fenestration construction must be applied to window 'Sub Surface 140'. evaluating rule: Set CHECKSIM Win:FenConsRef  (34:'Fenestration-General.rule' line 74)
2020-02-20 16:30:10 - Error:  A valid fenestration construction must be applied to window 'Sub Surface 136'. evaluating rule: Set CHECKSIM Win:FenConsRef  (34:'Fenestration-General.rule' line 74)
2020-02-20 16:30:10 - Error:  A valid fenestration construction must be applied to window 'Sub Surface 134'. evaluating rule: Set CHECKSIM Win:FenConsRef  (34:'Fenestration-General.rule' line 74)
2020-02-20 16:30:10 - Error:  A valid fenestration construction must be applied to window 'Sub Surface 148'. evaluating rule: Set CHECKSIM Win:FenConsRef  (34:'Fenestration-General.rule' line 74)
2020-02-20 16:30:10 - Error:  A valid fenestration construction must be applied to window 'Sub Surface 149'. evaluating rule: Set CHECKSIM Win:FenConsRef  (34:'Fenestration-General.rule' line 74)
2020-02-20 16:30:10 - Error:  A valid fenestration construction must be applied to window 'Sub Surface 119'. evaluating rule: Set CHECKSIM Win:FenConsRef  (34:'Fenestration-General.rule' line 74)
2020-02-20 16:30:10 - Error:  A valid fenestration construction must be applied to window 'Sub Surface 153'. evaluating rule: Set CHECKSIM Win:FenConsRef  (34:'Fenestration-General.rule' line 74)
2020-02-20 16:30:10 - Error:  A valid fenestration construction must be applied to window 'Sub Surface 154'. evaluating rule: Set CHECKSIM Win:FenConsRef  (34:'Fenestration-General.rule' line 74)
2020-02-20 16:30:10 - Error:  A valid fenestration construction must be applied to window 'Sub Surface 107'. evaluating rule: Set CHECKSIM Win:FenConsRef  (34:'Fenestration-General.rule' line 74)
2020-02-20 16:30:10 - Error:  A valid fenestration construction must be applied to window 'Sub Surface 138'. evaluating rule: Set CHECKSIM Win:FenConsRef  (34:'Fenestration-General.rule' line 74)
2020-02-20 16:30:10 - Error:  A valid fenestration construction must be applied to window 'Sub Surface 139'. evaluating rule: Set CHECKSIM Win:FenConsRef  (34:'Fenestration-General.rule' line 74)
2020-02-20 16:30:10 - Error:  A valid fenestration construction must be applied to window 'Sub Surface 129'. evaluating rule: Set CHECKSIM Win:FenConsRef  (34:'Fenestration-General.rule' line 74)
2020-02-20 16:30:10 - Error:  A valid fenestration construction must be applied to window 'Sub Surface 130'. evaluating rule: Set CHECKSIM Win:FenConsRef  (34:'Fenestration-General.rule' line 74)
2020-02-20 16:30:10 - Error:  A valid fenestration construction must be applied to window 'Sub Surface 137'. evaluating rule: Set CHECKSIM Win:FenConsRef  (34:'Fenestration-General.rule' line 74)
2020-02-20 16:30:10 - Error:  A valid fenestration construction must be applied to window 'Sub Surface 145'. evaluating rule: Set CHECKSIM Win:FenConsRef  (34:'Fenestration-General.rule' line 74)
2020-02-20 16:30:10 - Error:  A valid fenestration construction must be applied to window 'Sub Surface 152'. evaluating rule: Set CHECKSIM Win:FenConsRef  (34:'Fenestration-General.rule' line 74)
2020-02-20 16:30:10 - Error:  A valid fenestration construction must be applied to window 'Sub Surface 150'. evaluating rule: Set CHECKSIM Win:FenConsRef  (34:'Fenestration-General.rule' line 74)
2020-02-20 16:30:10 - Error:  A valid fenestration construction must be applied to window 'Sub Surface 151'. evaluating rule: Set CHECKSIM Win:FenConsRef  (34:'Fenestration-General.rule' line 74)
2020-02-20 16:30:10 - Error:  A valid fenestration construction must be applied to window 'Sub Surface 131'. evaluating rule: Set CHECKSIM Win:FenConsRef  (34:'Fenestration-General.rule' line 74)
2020-02-20 16:30:10 - Error:  A valid fenestration construction must be applied to window 'Sub Surface 132'. evaluating rule: Set CHECKSIM Win:FenConsRef  (34:'Fenestration-General.rule' line 74)
2020-02-20 16:30:10 - Error:  A valid fenestration construction must be applied to window 'Sub Surface 115'. evaluating rule: Set CHECKSIM Win:FenConsRef  (34:'Fenestration-General.rule' line 74)
2020-02-20 16:30:10 - Error:  A valid fenestration construction must be applied to window 'Sub Surface 103'. evaluating rule: Set CHECKSIM Win:FenConsRef  (34:'Fenestration-General.rule' line 74)
2020-02-20 16:30:10 - Error:  A valid fenestration construction must be applied to window 'Sub Surface 116'. evaluating rule: Set CHECKSIM Win:FenConsRef  (34:'Fenestration-General.rule' line 74)
2020-02-20 16:30:10 - Error:  A valid fenestration construction must be applied to window 'Sub Surface 102'. evaluating rule: Set CHECKSIM Win:FenConsRef  (34:'Fenestration-General.rule' line 74)
2020-02-20 16:30:10 - Error:  A valid fenestration construction must be applied to window 'Sub Surface 108'. evaluating rule: Set CHECKSIM Win:FenConsRef  (34:'Fenestration-General.rule' line 74)
2020-02-20 16:30:10 - Error:  A valid fenestration construction must be applied to window 'Sub Surface 97'. evaluating rule: Set CHECKSIM Win:FenConsRef  (34:'Fenestration-General.rule' line 74)
2020-02-20 16:30:10 - Error:  A valid fenestration construction must be applied to window 'Sub Surface 95'. evaluating rule: Set CHECKSIM Win:FenConsRef  (34:'Fenestration-General.rule' line 74)
2020-02-20 16:30:10 - Error:  A valid fenestration construction must be applied to window 'Sub Surface 109'. evaluating rule: Set CHECKSIM Win:FenConsRef  (34:'Fenestration-General.rule' line 74)
2020-02-20 16:30:10 - Error:  A valid fenestration construction must be applied to window 'Sub Surface 133'. evaluating rule: Set CHECKSIM Win:FenConsRef  (34:'Fenestration-General.rule' line 74)
2020-02-20 16:30:10 - Error:  A valid fenestration construction must be applied to window 'Sub Surface 94'. evaluating rule: Set CHECKSIM Win:FenConsRef  (34:'Fenestration-General.rule' line 74)
2020-02-20 16:30:10 - Error:  A valid fenestration construction must be applied to window 'Sub Surface 98'. evaluating rule: Set CHECKSIM Win:FenConsRef  (34:'Fenestration-General.rule' line 74)
2020-02-20 16:30:10 - Error:  A valid fenestration construction must be applied to window 'Sub Surface 104'. evaluating rule: Set CHECKSIM Win:FenConsRef  (34:'Fenestration-General.rule' line 74)
2020-02-20 16:30:10 - Error:  A valid fenestration construction must be applied to window 'Sub Surface 126'. evaluating rule: Set CHECKSIM Win:FenConsRef  (34:'Fenestration-General.rule' line 74)
2020-02-20 16:30:10 - Error:  A valid fenestration construction must be applied to window 'Sub Surface 118'. evaluating rule: Set CHECKSIM Win:FenConsRef  (34:'Fenestration-General.rule' line 74)
2020-02-20 16:30:10 - Error:  A valid fenestration construction must be applied to window 'Sub Surface 146'. evaluating rule: Set CHECKSIM Win:FenConsRef  (34:'Fenestration-General.rule' line 74)
2020-02-20 16:30:10 - Error:  A valid fenestration construction must be applied to window 'Sub Surface 147'. evaluating rule: Set CHECKSIM Win:FenConsRef  (34:'Fenestration-General.rule' line 74)
2020-02-20 16:30:10 - Error:  A valid fenestration construction must be applied to window 'Sub Surface 96'. evaluating rule: Set CHECKSIM Win:FenConsRef  (34:'Fenestration-General.rule' line 74)
2020-02-20 16:30:10 - Error:  A valid fenestration construction must be applied to window 'Sub Surface 113'. evaluating rule: Set CHECKSIM Win:FenConsRef  (34:'Fenestration-General.rule' line 74)
2020-02-20 16:30:10 - Error:  A valid fenestration construction must be applied to window 'Sub Surface 114'. evaluating rule: Set CHECKSIM Win:FenConsRef  (34:'Fenestration-General.rule' line 74)
2020-02-20 16:30:10 - Error:  A valid fenestration construction must be applied to window 'Sub Surface 112'. evaluating rule: Set CHECKSIM Win:FenConsRef  (34:'Fenestration-General.rule' line 74)
2020-02-20 16:30:10 - Error:  A valid fenestration construction must be applied to window 'Sub Surface 110'. evaluating rule: Set CHECKSIM Win:FenConsRef  (34:'Fenestration-General.rule' line 74)
2020-02-20 16:30:10 - Error:  A valid fenestration construction must be applied to window 'Sub Surface 111'. evaluating rule: Set CHECKSIM Win:FenConsRef  (34:'Fenestration-General.rule' line 74)
2020-02-20 16:30:10 - Error:  A valid fenestration construction must be applied to window 'Sub Surface 105'. evaluating rule: Set CHECKSIM Win:FenConsRef  (34:'Fenestration-General.rule' line 74)
2020-02-20 16:30:10 - Error:  A valid fenestration construction must be applied to window 'Sub Surface 106'. evaluating rule: Set CHECKSIM Win:FenConsRef  (34:'Fenestration-General.rule' line 74)
2020-02-20 16:30:10 - Error:  A valid fenestration construction must be applied to window 'Sub Surface 128'. evaluating rule: Set CHECKSIM Win:FenConsRef  (34:'Fenestration-General.rule' line 74)
2020-02-20 16:30:10 - Error:  A valid fenestration construction must be applied to window 'Sub Surface 117'. evaluating rule: Set CHECKSIM Win:FenConsRef  (34:'Fenestration-General.rule' line 74)
2020-02-20 16:30:10 - Error:  A valid fenestration construction must be applied to window 'Sub Surface 101'. evaluating rule: Set CHECKSIM Win:FenConsRef  (34:'Fenestration-General.rule' line 74)
2020-02-20 16:30:10 - Error:  A valid fenestration construction must be applied to window 'Sub Surface 142'. evaluating rule: Set CHECKSIM Win:FenConsRef  (34:'Fenestration-General.rule' line 74)
2020-02-20 16:30:10 - Error:  A valid fenestration construction must be applied to window 'Sub Surface 143'. evaluating rule: Set CHECKSIM Win:FenConsRef  (34:'Fenestration-General.rule' line 74)
2020-02-20 16:30:10 - Error:  A valid fenestration construction must be applied to window 'Sub Surface 99'. evaluating rule: Set CHECKSIM Win:FenConsRef  (34:'Fenestration-General.rule' line 74)
2020-02-20 16:30:10 - Error:  A valid fenestration construction must be applied to window 'Sub Surface 100'. evaluating rule: Set CHECKSIM Win:FenConsRef  (34:'Fenestration-General.rule' line 74)
2020-02-20 16:30:11 - Warning:  AirSystem 'DOAS1' has a DX cooling coil and the rated supply flow per ton of (net) cooling capacity is 1491 cfm/ton. The acceptable range for successful simulation of DX cooling coils in EnergyPlus is normally ~300 to ~450 cfm/ton. If the compliance simulation fails, check flow/cooling capacity inputs for consistency with the design. If simulation still fails, contact the CBECC support team for assistance. evaluating rule: Set CHECKSIM AirSys:SupFlowPerTon  (110:'HVACSecondary-Summary.rule' line 785)
2020-02-20 16:30:11 - Warning:  The AirSystem:Count for multi-zone system 'DOAS1' is not consistent with the maximum or minimum ThermalZone:Multiplier of the zones the system serves. This indicates the HVAC system serves more than 1 floor, or that Multipliers or system Count may be improperly defined. Check inputs for consistency. evaluating rule: Set CHECKCODE AirSys:Cnt  (68:'HVACSecondary-General.rule' line 1398)
2020-02-20 16:30:11 - Analysis aborted  Processing time:  Overall 0:03 / SDD2IDF x0 0:00 / SizSim x0 0:00 / AnnSim x0 0:00 / ReportGen x0 0:00 / Other 0:03
2020-02-20 16:30:11 -       ResultsSummary population:  bAbort = (true) / RuleProcAbort = (false) / iRetVal = 12 / pszResultsSummary = (empty) / iResultsSummaryLen = 3200
2020-02-20 16:30:11 - 62 Error(s) encountered performing analysis (error code 12):
     (first 10 reported below, all are listed in project log file)

(1) Error:  A valid fenestration construction must be applied to window 'Sub Surface 31'. evaluating rule: Set CHECKSIM Win:FenConsRef  (34:'Fenestration-General.rule' line 74)

(2) Error:  A valid fenestration construction must be applied to window 'Sub Surface 124'. evaluating rule: Set CHECKSIM Win:FenConsRef  (34:'Fenestration-General.rule' line 74)

(3) Error:  A valid fenestration construction must be applied to window 'Sub Surface 127'. evaluating rule: Set CHECKSIM Win:FenConsRef  (34:'Fenestration-General.rule' line 74)

(4) Error:  A valid fenestration construction must be applied to window 'Sub Surface 125'. evaluating rule: Set CHECKSIM Win:FenConsRef  (34:'Fenestration-General.rule' line 74)

(5) Error:  A valid fenestration construction must be applied to window 'Sub Surface 135'. evaluating rule: Set CHECKSIM Win:FenConsRef  (34:'Fenestration-General.rule' line 74)

(6) Error:  A valid fenestration construction must be applied to window 'Sub Surface 121'. evaluating rule: Set CHECKSIM Win:FenConsRef  (34:'Fenestration-General.rule' line 74)

(7) Error:  A valid fenestration construction must be applied to window 'Sub Surface 122'. evaluating rule: Set CHECKSIM Win:FenConsRef  (34:'Fenestration-General.rule' line 74)

(8) Error:  A valid fenestration construction must be applied to window 'Sub Surface 120'. evaluating rule: Set CHECKSIM Win:FenConsRef  (34:'Fenestration-General.rule' line 74)

(9) Error:  A valid fenestration construction must be applied to window 'Sub Surface 123'. evaluating rule: Set CHECKSIM Win:FenConsRef  (34:'Fenestration-General.rule' line 74)

(10) Error:  A valid fenestration construction must be applied to window 'Sub Surface 144'. evaluating rule: Set CHECKSIM Win:FenConsRef  (34:'Fenestration-General.rule' line 74)
2020-02-20 16:30:12 - -----------------------------------------------------------------------------
2020-02-20 16:30:12 - Opening Project 'cz01\instance.cibd22'...
2020-02-20 16:30:13 - Error resolving project component references: 62 not found.
2020-02-20 16:30:13 -       'Res Fixed Window' (62 times)
2020-02-20 16:30:13 -    Model load failed (return code 6) into CBECC-Com 2022.0.1 RV (1113)
2020-02-20 16:30:13 - Error(s) encountered (return code 6: Unable to read/parse building energy model file) reading project file:  C:\Users\agoyal\Documents\GitHub\T24-2022-CASE-Modeling\framework\analysis\hpte\runs\mumr-win-propcomb\cz01\instance.cibd22
2020-02-20 16:30:15 - Project Saved
2020-02-20 16:34:48 - -----------------------------------------------------------------------------
2020-02-20 16:34:48 - Opening Project 'cz01\instance.cibd22'...
2020-02-20 16:34:49 -    Model load successful into CBECC-Com 2022.0.1 RV (1113)
2020-02-20 16:34:50 - Performing Building Database check...
2020-02-20 16:34:50 - Building Database check completed, no problems found.
2020-02-20 16:34:53 -   PerfAnal_NRes - starting, w/ arguments:
2020-02-20 16:34:53 -        BEMBasePathFile    = (null)
2020-02-20 16:34:53 -        RulesetPathFile    = (null)
2020-02-20 16:34:53 -        SimWeatherPath     = C:\Users\agoyal\Documents\CBECC-Com 2022 Data\EPW\
2020-02-20 16:34:53 -        CompMgrDLLPath     = (null)
2020-02-20 16:34:53 -        DHWWeatherPath     = (null)
2020-02-20 16:34:53 -        ProcessingPath     = C:\Users\agoyal\Documents\GitHub\T24-2022-CASE-Modeling\framework\analysis\hpte\runs\mumr-win-propcomb\cz01\instance - run\
2020-02-20 16:34:53 -        ModelPathFile      = C:\Users\agoyal\Documents\GitHub\T24-2022-CASE-Modeling\framework\analysis\hpte\runs\mumr-win-propcomb\cz01\instance.cibd22
2020-02-20 16:34:53 -        LogPathFile        = (null)
2020-02-20 16:34:53 -        UIVersionString    = CBECC-Com 2022.0.1 RV (1113)
2020-02-20 16:34:53 -        LoadModelFile      = false
2020-02-20 16:34:53 -        OptionsCSV         = AllowAnalysisAbort,0,StoreBEMDetails,1,AnalysisThruStep,8,ModelRpt_ALL,1,ExportHourlyResults_All,1,PromptUserUMLHWarning,1,PreAnalysisCheckPromptOption,3,CompReportWarningOption,5,
2020-02-20 16:34:53 -        ErrorMsg           = (assumed to be initialized)
2020-02-20 16:34:53 -        ErrorMsgLen        = 2056
2020-02-20 16:34:53 -        DisplayProgress    = true
2020-02-20 16:34:53 -        ResultsSummary     = (empty)
2020-02-20 16:34:53 -        ResultsSummaryLen  = 3200
2020-02-20 16:34:53 -        pProgCallbackFunc  = (null)
2020-02-20 16:34:54 - Performing Building Database check...
2020-02-20 16:34:54 - Building Database check completed, no problems found.
2020-02-20 16:34:54 - Warning:  The following developer options must be defaulted (not specified by the user) in order to perform a valid compliance analysis:
          Proj 'Mid-Rise Mixed-Use (5-story)' AutoHardSize
          Proj 'Mid-Rise Mixed-Use (5-story)' AutoEffInput
2020-02-20 16:34:54 -    1 file hash check(s) failed on executable and/or analysis support files (analysis continuing w/ report signature disabled)
2020-02-20 16:34:56 -   PerfAnal_NRes - AnalysisThruStep being set to #7 due to Proj:AnalysisType = Title24ProposedOnly
2020-02-20 16:34:56 - Performing Building Database check...
2020-02-20 16:34:56 - Building Database check completed, no problems found.
2020-02-20 16:34:56 - Warning:  AirSystem 'DOAS1' has a DX cooling coil and the rated supply flow per ton of (net) cooling capacity is 1491 cfm/ton. The acceptable range for successful simulation of DX cooling coils in EnergyPlus is normally ~300 to ~450 cfm/ton. If the compliance simulation fails, check flow/cooling capacity inputs for consistency with the design. If simulation still fails, contact the CBECC support team for assistance. evaluating rule: Set CHECKSIM AirSys:SupFlowPerTon  (110:'HVACSecondary-Summary.rule' line 785)
2020-02-20 16:34:56 - Warning:  The AirSystem:Count for multi-zone system 'DOAS1' is not consistent with the maximum or minimum ThermalZone:Multiplier of the zones the system serves. This indicates the HVAC system serves more than 1 floor, or that Multipliers or system Count may be improperly defined. Check inputs for consistency. evaluating rule: Set CHECKCODE AirSys:Cnt  (68:'HVACSecondary-General.rule' line 1398)
2020-02-20 16:34:59 -   PerfAnal_NRes - Bypassing OpenStudio (and simulation) for zp model
2020-02-20 16:35:02 -   PerfAnal_NRes - Bypassing OpenStudio (and simulation) for zb model
2020-02-20 16:39:13 - Error:  Undefined data: numerator evaluating rule: Set ANNUAL_BASELINE Fan:FlowCap  (75:'HVACSecondary-Fan-General.rule' line 494)
2020-02-20 16:39:13 - Error:  Undefined data: numerator evaluating rule: Set ANNUAL_BASELINE Fan:FlowCap  (75:'HVACSecondary-Fan-General.rule' line 494)
2020-02-20 16:39:13 - Error:  Undefined data: numerator evaluating rule: Set ANNUAL_BASELINE Fan:FlowCap  (75:'HVACSecondary-Fan-General.rule' line 494)
2020-02-20 16:39:13 - Error:  Undefined data: numerator evaluating rule: Set ANNUAL_BASELINE Fan:FlowCap  (75:'HVACSecondary-Fan-General.rule' line 529)
2020-02-20 16:39:13 - Error:  Undefined data: numerator evaluating rule: Set ANNUAL_BASELINE Fan:FlowCap  (75:'HVACSecondary-Fan-General.rule' line 529)
2020-02-20 16:39:13 - Error:  Undefined data: numerator evaluating rule: Set ANNUAL_BASELINE Fan:FlowCap  (75:'HVACSecondary-Fan-General.rule' line 529)
2020-02-20 16:39:13 - Error:  Undefined data: numerator evaluating rule: Set ANNUAL_BASELINE Fan:FlowCap  (75:'HVACSecondary-Fan-General.rule' line 529)
2020-02-20 16:39:13 - Error:  Undefined data: numerator evaluating rule: Set ANNUAL_BASELINE Fan:FlowCap  (75:'HVACSecondary-Fan-General.rule' line 529)
2020-02-20 16:39:13 - Error:  Undefined data: numerator evaluating rule: Set ANNUAL_BASELINE Fan:FlowCap  (75:'HVACSecondary-Fan-General.rule' line 529)
2020-02-20 16:39:13 - Error:  Undefined data: numerator evaluating rule: Set ANNUAL_BASELINE Fan:FlowCap  (75:'HVACSecondary-Fan-General.rule' line 529)
2020-02-20 16:39:13 - Error:  Undefined data: numerator evaluating rule: Set ANNUAL_BASELINE Fan:FlowCap  (75:'HVACSecondary-Fan-General.rule' line 529)
2020-02-20 16:39:13 - Error:  Undefined data: numerator evaluating rule: Set ANNUAL_BASELINE Fan:FlowCap  (75:'HVACSecondary-Fan-General.rule' line 529)
2020-02-20 16:39:13 - Error:  Undefined data: numerator evaluating rule: Set ANNUAL_BASELINE Fan:FlowCap  (75:'HVACSecondary-Fan-General.rule' line 529)
2020-02-20 16:39:13 - Error:  Undefined data: numerator evaluating rule: Set ANNUAL_BASELINE Fan:FlowCap  (75:'HVACSecondary-Fan-General.rule' line 529)
2020-02-20 16:39:13 - Error:  Undefined data: numerator evaluating rule: Set ANNUAL_BASELINE Fan:FlowCap  (75:'HVACSecondary-Fan-General.rule' line 529)
2020-02-20 16:39:13 - Error:  Undefined data: numerator evaluating rule: Set ANNUAL_BASELINE Fan:FlowCap  (75:'HVACSecondary-Fan-General.rule' line 529)
2020-02-20 16:39:13 - Error:  Undefined data: numerator evaluating rule: Set ANNUAL_BASELINE Fan:FlowCap  (75:'HVACSecondary-Fan-General.rule' line 529)
2020-02-20 16:39:13 - Error:  Undefined data: numerator evaluating rule: Set ANNUAL_BASELINE Fan:FlowCap  (75:'HVACSecondary-Fan-General.rule' line 529)
2020-02-20 16:39:13 - Error:  Undefined data: numerator evaluating rule: Set ANNUAL_BASELINE Fan:FlowCap  (75:'HVACSecondary-Fan-General.rule' line 529)
2020-02-20 16:39:13 - Error:  Undefined data: numerator evaluating rule: Set ANNUAL_BASELINE Fan:FlowCap  (75:'HVACSecondary-Fan-General.rule' line 529)
2020-02-20 16:39:13 - Error:  Undefined data: numerator evaluating rule: Set ANNUAL_BASELINE Fan:FlowCap  (75:'HVACSecondary-Fan-General.rule' line 529)
2020-02-20 16:39:13 - Error:  Undefined data: numerator evaluating rule: Set ANNUAL_BASELINE Fan:FlowCap  (75:'HVACSecondary-Fan-General.rule' line 529)
2020-02-20 16:39:13 - Error:  Undefined data: numerator evaluating rule: Set ANNUAL_BASELINE Fan:FlowCap  (75:'HVACSecondary-Fan-General.rule' line 529)
2020-02-20 16:39:13 - Error:  Undefined data: numerator evaluating rule: Set ANNUAL_BASELINE Fan:FlowCap  (75:'HVACSecondary-Fan-General.rule' line 529)
2020-02-20 16:39:13 - Error:  Undefined data: numerator evaluating rule: Set ANNUAL_BASELINE Fan:FlowCap  (75:'HVACSecondary-Fan-General.rule' line 529)
2020-02-20 16:39:13 - Error:  Division by zero evaluating rule: Set ANNUAL_BASELINE ThrmlZn:PriAirCondgSysDsgnFlow  (76:'HVACSecondary-Fan-FanRatios.rule' line 67)
2020-02-20 16:39:13 - Error:  Division by zero evaluating rule: Set ANNUAL_BASELINE ThrmlZn:PriAirCondgSysDsgnFlow  (76:'HVACSecondary-Fan-FanRatios.rule' line 67)
2020-02-20 16:39:13 - Error:  Division by zero evaluating rule: Set ANNUAL_BASELINE ThrmlZn:PriAirCondgSysDsgnFlow  (76:'HVACSecondary-Fan-FanRatios.rule' line 67)
2020-02-20 16:39:13 - Error:  Division by zero evaluating rule: Set ANNUAL_BASELINE ThrmlZn:PriAirCondgSysDsgnFlow  (76:'HVACSecondary-Fan-FanRatios.rule' line 67)
2020-02-20 16:39:13 - Error:  Division by zero evaluating rule: Set ANNUAL_BASELINE ThrmlZn:PriAirCondgSysDsgnFlow  (76:'HVACSecondary-Fan-FanRatios.rule' line 67)
2020-02-20 16:39:13 - Error:  Division by zero evaluating rule: Set ANNUAL_BASELINE ThrmlZn:PriAirCondgSysDsgnFlow  (76:'HVACSecondary-Fan-FanRatios.rule' line 67)
2020-02-20 16:39:13 - Error:  Division by zero evaluating rule: Set ANNUAL_BASELINE ThrmlZn:PriAirCondgSysDsgnFlow  (76:'HVACSecondary-Fan-FanRatios.rule' line 67)
2020-02-20 16:39:13 - Error:  Division by zero evaluating rule: Set ANNUAL_BASELINE ThrmlZn:PriAirCondgSysDsgnFlow  (76:'HVACSecondary-Fan-FanRatios.rule' line 67)
2020-02-20 16:39:13 - Error:  Division by zero evaluating rule: Set ANNUAL_BASELINE ThrmlZn:PriAirCondgSysDsgnFlow  (76:'HVACSecondary-Fan-FanRatios.rule' line 67)
2020-02-20 16:39:13 - Error:  Division by zero evaluating rule: Set ANNUAL_BASELINE ThrmlZn:PriAirCondgSysDsgnFlow  (76:'HVACSecondary-Fan-FanRatios.rule' line 67)
2020-02-20 16:39:13 - Error:  Division by zero evaluating rule: Set ANNUAL_BASELINE ThrmlZn:PriAirCondgSysDsgnFlow  (76:'HVACSecondary-Fan-FanRatios.rule' line 67)
2020-02-20 16:39:13 - Error:  Division by zero evaluating rule: Set ANNUAL_BASELINE ThrmlZn:PriAirCondgSysDsgnFlow  (76:'HVACSecondary-Fan-FanRatios.rule' line 67)
2020-02-20 16:39:13 - Error:  Division by zero evaluating rule: Set ANNUAL_BASELINE ThrmlZn:VentSysDsgnFlow  (76:'HVACSecondary-Fan-FanRatios.rule' line 111)
2020-02-20 16:39:13 - Error:  Division by zero evaluating rule: Set ANNUAL_BASELINE ThrmlZn:VentSysDsgnFlow  (76:'HVACSecondary-Fan-FanRatios.rule' line 111)
2020-02-20 16:39:13 - Error:  Division by zero evaluating rule: Set ANNUAL_BASELINE ThrmlZn:VentSysDsgnFlow  (76:'HVACSecondary-Fan-FanRatios.rule' line 111)
2020-02-20 16:39:13 - Error:  Division by zero evaluating rule: Set ANNUAL_BASELINE ThrmlZn:VentSysDsgnFlow  (76:'HVACSecondary-Fan-FanRatios.rule' line 111)
2020-02-20 16:39:13 - Error:  Division by zero evaluating rule: Set ANNUAL_BASELINE ThrmlZn:VentSysDsgnFlow  (76:'HVACSecondary-Fan-FanRatios.rule' line 111)
2020-02-20 16:39:13 - Error:  Division by zero evaluating rule: Set ANNUAL_BASELINE ThrmlZn:VentSysDsgnFlow  (76:'HVACSecondary-Fan-FanRatios.rule' line 111)
2020-02-20 16:39:13 - Error:  Division by zero evaluating rule: Set ANNUAL_BASELINE ThrmlZn:VentSysDsgnFlow  (76:'HVACSecondary-Fan-FanRatios.rule' line 111)
2020-02-20 16:39:13 - Error:  Division by zero evaluating rule: Set ANNUAL_BASELINE ThrmlZn:VentSysDsgnFlow  (76:'HVACSecondary-Fan-FanRatios.rule' line 111)
2020-02-20 16:39:13 - Error:  Division by zero evaluating rule: Set ANNUAL_BASELINE ThrmlZn:VentSysDsgnFlow  (76:'HVACSecondary-Fan-FanRatios.rule' line 111)
2020-02-20 16:39:13 - Error:  Division by zero evaluating rule: Set ANNUAL_BASELINE ThrmlZn:VentSysDsgnFlow  (76:'HVACSecondary-Fan-FanRatios.rule' line 111)
2020-02-20 16:39:13 - Error:  Division by zero evaluating rule: Set ANNUAL_BASELINE ThrmlZn:VentSysDsgnFlow  (76:'HVACSecondary-Fan-FanRatios.rule' line 111)
2020-02-20 16:39:13 - Error:  Division by zero evaluating rule: Set ANNUAL_BASELINE ThrmlZn:VentSysDsgnFlow  (76:'HVACSecondary-Fan-FanRatios.rule' line 111)
2020-02-20 16:39:14 -   PerfAnal_NRes - Bypassing OpenStudio (and simulation) for ab model
2020-02-20 16:39:14 -   PerfAnal_NRes - Completed analysis steps thru #7
2020-02-20 16:39:14 - Analysis incomplete  Processing time:  Overall 4:20 / SDD2IDF x2 avg 0:05 / SizSim x0 0:00 / AnnSim x2 avg 1:53 / ReportGen x0 0:00 / Other 0:20
2020-02-20 16:39:14 -       ResultsSummary population:  bAbort = (false) / RuleProcAbort = (false) / iRetVal = 0 / pszResultsSummary = (empty) / iResultsSummaryLen = 3200
2020-02-20 16:39:14 -       ResultsSummary components1:  2020-02-20 16:39:14 / instance / Mid-Rise Mixed-Use (5-story) / CTZ01S22A / Title24ProposedOnly / 4:20 /  / 
2020-02-20 16:39:14 -       ResultsSummary components2:  CBECC-Com 2022.0.1 RV (1113) / BEMCmpMgr 2022.0.1 RV (6107) / CA 2022 Nonresidential, Vers. 1.0 Alpha /  /  / - / C:\Users\agoyal\Documents\CBECC-Com 2022 Data\EPW\ / C:\Users\agoyal\Documents\GitHub\T24-2022-CASE-Modeling\framework\analysis\hpte\runs\mumr-win-propcomb\cz01\
2020-02-20 16:39:14 -       ResultsSummary:  2020-02-20 16:39:14,"instance","Mid-Rise Mixed-Use (5-story)","CTZ01S22A","Pol  0% RetAdd NoLeak",113100,141000,"Title24ProposedOnly",4:20,,,"--","--","Successful (222 warnings)",20.771,22095.9,48634.6,0,316.977,14520.9,81988.7,167578,217441,0,149101,34551.8,0,0,568672,5410.84,0,0,0,0,11588.8,0,16999.6,586.724,0,0,0,17586.3,0,0,0,0,0,0,0,0,0,0,0,0,0,12.17,4.92577,11.8063,0,0.0781402,27.9876,18.9221,75.8899,57.1167,0,40.6046,8.51343,0,0,182.125,144.2,37.925,0,145.75,"Thermal Zone: F5 Corridor",0,3224.25,"Thermal Zone: F5 Corridor",0,"--","--","",0,0,0,0,0,0,0,0,0,0,0,0,0,0,0,0,0,0,0,0,0,0,0,0,0,0,0,0,0,0,0,0,0,0,0,0,0,0,0,0,0,0,0,0,0,0,0,0,0,0,0,0,0,0,0,0,0,0,0,,,,,,,0.00094535,10.2691,7.9493,0,0.0538515,2.4117,14.3374,35.0224,38.321,0,25.7371,3.94427,0,0,103.025,0,0,0,0,0,0,0,0,0,0,0,0,0,0,0,"CBECC-Com 2022.0.1 RV (1113)","BEMCmpMgr 2022.0.1 RV (6107)","CA 2022 Nonresidential, Vers. 1.0 Alpha","","","-","C:\Users\agoyal\Documents\CBECC-Com 2022 Data\EPW\","C:\Users\agoyal\Documents\GitHub\T24-2022-CASE-Modeling\framework\analysis\hpte\runs\mumr-win-propcomb\cz01\",0.00322176,2.61736,7.13614,0,0.0404229,1.83623,9.06502,20.71,32.1279,0,25.58,5.65158,0,0,84.07,2.59442,0,0,0,0,5.55665,0,8.15,0.281326,0,0,0,8.43,0,0,0,0,0,0,0,0,0,0,0,0,0,0,0,0,0,0,0,0,0,0,0,0,0,0,0,0,4.45612,0.43594,1.18857,0,0.00673272,9.84867,1.50985,17.4459,5.83428,0,4.26052,0.941311,0,0,28.482,0,0,0,0,0,0,0,0,0,0,0,0,0,0,0,

2020-02-20 16:39:19 - -----------------------------------------------------------------------------
2020-02-20 16:39:19 - Opening Project 'cz01\instance.cibd22'...
2020-02-20 16:39:20 -    Model load successful into CBECC-Com 2022.0.1 RV (1113)
2020-02-20 16:39:20 - Performing Building Database check...
2020-02-20 16:39:20 - Building Database check completed, no problems found.
2020-02-20 16:39:25 - Project Saved
2020-02-21 10:53:39 - -----------------------------------------------------------------------------
2020-02-21 10:53:39 - Opening Project 'cz01\instance.cibd22'...
2020-02-21 10:53:39 -    Model load successful into CBECC-Com 2022.0.1 RV (1113)
2020-02-21 10:53:40 - Performing Building Database check...
2020-02-21 10:53:40 - Building Database check completed, no problems found.
2020-02-21 10:54:14 - -----------------------------------------------------------------------------
2020-02-21 10:54:14 - Opening Project 'cz01\instance.cibd22'...
2020-02-21 10:54:15 -    Model load successful into CBECC-Com 2022.0.1 RV (1113)
2020-02-21 10:54:16 - Performing Building Database check...
2020-02-21 10:54:16 - Building Database check completed, no problems found.
2020-02-21 10:54:20 -   PerfAnal_NRes - starting, w/ arguments:
2020-02-21 10:54:20 -        BEMBasePathFile    = (null)
2020-02-21 10:54:20 -        RulesetPathFile    = (null)
2020-02-21 10:54:20 -        SimWeatherPath     = C:\Users\agoyal\Documents\CBECC-Com 2022 Data\EPW\
2020-02-21 10:54:20 -        CompMgrDLLPath     = (null)
2020-02-21 10:54:20 -        DHWWeatherPath     = (null)
2020-02-21 10:54:20 -        ProcessingPath     = C:\Users\agoyal\Documents\GitHub\T24-2022-CASE-Modeling\framework\analysis\hpte\runs\mumr-win-propcomb\cz01\instance - run\
2020-02-21 10:54:20 -        ModelPathFile      = C:\Users\agoyal\Documents\GitHub\T24-2022-CASE-Modeling\framework\analysis\hpte\runs\mumr-win-propcomb\cz01\instance.cibd22
2020-02-21 10:54:20 -        LogPathFile        = (null)
2020-02-21 10:54:20 -        UIVersionString    = CBECC-Com 2022.0.1 RV (1113)
2020-02-21 10:54:20 -        LoadModelFile      = false
2020-02-21 10:54:20 -        OptionsCSV         = AllowAnalysisAbort,0,StoreBEMDetails,1,AnalysisThruStep,8,ModelRpt_ALL,1,ExportHourlyResults_All,1,PromptUserUMLHWarning,1,PreAnalysisCheckPromptOption,3,CompReportWarningOption,5,
2020-02-21 10:54:20 -        ErrorMsg           = (assumed to be initialized)
2020-02-21 10:54:20 -        ErrorMsgLen        = 2056
2020-02-21 10:54:20 -        DisplayProgress    = true
2020-02-21 10:54:20 -        ResultsSummary     = (empty)
2020-02-21 10:54:20 -        ResultsSummaryLen  = 3200
2020-02-21 10:54:20 -        pProgCallbackFunc  = (null)
2020-02-21 10:54:21 - Performing Building Database check...
2020-02-21 10:54:21 - Building Database check completed, no problems found.
2020-02-21 10:54:21 - Warning:  The following developer options must be defaulted (not specified by the user) in order to perform a valid compliance analysis:
          Proj 'Mid-Rise Mixed-Use (5-story)' AutoHardSize
          Proj 'Mid-Rise Mixed-Use (5-story)' AutoEffInput
2020-02-21 10:54:21 -    1 file hash check(s) failed on executable and/or analysis support files (analysis continuing w/ report signature disabled)
2020-02-21 10:54:23 -   PerfAnal_NRes - AnalysisThruStep being set to #7 due to Proj:AnalysisType = Title24ProposedOnly
2020-02-21 10:54:23 - Performing Building Database check...
2020-02-21 10:54:23 - Building Database check completed, no problems found.
2020-02-21 10:54:23 - Warning:  AirSystem 'DOAS1' has a DX cooling coil and the rated supply flow per ton of (net) cooling capacity is 1491 cfm/ton. The acceptable range for successful simulation of DX cooling coils in EnergyPlus is normally ~300 to ~450 cfm/ton. If the compliance simulation fails, check flow/cooling capacity inputs for consistency with the design. If simulation still fails, contact the CBECC support team for assistance. evaluating rule: Set CHECKSIM AirSys:SupFlowPerTon  (110:'HVACSecondary-Summary.rule' line 785)
2020-02-21 10:54:23 - Warning:  The AirSystem:Count for multi-zone system 'DOAS1' is not consistent with the maximum or minimum ThermalZone:Multiplier of the zones the system serves. This indicates the HVAC system serves more than 1 floor, or that Multipliers or system Count may be improperly defined. Check inputs for consistency. evaluating rule: Set CHECKCODE AirSys:Cnt  (68:'HVACSecondary-General.rule' line 1398)
2020-02-21 10:54:28 -   PerfAnal_NRes - Bypassing OpenStudio (and simulation) for zp model
2020-02-21 10:54:30 -   PerfAnal_NRes - Bypassing OpenStudio (and simulation) for zb model
2020-02-21 10:59:03 - Error:  Undefined data: numerator evaluating rule: Set ANNUAL_BASELINE Fan:FlowCap  (75:'HVACSecondary-Fan-General.rule' line 494)
2020-02-21 10:59:03 - Error:  Undefined data: numerator evaluating rule: Set ANNUAL_BASELINE Fan:FlowCap  (75:'HVACSecondary-Fan-General.rule' line 494)
2020-02-21 10:59:03 - Error:  Undefined data: numerator evaluating rule: Set ANNUAL_BASELINE Fan:FlowCap  (75:'HVACSecondary-Fan-General.rule' line 494)
2020-02-21 10:59:03 - Error:  Undefined data: numerator evaluating rule: Set ANNUAL_BASELINE Fan:FlowCap  (75:'HVACSecondary-Fan-General.rule' line 529)
2020-02-21 10:59:03 - Error:  Undefined data: numerator evaluating rule: Set ANNUAL_BASELINE Fan:FlowCap  (75:'HVACSecondary-Fan-General.rule' line 529)
2020-02-21 10:59:03 - Error:  Undefined data: numerator evaluating rule: Set ANNUAL_BASELINE Fan:FlowCap  (75:'HVACSecondary-Fan-General.rule' line 529)
2020-02-21 10:59:03 - Error:  Undefined data: numerator evaluating rule: Set ANNUAL_BASELINE Fan:FlowCap  (75:'HVACSecondary-Fan-General.rule' line 529)
2020-02-21 10:59:03 - Error:  Undefined data: numerator evaluating rule: Set ANNUAL_BASELINE Fan:FlowCap  (75:'HVACSecondary-Fan-General.rule' line 529)
2020-02-21 10:59:03 - Error:  Undefined data: numerator evaluating rule: Set ANNUAL_BASELINE Fan:FlowCap  (75:'HVACSecondary-Fan-General.rule' line 529)
2020-02-21 10:59:03 - Error:  Undefined data: numerator evaluating rule: Set ANNUAL_BASELINE Fan:FlowCap  (75:'HVACSecondary-Fan-General.rule' line 529)
2020-02-21 10:59:03 - Error:  Undefined data: numerator evaluating rule: Set ANNUAL_BASELINE Fan:FlowCap  (75:'HVACSecondary-Fan-General.rule' line 529)
2020-02-21 10:59:03 - Error:  Undefined data: numerator evaluating rule: Set ANNUAL_BASELINE Fan:FlowCap  (75:'HVACSecondary-Fan-General.rule' line 529)
2020-02-21 10:59:03 - Error:  Undefined data: numerator evaluating rule: Set ANNUAL_BASELINE Fan:FlowCap  (75:'HVACSecondary-Fan-General.rule' line 529)
2020-02-21 10:59:03 - Error:  Undefined data: numerator evaluating rule: Set ANNUAL_BASELINE Fan:FlowCap  (75:'HVACSecondary-Fan-General.rule' line 529)
2020-02-21 10:59:03 - Error:  Undefined data: numerator evaluating rule: Set ANNUAL_BASELINE Fan:FlowCap  (75:'HVACSecondary-Fan-General.rule' line 529)
2020-02-21 10:59:03 - Error:  Undefined data: numerator evaluating rule: Set ANNUAL_BASELINE Fan:FlowCap  (75:'HVACSecondary-Fan-General.rule' line 529)
2020-02-21 10:59:03 - Error:  Undefined data: numerator evaluating rule: Set ANNUAL_BASELINE Fan:FlowCap  (75:'HVACSecondary-Fan-General.rule' line 529)
2020-02-21 10:59:03 - Error:  Undefined data: numerator evaluating rule: Set ANNUAL_BASELINE Fan:FlowCap  (75:'HVACSecondary-Fan-General.rule' line 529)
2020-02-21 10:59:03 - Error:  Undefined data: numerator evaluating rule: Set ANNUAL_BASELINE Fan:FlowCap  (75:'HVACSecondary-Fan-General.rule' line 529)
2020-02-21 10:59:03 - Error:  Undefined data: numerator evaluating rule: Set ANNUAL_BASELINE Fan:FlowCap  (75:'HVACSecondary-Fan-General.rule' line 529)
2020-02-21 10:59:03 - Error:  Undefined data: numerator evaluating rule: Set ANNUAL_BASELINE Fan:FlowCap  (75:'HVACSecondary-Fan-General.rule' line 529)
2020-02-21 10:59:03 - Error:  Undefined data: numerator evaluating rule: Set ANNUAL_BASELINE Fan:FlowCap  (75:'HVACSecondary-Fan-General.rule' line 529)
2020-02-21 10:59:03 - Error:  Undefined data: numerator evaluating rule: Set ANNUAL_BASELINE Fan:FlowCap  (75:'HVACSecondary-Fan-General.rule' line 529)
2020-02-21 10:59:03 - Error:  Undefined data: numerator evaluating rule: Set ANNUAL_BASELINE Fan:FlowCap  (75:'HVACSecondary-Fan-General.rule' line 529)
2020-02-21 10:59:03 - Error:  Undefined data: numerator evaluating rule: Set ANNUAL_BASELINE Fan:FlowCap  (75:'HVACSecondary-Fan-General.rule' line 529)
2020-02-21 10:59:03 - Error:  Division by zero evaluating rule: Set ANNUAL_BASELINE ThrmlZn:PriAirCondgSysDsgnFlow  (76:'HVACSecondary-Fan-FanRatios.rule' line 67)
2020-02-21 10:59:03 - Error:  Division by zero evaluating rule: Set ANNUAL_BASELINE ThrmlZn:PriAirCondgSysDsgnFlow  (76:'HVACSecondary-Fan-FanRatios.rule' line 67)
2020-02-21 10:59:03 - Error:  Division by zero evaluating rule: Set ANNUAL_BASELINE ThrmlZn:PriAirCondgSysDsgnFlow  (76:'HVACSecondary-Fan-FanRatios.rule' line 67)
2020-02-21 10:59:03 - Error:  Division by zero evaluating rule: Set ANNUAL_BASELINE ThrmlZn:PriAirCondgSysDsgnFlow  (76:'HVACSecondary-Fan-FanRatios.rule' line 67)
2020-02-21 10:59:03 - Error:  Division by zero evaluating rule: Set ANNUAL_BASELINE ThrmlZn:PriAirCondgSysDsgnFlow  (76:'HVACSecondary-Fan-FanRatios.rule' line 67)
2020-02-21 10:59:03 - Error:  Division by zero evaluating rule: Set ANNUAL_BASELINE ThrmlZn:PriAirCondgSysDsgnFlow  (76:'HVACSecondary-Fan-FanRatios.rule' line 67)
2020-02-21 10:59:03 - Error:  Division by zero evaluating rule: Set ANNUAL_BASELINE ThrmlZn:PriAirCondgSysDsgnFlow  (76:'HVACSecondary-Fan-FanRatios.rule' line 67)
2020-02-21 10:59:03 - Error:  Division by zero evaluating rule: Set ANNUAL_BASELINE ThrmlZn:PriAirCondgSysDsgnFlow  (76:'HVACSecondary-Fan-FanRatios.rule' line 67)
2020-02-21 10:59:03 - Error:  Division by zero evaluating rule: Set ANNUAL_BASELINE ThrmlZn:PriAirCondgSysDsgnFlow  (76:'HVACSecondary-Fan-FanRatios.rule' line 67)
2020-02-21 10:59:03 - Error:  Division by zero evaluating rule: Set ANNUAL_BASELINE ThrmlZn:PriAirCondgSysDsgnFlow  (76:'HVACSecondary-Fan-FanRatios.rule' line 67)
2020-02-21 10:59:03 - Error:  Division by zero evaluating rule: Set ANNUAL_BASELINE ThrmlZn:PriAirCondgSysDsgnFlow  (76:'HVACSecondary-Fan-FanRatios.rule' line 67)
2020-02-21 10:59:03 - Error:  Division by zero evaluating rule: Set ANNUAL_BASELINE ThrmlZn:PriAirCondgSysDsgnFlow  (76:'HVACSecondary-Fan-FanRatios.rule' line 67)
2020-02-21 10:59:03 - Error:  Division by zero evaluating rule: Set ANNUAL_BASELINE ThrmlZn:VentSysDsgnFlow  (76:'HVACSecondary-Fan-FanRatios.rule' line 111)
2020-02-21 10:59:03 - Error:  Division by zero evaluating rule: Set ANNUAL_BASELINE ThrmlZn:VentSysDsgnFlow  (76:'HVACSecondary-Fan-FanRatios.rule' line 111)
2020-02-21 10:59:03 - Error:  Division by zero evaluating rule: Set ANNUAL_BASELINE ThrmlZn:VentSysDsgnFlow  (76:'HVACSecondary-Fan-FanRatios.rule' line 111)
2020-02-21 10:59:03 - Error:  Division by zero evaluating rule: Set ANNUAL_BASELINE ThrmlZn:VentSysDsgnFlow  (76:'HVACSecondary-Fan-FanRatios.rule' line 111)
2020-02-21 10:59:03 - Error:  Division by zero evaluating rule: Set ANNUAL_BASELINE ThrmlZn:VentSysDsgnFlow  (76:'HVACSecondary-Fan-FanRatios.rule' line 111)
2020-02-21 10:59:03 - Error:  Division by zero evaluating rule: Set ANNUAL_BASELINE ThrmlZn:VentSysDsgnFlow  (76:'HVACSecondary-Fan-FanRatios.rule' line 111)
2020-02-21 10:59:03 - Error:  Division by zero evaluating rule: Set ANNUAL_BASELINE ThrmlZn:VentSysDsgnFlow  (76:'HVACSecondary-Fan-FanRatios.rule' line 111)
2020-02-21 10:59:03 - Error:  Division by zero evaluating rule: Set ANNUAL_BASELINE ThrmlZn:VentSysDsgnFlow  (76:'HVACSecondary-Fan-FanRatios.rule' line 111)
2020-02-21 10:59:03 - Error:  Division by zero evaluating rule: Set ANNUAL_BASELINE ThrmlZn:VentSysDsgnFlow  (76:'HVACSecondary-Fan-FanRatios.rule' line 111)
2020-02-21 10:59:03 - Error:  Division by zero evaluating rule: Set ANNUAL_BASELINE ThrmlZn:VentSysDsgnFlow  (76:'HVACSecondary-Fan-FanRatios.rule' line 111)
2020-02-21 10:59:03 - Error:  Division by zero evaluating rule: Set ANNUAL_BASELINE ThrmlZn:VentSysDsgnFlow  (76:'HVACSecondary-Fan-FanRatios.rule' line 111)
2020-02-21 10:59:03 - Error:  Division by zero evaluating rule: Set ANNUAL_BASELINE ThrmlZn:VentSysDsgnFlow  (76:'HVACSecondary-Fan-FanRatios.rule' line 111)
2020-02-21 10:59:04 -   PerfAnal_NRes - Bypassing OpenStudio (and simulation) for ab model
2020-02-21 10:59:04 -   PerfAnal_NRes - Completed analysis steps thru #7
2020-02-21 10:59:04 - Analysis incomplete  Processing time:  Overall 4:44 / SDD2IDF x2 avg 0:06 / SizSim x0 0:00 / AnnSim x2 avg 2:04 / ReportGen x0 0:00 / Other 0:19
2020-02-21 10:59:04 -       ResultsSummary population:  bAbort = (false) / RuleProcAbort = (false) / iRetVal = 0 / pszResultsSummary = (empty) / iResultsSummaryLen = 3200
2020-02-21 10:59:04 -       ResultsSummary components1:  2020-02-21 10:59:04 / instance / Mid-Rise Mixed-Use (5-story) / CTZ01S22A / Title24ProposedOnly / 4:44 /  / 
2020-02-21 10:59:04 -       ResultsSummary components2:  CBECC-Com 2022.0.1 RV (1113) / BEMCmpMgr 2022.0.1 RV (6107) / CA 2022 Nonresidential, Vers. 1.0 Alpha /  /  / - / C:\Users\agoyal\Documents\CBECC-Com 2022 Data\EPW\ / C:\Users\agoyal\Documents\GitHub\T24-2022-CASE-Modeling\framework\analysis\hpte\runs\mumr-win-propcomb\cz01\
2020-02-21 10:59:04 -       ResultsSummary:  2020-02-21 10:59:04,"instance","Mid-Rise Mixed-Use (5-story)","CTZ01S22A","Pol  0% RetAdd NoLeak",113100,141000,"Title24ProposedOnly",4:44,,,"--","--","Successful (222 warnings)",20.7801,11354.9,46787.5,0,317.075,14520.9,81988.7,154990,217441,0,149101,34551.8,0,0,556084,5753.51,0,0,0,0,11588.8,0,17342.3,586.724,0,0,0,17929,0,0,0,0,0,0,0,0,0,0,0,0,0,12.965,2.74178,11.4432,0,0.0781594,27.9876,18.9221,74.1378,57.1167,0,40.6046,8.51343,0,0,180.373,141.652,38.72,0,98,"Thermal Zone: F5 Corridor",0,3691.5,"Thermal Zone: F5 Corridor",0,"--","--","",0,0,0,0,0,0,0,0,0,0,0,0,0,0,0,0,0,0,0,0,0,0,0,0,0,0,0,0,0,0,0,0,0,0,0,0,0,0,0,0,0,0,0,0,0,0,0,0,0,0,0,0,0,0,0,0,0,0,0,,,,,,,0.000944772,7.15987,7.32004,0,0.0538516,2.41164,14.3374,31.2838,38.321,0,25.7371,3.94427,0,0,99.2862,0,0,0,0,0,0,0,0,0,0,0,0,0,0,0,"CBECC-Com 2022.0.1 RV (1113)","BEMCmpMgr 2022.0.1 RV (6107)","CA 2022 Nonresidential, Vers. 1.0 Alpha","","","-","C:\Users\agoyal\Documents\CBECC-Com 2022 Data\EPW\","C:\Users\agoyal\Documents\GitHub\T24-2022-CASE-Modeling\framework\analysis\hpte\runs\mumr-win-propcomb\cz01\",0.00322328,1.61894,6.98465,0,0.0404396,1.83623,9.06502,19.55,32.1279,0,25.58,5.65158,0,0,82.91,2.75873,0,0,0,0,5.55665,0,8.32,0.281326,0,0,0,8.6,0,0,0,0,0,0,0,0,0,0,0,0,0,0,0,0,0,0,0,0,0,0,0,0,0,0,0,0,4.7383,0.269646,1.16334,0,0.00673549,9.84867,1.50985,17.5365,5.83428,0,4.26052,0.941311,0,0,28.5727,0,0,0,0,0,0,0,0,0,0,0,0,0,0,0,

2020-02-21 10:59:07 - -----------------------------------------------------------------------------
2020-02-21 10:59:07 - Opening Project 'cz01\instance.cibd22'...
2020-02-21 10:59:08 -    Model load successful into CBECC-Com 2022.0.1 RV (1113)
2020-02-21 10:59:08 - Performing Building Database check...
2020-02-21 10:59:08 - Building Database check completed, no problems found.
2020-02-21 10:59:12 - Project Saved
2020-02-21 11:10:24 - -----------------------------------------------------------------------------
2020-02-21 11:10:24 - Opening Project 'cz01\instance.cibd22'...
2020-02-21 11:10:25 -    Model load successful into CBECC-Com 2022.0.1 RV (1113)
2020-02-21 11:10:25 - Performing Building Database check...
2020-02-21 11:10:25 - Building Database check completed, no problems found.
