2021-02-12 00:11:34 - -----------------------------------------------------------------------------
2021-02-12 00:11:34 - Opening Project 'cz14\instance.cibd22'...
2021-02-12 00:11:35 -    Model load successful into CBECC-Com 2022.0.1 RV (1113)
2021-02-12 00:11:36 - Performing Building Database check...
2021-02-12 00:11:36 - Building Database check completed, no problems found.
2021-02-12 00:11:41 -   PerfAnal_NRes - starting, w/ arguments:
2021-02-12 00:11:41 -        BEMBasePathFile    = (null)
2021-02-12 00:11:41 -        RulesetPathFile    = (null)
2021-02-12 00:11:41 -        SimWeatherPath     = C:\Users\agoyal\OneDrive - TRC\Documents\CBECC-Com 2022 Data\EPW\
2021-02-12 00:11:41 -        CompMgrDLLPath     = (null)
2021-02-12 00:11:41 -        DHWWeatherPath     = (null)
2021-02-12 00:11:41 -        ProcessingPath     = C:\Users\agoyal\OneDrive - TRC\Documents\GitHub\CALGreen-analysis\framework\analysis\hr\runs\mr-tier2env-lpdf\cz14\instance - run\
2021-02-12 00:11:41 -        ModelPathFile      = C:\Users\agoyal\OneDrive - TRC\Documents\GitHub\CALGreen-analysis\framework\analysis\hr\runs\mr-tier2env-lpdf\cz14\instance.cibd22
2021-02-12 00:11:41 -        LogPathFile        = (null)
2021-02-12 00:11:41 -        UIVersionString    = CBECC-Com 2022.0.1 RV (1113)
2021-02-12 00:11:41 -        LoadModelFile      = false
2021-02-12 00:11:41 -        OptionsCSV         = AllowAnalysisAbort,0,StoreBEMDetails,1,AnalysisThruStep,8,ModelRpt_ALL,1,ExportHourlyResults_All,1,PromptUserUMLHWarning,1,PreAnalysisCheckPromptOption,3,CompReportWarningOption,5,
2021-02-12 00:11:41 -        ErrorMsg           = (assumed to be initialized)
2021-02-12 00:11:41 -        ErrorMsgLen        = 2056
2021-02-12 00:11:41 -        DisplayProgress    = true
2021-02-12 00:11:41 -        ResultsSummary     = (empty)
2021-02-12 00:11:41 -        ResultsSummaryLen  = 3200
2021-02-12 00:11:41 -        pProgCallbackFunc  = (null)
2021-02-12 00:11:42 - Performing Building Database check...
2021-02-12 00:11:42 - Building Database check completed, no problems found.
2021-02-12 00:11:42 - Warning:  The following developer options must be defaulted (not specified by the user) in order to perform a valid compliance analysis:
          Proj 'Mid-Rise Mixed-Use (5-story)' AutoHardSize
          Proj 'Mid-Rise Mixed-Use (5-story)' AutoEffInput
2021-02-12 00:11:43 -    1 file hash check(s) failed on executable and/or analysis support files (analysis continuing w/ report signature disabled)
2021-02-12 00:11:45 -   PerfAnal_NRes - AnalysisThruStep being set to #7 due to Proj:AnalysisType = Title24ProposedOnly
2021-02-12 00:11:45 - Performing Building Database check...
2021-02-12 00:11:45 - Building Database check completed, no problems found.
2021-02-12 00:11:51 -   PerfAnal_NRes - Bypassing OpenStudio (and simulation) for zp model
2021-02-12 00:11:56 -   PerfAnal_NRes - Bypassing OpenStudio (and simulation) for zb model
2021-02-12 00:18:12 - Error:  Undefined data: numerator evaluating rule: Set ANNUAL_BASELINE Fan:FlowCap  (75:'HVACSecondary-Fan-General.rule' line 494)
2021-02-12 00:18:12 - Error:  Undefined data: numerator evaluating rule: Set ANNUAL_BASELINE Fan:FlowCap  (75:'HVACSecondary-Fan-General.rule' line 494)
2021-02-12 00:18:12 - Error:  Undefined data: numerator evaluating rule: Set ANNUAL_BASELINE Fan:FlowCap  (75:'HVACSecondary-Fan-General.rule' line 494)
2021-02-12 00:18:12 - Error:  Undefined data: numerator evaluating rule: Set ANNUAL_BASELINE Fan:FlowCap  (75:'HVACSecondary-Fan-General.rule' line 529)
2021-02-12 00:18:12 - Error:  Undefined data: numerator evaluating rule: Set ANNUAL_BASELINE Fan:FlowCap  (75:'HVACSecondary-Fan-General.rule' line 529)
2021-02-12 00:18:12 - Error:  Undefined data: numerator evaluating rule: Set ANNUAL_BASELINE Fan:FlowCap  (75:'HVACSecondary-Fan-General.rule' line 529)
2021-02-12 00:18:12 - Error:  Undefined data: numerator evaluating rule: Set ANNUAL_BASELINE Fan:FlowCap  (75:'HVACSecondary-Fan-General.rule' line 529)
2021-02-12 00:18:12 - Error:  Undefined data: numerator evaluating rule: Set ANNUAL_BASELINE Fan:FlowCap  (75:'HVACSecondary-Fan-General.rule' line 529)
2021-02-12 00:18:12 - Error:  Undefined data: numerator evaluating rule: Set ANNUAL_BASELINE Fan:FlowCap  (75:'HVACSecondary-Fan-General.rule' line 529)
2021-02-12 00:18:12 - Error:  Undefined data: numerator evaluating rule: Set ANNUAL_BASELINE Fan:FlowCap  (75:'HVACSecondary-Fan-General.rule' line 529)
2021-02-12 00:18:12 - Error:  Undefined data: numerator evaluating rule: Set ANNUAL_BASELINE Fan:FlowCap  (75:'HVACSecondary-Fan-General.rule' line 529)
2021-02-12 00:18:12 - Error:  Undefined data: numerator evaluating rule: Set ANNUAL_BASELINE Fan:FlowCap  (75:'HVACSecondary-Fan-General.rule' line 529)
2021-02-12 00:18:12 - Error:  Undefined data: numerator evaluating rule: Set ANNUAL_BASELINE Fan:FlowCap  (75:'HVACSecondary-Fan-General.rule' line 529)
2021-02-12 00:18:12 - Error:  Undefined data: numerator evaluating rule: Set ANNUAL_BASELINE Fan:FlowCap  (75:'HVACSecondary-Fan-General.rule' line 529)
2021-02-12 00:18:12 - Error:  Undefined data: numerator evaluating rule: Set ANNUAL_BASELINE Fan:FlowCap  (75:'HVACSecondary-Fan-General.rule' line 529)
2021-02-12 00:18:12 - Error:  Undefined data: numerator evaluating rule: Set ANNUAL_BASELINE Fan:FlowCap  (75:'HVACSecondary-Fan-General.rule' line 529)
2021-02-12 00:18:12 - Error:  Undefined data: numerator evaluating rule: Set ANNUAL_BASELINE Fan:FlowCap  (75:'HVACSecondary-Fan-General.rule' line 529)
2021-02-12 00:18:12 - Error:  Undefined data: numerator evaluating rule: Set ANNUAL_BASELINE Fan:FlowCap  (75:'HVACSecondary-Fan-General.rule' line 529)
2021-02-12 00:18:12 - Error:  Undefined data: numerator evaluating rule: Set ANNUAL_BASELINE Fan:FlowCap  (75:'HVACSecondary-Fan-General.rule' line 529)
2021-02-12 00:18:12 - Error:  Undefined data: numerator evaluating rule: Set ANNUAL_BASELINE Fan:FlowCap  (75:'HVACSecondary-Fan-General.rule' line 529)
2021-02-12 00:18:12 - Error:  Undefined data: numerator evaluating rule: Set ANNUAL_BASELINE Fan:FlowCap  (75:'HVACSecondary-Fan-General.rule' line 529)
2021-02-12 00:18:12 - Error:  Undefined data: numerator evaluating rule: Set ANNUAL_BASELINE Fan:FlowCap  (75:'HVACSecondary-Fan-General.rule' line 529)
2021-02-12 00:18:12 - Error:  Undefined data: numerator evaluating rule: Set ANNUAL_BASELINE Fan:FlowCap  (75:'HVACSecondary-Fan-General.rule' line 529)
2021-02-12 00:18:12 - Error:  Undefined data: numerator evaluating rule: Set ANNUAL_BASELINE Fan:FlowCap  (75:'HVACSecondary-Fan-General.rule' line 529)
2021-02-12 00:18:12 - Error:  Undefined data: numerator evaluating rule: Set ANNUAL_BASELINE Fan:FlowCap  (75:'HVACSecondary-Fan-General.rule' line 529)
2021-02-12 00:18:12 - Error:  Division by zero evaluating rule: Set ANNUAL_BASELINE ThrmlZn:PriAirCondgSysDsgnFlow  (76:'HVACSecondary-Fan-FanRatios.rule' line 67)
2021-02-12 00:18:12 - Error:  Division by zero evaluating rule: Set ANNUAL_BASELINE ThrmlZn:PriAirCondgSysDsgnFlow  (76:'HVACSecondary-Fan-FanRatios.rule' line 67)
2021-02-12 00:18:12 - Error:  Division by zero evaluating rule: Set ANNUAL_BASELINE ThrmlZn:PriAirCondgSysDsgnFlow  (76:'HVACSecondary-Fan-FanRatios.rule' line 67)
2021-02-12 00:18:12 - Error:  Division by zero evaluating rule: Set ANNUAL_BASELINE ThrmlZn:PriAirCondgSysDsgnFlow  (76:'HVACSecondary-Fan-FanRatios.rule' line 67)
2021-02-12 00:18:12 - Error:  Division by zero evaluating rule: Set ANNUAL_BASELINE ThrmlZn:PriAirCondgSysDsgnFlow  (76:'HVACSecondary-Fan-FanRatios.rule' line 67)
2021-02-12 00:18:12 - Error:  Division by zero evaluating rule: Set ANNUAL_BASELINE ThrmlZn:PriAirCondgSysDsgnFlow  (76:'HVACSecondary-Fan-FanRatios.rule' line 67)
2021-02-12 00:18:12 - Error:  Division by zero evaluating rule: Set ANNUAL_BASELINE ThrmlZn:PriAirCondgSysDsgnFlow  (76:'HVACSecondary-Fan-FanRatios.rule' line 67)
2021-02-12 00:18:12 - Error:  Division by zero evaluating rule: Set ANNUAL_BASELINE ThrmlZn:PriAirCondgSysDsgnFlow  (76:'HVACSecondary-Fan-FanRatios.rule' line 67)
2021-02-12 00:18:12 - Error:  Division by zero evaluating rule: Set ANNUAL_BASELINE ThrmlZn:PriAirCondgSysDsgnFlow  (76:'HVACSecondary-Fan-FanRatios.rule' line 67)
2021-02-12 00:18:12 - Error:  Division by zero evaluating rule: Set ANNUAL_BASELINE ThrmlZn:PriAirCondgSysDsgnFlow  (76:'HVACSecondary-Fan-FanRatios.rule' line 67)
2021-02-12 00:18:12 - Error:  Division by zero evaluating rule: Set ANNUAL_BASELINE ThrmlZn:PriAirCondgSysDsgnFlow  (76:'HVACSecondary-Fan-FanRatios.rule' line 67)
2021-02-12 00:18:12 - Error:  Division by zero evaluating rule: Set ANNUAL_BASELINE ThrmlZn:PriAirCondgSysDsgnFlow  (76:'HVACSecondary-Fan-FanRatios.rule' line 67)
2021-02-12 00:18:12 - Error:  Division by zero evaluating rule: Set ANNUAL_BASELINE ThrmlZn:PriAirCondgSysDsgnFlow  (76:'HVACSecondary-Fan-FanRatios.rule' line 67)
2021-02-12 00:18:12 - Error:  Division by zero evaluating rule: Set ANNUAL_BASELINE ThrmlZn:PriAirCondgSysDsgnFlow  (76:'HVACSecondary-Fan-FanRatios.rule' line 67)
2021-02-12 00:18:12 - Error:  Division by zero evaluating rule: Set ANNUAL_BASELINE ThrmlZn:VentSysDsgnFlow  (76:'HVACSecondary-Fan-FanRatios.rule' line 111)
2021-02-12 00:18:12 - Error:  Division by zero evaluating rule: Set ANNUAL_BASELINE ThrmlZn:VentSysDsgnFlow  (76:'HVACSecondary-Fan-FanRatios.rule' line 111)
2021-02-12 00:18:12 - Error:  Division by zero evaluating rule: Set ANNUAL_BASELINE ThrmlZn:VentSysDsgnFlow  (76:'HVACSecondary-Fan-FanRatios.rule' line 111)
2021-02-12 00:18:12 - Error:  Division by zero evaluating rule: Set ANNUAL_BASELINE ThrmlZn:VentSysDsgnFlow  (76:'HVACSecondary-Fan-FanRatios.rule' line 111)
2021-02-12 00:18:12 - Error:  Division by zero evaluating rule: Set ANNUAL_BASELINE ThrmlZn:VentSysDsgnFlow  (76:'HVACSecondary-Fan-FanRatios.rule' line 111)
2021-02-12 00:18:12 - Error:  Division by zero evaluating rule: Set ANNUAL_BASELINE ThrmlZn:VentSysDsgnFlow  (76:'HVACSecondary-Fan-FanRatios.rule' line 111)
2021-02-12 00:18:12 - Error:  Division by zero evaluating rule: Set ANNUAL_BASELINE ThrmlZn:VentSysDsgnFlow  (76:'HVACSecondary-Fan-FanRatios.rule' line 111)
2021-02-12 00:18:12 - Error:  Division by zero evaluating rule: Set ANNUAL_BASELINE ThrmlZn:VentSysDsgnFlow  (76:'HVACSecondary-Fan-FanRatios.rule' line 111)
2021-02-12 00:18:12 - Error:  Division by zero evaluating rule: Set ANNUAL_BASELINE ThrmlZn:VentSysDsgnFlow  (76:'HVACSecondary-Fan-FanRatios.rule' line 111)
2021-02-12 00:18:12 - Error:  Division by zero evaluating rule: Set ANNUAL_BASELINE ThrmlZn:VentSysDsgnFlow  (76:'HVACSecondary-Fan-FanRatios.rule' line 111)
2021-02-12 00:18:12 - Error:  Division by zero evaluating rule: Set ANNUAL_BASELINE ThrmlZn:VentSysDsgnFlow  (76:'HVACSecondary-Fan-FanRatios.rule' line 111)
2021-02-12 00:18:12 - Error:  Division by zero evaluating rule: Set ANNUAL_BASELINE ThrmlZn:VentSysDsgnFlow  (76:'HVACSecondary-Fan-FanRatios.rule' line 111)
2021-02-12 00:18:12 - Error:  Division by zero evaluating rule: Set ANNUAL_BASELINE ThrmlZn:VentSysDsgnFlow  (76:'HVACSecondary-Fan-FanRatios.rule' line 111)
2021-02-12 00:18:12 - Error:  Division by zero evaluating rule: Set ANNUAL_BASELINE ThrmlZn:VentSysDsgnFlow  (76:'HVACSecondary-Fan-FanRatios.rule' line 111)
2021-02-12 00:18:14 -   PerfAnal_NRes - Bypassing OpenStudio (and simulation) for ab model
2021-02-12 00:18:14 -   PerfAnal_NRes - Completed analysis steps thru #7
2021-02-12 00:18:14 - Analysis incomplete  Processing time:  Overall 6:32 / SDD2IDF x2 avg 0:15 / SizSim x0 0:00 / AnnSim x2 avg 2:44 / ReportGen x0 0:00 / Other 0:30
2021-02-12 00:18:14 -       ResultsSummary population:  bAbort = (false) / RuleProcAbort = (false) / iRetVal = 0 / pszResultsSummary = (empty) / iResultsSummaryLen = 3200
2021-02-12 00:18:14 -       ResultsSummary components1:  2021-02-12 00:18:14 / instance / Mid-Rise Mixed-Use (5-story) / CTZ14S22A / Title24ProposedOnly / 6:32 /  / 
2021-02-12 00:18:14 -       ResultsSummary components2:  CBECC-Com 2022.0.1 RV (1113) / BEMCmpMgr 2022.0.1 RV (6107) / CA 2022 Nonresidential, Vers. 1.0 Alpha /  /  / - / C:\Users\agoyal\OneDrive - TRC\Documents\CBECC-Com 2022 Data\EPW\ / C:\Users\agoyal\OneDrive - TRC\Documents\GitHub\CALGreen-analysis\framework\analysis\hr\runs\mr-tier2env-lpdf\cz14\
2021-02-12 00:18:14 -       ResultsSummary:  2021-02-12 00:18:14,"instance","Mid-Rise Mixed-Use (5-story)","CTZ14S22A","Pol  0% RetAdd NoLeak",113100,141000,"Title24ProposedOnly",6:32,,,"--","--","Successful (272 warnings)",28748.6,112926,62148.2,0,196.828,13421.9,66569.2,284011,251127,14174.3,42915.9,34551.8,0,0,626780,1915.3,0,0,0,0,7766.57,0,9681.87,1161.81,1954.3,0,0,12798,0,0,0,0,0,0,0,0,0,0,0,0,0,11.9937,39.7769,17.3309,0,0.0445319,19.981,16.1339,105.261,65.0578,7.73731,10.9972,8.4772,0,0,197.53,169.614,27.9163,0,4.5,"Thermal Zone: F5 Corridor",0,52.25,"Thermal Zone: F5 Corridor",0,"--","--","",0,0,0,0,0,0,0,0,0,0,0,0,0,0,0,0,0,0,0,0,0,0,0,0,0,0,0,0,0,0,0,0,0,0,0,0,0,0,0,0,0,0,0,0,0,0,0,0,0,0,0,0,0,0,0,0,0,0,0,,,,,,,5.64385e-06,49.4857,13.897,0,0.00592232,2.0893,11.7949,77.2728,40.8468,2.2043,8.19304,3.94427,0,0,132.461,0,0,0,0,0,0,0,0,0,0,0,0,0,0,0,"CBECC-Com 2022.0.1 RV (1113)","BEMCmpMgr 2022.0.1 RV (6107)","CA 2022 Nonresidential, Vers. 1.0 Alpha","","","-","C:\Users\agoyal\OneDrive - TRC\Documents\CBECC-Com 2022 Data\EPW\","C:\Users\agoyal\OneDrive - TRC\Documents\GitHub\CALGreen-analysis\framework\analysis\hr\runs\mr-tier2env-lpdf\cz14\",6.68073,13.4653,9.37382,0,0.0305182,1.70738,7.34984,38.61,37.663,2.44662,7.56109,5.68613,0,0,91.97,0.918362,0,0,0,0,3.72396,0,4.64,0.557074,0.937061,0,0,6.14,0,0,0,0,0,0,0,0,0,0,0,0,0,0,0,0,0,0,0,0,0,0,0,0,0,0,0,0,2.66771,2.24275,1.56128,0,0.00508302,6.58986,1.22417,14.2908,7.2163,1.99415,1.25935,0.947065,0,0,25.7077,0,0,0,0,0,0,0,0,0,0,0,0,0,0,0,

2021-02-12 00:18:18 - -----------------------------------------------------------------------------
2021-02-12 00:18:18 - Opening Project 'cz14\instance.cibd22'...
2021-02-12 00:18:19 -    Model load successful into CBECC-Com 2022.0.1 RV (1113)
2021-02-12 00:18:19 - Performing Building Database check...
2021-02-12 00:18:19 - Building Database check completed, no problems found.
2021-02-12 00:18:24 - Project Saved
2021-02-12 11:20:20 - -----------------------------------------------------------------------------
2021-02-12 11:20:20 - Opening Project 'cz14\instance.cibd22'...
2021-02-12 11:20:21 -    Model load successful into CBECC-Com 2022.0.1 RV (1113)
2021-02-12 11:20:21 - Performing Building Database check...
2021-02-12 11:20:21 - Building Database check completed, no problems found.
2021-02-12 11:20:26 -   PerfAnal_NRes - starting, w/ arguments:
2021-02-12 11:20:26 -        BEMBasePathFile    = (null)
2021-02-12 11:20:26 -        RulesetPathFile    = (null)
2021-02-12 11:20:26 -        SimWeatherPath     = C:\Users\agoyal\OneDrive - TRC\Documents\CBECC-Com 2022 Data\EPW\
2021-02-12 11:20:26 -        CompMgrDLLPath     = (null)
2021-02-12 11:20:26 -        DHWWeatherPath     = (null)
2021-02-12 11:20:26 -        ProcessingPath     = C:\Users\agoyal\OneDrive - TRC\Documents\GitHub\CALGreen-analysis\framework\analysis\hr\runs\mr-tier2env-lpdf\cz14\instance - run\
2021-02-12 11:20:26 -        ModelPathFile      = C:\Users\agoyal\OneDrive - TRC\Documents\GitHub\CALGreen-analysis\framework\analysis\hr\runs\mr-tier2env-lpdf\cz14\instance.cibd22
2021-02-12 11:20:26 -        LogPathFile        = (null)
2021-02-12 11:20:26 -        UIVersionString    = CBECC-Com 2022.0.1 RV (1113)
2021-02-12 11:20:26 -        LoadModelFile      = false
2021-02-12 11:20:26 -        OptionsCSV         = AllowAnalysisAbort,0,StoreBEMDetails,1,AnalysisThruStep,8,ModelRpt_ALL,1,ExportHourlyResults_All,1,PromptUserUMLHWarning,1,PreAnalysisCheckPromptOption,3,CompReportWarningOption,5,
2021-02-12 11:20:26 -        ErrorMsg           = (assumed to be initialized)
2021-02-12 11:20:26 -        ErrorMsgLen        = 2056
2021-02-12 11:20:26 -        DisplayProgress    = true
2021-02-12 11:20:26 -        ResultsSummary     = (empty)
2021-02-12 11:20:26 -        ResultsSummaryLen  = 3200
2021-02-12 11:20:26 -        pProgCallbackFunc  = (null)
2021-02-12 11:20:27 - Performing Building Database check...
2021-02-12 11:20:27 - Building Database check completed, no problems found.
2021-02-12 11:20:27 - Warning:  The following developer options must be defaulted (not specified by the user) in order to perform a valid compliance analysis:
          Proj 'Mid-Rise Mixed-Use (5-story)' AutoHardSize
          Proj 'Mid-Rise Mixed-Use (5-story)' AutoEffInput
2021-02-12 11:20:27 -    1 file hash check(s) failed on executable and/or analysis support files (analysis continuing w/ report signature disabled)
2021-02-12 11:20:29 -   PerfAnal_NRes - AnalysisThruStep being set to #7 due to Proj:AnalysisType = Title24ProposedOnly
2021-02-12 11:20:29 - Performing Building Database check...
2021-02-12 11:20:29 - Building Database check completed, no problems found.
2021-02-12 11:20:34 -   PerfAnal_NRes - Bypassing OpenStudio (and simulation) for zp model
2021-02-12 11:20:36 -   PerfAnal_NRes - Bypassing OpenStudio (and simulation) for zb model
2021-02-12 11:24:01 - Error:  Undefined data: numerator evaluating rule: Set ANNUAL_BASELINE Fan:FlowCap  (75:'HVACSecondary-Fan-General.rule' line 494)
2021-02-12 11:24:01 - Error:  Undefined data: numerator evaluating rule: Set ANNUAL_BASELINE Fan:FlowCap  (75:'HVACSecondary-Fan-General.rule' line 494)
2021-02-12 11:24:01 - Error:  Undefined data: numerator evaluating rule: Set ANNUAL_BASELINE Fan:FlowCap  (75:'HVACSecondary-Fan-General.rule' line 494)
2021-02-12 11:24:01 - Error:  Undefined data: numerator evaluating rule: Set ANNUAL_BASELINE Fan:FlowCap  (75:'HVACSecondary-Fan-General.rule' line 529)
2021-02-12 11:24:01 - Error:  Undefined data: numerator evaluating rule: Set ANNUAL_BASELINE Fan:FlowCap  (75:'HVACSecondary-Fan-General.rule' line 529)
2021-02-12 11:24:01 - Error:  Undefined data: numerator evaluating rule: Set ANNUAL_BASELINE Fan:FlowCap  (75:'HVACSecondary-Fan-General.rule' line 529)
2021-02-12 11:24:01 - Error:  Undefined data: numerator evaluating rule: Set ANNUAL_BASELINE Fan:FlowCap  (75:'HVACSecondary-Fan-General.rule' line 529)
2021-02-12 11:24:01 - Error:  Undefined data: numerator evaluating rule: Set ANNUAL_BASELINE Fan:FlowCap  (75:'HVACSecondary-Fan-General.rule' line 529)
2021-02-12 11:24:01 - Error:  Undefined data: numerator evaluating rule: Set ANNUAL_BASELINE Fan:FlowCap  (75:'HVACSecondary-Fan-General.rule' line 529)
2021-02-12 11:24:01 - Error:  Undefined data: numerator evaluating rule: Set ANNUAL_BASELINE Fan:FlowCap  (75:'HVACSecondary-Fan-General.rule' line 529)
2021-02-12 11:24:01 - Error:  Undefined data: numerator evaluating rule: Set ANNUAL_BASELINE Fan:FlowCap  (75:'HVACSecondary-Fan-General.rule' line 529)
2021-02-12 11:24:01 - Error:  Undefined data: numerator evaluating rule: Set ANNUAL_BASELINE Fan:FlowCap  (75:'HVACSecondary-Fan-General.rule' line 529)
2021-02-12 11:24:01 - Error:  Undefined data: numerator evaluating rule: Set ANNUAL_BASELINE Fan:FlowCap  (75:'HVACSecondary-Fan-General.rule' line 529)
2021-02-12 11:24:01 - Error:  Undefined data: numerator evaluating rule: Set ANNUAL_BASELINE Fan:FlowCap  (75:'HVACSecondary-Fan-General.rule' line 529)
2021-02-12 11:24:01 - Error:  Undefined data: numerator evaluating rule: Set ANNUAL_BASELINE Fan:FlowCap  (75:'HVACSecondary-Fan-General.rule' line 529)
2021-02-12 11:24:01 - Error:  Undefined data: numerator evaluating rule: Set ANNUAL_BASELINE Fan:FlowCap  (75:'HVACSecondary-Fan-General.rule' line 529)
2021-02-12 11:24:01 - Error:  Undefined data: numerator evaluating rule: Set ANNUAL_BASELINE Fan:FlowCap  (75:'HVACSecondary-Fan-General.rule' line 529)
2021-02-12 11:24:01 - Error:  Undefined data: numerator evaluating rule: Set ANNUAL_BASELINE Fan:FlowCap  (75:'HVACSecondary-Fan-General.rule' line 529)
2021-02-12 11:24:01 - Error:  Undefined data: numerator evaluating rule: Set ANNUAL_BASELINE Fan:FlowCap  (75:'HVACSecondary-Fan-General.rule' line 529)
2021-02-12 11:24:01 - Error:  Undefined data: numerator evaluating rule: Set ANNUAL_BASELINE Fan:FlowCap  (75:'HVACSecondary-Fan-General.rule' line 529)
2021-02-12 11:24:01 - Error:  Undefined data: numerator evaluating rule: Set ANNUAL_BASELINE Fan:FlowCap  (75:'HVACSecondary-Fan-General.rule' line 529)
2021-02-12 11:24:01 - Error:  Undefined data: numerator evaluating rule: Set ANNUAL_BASELINE Fan:FlowCap  (75:'HVACSecondary-Fan-General.rule' line 529)
2021-02-12 11:24:01 - Error:  Undefined data: numerator evaluating rule: Set ANNUAL_BASELINE Fan:FlowCap  (75:'HVACSecondary-Fan-General.rule' line 529)
2021-02-12 11:24:01 - Error:  Undefined data: numerator evaluating rule: Set ANNUAL_BASELINE Fan:FlowCap  (75:'HVACSecondary-Fan-General.rule' line 529)
2021-02-12 11:24:01 - Error:  Undefined data: numerator evaluating rule: Set ANNUAL_BASELINE Fan:FlowCap  (75:'HVACSecondary-Fan-General.rule' line 529)
2021-02-12 11:24:01 - Error:  Division by zero evaluating rule: Set ANNUAL_BASELINE ThrmlZn:PriAirCondgSysDsgnFlow  (76:'HVACSecondary-Fan-FanRatios.rule' line 67)
2021-02-12 11:24:01 - Error:  Division by zero evaluating rule: Set ANNUAL_BASELINE ThrmlZn:PriAirCondgSysDsgnFlow  (76:'HVACSecondary-Fan-FanRatios.rule' line 67)
2021-02-12 11:24:01 - Error:  Division by zero evaluating rule: Set ANNUAL_BASELINE ThrmlZn:PriAirCondgSysDsgnFlow  (76:'HVACSecondary-Fan-FanRatios.rule' line 67)
2021-02-12 11:24:01 - Error:  Division by zero evaluating rule: Set ANNUAL_BASELINE ThrmlZn:PriAirCondgSysDsgnFlow  (76:'HVACSecondary-Fan-FanRatios.rule' line 67)
2021-02-12 11:24:01 - Error:  Division by zero evaluating rule: Set ANNUAL_BASELINE ThrmlZn:PriAirCondgSysDsgnFlow  (76:'HVACSecondary-Fan-FanRatios.rule' line 67)
2021-02-12 11:24:01 - Error:  Division by zero evaluating rule: Set ANNUAL_BASELINE ThrmlZn:PriAirCondgSysDsgnFlow  (76:'HVACSecondary-Fan-FanRatios.rule' line 67)
2021-02-12 11:24:01 - Error:  Division by zero evaluating rule: Set ANNUAL_BASELINE ThrmlZn:PriAirCondgSysDsgnFlow  (76:'HVACSecondary-Fan-FanRatios.rule' line 67)
2021-02-12 11:24:01 - Error:  Division by zero evaluating rule: Set ANNUAL_BASELINE ThrmlZn:PriAirCondgSysDsgnFlow  (76:'HVACSecondary-Fan-FanRatios.rule' line 67)
2021-02-12 11:24:01 - Error:  Division by zero evaluating rule: Set ANNUAL_BASELINE ThrmlZn:PriAirCondgSysDsgnFlow  (76:'HVACSecondary-Fan-FanRatios.rule' line 67)
2021-02-12 11:24:01 - Error:  Division by zero evaluating rule: Set ANNUAL_BASELINE ThrmlZn:PriAirCondgSysDsgnFlow  (76:'HVACSecondary-Fan-FanRatios.rule' line 67)
2021-02-12 11:24:01 - Error:  Division by zero evaluating rule: Set ANNUAL_BASELINE ThrmlZn:PriAirCondgSysDsgnFlow  (76:'HVACSecondary-Fan-FanRatios.rule' line 67)
2021-02-12 11:24:01 - Error:  Division by zero evaluating rule: Set ANNUAL_BASELINE ThrmlZn:PriAirCondgSysDsgnFlow  (76:'HVACSecondary-Fan-FanRatios.rule' line 67)
2021-02-12 11:24:01 - Error:  Division by zero evaluating rule: Set ANNUAL_BASELINE ThrmlZn:PriAirCondgSysDsgnFlow  (76:'HVACSecondary-Fan-FanRatios.rule' line 67)
2021-02-12 11:24:01 - Error:  Division by zero evaluating rule: Set ANNUAL_BASELINE ThrmlZn:PriAirCondgSysDsgnFlow  (76:'HVACSecondary-Fan-FanRatios.rule' line 67)
2021-02-12 11:24:01 - Error:  Division by zero evaluating rule: Set ANNUAL_BASELINE ThrmlZn:VentSysDsgnFlow  (76:'HVACSecondary-Fan-FanRatios.rule' line 111)
2021-02-12 11:24:01 - Error:  Division by zero evaluating rule: Set ANNUAL_BASELINE ThrmlZn:VentSysDsgnFlow  (76:'HVACSecondary-Fan-FanRatios.rule' line 111)
2021-02-12 11:24:01 - Error:  Division by zero evaluating rule: Set ANNUAL_BASELINE ThrmlZn:VentSysDsgnFlow  (76:'HVACSecondary-Fan-FanRatios.rule' line 111)
2021-02-12 11:24:01 - Error:  Division by zero evaluating rule: Set ANNUAL_BASELINE ThrmlZn:VentSysDsgnFlow  (76:'HVACSecondary-Fan-FanRatios.rule' line 111)
2021-02-12 11:24:01 - Error:  Division by zero evaluating rule: Set ANNUAL_BASELINE ThrmlZn:VentSysDsgnFlow  (76:'HVACSecondary-Fan-FanRatios.rule' line 111)
2021-02-12 11:24:01 - Error:  Division by zero evaluating rule: Set ANNUAL_BASELINE ThrmlZn:VentSysDsgnFlow  (76:'HVACSecondary-Fan-FanRatios.rule' line 111)
2021-02-12 11:24:01 - Error:  Division by zero evaluating rule: Set ANNUAL_BASELINE ThrmlZn:VentSysDsgnFlow  (76:'HVACSecondary-Fan-FanRatios.rule' line 111)
2021-02-12 11:24:01 - Error:  Division by zero evaluating rule: Set ANNUAL_BASELINE ThrmlZn:VentSysDsgnFlow  (76:'HVACSecondary-Fan-FanRatios.rule' line 111)
2021-02-12 11:24:01 - Error:  Division by zero evaluating rule: Set ANNUAL_BASELINE ThrmlZn:VentSysDsgnFlow  (76:'HVACSecondary-Fan-FanRatios.rule' line 111)
2021-02-12 11:24:01 - Error:  Division by zero evaluating rule: Set ANNUAL_BASELINE ThrmlZn:VentSysDsgnFlow  (76:'HVACSecondary-Fan-FanRatios.rule' line 111)
2021-02-12 11:24:01 - Error:  Division by zero evaluating rule: Set ANNUAL_BASELINE ThrmlZn:VentSysDsgnFlow  (76:'HVACSecondary-Fan-FanRatios.rule' line 111)
2021-02-12 11:24:01 - Error:  Division by zero evaluating rule: Set ANNUAL_BASELINE ThrmlZn:VentSysDsgnFlow  (76:'HVACSecondary-Fan-FanRatios.rule' line 111)
2021-02-12 11:24:01 - Error:  Division by zero evaluating rule: Set ANNUAL_BASELINE ThrmlZn:VentSysDsgnFlow  (76:'HVACSecondary-Fan-FanRatios.rule' line 111)
2021-02-12 11:24:01 - Error:  Division by zero evaluating rule: Set ANNUAL_BASELINE ThrmlZn:VentSysDsgnFlow  (76:'HVACSecondary-Fan-FanRatios.rule' line 111)
2021-02-12 11:24:02 -   PerfAnal_NRes - Bypassing OpenStudio (and simulation) for ab model
2021-02-12 11:24:02 -   PerfAnal_NRes - Completed analysis steps thru #7
2021-02-12 11:24:02 - Analysis incomplete  Processing time:  Overall 3:36 / SDD2IDF x2 avg 0:06 / SizSim x0 0:00 / AnnSim x2 avg 1:30 / ReportGen x0 0:00 / Other 0:19
2021-02-12 11:24:02 -       ResultsSummary population:  bAbort = (false) / RuleProcAbort = (false) / iRetVal = 0 / pszResultsSummary = (empty) / iResultsSummaryLen = 3200
2021-02-12 11:24:02 -       ResultsSummary components1:  2021-02-12 11:24:02 / instance / Mid-Rise Mixed-Use (5-story) / CTZ14S22A / Title24ProposedOnly / 3:36 /  / 
2021-02-12 11:24:02 -       ResultsSummary components2:  CBECC-Com 2022.0.1 RV (1113) / BEMCmpMgr 2022.0.1 RV (6107) / CA 2022 Nonresidential, Vers. 1.0 Alpha /  /  / - / C:\Users\agoyal\OneDrive - TRC\Documents\CBECC-Com 2022 Data\EPW\ / C:\Users\agoyal\OneDrive - TRC\Documents\GitHub\CALGreen-analysis\framework\analysis\hr\runs\mr-tier2env-lpdf\cz14\
2021-02-12 11:24:02 -       ResultsSummary:  2021-02-12 11:24:02,"instance","Mid-Rise Mixed-Use (5-story)","CTZ14S22A","Pol  0% RetAdd NoLeak",113100,141000,"Title24ProposedOnly",3:36,,,"--","--","Successful (272 warnings)",23077.8,113569,61495,0,196.619,13421.9,67791.8,279552,251127,14174.3,42915.9,34551.8,0,0,622321,1912.22,0,0,0,0,7766.57,0,9678.78,1161.81,1954.3,0,0,12794.9,0,0,0,0,0,0,0,0,0,0,0,0,0,10.5309,39.6262,17.093,0,0.0444886,19.9809,16.4256,103.701,65.0578,7.73731,10.9972,8.4772,0,0,195.971,168.062,27.909,0,4,"Thermal Zone: F5 Corridor",0,42,"Thermal Zone: F5 Corridor",0,"--","--","",0,0,0,0,0,0,0,0,0,0,0,0,0,0,0,0,0,0,0,0,0,0,0,0,0,0,0,0,0,0,0,0,0,0,0,0,0,0,0,0,0,0,0,0,0,0,0,0,0,0,0,0,0,0,0,0,0,0,0,,,,,,,5.62745e-06,49.0844,13.8045,0,0.00592233,2.08885,11.9814,76.9651,40.8468,2.2043,8.19304,3.94427,0,0,132.154,0,0,0,0,0,0,0,0,0,0,0,0,0,0,0,"CBECC-Com 2022.0.1 RV (1113)","BEMCmpMgr 2022.0.1 RV (6107)","CA 2022 Nonresidential, Vers. 1.0 Alpha","","","-","C:\Users\agoyal\OneDrive - TRC\Documents\CBECC-Com 2022 Data\EPW\","C:\Users\agoyal\OneDrive - TRC\Documents\GitHub\CALGreen-analysis\framework\analysis\hr\runs\mr-tier2env-lpdf\cz14\",5.33416,13.6176,9.21372,0,0.0304956,1.70737,7.47967,37.38,37.663,2.44662,7.56109,5.68613,0,0,90.74,0.916883,0,0,0,0,3.72396,0,4.64,0.557074,0.937061,0,0,6.14,0,0,0,0,0,0,0,0,0,0,0,0,0,0,0,0,0,0,0,0,0,0,0,0,0,0,0,0,2.44093,2.26812,1.53461,0,0.00507925,6.58986,1.24579,14.0844,7.2163,1.99415,1.25935,0.947065,0,0,25.5013,0,0,0,0,0,0,0,0,0,0,0,0,0,0,0,

2021-02-12 11:24:05 - -----------------------------------------------------------------------------
2021-02-12 11:24:05 - Opening Project 'cz14\instance.cibd22'...
2021-02-12 11:24:06 -    Model load successful into CBECC-Com 2022.0.1 RV (1113)
2021-02-12 11:24:06 - Performing Building Database check...
2021-02-12 11:24:06 - Building Database check completed, no problems found.
2021-02-12 11:24:10 - Project Saved
