2020-11-04 21:40:54 - -----------------------------------------------------------------------------
2020-11-04 21:40:54 - Opening Project 'cz13\instance.cibd22'...
2020-11-04 21:40:55 -    Model load successful into CBECC-Com 2022.0.1 RV (1113)
2020-11-04 21:40:56 - Performing Building Database check...
2020-11-04 21:40:56 - Building Database check completed, no problems found.
2020-11-04 21:41:00 -   PerfAnal_NRes - starting, w/ arguments:
2020-11-04 21:41:00 -        BEMBasePathFile    = (null)
2020-11-04 21:41:00 -        RulesetPathFile    = (null)
2020-11-04 21:41:00 -        SimWeatherPath     = C:\Documents\CBECC-Com 2022 Data\EPW\
2020-11-04 21:41:00 -        CompMgrDLLPath     = (null)
2020-11-04 21:41:00 -        DHWWeatherPath     = (null)
2020-11-04 21:41:00 -        ProcessingPath     = C:\GitHub\T24-2022-CASE-Modeling\framework\analysis\env-res\runs\hr-winblend-4024-hp\cz13\instance - run\
2020-11-04 21:41:00 -        ModelPathFile      = C:\GitHub\T24-2022-CASE-Modeling\framework\analysis\env-res\runs\hr-winblend-4024-hp\cz13\instance.cibd22
2020-11-04 21:41:00 -        LogPathFile        = (null)
2020-11-04 21:41:00 -        UIVersionString    = CBECC-Com 2022.0.1 RV (1113)
2020-11-04 21:41:00 -        LoadModelFile      = false
2020-11-04 21:41:00 -        OptionsCSV         = AllowAnalysisAbort,0,AnalysisThruStep,8,ModelRpt_ALL,1,SimulationStorage,0,AnalysisStorage,0,ExportHourlyResults_All,1,PromptUserUMLHWarning,1,PreAnalysisCheckPromptOption,3,CompReportWarningOption,5,
2020-11-04 21:41:00 -        ErrorMsg           = (assumed to be initialized)
2020-11-04 21:41:00 -        ErrorMsgLen        = 2056
2020-11-04 21:41:00 -        DisplayProgress    = true
2020-11-04 21:41:00 -        ResultsSummary     = (empty)
2020-11-04 21:41:00 -        ResultsSummaryLen  = 3200
2020-11-04 21:41:00 -        pProgCallbackFunc  = (null)
2020-11-04 21:41:01 - Performing Building Database check...
2020-11-04 21:41:01 - Building Database check completed, no problems found.
2020-11-04 21:41:01 - Warning:  The following developer options must be defaulted (not specified by the user) in order to perform a valid compliance analysis:
          Proj 'High-Rise Mixed-Use (10-story)' DefaultDayltgCtrls
          Proj 'High-Rise Mixed-Use (10-story)' AutoHardSize
          Proj 'High-Rise Mixed-Use (10-story)' AutoEffInput
2020-11-04 21:41:01 -    1 file hash check(s) failed on executable and/or analysis support files (analysis continuing w/ report signature disabled)
2020-11-04 21:41:04 -   PerfAnal_NRes - AnalysisThruStep being set to #7 due to Proj:AnalysisType = Title24ProposedOnly
2020-11-04 21:41:04 - Performing Building Database check...
2020-11-04 21:41:04 - Building Database check completed, no problems found.
2020-11-04 21:41:04 - Warning:  The spaces assigned to thermal zone 'Thermal Zone: F1 Lounge' have cooling unmet load hour limits ranging from 150 to 8760. All spaces in the zone will be held to the minimum UMLH limit. evaluating rule: Set CHECKCODE ThrmlZn:ClgUMLHLimit  (60:'ThermalZone-General.rule' line 1738)
2020-11-04 21:41:04 - Warning:  The spaces assigned to thermal zone 'Thermal Zone: F1 Lounge' have heating unmet load hour limits ranging from 150 to 8760. All spaces in the zone will be held to the minimum UMLH limit. evaluating rule: Set CHECKCODE ThrmlZn:HtgUMLHLimit  (60:'ThermalZone-General.rule' line 1765)
2020-11-04 21:41:06 -   PerfAnal_NRes - Bypassing OpenStudio (and simulation) for zp model
2020-11-04 21:41:07 -   PerfAnal_NRes - Bypassing OpenStudio (and simulation) for zb model
2020-11-04 21:51:16 - Error:  Undefined data: numerator evaluating rule: Set ANNUAL_BASELINE Fan:FlowCap  (75:'HVACSecondary-Fan-General.rule' line 494)
2020-11-04 21:51:16 - Error:  Undefined data: numerator evaluating rule: Set ANNUAL_BASELINE Fan:FlowCap  (75:'HVACSecondary-Fan-General.rule' line 494)
2020-11-04 21:51:16 - Error:  Undefined data: numerator evaluating rule: Set ANNUAL_BASELINE Fan:FlowCap  (75:'HVACSecondary-Fan-General.rule' line 494)
2020-11-04 21:51:16 - Error:  Undefined data: numerator evaluating rule: Set ANNUAL_BASELINE Fan:FlowCap  (75:'HVACSecondary-Fan-General.rule' line 529)
2020-11-04 21:51:16 - Error:  Undefined data: numerator evaluating rule: Set ANNUAL_BASELINE Fan:FlowCap  (75:'HVACSecondary-Fan-General.rule' line 529)
2020-11-04 21:51:16 - Error:  Undefined data: numerator evaluating rule: Set ANNUAL_BASELINE Fan:FlowCap  (75:'HVACSecondary-Fan-General.rule' line 529)
2020-11-04 21:51:16 - Error:  Undefined data: numerator evaluating rule: Set ANNUAL_BASELINE Fan:FlowCap  (75:'HVACSecondary-Fan-General.rule' line 529)
2020-11-04 21:51:16 - Error:  Undefined data: numerator evaluating rule: Set ANNUAL_BASELINE Fan:FlowCap  (75:'HVACSecondary-Fan-General.rule' line 529)
2020-11-04 21:51:16 - Error:  Undefined data: numerator evaluating rule: Set ANNUAL_BASELINE Fan:FlowCap  (75:'HVACSecondary-Fan-General.rule' line 529)
2020-11-04 21:51:16 - Error:  Undefined data: numerator evaluating rule: Set ANNUAL_BASELINE Fan:FlowCap  (75:'HVACSecondary-Fan-General.rule' line 529)
2020-11-04 21:51:16 - Error:  Undefined data: numerator evaluating rule: Set ANNUAL_BASELINE Fan:FlowCap  (75:'HVACSecondary-Fan-General.rule' line 529)
2020-11-04 21:51:16 - Error:  Undefined data: numerator evaluating rule: Set ANNUAL_BASELINE Fan:FlowCap  (75:'HVACSecondary-Fan-General.rule' line 529)
2020-11-04 21:51:16 - Error:  Undefined data: numerator evaluating rule: Set ANNUAL_BASELINE Fan:FlowCap  (75:'HVACSecondary-Fan-General.rule' line 529)
2020-11-04 21:51:16 - Error:  Undefined data: numerator evaluating rule: Set ANNUAL_BASELINE Fan:FlowCap  (75:'HVACSecondary-Fan-General.rule' line 529)
2020-11-04 21:51:16 - Error:  Undefined data: numerator evaluating rule: Set ANNUAL_BASELINE Fan:FlowCap  (75:'HVACSecondary-Fan-General.rule' line 529)
2020-11-04 21:51:16 - Error:  Undefined data: numerator evaluating rule: Set ANNUAL_BASELINE Fan:FlowCap  (75:'HVACSecondary-Fan-General.rule' line 529)
2020-11-04 21:51:16 - Error:  Undefined data: numerator evaluating rule: Set ANNUAL_BASELINE Fan:FlowCap  (75:'HVACSecondary-Fan-General.rule' line 529)
2020-11-04 21:51:16 - Error:  Undefined data: numerator evaluating rule: Set ANNUAL_BASELINE Fan:FlowCap  (75:'HVACSecondary-Fan-General.rule' line 529)
2020-11-04 21:51:16 - Error:  Undefined data: numerator evaluating rule: Set ANNUAL_BASELINE Fan:FlowCap  (75:'HVACSecondary-Fan-General.rule' line 529)
2020-11-04 21:51:16 - Error:  Undefined data: numerator evaluating rule: Set ANNUAL_BASELINE Fan:FlowCap  (75:'HVACSecondary-Fan-General.rule' line 529)
2020-11-04 21:51:16 - Error:  Undefined data: numerator evaluating rule: Set ANNUAL_BASELINE Fan:FlowCap  (75:'HVACSecondary-Fan-General.rule' line 529)
2020-11-04 21:51:16 - Error:  Division by zero evaluating rule: Set ANNUAL_BASELINE ThrmlZn:PriAirCondgSysDsgnFlow  (76:'HVACSecondary-Fan-FanRatios.rule' line 67)
2020-11-04 21:51:16 - Error:  Division by zero evaluating rule: Set ANNUAL_BASELINE ThrmlZn:PriAirCondgSysDsgnFlow  (76:'HVACSecondary-Fan-FanRatios.rule' line 67)
2020-11-04 21:51:16 - Error:  Division by zero evaluating rule: Set ANNUAL_BASELINE ThrmlZn:PriAirCondgSysDsgnFlow  (76:'HVACSecondary-Fan-FanRatios.rule' line 67)
2020-11-04 21:51:16 - Error:  Division by zero evaluating rule: Set ANNUAL_BASELINE ThrmlZn:PriAirCondgSysDsgnFlow  (76:'HVACSecondary-Fan-FanRatios.rule' line 67)
2020-11-04 21:51:16 - Error:  Division by zero evaluating rule: Set ANNUAL_BASELINE ThrmlZn:PriAirCondgSysDsgnFlow  (76:'HVACSecondary-Fan-FanRatios.rule' line 67)
2020-11-04 21:51:16 - Error:  Division by zero evaluating rule: Set ANNUAL_BASELINE ThrmlZn:PriAirCondgSysDsgnFlow  (76:'HVACSecondary-Fan-FanRatios.rule' line 67)
2020-11-04 21:51:16 - Error:  Division by zero evaluating rule: Set ANNUAL_BASELINE ThrmlZn:PriAirCondgSysDsgnFlow  (76:'HVACSecondary-Fan-FanRatios.rule' line 67)
2020-11-04 21:51:16 - Error:  Division by zero evaluating rule: Set ANNUAL_BASELINE ThrmlZn:PriAirCondgSysDsgnFlow  (76:'HVACSecondary-Fan-FanRatios.rule' line 67)
2020-11-04 21:51:16 - Error:  Division by zero evaluating rule: Set ANNUAL_BASELINE ThrmlZn:PriAirCondgSysDsgnFlow  (76:'HVACSecondary-Fan-FanRatios.rule' line 67)
2020-11-04 21:51:16 - Error:  Division by zero evaluating rule: Set ANNUAL_BASELINE ThrmlZn:PriAirCondgSysDsgnFlow  (76:'HVACSecondary-Fan-FanRatios.rule' line 67)
2020-11-04 21:51:16 - Error:  Division by zero evaluating rule: Set ANNUAL_BASELINE ThrmlZn:PriAirCondgSysDsgnFlow  (76:'HVACSecondary-Fan-FanRatios.rule' line 67)
2020-11-04 21:51:16 - Error:  Division by zero evaluating rule: Set ANNUAL_BASELINE ThrmlZn:PriAirCondgSysDsgnFlow  (76:'HVACSecondary-Fan-FanRatios.rule' line 67)
2020-11-04 21:51:16 - Error:  Division by zero evaluating rule: Set ANNUAL_BASELINE ThrmlZn:VentSysDsgnFlow  (76:'HVACSecondary-Fan-FanRatios.rule' line 111)
2020-11-04 21:51:16 - Error:  Division by zero evaluating rule: Set ANNUAL_BASELINE ThrmlZn:VentSysDsgnFlow  (76:'HVACSecondary-Fan-FanRatios.rule' line 111)
2020-11-04 21:51:16 - Error:  Division by zero evaluating rule: Set ANNUAL_BASELINE ThrmlZn:VentSysDsgnFlow  (76:'HVACSecondary-Fan-FanRatios.rule' line 111)
2020-11-04 21:51:16 - Error:  Division by zero evaluating rule: Set ANNUAL_BASELINE ThrmlZn:VentSysDsgnFlow  (76:'HVACSecondary-Fan-FanRatios.rule' line 111)
2020-11-04 21:51:16 - Error:  Division by zero evaluating rule: Set ANNUAL_BASELINE ThrmlZn:VentSysDsgnFlow  (76:'HVACSecondary-Fan-FanRatios.rule' line 111)
2020-11-04 21:51:16 - Error:  Division by zero evaluating rule: Set ANNUAL_BASELINE ThrmlZn:VentSysDsgnFlow  (76:'HVACSecondary-Fan-FanRatios.rule' line 111)
2020-11-04 21:51:16 - Error:  Division by zero evaluating rule: Set ANNUAL_BASELINE ThrmlZn:VentSysDsgnFlow  (76:'HVACSecondary-Fan-FanRatios.rule' line 111)
2020-11-04 21:51:16 - Error:  Division by zero evaluating rule: Set ANNUAL_BASELINE ThrmlZn:VentSysDsgnFlow  (76:'HVACSecondary-Fan-FanRatios.rule' line 111)
2020-11-04 21:51:16 - Error:  Division by zero evaluating rule: Set ANNUAL_BASELINE ThrmlZn:VentSysDsgnFlow  (76:'HVACSecondary-Fan-FanRatios.rule' line 111)
2020-11-04 21:51:16 - Error:  Division by zero evaluating rule: Set ANNUAL_BASELINE ThrmlZn:VentSysDsgnFlow  (76:'HVACSecondary-Fan-FanRatios.rule' line 111)
2020-11-04 21:51:16 - Error:  Division by zero evaluating rule: Set ANNUAL_BASELINE ThrmlZn:VentSysDsgnFlow  (76:'HVACSecondary-Fan-FanRatios.rule' line 111)
2020-11-04 21:51:16 - Error:  Division by zero evaluating rule: Set ANNUAL_BASELINE ThrmlZn:VentSysDsgnFlow  (76:'HVACSecondary-Fan-FanRatios.rule' line 111)
2020-11-04 21:51:17 -   PerfAnal_NRes - Bypassing OpenStudio (and simulation) for ab model
2020-11-04 21:51:17 -   PerfAnal_NRes - Completed analysis steps thru #7
2020-11-04 21:51:17 - Analysis incomplete  Processing time:  Overall 10:17 / SDD2IDF x2 avg 0:08 / SizSim x0 0:00 / AnnSim x2 avg 4:48 / ReportGen x0 0:00 / Other 0:21
2020-11-04 21:51:17 -       ResultsSummary population:  bAbort = (false) / RuleProcAbort = (false) / iRetVal = 0 / pszResultsSummary = (empty) / iResultsSummaryLen = 3200
2020-11-04 21:51:17 -       ResultsSummary components1:  2020-11-04 21:51:17 / instance / High-Rise Mixed-Use (10-story) / CTZ13S22A / Title24ProposedOnly / 10:17 /  / 
2020-11-04 21:51:17 -       ResultsSummary components2:  CBECC-Com 2022.0.1 RV (1113) / BEMCmpMgr 2022.0.1 RV (6107) / CA 2022 Nonresidential, Vers. 1.0 Alpha /  /  / - / C:\Documents\CBECC-Com 2022 Data\EPW\ / C:\GitHub\T24-2022-CASE-Modeling\framework\analysis\env-res\runs\hr-winblend-4024-hp\cz13\
2020-11-04 21:51:17 -       ResultsSummary:  2020-11-04 21:51:17,"instance","High-Rise Mixed-Use (10-story)","CTZ13S22A","Pol  0% RetAdd NoLeak",125400,150480,"Title24ProposedOnly",10:17,,,"--","--","Successful (259 warnings)",30910.9,129476,69246.8,221.079,4775.89,1088.9,52184.6,287905,274496,19205.8,47456.3,6890.07,0,0,635953,1017.87,0,0,0,0,7082.35,0,8100.22,1576.89,2595.88,0,0,12273,0,0,0,0,0,0,0,0,0,0,0,0,0,9.79978,39.6557,16.7632,0.0975506,1.07448,13.9152,11.1652,92.4711,64.8809,9.35761,11.2213,1.52103,0,0,179.452,155.671,23.781,0,0,,0,23,"Thermal Zone: F10 2-Bed NE",0,"--","--","",0,0,0,0,0,0,0,0,0,0,0,0,0,0,0,0,0,0,0,0,0,0,0,0,0,0,0,0,0,0,0,0,0,0,0,0,0,0,0,0,0,0,0,0,0,0,0,0,0,0,0,0,0,0,0,0,0,0,0,,,,,,,3.02817e-06,52.5871,13.9588,0.0904804,1.27119,0.124303,8.98287,77.0147,43.2848,2.98676,9.36022,0.786538,0,0,133.433,0,0,0,0,0,0,0,0,0,0,0,0,0,0,0,"CBECC-Com 2022.0.1 RV (1113)","BEMCmpMgr 2022.0.1 RV (6107)","CA 2022 Nonresidential, Vers. 1.0 Alpha","","","-","C:\Documents\CBECC-Com 2022 Data\EPW\","C:\GitHub\T24-2022-CASE-Modeling\framework\analysis\env-res\runs\hr-winblend-4024-hp\cz13\",6.80055,15.6808,10.0474,0.023157,0.47689,0.178109,5.75312,38.96,42.6316,3.29781,8.50114,1.127,0,0,94.52,0.488056,0,0,0,0,3.39589,0,3.89,0.756098,1.24469,0,0,5.89,0,0,0,0,0,0,0,0,0,0,0,0,0,0,0,0,0,0,0,0,0,0,0,0,0,0,0,0,1.77754,2.35557,1.50933,0.00347864,0.0716386,5.28672,0.864236,11.8685,7.57526,2.42333,1.27704,0.169298,0,0,23.3134,0,0,0,0,0,0,0,0,0,0,0,0,0,0,0,

2020-11-04 21:51:22 - -----------------------------------------------------------------------------
2020-11-04 21:51:22 - Opening Project 'cz13\instance.cibd22'...
2020-11-04 21:51:23 -    Model load successful into CBECC-Com 2022.0.1 RV (1113)
2020-11-04 21:51:23 - Performing Building Database check...
2020-11-04 21:51:23 - Building Database check completed, no problems found.
2020-11-04 21:51:27 - Error writing enumeration property for Mat 'MetalFrameWall16inOC R21.00', property CavityInsOpt (previously 'R-21' (?))
2020-11-04 21:51:27 - Project Saved
