2020-03-27 19:04:34 - -----------------------------------------------------------------------------
2020-03-27 19:04:34 - Opening Project 'cz03\instance.cibd22'...
2020-03-27 19:04:35 - Error:  Multiple referenced objects found with the same name:  | Compliance Insulation R6.00| Compliance Insulation R1.00
2020-03-27 19:04:35 -    Model load successful into CBECC-Com 2022.0.1 RV (1113)
2020-03-27 19:04:35 - Performing Building Database check...
2020-03-27 19:04:35 - Building Database check completed, no problems found.
2020-03-27 19:34:31 - -----------------------------------------------------------------------------
2020-03-27 19:34:31 - Opening Project 'cz03\instance.cibd22'...
2020-03-27 19:34:32 - Error:  Multiple referenced objects found with the same name:  | Compliance Insulation R1.00
2020-03-27 19:34:32 -    Model load successful into CBECC-Com 2022.0.1 RV (1113)
2020-03-27 19:34:32 - Performing Building Database check...
2020-03-27 19:34:32 - Building Database check completed, no problems found.
2020-03-27 19:34:39 -   PerfAnal_NRes - starting, w/ arguments:
2020-03-27 19:34:39 -        BEMBasePathFile    = (null)
2020-03-27 19:34:39 -        RulesetPathFile    = (null)
2020-03-27 19:34:39 -        SimWeatherPath     = C:\Users\ndperry\Documents\CBECC-Com 2022 Data\EPW\
2020-03-27 19:34:39 -        CompMgrDLLPath     = (null)
2020-03-27 19:34:39 -        DHWWeatherPath     = (null)
2020-03-27 19:34:39 -        ProcessingPath     = C:\Users\ndperry\Documents\GitHub\T24-2022-CASE-Modeling\framework\analysis\hpte\runs\mumr-roof-comb\cz03\instance - run\
2020-03-27 19:34:39 -        ModelPathFile      = C:\Users\ndperry\Documents\GitHub\T24-2022-CASE-Modeling\framework\analysis\hpte\runs\mumr-roof-comb\cz03\instance.cibd22
2020-03-27 19:34:39 -        LogPathFile        = (null)
2020-03-27 19:34:39 -        UIVersionString    = CBECC-Com 2022.0.1 RV (1113)
2020-03-27 19:34:39 -        LoadModelFile      = false
2020-03-27 19:34:39 -        OptionsCSV         = AllowAnalysisAbort,0,StoreBEMDetails,1,AnalysisThruStep,8,ModelRpt_ALL,1,ExportHourlyResults_All,1,PromptUserUMLHWarning,1,PreAnalysisCheckPromptOption,3,CompReportWarningOption,5,
2020-03-27 19:34:39 -        ErrorMsg           = (assumed to be initialized)
2020-03-27 19:34:39 -        ErrorMsgLen        = 2056
2020-03-27 19:34:39 -        DisplayProgress    = true
2020-03-27 19:34:39 -        ResultsSummary     = (empty)
2020-03-27 19:34:39 -        ResultsSummaryLen  = 3200
2020-03-27 19:34:39 -        pProgCallbackFunc  = (null)
2020-03-27 19:34:40 - Error:  Multiple referenced objects found with the same name:  | Compliance Insulation R1.00 |
2020-03-27 19:34:40 - Error:  Multiple referenced objects found with the same name:  | Compliance Insulation R1.00 |
2020-03-27 19:34:40 - Analysis aborted  Processing time:  Overall 0:01 / SDD2IDF x0 0:00 / SizSim x0 0:00 / AnnSim x0 0:00 / ReportGen x0 0:00 / Other 0:01
2020-03-27 19:34:40 -       ResultsSummary population:  bAbort = (true) / RuleProcAbort = (false) / iRetVal = 53 / pszResultsSummary = (empty) / iResultsSummaryLen = 3200
2020-03-27 19:34:40 - Error:  Multiple referenced objects found with the same name:  | Compliance Insulation R1.00 |
2020-03-27 19:34:42 - -----------------------------------------------------------------------------
2020-03-27 19:34:42 - Opening Project 'cz03\instance.cibd22'...
2020-03-27 19:34:44 - Error:  Multiple referenced objects found with the same name:  | Compliance Insulation R1.00
2020-03-27 19:34:44 -    Model load successful into CBECC-Com 2022.0.1 RV (1113)
2020-03-27 19:34:44 - Performing Building Database check...
2020-03-27 19:34:44 - Building Database check completed, no problems found.
2020-03-27 19:34:47 - Error:  Multiple referenced objects found with the same name:  | Compliance Insulation R1.00
2020-03-27 19:34:47 - Project Saved
