2020-11-04 21:34:53 - -----------------------------------------------------------------------------
2020-11-04 21:34:53 - Opening Project 'cz11\instance.cibd22'...
2020-11-04 21:34:54 -    Model load successful into CBECC-Com 2022.0.1 RV (1113)
2020-11-04 21:34:55 - Performing Building Database check...
2020-11-04 21:34:55 - Building Database check completed, no problems found.
2020-11-04 21:34:59 -   PerfAnal_NRes - starting, w/ arguments:
2020-11-04 21:34:59 -        BEMBasePathFile    = (null)
2020-11-04 21:34:59 -        RulesetPathFile    = (null)
2020-11-04 21:34:59 -        SimWeatherPath     = C:\Documents\CBECC-Com 2022 Data\EPW\
2020-11-04 21:34:59 -        CompMgrDLLPath     = (null)
2020-11-04 21:34:59 -        DHWWeatherPath     = (null)
2020-11-04 21:34:59 -        ProcessingPath     = C:\GitHub\T24-2022-CASE-Modeling\framework\analysis\env-res\runs\hr-winblend-4024-hp\cz11\instance - run\
2020-11-04 21:34:59 -        ModelPathFile      = C:\GitHub\T24-2022-CASE-Modeling\framework\analysis\env-res\runs\hr-winblend-4024-hp\cz11\instance.cibd22
2020-11-04 21:34:59 -        LogPathFile        = (null)
2020-11-04 21:34:59 -        UIVersionString    = CBECC-Com 2022.0.1 RV (1113)
2020-11-04 21:34:59 -        LoadModelFile      = false
2020-11-04 21:34:59 -        OptionsCSV         = AllowAnalysisAbort,0,AnalysisThruStep,8,ModelRpt_ALL,1,SimulationStorage,0,AnalysisStorage,0,ExportHourlyResults_All,1,PromptUserUMLHWarning,1,PreAnalysisCheckPromptOption,3,CompReportWarningOption,5,
2020-11-04 21:34:59 -        ErrorMsg           = (assumed to be initialized)
2020-11-04 21:34:59 -        ErrorMsgLen        = 2056
2020-11-04 21:34:59 -        DisplayProgress    = true
2020-11-04 21:34:59 -        ResultsSummary     = (empty)
2020-11-04 21:34:59 -        ResultsSummaryLen  = 3200
2020-11-04 21:34:59 -        pProgCallbackFunc  = (null)
2020-11-04 21:35:00 - Performing Building Database check...
2020-11-04 21:35:00 - Building Database check completed, no problems found.
2020-11-04 21:35:00 - Warning:  The following developer options must be defaulted (not specified by the user) in order to perform a valid compliance analysis:
          Proj 'High-Rise Mixed-Use (10-story)' DefaultDayltgCtrls
          Proj 'High-Rise Mixed-Use (10-story)' AutoHardSize
          Proj 'High-Rise Mixed-Use (10-story)' AutoEffInput
2020-11-04 21:35:00 -    1 file hash check(s) failed on executable and/or analysis support files (analysis continuing w/ report signature disabled)
2020-11-04 21:35:03 -   PerfAnal_NRes - AnalysisThruStep being set to #7 due to Proj:AnalysisType = Title24ProposedOnly
2020-11-04 21:35:03 - Performing Building Database check...
2020-11-04 21:35:03 - Building Database check completed, no problems found.
2020-11-04 21:35:03 - Warning:  The spaces assigned to thermal zone 'Thermal Zone: F1 Lounge' have cooling unmet load hour limits ranging from 150 to 8760. All spaces in the zone will be held to the minimum UMLH limit. evaluating rule: Set CHECKCODE ThrmlZn:ClgUMLHLimit  (60:'ThermalZone-General.rule' line 1738)
2020-11-04 21:35:03 - Warning:  The spaces assigned to thermal zone 'Thermal Zone: F1 Lounge' have heating unmet load hour limits ranging from 150 to 8760. All spaces in the zone will be held to the minimum UMLH limit. evaluating rule: Set CHECKCODE ThrmlZn:HtgUMLHLimit  (60:'ThermalZone-General.rule' line 1765)
2020-11-04 21:35:05 -   PerfAnal_NRes - Bypassing OpenStudio (and simulation) for zp model
2020-11-04 21:35:06 -   PerfAnal_NRes - Bypassing OpenStudio (and simulation) for zb model
2020-11-04 21:44:07 - Error:  Undefined data: numerator evaluating rule: Set ANNUAL_BASELINE Fan:FlowCap  (75:'HVACSecondary-Fan-General.rule' line 494)
2020-11-04 21:44:07 - Error:  Undefined data: numerator evaluating rule: Set ANNUAL_BASELINE Fan:FlowCap  (75:'HVACSecondary-Fan-General.rule' line 494)
2020-11-04 21:44:07 - Error:  Undefined data: numerator evaluating rule: Set ANNUAL_BASELINE Fan:FlowCap  (75:'HVACSecondary-Fan-General.rule' line 494)
2020-11-04 21:44:07 - Error:  Undefined data: numerator evaluating rule: Set ANNUAL_BASELINE Fan:FlowCap  (75:'HVACSecondary-Fan-General.rule' line 529)
2020-11-04 21:44:07 - Error:  Undefined data: numerator evaluating rule: Set ANNUAL_BASELINE Fan:FlowCap  (75:'HVACSecondary-Fan-General.rule' line 529)
2020-11-04 21:44:07 - Error:  Undefined data: numerator evaluating rule: Set ANNUAL_BASELINE Fan:FlowCap  (75:'HVACSecondary-Fan-General.rule' line 529)
2020-11-04 21:44:07 - Error:  Undefined data: numerator evaluating rule: Set ANNUAL_BASELINE Fan:FlowCap  (75:'HVACSecondary-Fan-General.rule' line 529)
2020-11-04 21:44:07 - Error:  Undefined data: numerator evaluating rule: Set ANNUAL_BASELINE Fan:FlowCap  (75:'HVACSecondary-Fan-General.rule' line 529)
2020-11-04 21:44:07 - Error:  Undefined data: numerator evaluating rule: Set ANNUAL_BASELINE Fan:FlowCap  (75:'HVACSecondary-Fan-General.rule' line 529)
2020-11-04 21:44:07 - Error:  Undefined data: numerator evaluating rule: Set ANNUAL_BASELINE Fan:FlowCap  (75:'HVACSecondary-Fan-General.rule' line 529)
2020-11-04 21:44:07 - Error:  Undefined data: numerator evaluating rule: Set ANNUAL_BASELINE Fan:FlowCap  (75:'HVACSecondary-Fan-General.rule' line 529)
2020-11-04 21:44:07 - Error:  Undefined data: numerator evaluating rule: Set ANNUAL_BASELINE Fan:FlowCap  (75:'HVACSecondary-Fan-General.rule' line 529)
2020-11-04 21:44:07 - Error:  Undefined data: numerator evaluating rule: Set ANNUAL_BASELINE Fan:FlowCap  (75:'HVACSecondary-Fan-General.rule' line 529)
2020-11-04 21:44:07 - Error:  Undefined data: numerator evaluating rule: Set ANNUAL_BASELINE Fan:FlowCap  (75:'HVACSecondary-Fan-General.rule' line 529)
2020-11-04 21:44:07 - Error:  Undefined data: numerator evaluating rule: Set ANNUAL_BASELINE Fan:FlowCap  (75:'HVACSecondary-Fan-General.rule' line 529)
2020-11-04 21:44:07 - Error:  Undefined data: numerator evaluating rule: Set ANNUAL_BASELINE Fan:FlowCap  (75:'HVACSecondary-Fan-General.rule' line 529)
2020-11-04 21:44:07 - Error:  Undefined data: numerator evaluating rule: Set ANNUAL_BASELINE Fan:FlowCap  (75:'HVACSecondary-Fan-General.rule' line 529)
2020-11-04 21:44:07 - Error:  Undefined data: numerator evaluating rule: Set ANNUAL_BASELINE Fan:FlowCap  (75:'HVACSecondary-Fan-General.rule' line 529)
2020-11-04 21:44:07 - Error:  Undefined data: numerator evaluating rule: Set ANNUAL_BASELINE Fan:FlowCap  (75:'HVACSecondary-Fan-General.rule' line 529)
2020-11-04 21:44:07 - Error:  Undefined data: numerator evaluating rule: Set ANNUAL_BASELINE Fan:FlowCap  (75:'HVACSecondary-Fan-General.rule' line 529)
2020-11-04 21:44:07 - Error:  Undefined data: numerator evaluating rule: Set ANNUAL_BASELINE Fan:FlowCap  (75:'HVACSecondary-Fan-General.rule' line 529)
2020-11-04 21:44:07 - Error:  Division by zero evaluating rule: Set ANNUAL_BASELINE ThrmlZn:PriAirCondgSysDsgnFlow  (76:'HVACSecondary-Fan-FanRatios.rule' line 67)
2020-11-04 21:44:07 - Error:  Division by zero evaluating rule: Set ANNUAL_BASELINE ThrmlZn:PriAirCondgSysDsgnFlow  (76:'HVACSecondary-Fan-FanRatios.rule' line 67)
2020-11-04 21:44:07 - Error:  Division by zero evaluating rule: Set ANNUAL_BASELINE ThrmlZn:PriAirCondgSysDsgnFlow  (76:'HVACSecondary-Fan-FanRatios.rule' line 67)
2020-11-04 21:44:07 - Error:  Division by zero evaluating rule: Set ANNUAL_BASELINE ThrmlZn:PriAirCondgSysDsgnFlow  (76:'HVACSecondary-Fan-FanRatios.rule' line 67)
2020-11-04 21:44:07 - Error:  Division by zero evaluating rule: Set ANNUAL_BASELINE ThrmlZn:PriAirCondgSysDsgnFlow  (76:'HVACSecondary-Fan-FanRatios.rule' line 67)
2020-11-04 21:44:07 - Error:  Division by zero evaluating rule: Set ANNUAL_BASELINE ThrmlZn:PriAirCondgSysDsgnFlow  (76:'HVACSecondary-Fan-FanRatios.rule' line 67)
2020-11-04 21:44:07 - Error:  Division by zero evaluating rule: Set ANNUAL_BASELINE ThrmlZn:PriAirCondgSysDsgnFlow  (76:'HVACSecondary-Fan-FanRatios.rule' line 67)
2020-11-04 21:44:07 - Error:  Division by zero evaluating rule: Set ANNUAL_BASELINE ThrmlZn:PriAirCondgSysDsgnFlow  (76:'HVACSecondary-Fan-FanRatios.rule' line 67)
2020-11-04 21:44:07 - Error:  Division by zero evaluating rule: Set ANNUAL_BASELINE ThrmlZn:PriAirCondgSysDsgnFlow  (76:'HVACSecondary-Fan-FanRatios.rule' line 67)
2020-11-04 21:44:07 - Error:  Division by zero evaluating rule: Set ANNUAL_BASELINE ThrmlZn:PriAirCondgSysDsgnFlow  (76:'HVACSecondary-Fan-FanRatios.rule' line 67)
2020-11-04 21:44:07 - Error:  Division by zero evaluating rule: Set ANNUAL_BASELINE ThrmlZn:PriAirCondgSysDsgnFlow  (76:'HVACSecondary-Fan-FanRatios.rule' line 67)
2020-11-04 21:44:07 - Error:  Division by zero evaluating rule: Set ANNUAL_BASELINE ThrmlZn:PriAirCondgSysDsgnFlow  (76:'HVACSecondary-Fan-FanRatios.rule' line 67)
2020-11-04 21:44:07 - Error:  Division by zero evaluating rule: Set ANNUAL_BASELINE ThrmlZn:VentSysDsgnFlow  (76:'HVACSecondary-Fan-FanRatios.rule' line 111)
2020-11-04 21:44:07 - Error:  Division by zero evaluating rule: Set ANNUAL_BASELINE ThrmlZn:VentSysDsgnFlow  (76:'HVACSecondary-Fan-FanRatios.rule' line 111)
2020-11-04 21:44:07 - Error:  Division by zero evaluating rule: Set ANNUAL_BASELINE ThrmlZn:VentSysDsgnFlow  (76:'HVACSecondary-Fan-FanRatios.rule' line 111)
2020-11-04 21:44:07 - Error:  Division by zero evaluating rule: Set ANNUAL_BASELINE ThrmlZn:VentSysDsgnFlow  (76:'HVACSecondary-Fan-FanRatios.rule' line 111)
2020-11-04 21:44:07 - Error:  Division by zero evaluating rule: Set ANNUAL_BASELINE ThrmlZn:VentSysDsgnFlow  (76:'HVACSecondary-Fan-FanRatios.rule' line 111)
2020-11-04 21:44:07 - Error:  Division by zero evaluating rule: Set ANNUAL_BASELINE ThrmlZn:VentSysDsgnFlow  (76:'HVACSecondary-Fan-FanRatios.rule' line 111)
2020-11-04 21:44:07 - Error:  Division by zero evaluating rule: Set ANNUAL_BASELINE ThrmlZn:VentSysDsgnFlow  (76:'HVACSecondary-Fan-FanRatios.rule' line 111)
2020-11-04 21:44:07 - Error:  Division by zero evaluating rule: Set ANNUAL_BASELINE ThrmlZn:VentSysDsgnFlow  (76:'HVACSecondary-Fan-FanRatios.rule' line 111)
2020-11-04 21:44:07 - Error:  Division by zero evaluating rule: Set ANNUAL_BASELINE ThrmlZn:VentSysDsgnFlow  (76:'HVACSecondary-Fan-FanRatios.rule' line 111)
2020-11-04 21:44:07 - Error:  Division by zero evaluating rule: Set ANNUAL_BASELINE ThrmlZn:VentSysDsgnFlow  (76:'HVACSecondary-Fan-FanRatios.rule' line 111)
2020-11-04 21:44:07 - Error:  Division by zero evaluating rule: Set ANNUAL_BASELINE ThrmlZn:VentSysDsgnFlow  (76:'HVACSecondary-Fan-FanRatios.rule' line 111)
2020-11-04 21:44:07 - Error:  Division by zero evaluating rule: Set ANNUAL_BASELINE ThrmlZn:VentSysDsgnFlow  (76:'HVACSecondary-Fan-FanRatios.rule' line 111)
2020-11-04 21:44:08 -   PerfAnal_NRes - Bypassing OpenStudio (and simulation) for ab model
2020-11-04 21:44:08 -   PerfAnal_NRes - Completed analysis steps thru #7
2020-11-04 21:44:08 - Analysis incomplete  Processing time:  Overall 9:08 / SDD2IDF x2 avg 0:08 / SizSim x0 0:00 / AnnSim x2 avg 4:14 / ReportGen x0 0:00 / Other 0:21
2020-11-04 21:44:08 -       ResultsSummary population:  bAbort = (false) / RuleProcAbort = (false) / iRetVal = 0 / pszResultsSummary = (empty) / iResultsSummaryLen = 3200
2020-11-04 21:44:08 -       ResultsSummary components1:  2020-11-04 21:44:08 / instance / High-Rise Mixed-Use (10-story) / CTZ11S22A / Title24ProposedOnly / 9:08 /  / 
2020-11-04 21:44:08 -       ResultsSummary components2:  CBECC-Com 2022.0.1 RV (1113) / BEMCmpMgr 2022.0.1 RV (6107) / CA 2022 Nonresidential, Vers. 1.0 Alpha /  /  / - / C:\Documents\CBECC-Com 2022 Data\EPW\ / C:\GitHub\T24-2022-CASE-Modeling\framework\analysis\env-res\runs\hr-winblend-4024-hp\cz11\
2020-11-04 21:44:08 -       ResultsSummary:  2020-11-04 21:44:08,"instance","High-Rise Mixed-Use (10-story)","CTZ11S22A","Pol  0% RetAdd NoLeak",125400,150480,"Title24ProposedOnly",9:08,,,"--","--","Successful (259 warnings)",45101.3,114565,68762.4,198.506,4526.32,1088.9,52164.4,286407,274496,19205.8,47456.3,6890.07,0,0,634455,1187.95,0,0,0,0,7319.65,0,8507.6,1576.89,2595.88,0,0,12680.4,0,0,0,0,0,0,0,0,0,0,0,0,0,12.997,36.1522,16.685,0.073404,1.01509,14.366,11.0922,92.3809,64.9289,9.37129,11.2965,1.52452,0,0,179.502,154.921,24.5815,0,0,,0,30.25,"Thermal Zone: F10 2-Bed NE",0,"--","--","",0,0,0,0,0,0,0,0,0,0,0,0,0,0,0,0,0,0,0,0,0,0,0,0,0,0,0,0,0,0,0,0,0,0,0,0,0,0,0,0,0,0,0,0,0,0,0,0,0,0,0,0,0,0,0,0,0,0,0,,,,,,,3.10762e-06,51.3114,14.0908,0.109982,1.281,0.124303,8.93596,75.8534,43.2848,2.98676,9.36022,0.786538,0,0,132.272,0,0,0,0,0,0,0,0,0,0,0,0,0,0,0,"CBECC-Com 2022.0.1 RV (1113)","BEMCmpMgr 2022.0.1 RV (6107)","CA 2022 Nonresidential, Vers. 1.0 Alpha","","","-","C:\Documents\CBECC-Com 2022 Data\EPW\","C:\GitHub\T24-2022-CASE-Modeling\framework\analysis\env-res\runs\hr-winblend-4024-hp\cz11\",9.82693,13.7909,10.1506,0.021763,0.442199,0.178109,5.74967,40.16,42.6316,3.29781,8.50114,1.127,0,0,95.72,0.569604,0,0,0,0,3.50967,0,4.08,0.756098,1.24469,0,0,6.08,0,0,0,0,0,0,0,0,0,0,0,0,0,0,0,0,0,0,0,0,0,0,0,0,0,0,0,0,2.35847,2.07167,1.52482,0.00326926,0.0664272,5.46296,0.863717,12.3513,7.57526,2.42333,1.27704,0.169298,0,0,23.7963,0,0,0,0,0,0,0,0,0,0,0,0,0,0,0,

2020-11-04 21:44:13 - -----------------------------------------------------------------------------
2020-11-04 21:44:13 - Opening Project 'cz11\instance.cibd22'...
2020-11-04 21:44:14 -    Model load successful into CBECC-Com 2022.0.1 RV (1113)
2020-11-04 21:44:14 - Performing Building Database check...
2020-11-04 21:44:14 - Building Database check completed, no problems found.
2020-11-04 21:44:17 - Error writing enumeration property for Mat 'MetalFrameWall16inOC R21.00', property CavityInsOpt (previously 'R-21' (?))
2020-11-04 21:44:17 - Project Saved
