2020-03-26 20:01:15 - -----------------------------------------------------------------------------
2020-03-26 20:01:15 - Opening Project 'cz10\instance.cibd22'...
2020-03-26 20:01:15 -    Model load successful into CBECC-Com 2022.0.1 RV (1113)
2020-03-26 20:01:16 - Performing Building Database check...
2020-03-26 20:01:16 - Building Database check completed, no problems found.
2020-03-26 20:01:19 -   PerfAnal_NRes - starting, w/ arguments:
2020-03-26 20:01:19 -        BEMBasePathFile    = (null)
2020-03-26 20:01:19 -        RulesetPathFile    = (null)
2020-03-26 20:01:19 -        SimWeatherPath     = C:\Users\agoyal\Documents\CBECC-Com 2022 Data\EPW\
2020-03-26 20:01:19 -        CompMgrDLLPath     = (null)
2020-03-26 20:01:19 -        DHWWeatherPath     = (null)
2020-03-26 20:01:19 -        ProcessingPath     = C:\Users\agoyal\Documents\GitHub\T24-2022-CASE-Modeling\framework\analysis\hpte\runs\hr-base\cz10\instance - run\
2020-03-26 20:01:19 -        ModelPathFile      = C:\Users\agoyal\Documents\GitHub\T24-2022-CASE-Modeling\framework\analysis\hpte\runs\hr-base\cz10\instance.cibd22
2020-03-26 20:01:19 -        LogPathFile        = (null)
2020-03-26 20:01:19 -        UIVersionString    = CBECC-Com 2022.0.1 RV (1113)
2020-03-26 20:01:19 -        LoadModelFile      = false
2020-03-26 20:01:19 -        OptionsCSV         = AllowAnalysisAbort,0,StoreBEMDetails,1,AnalysisThruStep,8,ModelRpt_ALL,1,ExportHourlyResults_All,1,PromptUserUMLHWarning,1,PreAnalysisCheckPromptOption,3,CompReportWarningOption,5,
2020-03-26 20:01:19 -        ErrorMsg           = (assumed to be initialized)
2020-03-26 20:01:19 -        ErrorMsgLen        = 2056
2020-03-26 20:01:19 -        DisplayProgress    = true
2020-03-26 20:01:19 -        ResultsSummary     = (empty)
2020-03-26 20:01:19 -        ResultsSummaryLen  = 3200
2020-03-26 20:01:19 -        pProgCallbackFunc  = (null)
2020-03-26 20:01:19 - Performing Building Database check...
2020-03-26 20:01:19 - Building Database check completed, no problems found.
2020-03-26 20:01:19 - Warning:  The following developer options must be defaulted (not specified by the user) in order to perform a valid compliance analysis:
          Proj 'High-Rise Mixed-Use (10-story)' DefaultDayltgCtrls
          Proj 'High-Rise Mixed-Use (10-story)' AutoHardSize
          Proj 'High-Rise Mixed-Use (10-story)' AutoEffInput
2020-03-26 20:01:20 -    1 file hash check(s) failed on executable and/or analysis support files (analysis continuing w/ report signature disabled)
2020-03-26 20:01:21 -   PerfAnal_NRes - AnalysisThruStep being set to #7 due to Proj:AnalysisType = Title24ProposedOnly
2020-03-26 20:01:21 - Performing Building Database check...
2020-03-26 20:01:21 - Building Database check completed, no problems found.
2020-03-26 20:01:21 - Warning:  The spaces assigned to thermal zone 'Thermal Zone: F1 Lounge' have cooling unmet load hour limits ranging from 150 to 8760. All spaces in the zone will be held to the minimum UMLH limit. evaluating rule: Set CHECKCODE ThrmlZn:ClgUMLHLimit  (60:'ThermalZone-General.rule' line 1738)
2020-03-26 20:01:21 - Warning:  The spaces assigned to thermal zone 'Thermal Zone: F1 Lounge' have heating unmet load hour limits ranging from 150 to 8760. All spaces in the zone will be held to the minimum UMLH limit. evaluating rule: Set CHECKCODE ThrmlZn:HtgUMLHLimit  (60:'ThermalZone-General.rule' line 1765)
2020-03-26 20:01:25 -   PerfAnal_NRes - Bypassing OpenStudio (and simulation) for zp model
2020-03-26 20:01:27 -   PerfAnal_NRes - Bypassing OpenStudio (and simulation) for zb model
2020-03-26 20:06:22 - Error:  Undefined data: numerator evaluating rule: Set ANNUAL_BASELINE Fan:FlowCap  (75:'HVACSecondary-Fan-General.rule' line 494)
2020-03-26 20:06:22 - Error:  Undefined data: numerator evaluating rule: Set ANNUAL_BASELINE Fan:FlowCap  (75:'HVACSecondary-Fan-General.rule' line 494)
2020-03-26 20:06:22 - Error:  Undefined data: numerator evaluating rule: Set ANNUAL_BASELINE Fan:FlowCap  (75:'HVACSecondary-Fan-General.rule' line 494)
2020-03-26 20:06:22 - Error:  Undefined data: numerator evaluating rule: Set ANNUAL_BASELINE Fan:FlowCap  (75:'HVACSecondary-Fan-General.rule' line 529)
2020-03-26 20:06:22 - Error:  Undefined data: numerator evaluating rule: Set ANNUAL_BASELINE Fan:FlowCap  (75:'HVACSecondary-Fan-General.rule' line 529)
2020-03-26 20:06:22 - Error:  Undefined data: numerator evaluating rule: Set ANNUAL_BASELINE Fan:FlowCap  (75:'HVACSecondary-Fan-General.rule' line 529)
2020-03-26 20:06:22 - Error:  Undefined data: numerator evaluating rule: Set ANNUAL_BASELINE Fan:FlowCap  (75:'HVACSecondary-Fan-General.rule' line 529)
2020-03-26 20:06:22 - Error:  Undefined data: numerator evaluating rule: Set ANNUAL_BASELINE Fan:FlowCap  (75:'HVACSecondary-Fan-General.rule' line 529)
2020-03-26 20:06:22 - Error:  Undefined data: numerator evaluating rule: Set ANNUAL_BASELINE Fan:FlowCap  (75:'HVACSecondary-Fan-General.rule' line 529)
2020-03-26 20:06:22 - Error:  Undefined data: numerator evaluating rule: Set ANNUAL_BASELINE Fan:FlowCap  (75:'HVACSecondary-Fan-General.rule' line 529)
2020-03-26 20:06:22 - Error:  Undefined data: numerator evaluating rule: Set ANNUAL_BASELINE Fan:FlowCap  (75:'HVACSecondary-Fan-General.rule' line 529)
2020-03-26 20:06:22 - Error:  Undefined data: numerator evaluating rule: Set ANNUAL_BASELINE Fan:FlowCap  (75:'HVACSecondary-Fan-General.rule' line 529)
2020-03-26 20:06:22 - Error:  Undefined data: numerator evaluating rule: Set ANNUAL_BASELINE Fan:FlowCap  (75:'HVACSecondary-Fan-General.rule' line 529)
2020-03-26 20:06:22 - Error:  Undefined data: numerator evaluating rule: Set ANNUAL_BASELINE Fan:FlowCap  (75:'HVACSecondary-Fan-General.rule' line 529)
2020-03-26 20:06:22 - Error:  Undefined data: numerator evaluating rule: Set ANNUAL_BASELINE Fan:FlowCap  (75:'HVACSecondary-Fan-General.rule' line 529)
2020-03-26 20:06:22 - Error:  Undefined data: numerator evaluating rule: Set ANNUAL_BASELINE Fan:FlowCap  (75:'HVACSecondary-Fan-General.rule' line 529)
2020-03-26 20:06:22 - Error:  Undefined data: numerator evaluating rule: Set ANNUAL_BASELINE Fan:FlowCap  (75:'HVACSecondary-Fan-General.rule' line 529)
2020-03-26 20:06:22 - Error:  Undefined data: numerator evaluating rule: Set ANNUAL_BASELINE Fan:FlowCap  (75:'HVACSecondary-Fan-General.rule' line 529)
2020-03-26 20:06:22 - Error:  Undefined data: numerator evaluating rule: Set ANNUAL_BASELINE Fan:FlowCap  (75:'HVACSecondary-Fan-General.rule' line 529)
2020-03-26 20:06:22 - Error:  Undefined data: numerator evaluating rule: Set ANNUAL_BASELINE Fan:FlowCap  (75:'HVACSecondary-Fan-General.rule' line 529)
2020-03-26 20:06:22 - Error:  Undefined data: numerator evaluating rule: Set ANNUAL_BASELINE Fan:FlowCap  (75:'HVACSecondary-Fan-General.rule' line 529)
2020-03-26 20:06:22 - Error:  Division by zero evaluating rule: Set ANNUAL_BASELINE ThrmlZn:PriAirCondgSysDsgnFlow  (76:'HVACSecondary-Fan-FanRatios.rule' line 67)
2020-03-26 20:06:22 - Error:  Division by zero evaluating rule: Set ANNUAL_BASELINE ThrmlZn:PriAirCondgSysDsgnFlow  (76:'HVACSecondary-Fan-FanRatios.rule' line 67)
2020-03-26 20:06:22 - Error:  Division by zero evaluating rule: Set ANNUAL_BASELINE ThrmlZn:PriAirCondgSysDsgnFlow  (76:'HVACSecondary-Fan-FanRatios.rule' line 67)
2020-03-26 20:06:22 - Error:  Division by zero evaluating rule: Set ANNUAL_BASELINE ThrmlZn:PriAirCondgSysDsgnFlow  (76:'HVACSecondary-Fan-FanRatios.rule' line 67)
2020-03-26 20:06:22 - Error:  Division by zero evaluating rule: Set ANNUAL_BASELINE ThrmlZn:PriAirCondgSysDsgnFlow  (76:'HVACSecondary-Fan-FanRatios.rule' line 67)
2020-03-26 20:06:22 - Error:  Division by zero evaluating rule: Set ANNUAL_BASELINE ThrmlZn:PriAirCondgSysDsgnFlow  (76:'HVACSecondary-Fan-FanRatios.rule' line 67)
2020-03-26 20:06:22 - Error:  Division by zero evaluating rule: Set ANNUAL_BASELINE ThrmlZn:PriAirCondgSysDsgnFlow  (76:'HVACSecondary-Fan-FanRatios.rule' line 67)
2020-03-26 20:06:22 - Error:  Division by zero evaluating rule: Set ANNUAL_BASELINE ThrmlZn:PriAirCondgSysDsgnFlow  (76:'HVACSecondary-Fan-FanRatios.rule' line 67)
2020-03-26 20:06:22 - Error:  Division by zero evaluating rule: Set ANNUAL_BASELINE ThrmlZn:PriAirCondgSysDsgnFlow  (76:'HVACSecondary-Fan-FanRatios.rule' line 67)
2020-03-26 20:06:22 - Error:  Division by zero evaluating rule: Set ANNUAL_BASELINE ThrmlZn:PriAirCondgSysDsgnFlow  (76:'HVACSecondary-Fan-FanRatios.rule' line 67)
2020-03-26 20:06:22 - Error:  Division by zero evaluating rule: Set ANNUAL_BASELINE ThrmlZn:PriAirCondgSysDsgnFlow  (76:'HVACSecondary-Fan-FanRatios.rule' line 67)
2020-03-26 20:06:22 - Error:  Division by zero evaluating rule: Set ANNUAL_BASELINE ThrmlZn:PriAirCondgSysDsgnFlow  (76:'HVACSecondary-Fan-FanRatios.rule' line 67)
2020-03-26 20:06:22 - Error:  Division by zero evaluating rule: Set ANNUAL_BASELINE ThrmlZn:VentSysDsgnFlow  (76:'HVACSecondary-Fan-FanRatios.rule' line 111)
2020-03-26 20:06:22 - Error:  Division by zero evaluating rule: Set ANNUAL_BASELINE ThrmlZn:VentSysDsgnFlow  (76:'HVACSecondary-Fan-FanRatios.rule' line 111)
2020-03-26 20:06:22 - Error:  Division by zero evaluating rule: Set ANNUAL_BASELINE ThrmlZn:VentSysDsgnFlow  (76:'HVACSecondary-Fan-FanRatios.rule' line 111)
2020-03-26 20:06:22 - Error:  Division by zero evaluating rule: Set ANNUAL_BASELINE ThrmlZn:VentSysDsgnFlow  (76:'HVACSecondary-Fan-FanRatios.rule' line 111)
2020-03-26 20:06:22 - Error:  Division by zero evaluating rule: Set ANNUAL_BASELINE ThrmlZn:VentSysDsgnFlow  (76:'HVACSecondary-Fan-FanRatios.rule' line 111)
2020-03-26 20:06:22 - Error:  Division by zero evaluating rule: Set ANNUAL_BASELINE ThrmlZn:VentSysDsgnFlow  (76:'HVACSecondary-Fan-FanRatios.rule' line 111)
2020-03-26 20:06:22 - Error:  Division by zero evaluating rule: Set ANNUAL_BASELINE ThrmlZn:VentSysDsgnFlow  (76:'HVACSecondary-Fan-FanRatios.rule' line 111)
2020-03-26 20:06:22 - Error:  Division by zero evaluating rule: Set ANNUAL_BASELINE ThrmlZn:VentSysDsgnFlow  (76:'HVACSecondary-Fan-FanRatios.rule' line 111)
2020-03-26 20:06:22 - Error:  Division by zero evaluating rule: Set ANNUAL_BASELINE ThrmlZn:VentSysDsgnFlow  (76:'HVACSecondary-Fan-FanRatios.rule' line 111)
2020-03-26 20:06:22 - Error:  Division by zero evaluating rule: Set ANNUAL_BASELINE ThrmlZn:VentSysDsgnFlow  (76:'HVACSecondary-Fan-FanRatios.rule' line 111)
2020-03-26 20:06:22 - Error:  Division by zero evaluating rule: Set ANNUAL_BASELINE ThrmlZn:VentSysDsgnFlow  (76:'HVACSecondary-Fan-FanRatios.rule' line 111)
2020-03-26 20:06:22 - Error:  Division by zero evaluating rule: Set ANNUAL_BASELINE ThrmlZn:VentSysDsgnFlow  (76:'HVACSecondary-Fan-FanRatios.rule' line 111)
2020-03-26 20:06:23 -   PerfAnal_NRes - Bypassing OpenStudio (and simulation) for ab model
2020-03-26 20:06:23 -   PerfAnal_NRes - Completed analysis steps thru #7
2020-03-26 20:06:23 - Analysis incomplete  Processing time:  Overall 5:04 / SDD2IDF x2 avg 0:05 / SizSim x0 0:00 / AnnSim x2 avg 2:16 / ReportGen x0 0:00 / Other 0:18
2020-03-26 20:06:23 -       ResultsSummary population:  bAbort = (false) / RuleProcAbort = (false) / iRetVal = 0 / pszResultsSummary = (empty) / iResultsSummaryLen = 3200
2020-03-26 20:06:23 -       ResultsSummary components1:  2020-03-26 20:06:23 / instance / High-Rise Mixed-Use (10-story) / CTZ10S22A / Title24ProposedOnly / 5:04 /  / 
2020-03-26 20:06:23 -       ResultsSummary components2:  CBECC-Com 2022.0.1 RV (1113) / BEMCmpMgr 2022.0.1 RV (6107) / CA 2022 Nonresidential, Vers. 1.0 Alpha /  /  / - / C:\Users\agoyal\Documents\CBECC-Com 2022 Data\EPW\ / C:\Users\agoyal\Documents\GitHub\T24-2022-CASE-Modeling\framework\analysis\hpte\runs\hr-base\cz10\
2020-03-26 20:06:23 -       ResultsSummary:  2020-03-26 20:06:23,"instance","High-Rise Mixed-Use (10-story)","CTZ10S22A","Pol  0% RetAdd NoLeak",125400,150480,"Title24ProposedOnly",5:04,,,"--","--","Successful (200 warnings)",3.75302,132769,72822.7,205.939,5402.77,1088.9,52229.1,264522,231906,0,181711,6890.07,0,0,685029,2130.54,0,0,0,0,8104.89,0,10235.4,754.553,0,0,0,10990,0,0,0,0,0,0,0,0,0,0,0,0,0,4.60234,34.942,16.7457,0.0703895,1.19044,15.8961,11.2788,84.7257,54.0122,0,41.9499,1.52519,0,0,182.213,160.512,21.7011,0,0,,0,6,"Thermal Zone: F10 2-Bed NE",0,"--","--","",0,0,0,0,0,0,0,0,0,0,0,0,0,0,0,0,0,0,0,0,0,0,0,0,0,0,0,0,0,0,0,0,0,0,0,0,0,0,0,0,0,0,0,0,0,0,0,0,0,0,0,0,0,0,0,0,0,0,0,,,,,,,5.74579e-06,41.0853,12.2594,0.0860413,1.28187,0.124303,9.0273,63.8642,40.0913,0,31.5421,0.786538,0,0,136.284,0,0,0,0,0,0,0,0,0,0,0,0,0,0,0,"CBECC-Com 2022.0.1 RV (1113)","BEMCmpMgr 2022.0.1 RV (6107)","CA 2022 Nonresidential, Vers. 1.0 Alpha","","","-","C:\Users\agoyal\Documents\CBECC-Com 2022 Data\EPW\","C:\Users\agoyal\Documents\GitHub\T24-2022-CASE-Modeling\framework\analysis\hpte\runs\hr-base\cz10\",0.000765641,14.8314,10.6553,0.0194203,0.553243,0.179198,5.7406,31.98,35.9296,0,31.4601,1.13389,0,0,100.5,1.02157,0,0,0,0,3.88619,0,4.91,0.361798,0,0,0,5.27,0,0,0,0,0,0,0,0,0,0,0,0,0,0,0,0,0,0,0,0,0,0,0,0,0,0,0,0,1.56019,2.22799,1.60064,0.00291736,0.0831084,5.96166,0.862355,12.2989,5.94987,0,4.72593,0.170333,0,0,23.145,0,0,0,0,0,0,0,0,0,0,0,0,0,0,0,

2020-03-26 20:06:26 - -----------------------------------------------------------------------------
2020-03-26 20:06:26 - Opening Project 'cz10\instance.cibd22'...
2020-03-26 20:06:27 -    Model load successful into CBECC-Com 2022.0.1 RV (1113)
2020-03-26 20:06:27 - Performing Building Database check...
2020-03-26 20:06:27 - Building Database check completed, no problems found.
2020-03-26 20:06:30 - Project Saved
