2020-03-18 14:59:24 - -----------------------------------------------------------------------------
2020-03-18 14:59:24 - Opening Project 'cz09\instance.cibd22'...
2020-03-18 14:59:25 -    Model load successful into CBECC-Com 2022.0.1 RV (1113)
2020-03-18 14:59:26 - Performing Building Database check...
2020-03-18 14:59:26 - Building Database check completed, no problems found.
2020-03-18 14:59:30 -   PerfAnal_NRes - starting, w/ arguments:
2020-03-18 14:59:30 -        BEMBasePathFile    = (null)
2020-03-18 14:59:30 -        RulesetPathFile    = (null)
2020-03-18 14:59:30 -        SimWeatherPath     = C:\Users\mnakajima\Documents\CBECC-Com 2022 Data\EPW\
2020-03-18 14:59:30 -        CompMgrDLLPath     = (null)
2020-03-18 14:59:30 -        DHWWeatherPath     = (null)
2020-03-18 14:59:30 -        ProcessingPath     = C:\Users\mnakajima\Documents\GitHub\T24-2022-CASE-Modeling\framework\analysis\hpte\runs\hr-qii-15\cz09\instance - run\
2020-03-18 14:59:30 -        ModelPathFile      = C:\Users\mnakajima\Documents\GitHub\T24-2022-CASE-Modeling\framework\analysis\hpte\runs\hr-qii-15\cz09\instance.cibd22
2020-03-18 14:59:30 -        LogPathFile        = (null)
2020-03-18 14:59:30 -        UIVersionString    = CBECC-Com 2022.0.1 RV (1113)
2020-03-18 14:59:30 -        LoadModelFile      = false
2020-03-18 14:59:30 -        OptionsCSV         = AllowAnalysisAbort,0,StoreBEMDetails,1,AnalysisThruStep,8,ModelRpt_ALL,1,ExportHourlyResults_All,1,PromptUserUMLHWarning,1,PreAnalysisCheckPromptOption,3,CompReportWarningOption,5,
2020-03-18 14:59:30 -        ErrorMsg           = (assumed to be initialized)
2020-03-18 14:59:30 -        ErrorMsgLen        = 2056
2020-03-18 14:59:30 -        DisplayProgress    = true
2020-03-18 14:59:30 -        ResultsSummary     = (empty)
2020-03-18 14:59:30 -        ResultsSummaryLen  = 3200
2020-03-18 14:59:30 -        pProgCallbackFunc  = (null)
2020-03-18 14:59:30 - Performing Building Database check...
2020-03-18 14:59:30 - Building Database check completed, no problems found.
2020-03-18 14:59:30 - Warning:  The following developer options must be defaulted (not specified by the user) in order to perform a valid compliance analysis:
          Proj 'High-Rise Mixed-Use (10-story)' DefaultDayltgCtrls
          Proj 'High-Rise Mixed-Use (10-story)' AutoHardSize
          Proj 'High-Rise Mixed-Use (10-story)' AutoEffInput
2020-03-18 14:59:31 -    1 file hash check(s) failed on executable and/or analysis support files (analysis continuing w/ report signature disabled)
2020-03-18 14:59:33 - Performing Building Database check...
2020-03-18 14:59:33 - Building Database check completed, no problems found.
2020-03-18 14:59:33 - Warning:  AirSystem 'Residential DOAS' has a DX cooling coil and the rated supply flow per ton of (net) cooling capacity is 285 cfm/ton. The acceptable range for successful simulation of DX cooling coils in EnergyPlus is normally ~300 to ~450 cfm/ton. If the compliance simulation fails, check flow/cooling capacity inputs for consistency with the design. If simulation still fails, contact the CBECC support team for assistance. evaluating rule: Set CHECKSIM AirSys:SupFlowPerTon  (110:'HVACSecondary-Summary.rule' line 785)
2020-03-18 14:59:33 - Warning:  The spaces assigned to thermal zone 'Thermal Zone: F1 Lounge' have cooling unmet load hour limits ranging from 150 to 8760. All spaces in the zone will be held to the minimum UMLH limit. evaluating rule: Set CHECKCODE ThrmlZn:ClgUMLHLimit  (60:'ThermalZone-General.rule' line 1738)
2020-03-18 14:59:33 - Warning:  The spaces assigned to thermal zone 'Thermal Zone: F1 Lounge' have heating unmet load hour limits ranging from 150 to 8760. All spaces in the zone will be held to the minimum UMLH limit. evaluating rule: Set CHECKCODE ThrmlZn:HtgUMLHLimit  (60:'ThermalZone-General.rule' line 1765)
2020-03-18 14:59:38 -   PerfAnal_NRes - Bypassing OpenStudio (and simulation) for zp model
2020-03-18 15:18:08 -   PerfSim_E+ - Final Result: FAIL  -- compliance margin: -3.96 (-5.01%)
2020-03-18 15:18:10 - Analysis result:  FAIL  (TDV margin: -3.96)  Processing time:  Overall 18:40 / SDD2IDF x4 avg 0:06 / SizSim x2 avg 0:55 / AnnSim x2 avg 7:53 / ReportGen x0 0:00 / Other 0:34
2020-03-18 15:18:10 -       ResultsSummary population:  bAbort = (false) / RuleProcAbort = (false) / iRetVal = 0 / pszResultsSummary = (empty) / iResultsSummaryLen = 3200
2020-03-18 15:18:10 -       ResultsSummary components1:  2020-03-18 15:18:10 / instance / High-Rise Mixed-Use (10-story) / CTZ09S22A / Title24Compliance / 18:40 / FAIL / -3.96
2020-03-18 15:18:10 -       ResultsSummary components2:  CBECC-Com 2022.0.1 RV (1113) / BEMCmpMgr 2022.0.1 RV (6107) / CA 2022 Nonresidential, Vers. 1.0 Alpha / 1.11.3.f52686d8e1 / 9.0.1-bb7ca4f0da / CSE19 0.868.0 EXE / C:\Users\mnakajima\Documents\CBECC-Com 2022 Data\EPW\ / C:\Users\mnakajima\Documents\GitHub\T24-2022-CASE-Modeling\framework\analysis\hpte\runs\hr-qii-15\cz09\
2020-03-18 15:18:10 -       ResultsSummary:  2020-03-18 15:18:10,"instance","High-Rise Mixed-Use (10-story)","CTZ09S22A","Pol  0% RetAdd NoLeak",125400,150480,"Title24Compliance",18:40,FAIL,-3.96,"--","--","Successful (203 warnings)",3.15396,125173,72081.1,147.448,5403.96,1088.9,52238,256136,231906,0,181711,6890.07,0,0,676643,1522.75,0,0,0,0,8315.53,0,9838.28,754.553,0,0,0,10592.8,0,0,0,0,0,0,0,0,0,0,0,0,0,3.26744,34.0787,16.6699,0.0591592,1.20088,16.284,11.4958,83.0559,53.6042,0,41.2425,1.52817,0,0,179.431,158.677,20.7537,0,1.25,"Thermal Zone: F10 Laundry",0,7,"Thermal Zone: F10 2-Bed NE",0,"--","--","Successful (204 warnings)",8.74899,56496.4,80370.8,10866.6,34681.1,7464.69,52238,242126,231906,0,181711,6890.07,0,0,662633,1576.7,0,0,0,0,7981.08,0,9557.79,754.553,0,0,0,10312.3,0,0,0,0,0,0,0,0,0,0,0,0,0,3.38017,16.7639,19.3363,3.25656,7.81419,17.048,11.4958,79.0949,53.6042,0,41.2425,1.52817,0,0,175.47,155.246,20.2236,0,0,,0,0,,0,9.74989e-06,37.0584,11.6987,0.0595362,1.27361,0.124303,9.01837,59.2329,40.0913,0,31.5421,0.786538,0,0,131.653,6.96269e-06,18.6985,15.2987,4.62016,6.13051,1.18902,9.01837,54.9553,40.0913,0,31.5421,0.786538,0,0,127.375,"CBECC-Com 2022.0.1 RV (1113)","BEMCmpMgr 2022.0.1 RV (6107)","CA 2022 Nonresidential, Vers. 1.0 Alpha","1.11.3.f52686d8e1","9.0.1-bb7ca4f0da","CSE19 0.868.0 EXE","C:\Users\mnakajima\Documents\CBECC-Com 2022 Data\EPW\","C:\Users\mnakajima\Documents\GitHub\T24-2022-CASE-Modeling\framework\analysis\hpte\runs\hr-qii-15\cz09\",0.000625471,13.4276,10.4526,0.0133299,0.563384,0.179198,5.73899,30.37,35.9296,0,31.4601,1.13389,0,0,98.89,0.730136,0,0,0,0,3.98718,0,4.72,0.361798,0,0,0,5.08,0.00194235,6.01488,11.1906,1.23401,4.67868,0.973978,5.73899,29.82,35.9296,0,31.4601,1.13389,0,0,98.34,0.756008,0,0,0,0,3.82682,0,4.59,0.361798,0,0,0,4.95,1.11511,2.01711,1.5702,0.00200245,0.0846317,6.1159,0.862114,11.7671,5.94987,0,4.72593,0.170333,0,0,22.6132,1.15482,0.903562,1.68105,0.185373,0.702832,5.99039,0.862114,11.4801,5.94987,0,4.72593,0.170333,0,0,22.3263,

2020-03-18 15:18:13 - -----------------------------------------------------------------------------
2020-03-18 15:18:13 - Opening Project 'cz09\instance.cibd22'...
2020-03-18 15:18:14 -    Model load successful into CBECC-Com 2022.0.1 RV (1113)
2020-03-18 15:18:14 - Performing Building Database check...
2020-03-18 15:18:14 - Building Database check completed, no problems found.
2020-03-18 15:18:17 - Project Saved
