2020-03-08 23:45:25 - -----------------------------------------------------------------------------
2020-03-08 23:45:25 - Opening Project 'cz12\instance.cibd22'...
2020-03-08 23:45:27 -    Model load successful into CBECC-Com 2022.0.1 RV (1113)
2020-03-08 23:45:27 - Performing Building Database check...
2020-03-08 23:45:27 - Building Database check completed, no problems found.
2020-03-08 23:45:32 -   PerfAnal_NRes - starting, w/ arguments:
2020-03-08 23:45:32 -        BEMBasePathFile    = (null)
2020-03-08 23:45:32 -        RulesetPathFile    = (null)
2020-03-08 23:45:32 -        SimWeatherPath     = C:\Users\mnakajima\Documents\CBECC-Com 2022 Data\EPW\
2020-03-08 23:45:32 -        CompMgrDLLPath     = (null)
2020-03-08 23:45:32 -        DHWWeatherPath     = (null)
2020-03-08 23:45:32 -        ProcessingPath     = C:\Users\mnakajima\Documents\GitHub\T24-2022-CASE-Modeling\framework\analysis\all-electric\runs\mumr-VRF\cz12\instance - run\
2020-03-08 23:45:32 -        ModelPathFile      = C:\Users\mnakajima\Documents\GitHub\T24-2022-CASE-Modeling\framework\analysis\all-electric\runs\mumr-VRF\cz12\instance.cibd22
2020-03-08 23:45:32 -        LogPathFile        = (null)
2020-03-08 23:45:32 -        UIVersionString    = CBECC-Com 2022.0.1 RV (1113)
2020-03-08 23:45:32 -        LoadModelFile      = false
2020-03-08 23:45:32 -        OptionsCSV         = AllowAnalysisAbort,0,StoreBEMDetails,1,AnalysisThruStep,8,ModelRpt_ALL,1,ExportHourlyResults_All,1,PromptUserUMLHWarning,1,PreAnalysisCheckPromptOption,3,CompReportWarningOption,5,
2020-03-08 23:45:32 -        ErrorMsg           = (assumed to be initialized)
2020-03-08 23:45:32 -        ErrorMsgLen        = 2056
2020-03-08 23:45:32 -        DisplayProgress    = true
2020-03-08 23:45:32 -        ResultsSummary     = (empty)
2020-03-08 23:45:32 -        ResultsSummaryLen  = 3200
2020-03-08 23:45:32 -        pProgCallbackFunc  = (null)
2020-03-08 23:45:32 - Performing Building Database check...
2020-03-08 23:45:32 - Building Database check completed, no problems found.
2020-03-08 23:45:32 - Warning:  The following developer options must be defaulted (not specified by the user) in order to perform a valid compliance analysis:
          Proj 'Mid-Rise Mixed-Use (5-story)' AutoHardSize
          Proj 'Mid-Rise Mixed-Use (5-story)' AutoEffInput
2020-03-08 23:45:33 -    1 file hash check(s) failed on executable and/or analysis support files (analysis continuing w/ report signature disabled)
2020-03-08 23:45:35 -   PerfAnal_NRes - AnalysisThruStep being set to #7 due to Proj:AnalysisType = Title24ProposedOnly
2020-03-08 23:45:35 - Performing Building Database check...
2020-03-08 23:45:35 - Building Database check completed, no problems found.
2020-03-08 23:45:35 - Warning:  The AirSystem:Count for multi-zone system 'DOAS1' is not consistent with the maximum or minimum ThermalZone:Multiplier of the zones the system serves. This indicates the HVAC system serves more than 1 floor, or that Multipliers or system Count may be improperly defined. Check inputs for consistency. evaluating rule: Set CHECKCODE AirSys:Cnt  (68:'HVACSecondary-General.rule' line 1398)
2020-03-08 23:45:40 -   PerfAnal_NRes - Bypassing OpenStudio (and simulation) for zp model
2020-03-08 23:45:43 -   PerfAnal_NRes - Bypassing OpenStudio (and simulation) for zb model
2020-03-08 23:51:26 - Error:  Undefined data: numerator evaluating rule: Set ANNUAL_BASELINE Fan:FlowCap  (75:'HVACSecondary-Fan-General.rule' line 494)
2020-03-08 23:51:26 - Error:  Undefined data: numerator evaluating rule: Set ANNUAL_BASELINE Fan:FlowCap  (75:'HVACSecondary-Fan-General.rule' line 494)
2020-03-08 23:51:26 - Error:  Undefined data: numerator evaluating rule: Set ANNUAL_BASELINE Fan:FlowCap  (75:'HVACSecondary-Fan-General.rule' line 494)
2020-03-08 23:51:26 - Error:  Undefined data: numerator evaluating rule: Set ANNUAL_BASELINE Fan:FlowCap  (75:'HVACSecondary-Fan-General.rule' line 529)
2020-03-08 23:51:26 - Error:  Undefined data: numerator evaluating rule: Set ANNUAL_BASELINE Fan:FlowCap  (75:'HVACSecondary-Fan-General.rule' line 529)
2020-03-08 23:51:26 - Error:  Undefined data: numerator evaluating rule: Set ANNUAL_BASELINE Fan:FlowCap  (75:'HVACSecondary-Fan-General.rule' line 529)
2020-03-08 23:51:26 - Error:  Undefined data: numerator evaluating rule: Set ANNUAL_BASELINE Fan:FlowCap  (75:'HVACSecondary-Fan-General.rule' line 529)
2020-03-08 23:51:26 - Error:  Undefined data: numerator evaluating rule: Set ANNUAL_BASELINE Fan:FlowCap  (75:'HVACSecondary-Fan-General.rule' line 529)
2020-03-08 23:51:26 - Error:  Undefined data: numerator evaluating rule: Set ANNUAL_BASELINE Fan:FlowCap  (75:'HVACSecondary-Fan-General.rule' line 529)
2020-03-08 23:51:26 - Error:  Undefined data: numerator evaluating rule: Set ANNUAL_BASELINE Fan:FlowCap  (75:'HVACSecondary-Fan-General.rule' line 529)
2020-03-08 23:51:26 - Error:  Undefined data: numerator evaluating rule: Set ANNUAL_BASELINE Fan:FlowCap  (75:'HVACSecondary-Fan-General.rule' line 529)
2020-03-08 23:51:26 - Error:  Undefined data: numerator evaluating rule: Set ANNUAL_BASELINE Fan:FlowCap  (75:'HVACSecondary-Fan-General.rule' line 529)
2020-03-08 23:51:26 - Error:  Undefined data: numerator evaluating rule: Set ANNUAL_BASELINE Fan:FlowCap  (75:'HVACSecondary-Fan-General.rule' line 529)
2020-03-08 23:51:26 - Error:  Undefined data: numerator evaluating rule: Set ANNUAL_BASELINE Fan:FlowCap  (75:'HVACSecondary-Fan-General.rule' line 529)
2020-03-08 23:51:26 - Error:  Undefined data: numerator evaluating rule: Set ANNUAL_BASELINE Fan:FlowCap  (75:'HVACSecondary-Fan-General.rule' line 529)
2020-03-08 23:51:26 - Error:  Undefined data: numerator evaluating rule: Set ANNUAL_BASELINE Fan:FlowCap  (75:'HVACSecondary-Fan-General.rule' line 529)
2020-03-08 23:51:26 - Error:  Undefined data: numerator evaluating rule: Set ANNUAL_BASELINE Fan:FlowCap  (75:'HVACSecondary-Fan-General.rule' line 529)
2020-03-08 23:51:26 - Error:  Undefined data: numerator evaluating rule: Set ANNUAL_BASELINE Fan:FlowCap  (75:'HVACSecondary-Fan-General.rule' line 529)
2020-03-08 23:51:26 - Error:  Undefined data: numerator evaluating rule: Set ANNUAL_BASELINE Fan:FlowCap  (75:'HVACSecondary-Fan-General.rule' line 529)
2020-03-08 23:51:26 - Error:  Undefined data: numerator evaluating rule: Set ANNUAL_BASELINE Fan:FlowCap  (75:'HVACSecondary-Fan-General.rule' line 529)
2020-03-08 23:51:26 - Error:  Undefined data: numerator evaluating rule: Set ANNUAL_BASELINE Fan:FlowCap  (75:'HVACSecondary-Fan-General.rule' line 529)
2020-03-08 23:51:26 - Error:  Undefined data: numerator evaluating rule: Set ANNUAL_BASELINE Fan:FlowCap  (75:'HVACSecondary-Fan-General.rule' line 529)
2020-03-08 23:51:26 - Error:  Undefined data: numerator evaluating rule: Set ANNUAL_BASELINE Fan:FlowCap  (75:'HVACSecondary-Fan-General.rule' line 529)
2020-03-08 23:51:26 - Error:  Undefined data: numerator evaluating rule: Set ANNUAL_BASELINE Fan:FlowCap  (75:'HVACSecondary-Fan-General.rule' line 529)
2020-03-08 23:51:26 - Error:  Undefined data: numerator evaluating rule: Set ANNUAL_BASELINE Fan:FlowCap  (75:'HVACSecondary-Fan-General.rule' line 529)
2020-03-08 23:51:26 - Error:  Undefined data: numerator evaluating rule: Set ANNUAL_BASELINE Fan:FlowCap  (75:'HVACSecondary-Fan-General.rule' line 529)
2020-03-08 23:51:26 - Error:  Undefined data: numerator evaluating rule: Set ANNUAL_BASELINE Fan:FlowCap  (75:'HVACSecondary-Fan-General.rule' line 529)
2020-03-08 23:51:26 - Error:  Undefined data: numerator evaluating rule: Set ANNUAL_BASELINE Fan:FlowCap  (75:'HVACSecondary-Fan-General.rule' line 529)
2020-03-08 23:51:26 - Error:  Undefined data: numerator evaluating rule: Set ANNUAL_BASELINE Fan:FlowCap  (75:'HVACSecondary-Fan-General.rule' line 529)
2020-03-08 23:51:26 - Error:  Division by zero evaluating rule: Set ANNUAL_BASELINE ThrmlZn:PriAirCondgSysDsgnFlow  (76:'HVACSecondary-Fan-FanRatios.rule' line 67)
2020-03-08 23:51:26 - Error:  Division by zero evaluating rule: Set ANNUAL_BASELINE ThrmlZn:PriAirCondgSysDsgnFlow  (76:'HVACSecondary-Fan-FanRatios.rule' line 67)
2020-03-08 23:51:26 - Error:  Division by zero evaluating rule: Set ANNUAL_BASELINE ThrmlZn:PriAirCondgSysDsgnFlow  (76:'HVACSecondary-Fan-FanRatios.rule' line 67)
2020-03-08 23:51:26 - Error:  Division by zero evaluating rule: Set ANNUAL_BASELINE ThrmlZn:PriAirCondgSysDsgnFlow  (76:'HVACSecondary-Fan-FanRatios.rule' line 67)
2020-03-08 23:51:26 - Error:  Division by zero evaluating rule: Set ANNUAL_BASELINE ThrmlZn:PriAirCondgSysDsgnFlow  (76:'HVACSecondary-Fan-FanRatios.rule' line 67)
2020-03-08 23:51:26 - Error:  Division by zero evaluating rule: Set ANNUAL_BASELINE ThrmlZn:PriAirCondgSysDsgnFlow  (76:'HVACSecondary-Fan-FanRatios.rule' line 67)
2020-03-08 23:51:26 - Error:  Division by zero evaluating rule: Set ANNUAL_BASELINE ThrmlZn:PriAirCondgSysDsgnFlow  (76:'HVACSecondary-Fan-FanRatios.rule' line 67)
2020-03-08 23:51:26 - Error:  Division by zero evaluating rule: Set ANNUAL_BASELINE ThrmlZn:PriAirCondgSysDsgnFlow  (76:'HVACSecondary-Fan-FanRatios.rule' line 67)
2020-03-08 23:51:26 - Error:  Division by zero evaluating rule: Set ANNUAL_BASELINE ThrmlZn:PriAirCondgSysDsgnFlow  (76:'HVACSecondary-Fan-FanRatios.rule' line 67)
2020-03-08 23:51:26 - Error:  Division by zero evaluating rule: Set ANNUAL_BASELINE ThrmlZn:PriAirCondgSysDsgnFlow  (76:'HVACSecondary-Fan-FanRatios.rule' line 67)
2020-03-08 23:51:26 - Error:  Division by zero evaluating rule: Set ANNUAL_BASELINE ThrmlZn:PriAirCondgSysDsgnFlow  (76:'HVACSecondary-Fan-FanRatios.rule' line 67)
2020-03-08 23:51:26 - Error:  Division by zero evaluating rule: Set ANNUAL_BASELINE ThrmlZn:PriAirCondgSysDsgnFlow  (76:'HVACSecondary-Fan-FanRatios.rule' line 67)
2020-03-08 23:51:26 - Error:  Division by zero evaluating rule: Set ANNUAL_BASELINE ThrmlZn:VentSysDsgnFlow  (76:'HVACSecondary-Fan-FanRatios.rule' line 111)
2020-03-08 23:51:26 - Error:  Division by zero evaluating rule: Set ANNUAL_BASELINE ThrmlZn:VentSysDsgnFlow  (76:'HVACSecondary-Fan-FanRatios.rule' line 111)
2020-03-08 23:51:26 - Error:  Division by zero evaluating rule: Set ANNUAL_BASELINE ThrmlZn:VentSysDsgnFlow  (76:'HVACSecondary-Fan-FanRatios.rule' line 111)
2020-03-08 23:51:26 - Error:  Division by zero evaluating rule: Set ANNUAL_BASELINE ThrmlZn:VentSysDsgnFlow  (76:'HVACSecondary-Fan-FanRatios.rule' line 111)
2020-03-08 23:51:26 - Error:  Division by zero evaluating rule: Set ANNUAL_BASELINE ThrmlZn:VentSysDsgnFlow  (76:'HVACSecondary-Fan-FanRatios.rule' line 111)
2020-03-08 23:51:26 - Error:  Division by zero evaluating rule: Set ANNUAL_BASELINE ThrmlZn:VentSysDsgnFlow  (76:'HVACSecondary-Fan-FanRatios.rule' line 111)
2020-03-08 23:51:26 - Error:  Division by zero evaluating rule: Set ANNUAL_BASELINE ThrmlZn:VentSysDsgnFlow  (76:'HVACSecondary-Fan-FanRatios.rule' line 111)
2020-03-08 23:51:26 - Error:  Division by zero evaluating rule: Set ANNUAL_BASELINE ThrmlZn:VentSysDsgnFlow  (76:'HVACSecondary-Fan-FanRatios.rule' line 111)
2020-03-08 23:51:26 - Error:  Division by zero evaluating rule: Set ANNUAL_BASELINE ThrmlZn:VentSysDsgnFlow  (76:'HVACSecondary-Fan-FanRatios.rule' line 111)
2020-03-08 23:51:26 - Error:  Division by zero evaluating rule: Set ANNUAL_BASELINE ThrmlZn:VentSysDsgnFlow  (76:'HVACSecondary-Fan-FanRatios.rule' line 111)
2020-03-08 23:51:26 - Error:  Division by zero evaluating rule: Set ANNUAL_BASELINE ThrmlZn:VentSysDsgnFlow  (76:'HVACSecondary-Fan-FanRatios.rule' line 111)
2020-03-08 23:51:26 - Error:  Division by zero evaluating rule: Set ANNUAL_BASELINE ThrmlZn:VentSysDsgnFlow  (76:'HVACSecondary-Fan-FanRatios.rule' line 111)
2020-03-08 23:51:28 -   PerfAnal_NRes - Bypassing OpenStudio (and simulation) for ab model
2020-03-08 23:51:28 -   PerfAnal_NRes - Completed analysis steps thru #7
2020-03-08 23:51:28 - Analysis incomplete  Processing time:  Overall 5:56 / SDD2IDF x2 avg 0:06 / SizSim x0 0:00 / AnnSim x2 avg 2:38 / ReportGen x0 0:00 / Other 0:23
2020-03-08 23:51:28 -       ResultsSummary population:  bAbort = (false) / RuleProcAbort = (false) / iRetVal = 0 / pszResultsSummary = (empty) / iResultsSummaryLen = 3200
2020-03-08 23:51:28 -       ResultsSummary components1:  2020-03-08 23:51:28 / instance / Mid-Rise Mixed-Use (5-story) / CTZ12S22A / Title24ProposedOnly / 5:56 /  / 
2020-03-08 23:51:28 -       ResultsSummary components2:  CBECC-Com 2022.0.1 RV (1113) / BEMCmpMgr 2022.0.1 RV (6107) / CA 2022 Nonresidential, Vers. 1.0 Alpha /  /  / - / C:\Users\mnakajima\Documents\CBECC-Com 2022 Data\EPW\ / C:\Users\mnakajima\Documents\GitHub\T24-2022-CASE-Modeling\framework\analysis\all-electric\runs\mumr-VRF\cz12\
2020-03-08 23:51:28 -       ResultsSummary:  2020-03-08 23:51:28,"instance","Mid-Rise Mixed-Use (5-story)","CTZ12S22A","Pol  0% RetAdd NoLeak",113100,141000,"Title24ProposedOnly",5:56,,,"--","--","Successful (16 severe errors, 334 warnings)",17247.4,119599,52889.5,0,247.171,13430.1,81978.1,285392,217441,0,149101,34551.8,0,0,686486,2298.36,0,0,0,0,9035.28,0,11333.6,586.724,0,0,0,11920.4,0,0,0,0,0,0,0,0,0,0,0,0,0,10.0516,39.6063,13.5248,0,0.0570113,22.4609,19.3544,105.055,55.7605,0,38.6198,8.47903,0,0,207.914,182.032,25.8819,0,2876.25,"Thermal Zone: F2-4 Corridor",0,1434,"Thermal Zone: F5 Corridor",0,"--","--","",0,0,0,0,0,0,0,0,0,0,0,0,0,0,0,0,0,0,0,0,0,0,0,0,0,0,0,0,0,0,0,0,0,0,0,0,0,0,0,0,0,0,0,0,0,0,0,0,0,0,0,0,0,0,0,0,0,0,0,,,,,,,2.25255e-05,45.6783,9.2356,0,0.0213758,2.15633,14.3435,71.4351,38.321,0,25.7371,3.94427,0,0,139.438,0,0,0,0,0,0,0,0,0,0,0,0,0,0,0,"CBECC-Com 2022.0.1 RV (1113)","BEMCmpMgr 2022.0.1 RV (6107)","CA 2022 Nonresidential, Vers. 1.0 Alpha","","","-","C:\Users\mnakajima\Documents\CBECC-Com 2022 Data\EPW\","C:\Users\mnakajima\Documents\GitHub\T24-2022-CASE-Modeling\framework\analysis\all-electric\runs\mumr-VRF\cz12\",3.74373,13.2304,7.55127,0,0.0361393,1.70486,9.06133,35.32,32.1279,0,25.58,5.65158,0,0,98.68,1.10203,0,0,0,0,4.33229,0,5.43,0.281326,0,0,0,5.71,0,0,0,0,0,0,0,0,0,0,0,0,0,0,0,0,0,0,0,0,0,0,0,0,0,0,0,0,2.51614,2.20363,1.25772,0,0.00601926,7.72411,1.50923,15.2168,5.83428,0,4.26052,0.941311,0,0,26.253,0,0,0,0,0,0,0,0,0,0,0,0,0,0,0,

2020-03-08 23:51:32 - -----------------------------------------------------------------------------
2020-03-08 23:51:32 - Opening Project 'cz12\instance.cibd22'...
2020-03-08 23:51:32 -    Model load successful into CBECC-Com 2022.0.1 RV (1113)
2020-03-08 23:51:33 - Performing Building Database check...
2020-03-08 23:51:33 - Building Database check completed, no problems found.
2020-03-08 23:51:37 - Project Saved
2020-03-09 10:36:31 - -----------------------------------------------------------------------------
2020-03-09 10:36:31 - Opening Project 'cz12\instance.cibd22'...
2020-03-09 10:36:32 -    Model load successful into CBECC-Com 2022.0.1 RV (1113)
2020-03-09 10:36:33 - Performing Building Database check...
2020-03-09 10:36:33 - Building Database check completed, no problems found.
2020-03-09 10:36:38 -   PerfAnal_NRes - starting, w/ arguments:
2020-03-09 10:36:38 -        BEMBasePathFile    = (null)
2020-03-09 10:36:38 -        RulesetPathFile    = (null)
2020-03-09 10:36:38 -        SimWeatherPath     = C:\Users\mnakajima\Documents\CBECC-Com 2022 Data\EPW\
2020-03-09 10:36:38 -        CompMgrDLLPath     = (null)
2020-03-09 10:36:38 -        DHWWeatherPath     = (null)
2020-03-09 10:36:38 -        ProcessingPath     = C:\Users\mnakajima\Documents\GitHub\T24-2022-CASE-Modeling\framework\analysis\all-electric\runs\mumr-VRF\cz12\instance - run\
2020-03-09 10:36:38 -        ModelPathFile      = C:\Users\mnakajima\Documents\GitHub\T24-2022-CASE-Modeling\framework\analysis\all-electric\runs\mumr-VRF\cz12\instance.cibd22
2020-03-09 10:36:38 -        LogPathFile        = (null)
2020-03-09 10:36:38 -        UIVersionString    = CBECC-Com 2022.0.1 RV (1113)
2020-03-09 10:36:38 -        LoadModelFile      = false
2020-03-09 10:36:38 -        OptionsCSV         = AllowAnalysisAbort,0,StoreBEMDetails,1,AnalysisThruStep,8,ModelRpt_ALL,1,ExportHourlyResults_All,1,PromptUserUMLHWarning,1,PreAnalysisCheckPromptOption,3,CompReportWarningOption,5,
2020-03-09 10:36:38 -        ErrorMsg           = (assumed to be initialized)
2020-03-09 10:36:38 -        ErrorMsgLen        = 2056
2020-03-09 10:36:38 -        DisplayProgress    = true
2020-03-09 10:36:38 -        ResultsSummary     = (empty)
2020-03-09 10:36:38 -        ResultsSummaryLen  = 3200
2020-03-09 10:36:38 -        pProgCallbackFunc  = (null)
2020-03-09 10:36:39 - Performing Building Database check...
2020-03-09 10:36:39 - Building Database check completed, no problems found.
2020-03-09 10:36:39 - Warning:  The following developer options must be defaulted (not specified by the user) in order to perform a valid compliance analysis:
          Proj 'Mid-Rise Mixed-Use (5-story)' AutoHardSize
          Proj 'Mid-Rise Mixed-Use (5-story)' AutoEffInput
2020-03-09 10:36:39 -    1 file hash check(s) failed on executable and/or analysis support files (analysis continuing w/ report signature disabled)
2020-03-09 10:36:41 - Performing Building Database check...
2020-03-09 10:36:41 - Building Database check completed, no problems found.
2020-03-09 10:36:42 - Warning:  The AirSystem:Count for multi-zone system 'DOAS1' is not consistent with the maximum or minimum ThermalZone:Multiplier of the zones the system serves. This indicates the HVAC system serves more than 1 floor, or that Multipliers or system Count may be improperly defined. Check inputs for consistency. evaluating rule: Set CHECKCODE AirSys:Cnt  (68:'HVACSecondary-General.rule' line 1398)
2020-03-09 10:36:47 -   PerfAnal_NRes - Bypassing OpenStudio (and simulation) for zp model
2020-03-09 10:46:13 -   PerfSim_E+ - Final Result: FAIL  -- compliance margin: -0.41 (-0.39%)
2020-03-09 10:46:16 - Analysis result:  FAIL  (TDV margin: -0.41)  Processing time:  Overall 9:38 / SDD2IDF x4 avg 0:09 / SizSim x2 avg 0:18 / AnnSim x2 avg 3:48 / ReportGen x0 0:00 / Other 0:41
2020-03-09 10:46:16 -       ResultsSummary population:  bAbort = (false) / RuleProcAbort = (false) / iRetVal = 0 / pszResultsSummary = (empty) / iResultsSummaryLen = 3200
2020-03-09 10:46:16 -       ResultsSummary components1:  2020-03-09 10:46:16 / instance / Mid-Rise Mixed-Use (5-story) / CTZ12S22A / Title24Compliance / 9:38 / FAIL / -0.41
2020-03-09 10:46:16 -       ResultsSummary components2:  CBECC-Com 2022.0.1 RV (1113) / BEMCmpMgr 2022.0.1 RV (6107) / CA 2022 Nonresidential, Vers. 1.0 Alpha / 1.11.3.f52686d8e1 / 9.0.1-bb7ca4f0da / CSE19 0.865.0+dhwloop.68861ec.94 EXE / C:\Users\mnakajima\Documents\CBECC-Com 2022 Data\EPW\ / C:\Users\mnakajima\Documents\GitHub\T24-2022-CASE-Modeling\framework\analysis\all-electric\runs\mumr-VRF\cz12\
2020-03-09 10:46:16 -       ResultsSummary:  2020-03-09 10:46:16,"instance","Mid-Rise Mixed-Use (5-story)","CTZ12S22A","Pol  0% RetAdd NoLeak",113100,141000,"Title24Compliance",9:38,FAIL,-0.41,"--","--","Successful (16 severe errors, 334 warnings)",17247.4,119599,52889.5,0,247.171,13430.1,81978.1,285392,217441,0,149101,34551.8,0,0,686486,2298.36,0,0,0,0,9035.28,0,11333.6,586.724,0,0,0,11920.4,0,0,0,0,0,0,0,0,0,0,0,0,0,10.0516,39.6063,13.5248,0,0.0570113,22.4609,19.3544,105.055,55.7605,0,38.6198,8.47903,0,0,207.914,182.032,25.8819,0,2876.25,"Thermal Zone: F2-4 Corridor",0,1434,"Thermal Zone: F5 Corridor",0,"--","--","Successful (235 warnings)",18.6228,111893,54455.1,0,100.363,13438.3,81978.1,261884,217441,0,149101,34551.8,0,0,662978,4406.86,0,0,0,0,9035.28,0,13442.1,586.724,0,0,0,14028.9,0,0,0,0,0,0,0,0,0,0,0,0,0,10.397,37.6828,14.7229,0,0.026895,22.4623,19.3544,104.646,55.7605,0,38.6198,8.47903,0,0,207.506,176.642,30.8635,0,0,,0,0,,0,2.25255e-05,45.6783,9.2356,0,0.0213758,2.15633,14.3435,71.4351,38.321,0,25.7371,3.94427,0,0,139.438,8.19155e-06,45.3079,11.1089,0,0.00146653,2.15903,14.3435,72.9208,38.321,0,25.7371,3.94427,0,0,140.923,"CBECC-Com 2022.0.1 RV (1113)","BEMCmpMgr 2022.0.1 RV (6107)","CA 2022 Nonresidential, Vers. 1.0 Alpha","1.11.3.f52686d8e1","9.0.1-bb7ca4f0da","CSE19 0.865.0+dhwloop.68861ec.94 EXE","C:\Users\mnakajima\Documents\CBECC-Com 2022 Data\EPW\","C:\Users\mnakajima\Documents\GitHub\T24-2022-CASE-Modeling\framework\analysis\all-electric\runs\mumr-VRF\cz12\",3.74373,13.2304,7.55127,0,0.0361393,1.70486,9.06133,35.32,32.1279,0,25.58,5.65158,0,0,98.68,1.10203,0,0,0,0,4.33229,0,5.43,0.281326,0,0,0,5.71,0.00368042,12.2305,7.69259,0,0.0205395,1.71193,9.06133,30.71,32.1279,0,25.58,5.65158,0,0,94.07,2.11303,0,0,0,0,4.33229,0,6.44,0.281326,0,0,0,6.72,2.51614,2.20363,1.25772,0,0.00601926,7.72411,1.50923,15.2168,5.83428,0,4.26052,0.941311,0,0,26.253,3.62947,2.03707,1.28126,0,0.003421,7.72529,1.50923,16.1857,5.83428,0,4.26052,0.941311,0,0,27.2218,

2020-03-09 10:46:22 - -----------------------------------------------------------------------------
2020-03-09 10:46:22 - Opening Project 'cz12\instance.cibd22'...
2020-03-09 10:46:25 -    Model load successful into CBECC-Com 2022.0.1 RV (1113)
2020-03-09 10:46:27 - Performing Building Database check...
2020-03-09 10:46:27 - Building Database check completed, no problems found.
2020-03-09 10:46:33 - Project Saved
2020-03-09 14:16:57 - -----------------------------------------------------------------------------
2020-03-09 14:16:57 - Opening Project 'cz12\instance.cibd22'...
2020-03-09 14:16:59 -    Model load successful into CBECC-Com 2022.0.1 RV (1113)
2020-03-09 14:16:59 - Performing Building Database check...
2020-03-09 14:16:59 - Building Database check completed, no problems found.
2020-03-09 14:17:05 -   PerfAnal_NRes - starting, w/ arguments:
2020-03-09 14:17:05 -        BEMBasePathFile    = (null)
2020-03-09 14:17:05 -        RulesetPathFile    = (null)
2020-03-09 14:17:05 -        SimWeatherPath     = C:\Users\mnakajima\Documents\CBECC-Com 2022 Data\EPW\
2020-03-09 14:17:05 -        CompMgrDLLPath     = (null)
2020-03-09 14:17:05 -        DHWWeatherPath     = (null)
2020-03-09 14:17:05 -        ProcessingPath     = C:\Users\mnakajima\Documents\GitHub\T24-2022-CASE-Modeling\framework\analysis\all-electric\runs\mumr-VRF\cz12\instance - run\
2020-03-09 14:17:05 -        ModelPathFile      = C:\Users\mnakajima\Documents\GitHub\T24-2022-CASE-Modeling\framework\analysis\all-electric\runs\mumr-VRF\cz12\instance.cibd22
2020-03-09 14:17:05 -        LogPathFile        = (null)
2020-03-09 14:17:05 -        UIVersionString    = CBECC-Com 2022.0.1 RV (1113)
2020-03-09 14:17:05 -        LoadModelFile      = false
2020-03-09 14:17:05 -        OptionsCSV         = AllowAnalysisAbort,0,StoreBEMDetails,1,AnalysisThruStep,8,ModelRpt_ALL,1,ExportHourlyResults_All,1,PromptUserUMLHWarning,1,PreAnalysisCheckPromptOption,3,CompReportWarningOption,5,
2020-03-09 14:17:05 -        ErrorMsg           = (assumed to be initialized)
2020-03-09 14:17:05 -        ErrorMsgLen        = 2056
2020-03-09 14:17:05 -        DisplayProgress    = true
2020-03-09 14:17:05 -        ResultsSummary     = (empty)
2020-03-09 14:17:05 -        ResultsSummaryLen  = 3200
2020-03-09 14:17:05 -        pProgCallbackFunc  = (null)
2020-03-09 14:17:06 - Performing Building Database check...
2020-03-09 14:17:06 - Building Database check completed, no problems found.
2020-03-09 14:17:06 - Warning:  The following developer options must be defaulted (not specified by the user) in order to perform a valid compliance analysis:
          Proj 'Mid-Rise Mixed-Use (5-story)' AutoHardSize
          Proj 'Mid-Rise Mixed-Use (5-story)' AutoEffInput
2020-03-09 14:17:06 -    1 file hash check(s) failed on executable and/or analysis support files (analysis continuing w/ report signature disabled)
2020-03-09 14:17:09 - Performing Building Database check...
2020-03-09 14:17:09 - Building Database check completed, no problems found.
2020-03-09 14:17:09 - Warning:  The AirSystem:Count for multi-zone system 'DOAS1' is not consistent with the maximum or minimum ThermalZone:Multiplier of the zones the system serves. This indicates the HVAC system serves more than 1 floor, or that Multipliers or system Count may be improperly defined. Check inputs for consistency. evaluating rule: Set CHECKCODE AirSys:Cnt  (68:'HVACSecondary-General.rule' line 1398)
2020-03-09 14:17:09 - Warning:  The net heating capacity for HeatPump coil 'CoilHtg 3' differs from the system's net cooling capacity by more than 20%. evaluating rule: Set CHECKCODE CoilHtg:CapTotNetRtd  (83:'HVACSecondary-CoilHeating-Capacity.rule' line 765)
2020-03-09 14:17:09 - Warning:  The net heating capacity for HeatPump coil 'CoilHtg 13' differs from the system's net cooling capacity by more than 20%. evaluating rule: Set CHECKCODE CoilHtg:CapTotNetRtd  (83:'HVACSecondary-CoilHeating-Capacity.rule' line 765)
2020-03-09 14:17:09 - Warning:  The net heating capacity for HeatPump coil 'CoilHtg 15' differs from the system's net cooling capacity by more than 20%. evaluating rule: Set CHECKCODE CoilHtg:CapTotNetRtd  (83:'HVACSecondary-CoilHeating-Capacity.rule' line 765)
2020-03-09 14:17:09 - Warning:  The net heating capacity for HeatPump coil 'CoilHtg 16' differs from the system's net cooling capacity by more than 20%. evaluating rule: Set CHECKCODE CoilHtg:CapTotNetRtd  (83:'HVACSecondary-CoilHeating-Capacity.rule' line 765)
2020-03-09 14:17:09 - Warning:  The net heating capacity for HeatPump coil 'CoilHtg 17' differs from the system's net cooling capacity by more than 20%. evaluating rule: Set CHECKCODE CoilHtg:CapTotNetRtd  (83:'HVACSecondary-CoilHeating-Capacity.rule' line 765)
2020-03-09 14:17:09 - Warning:  The net heating capacity for HeatPump coil 'CoilHtg 20' differs from the system's net cooling capacity by more than 20%. evaluating rule: Set CHECKCODE CoilHtg:CapTotNetRtd  (83:'HVACSecondary-CoilHeating-Capacity.rule' line 765)
2020-03-09 14:17:09 - Warning:  The net heating capacity for HeatPump coil 'CoilHtg 22' differs from the system's net cooling capacity by more than 20%. evaluating rule: Set CHECKCODE CoilHtg:CapTotNetRtd  (83:'HVACSecondary-CoilHeating-Capacity.rule' line 765)
2020-03-09 14:17:09 - Warning:  The net heating capacity for HeatPump coil 'CoilHtg 25' differs from the system's net cooling capacity by more than 20%. evaluating rule: Set CHECKCODE CoilHtg:CapTotNetRtd  (83:'HVACSecondary-CoilHeating-Capacity.rule' line 765)
2020-03-09 14:17:17 -   PerfAnal_NRes - Bypassing OpenStudio (and simulation) for zp model
2020-03-09 14:28:41 -   PerfSim_E+ - Final Result: FAIL  -- compliance margin: -0.91 (-0.87%)
2020-03-09 14:28:45 - Analysis result:  FAIL  (TDV margin: -0.91)  Processing time:  Overall 11:40 / SDD2IDF x4 avg 0:12 / SizSim x2 avg 0:20 / AnnSim x2 avg 4:37 / ReportGen x0 0:00 / Other 0:49
2020-03-09 14:28:45 -       ResultsSummary population:  bAbort = (false) / RuleProcAbort = (false) / iRetVal = 0 / pszResultsSummary = (empty) / iResultsSummaryLen = 3200
2020-03-09 14:28:45 -       ResultsSummary components1:  2020-03-09 14:28:45 / instance / Mid-Rise Mixed-Use (5-story) / CTZ12S22A / Title24Compliance / 11:40 / FAIL / -0.91
2020-03-09 14:28:45 -       ResultsSummary components2:  CBECC-Com 2022.0.1 RV (1113) / BEMCmpMgr 2022.0.1 RV (6107) / CA 2022 Nonresidential, Vers. 1.0 Alpha / 1.11.3.f52686d8e1 / 9.0.1-bb7ca4f0da / CSE19 0.865.0+dhwloop.68861ec.94 EXE / C:\Users\mnakajima\Documents\CBECC-Com 2022 Data\EPW\ / C:\Users\mnakajima\Documents\GitHub\T24-2022-CASE-Modeling\framework\analysis\all-electric\runs\mumr-VRF\cz12\
2020-03-09 14:28:45 -       ResultsSummary:  2020-03-09 14:28:45,"instance","Mid-Rise Mixed-Use (5-story)","CTZ12S22A","Pol  0% RetAdd NoLeak",113100,141000,"Title24Compliance",11:40,FAIL,-0.91,"--","--","Successful (19 severe errors, 361 warnings)",17168.7,121178,52650.8,0,247.233,13430.1,81978.1,286653,217441,0,149101,34551.8,0,0,687747,2298.35,0,0,0,0,9035.28,0,11333.6,586.724,0,0,0,11920.4,0,0,0,0,0,0,0,0,0,0,0,0,0,10.0314,40.2349,13.4233,0,0.0570223,22.4609,19.3544,105.562,55.7605,0,38.6198,8.47903,0,0,208.421,182.539,25.8819,0,2875.75,"Thermal Zone: F2-4 Corridor",0,1433.75,"Thermal Zone: F5 Corridor",0,"--","--","Successful (235 warnings)",18.6228,111893,54455.1,0,100.363,13438.3,81978.1,261884,217441,0,149101,34551.8,0,0,662978,4406.86,0,0,0,0,9035.28,0,13442.1,586.724,0,0,0,14028.9,0,0,0,0,0,0,0,0,0,0,0,0,0,10.397,37.6828,14.7229,0,0.026895,22.4623,19.3544,104.646,55.7605,0,38.6198,8.47903,0,0,207.506,176.642,30.8635,0,0,,0,0,,0,2.25255e-05,46.0356,9.15264,0,0.0213758,2.15633,14.3435,71.7094,38.321,0,25.7371,3.94427,0,0,139.712,8.19155e-06,45.3079,11.1089,0,0.00146653,2.15903,14.3435,72.9208,38.321,0,25.7371,3.94427,0,0,140.923,"CBECC-Com 2022.0.1 RV (1113)","BEMCmpMgr 2022.0.1 RV (6107)","CA 2022 Nonresidential, Vers. 1.0 Alpha","1.11.3.f52686d8e1","9.0.1-bb7ca4f0da","CSE19 0.865.0+dhwloop.68861ec.94 EXE","C:\Users\mnakajima\Documents\CBECC-Com 2022 Data\EPW\","C:\Users\mnakajima\Documents\GitHub\T24-2022-CASE-Modeling\framework\analysis\all-electric\runs\mumr-VRF\cz12\",3.72696,13.437,7.51596,0,0.0361565,1.70486,9.06133,35.49,32.1279,0,25.58,5.65158,0,0,98.85,1.10203,0,0,0,0,4.33229,0,5.43,0.281326,0,0,0,5.71,0.00368042,12.2305,7.69259,0,0.0205395,1.71193,9.06133,30.71,32.1279,0,25.58,5.65158,0,0,94.07,2.11303,0,0,0,0,4.33229,0,6.44,0.281326,0,0,0,6.72,2.51334,2.23803,1.25184,0,0.00602211,7.72411,1.50923,15.2426,5.83428,0,4.26052,0.941311,0,0,26.2787,3.62947,2.03707,1.28126,0,0.003421,7.72529,1.50923,16.1857,5.83428,0,4.26052,0.941311,0,0,27.2218,

2020-03-09 14:28:50 - -----------------------------------------------------------------------------
2020-03-09 14:28:50 - Opening Project 'cz12\instance.cibd22'...
2020-03-09 14:28:51 -    Model load successful into CBECC-Com 2022.0.1 RV (1113)
2020-03-09 14:28:51 - Performing Building Database check...
2020-03-09 14:28:51 - Building Database check completed, no problems found.
2020-03-09 14:29:00 - Project Saved
2020-03-09 17:27:05 - -----------------------------------------------------------------------------
2020-03-09 17:27:05 - Opening Project 'cz12\instance.cibd22'...
2020-03-09 17:27:06 -    Model load successful into CBECC-Com 2022.0.1 RV (1113)
2020-03-09 17:27:07 - Performing Building Database check...
2020-03-09 17:27:07 - Building Database check completed, no problems found.
2020-03-09 17:27:14 -   PerfAnal_NRes - starting, w/ arguments:
2020-03-09 17:27:14 -        BEMBasePathFile    = (null)
2020-03-09 17:27:14 -        RulesetPathFile    = (null)
2020-03-09 17:27:14 -        SimWeatherPath     = C:\Users\mnakajima\Documents\CBECC-Com 2022 Data\EPW\
2020-03-09 17:27:14 -        CompMgrDLLPath     = (null)
2020-03-09 17:27:14 -        DHWWeatherPath     = (null)
2020-03-09 17:27:14 -        ProcessingPath     = C:\Users\mnakajima\Documents\GitHub\T24-2022-CASE-Modeling\framework\analysis\all-electric\runs\mumr-VRF\cz12\instance - run\
2020-03-09 17:27:14 -        ModelPathFile      = C:\Users\mnakajima\Documents\GitHub\T24-2022-CASE-Modeling\framework\analysis\all-electric\runs\mumr-VRF\cz12\instance.cibd22
2020-03-09 17:27:14 -        LogPathFile        = (null)
2020-03-09 17:27:14 -        UIVersionString    = CBECC-Com 2022.0.1 RV (1113)
2020-03-09 17:27:14 -        LoadModelFile      = false
2020-03-09 17:27:14 -        OptionsCSV         = AllowAnalysisAbort,0,StoreBEMDetails,1,AnalysisThruStep,8,ModelRpt_ALL,1,ExportHourlyResults_All,1,PromptUserUMLHWarning,1,PreAnalysisCheckPromptOption,3,CompReportWarningOption,5,
2020-03-09 17:27:14 -        ErrorMsg           = (assumed to be initialized)
2020-03-09 17:27:14 -        ErrorMsgLen        = 2056
2020-03-09 17:27:14 -        DisplayProgress    = true
2020-03-09 17:27:14 -        ResultsSummary     = (empty)
2020-03-09 17:27:14 -        ResultsSummaryLen  = 3200
2020-03-09 17:27:14 -        pProgCallbackFunc  = (null)
2020-03-09 17:27:15 - Performing Building Database check...
2020-03-09 17:27:15 - Building Database check completed, no problems found.
2020-03-09 17:27:15 - Warning:  The following developer options must be defaulted (not specified by the user) in order to perform a valid compliance analysis:
          Proj 'Mid-Rise Mixed-Use (5-story)' AutoHardSize
          Proj 'Mid-Rise Mixed-Use (5-story)' AutoEffInput
2020-03-09 17:27:16 -    1 file hash check(s) failed on executable and/or analysis support files (analysis continuing w/ report signature disabled)
2020-03-09 17:27:18 - Performing Building Database check...
2020-03-09 17:27:18 - Building Database check completed, no problems found.
2020-03-09 17:27:19 - Warning:  The AirSystem:Count for multi-zone system 'DOAS1' is not consistent with the maximum or minimum ThermalZone:Multiplier of the zones the system serves. This indicates the HVAC system serves more than 1 floor, or that Multipliers or system Count may be improperly defined. Check inputs for consistency. evaluating rule: Set CHECKCODE AirSys:Cnt  (68:'HVACSecondary-General.rule' line 1398)
2020-03-09 17:27:19 - Warning:  The net heating capacity for HeatPump coil 'DOAS1 CoilHtg' differs from the system's net cooling capacity by more than 15%. evaluating rule: Set CHECKCODE CoilHtg:CapTotNetRtd  (83:'HVACSecondary-CoilHeating-Capacity.rule' line 701)
2020-03-09 17:27:19 - Warning:  The net heating capacity for HeatPump coil 'CoilHtg 3' differs from the system's net cooling capacity by more than 20%. evaluating rule: Set CHECKCODE CoilHtg:CapTotNetRtd  (83:'HVACSecondary-CoilHeating-Capacity.rule' line 765)
2020-03-09 17:27:19 - Warning:  The net heating capacity for HeatPump coil 'CoilHtg 13' differs from the system's net cooling capacity by more than 20%. evaluating rule: Set CHECKCODE CoilHtg:CapTotNetRtd  (83:'HVACSecondary-CoilHeating-Capacity.rule' line 765)
2020-03-09 17:27:19 - Warning:  The net heating capacity for HeatPump coil 'CoilHtg 15' differs from the system's net cooling capacity by more than 20%. evaluating rule: Set CHECKCODE CoilHtg:CapTotNetRtd  (83:'HVACSecondary-CoilHeating-Capacity.rule' line 765)
2020-03-09 17:27:19 - Warning:  The net heating capacity for HeatPump coil 'CoilHtg 16' differs from the system's net cooling capacity by more than 20%. evaluating rule: Set CHECKCODE CoilHtg:CapTotNetRtd  (83:'HVACSecondary-CoilHeating-Capacity.rule' line 765)
2020-03-09 17:27:19 - Warning:  The net heating capacity for HeatPump coil 'CoilHtg 17' differs from the system's net cooling capacity by more than 20%. evaluating rule: Set CHECKCODE CoilHtg:CapTotNetRtd  (83:'HVACSecondary-CoilHeating-Capacity.rule' line 765)
2020-03-09 17:27:19 - Warning:  The net heating capacity for HeatPump coil 'CoilHtg 20' differs from the system's net cooling capacity by more than 20%. evaluating rule: Set CHECKCODE CoilHtg:CapTotNetRtd  (83:'HVACSecondary-CoilHeating-Capacity.rule' line 765)
2020-03-09 17:27:19 - Warning:  The net heating capacity for HeatPump coil 'CoilHtg 22' differs from the system's net cooling capacity by more than 20%. evaluating rule: Set CHECKCODE CoilHtg:CapTotNetRtd  (83:'HVACSecondary-CoilHeating-Capacity.rule' line 765)
2020-03-09 17:27:19 - Warning:  The net heating capacity for HeatPump coil 'CoilHtg 25' differs from the system's net cooling capacity by more than 20%. evaluating rule: Set CHECKCODE CoilHtg:CapTotNetRtd  (83:'HVACSecondary-CoilHeating-Capacity.rule' line 765)
2020-03-09 17:27:28 -   PerfAnal_NRes - Bypassing OpenStudio (and simulation) for zp model
2020-03-09 17:40:44 -   PerfSim_E+ - Final Result: FAIL  -- compliance margin: -1.33 (-1.27%)
2020-03-09 17:40:49 - Analysis result:  FAIL  (TDV margin: -1.33)  Processing time:  Overall 13:34 / SDD2IDF x4 avg 0:18 / SizSim x2 avg 0:21 / AnnSim x2 avg 5:09 / ReportGen x0 0:00 / Other 1:11
2020-03-09 17:40:49 -       ResultsSummary population:  bAbort = (false) / RuleProcAbort = (false) / iRetVal = 0 / pszResultsSummary = (empty) / iResultsSummaryLen = 3200
2020-03-09 17:40:49 -       ResultsSummary components1:  2020-03-09 17:40:49 / instance / Mid-Rise Mixed-Use (5-story) / CTZ12S22A / Title24Compliance / 13:34 / FAIL / -1.33
2020-03-09 17:40:49 -       ResultsSummary components2:  CBECC-Com 2022.0.1 RV (1113) / BEMCmpMgr 2022.0.1 RV (6107) / CA 2022 Nonresidential, Vers. 1.0 Alpha / 1.11.3.f52686d8e1 / 9.0.1-bb7ca4f0da / CSE19 0.865.0+dhwloop.68861ec.94 EXE / C:\Users\mnakajima\Documents\CBECC-Com 2022 Data\EPW\ / C:\Users\mnakajima\Documents\GitHub\T24-2022-CASE-Modeling\framework\analysis\all-electric\runs\mumr-VRF\cz12\
2020-03-09 17:40:49 -       ResultsSummary:  2020-03-09 17:40:49,"instance","Mid-Rise Mixed-Use (5-story)","CTZ12S22A","Pol  0% RetAdd NoLeak",113100,141000,"Title24Compliance",13:34,FAIL,-1.33,"--","--","Successful (357 warnings)",18716.1,121274,52523.7,0,247.312,13430.1,81978.1,288169,217441,0,149101,34551.8,0,0,689263,2299.33,0,0,0,0,9035.28,0,11334.6,586.724,0,0,0,11921.3,0,0,0,0,0,0,0,0,0,0,0,0,0,10.4578,40.2533,13.3902,0,0.0570705,22.4609,19.3544,105.974,55.7605,0,38.6198,8.47903,0,0,208.833,182.949,25.8841,0,2901,"Thermal Zone: F2-4 Corridor",0,1302.5,"Thermal Zone: F5 Corridor",0,"--","--","Successful (235 warnings)",18.6228,111893,54455.1,0,100.363,13438.3,81978.1,261884,217441,0,149101,34551.8,0,0,662978,4406.86,0,0,0,0,9035.28,0,13442.1,586.724,0,0,0,14028.9,0,0,0,0,0,0,0,0,0,0,0,0,0,10.397,37.6828,14.7229,0,0.026895,22.4623,19.3544,104.646,55.7605,0,38.6198,8.47903,0,0,207.506,176.642,30.8635,0,0,,0,0,,0,2.25252e-05,46.0358,9.15266,0,0.0213758,2.15633,14.3435,71.7097,38.321,0,25.7371,3.94427,0,0,139.712,8.19155e-06,45.3079,11.1089,0,0.00146653,2.15903,14.3435,72.9208,38.321,0,25.7371,3.94427,0,0,140.923,"CBECC-Com 2022.0.1 RV (1113)","BEMCmpMgr 2022.0.1 RV (6107)","CA 2022 Nonresidential, Vers. 1.0 Alpha","1.11.3.f52686d8e1","9.0.1-bb7ca4f0da","CSE19 0.865.0+dhwloop.68861ec.94 EXE","C:\Users\mnakajima\Documents\CBECC-Com 2022 Data\EPW\","C:\Users\mnakajima\Documents\GitHub\T24-2022-CASE-Modeling\framework\analysis\all-electric\runs\mumr-VRF\cz12\",4.09775,13.4463,7.47976,0,0.0361753,1.70486,9.06133,35.83,32.1279,0,25.58,5.65158,0,0,99.19,1.1025,0,0,0,0,4.33229,0,5.43,0.281326,0,0,0,5.71,0.00368042,12.2305,7.69259,0,0.0205395,1.71193,9.06133,30.71,32.1279,0,25.58,5.65158,0,0,94.07,2.11303,0,0,0,0,4.33229,0,6.44,0.281326,0,0,0,6.72,2.57591,2.23958,1.24581,0,0.00602525,7.72411,1.50923,15.3007,5.83428,0,4.26052,0.941311,0,0,26.3368,3.62947,2.03707,1.28126,0,0.003421,7.72529,1.50923,16.1857,5.83428,0,4.26052,0.941311,0,0,27.2218,

2020-03-09 17:40:55 - -----------------------------------------------------------------------------
2020-03-09 17:40:55 - Opening Project 'cz12\instance.cibd22'...
2020-03-09 17:40:56 -    Model load successful into CBECC-Com 2022.0.1 RV (1113)
2020-03-09 17:40:57 - Performing Building Database check...
2020-03-09 17:40:57 - Building Database check completed, no problems found.
2020-03-09 17:41:04 - Project Saved
