2020-03-18 14:08:12 - -----------------------------------------------------------------------------
2020-03-18 14:08:12 - Opening Project 'cz05\instance.cibd22'...
2020-03-18 14:08:13 -    Model load successful into CBECC-Com 2022.0.1 RV (1113)
2020-03-18 14:08:13 - Performing Building Database check...
2020-03-18 14:08:13 - Building Database check completed, no problems found.
2020-03-18 17:17:56 - -----------------------------------------------------------------------------
2020-03-18 17:17:56 - Opening Project 'cz05\instance.cibd22'...
2020-03-18 17:17:57 -    Model load successful into CBECC-Com 2022.0.1 RV (1113)
2020-03-18 17:17:57 - Performing Building Database check...
2020-03-18 17:17:57 - Building Database check completed, no problems found.
2020-03-18 17:18:00 -   PerfAnal_NRes - starting, w/ arguments:
2020-03-18 17:18:00 -        BEMBasePathFile    = (null)
2020-03-18 17:18:00 -        RulesetPathFile    = (null)
2020-03-18 17:18:00 -        SimWeatherPath     = C:\Users\mnakajima\Documents\CBECC-Com 2022 Data\EPW\
2020-03-18 17:18:00 -        CompMgrDLLPath     = (null)
2020-03-18 17:18:00 -        DHWWeatherPath     = (null)
2020-03-18 17:18:00 -        ProcessingPath     = C:\Users\mnakajima\Documents\GitHub\T24-2022-CASE-Modeling\framework\analysis\hpte\runs\hr-qii-30\cz05\instance - run\
2020-03-18 17:18:00 -        ModelPathFile      = C:\Users\mnakajima\Documents\GitHub\T24-2022-CASE-Modeling\framework\analysis\hpte\runs\hr-qii-30\cz05\instance.cibd22
2020-03-18 17:18:00 -        LogPathFile        = (null)
2020-03-18 17:18:00 -        UIVersionString    = CBECC-Com 2022.0.1 RV (1113)
2020-03-18 17:18:00 -        LoadModelFile      = false
2020-03-18 17:18:00 -        OptionsCSV         = AllowAnalysisAbort,0,StoreBEMDetails,1,AnalysisThruStep,8,ModelRpt_ALL,1,ExportHourlyResults_All,1,PromptUserUMLHWarning,1,PreAnalysisCheckPromptOption,3,CompReportWarningOption,5,
2020-03-18 17:18:00 -        ErrorMsg           = (assumed to be initialized)
2020-03-18 17:18:00 -        ErrorMsgLen        = 2056
2020-03-18 17:18:00 -        DisplayProgress    = true
2020-03-18 17:18:00 -        ResultsSummary     = (empty)
2020-03-18 17:18:00 -        ResultsSummaryLen  = 3200
2020-03-18 17:18:00 -        pProgCallbackFunc  = (null)
2020-03-18 17:18:01 - Performing Building Database check...
2020-03-18 17:18:01 - Building Database check completed, no problems found.
2020-03-18 17:18:01 - Warning:  The following developer options must be defaulted (not specified by the user) in order to perform a valid compliance analysis:
          Proj 'High-Rise Mixed-Use (10-story)' DefaultDayltgCtrls
          Proj 'High-Rise Mixed-Use (10-story)' AutoHardSize
          Proj 'High-Rise Mixed-Use (10-story)' AutoEffInput
2020-03-18 17:18:02 -    1 file hash check(s) failed on executable and/or analysis support files (analysis continuing w/ report signature disabled)
2020-03-18 17:18:03 -   PerfAnal_NRes - AnalysisThruStep being set to #7 due to Proj:AnalysisType = Title24ProposedOnly
2020-03-18 17:18:03 - Performing Building Database check...
2020-03-18 17:18:03 - Building Database check completed, no problems found.
2020-03-18 17:18:03 - Warning:  The spaces assigned to thermal zone 'Thermal Zone: F1 Lounge' have cooling unmet load hour limits ranging from 150 to 8760. All spaces in the zone will be held to the minimum UMLH limit. evaluating rule: Set CHECKCODE ThrmlZn:ClgUMLHLimit  (60:'ThermalZone-General.rule' line 1738)
2020-03-18 17:18:03 - Warning:  The spaces assigned to thermal zone 'Thermal Zone: F1 Lounge' have heating unmet load hour limits ranging from 150 to 8760. All spaces in the zone will be held to the minimum UMLH limit. evaluating rule: Set CHECKCODE ThrmlZn:HtgUMLHLimit  (60:'ThermalZone-General.rule' line 1765)
2020-03-18 17:18:08 -   PerfAnal_NRes - Bypassing OpenStudio (and simulation) for zp model
2020-03-18 17:18:10 -   PerfAnal_NRes - Bypassing OpenStudio (and simulation) for zb model
2020-03-18 17:21:12 - Error:  Undefined data: numerator evaluating rule: Set ANNUAL_BASELINE Fan:FlowCap  (75:'HVACSecondary-Fan-General.rule' line 494)
2020-03-18 17:21:12 - Error:  Undefined data: numerator evaluating rule: Set ANNUAL_BASELINE Fan:FlowCap  (75:'HVACSecondary-Fan-General.rule' line 494)
2020-03-18 17:21:12 - Error:  Undefined data: numerator evaluating rule: Set ANNUAL_BASELINE Fan:FlowCap  (75:'HVACSecondary-Fan-General.rule' line 494)
2020-03-18 17:21:12 - Error:  Undefined data: numerator evaluating rule: Set ANNUAL_BASELINE Fan:FlowCap  (75:'HVACSecondary-Fan-General.rule' line 529)
2020-03-18 17:21:12 - Error:  Undefined data: numerator evaluating rule: Set ANNUAL_BASELINE Fan:FlowCap  (75:'HVACSecondary-Fan-General.rule' line 529)
2020-03-18 17:21:12 - Error:  Undefined data: numerator evaluating rule: Set ANNUAL_BASELINE Fan:FlowCap  (75:'HVACSecondary-Fan-General.rule' line 529)
2020-03-18 17:21:12 - Error:  Undefined data: numerator evaluating rule: Set ANNUAL_BASELINE Fan:FlowCap  (75:'HVACSecondary-Fan-General.rule' line 529)
2020-03-18 17:21:12 - Error:  Undefined data: numerator evaluating rule: Set ANNUAL_BASELINE Fan:FlowCap  (75:'HVACSecondary-Fan-General.rule' line 529)
2020-03-18 17:21:12 - Error:  Undefined data: numerator evaluating rule: Set ANNUAL_BASELINE Fan:FlowCap  (75:'HVACSecondary-Fan-General.rule' line 529)
2020-03-18 17:21:12 - Error:  Undefined data: numerator evaluating rule: Set ANNUAL_BASELINE Fan:FlowCap  (75:'HVACSecondary-Fan-General.rule' line 529)
2020-03-18 17:21:12 - Error:  Undefined data: numerator evaluating rule: Set ANNUAL_BASELINE Fan:FlowCap  (75:'HVACSecondary-Fan-General.rule' line 529)
2020-03-18 17:21:12 - Error:  Undefined data: numerator evaluating rule: Set ANNUAL_BASELINE Fan:FlowCap  (75:'HVACSecondary-Fan-General.rule' line 529)
2020-03-18 17:21:12 - Error:  Undefined data: numerator evaluating rule: Set ANNUAL_BASELINE Fan:FlowCap  (75:'HVACSecondary-Fan-General.rule' line 529)
2020-03-18 17:21:12 - Error:  Undefined data: numerator evaluating rule: Set ANNUAL_BASELINE Fan:FlowCap  (75:'HVACSecondary-Fan-General.rule' line 529)
2020-03-18 17:21:12 - Error:  Undefined data: numerator evaluating rule: Set ANNUAL_BASELINE Fan:FlowCap  (75:'HVACSecondary-Fan-General.rule' line 529)
2020-03-18 17:21:12 - Error:  Undefined data: numerator evaluating rule: Set ANNUAL_BASELINE Fan:FlowCap  (75:'HVACSecondary-Fan-General.rule' line 529)
2020-03-18 17:21:12 - Error:  Undefined data: numerator evaluating rule: Set ANNUAL_BASELINE Fan:FlowCap  (75:'HVACSecondary-Fan-General.rule' line 529)
2020-03-18 17:21:12 - Error:  Undefined data: numerator evaluating rule: Set ANNUAL_BASELINE Fan:FlowCap  (75:'HVACSecondary-Fan-General.rule' line 529)
2020-03-18 17:21:12 - Error:  Undefined data: numerator evaluating rule: Set ANNUAL_BASELINE Fan:FlowCap  (75:'HVACSecondary-Fan-General.rule' line 529)
2020-03-18 17:21:12 - Error:  Undefined data: numerator evaluating rule: Set ANNUAL_BASELINE Fan:FlowCap  (75:'HVACSecondary-Fan-General.rule' line 529)
2020-03-18 17:21:12 - Error:  Undefined data: numerator evaluating rule: Set ANNUAL_BASELINE Fan:FlowCap  (75:'HVACSecondary-Fan-General.rule' line 529)
2020-03-18 17:21:12 - Error:  Division by zero evaluating rule: Set ANNUAL_BASELINE ThrmlZn:PriAirCondgSysDsgnFlow  (76:'HVACSecondary-Fan-FanRatios.rule' line 67)
2020-03-18 17:21:12 - Error:  Division by zero evaluating rule: Set ANNUAL_BASELINE ThrmlZn:PriAirCondgSysDsgnFlow  (76:'HVACSecondary-Fan-FanRatios.rule' line 67)
2020-03-18 17:21:12 - Error:  Division by zero evaluating rule: Set ANNUAL_BASELINE ThrmlZn:PriAirCondgSysDsgnFlow  (76:'HVACSecondary-Fan-FanRatios.rule' line 67)
2020-03-18 17:21:12 - Error:  Division by zero evaluating rule: Set ANNUAL_BASELINE ThrmlZn:PriAirCondgSysDsgnFlow  (76:'HVACSecondary-Fan-FanRatios.rule' line 67)
2020-03-18 17:21:12 - Error:  Division by zero evaluating rule: Set ANNUAL_BASELINE ThrmlZn:PriAirCondgSysDsgnFlow  (76:'HVACSecondary-Fan-FanRatios.rule' line 67)
2020-03-18 17:21:12 - Error:  Division by zero evaluating rule: Set ANNUAL_BASELINE ThrmlZn:PriAirCondgSysDsgnFlow  (76:'HVACSecondary-Fan-FanRatios.rule' line 67)
2020-03-18 17:21:12 - Error:  Division by zero evaluating rule: Set ANNUAL_BASELINE ThrmlZn:PriAirCondgSysDsgnFlow  (76:'HVACSecondary-Fan-FanRatios.rule' line 67)
2020-03-18 17:21:12 - Error:  Division by zero evaluating rule: Set ANNUAL_BASELINE ThrmlZn:PriAirCondgSysDsgnFlow  (76:'HVACSecondary-Fan-FanRatios.rule' line 67)
2020-03-18 17:21:12 - Error:  Division by zero evaluating rule: Set ANNUAL_BASELINE ThrmlZn:PriAirCondgSysDsgnFlow  (76:'HVACSecondary-Fan-FanRatios.rule' line 67)
2020-03-18 17:21:12 - Error:  Division by zero evaluating rule: Set ANNUAL_BASELINE ThrmlZn:PriAirCondgSysDsgnFlow  (76:'HVACSecondary-Fan-FanRatios.rule' line 67)
2020-03-18 17:21:12 - Error:  Division by zero evaluating rule: Set ANNUAL_BASELINE ThrmlZn:PriAirCondgSysDsgnFlow  (76:'HVACSecondary-Fan-FanRatios.rule' line 67)
2020-03-18 17:21:12 - Error:  Division by zero evaluating rule: Set ANNUAL_BASELINE ThrmlZn:PriAirCondgSysDsgnFlow  (76:'HVACSecondary-Fan-FanRatios.rule' line 67)
2020-03-18 17:21:12 - Error:  Division by zero evaluating rule: Set ANNUAL_BASELINE ThrmlZn:VentSysDsgnFlow  (76:'HVACSecondary-Fan-FanRatios.rule' line 111)
2020-03-18 17:21:12 - Error:  Division by zero evaluating rule: Set ANNUAL_BASELINE ThrmlZn:VentSysDsgnFlow  (76:'HVACSecondary-Fan-FanRatios.rule' line 111)
2020-03-18 17:21:12 - Error:  Division by zero evaluating rule: Set ANNUAL_BASELINE ThrmlZn:VentSysDsgnFlow  (76:'HVACSecondary-Fan-FanRatios.rule' line 111)
2020-03-18 17:21:12 - Error:  Division by zero evaluating rule: Set ANNUAL_BASELINE ThrmlZn:VentSysDsgnFlow  (76:'HVACSecondary-Fan-FanRatios.rule' line 111)
2020-03-18 17:21:12 - Error:  Division by zero evaluating rule: Set ANNUAL_BASELINE ThrmlZn:VentSysDsgnFlow  (76:'HVACSecondary-Fan-FanRatios.rule' line 111)
2020-03-18 17:21:12 - Error:  Division by zero evaluating rule: Set ANNUAL_BASELINE ThrmlZn:VentSysDsgnFlow  (76:'HVACSecondary-Fan-FanRatios.rule' line 111)
2020-03-18 17:21:12 - Error:  Division by zero evaluating rule: Set ANNUAL_BASELINE ThrmlZn:VentSysDsgnFlow  (76:'HVACSecondary-Fan-FanRatios.rule' line 111)
2020-03-18 17:21:12 - Error:  Division by zero evaluating rule: Set ANNUAL_BASELINE ThrmlZn:VentSysDsgnFlow  (76:'HVACSecondary-Fan-FanRatios.rule' line 111)
2020-03-18 17:21:12 - Error:  Division by zero evaluating rule: Set ANNUAL_BASELINE ThrmlZn:VentSysDsgnFlow  (76:'HVACSecondary-Fan-FanRatios.rule' line 111)
2020-03-18 17:21:12 - Error:  Division by zero evaluating rule: Set ANNUAL_BASELINE ThrmlZn:VentSysDsgnFlow  (76:'HVACSecondary-Fan-FanRatios.rule' line 111)
2020-03-18 17:21:12 - Error:  Division by zero evaluating rule: Set ANNUAL_BASELINE ThrmlZn:VentSysDsgnFlow  (76:'HVACSecondary-Fan-FanRatios.rule' line 111)
2020-03-18 17:21:12 - Error:  Division by zero evaluating rule: Set ANNUAL_BASELINE ThrmlZn:VentSysDsgnFlow  (76:'HVACSecondary-Fan-FanRatios.rule' line 111)
2020-03-18 17:21:13 -   PerfAnal_NRes - Bypassing OpenStudio (and simulation) for ab model
2020-03-18 17:21:13 -   PerfAnal_NRes - Completed analysis steps thru #7
2020-03-18 17:21:13 - Analysis incomplete  Processing time:  Overall 3:12 / SDD2IDF x2 avg 0:04 / SizSim x0 0:00 / AnnSim x2 avg 1:19 / ReportGen x0 0:00 / Other 0:22
2020-03-18 17:21:13 -       ResultsSummary population:  bAbort = (false) / RuleProcAbort = (false) / iRetVal = 0 / pszResultsSummary = (empty) / iResultsSummaryLen = 3200
2020-03-18 17:21:13 -       ResultsSummary components1:  2020-03-18 17:21:13 / instance / High-Rise Mixed-Use (10-story) / CTZ05S22A / Title24ProposedOnly / 3:12 /  / 
2020-03-18 17:21:13 -       ResultsSummary components2:  CBECC-Com 2022.0.1 RV (1113) / BEMCmpMgr 2022.0.1 RV (6107) / CA 2022 Nonresidential, Vers. 1.0 Alpha /  /  / - / C:\Users\mnakajima\Documents\CBECC-Com 2022 Data\EPW\ / C:\Users\mnakajima\Documents\GitHub\T24-2022-CASE-Modeling\framework\analysis\hpte\runs\hr-qii-30\cz05\
2020-03-18 17:21:13 -       ResultsSummary:  2020-03-18 17:21:13,"instance","High-Rise Mixed-Use (10-story)","CTZ05S22A","Pol  0% RetAdd NoLeak",125400,150480,"Title24ProposedOnly",3:12,,,"--","--","Successful (201 warnings)",6.02959,56152.4,62517.8,80.66,4107,1088.9,52136.2,176089,231906,0,181711,6890.07,0,0,596596,3458.85,0,0,0,0,9498.59,0,12957.4,754.553,0,0,0,13712,0,0,0,0,0,0,0,0,0,0,0,0,0,7.15703,12.7978,13.9448,0.0187781,0.872088,18.3916,10.8524,64.0344,55.728,0,44.3513,1.53497,0,0,165.649,138.908,26.7407,0,2.5,"Thermal Zone: F10 Laundry",0,22.75,"Thermal Zone: F10 2-Bed NE",0,"--","--","",0,0,0,0,0,0,0,0,0,0,0,0,0,0,0,0,0,0,0,0,0,0,0,0,0,0,0,0,0,0,0,0,0,0,0,0,0,0,0,0,0,0,0,0,0,0,0,0,0,0,0,0,0,0,0,0,0,0,0,,,,,,,8.23924e-05,13.7003,8.78297,0.00921283,1.07213,0.124303,8.98072,32.6697,40.0913,0,31.5421,0.786538,0,0,105.09,0,0,0,0,0,0,0,0,0,0,0,0,0,0,0,"CBECC-Com 2022.0.1 RV (1113)","BEMCmpMgr 2022.0.1 RV (6107)","CA 2022 Nonresidential, Vers. 1.0 Alpha","","","-","C:\Users\mnakajima\Documents\CBECC-Com 2022 Data\EPW\","C:\Users\mnakajima\Documents\GitHub\T24-2022-CASE-Modeling\framework\analysis\hpte\runs\hr-qii-30\cz05\",0.00112469,5.14679,9.33646,0.00512026,0.339856,0.178109,5.73429,20.75,35.8106,0,31.324,1.127,0,0,89.01,1.65847,0,0,0,0,4.55444,0,6.21,0.361798,0,0,0,6.57,0,0,0,0,0,0,0,0,0,0,0,0,0,0,0,0,0,0,0,0,0,0,0,0,0,0,0,0,2.56901,0.773153,1.40253,0.000769159,0.0510533,7.08122,0.861408,12.7391,5.93987,0,4.70549,0.169298,0,0,23.5538,0,0,0,0,0,0,0,0,0,0,0,0,0,0,0,

2020-03-18 17:21:17 - -----------------------------------------------------------------------------
2020-03-18 17:21:17 - Opening Project 'cz05\instance.cibd22'...
2020-03-18 17:21:18 -    Model load successful into CBECC-Com 2022.0.1 RV (1113)
2020-03-18 17:21:18 - Performing Building Database check...
2020-03-18 17:21:18 - Building Database check completed, no problems found.
2020-03-18 17:21:21 - Project Saved
