2020-03-18 17:34:37 - -----------------------------------------------------------------------------
2020-03-18 17:34:37 - Opening Project 'cz13\instance.cibd22'...
2020-03-18 17:34:38 -    Model load successful into CBECC-Com 2022.0.1 RV (1113)
2020-03-18 17:34:38 - Performing Building Database check...
2020-03-18 17:34:38 - Building Database check completed, no problems found.
2020-03-18 17:34:42 -   PerfAnal_NRes - starting, w/ arguments:
2020-03-18 17:34:42 -        BEMBasePathFile    = (null)
2020-03-18 17:34:42 -        RulesetPathFile    = (null)
2020-03-18 17:34:42 -        SimWeatherPath     = C:\Users\mnakajima\Documents\CBECC-Com 2022 Data\EPW\
2020-03-18 17:34:42 -        CompMgrDLLPath     = (null)
2020-03-18 17:34:42 -        DHWWeatherPath     = (null)
2020-03-18 17:34:42 -        ProcessingPath     = C:\Users\mnakajima\Documents\GitHub\T24-2022-CASE-Modeling\framework\analysis\hpte\runs\hr-qii-30\cz13\instance - run\
2020-03-18 17:34:42 -        ModelPathFile      = C:\Users\mnakajima\Documents\GitHub\T24-2022-CASE-Modeling\framework\analysis\hpte\runs\hr-qii-30\cz13\instance.cibd22
2020-03-18 17:34:42 -        LogPathFile        = (null)
2020-03-18 17:34:42 -        UIVersionString    = CBECC-Com 2022.0.1 RV (1113)
2020-03-18 17:34:42 -        LoadModelFile      = false
2020-03-18 17:34:42 -        OptionsCSV         = AllowAnalysisAbort,0,StoreBEMDetails,1,AnalysisThruStep,8,ModelRpt_ALL,1,ExportHourlyResults_All,1,PromptUserUMLHWarning,1,PreAnalysisCheckPromptOption,3,CompReportWarningOption,5,
2020-03-18 17:34:42 -        ErrorMsg           = (assumed to be initialized)
2020-03-18 17:34:42 -        ErrorMsgLen        = 2056
2020-03-18 17:34:42 -        DisplayProgress    = true
2020-03-18 17:34:42 -        ResultsSummary     = (empty)
2020-03-18 17:34:42 -        ResultsSummaryLen  = 3200
2020-03-18 17:34:42 -        pProgCallbackFunc  = (null)
2020-03-18 17:34:42 - Performing Building Database check...
2020-03-18 17:34:42 - Building Database check completed, no problems found.
2020-03-18 17:34:42 - Warning:  The following developer options must be defaulted (not specified by the user) in order to perform a valid compliance analysis:
          Proj 'High-Rise Mixed-Use (10-story)' DefaultDayltgCtrls
          Proj 'High-Rise Mixed-Use (10-story)' AutoHardSize
          Proj 'High-Rise Mixed-Use (10-story)' AutoEffInput
2020-03-18 17:34:43 -    1 file hash check(s) failed on executable and/or analysis support files (analysis continuing w/ report signature disabled)
2020-03-18 17:34:44 -   PerfAnal_NRes - AnalysisThruStep being set to #7 due to Proj:AnalysisType = Title24ProposedOnly
2020-03-18 17:34:44 - Performing Building Database check...
2020-03-18 17:34:44 - Building Database check completed, no problems found.
2020-03-18 17:34:44 - Warning:  The spaces assigned to thermal zone 'Thermal Zone: F1 Lounge' have cooling unmet load hour limits ranging from 150 to 8760. All spaces in the zone will be held to the minimum UMLH limit. evaluating rule: Set CHECKCODE ThrmlZn:ClgUMLHLimit  (60:'ThermalZone-General.rule' line 1738)
2020-03-18 17:34:44 - Warning:  The spaces assigned to thermal zone 'Thermal Zone: F1 Lounge' have heating unmet load hour limits ranging from 150 to 8760. All spaces in the zone will be held to the minimum UMLH limit. evaluating rule: Set CHECKCODE ThrmlZn:HtgUMLHLimit  (60:'ThermalZone-General.rule' line 1765)
2020-03-18 17:34:49 -   PerfAnal_NRes - Bypassing OpenStudio (and simulation) for zp model
2020-03-18 17:34:51 -   PerfAnal_NRes - Bypassing OpenStudio (and simulation) for zb model
2020-03-18 17:41:23 - Error:  Undefined data: numerator evaluating rule: Set ANNUAL_BASELINE Fan:FlowCap  (75:'HVACSecondary-Fan-General.rule' line 494)
2020-03-18 17:41:23 - Error:  Undefined data: numerator evaluating rule: Set ANNUAL_BASELINE Fan:FlowCap  (75:'HVACSecondary-Fan-General.rule' line 494)
2020-03-18 17:41:23 - Error:  Undefined data: numerator evaluating rule: Set ANNUAL_BASELINE Fan:FlowCap  (75:'HVACSecondary-Fan-General.rule' line 494)
2020-03-18 17:41:23 - Error:  Undefined data: numerator evaluating rule: Set ANNUAL_BASELINE Fan:FlowCap  (75:'HVACSecondary-Fan-General.rule' line 529)
2020-03-18 17:41:23 - Error:  Undefined data: numerator evaluating rule: Set ANNUAL_BASELINE Fan:FlowCap  (75:'HVACSecondary-Fan-General.rule' line 529)
2020-03-18 17:41:23 - Error:  Undefined data: numerator evaluating rule: Set ANNUAL_BASELINE Fan:FlowCap  (75:'HVACSecondary-Fan-General.rule' line 529)
2020-03-18 17:41:23 - Error:  Undefined data: numerator evaluating rule: Set ANNUAL_BASELINE Fan:FlowCap  (75:'HVACSecondary-Fan-General.rule' line 529)
2020-03-18 17:41:23 - Error:  Undefined data: numerator evaluating rule: Set ANNUAL_BASELINE Fan:FlowCap  (75:'HVACSecondary-Fan-General.rule' line 529)
2020-03-18 17:41:23 - Error:  Undefined data: numerator evaluating rule: Set ANNUAL_BASELINE Fan:FlowCap  (75:'HVACSecondary-Fan-General.rule' line 529)
2020-03-18 17:41:23 - Error:  Undefined data: numerator evaluating rule: Set ANNUAL_BASELINE Fan:FlowCap  (75:'HVACSecondary-Fan-General.rule' line 529)
2020-03-18 17:41:23 - Error:  Undefined data: numerator evaluating rule: Set ANNUAL_BASELINE Fan:FlowCap  (75:'HVACSecondary-Fan-General.rule' line 529)
2020-03-18 17:41:23 - Error:  Undefined data: numerator evaluating rule: Set ANNUAL_BASELINE Fan:FlowCap  (75:'HVACSecondary-Fan-General.rule' line 529)
2020-03-18 17:41:23 - Error:  Undefined data: numerator evaluating rule: Set ANNUAL_BASELINE Fan:FlowCap  (75:'HVACSecondary-Fan-General.rule' line 529)
2020-03-18 17:41:23 - Error:  Undefined data: numerator evaluating rule: Set ANNUAL_BASELINE Fan:FlowCap  (75:'HVACSecondary-Fan-General.rule' line 529)
2020-03-18 17:41:23 - Error:  Undefined data: numerator evaluating rule: Set ANNUAL_BASELINE Fan:FlowCap  (75:'HVACSecondary-Fan-General.rule' line 529)
2020-03-18 17:41:23 - Error:  Undefined data: numerator evaluating rule: Set ANNUAL_BASELINE Fan:FlowCap  (75:'HVACSecondary-Fan-General.rule' line 529)
2020-03-18 17:41:23 - Error:  Undefined data: numerator evaluating rule: Set ANNUAL_BASELINE Fan:FlowCap  (75:'HVACSecondary-Fan-General.rule' line 529)
2020-03-18 17:41:23 - Error:  Undefined data: numerator evaluating rule: Set ANNUAL_BASELINE Fan:FlowCap  (75:'HVACSecondary-Fan-General.rule' line 529)
2020-03-18 17:41:23 - Error:  Undefined data: numerator evaluating rule: Set ANNUAL_BASELINE Fan:FlowCap  (75:'HVACSecondary-Fan-General.rule' line 529)
2020-03-18 17:41:23 - Error:  Undefined data: numerator evaluating rule: Set ANNUAL_BASELINE Fan:FlowCap  (75:'HVACSecondary-Fan-General.rule' line 529)
2020-03-18 17:41:23 - Error:  Undefined data: numerator evaluating rule: Set ANNUAL_BASELINE Fan:FlowCap  (75:'HVACSecondary-Fan-General.rule' line 529)
2020-03-18 17:41:23 - Error:  Division by zero evaluating rule: Set ANNUAL_BASELINE ThrmlZn:PriAirCondgSysDsgnFlow  (76:'HVACSecondary-Fan-FanRatios.rule' line 67)
2020-03-18 17:41:23 - Error:  Division by zero evaluating rule: Set ANNUAL_BASELINE ThrmlZn:PriAirCondgSysDsgnFlow  (76:'HVACSecondary-Fan-FanRatios.rule' line 67)
2020-03-18 17:41:23 - Error:  Division by zero evaluating rule: Set ANNUAL_BASELINE ThrmlZn:PriAirCondgSysDsgnFlow  (76:'HVACSecondary-Fan-FanRatios.rule' line 67)
2020-03-18 17:41:23 - Error:  Division by zero evaluating rule: Set ANNUAL_BASELINE ThrmlZn:PriAirCondgSysDsgnFlow  (76:'HVACSecondary-Fan-FanRatios.rule' line 67)
2020-03-18 17:41:23 - Error:  Division by zero evaluating rule: Set ANNUAL_BASELINE ThrmlZn:PriAirCondgSysDsgnFlow  (76:'HVACSecondary-Fan-FanRatios.rule' line 67)
2020-03-18 17:41:23 - Error:  Division by zero evaluating rule: Set ANNUAL_BASELINE ThrmlZn:PriAirCondgSysDsgnFlow  (76:'HVACSecondary-Fan-FanRatios.rule' line 67)
2020-03-18 17:41:23 - Error:  Division by zero evaluating rule: Set ANNUAL_BASELINE ThrmlZn:PriAirCondgSysDsgnFlow  (76:'HVACSecondary-Fan-FanRatios.rule' line 67)
2020-03-18 17:41:23 - Error:  Division by zero evaluating rule: Set ANNUAL_BASELINE ThrmlZn:PriAirCondgSysDsgnFlow  (76:'HVACSecondary-Fan-FanRatios.rule' line 67)
2020-03-18 17:41:23 - Error:  Division by zero evaluating rule: Set ANNUAL_BASELINE ThrmlZn:PriAirCondgSysDsgnFlow  (76:'HVACSecondary-Fan-FanRatios.rule' line 67)
2020-03-18 17:41:23 - Error:  Division by zero evaluating rule: Set ANNUAL_BASELINE ThrmlZn:PriAirCondgSysDsgnFlow  (76:'HVACSecondary-Fan-FanRatios.rule' line 67)
2020-03-18 17:41:23 - Error:  Division by zero evaluating rule: Set ANNUAL_BASELINE ThrmlZn:PriAirCondgSysDsgnFlow  (76:'HVACSecondary-Fan-FanRatios.rule' line 67)
2020-03-18 17:41:23 - Error:  Division by zero evaluating rule: Set ANNUAL_BASELINE ThrmlZn:PriAirCondgSysDsgnFlow  (76:'HVACSecondary-Fan-FanRatios.rule' line 67)
2020-03-18 17:41:23 - Error:  Division by zero evaluating rule: Set ANNUAL_BASELINE ThrmlZn:VentSysDsgnFlow  (76:'HVACSecondary-Fan-FanRatios.rule' line 111)
2020-03-18 17:41:23 - Error:  Division by zero evaluating rule: Set ANNUAL_BASELINE ThrmlZn:VentSysDsgnFlow  (76:'HVACSecondary-Fan-FanRatios.rule' line 111)
2020-03-18 17:41:23 - Error:  Division by zero evaluating rule: Set ANNUAL_BASELINE ThrmlZn:VentSysDsgnFlow  (76:'HVACSecondary-Fan-FanRatios.rule' line 111)
2020-03-18 17:41:23 - Error:  Division by zero evaluating rule: Set ANNUAL_BASELINE ThrmlZn:VentSysDsgnFlow  (76:'HVACSecondary-Fan-FanRatios.rule' line 111)
2020-03-18 17:41:23 - Error:  Division by zero evaluating rule: Set ANNUAL_BASELINE ThrmlZn:VentSysDsgnFlow  (76:'HVACSecondary-Fan-FanRatios.rule' line 111)
2020-03-18 17:41:23 - Error:  Division by zero evaluating rule: Set ANNUAL_BASELINE ThrmlZn:VentSysDsgnFlow  (76:'HVACSecondary-Fan-FanRatios.rule' line 111)
2020-03-18 17:41:23 - Error:  Division by zero evaluating rule: Set ANNUAL_BASELINE ThrmlZn:VentSysDsgnFlow  (76:'HVACSecondary-Fan-FanRatios.rule' line 111)
2020-03-18 17:41:23 - Error:  Division by zero evaluating rule: Set ANNUAL_BASELINE ThrmlZn:VentSysDsgnFlow  (76:'HVACSecondary-Fan-FanRatios.rule' line 111)
2020-03-18 17:41:23 - Error:  Division by zero evaluating rule: Set ANNUAL_BASELINE ThrmlZn:VentSysDsgnFlow  (76:'HVACSecondary-Fan-FanRatios.rule' line 111)
2020-03-18 17:41:23 - Error:  Division by zero evaluating rule: Set ANNUAL_BASELINE ThrmlZn:VentSysDsgnFlow  (76:'HVACSecondary-Fan-FanRatios.rule' line 111)
2020-03-18 17:41:23 - Error:  Division by zero evaluating rule: Set ANNUAL_BASELINE ThrmlZn:VentSysDsgnFlow  (76:'HVACSecondary-Fan-FanRatios.rule' line 111)
2020-03-18 17:41:23 - Error:  Division by zero evaluating rule: Set ANNUAL_BASELINE ThrmlZn:VentSysDsgnFlow  (76:'HVACSecondary-Fan-FanRatios.rule' line 111)
2020-03-18 17:41:25 -   PerfAnal_NRes - Bypassing OpenStudio (and simulation) for ab model
2020-03-18 17:41:25 -   PerfAnal_NRes - Completed analysis steps thru #7
2020-03-18 17:41:25 - Analysis incomplete  Processing time:  Overall 6:42 / SDD2IDF x2 avg 0:04 / SizSim x0 0:00 / AnnSim x2 avg 3:04 / ReportGen x0 0:00 / Other 0:22
2020-03-18 17:41:25 -       ResultsSummary population:  bAbort = (false) / RuleProcAbort = (false) / iRetVal = 0 / pszResultsSummary = (empty) / iResultsSummaryLen = 3200
2020-03-18 17:41:25 -       ResultsSummary components1:  2020-03-18 17:41:25 / instance / High-Rise Mixed-Use (10-story) / CTZ13S22A / Title24ProposedOnly / 6:42 /  / 
2020-03-18 17:41:25 -       ResultsSummary components2:  CBECC-Com 2022.0.1 RV (1113) / BEMCmpMgr 2022.0.1 RV (6107) / CA 2022 Nonresidential, Vers. 1.0 Alpha /  /  / - / C:\Users\mnakajima\Documents\CBECC-Com 2022 Data\EPW\ / C:\Users\mnakajima\Documents\GitHub\T24-2022-CASE-Modeling\framework\analysis\hpte\runs\hr-qii-30\cz13\
2020-03-18 17:41:25 -       ResultsSummary:  2020-03-18 17:41:25,"instance","High-Rise Mixed-Use (10-story)","CTZ13S22A","Pol  0% RetAdd NoLeak",125400,150480,"Title24ProposedOnly",6:42,,,"--","--","Successful (203 warnings)",6.25708,153368,75150.7,221.105,4776.07,1088.9,52184.6,286795,231906,0,181711,6890.07,0,0,707302,4089.62,0,0,0,0,7082.35,0,11172,754.553,0,0,0,11926.5,0,0,0,0,0,0,0,0,0,0,0,0,0,8.77333,43.4625,17.4992,0.0975521,1.07449,13.9152,11.1652,95.9874,53.9576,0,42.0607,1.52103,0,0,193.527,169.644,23.8829,0,0,,0,19.25,"Thermal Zone: F10 2-Bed NE",0,"--","--","",0,0,0,0,0,0,0,0,0,0,0,0,0,0,0,0,0,0,0,0,0,0,0,0,0,0,0,0,0,0,0,0,0,0,0,0,0,0,0,0,0,0,0,0,0,0,0,0,0,0,0,0,0,0,0,0,0,0,0,,,,,,,3.02404e-06,54.9888,13.3265,0.090489,1.2712,0.124303,8.98287,78.7842,40.0913,0,31.5421,0.786538,0,0,151.204,0,0,0,0,0,0,0,0,0,0,0,0,0,0,0,"CBECC-Com 2022.0.1 RV (1113)","BEMCmpMgr 2022.0.1 RV (6107)","CA 2022 Nonresidential, Vers. 1.0 Alpha","","","-","C:\Users\mnakajima\Documents\CBECC-Com 2022 Data\EPW\","C:\Users\mnakajima\Documents\GitHub\T24-2022-CASE-Modeling\framework\analysis\hpte\runs\hr-qii-30\cz13\",0.00119056,17.9319,10.9672,0.023158,0.476903,0.178109,5.75312,35.33,35.8106,0,31.324,1.127,0,0,103.59,1.96092,0,0,0,0,3.39589,0,5.36,0.361798,0,0,0,5.72,0,0,0,0,0,0,0,0,0,0,0,0,0,0,0,0,0,0,0,0,0,0,0,0,0,0,0,0,3.03748,2.69373,1.6475,0.00347879,0.0716405,5.28672,0.864236,13.6048,5.93987,0,4.70549,0.169298,0,0,24.4194,0,0,0,0,0,0,0,0,0,0,0,0,0,0,0,

2020-03-18 17:41:28 - -----------------------------------------------------------------------------
2020-03-18 17:41:28 - Opening Project 'cz13\instance.cibd22'...
2020-03-18 17:41:29 -    Model load successful into CBECC-Com 2022.0.1 RV (1113)
2020-03-18 17:41:29 - Performing Building Database check...
2020-03-18 17:41:29 - Building Database check completed, no problems found.
2020-03-18 17:41:32 - Project Saved
