2020-01-24 04:19:15 - -----------------------------------------------------------------------------
2020-01-24 04:19:15 - Opening Project 'cz09\instance.cibd22'...
2020-01-24 04:19:16 -    Model load successful into CBECC-Com 2022.0.1 RV (1113)
2020-01-24 04:19:17 - Performing Building Database check...
2020-01-24 04:19:17 - Building Database check completed, no problems found.
2020-01-24 04:19:24 -   PerfAnal_NRes - starting, w/ arguments:
2020-01-24 04:19:24 -        BEMBasePathFile    = (null)
2020-01-24 04:19:24 -        RulesetPathFile    = (null)
2020-01-24 04:19:24 -        SimWeatherPath     = C:\Users\agoyal\Documents\CBECC-Com 2022 Data\EPW\
2020-01-24 04:19:24 -        CompMgrDLLPath     = (null)
2020-01-24 04:19:24 -        DHWWeatherPath     = (null)
2020-01-24 04:19:24 -        ProcessingPath     = C:\Users\agoyal\Documents\GitHub\T24-2022-CASE-Modeling\framework\analysis\baseline-hr\runs\hr-baseline\cz09\instance - run\
2020-01-24 04:19:24 -        ModelPathFile      = C:\Users\agoyal\Documents\GitHub\T24-2022-CASE-Modeling\framework\analysis\baseline-hr\runs\hr-baseline\cz09\instance.cibd22
2020-01-24 04:19:24 -        LogPathFile        = (null)
2020-01-24 04:19:24 -        UIVersionString    = CBECC-Com 2022.0.1 RV (1113)
2020-01-24 04:19:24 -        LoadModelFile      = false
2020-01-24 04:19:24 -        OptionsCSV         = AllowAnalysisAbort,0,StoreBEMDetails,1,AnalysisThruStep,8,ModelRpt_ALL,1,ExportHourlyResults_All,1,PromptUserUMLHWarning,1,PreAnalysisCheckPromptOption,3,CompReportWarningOption,5,
2020-01-24 04:19:24 -        ErrorMsg           = (assumed to be initialized)
2020-01-24 04:19:24 -        ErrorMsgLen        = 2056
2020-01-24 04:19:24 -        DisplayProgress    = true
2020-01-24 04:19:24 -        ResultsSummary     = (empty)
2020-01-24 04:19:24 -        ResultsSummaryLen  = 3200
2020-01-24 04:19:24 -        pProgCallbackFunc  = (null)
2020-01-24 04:19:24 - Performing Building Database check...
2020-01-24 04:19:24 - Building Database check completed, no problems found.
2020-01-24 04:19:25 - Warning:  The following developer options must be defaulted (not specified by the user) in order to perform a valid compliance analysis:
          Proj 'High-Rise Mixed-Use (10-story)' DefaultDayltgCtrls
          Proj 'High-Rise Mixed-Use (10-story)' AutoHardSize
          Proj 'High-Rise Mixed-Use (10-story)' AutoEffInput
2020-01-24 04:19:25 -    1 file hash check(s) failed on executable and/or analysis support files (analysis continuing w/ report signature disabled)
2020-01-24 04:19:28 -   PerfAnal_NRes - AnalysisThruStep being set to #7 due to Proj:AnalysisType = Title24ProposedOnly
2020-01-24 04:19:28 - Performing Building Database check...
2020-01-24 04:19:28 - Building Database check completed, no problems found.
2020-01-24 04:19:28 - Warning:  Residential space 'F2-9 1-Bed NE' ventilation flow rate, 38 cfm, is greater than the code minimum, 22 cfm. evaluating rule: Set CHECKCODE Spc:VentFlow  (25:'Space-Ventilation.rule' line 2828)
2020-01-24 04:19:28 - Warning:  Residential space 'F2-9 1-Bed NW' ventilation flow rate, 38 cfm, is greater than the code minimum, 22 cfm. evaluating rule: Set CHECKCODE Spc:VentFlow  (25:'Space-Ventilation.rule' line 2828)
2020-01-24 04:19:28 - Warning:  Residential space 'F2-9 1-Bed SE Inner' ventilation flow rate, 38 cfm, is greater than the code minimum, 22 cfm. evaluating rule: Set CHECKCODE Spc:VentFlow  (25:'Space-Ventilation.rule' line 2828)
2020-01-24 04:19:28 - Warning:  Residential space 'F2-9 1-Bed SE Outer' ventilation flow rate, 38 cfm, is greater than the code minimum, 22 cfm. evaluating rule: Set CHECKCODE Spc:VentFlow  (25:'Space-Ventilation.rule' line 2828)
2020-01-24 04:19:28 - Warning:  Residential space 'F2-9 1-Bed SW Inner' ventilation flow rate, 38 cfm, is greater than the code minimum, 22 cfm. evaluating rule: Set CHECKCODE Spc:VentFlow  (25:'Space-Ventilation.rule' line 2828)
2020-01-24 04:19:28 - Warning:  Residential space 'F2-9 1-Bed SW Outer' ventilation flow rate, 38 cfm, is greater than the code minimum, 22 cfm. evaluating rule: Set CHECKCODE Spc:VentFlow  (25:'Space-Ventilation.rule' line 2828)
2020-01-24 04:19:28 - Warning:  Residential space 'F2-9 2-Bed N Core' ventilation flow rate, 55 cfm, is greater than the code minimum, 34 cfm. evaluating rule: Set CHECKCODE Spc:VentFlow  (25:'Space-Ventilation.rule' line 2828)
2020-01-24 04:19:28 - Warning:  Residential space 'F2-9 2-Bed NE' ventilation flow rate, 55 cfm, is greater than the code minimum, 34 cfm. evaluating rule: Set CHECKCODE Spc:VentFlow  (25:'Space-Ventilation.rule' line 2828)
2020-01-24 04:19:28 - Warning:  Residential space 'F2-9 2-Bed NW' ventilation flow rate, 55 cfm, is greater than the code minimum, 34 cfm. evaluating rule: Set CHECKCODE Spc:VentFlow  (25:'Space-Ventilation.rule' line 2828)
2020-01-24 04:19:28 - Warning:  Residential space 'F2-9 2-Bed SE' ventilation flow rate, 55 cfm, is greater than the code minimum, 34 cfm. evaluating rule: Set CHECKCODE Spc:VentFlow  (25:'Space-Ventilation.rule' line 2828)
2020-01-24 04:19:28 - Warning:  Residential space 'F2-9 2-Bed SW' ventilation flow rate, 55 cfm, is greater than the code minimum, 34 cfm. evaluating rule: Set CHECKCODE Spc:VentFlow  (25:'Space-Ventilation.rule' line 2828)
2020-01-24 04:19:28 - Warning:  Residential space 'F2-9 Studio NE' ventilation flow rate, 31 cfm, is greater than the code minimum, 22 cfm. evaluating rule: Set CHECKCODE Spc:VentFlow  (25:'Space-Ventilation.rule' line 2828)
2020-01-24 04:19:28 - Warning:  Residential space 'F2-9 Studio NW' ventilation flow rate, 31 cfm, is greater than the code minimum, 22 cfm. evaluating rule: Set CHECKCODE Spc:VentFlow  (25:'Space-Ventilation.rule' line 2828)
2020-01-24 04:19:28 - Warning:  Residential space 'F10 1-Bed NE' ventilation flow rate, 38 cfm, is greater than the code minimum, 22 cfm. evaluating rule: Set CHECKCODE Spc:VentFlow  (25:'Space-Ventilation.rule' line 2828)
2020-01-24 04:19:28 - Warning:  Residential space 'F10 1-Bed NW' ventilation flow rate, 38 cfm, is greater than the code minimum, 22 cfm. evaluating rule: Set CHECKCODE Spc:VentFlow  (25:'Space-Ventilation.rule' line 2828)
2020-01-24 04:19:28 - Warning:  Residential space 'F10 1-Bed SE Inner' ventilation flow rate, 38 cfm, is greater than the code minimum, 22 cfm. evaluating rule: Set CHECKCODE Spc:VentFlow  (25:'Space-Ventilation.rule' line 2828)
2020-01-24 04:19:28 - Warning:  Residential space 'F10 1-Bed SE Outer' ventilation flow rate, 38 cfm, is greater than the code minimum, 22 cfm. evaluating rule: Set CHECKCODE Spc:VentFlow  (25:'Space-Ventilation.rule' line 2828)
2020-01-24 04:19:28 - Warning:  Residential space 'F10 1-Bed SW Inner' ventilation flow rate, 38 cfm, is greater than the code minimum, 22 cfm. evaluating rule: Set CHECKCODE Spc:VentFlow  (25:'Space-Ventilation.rule' line 2828)
2020-01-24 04:19:28 - Warning:  Residential space 'F10 1-Bed SW Outer' ventilation flow rate, 38 cfm, is greater than the code minimum, 22 cfm. evaluating rule: Set CHECKCODE Spc:VentFlow  (25:'Space-Ventilation.rule' line 2828)
2020-01-24 04:19:28 - Warning:  Residential space 'F10 2-Bed N Core' ventilation flow rate, 55 cfm, is greater than the code minimum, 34 cfm. evaluating rule: Set CHECKCODE Spc:VentFlow  (25:'Space-Ventilation.rule' line 2828)
2020-01-24 04:19:28 - Warning:  Residential space 'F10 2-Bed NE' ventilation flow rate, 55 cfm, is greater than the code minimum, 34 cfm. evaluating rule: Set CHECKCODE Spc:VentFlow  (25:'Space-Ventilation.rule' line 2828)
2020-01-24 04:19:28 - Warning:  Residential space 'F10 2-Bed NW' ventilation flow rate, 55 cfm, is greater than the code minimum, 34 cfm. evaluating rule: Set CHECKCODE Spc:VentFlow  (25:'Space-Ventilation.rule' line 2828)
2020-01-24 04:19:28 - Warning:  Residential space 'F10 2-Bed SE' ventilation flow rate, 55 cfm, is greater than the code minimum, 34 cfm. evaluating rule: Set CHECKCODE Spc:VentFlow  (25:'Space-Ventilation.rule' line 2828)
2020-01-24 04:19:28 - Warning:  Residential space 'F10 2-Bed SW' ventilation flow rate, 55 cfm, is greater than the code minimum, 34 cfm. evaluating rule: Set CHECKCODE Spc:VentFlow  (25:'Space-Ventilation.rule' line 2828)
2020-01-24 04:19:28 - Warning:  Residential space 'F10 Studio NE' ventilation flow rate, 31 cfm, is greater than the code minimum, 22 cfm. evaluating rule: Set CHECKCODE Spc:VentFlow  (25:'Space-Ventilation.rule' line 2828)
2020-01-24 04:19:28 - Warning:  Residential space 'F10 Studio NW' ventilation flow rate, 31 cfm, is greater than the code minimum, 22 cfm. evaluating rule: Set CHECKCODE Spc:VentFlow  (25:'Space-Ventilation.rule' line 2828)
2020-01-24 04:19:28 - Warning:  The spaces assigned to thermal zone 'Thermal Zone: F1 Lounge' have cooling unmet load hour limits ranging from 150 to 8760. All spaces in the zone will be held to the minimum UMLH limit. evaluating rule: Set CHECKCODE ThrmlZn:ClgUMLHLimit  (60:'ThermalZone-General.rule' line 1738)
2020-01-24 04:19:28 - Warning:  The spaces assigned to thermal zone 'Thermal Zone: F1 Lounge' have heating unmet load hour limits ranging from 150 to 8760. All spaces in the zone will be held to the minimum UMLH limit. evaluating rule: Set CHECKCODE ThrmlZn:HtgUMLHLimit  (60:'ThermalZone-General.rule' line 1765)
2020-01-24 04:19:28 - Warning:  ThermalZone 'Thermal Zone: F1 Business Center' has no HVAC, or HasUnknownHVAC is checked. A baseline system will be modeled for this zone. If a proposed HVAC system has been specified, it will be ignored. evaluating rule: Set CHECKCODE ThrmlZn:CreateBaseHVAC  (63:'BaselineHVACSystems-T24N.rule' line 680)
2020-01-24 04:19:28 - Warning:  ThermalZone 'Thermal Zone: F1 Fitness Center' has no HVAC, or HasUnknownHVAC is checked. A baseline system will be modeled for this zone. If a proposed HVAC system has been specified, it will be ignored. evaluating rule: Set CHECKCODE ThrmlZn:CreateBaseHVAC  (63:'BaselineHVACSystems-T24N.rule' line 680)
2020-01-24 04:19:28 - Warning:  ThermalZone 'Thermal Zone: F1 Leasing Office' has no HVAC, or HasUnknownHVAC is checked. A baseline system will be modeled for this zone. If a proposed HVAC system has been specified, it will be ignored. evaluating rule: Set CHECKCODE ThrmlZn:CreateBaseHVAC  (63:'BaselineHVACSystems-T24N.rule' line 680)
2020-01-24 04:19:28 - Warning:  ThermalZone 'Thermal Zone: F1 Lounge' has no HVAC, or HasUnknownHVAC is checked. A baseline system will be modeled for this zone. If a proposed HVAC system has been specified, it will be ignored. evaluating rule: Set CHECKCODE ThrmlZn:CreateBaseHVAC  (63:'BaselineHVACSystems-T24N.rule' line 680)
2020-01-24 04:19:28 - Warning:  ThermalZone 'Thermal Zone: F1 Retail E Core' has no HVAC, or HasUnknownHVAC is checked. A baseline system will be modeled for this zone. If a proposed HVAC system has been specified, it will be ignored. evaluating rule: Set CHECKCODE ThrmlZn:CreateBaseHVAC  (63:'BaselineHVACSystems-T24N.rule' line 680)
2020-01-24 04:19:28 - Warning:  ThermalZone 'Thermal Zone: F1 Retail E Outer' has no HVAC, or HasUnknownHVAC is checked. A baseline system will be modeled for this zone. If a proposed HVAC system has been specified, it will be ignored. evaluating rule: Set CHECKCODE ThrmlZn:CreateBaseHVAC  (63:'BaselineHVACSystems-T24N.rule' line 680)
2020-01-24 04:19:28 - Warning:  ThermalZone 'Thermal Zone: F1 Retail W Core' has no HVAC, or HasUnknownHVAC is checked. A baseline system will be modeled for this zone. If a proposed HVAC system has been specified, it will be ignored. evaluating rule: Set CHECKCODE ThrmlZn:CreateBaseHVAC  (63:'BaselineHVACSystems-T24N.rule' line 680)
2020-01-24 04:19:28 - Warning:  ThermalZone 'Thermal Zone: F1 Retail W Outer' has no HVAC, or HasUnknownHVAC is checked. A baseline system will be modeled for this zone. If a proposed HVAC system has been specified, it will be ignored. evaluating rule: Set CHECKCODE ThrmlZn:CreateBaseHVAC  (63:'BaselineHVACSystems-T24N.rule' line 680)
2020-01-24 04:19:28 - Warning:  ThermalZone 'Thermal Zone: F10 1-Bed N' has no HVAC, or HasUnknownHVAC is checked. A baseline system will be modeled for this zone. If a proposed HVAC system has been specified, it will be ignored. evaluating rule: Set CHECKCODE ThrmlZn:CreateBaseHVAC  (63:'BaselineHVACSystems-T24N.rule' line 680)
2020-01-24 04:19:28 - Warning:  ThermalZone 'Thermal Zone: F10 1-Bed SE' has no HVAC, or HasUnknownHVAC is checked. A baseline system will be modeled for this zone. If a proposed HVAC system has been specified, it will be ignored. evaluating rule: Set CHECKCODE ThrmlZn:CreateBaseHVAC  (63:'BaselineHVACSystems-T24N.rule' line 680)
2020-01-24 04:19:28 - Warning:  ThermalZone 'Thermal Zone: F10 1-Bed SW' has no HVAC, or HasUnknownHVAC is checked. A baseline system will be modeled for this zone. If a proposed HVAC system has been specified, it will be ignored. evaluating rule: Set CHECKCODE ThrmlZn:CreateBaseHVAC  (63:'BaselineHVACSystems-T24N.rule' line 680)
2020-01-24 04:19:28 - Warning:  ThermalZone 'Thermal Zone: F10 2-Bed N Core' has no HVAC, or HasUnknownHVAC is checked. A baseline system will be modeled for this zone. If a proposed HVAC system has been specified, it will be ignored. evaluating rule: Set CHECKCODE ThrmlZn:CreateBaseHVAC  (63:'BaselineHVACSystems-T24N.rule' line 680)
2020-01-24 04:19:28 - Warning:  ThermalZone 'Thermal Zone: F10 2-Bed NE' has no HVAC, or HasUnknownHVAC is checked. A baseline system will be modeled for this zone. If a proposed HVAC system has been specified, it will be ignored. evaluating rule: Set CHECKCODE ThrmlZn:CreateBaseHVAC  (63:'BaselineHVACSystems-T24N.rule' line 680)
2020-01-24 04:19:28 - Warning:  ThermalZone 'Thermal Zone: F10 2-Bed NW' has no HVAC, or HasUnknownHVAC is checked. A baseline system will be modeled for this zone. If a proposed HVAC system has been specified, it will be ignored. evaluating rule: Set CHECKCODE ThrmlZn:CreateBaseHVAC  (63:'BaselineHVACSystems-T24N.rule' line 680)
2020-01-24 04:19:28 - Warning:  ThermalZone 'Thermal Zone: F10 2-Bed SE' has no HVAC, or HasUnknownHVAC is checked. A baseline system will be modeled for this zone. If a proposed HVAC system has been specified, it will be ignored. evaluating rule: Set CHECKCODE ThrmlZn:CreateBaseHVAC  (63:'BaselineHVACSystems-T24N.rule' line 680)
2020-01-24 04:19:28 - Warning:  ThermalZone 'Thermal Zone: F10 2-Bed SW' has no HVAC, or HasUnknownHVAC is checked. A baseline system will be modeled for this zone. If a proposed HVAC system has been specified, it will be ignored. evaluating rule: Set CHECKCODE ThrmlZn:CreateBaseHVAC  (63:'BaselineHVACSystems-T24N.rule' line 680)
2020-01-24 04:19:28 - Warning:  ThermalZone 'Thermal Zone: F10 Corridor' has no HVAC, or HasUnknownHVAC is checked. A baseline system will be modeled for this zone. If a proposed HVAC system has been specified, it will be ignored. evaluating rule: Set CHECKCODE ThrmlZn:CreateBaseHVAC  (63:'BaselineHVACSystems-T24N.rule' line 680)
2020-01-24 04:19:28 - Warning:  ThermalZone 'Thermal Zone: F10 Laundry' has no HVAC, or HasUnknownHVAC is checked. A baseline system will be modeled for this zone. If a proposed HVAC system has been specified, it will be ignored. evaluating rule: Set CHECKCODE ThrmlZn:CreateBaseHVAC  (63:'BaselineHVACSystems-T24N.rule' line 680)
2020-01-24 04:19:28 - Warning:  ThermalZone 'Thermal Zone: F10 Studio N' has no HVAC, or HasUnknownHVAC is checked. A baseline system will be modeled for this zone. If a proposed HVAC system has been specified, it will be ignored. evaluating rule: Set CHECKCODE ThrmlZn:CreateBaseHVAC  (63:'BaselineHVACSystems-T24N.rule' line 680)
2020-01-24 04:19:28 - Warning:  ThermalZone 'Thermal Zone: F2-9 1-Bed N' has no HVAC, or HasUnknownHVAC is checked. A baseline system will be modeled for this zone. If a proposed HVAC system has been specified, it will be ignored. evaluating rule: Set CHECKCODE ThrmlZn:CreateBaseHVAC  (63:'BaselineHVACSystems-T24N.rule' line 680)
2020-01-24 04:19:28 - Warning:  ThermalZone 'Thermal Zone: F2-9 1-Bed SE' has no HVAC, or HasUnknownHVAC is checked. A baseline system will be modeled for this zone. If a proposed HVAC system has been specified, it will be ignored. evaluating rule: Set CHECKCODE ThrmlZn:CreateBaseHVAC  (63:'BaselineHVACSystems-T24N.rule' line 680)
2020-01-24 04:19:28 - Warning:  ThermalZone 'Thermal Zone: F2-9 1-Bed SW' has no HVAC, or HasUnknownHVAC is checked. A baseline system will be modeled for this zone. If a proposed HVAC system has been specified, it will be ignored. evaluating rule: Set CHECKCODE ThrmlZn:CreateBaseHVAC  (63:'BaselineHVACSystems-T24N.rule' line 680)
2020-01-24 04:19:28 - Warning:  ThermalZone 'Thermal Zone: F2-9 2-Bed N Core' has no HVAC, or HasUnknownHVAC is checked. A baseline system will be modeled for this zone. If a proposed HVAC system has been specified, it will be ignored. evaluating rule: Set CHECKCODE ThrmlZn:CreateBaseHVAC  (63:'BaselineHVACSystems-T24N.rule' line 680)
2020-01-24 04:19:28 - Warning:  ThermalZone 'Thermal Zone: F2-9 2-Bed NE' has no HVAC, or HasUnknownHVAC is checked. A baseline system will be modeled for this zone. If a proposed HVAC system has been specified, it will be ignored. evaluating rule: Set CHECKCODE ThrmlZn:CreateBaseHVAC  (63:'BaselineHVACSystems-T24N.rule' line 680)
2020-01-24 04:19:28 - Warning:  ThermalZone 'Thermal Zone: F2-9 2-Bed NW' has no HVAC, or HasUnknownHVAC is checked. A baseline system will be modeled for this zone. If a proposed HVAC system has been specified, it will be ignored. evaluating rule: Set CHECKCODE ThrmlZn:CreateBaseHVAC  (63:'BaselineHVACSystems-T24N.rule' line 680)
2020-01-24 04:19:28 - Warning:  ThermalZone 'Thermal Zone: F2-9 2-Bed SE' has no HVAC, or HasUnknownHVAC is checked. A baseline system will be modeled for this zone. If a proposed HVAC system has been specified, it will be ignored. evaluating rule: Set CHECKCODE ThrmlZn:CreateBaseHVAC  (63:'BaselineHVACSystems-T24N.rule' line 680)
2020-01-24 04:19:28 - Warning:  ThermalZone 'Thermal Zone: F2-9 2-Bed SW' has no HVAC, or HasUnknownHVAC is checked. A baseline system will be modeled for this zone. If a proposed HVAC system has been specified, it will be ignored. evaluating rule: Set CHECKCODE ThrmlZn:CreateBaseHVAC  (63:'BaselineHVACSystems-T24N.rule' line 680)
2020-01-24 04:19:28 - Warning:  ThermalZone 'Thermal Zone: F2-9 Corridor' has no HVAC, or HasUnknownHVAC is checked. A baseline system will be modeled for this zone. If a proposed HVAC system has been specified, it will be ignored. evaluating rule: Set CHECKCODE ThrmlZn:CreateBaseHVAC  (63:'BaselineHVACSystems-T24N.rule' line 680)
2020-01-24 04:19:28 - Warning:  ThermalZone 'Thermal Zone: F2-9 Laundry' has no HVAC, or HasUnknownHVAC is checked. A baseline system will be modeled for this zone. If a proposed HVAC system has been specified, it will be ignored. evaluating rule: Set CHECKCODE ThrmlZn:CreateBaseHVAC  (63:'BaselineHVACSystems-T24N.rule' line 680)
2020-01-24 04:19:28 - Warning:  ThermalZone 'Thermal Zone: F2-9 Studio N' has no HVAC, or HasUnknownHVAC is checked. A baseline system will be modeled for this zone. If a proposed HVAC system has been specified, it will be ignored. evaluating rule: Set CHECKCODE ThrmlZn:CreateBaseHVAC  (63:'BaselineHVACSystems-T24N.rule' line 680)
2020-01-24 04:23:38 -   PerfAnal_NRes - Bypassing OpenStudio (and simulation) for zb model
2020-01-24 04:58:29 - Error:  Undefined data: numerator evaluating rule: Set ANNUAL_BASELINE Fan:FlowCap  (75:'HVACSecondary-Fan-General.rule' line 494)
2020-01-24 04:58:29 - Error:  Undefined data: numerator evaluating rule: Set ANNUAL_BASELINE Fan:FlowCap  (75:'HVACSecondary-Fan-General.rule' line 494)
2020-01-24 04:58:29 - Error:  Undefined data: numerator evaluating rule: Set ANNUAL_BASELINE Fan:FlowCap  (75:'HVACSecondary-Fan-General.rule' line 494)
2020-01-24 04:58:29 - Error:  Undefined data: numerator evaluating rule: Set ANNUAL_BASELINE Fan:FlowCap  (75:'HVACSecondary-Fan-General.rule' line 529)
2020-01-24 04:58:29 - Error:  Undefined data: numerator evaluating rule: Set ANNUAL_BASELINE Fan:FlowCap  (75:'HVACSecondary-Fan-General.rule' line 529)
2020-01-24 04:58:29 - Error:  Undefined data: numerator evaluating rule: Set ANNUAL_BASELINE Fan:FlowCap  (75:'HVACSecondary-Fan-General.rule' line 529)
2020-01-24 04:58:29 - Error:  Undefined data: numerator evaluating rule: Set ANNUAL_BASELINE Fan:FlowCap  (75:'HVACSecondary-Fan-General.rule' line 529)
2020-01-24 04:58:29 - Error:  Undefined data: numerator evaluating rule: Set ANNUAL_BASELINE Fan:FlowCap  (75:'HVACSecondary-Fan-General.rule' line 529)
2020-01-24 04:58:29 - Error:  Undefined data: numerator evaluating rule: Set ANNUAL_BASELINE Fan:FlowCap  (75:'HVACSecondary-Fan-General.rule' line 529)
2020-01-24 04:58:29 - Error:  Undefined data: numerator evaluating rule: Set ANNUAL_BASELINE Fan:FlowCap  (75:'HVACSecondary-Fan-General.rule' line 529)
2020-01-24 04:58:29 - Error:  Undefined data: numerator evaluating rule: Set ANNUAL_BASELINE Fan:FlowCap  (75:'HVACSecondary-Fan-General.rule' line 529)
2020-01-24 04:58:29 - Error:  Undefined data: numerator evaluating rule: Set ANNUAL_BASELINE Fan:FlowCap  (75:'HVACSecondary-Fan-General.rule' line 529)
2020-01-24 04:58:29 - Error:  Undefined data: numerator evaluating rule: Set ANNUAL_BASELINE Fan:FlowCap  (75:'HVACSecondary-Fan-General.rule' line 529)
2020-01-24 04:58:29 - Error:  Undefined data: numerator evaluating rule: Set ANNUAL_BASELINE Fan:FlowCap  (75:'HVACSecondary-Fan-General.rule' line 529)
2020-01-24 04:58:29 - Error:  Undefined data: numerator evaluating rule: Set ANNUAL_BASELINE Fan:FlowCap  (75:'HVACSecondary-Fan-General.rule' line 529)
2020-01-24 04:58:29 - Error:  Undefined data: numerator evaluating rule: Set ANNUAL_BASELINE Fan:FlowCap  (75:'HVACSecondary-Fan-General.rule' line 529)
2020-01-24 04:58:29 - Error:  Undefined data: numerator evaluating rule: Set ANNUAL_BASELINE Fan:FlowCap  (75:'HVACSecondary-Fan-General.rule' line 529)
2020-01-24 04:58:29 - Error:  Undefined data: numerator evaluating rule: Set ANNUAL_BASELINE Fan:FlowCap  (75:'HVACSecondary-Fan-General.rule' line 529)
2020-01-24 04:58:29 - Error:  Undefined data: numerator evaluating rule: Set ANNUAL_BASELINE Fan:FlowCap  (75:'HVACSecondary-Fan-General.rule' line 529)
2020-01-24 04:58:29 - Error:  Undefined data: numerator evaluating rule: Set ANNUAL_BASELINE Fan:FlowCap  (75:'HVACSecondary-Fan-General.rule' line 529)
2020-01-24 04:58:29 - Error:  Undefined data: numerator evaluating rule: Set ANNUAL_BASELINE Fan:FlowCap  (75:'HVACSecondary-Fan-General.rule' line 529)
2020-01-24 04:58:29 - Error:  Division by zero evaluating rule: Set ANNUAL_BASELINE ThrmlZn:PriAirCondgSysDsgnFlow  (76:'HVACSecondary-Fan-FanRatios.rule' line 67)
2020-01-24 04:58:29 - Error:  Division by zero evaluating rule: Set ANNUAL_BASELINE ThrmlZn:PriAirCondgSysDsgnFlow  (76:'HVACSecondary-Fan-FanRatios.rule' line 67)
2020-01-24 04:58:29 - Error:  Division by zero evaluating rule: Set ANNUAL_BASELINE ThrmlZn:PriAirCondgSysDsgnFlow  (76:'HVACSecondary-Fan-FanRatios.rule' line 67)
2020-01-24 04:58:29 - Error:  Division by zero evaluating rule: Set ANNUAL_BASELINE ThrmlZn:PriAirCondgSysDsgnFlow  (76:'HVACSecondary-Fan-FanRatios.rule' line 67)
2020-01-24 04:58:29 - Error:  Division by zero evaluating rule: Set ANNUAL_BASELINE ThrmlZn:PriAirCondgSysDsgnFlow  (76:'HVACSecondary-Fan-FanRatios.rule' line 67)
2020-01-24 04:58:29 - Error:  Division by zero evaluating rule: Set ANNUAL_BASELINE ThrmlZn:PriAirCondgSysDsgnFlow  (76:'HVACSecondary-Fan-FanRatios.rule' line 67)
2020-01-24 04:58:29 - Error:  Division by zero evaluating rule: Set ANNUAL_BASELINE ThrmlZn:PriAirCondgSysDsgnFlow  (76:'HVACSecondary-Fan-FanRatios.rule' line 67)
2020-01-24 04:58:29 - Error:  Division by zero evaluating rule: Set ANNUAL_BASELINE ThrmlZn:PriAirCondgSysDsgnFlow  (76:'HVACSecondary-Fan-FanRatios.rule' line 67)
2020-01-24 04:58:29 - Error:  Division by zero evaluating rule: Set ANNUAL_BASELINE ThrmlZn:PriAirCondgSysDsgnFlow  (76:'HVACSecondary-Fan-FanRatios.rule' line 67)
2020-01-24 04:58:29 - Error:  Division by zero evaluating rule: Set ANNUAL_BASELINE ThrmlZn:PriAirCondgSysDsgnFlow  (76:'HVACSecondary-Fan-FanRatios.rule' line 67)
2020-01-24 04:58:29 - Error:  Division by zero evaluating rule: Set ANNUAL_BASELINE ThrmlZn:PriAirCondgSysDsgnFlow  (76:'HVACSecondary-Fan-FanRatios.rule' line 67)
2020-01-24 04:58:29 - Error:  Division by zero evaluating rule: Set ANNUAL_BASELINE ThrmlZn:PriAirCondgSysDsgnFlow  (76:'HVACSecondary-Fan-FanRatios.rule' line 67)
2020-01-24 04:58:29 - Error:  Division by zero evaluating rule: Set ANNUAL_BASELINE ThrmlZn:VentSysDsgnFlow  (76:'HVACSecondary-Fan-FanRatios.rule' line 111)
2020-01-24 04:58:29 - Error:  Division by zero evaluating rule: Set ANNUAL_BASELINE ThrmlZn:VentSysDsgnFlow  (76:'HVACSecondary-Fan-FanRatios.rule' line 111)
2020-01-24 04:58:29 - Error:  Division by zero evaluating rule: Set ANNUAL_BASELINE ThrmlZn:VentSysDsgnFlow  (76:'HVACSecondary-Fan-FanRatios.rule' line 111)
2020-01-24 04:58:29 - Error:  Division by zero evaluating rule: Set ANNUAL_BASELINE ThrmlZn:VentSysDsgnFlow  (76:'HVACSecondary-Fan-FanRatios.rule' line 111)
2020-01-24 04:58:29 - Error:  Division by zero evaluating rule: Set ANNUAL_BASELINE ThrmlZn:VentSysDsgnFlow  (76:'HVACSecondary-Fan-FanRatios.rule' line 111)
2020-01-24 04:58:29 - Error:  Division by zero evaluating rule: Set ANNUAL_BASELINE ThrmlZn:VentSysDsgnFlow  (76:'HVACSecondary-Fan-FanRatios.rule' line 111)
2020-01-24 04:58:29 - Error:  Division by zero evaluating rule: Set ANNUAL_BASELINE ThrmlZn:VentSysDsgnFlow  (76:'HVACSecondary-Fan-FanRatios.rule' line 111)
2020-01-24 04:58:29 - Error:  Division by zero evaluating rule: Set ANNUAL_BASELINE ThrmlZn:VentSysDsgnFlow  (76:'HVACSecondary-Fan-FanRatios.rule' line 111)
2020-01-24 04:58:29 - Error:  Division by zero evaluating rule: Set ANNUAL_BASELINE ThrmlZn:VentSysDsgnFlow  (76:'HVACSecondary-Fan-FanRatios.rule' line 111)
2020-01-24 04:58:29 - Error:  Division by zero evaluating rule: Set ANNUAL_BASELINE ThrmlZn:VentSysDsgnFlow  (76:'HVACSecondary-Fan-FanRatios.rule' line 111)
2020-01-24 04:58:29 - Error:  Division by zero evaluating rule: Set ANNUAL_BASELINE ThrmlZn:VentSysDsgnFlow  (76:'HVACSecondary-Fan-FanRatios.rule' line 111)
2020-01-24 04:58:29 - Error:  Division by zero evaluating rule: Set ANNUAL_BASELINE ThrmlZn:VentSysDsgnFlow  (76:'HVACSecondary-Fan-FanRatios.rule' line 111)
2020-01-24 04:58:31 -   PerfAnal_NRes - Bypassing OpenStudio (and simulation) for ab model
2020-01-24 04:58:31 -   PerfAnal_NRes - Completed analysis steps thru #7
2020-01-24 04:58:31 - Analysis incomplete  Processing time:  Overall 39:07 / SDD2IDF x4 avg 0:08 / SizSim x2 avg 1:49 / AnnSim x2 avg 17:13 / ReportGen x0 0:00 / Other 0:24
2020-01-24 04:58:31 -       ResultsSummary population:  bAbort = (false) / RuleProcAbort = (false) / iRetVal = 0 / pszResultsSummary = (empty) / iResultsSummaryLen = 3200
2020-01-24 04:58:31 -       ResultsSummary components1:  2020-01-24 04:58:31 / instance / High-Rise Mixed-Use (10-story) / CTZ09S22A / Title24ProposedOnly / 39:07 /  / 
2020-01-24 04:58:31 -       ResultsSummary components2:  CBECC-Com 2022.0.1 RV (1113) / BEMCmpMgr 2022.0.1 RV (6107) / CA 2022 Nonresidential, Vers. 1.0 Alpha /  /  / - / C:\Users\agoyal\Documents\CBECC-Com 2022 Data\EPW\ / C:\Users\agoyal\Documents\GitHub\T24-2022-CASE-Modeling\framework\analysis\baseline-hr\runs\hr-baseline\cz09\
2020-01-24 04:58:31 -       ResultsSummary:  2020-01-24 04:58:31,"instance","High-Rise Mixed-Use (10-story)","CTZ09S22A","Pol  0% RetAdd NoLeak",125400,150480,"Title24ProposedOnly",39:07,,,"--","--","Successful (140 warnings)",4.3093,84011.7,61884.5,13234.1,44111.4,0,52238,255484,231906,0,181711,7549.85,0,0,676651,812.852,0,0,0,0,0,0,812.852,754.553,0,0,0,1567.41,0,0,0,0,0,0,0,0,0,0,0,0,0,1.72772,21.0186,14.2217,3.6068,9.76564,0,11.4958,61.8363,53.6042,0,41.2425,1.67451,0,0,158.357,155.186,3.17118,0,0,,0,0,,0,"--","--","",0,0,0,0,0,0,0,0,0,0,0,0,0,0,0,0,0,0,0,0,0,0,0,0,0,0,0,0,0,0,0,0,0,0,0,0,0,0,0,0,0,0,0,0,0,0,0,0,0,0,0,0,0,0,0,0,0,0,0,,,,,,,1.03521e-05,19.3246,10.9987,4.65024,5.86428,0,9.01837,49.8562,40.0913,0,31.5421,0.861855,0,0,122.351,0,0,0,0,0,0,0,0,0,0,0,0,0,0,0,"CBECC-Com 2022.0.1 RV (1113)","BEMCmpMgr 2022.0.1 RV (6107)","CA 2022 Nonresidential, Vers. 1.0 Alpha","","","-","C:\Users\agoyal\Documents\CBECC-Com 2022 Data\EPW\","C:\Users\agoyal\Documents\GitHub\T24-2022-CASE-Modeling\framework\analysis\baseline-hr\runs\hr-baseline\cz09\",0.000915934,8.71402,7.30167,1.45819,6.68731,0,5.73899,29.9,35.9296,0,31.4601,1.24246,0,0,98.53,0.389752,0,0,0,0,0,0,0.39,0.361798,0,0,0,0.75,0,0,0,0,0,0,0,0,0,0,0,0,0,0,0,0,0,0,0,0,0,0,0,0,0,0,0,0,0.595342,1.30903,1.09686,0.21905,1.00457,0,0.862114,5.08696,5.94987,0,4.72593,0.186643,0,0,15.9494,0,0,0,0,0,0,0,0,0,0,0,0,0,0,0,

2020-01-24 04:58:38 - -----------------------------------------------------------------------------
2020-01-24 04:58:38 - Opening Project 'cz09\instance.cibd22'...
2020-01-24 04:58:38 -    Model load successful into CBECC-Com 2022.0.1 RV (1113)
2020-01-24 04:58:39 - Performing Building Database check...
2020-01-24 04:58:39 - Building Database check completed, no problems found.
2020-01-24 04:58:44 - Project Saved
