2020-02-05 14:20:17 - -----------------------------------------------------------------------------
2020-02-05 14:20:17 - Opening Project 'cz01\instance.cibd22'...
2020-02-05 14:20:18 -    Model load successful into CBECC-Com 2022.0.1 RV (1113)
2020-02-05 14:20:18 - Performing Building Database check...
2020-02-05 14:20:18 - Building Database check completed, no problems found.
2020-02-05 14:20:41 - -----------------------------------------------------------------------------
2020-02-05 14:20:41 - Opening Project 'cz01\instance.cibd22'...
2020-02-05 14:20:42 -    Model load successful into CBECC-Com 2022.0.1 RV (1113)
2020-02-05 14:20:42 - Performing Building Database check...
2020-02-05 14:20:42 - Building Database check completed, no problems found.
2020-02-05 14:20:49 -   PerfAnal_NRes - starting, w/ arguments:
2020-02-05 14:20:49 -        BEMBasePathFile    = (null)
2020-02-05 14:20:49 -        RulesetPathFile    = (null)
2020-02-05 14:20:49 -        SimWeatherPath     = C:\Users\agoyal\Documents\CBECC-Com 2022 Data\EPW\
2020-02-05 14:20:49 -        CompMgrDLLPath     = (null)
2020-02-05 14:20:49 -        DHWWeatherPath     = (null)
2020-02-05 14:20:49 -        ProcessingPath     = C:\Users\agoyal\Documents\GitHub\T24-2022-CASE-Modeling\framework\analysis\hpte\runs\mumr-QII-prop\cz01\instance - run\
2020-02-05 14:20:49 -        ModelPathFile      = C:\Users\agoyal\Documents\GitHub\T24-2022-CASE-Modeling\framework\analysis\hpte\runs\mumr-QII-prop\cz01\instance.cibd22
2020-02-05 14:20:49 -        LogPathFile        = (null)
2020-02-05 14:20:49 -        UIVersionString    = CBECC-Com 2022.0.1 RV (1113)
2020-02-05 14:20:49 -        LoadModelFile      = false
2020-02-05 14:20:49 -        OptionsCSV         = AllowAnalysisAbort,0,StoreBEMDetails,1,AnalysisThruStep,8,ModelRpt_ALL,1,ExportHourlyResults_All,1,PromptUserUMLHWarning,1,PreAnalysisCheckPromptOption,3,CompReportWarningOption,5,
2020-02-05 14:20:49 -        ErrorMsg           = (assumed to be initialized)
2020-02-05 14:20:49 -        ErrorMsgLen        = 2056
2020-02-05 14:20:49 -        DisplayProgress    = true
2020-02-05 14:20:49 -        ResultsSummary     = (empty)
2020-02-05 14:20:49 -        ResultsSummaryLen  = 3200
2020-02-05 14:20:49 -        pProgCallbackFunc  = (null)
2020-02-05 14:20:50 - Performing Building Database check...
2020-02-05 14:20:50 - Building Database check completed, no problems found.
2020-02-05 14:20:50 - Warning:  The following developer options must be defaulted (not specified by the user) in order to perform a valid compliance analysis:
          Proj 'Mid-Rise Mixed-Use (5-story)' AutoHardSize
          Proj 'Mid-Rise Mixed-Use (5-story)' AutoEffInput
2020-02-05 14:20:51 -    1 file hash check(s) failed on executable and/or analysis support files (analysis continuing w/ report signature disabled)
2020-02-05 14:20:53 -   PerfAnal_NRes - AnalysisThruStep being set to #7 due to Proj:AnalysisType = Title24ProposedOnly
2020-02-05 14:20:53 - Performing Building Database check...
2020-02-05 14:20:53 - Building Database check completed, no problems found.
2020-02-05 14:20:53 - Warning:  AirSystem 'DOAS1' has a DX cooling coil and the rated supply flow per ton of (net) cooling capacity is 1491 cfm/ton. The acceptable range for successful simulation of DX cooling coils in EnergyPlus is normally ~300 to ~450 cfm/ton. If the compliance simulation fails, check flow/cooling capacity inputs for consistency with the design. If simulation still fails, contact the CBECC support team for assistance. evaluating rule: Set CHECKSIM AirSys:SupFlowPerTon  (110:'HVACSecondary-Summary.rule' line 785)
2020-02-05 14:20:53 - Warning:  The AirSystem:Count for multi-zone system 'DOAS1' is not consistent with the maximum or minimum ThermalZone:Multiplier of the zones the system serves. This indicates the HVAC system serves more than 1 floor, or that Multipliers or system Count may be improperly defined. Check inputs for consistency. evaluating rule: Set CHECKCODE AirSys:Cnt  (68:'HVACSecondary-General.rule' line 1398)
2020-02-05 14:21:00 -   PerfAnal_NRes - Bypassing OpenStudio (and simulation) for zp model
2020-02-05 14:21:02 -   PerfAnal_NRes - Bypassing OpenStudio (and simulation) for zb model
2020-02-05 14:27:38 - Error:  Undefined data: numerator evaluating rule: Set ANNUAL_BASELINE Fan:FlowCap  (75:'HVACSecondary-Fan-General.rule' line 494)
2020-02-05 14:27:38 - Error:  Undefined data: numerator evaluating rule: Set ANNUAL_BASELINE Fan:FlowCap  (75:'HVACSecondary-Fan-General.rule' line 494)
2020-02-05 14:27:38 - Error:  Undefined data: numerator evaluating rule: Set ANNUAL_BASELINE Fan:FlowCap  (75:'HVACSecondary-Fan-General.rule' line 494)
2020-02-05 14:27:38 - Error:  Undefined data: numerator evaluating rule: Set ANNUAL_BASELINE Fan:FlowCap  (75:'HVACSecondary-Fan-General.rule' line 529)
2020-02-05 14:27:38 - Error:  Undefined data: numerator evaluating rule: Set ANNUAL_BASELINE Fan:FlowCap  (75:'HVACSecondary-Fan-General.rule' line 529)
2020-02-05 14:27:38 - Error:  Undefined data: numerator evaluating rule: Set ANNUAL_BASELINE Fan:FlowCap  (75:'HVACSecondary-Fan-General.rule' line 529)
2020-02-05 14:27:38 - Error:  Undefined data: numerator evaluating rule: Set ANNUAL_BASELINE Fan:FlowCap  (75:'HVACSecondary-Fan-General.rule' line 529)
2020-02-05 14:27:38 - Error:  Undefined data: numerator evaluating rule: Set ANNUAL_BASELINE Fan:FlowCap  (75:'HVACSecondary-Fan-General.rule' line 529)
2020-02-05 14:27:38 - Error:  Undefined data: numerator evaluating rule: Set ANNUAL_BASELINE Fan:FlowCap  (75:'HVACSecondary-Fan-General.rule' line 529)
2020-02-05 14:27:38 - Error:  Undefined data: numerator evaluating rule: Set ANNUAL_BASELINE Fan:FlowCap  (75:'HVACSecondary-Fan-General.rule' line 529)
2020-02-05 14:27:38 - Error:  Undefined data: numerator evaluating rule: Set ANNUAL_BASELINE Fan:FlowCap  (75:'HVACSecondary-Fan-General.rule' line 529)
2020-02-05 14:27:38 - Error:  Undefined data: numerator evaluating rule: Set ANNUAL_BASELINE Fan:FlowCap  (75:'HVACSecondary-Fan-General.rule' line 529)
2020-02-05 14:27:38 - Error:  Undefined data: numerator evaluating rule: Set ANNUAL_BASELINE Fan:FlowCap  (75:'HVACSecondary-Fan-General.rule' line 529)
2020-02-05 14:27:38 - Error:  Undefined data: numerator evaluating rule: Set ANNUAL_BASELINE Fan:FlowCap  (75:'HVACSecondary-Fan-General.rule' line 529)
2020-02-05 14:27:38 - Error:  Undefined data: numerator evaluating rule: Set ANNUAL_BASELINE Fan:FlowCap  (75:'HVACSecondary-Fan-General.rule' line 529)
2020-02-05 14:27:38 - Error:  Undefined data: numerator evaluating rule: Set ANNUAL_BASELINE Fan:FlowCap  (75:'HVACSecondary-Fan-General.rule' line 529)
2020-02-05 14:27:38 - Error:  Undefined data: numerator evaluating rule: Set ANNUAL_BASELINE Fan:FlowCap  (75:'HVACSecondary-Fan-General.rule' line 529)
2020-02-05 14:27:38 - Error:  Undefined data: numerator evaluating rule: Set ANNUAL_BASELINE Fan:FlowCap  (75:'HVACSecondary-Fan-General.rule' line 529)
2020-02-05 14:27:38 - Error:  Undefined data: numerator evaluating rule: Set ANNUAL_BASELINE Fan:FlowCap  (75:'HVACSecondary-Fan-General.rule' line 529)
2020-02-05 14:27:38 - Error:  Undefined data: numerator evaluating rule: Set ANNUAL_BASELINE Fan:FlowCap  (75:'HVACSecondary-Fan-General.rule' line 529)
2020-02-05 14:27:38 - Error:  Undefined data: numerator evaluating rule: Set ANNUAL_BASELINE Fan:FlowCap  (75:'HVACSecondary-Fan-General.rule' line 529)
2020-02-05 14:27:38 - Error:  Undefined data: numerator evaluating rule: Set ANNUAL_BASELINE Fan:FlowCap  (75:'HVACSecondary-Fan-General.rule' line 529)
2020-02-05 14:27:38 - Error:  Undefined data: numerator evaluating rule: Set ANNUAL_BASELINE Fan:FlowCap  (75:'HVACSecondary-Fan-General.rule' line 529)
2020-02-05 14:27:38 - Error:  Undefined data: numerator evaluating rule: Set ANNUAL_BASELINE Fan:FlowCap  (75:'HVACSecondary-Fan-General.rule' line 529)
2020-02-05 14:27:38 - Error:  Undefined data: numerator evaluating rule: Set ANNUAL_BASELINE Fan:FlowCap  (75:'HVACSecondary-Fan-General.rule' line 529)
2020-02-05 14:27:38 - Error:  Division by zero evaluating rule: Set ANNUAL_BASELINE ThrmlZn:PriAirCondgSysDsgnFlow  (76:'HVACSecondary-Fan-FanRatios.rule' line 67)
2020-02-05 14:27:38 - Error:  Division by zero evaluating rule: Set ANNUAL_BASELINE ThrmlZn:PriAirCondgSysDsgnFlow  (76:'HVACSecondary-Fan-FanRatios.rule' line 67)
2020-02-05 14:27:38 - Error:  Division by zero evaluating rule: Set ANNUAL_BASELINE ThrmlZn:PriAirCondgSysDsgnFlow  (76:'HVACSecondary-Fan-FanRatios.rule' line 67)
2020-02-05 14:27:38 - Error:  Division by zero evaluating rule: Set ANNUAL_BASELINE ThrmlZn:PriAirCondgSysDsgnFlow  (76:'HVACSecondary-Fan-FanRatios.rule' line 67)
2020-02-05 14:27:38 - Error:  Division by zero evaluating rule: Set ANNUAL_BASELINE ThrmlZn:PriAirCondgSysDsgnFlow  (76:'HVACSecondary-Fan-FanRatios.rule' line 67)
2020-02-05 14:27:38 - Error:  Division by zero evaluating rule: Set ANNUAL_BASELINE ThrmlZn:PriAirCondgSysDsgnFlow  (76:'HVACSecondary-Fan-FanRatios.rule' line 67)
2020-02-05 14:27:38 - Error:  Division by zero evaluating rule: Set ANNUAL_BASELINE ThrmlZn:PriAirCondgSysDsgnFlow  (76:'HVACSecondary-Fan-FanRatios.rule' line 67)
2020-02-05 14:27:38 - Error:  Division by zero evaluating rule: Set ANNUAL_BASELINE ThrmlZn:PriAirCondgSysDsgnFlow  (76:'HVACSecondary-Fan-FanRatios.rule' line 67)
2020-02-05 14:27:38 - Error:  Division by zero evaluating rule: Set ANNUAL_BASELINE ThrmlZn:PriAirCondgSysDsgnFlow  (76:'HVACSecondary-Fan-FanRatios.rule' line 67)
2020-02-05 14:27:38 - Error:  Division by zero evaluating rule: Set ANNUAL_BASELINE ThrmlZn:PriAirCondgSysDsgnFlow  (76:'HVACSecondary-Fan-FanRatios.rule' line 67)
2020-02-05 14:27:38 - Error:  Division by zero evaluating rule: Set ANNUAL_BASELINE ThrmlZn:PriAirCondgSysDsgnFlow  (76:'HVACSecondary-Fan-FanRatios.rule' line 67)
2020-02-05 14:27:38 - Error:  Division by zero evaluating rule: Set ANNUAL_BASELINE ThrmlZn:PriAirCondgSysDsgnFlow  (76:'HVACSecondary-Fan-FanRatios.rule' line 67)
2020-02-05 14:27:38 - Error:  Division by zero evaluating rule: Set ANNUAL_BASELINE ThrmlZn:VentSysDsgnFlow  (76:'HVACSecondary-Fan-FanRatios.rule' line 111)
2020-02-05 14:27:38 - Error:  Division by zero evaluating rule: Set ANNUAL_BASELINE ThrmlZn:VentSysDsgnFlow  (76:'HVACSecondary-Fan-FanRatios.rule' line 111)
2020-02-05 14:27:38 - Error:  Division by zero evaluating rule: Set ANNUAL_BASELINE ThrmlZn:VentSysDsgnFlow  (76:'HVACSecondary-Fan-FanRatios.rule' line 111)
2020-02-05 14:27:38 - Error:  Division by zero evaluating rule: Set ANNUAL_BASELINE ThrmlZn:VentSysDsgnFlow  (76:'HVACSecondary-Fan-FanRatios.rule' line 111)
2020-02-05 14:27:38 - Error:  Division by zero evaluating rule: Set ANNUAL_BASELINE ThrmlZn:VentSysDsgnFlow  (76:'HVACSecondary-Fan-FanRatios.rule' line 111)
2020-02-05 14:27:38 - Error:  Division by zero evaluating rule: Set ANNUAL_BASELINE ThrmlZn:VentSysDsgnFlow  (76:'HVACSecondary-Fan-FanRatios.rule' line 111)
2020-02-05 14:27:38 - Error:  Division by zero evaluating rule: Set ANNUAL_BASELINE ThrmlZn:VentSysDsgnFlow  (76:'HVACSecondary-Fan-FanRatios.rule' line 111)
2020-02-05 14:27:38 - Error:  Division by zero evaluating rule: Set ANNUAL_BASELINE ThrmlZn:VentSysDsgnFlow  (76:'HVACSecondary-Fan-FanRatios.rule' line 111)
2020-02-05 14:27:38 - Error:  Division by zero evaluating rule: Set ANNUAL_BASELINE ThrmlZn:VentSysDsgnFlow  (76:'HVACSecondary-Fan-FanRatios.rule' line 111)
2020-02-05 14:27:38 - Error:  Division by zero evaluating rule: Set ANNUAL_BASELINE ThrmlZn:VentSysDsgnFlow  (76:'HVACSecondary-Fan-FanRatios.rule' line 111)
2020-02-05 14:27:38 - Error:  Division by zero evaluating rule: Set ANNUAL_BASELINE ThrmlZn:VentSysDsgnFlow  (76:'HVACSecondary-Fan-FanRatios.rule' line 111)
2020-02-05 14:27:38 - Error:  Division by zero evaluating rule: Set ANNUAL_BASELINE ThrmlZn:VentSysDsgnFlow  (76:'HVACSecondary-Fan-FanRatios.rule' line 111)
2020-02-05 14:27:40 -   PerfAnal_NRes - Bypassing OpenStudio (and simulation) for ab model
2020-02-05 14:27:40 -   PerfAnal_NRes - Completed analysis steps thru #7
2020-02-05 14:27:40 - Analysis incomplete  Processing time:  Overall 6:50 / SDD2IDF x2 avg 0:06 / SizSim x0 0:00 / AnnSim x2 avg 3:03 / ReportGen x0 0:00 / Other 0:26
2020-02-05 14:27:40 -       ResultsSummary population:  bAbort = (false) / RuleProcAbort = (false) / iRetVal = 0 / pszResultsSummary = (empty) / iResultsSummaryLen = 3200
2020-02-05 14:27:40 -       ResultsSummary components1:  2020-02-05 14:27:40 / instance / Mid-Rise Mixed-Use (5-story) / CTZ01S22A / Title24ProposedOnly / 6:50 /  / 
2020-02-05 14:27:40 -       ResultsSummary components2:  CBECC-Com 2022.0.1 RV (1113) / BEMCmpMgr 2022.0.1 RV (6107) / CA 2022 Nonresidential, Vers. 1.0 Alpha /  /  / - / C:\Users\agoyal\Documents\CBECC-Com 2022 Data\EPW\ / C:\Users\agoyal\Documents\GitHub\T24-2022-CASE-Modeling\framework\analysis\hpte\runs\mumr-QII-prop\cz01\
2020-02-05 14:27:40 -       ResultsSummary:  2020-02-05 14:27:40,"instance","Mid-Rise Mixed-Use (5-story)","CTZ01S22A","Pol  0% RetAdd NoLeak",113100,141000,"Title24ProposedOnly",6:50,,,"--","--","Successful (222 warnings)",21.1411,8628.75,47369.5,0,319.32,14520.8,81988.7,152848,217441,0,149101,34551.8,0,0,553942,6313.97,0,0,0,0,11588.8,0,17902.7,586.724,0,0,0,18489.5,0,0,0,0,0,0,0,0,0,0,0,0,0,14.2413,2.09138,11.6148,0,0.078751,27.9876,18.9221,74.936,57.1167,0,40.6046,8.51343,0,0,181.171,141.174,39.9963,0,499.75,"Thermal Zone: F5 Corridor",0,2418.25,"Thermal Zone: F5 Corridor",0,"--","--","",0,0,0,0,0,0,0,0,0,0,0,0,0,0,0,0,0,0,0,0,0,0,0,0,0,0,0,0,0,0,0,0,0,0,0,0,0,0,0,0,0,0,0,0,0,0,0,0,0,0,0,0,0,0,0,0,0,0,0,,,,,,,0.000961485,5.67354,7.00944,0,0.0538504,2.41168,14.3374,29.4869,38.321,0,25.7371,3.94427,0,0,97.4893,0,0,0,0,0,0,0,0,0,0,0,0,0,0,0,"CBECC-Com 2022.0.1 RV (1113)","BEMCmpMgr 2022.0.1 RV (6107)","CA 2022 Nonresidential, Vers. 1.0 Alpha","","","-","C:\Users\agoyal\Documents\CBECC-Com 2022 Data\EPW\","C:\Users\agoyal\Documents\GitHub\T24-2022-CASE-Modeling\framework\analysis\hpte\runs\mumr-QII-prop\cz01\",0.00327728,1.20951,7.1215,0,0.0408877,1.83624,9.06502,19.28,32.1279,0,25.58,5.65158,0,0,82.64,3.02746,0,0,0,0,5.55665,0,8.59,0.281326,0,0,0,8.87,0,0,0,0,0,0,0,0,0,0,0,0,0,0,0,0,0,0,0,0,0,0,0,0,0,0,0,0,5.19982,0.201452,1.18614,0,0.00681013,9.84867,1.50985,17.9527,5.83428,0,4.26052,0.941311,0,0,28.9888,0,0,0,0,0,0,0,0,0,0,0,0,0,0,0,

2020-02-05 14:27:45 - -----------------------------------------------------------------------------
2020-02-05 14:27:45 - Opening Project 'cz01\instance.cibd22'...
2020-02-05 14:27:47 -    Model load successful into CBECC-Com 2022.0.1 RV (1113)
2020-02-05 14:27:47 - Performing Building Database check...
2020-02-05 14:27:47 - Building Database check completed, no problems found.
2020-02-05 14:27:54 - Project Saved
