---------------
<<<<<<< HEAD
Warning: Zone 'Zone1-zn': Unmet cooling loads during 368 hours of run.
---------------
Warning: Zone 'Zone2-zn': Unmet cooling loads during 528 hours of run.
---------------
Warning: Zone 'Zone3-zn': Unmet cooling loads during 415 hours of run.
---------------
Warning: Zone 'Corridor1-zn': Unmet cooling loads during 75 hours of run.
---------------
Warning: 
  Zone 'BusinessCenter1-zn': Unmet cooling loads during 71 hours of run.
---------------
Warning: Zone 'FitnessCenter1-zn': Unmet cooling loads during 67 hours of run.
---------------
Warning: Zone 'Laundry1-zn': Unmet cooling loads during 46 hours of run.
---------------
Warning: Zone 'LeasingOffice1-zn': Unmet cooling loads during 65 hours of run.
---------------
Warning: Zone 'Lobby1-zn': Unmet cooling loads during 61 hours of run.
---------------
Warning: 
  Zone 'MechanicalRoom1-zn': Unmet heating loads during 1741 hours of run.
---------------
Warning: 
  Zone 'MechanicalRoom1-zn': Unmet cooling loads during 1726 hours of run.
---------------
Warning: Zone 'Stairs1-zn': Unmet cooling loads during 103 hours of run.
---------------
Warning: Zone 'Corridor2-zn': Unmet cooling loads during 95 hours of run.
---------------
Warning: Zone 'Corridor3-zn': Unmet cooling loads during 64 hours of run.
---------------
Warning: Zone 'Stairs2-zn': Unmet cooling loads during 103 hours of run.
---------------
Warning: Zone 'Stairs3-zn': Unmet cooling loads during 104 hours of run.
=======
Warning at hour/subhour 25/20 on autoSizing 01-Jul iteration 30:
  AutoSize pass 1A has not converged.  Abandoning after 30 iterations.
---------------
Warning: Zone 'Zone1-zn': Unmet cooling loads during 351 hours of run.
---------------
Warning: Zone 'Zone2-zn': Unmet cooling loads during 567 hours of run.
---------------
Warning: Zone 'Zone3-zn': Unmet cooling loads during 382 hours of run.
---------------
Warning: Zone 'Corridor1-zn': Condensation occurred in 856 subhours of run.
    Total condensation heat = 49.8159 kBtu.
---------------
Warning: Zone 'Corridor1-zn': Unmet cooling loads during 332 hours of run.
---------------
Warning: 
  Zone 'BusinessCenter1-zn': Condensation occurred in 4233 subhours of run.
    Total condensation heat = 96.9799 kBtu.
---------------
Warning: 
  Zone 'BusinessCenter1-zn': Unmet cooling loads during 545 hours of run.
---------------
Warning: 
  Zone 'FitnessCenter1-zn': Condensation occurred in 47682 subhours of run.
    Total condensation heat = 2820.6 kBtu.
---------------
Warning: 
  Zone 'FitnessCenter1-zn': Unmet cooling loads during 491 hours of run.
---------------
Warning: Zone 'Laundry1-zn': Unmet cooling loads during 223 hours of run.
---------------
Warning: 
  Zone 'LeasingOffice1-zn': Unmet cooling loads during 232 hours of run.
---------------
Warning: Zone 'Lobby1-zn': Condensation occurred in 27595 subhours of run.
    Total condensation heat = 2298.98 kBtu.
---------------
Warning: Zone 'Lobby1-zn': Unmet cooling loads during 327 hours of run.
---------------
Warning: 
  Zone 'MechanicalRoom1-zn': Unmet heating loads during 1541 hours of run.
---------------
Warning: 
  Zone 'MechanicalRoom1-zn': Unmet cooling loads during 3029 hours of run.
---------------
Warning: Zone 'Stairs1-zn': Condensation occurred in 33 subhours of run.
    Total condensation heat = 0.0814067 kBtu.
---------------
Warning: Zone 'Stairs1-zn': Unmet cooling loads during 227 hours of run.
---------------
Warning: Zone 'Corridor2-zn': Condensation occurred in 66 subhours of run.
    Total condensation heat = 2.42422 kBtu.
---------------
Warning: Zone 'Corridor2-zn': Unmet cooling loads during 531 hours of run.
---------------
Warning: Zone 'Corridor3-zn': Condensation occurred in 30 subhours of run.
    Total condensation heat = 0.730069 kBtu.
---------------
Warning: Zone 'Corridor3-zn': Unmet cooling loads during 420 hours of run.
---------------
Warning: Zone 'Stairs2-zn': Unmet cooling loads during 227 hours of run.
---------------
Warning: Zone 'Stairs3-zn': Unmet cooling loads during 227 hours of run.
>>>>>>> 10ad2510af88116d2a65a7c6704f25e3af30dc33
---------------
