---------------
<<<<<<< HEAD
Warning: Zone 'Zone1-zn': Unmet cooling loads during 960 hours of run.
---------------
Warning: Zone 'Zone2-zn': Unmet cooling loads during 1065 hours of run.
---------------
Warning: Zone 'Zone3-zn': Unmet cooling loads during 405 hours of run.
---------------
Warning: 
  Zone 'MechanicalRoom1-zn': Unmet heating loads during 163 hours of run.
---------------
Warning: 
  Zone 'MechanicalRoom1-zn': Unmet cooling loads during 4284 hours of run.
---------------
Warning: Zone 'Attic-atc': Condensation occurred in 1179 subhours of run.
    Total condensation heat = 214.362 kBtu.
=======
Warning: Zone 'Zone1-zn': Unmet cooling loads during 656 hours of run.
---------------
Warning: Zone 'Zone2-zn': Unmet cooling loads during 813 hours of run.
---------------
Warning: Zone 'Zone3-zn': Unmet cooling loads during 372 hours of run.
---------------
Warning: Zone 'Corridor1-zn': Condensation occurred in 44 subhours of run.
    Total condensation heat = 2.82984 kBtu.
---------------
Warning: Zone 'Corridor1-zn': Unmet cooling loads during 617 hours of run.
---------------
Warning: 
  Zone 'BusinessCenter1-zn': Condensation occurred in 83 subhours of run.
    Total condensation heat = 1.93814 kBtu.
---------------
Warning: 
  Zone 'BusinessCenter1-zn': Unmet cooling loads during 655 hours of run.
---------------
Warning: 
  Zone 'FitnessCenter1-zn': Condensation occurred in 25858 subhours of run.
    Total condensation heat = 1670.36 kBtu.
---------------
Warning: 
  Zone 'FitnessCenter1-zn': Unmet cooling loads during 743 hours of run.
---------------
Warning: Zone 'Laundry1-zn': Unmet cooling loads during 301 hours of run.
---------------
Warning: 
  Zone 'LeasingOffice1-zn': Unmet cooling loads during 436 hours of run.
---------------
Warning: Zone 'Lobby1-zn': Condensation occurred in 8714 subhours of run.
    Total condensation heat = 774.342 kBtu.
---------------
Warning: Zone 'Lobby1-zn': Unmet cooling loads during 500 hours of run.
---------------
Warning: 
  Zone 'MechanicalRoom1-zn': Unmet cooling loads during 5672 hours of run.
---------------
Warning: Zone 'Stairs1-zn': Unmet cooling loads during 297 hours of run.
---------------
Warning: Zone 'Corridor2-zn': Condensation occurred in 37 subhours of run.
    Total condensation heat = 1.21235 kBtu.
---------------
Warning: Zone 'Corridor2-zn': Unmet cooling loads during 856 hours of run.
---------------
Warning: Zone 'Corridor3-zn': Unmet cooling loads during 297 hours of run.
---------------
Warning: Zone 'Stairs2-zn': Unmet cooling loads during 296 hours of run.
---------------
Warning: Zone 'Stairs3-zn': Unmet cooling loads during 297 hours of run.
---------------
Warning: Zone 'Attic-atc': Condensation occurred in 3117 subhours of run.
    Total condensation heat = 588.036 kBtu.
>>>>>>> 10ad2510af88116d2a65a7c6704f25e3af30dc33
---------------
