2021-01-27 21:21:54 - -----------------------------------------------------------------------------
2021-01-27 21:21:54 - Opening Project 'cz15\instance.cibd22'...
2021-01-27 21:21:55 -    Model load successful into CBECC-Com 2022.0.1 RV (1113)
2021-01-27 21:21:56 - Performing Building Database check...
2021-01-27 21:21:56 - Building Database check completed, no problems found.
2021-01-27 21:22:00 -   PerfAnal_NRes - starting, w/ arguments:
2021-01-27 21:22:00 -        BEMBasePathFile    = (null)
2021-01-27 21:22:00 -        RulesetPathFile    = (null)
2021-01-27 21:22:00 -        SimWeatherPath     = C:\Documents\CBECC-Com 2022 Data\EPW\
2021-01-27 21:22:00 -        CompMgrDLLPath     = (null)
2021-01-27 21:22:00 -        DHWWeatherPath     = (null)
2021-01-27 21:22:00 -        ProcessingPath     = C:\GitHub\CALGreen-analysis\framework\analysis\hr\runs\mr-tier2\cz15\instance - run\
2021-01-27 21:22:00 -        ModelPathFile      = C:\GitHub\CALGreen-analysis\framework\analysis\hr\runs\mr-tier2\cz15\instance.cibd22
2021-01-27 21:22:00 -        LogPathFile        = (null)
2021-01-27 21:22:00 -        UIVersionString    = CBECC-Com 2022.0.1 RV (1113)
2021-01-27 21:22:00 -        LoadModelFile      = false
2021-01-27 21:22:00 -        OptionsCSV         = AllowAnalysisAbort,0,AnalysisThruStep,8,ModelRpt_ALL,1,SimulationStorage,0,AnalysisStorage,0,ExportHourlyResults_All,1,PromptUserUMLHWarning,1,PreAnalysisCheckPromptOption,3,CompReportWarningOption,5,
2021-01-27 21:22:00 -        ErrorMsg           = (assumed to be initialized)
2021-01-27 21:22:00 -        ErrorMsgLen        = 2056
2021-01-27 21:22:00 -        DisplayProgress    = true
2021-01-27 21:22:00 -        ResultsSummary     = (empty)
2021-01-27 21:22:00 -        ResultsSummaryLen  = 3200
2021-01-27 21:22:00 -        pProgCallbackFunc  = (null)
2021-01-27 21:22:01 - Performing Building Database check...
2021-01-27 21:22:01 - Building Database check completed, no problems found.
2021-01-27 21:22:01 - Warning:  The following developer options must be defaulted (not specified by the user) in order to perform a valid compliance analysis:
          Proj 'Mid-Rise Mixed-Use (5-story)' AutoHardSize
          Proj 'Mid-Rise Mixed-Use (5-story)' AutoEffInput
2021-01-27 21:22:01 -    1 file hash check(s) failed on executable and/or analysis support files (analysis continuing w/ report signature disabled)
2021-01-27 21:22:04 -   PerfAnal_NRes - AnalysisThruStep being set to #7 due to Proj:AnalysisType = Title24ProposedOnly
2021-01-27 21:22:04 - Performing Building Database check...
2021-01-27 21:22:04 - Building Database check completed, no problems found.
2021-01-27 21:22:06 -   PerfAnal_NRes - Bypassing OpenStudio (and simulation) for zp model
2021-01-27 21:22:07 -   PerfAnal_NRes - Bypassing OpenStudio (and simulation) for zb model
2021-01-27 21:26:37 - Error:  Undefined data: numerator evaluating rule: Set ANNUAL_BASELINE Fan:FlowCap  (75:'HVACSecondary-Fan-General.rule' line 494)
2021-01-27 21:26:37 - Error:  Undefined data: numerator evaluating rule: Set ANNUAL_BASELINE Fan:FlowCap  (75:'HVACSecondary-Fan-General.rule' line 494)
2021-01-27 21:26:37 - Error:  Undefined data: numerator evaluating rule: Set ANNUAL_BASELINE Fan:FlowCap  (75:'HVACSecondary-Fan-General.rule' line 494)
2021-01-27 21:26:37 - Error:  Undefined data: numerator evaluating rule: Set ANNUAL_BASELINE Fan:FlowCap  (75:'HVACSecondary-Fan-General.rule' line 529)
2021-01-27 21:26:37 - Error:  Undefined data: numerator evaluating rule: Set ANNUAL_BASELINE Fan:FlowCap  (75:'HVACSecondary-Fan-General.rule' line 529)
2021-01-27 21:26:37 - Error:  Undefined data: numerator evaluating rule: Set ANNUAL_BASELINE Fan:FlowCap  (75:'HVACSecondary-Fan-General.rule' line 529)
2021-01-27 21:26:37 - Error:  Undefined data: numerator evaluating rule: Set ANNUAL_BASELINE Fan:FlowCap  (75:'HVACSecondary-Fan-General.rule' line 529)
2021-01-27 21:26:37 - Error:  Undefined data: numerator evaluating rule: Set ANNUAL_BASELINE Fan:FlowCap  (75:'HVACSecondary-Fan-General.rule' line 529)
2021-01-27 21:26:37 - Error:  Undefined data: numerator evaluating rule: Set ANNUAL_BASELINE Fan:FlowCap  (75:'HVACSecondary-Fan-General.rule' line 529)
2021-01-27 21:26:37 - Error:  Undefined data: numerator evaluating rule: Set ANNUAL_BASELINE Fan:FlowCap  (75:'HVACSecondary-Fan-General.rule' line 529)
2021-01-27 21:26:37 - Error:  Undefined data: numerator evaluating rule: Set ANNUAL_BASELINE Fan:FlowCap  (75:'HVACSecondary-Fan-General.rule' line 529)
2021-01-27 21:26:37 - Error:  Undefined data: numerator evaluating rule: Set ANNUAL_BASELINE Fan:FlowCap  (75:'HVACSecondary-Fan-General.rule' line 529)
2021-01-27 21:26:37 - Error:  Undefined data: numerator evaluating rule: Set ANNUAL_BASELINE Fan:FlowCap  (75:'HVACSecondary-Fan-General.rule' line 529)
2021-01-27 21:26:37 - Error:  Undefined data: numerator evaluating rule: Set ANNUAL_BASELINE Fan:FlowCap  (75:'HVACSecondary-Fan-General.rule' line 529)
2021-01-27 21:26:37 - Error:  Undefined data: numerator evaluating rule: Set ANNUAL_BASELINE Fan:FlowCap  (75:'HVACSecondary-Fan-General.rule' line 529)
2021-01-27 21:26:37 - Error:  Undefined data: numerator evaluating rule: Set ANNUAL_BASELINE Fan:FlowCap  (75:'HVACSecondary-Fan-General.rule' line 529)
2021-01-27 21:26:37 - Error:  Undefined data: numerator evaluating rule: Set ANNUAL_BASELINE Fan:FlowCap  (75:'HVACSecondary-Fan-General.rule' line 529)
2021-01-27 21:26:37 - Error:  Undefined data: numerator evaluating rule: Set ANNUAL_BASELINE Fan:FlowCap  (75:'HVACSecondary-Fan-General.rule' line 529)
2021-01-27 21:26:37 - Error:  Undefined data: numerator evaluating rule: Set ANNUAL_BASELINE Fan:FlowCap  (75:'HVACSecondary-Fan-General.rule' line 529)
2021-01-27 21:26:37 - Error:  Undefined data: numerator evaluating rule: Set ANNUAL_BASELINE Fan:FlowCap  (75:'HVACSecondary-Fan-General.rule' line 529)
2021-01-27 21:26:37 - Error:  Undefined data: numerator evaluating rule: Set ANNUAL_BASELINE Fan:FlowCap  (75:'HVACSecondary-Fan-General.rule' line 529)
2021-01-27 21:26:37 - Error:  Undefined data: numerator evaluating rule: Set ANNUAL_BASELINE Fan:FlowCap  (75:'HVACSecondary-Fan-General.rule' line 529)
2021-01-27 21:26:37 - Error:  Undefined data: numerator evaluating rule: Set ANNUAL_BASELINE Fan:FlowCap  (75:'HVACSecondary-Fan-General.rule' line 529)
2021-01-27 21:26:37 - Error:  Undefined data: numerator evaluating rule: Set ANNUAL_BASELINE Fan:FlowCap  (75:'HVACSecondary-Fan-General.rule' line 529)
2021-01-27 21:26:37 - Error:  Undefined data: numerator evaluating rule: Set ANNUAL_BASELINE Fan:FlowCap  (75:'HVACSecondary-Fan-General.rule' line 529)
2021-01-27 21:26:37 - Error:  Division by zero evaluating rule: Set ANNUAL_BASELINE ThrmlZn:PriAirCondgSysDsgnFlow  (76:'HVACSecondary-Fan-FanRatios.rule' line 67)
2021-01-27 21:26:37 - Error:  Division by zero evaluating rule: Set ANNUAL_BASELINE ThrmlZn:PriAirCondgSysDsgnFlow  (76:'HVACSecondary-Fan-FanRatios.rule' line 67)
2021-01-27 21:26:37 - Error:  Division by zero evaluating rule: Set ANNUAL_BASELINE ThrmlZn:PriAirCondgSysDsgnFlow  (76:'HVACSecondary-Fan-FanRatios.rule' line 67)
2021-01-27 21:26:37 - Error:  Division by zero evaluating rule: Set ANNUAL_BASELINE ThrmlZn:PriAirCondgSysDsgnFlow  (76:'HVACSecondary-Fan-FanRatios.rule' line 67)
2021-01-27 21:26:37 - Error:  Division by zero evaluating rule: Set ANNUAL_BASELINE ThrmlZn:PriAirCondgSysDsgnFlow  (76:'HVACSecondary-Fan-FanRatios.rule' line 67)
2021-01-27 21:26:37 - Error:  Division by zero evaluating rule: Set ANNUAL_BASELINE ThrmlZn:PriAirCondgSysDsgnFlow  (76:'HVACSecondary-Fan-FanRatios.rule' line 67)
2021-01-27 21:26:37 - Error:  Division by zero evaluating rule: Set ANNUAL_BASELINE ThrmlZn:PriAirCondgSysDsgnFlow  (76:'HVACSecondary-Fan-FanRatios.rule' line 67)
2021-01-27 21:26:37 - Error:  Division by zero evaluating rule: Set ANNUAL_BASELINE ThrmlZn:PriAirCondgSysDsgnFlow  (76:'HVACSecondary-Fan-FanRatios.rule' line 67)
2021-01-27 21:26:37 - Error:  Division by zero evaluating rule: Set ANNUAL_BASELINE ThrmlZn:PriAirCondgSysDsgnFlow  (76:'HVACSecondary-Fan-FanRatios.rule' line 67)
2021-01-27 21:26:37 - Error:  Division by zero evaluating rule: Set ANNUAL_BASELINE ThrmlZn:PriAirCondgSysDsgnFlow  (76:'HVACSecondary-Fan-FanRatios.rule' line 67)
2021-01-27 21:26:37 - Error:  Division by zero evaluating rule: Set ANNUAL_BASELINE ThrmlZn:PriAirCondgSysDsgnFlow  (76:'HVACSecondary-Fan-FanRatios.rule' line 67)
2021-01-27 21:26:37 - Error:  Division by zero evaluating rule: Set ANNUAL_BASELINE ThrmlZn:PriAirCondgSysDsgnFlow  (76:'HVACSecondary-Fan-FanRatios.rule' line 67)
2021-01-27 21:26:37 - Error:  Division by zero evaluating rule: Set ANNUAL_BASELINE ThrmlZn:PriAirCondgSysDsgnFlow  (76:'HVACSecondary-Fan-FanRatios.rule' line 67)
2021-01-27 21:26:37 - Error:  Division by zero evaluating rule: Set ANNUAL_BASELINE ThrmlZn:PriAirCondgSysDsgnFlow  (76:'HVACSecondary-Fan-FanRatios.rule' line 67)
2021-01-27 21:26:37 - Error:  Division by zero evaluating rule: Set ANNUAL_BASELINE ThrmlZn:VentSysDsgnFlow  (76:'HVACSecondary-Fan-FanRatios.rule' line 111)
2021-01-27 21:26:37 - Error:  Division by zero evaluating rule: Set ANNUAL_BASELINE ThrmlZn:VentSysDsgnFlow  (76:'HVACSecondary-Fan-FanRatios.rule' line 111)
2021-01-27 21:26:37 - Error:  Division by zero evaluating rule: Set ANNUAL_BASELINE ThrmlZn:VentSysDsgnFlow  (76:'HVACSecondary-Fan-FanRatios.rule' line 111)
2021-01-27 21:26:37 - Error:  Division by zero evaluating rule: Set ANNUAL_BASELINE ThrmlZn:VentSysDsgnFlow  (76:'HVACSecondary-Fan-FanRatios.rule' line 111)
2021-01-27 21:26:37 - Error:  Division by zero evaluating rule: Set ANNUAL_BASELINE ThrmlZn:VentSysDsgnFlow  (76:'HVACSecondary-Fan-FanRatios.rule' line 111)
2021-01-27 21:26:37 - Error:  Division by zero evaluating rule: Set ANNUAL_BASELINE ThrmlZn:VentSysDsgnFlow  (76:'HVACSecondary-Fan-FanRatios.rule' line 111)
2021-01-27 21:26:37 - Error:  Division by zero evaluating rule: Set ANNUAL_BASELINE ThrmlZn:VentSysDsgnFlow  (76:'HVACSecondary-Fan-FanRatios.rule' line 111)
2021-01-27 21:26:37 - Error:  Division by zero evaluating rule: Set ANNUAL_BASELINE ThrmlZn:VentSysDsgnFlow  (76:'HVACSecondary-Fan-FanRatios.rule' line 111)
2021-01-27 21:26:37 - Error:  Division by zero evaluating rule: Set ANNUAL_BASELINE ThrmlZn:VentSysDsgnFlow  (76:'HVACSecondary-Fan-FanRatios.rule' line 111)
2021-01-27 21:26:37 - Error:  Division by zero evaluating rule: Set ANNUAL_BASELINE ThrmlZn:VentSysDsgnFlow  (76:'HVACSecondary-Fan-FanRatios.rule' line 111)
2021-01-27 21:26:37 - Error:  Division by zero evaluating rule: Set ANNUAL_BASELINE ThrmlZn:VentSysDsgnFlow  (76:'HVACSecondary-Fan-FanRatios.rule' line 111)
2021-01-27 21:26:37 - Error:  Division by zero evaluating rule: Set ANNUAL_BASELINE ThrmlZn:VentSysDsgnFlow  (76:'HVACSecondary-Fan-FanRatios.rule' line 111)
2021-01-27 21:26:37 - Error:  Division by zero evaluating rule: Set ANNUAL_BASELINE ThrmlZn:VentSysDsgnFlow  (76:'HVACSecondary-Fan-FanRatios.rule' line 111)
2021-01-27 21:26:37 - Error:  Division by zero evaluating rule: Set ANNUAL_BASELINE ThrmlZn:VentSysDsgnFlow  (76:'HVACSecondary-Fan-FanRatios.rule' line 111)
2021-01-27 21:26:38 -   PerfAnal_NRes - Bypassing OpenStudio (and simulation) for ab model
2021-01-27 21:26:38 -   PerfAnal_NRes - Completed analysis steps thru #7
2021-01-27 21:26:38 - Analysis incomplete  Processing time:  Overall 4:37 / SDD2IDF x2 avg 0:08 / SizSim x0 0:00 / AnnSim x2 avg 2:00 / ReportGen x0 0:00 / Other 0:16
2021-01-27 21:26:38 -       ResultsSummary population:  bAbort = (false) / RuleProcAbort = (false) / iRetVal = 0 / pszResultsSummary = (empty) / iResultsSummaryLen = 3200
2021-01-27 21:26:38 -       ResultsSummary components1:  2021-01-27 21:26:38 / instance / Mid-Rise Mixed-Use (5-story) / CTZ15S22A / Title24ProposedOnly / 4:37 /  / 
2021-01-27 21:26:38 -       ResultsSummary components2:  CBECC-Com 2022.0.1 RV (1113) / BEMCmpMgr 2022.0.1 RV (6107) / CA 2022 Nonresidential, Vers. 1.0 Alpha /  /  / - / C:\Documents\CBECC-Com 2022 Data\EPW\ / C:\GitHub\CALGreen-analysis\framework\analysis\hr\runs\mr-tier2\cz15\
2021-01-27 21:26:38 -       ResultsSummary:  2021-01-27 21:26:38,"instance","Mid-Rise Mixed-Use (5-story)","CTZ15S22A","Pol  0% RetAdd NoLeak",113100,141000,"Title24ProposedOnly",4:37,,,"--","--","Successful (272 warnings)",3235.07,203451,81414.5,0,132.317,11337,81839.2,381409,251127,14174.3,42915.9,34551.8,0,0,724178,407.372,0,0,0,0,6116.06,0,6523.43,1161.81,1954.3,0,0,9639.55,0,0,0,0,0,0,0,0,0,0,0,0,0,1.88164,61.447,21.9431,0,0.0304595,15.9401,19.5118,120.754,64.9039,7.75471,11.0942,8.48148,0,0,212.988,192.182,20.8068,0,274,"Thermal Zone: F5 Corridor",0,0.25,"Thermal Zone: F5 Corridor",0,"--","--","",0,0,0,0,0,0,0,0,0,0,0,0,0,0,0,0,0,0,0,0,0,0,0,0,0,0,0,0,0,0,0,0,0,0,0,0,0,0,0,0,0,0,0,0,0,0,0,0,0,0,0,0,0,0,0,0,0,0,0,,,,,,,2.09367e-06,68.2672,18.0327,0,0.00237918,1.7457,14.4646,102.513,40.8468,2.2043,8.19304,3.94427,0,0,157.701,0,0,0,0,0,0,0,0,0,0,0,0,0,0,0,"CBECC-Com 2022.0.1 RV (1113)","BEMCmpMgr 2022.0.1 RV (6107)","CA 2022 Nonresidential, Vers. 1.0 Alpha","","","-","C:\Documents\CBECC-Com 2022 Data\EPW\","C:\GitHub\CALGreen-analysis\framework\analysis\hr\runs\mr-tier2\cz15\",0.780407,24.5292,11.4005,0,0.0222682,1.45027,9.03227,47.21,37.663,2.44662,7.56109,5.68613,0,0,100.57,0.195329,0,0,0,0,2.93257,0,3.13,0.557074,0.937061,0,0,4.63,0,0,0,0,0,0,0,0,0,0,0,0,0,0,0,0,0,0,0,0,0,0,0,0,0,0,0,0,0.460718,4.08552,1.89884,0,0.00370892,5.20704,1.50439,13.1602,7.2163,1.99415,1.25935,0.947065,0,0,24.5771,0,0,0,0,0,0,0,0,0,0,0,0,0,0,0,

2021-01-27 21:26:42 - -----------------------------------------------------------------------------
2021-01-27 21:26:42 - Opening Project 'cz15\instance.cibd22'...
2021-01-27 21:26:43 -    Model load successful into CBECC-Com 2022.0.1 RV (1113)
2021-01-27 21:26:43 - Performing Building Database check...
2021-01-27 21:26:43 - Building Database check completed, no problems found.
2021-01-27 21:26:47 - Project Saved
2021-02-11 11:01:42 - -----------------------------------------------------------------------------
2021-02-11 11:01:42 - Opening Project 'cz15\instance.cibd22'...
2021-02-11 11:01:43 -    Model load successful into CBECC-Com 2022.0.1 RV (1113)
2021-02-11 11:01:44 - Performing Building Database check...
2021-02-11 11:01:44 - Building Database check completed, no problems found.
2021-02-11 11:01:48 -   PerfAnal_NRes - starting, w/ arguments:
2021-02-11 11:01:48 -        BEMBasePathFile    = (null)
2021-02-11 11:01:48 -        RulesetPathFile    = (null)
2021-02-11 11:01:48 -        SimWeatherPath     = C:\Users\agoyal\OneDrive - TRC\Documents\CBECC-Com 2022 Data\EPW\
2021-02-11 11:01:48 -        CompMgrDLLPath     = (null)
2021-02-11 11:01:48 -        DHWWeatherPath     = (null)
2021-02-11 11:01:48 -        ProcessingPath     = C:\Users\agoyal\OneDrive - TRC\Documents\GitHub\CALGreen-analysis\framework\analysis\hr\runs\mr-tier2\cz15\instance - run\
2021-02-11 11:01:48 -        ModelPathFile      = C:\Users\agoyal\OneDrive - TRC\Documents\GitHub\CALGreen-analysis\framework\analysis\hr\runs\mr-tier2\cz15\instance.cibd22
2021-02-11 11:01:48 -        LogPathFile        = (null)
2021-02-11 11:01:48 -        UIVersionString    = CBECC-Com 2022.0.1 RV (1113)
2021-02-11 11:01:48 -        LoadModelFile      = false
2021-02-11 11:01:48 -        OptionsCSV         = AllowAnalysisAbort,0,StoreBEMDetails,1,AnalysisThruStep,8,ModelRpt_ALL,1,ExportHourlyResults_All,1,PromptUserUMLHWarning,1,PreAnalysisCheckPromptOption,3,CompReportWarningOption,5,
2021-02-11 11:01:48 -        ErrorMsg           = (assumed to be initialized)
2021-02-11 11:01:48 -        ErrorMsgLen        = 2056
2021-02-11 11:01:48 -        DisplayProgress    = true
2021-02-11 11:01:48 -        ResultsSummary     = (empty)
2021-02-11 11:01:48 -        ResultsSummaryLen  = 3200
2021-02-11 11:01:48 -        pProgCallbackFunc  = (null)
2021-02-11 11:01:49 - Performing Building Database check...
2021-02-11 11:01:49 - Building Database check completed, no problems found.
2021-02-11 11:01:49 - Warning:  The following developer options must be defaulted (not specified by the user) in order to perform a valid compliance analysis:
          Proj 'Mid-Rise Mixed-Use (5-story)' AutoHardSize
          Proj 'Mid-Rise Mixed-Use (5-story)' AutoEffInput
2021-02-11 11:01:50 -    1 file hash check(s) failed on executable and/or analysis support files (analysis continuing w/ report signature disabled)
2021-02-11 11:01:52 -   PerfAnal_NRes - AnalysisThruStep being set to #7 due to Proj:AnalysisType = Title24ProposedOnly
2021-02-11 11:01:52 - Performing Building Database check...
2021-02-11 11:01:52 - Building Database check completed, no problems found.
2021-02-11 11:01:57 -   PerfAnal_NRes - Bypassing OpenStudio (and simulation) for zp model
2021-02-11 11:01:59 -   PerfAnal_NRes - Bypassing OpenStudio (and simulation) for zb model
2021-02-11 11:05:54 - Error:  Undefined data: numerator evaluating rule: Set ANNUAL_BASELINE Fan:FlowCap  (75:'HVACSecondary-Fan-General.rule' line 494)
2021-02-11 11:05:54 - Error:  Undefined data: numerator evaluating rule: Set ANNUAL_BASELINE Fan:FlowCap  (75:'HVACSecondary-Fan-General.rule' line 494)
2021-02-11 11:05:54 - Error:  Undefined data: numerator evaluating rule: Set ANNUAL_BASELINE Fan:FlowCap  (75:'HVACSecondary-Fan-General.rule' line 494)
2021-02-11 11:05:54 - Error:  Undefined data: numerator evaluating rule: Set ANNUAL_BASELINE Fan:FlowCap  (75:'HVACSecondary-Fan-General.rule' line 529)
2021-02-11 11:05:54 - Error:  Undefined data: numerator evaluating rule: Set ANNUAL_BASELINE Fan:FlowCap  (75:'HVACSecondary-Fan-General.rule' line 529)
2021-02-11 11:05:54 - Error:  Undefined data: numerator evaluating rule: Set ANNUAL_BASELINE Fan:FlowCap  (75:'HVACSecondary-Fan-General.rule' line 529)
2021-02-11 11:05:54 - Error:  Undefined data: numerator evaluating rule: Set ANNUAL_BASELINE Fan:FlowCap  (75:'HVACSecondary-Fan-General.rule' line 529)
2021-02-11 11:05:54 - Error:  Undefined data: numerator evaluating rule: Set ANNUAL_BASELINE Fan:FlowCap  (75:'HVACSecondary-Fan-General.rule' line 529)
2021-02-11 11:05:54 - Error:  Undefined data: numerator evaluating rule: Set ANNUAL_BASELINE Fan:FlowCap  (75:'HVACSecondary-Fan-General.rule' line 529)
2021-02-11 11:05:54 - Error:  Undefined data: numerator evaluating rule: Set ANNUAL_BASELINE Fan:FlowCap  (75:'HVACSecondary-Fan-General.rule' line 529)
2021-02-11 11:05:54 - Error:  Undefined data: numerator evaluating rule: Set ANNUAL_BASELINE Fan:FlowCap  (75:'HVACSecondary-Fan-General.rule' line 529)
2021-02-11 11:05:54 - Error:  Undefined data: numerator evaluating rule: Set ANNUAL_BASELINE Fan:FlowCap  (75:'HVACSecondary-Fan-General.rule' line 529)
2021-02-11 11:05:54 - Error:  Undefined data: numerator evaluating rule: Set ANNUAL_BASELINE Fan:FlowCap  (75:'HVACSecondary-Fan-General.rule' line 529)
2021-02-11 11:05:54 - Error:  Undefined data: numerator evaluating rule: Set ANNUAL_BASELINE Fan:FlowCap  (75:'HVACSecondary-Fan-General.rule' line 529)
2021-02-11 11:05:54 - Error:  Undefined data: numerator evaluating rule: Set ANNUAL_BASELINE Fan:FlowCap  (75:'HVACSecondary-Fan-General.rule' line 529)
2021-02-11 11:05:54 - Error:  Undefined data: numerator evaluating rule: Set ANNUAL_BASELINE Fan:FlowCap  (75:'HVACSecondary-Fan-General.rule' line 529)
2021-02-11 11:05:54 - Error:  Undefined data: numerator evaluating rule: Set ANNUAL_BASELINE Fan:FlowCap  (75:'HVACSecondary-Fan-General.rule' line 529)
2021-02-11 11:05:54 - Error:  Undefined data: numerator evaluating rule: Set ANNUAL_BASELINE Fan:FlowCap  (75:'HVACSecondary-Fan-General.rule' line 529)
2021-02-11 11:05:54 - Error:  Undefined data: numerator evaluating rule: Set ANNUAL_BASELINE Fan:FlowCap  (75:'HVACSecondary-Fan-General.rule' line 529)
2021-02-11 11:05:54 - Error:  Undefined data: numerator evaluating rule: Set ANNUAL_BASELINE Fan:FlowCap  (75:'HVACSecondary-Fan-General.rule' line 529)
2021-02-11 11:05:54 - Error:  Undefined data: numerator evaluating rule: Set ANNUAL_BASELINE Fan:FlowCap  (75:'HVACSecondary-Fan-General.rule' line 529)
2021-02-11 11:05:54 - Error:  Undefined data: numerator evaluating rule: Set ANNUAL_BASELINE Fan:FlowCap  (75:'HVACSecondary-Fan-General.rule' line 529)
2021-02-11 11:05:54 - Error:  Undefined data: numerator evaluating rule: Set ANNUAL_BASELINE Fan:FlowCap  (75:'HVACSecondary-Fan-General.rule' line 529)
2021-02-11 11:05:54 - Error:  Undefined data: numerator evaluating rule: Set ANNUAL_BASELINE Fan:FlowCap  (75:'HVACSecondary-Fan-General.rule' line 529)
2021-02-11 11:05:54 - Error:  Undefined data: numerator evaluating rule: Set ANNUAL_BASELINE Fan:FlowCap  (75:'HVACSecondary-Fan-General.rule' line 529)
2021-02-11 11:05:54 - Error:  Division by zero evaluating rule: Set ANNUAL_BASELINE ThrmlZn:PriAirCondgSysDsgnFlow  (76:'HVACSecondary-Fan-FanRatios.rule' line 67)
2021-02-11 11:05:54 - Error:  Division by zero evaluating rule: Set ANNUAL_BASELINE ThrmlZn:PriAirCondgSysDsgnFlow  (76:'HVACSecondary-Fan-FanRatios.rule' line 67)
2021-02-11 11:05:54 - Error:  Division by zero evaluating rule: Set ANNUAL_BASELINE ThrmlZn:PriAirCondgSysDsgnFlow  (76:'HVACSecondary-Fan-FanRatios.rule' line 67)
2021-02-11 11:05:54 - Error:  Division by zero evaluating rule: Set ANNUAL_BASELINE ThrmlZn:PriAirCondgSysDsgnFlow  (76:'HVACSecondary-Fan-FanRatios.rule' line 67)
2021-02-11 11:05:54 - Error:  Division by zero evaluating rule: Set ANNUAL_BASELINE ThrmlZn:PriAirCondgSysDsgnFlow  (76:'HVACSecondary-Fan-FanRatios.rule' line 67)
2021-02-11 11:05:54 - Error:  Division by zero evaluating rule: Set ANNUAL_BASELINE ThrmlZn:PriAirCondgSysDsgnFlow  (76:'HVACSecondary-Fan-FanRatios.rule' line 67)
2021-02-11 11:05:54 - Error:  Division by zero evaluating rule: Set ANNUAL_BASELINE ThrmlZn:PriAirCondgSysDsgnFlow  (76:'HVACSecondary-Fan-FanRatios.rule' line 67)
2021-02-11 11:05:54 - Error:  Division by zero evaluating rule: Set ANNUAL_BASELINE ThrmlZn:PriAirCondgSysDsgnFlow  (76:'HVACSecondary-Fan-FanRatios.rule' line 67)
2021-02-11 11:05:54 - Error:  Division by zero evaluating rule: Set ANNUAL_BASELINE ThrmlZn:PriAirCondgSysDsgnFlow  (76:'HVACSecondary-Fan-FanRatios.rule' line 67)
2021-02-11 11:05:54 - Error:  Division by zero evaluating rule: Set ANNUAL_BASELINE ThrmlZn:PriAirCondgSysDsgnFlow  (76:'HVACSecondary-Fan-FanRatios.rule' line 67)
2021-02-11 11:05:54 - Error:  Division by zero evaluating rule: Set ANNUAL_BASELINE ThrmlZn:PriAirCondgSysDsgnFlow  (76:'HVACSecondary-Fan-FanRatios.rule' line 67)
2021-02-11 11:05:54 - Error:  Division by zero evaluating rule: Set ANNUAL_BASELINE ThrmlZn:PriAirCondgSysDsgnFlow  (76:'HVACSecondary-Fan-FanRatios.rule' line 67)
2021-02-11 11:05:54 - Error:  Division by zero evaluating rule: Set ANNUAL_BASELINE ThrmlZn:PriAirCondgSysDsgnFlow  (76:'HVACSecondary-Fan-FanRatios.rule' line 67)
2021-02-11 11:05:54 - Error:  Division by zero evaluating rule: Set ANNUAL_BASELINE ThrmlZn:PriAirCondgSysDsgnFlow  (76:'HVACSecondary-Fan-FanRatios.rule' line 67)
2021-02-11 11:05:54 - Error:  Division by zero evaluating rule: Set ANNUAL_BASELINE ThrmlZn:VentSysDsgnFlow  (76:'HVACSecondary-Fan-FanRatios.rule' line 111)
2021-02-11 11:05:54 - Error:  Division by zero evaluating rule: Set ANNUAL_BASELINE ThrmlZn:VentSysDsgnFlow  (76:'HVACSecondary-Fan-FanRatios.rule' line 111)
2021-02-11 11:05:54 - Error:  Division by zero evaluating rule: Set ANNUAL_BASELINE ThrmlZn:VentSysDsgnFlow  (76:'HVACSecondary-Fan-FanRatios.rule' line 111)
2021-02-11 11:05:54 - Error:  Division by zero evaluating rule: Set ANNUAL_BASELINE ThrmlZn:VentSysDsgnFlow  (76:'HVACSecondary-Fan-FanRatios.rule' line 111)
2021-02-11 11:05:54 - Error:  Division by zero evaluating rule: Set ANNUAL_BASELINE ThrmlZn:VentSysDsgnFlow  (76:'HVACSecondary-Fan-FanRatios.rule' line 111)
2021-02-11 11:05:54 - Error:  Division by zero evaluating rule: Set ANNUAL_BASELINE ThrmlZn:VentSysDsgnFlow  (76:'HVACSecondary-Fan-FanRatios.rule' line 111)
2021-02-11 11:05:54 - Error:  Division by zero evaluating rule: Set ANNUAL_BASELINE ThrmlZn:VentSysDsgnFlow  (76:'HVACSecondary-Fan-FanRatios.rule' line 111)
2021-02-11 11:05:54 - Error:  Division by zero evaluating rule: Set ANNUAL_BASELINE ThrmlZn:VentSysDsgnFlow  (76:'HVACSecondary-Fan-FanRatios.rule' line 111)
2021-02-11 11:05:54 - Error:  Division by zero evaluating rule: Set ANNUAL_BASELINE ThrmlZn:VentSysDsgnFlow  (76:'HVACSecondary-Fan-FanRatios.rule' line 111)
2021-02-11 11:05:54 - Error:  Division by zero evaluating rule: Set ANNUAL_BASELINE ThrmlZn:VentSysDsgnFlow  (76:'HVACSecondary-Fan-FanRatios.rule' line 111)
2021-02-11 11:05:54 - Error:  Division by zero evaluating rule: Set ANNUAL_BASELINE ThrmlZn:VentSysDsgnFlow  (76:'HVACSecondary-Fan-FanRatios.rule' line 111)
2021-02-11 11:05:54 - Error:  Division by zero evaluating rule: Set ANNUAL_BASELINE ThrmlZn:VentSysDsgnFlow  (76:'HVACSecondary-Fan-FanRatios.rule' line 111)
2021-02-11 11:05:54 - Error:  Division by zero evaluating rule: Set ANNUAL_BASELINE ThrmlZn:VentSysDsgnFlow  (76:'HVACSecondary-Fan-FanRatios.rule' line 111)
2021-02-11 11:05:54 - Error:  Division by zero evaluating rule: Set ANNUAL_BASELINE ThrmlZn:VentSysDsgnFlow  (76:'HVACSecondary-Fan-FanRatios.rule' line 111)
2021-02-11 11:05:56 -   PerfAnal_NRes - Bypassing OpenStudio (and simulation) for ab model
2021-02-11 11:05:56 -   PerfAnal_NRes - Completed analysis steps thru #7
2021-02-11 11:05:56 - Analysis incomplete  Processing time:  Overall 4:07 / SDD2IDF x2 avg 0:07 / SizSim x0 0:00 / AnnSim x2 avg 1:43 / ReportGen x0 0:00 / Other 0:23
2021-02-11 11:05:56 -       ResultsSummary population:  bAbort = (false) / RuleProcAbort = (false) / iRetVal = 0 / pszResultsSummary = (empty) / iResultsSummaryLen = 3200
2021-02-11 11:05:56 -       ResultsSummary components1:  2021-02-11 11:05:56 / instance / Mid-Rise Mixed-Use (5-story) / CTZ15S22A / Title24ProposedOnly / 4:07 /  / 
2021-02-11 11:05:56 -       ResultsSummary components2:  CBECC-Com 2022.0.1 RV (1113) / BEMCmpMgr 2022.0.1 RV (6107) / CA 2022 Nonresidential, Vers. 1.0 Alpha /  /  / - / C:\Users\agoyal\OneDrive - TRC\Documents\CBECC-Com 2022 Data\EPW\ / C:\Users\agoyal\OneDrive - TRC\Documents\GitHub\CALGreen-analysis\framework\analysis\hr\runs\mr-tier2\cz15\
2021-02-11 11:05:56 -       ResultsSummary:  2021-02-11 11:05:56,"instance","Mid-Rise Mixed-Use (5-story)","CTZ15S22A","Pol  0% RetAdd NoLeak",113100,141000,"Title24ProposedOnly",4:07,,,"--","--","Successful (272 warnings)",3376.79,199976,74428.6,0,133.054,11337,73894.9,363146,251127,14174.3,42915.9,34551.8,0,0,705916,434.703,0,0,0,0,6116.06,0,6550.76,1161.81,1954.3,0,0,9666.88,0,0,0,0,0,0,0,0,0,0,0,0,0,1.98331,60.4794,20.1094,0,0.0307138,15.9401,17.6336,116.176,64.9039,7.75471,11.0942,8.48148,0,0,208.411,187.538,20.873,0,199,"Thermal Zone: F5 Corridor",0,0.25,"Thermal Zone: F5 Corridor",0,"--","--","",0,0,0,0,0,0,0,0,0,0,0,0,0,0,0,0,0,0,0,0,0,0,0,0,0,0,0,0,0,0,0,0,0,0,0,0,0,0,0,0,0,0,0,0,0,0,0,0,0,0,0,0,0,0,0,0,0,0,0,,,,,,,2.13344e-06,67.3524,16.5278,0,0.00237917,1.74569,13.1419,98.7702,40.8468,2.2043,8.19304,3.94427,0,0,153.959,0,0,0,0,0,0,0,0,0,0,0,0,0,0,0,"CBECC-Com 2022.0.1 RV (1113)","BEMCmpMgr 2022.0.1 RV (6107)","CA 2022 Nonresidential, Vers. 1.0 Alpha","","","-","C:\Users\agoyal\OneDrive - TRC\Documents\CBECC-Com 2022 Data\EPW\","C:\Users\agoyal\OneDrive - TRC\Documents\GitHub\CALGreen-analysis\framework\analysis\hr\runs\mr-tier2\cz15\",0.810745,24.197,10.709,0,0.0223789,1.45027,8.16874,45.36,37.663,2.44662,7.56109,5.68613,0,0,98.72,0.208434,0,0,0,0,2.93257,0,3.14,0.557074,0.937061,0,0,4.64,0,0,0,0,0,0,0,0,0,0,0,0,0,0,0,0,0,0,0,0,0,0,0,0,0,0,0,0,0.48796,4.0302,1.78366,0,0.00372735,5.20704,1.36056,12.8731,7.2163,1.99415,1.25935,0.947065,0,0,24.29,0,0,0,0,0,0,0,0,0,0,0,0,0,0,0,

2021-02-11 11:05:59 - -----------------------------------------------------------------------------
2021-02-11 11:05:59 - Opening Project 'cz15\instance.cibd22'...
2021-02-11 11:06:00 -    Model load successful into CBECC-Com 2022.0.1 RV (1113)
2021-02-11 11:06:01 - Performing Building Database check...
2021-02-11 11:06:01 - Building Database check completed, no problems found.
2021-02-11 11:06:05 - Project Saved
