2021-06-07 15:50:42 - -----------------------------------------------------------------------------
2021-06-07 15:50:42 - Opening Project 'cz03\instance.ribd22'...
2021-06-07 15:50:42 -    Model load successful into CBECC-Res 2022.0.2 RV (1133)
2021-06-07 15:50:43 - Performing Building Database check...
2021-06-07 15:50:43 - Building Database check completed, no problems found.
2021-06-07 15:50:51 - Performing Building Database check...
2021-06-07 15:50:51 - Building Database check completed, no problems found.
2021-06-07 15:50:51 -    Analysis being performed by CompMgrVersion 'BEMCmpMgr 2022.0.2-Pol-0%RA-NoCH4lk (1715)' via SoftwareVersion 'CBECC-Res 2022.0.2 RV'
2021-06-07 15:51:59 - Compliance report will be generated without security measures due to inconsistency between software library year (2013) and ruleset code year (2022)
2021-06-07 15:51:59 -   Generating report 'CF1RPRF01E' pdf  
2021-06-07 15:52:04 - Analysis result:  FAIL  (TDV margin: -56.60 (-102.6%)), Design Rating 73.6 (result not certified due to analysis option(s))  Processing time:  Overall 73.9 / CSE19 54.3 / ModelPrep 6.87 / ResultsProcessing 4.90 / ReportGen 4.9 / ResXMLWriting 1.01 / Model&SecurChks 0.32 / Model&HrlyCSVExports 0.94 / DHWSim 0.00 / LoadModel 0.00 / Other 0.57
2021-06-07 16:45:54 - -----------------------------------------------------------------------------
2021-06-07 16:45:54 - Opening Project 'cz03\instance.ribd22'...
2021-06-07 16:45:54 -    Model load successful into CBECC-Res 2022.0.2 RV (1133)
2021-06-07 16:45:55 - Performing Building Database check...
2021-06-07 16:45:55 - Building Database check completed, no problems found.
2021-06-07 16:46:53 - -----------------------------------------------------------------------------
2021-06-07 16:46:53 - Opening Project 'cz03\instance.ribd22'...
2021-06-07 16:46:53 -    Model load successful into CBECC-Res 2022.0.2 RV (1133)
2021-06-07 16:46:53 - Performing Building Database check...
2021-06-07 16:46:53 - Building Database check completed, no problems found.
2021-06-07 16:47:13 - Project Saved
2021-06-07 16:47:43 - Performing Building Database check...
2021-06-07 16:47:43 - Building Database check completed, no problems found.
2021-06-07 16:47:43 -    Analysis being performed by CompMgrVersion 'BEMCmpMgr 2022.0.2-Pol-0%RA-NoCH4lk (1715)' via SoftwareVersion 'CBECC-Res 2022.0.2 RV'
2021-06-07 16:48:59 - Compliance report will be generated without security measures due to inconsistency between software library year (2013) and ruleset code year (2022)
2021-06-07 16:48:59 -   Generating report 'CF1RPRF01E' pdf  
2021-06-07 16:49:04 - Analysis result:  PASS  (TDV margin: 1.39 (2.5%)), Design Rating 44.3 (result not certified due to analysis option(s))  Processing time:  Overall 80.7 / CSE19 60.5 / ModelPrep 7.05 / ResultsProcessing 5.05 / ReportGen 5.2 / ResXMLWriting 1.03 / Model&SecurChks 0.35 / Model&HrlyCSVExports 0.97 / DHWSim 0.00 / LoadModel 0.00 / Other 0.58
2021-06-07 17:56:33 - -----------------------------------------------------------------------------
2021-06-07 17:56:33 - Opening Project 'cz03\instance.ribd22'...
2021-06-07 17:56:33 -    ERROR - reading file: HVACCool 'CoolingComponent' property ACCharge  =  'No' on line # 2080
2021-06-07 17:56:33 -    ERROR - reading file: HVACHtPump 'HeatpumpSystem' property ACCharge  =  'No' on line # 2095
2021-06-07 17:56:33 -    Model load successful into CBECC-Res 2022.0.2 RV (1133)
2021-06-07 17:56:33 - 2 error(s) encountered reading project file:  C:\GitHub\CALGreen-analysis\framework\analysis\furnace-analysis\runs\lrgs-baseline\cz03\instance.ribd22
2021-06-07 17:56:39 - Performing Building Database check...
2021-06-07 17:56:39 - Building Database check completed, no problems found.
2021-06-07 18:01:26 - -----------------------------------------------------------------------------
2021-06-07 18:01:26 - Opening Project 'cz03\instance.ribd22'...
2021-06-07 18:01:26 -    Model load successful into CBECC-Res 2022.0.2 RV (1133)
2021-06-07 18:01:27 - Performing Building Database check...
2021-06-07 18:01:27 - Building Database check completed, no problems found.
2021-06-07 18:15:41 - -----------------------------------------------------------------------------
2021-06-07 18:15:41 - Opening Project 'cz03\instance.ribd22'...
2021-06-07 18:15:41 -    Model load successful into CBECC-Res 2022.0.2 RV (1133)
2021-06-07 18:15:41 - Performing Building Database check...
2021-06-07 18:15:41 - Building Database check completed, no problems found.
2021-06-07 18:15:42 - Performing Building Database check...
2021-06-07 18:15:42 - Building Database check completed, no problems found.
2021-06-07 18:15:43 -    Analysis being performed by CompMgrVersion 'BEMCmpMgr 2022.0.2-Pol-0%RA-NoCH4lk (1715)' via SoftwareVersion 'CBECC-Res 2022.0.2 RV'
2021-06-07 18:17:23 - Compliance report will be generated without security measures due to inconsistency between software library year (2013) and ruleset code year (2022)
2021-06-07 18:17:23 -   Generating report 'CF1RPRF01E' pdf  
2021-06-07 18:17:28 - Analysis result:  FAIL  (TDV margin: -3.53 (-6.4%)), Design Rating 46.8 (result not certified due to analysis option(s))  Processing time:  Overall 106.1 / CSE19 81.0 / ModelPrep 8.68 / ResultsProcessing 6.13 / ReportGen 6.5 / ResXMLWriting 1.32 / Model&SecurChks 0.50 / Model&HrlyCSVExports 1.31 / DHWSim 0.00 / LoadModel 0.00 / Other 0.65
