---------------
781): Info: C:\USERS\NDPERRY\DOCUMENTS\GITHUB\T24-2022-CASE-MODELING\FRAMEWORK\ANALYSIS\HPTE\RUNS\LRLC-WINF-BASEU\CZ03\INSTANCE - COMP22\INSTANCE - STD.CSE(781): Info: 
  DHWSys 'dhwsys-DHWGas': 
    'wsTSetpoint' is ignored -- no setpoint-aware DHWHEATERs in this DHWSYS.
---------------
Warning at hour/subhour 25/20 on autoSizing 27-Jun iteration 30:
  AutoSize pass 1A has not converged.  Abandoning after 30 iterations.
---------------
Warning: Zone 'Zone2-zn': Unmet cooling loads during 28 hours of run.
---------------
Warning: Zone 'Zone3-zn': Unmet cooling loads during 67 hours of run.
---------------
Warning: Zone 'Corridor1-zn': Condensation occurred in 372 subhours of run.
    Total condensation heat = 12.3684 kBtu.
---------------
Warning: 
  Zone 'BusinessCenter1-zn': Condensation occurred in 6949 subhours of run.
    Total condensation heat = 172.617 kBtu.
---------------
Warning: 
  Zone 'BusinessCenter1-zn': Unmet cooling loads during 360 hours of run.
---------------
Warning: 
  Zone 'FitnessCenter1-zn': Condensation occurred in 58699 subhours of run.
    Total condensation heat = 3310.12 kBtu.
---------------
Warning: Zone 'FitnessCenter1-zn': Unmet cooling loads during 29 hours of run.
---------------
Warning: Zone 'Laundry1-zn': Unmet cooling loads during 60 hours of run.
---------------
Warning: Zone 'LeasingOffice1-zn': Unmet cooling loads during 13 hours of run.
---------------
Warning: Zone 'Lobby1-zn': Condensation occurred in 28273 subhours of run.
    Total condensation heat = 2342.53 kBtu.
---------------
Warning: Zone 'Lobby1-zn': Unmet cooling loads during 85 hours of run.
---------------
Warning: 
  Zone 'MechanicalRoom1-zn': Unmet heating loads during 714 hours of run.
---------------
Warning: 
  Zone 'MechanicalRoom1-zn': Unmet cooling loads during 541 hours of run.
---------------
Warning: Zone 'Stairs1-zn': Condensation occurred in 277 subhours of run.
    Total condensation heat = 1.03932 kBtu.
---------------
Warning: Zone 'Corridor2-zn': Condensation occurred in 181 subhours of run.
    Total condensation heat = 5.24208 kBtu.
---------------
Warning: Zone 'Corridor2-zn': Unmet cooling loads during 65 hours of run.
---------------
Warning: Zone 'Corridor3-zn': Condensation occurred in 276 subhours of run.
    Total condensation heat = 9.31185 kBtu.
---------------
Warning: Zone 'Corridor3-zn': Unmet cooling loads during 242 hours of run.
---------------
Warning: Zone 'Stairs2-zn': Condensation occurred in 75 subhours of run.
    Total condensation heat = 0.175708 kBtu.
---------------
Warning: Zone 'Stairs3-zn': Condensation occurred in 91 subhours of run.
    Total condensation heat = 0.230835 kBtu.
---------------
Warning: Zone 'Attic-atc': Condensation occurred in 10791 subhours of run.
    Total condensation heat = 1587.16 kBtu.
---------------
