2020-03-19 16:20:31 - -----------------------------------------------------------------------------
2020-03-19 16:20:31 - Opening Project 'cz08\instance.ribd22'...
2020-03-19 16:20:31 -    ERROR - reading file: Cons 'Ceiling Below Attic Cons' property SheathInsulLayer  =  '- no sheathing/insul. - ' on line # 2564
2020-03-19 16:20:31 -    Model load successful into CBECC-Res 2022.0.2 RV (1133)
2020-03-19 16:20:31 - 1 error(s) encountered reading project file:  C:\Users\mnakajima\Documents\GitHub\T24-2022-CASE-Modeling\framework\analysis\hpte\runs\lrlc-QII-15\cz08\instance.ribd22
2020-03-19 16:20:54 - Performing Building Database check...
2020-03-19 16:20:54 - Building Database check completed, no problems found.
2020-03-19 16:22:57 - -----------------------------------------------------------------------------
2020-03-19 16:22:57 - Opening Project 'cz08\instance.ribd22'...
2020-03-19 16:22:57 -    ERROR - reading file: Cons 'Ceiling Below Attic Cons' property SheathInsulLayer  =  '- no sheathing/insul. - ' on line # 2564
2020-03-19 16:22:57 -    Model load successful into CBECC-Res 2022.0.2 RV (1133)
2020-03-19 16:22:57 - 1 error(s) encountered reading project file:  C:\Users\mnakajima\Documents\GitHub\T24-2022-CASE-Modeling\framework\analysis\hpte\runs\lrlc-QII-15\cz08\instance.ribd22
2020-03-19 16:23:01 - Performing Building Database check...
2020-03-19 16:23:01 - Building Database check completed, no problems found.
2020-03-19 16:28:15 - -----------------------------------------------------------------------------
2020-03-19 16:28:15 - Opening Project 'cz08\instance.ribd22'...
2020-03-19 16:28:15 -    Model load successful into CBECC-Res 2022.0.2 RV (1133)
2020-03-19 16:28:16 - Performing Building Database check...
2020-03-19 16:28:16 - Building Database check completed, no problems found.
2020-03-19 18:41:01 - -----------------------------------------------------------------------------
2020-03-19 18:41:01 - Opening Project 'cz08\instance.ribd22'...
2020-03-19 18:41:01 -    Model load successful into CBECC-Res 2022.0.2 RV (1133)
2020-03-19 18:41:02 - Performing Building Database check...
2020-03-19 18:41:02 - Building Database check completed, no problems found.
2020-03-19 18:41:05 - Performing Building Database check...
2020-03-19 18:41:05 - Building Database check completed, no problems found.
2020-03-19 18:41:05 -    Analysis being performed by CompMgrVersion 'BEMCmpMgr 2022.0.2-Pol-0%RA-NoCH4lk (1715)' via SoftwareVersion 'CBECC-Res 2022.0.2 RV'
2020-03-19 18:41:07 - CSE report include file use disabled to ensure secure report generation.  Use BypassRuleLimits or other research option to ensure report include file use.
2020-03-19 18:41:33 -    StdMixedFuel DHWSolarSys Sizing system run 1 successful
2020-03-19 18:45:39 -    Standard DHWSolarSys Sizing system run 1 successful
2020-03-19 18:50:28 - Compliance report will be generated without security measures due to inconsistency between software library year (2013) and ruleset code year (2022)
2020-03-19 18:50:28 -   Generating report 'CF1RPRF01E' pdf  
2020-03-19 18:50:41 - Analysis result:  FAIL  (TDV margin: -5.86 (-8.7%)), Design Rating 40.4 (result not certified due to analysis option(s))  Processing time:  Overall 576.7 / CSE19 485.6 / ModelPrep 58.59 / ResultsProcessing 8.27 / ReportGen 14.5 / ResXMLWriting 4.82 / Model&SecurChks 0.62 / Model&HrlyCSVExports 1.96 / DHWSim 0.00 / LoadModel 0.01 / Other 2.39
