---------------
(756): Info: C:\USERS\NDPERRY\DOCUMENTS\GITHUB\T24-2022-CASE-MODELING\FRAMEWORK\ANALYSIS\HPTE\RUNS\LRLC-WINF-BASEU\CZ14\INSTANCE - COMP22\INSTANCE - DRTG.CSE(756): Info: 
  DHWSys 'dhwsys-DHWGas': 
    'wsTSetpoint' is ignored -- no setpoint-aware DHWHEATERs in this DHWSYS.
---------------
Warning at hour/subhour 25/20 on autoSizing 01-Jun iteration 30:
  AutoSize pass 1A has not converged.  Abandoning after 30 iterations.
---------------
Warning: Zone 'Zone1-zn': Unmet heating loads during 1 hours of run.
---------------
Warning: Zone 'Zone1-zn': Unmet cooling loads during 177 hours of run.
---------------
Warning: Zone 'Zone2-zn': Unmet cooling loads during 78 hours of run.
---------------
Warning: Zone 'Zone3-zn': Unmet cooling loads during 37 hours of run.
---------------
Warning: Zone 'Corridor1-zn': Condensation occurred in 51 subhours of run.
    Total condensation heat = 2.10888 kBtu.
---------------
Warning: Zone 'Corridor1-zn': Unmet cooling loads during 284 hours of run.
---------------
Warning: 
  Zone 'BusinessCenter1-zn': Condensation occurred in 6 subhours of run.
    Total condensation heat = 0.0538717 kBtu.
---------------
Warning: Zone 'BusinessCenter1-zn': Unmet cooling loads during 5 hours of run.
---------------
Warning: 
  Zone 'FitnessCenter1-zn': Condensation occurred in 29705 subhours of run.
    Total condensation heat = 1544.15 kBtu.
---------------
Warning: Zone 'FitnessCenter1-zn': Unmet cooling loads during 74 hours of run.
---------------
Warning: Zone 'Laundry1-zn': Unmet cooling loads during 135 hours of run.
---------------
Warning: Zone 'LeasingOffice1-zn': Unmet cooling loads during 73 hours of run.
---------------
Warning: Zone 'Lobby1-zn': Condensation occurred in 20314 subhours of run.
    Total condensation heat = 1546.56 kBtu.
---------------
Warning: Zone 'Lobby1-zn': Unmet cooling loads during 23 hours of run.
---------------
Warning: 
  Zone 'MechanicalRoom1-zn': Unmet heating loads during 1882 hours of run.
---------------
Warning: 
  Zone 'MechanicalRoom1-zn': Unmet cooling loads during 3735 hours of run.
---------------
Warning: Zone 'Stairs1-zn': Unmet heating loads during 3 hours of run.
---------------
Warning: Zone 'Stairs1-zn': Unmet cooling loads during 104 hours of run.
---------------
Warning: Zone 'Corridor2-zn': Condensation occurred in 9 subhours of run.
    Total condensation heat = 0.271344 kBtu.
---------------
Warning: Zone 'Corridor3-zn': Unmet cooling loads during 17 hours of run.
---------------
Warning: Zone 'Stairs2-zn': Unmet heating loads during 3 hours of run.
---------------
Warning: Zone 'Stairs2-zn': Unmet cooling loads during 104 hours of run.
---------------
Warning: Zone 'Stairs3-zn': Unmet heating loads during 3 hours of run.
---------------
Warning: Zone 'Stairs3-zn': Unmet cooling loads during 107 hours of run.
---------------
Warning: Zone 'Attic-atc': Condensation occurred in 7007 subhours of run.
    Total condensation heat = 974.757 kBtu.
---------------
