2020-01-21 12:02:12 - -----------------------------------------------------------------------------
2020-01-21 12:02:12 - Opening Project 'cz01\instance.cibd22'...
2020-01-21 12:02:14 -    Model load successful into CBECC-Com 2022.0.1 RV (1113)
2020-01-21 12:02:15 - Performing Building Database check...
2020-01-21 12:02:15 - Building Database check completed, no problems found.
2020-01-21 12:02:23 -   PerfAnal_NRes - starting, w/ arguments:
2020-01-21 12:02:23 -        BEMBasePathFile    = (null)
2020-01-21 12:02:23 -        RulesetPathFile    = (null)
2020-01-21 12:02:23 -        SimWeatherPath     = C:\Users\agoyal\Documents\CBECC-Com 2022 Data\EPW\
2020-01-21 12:02:23 -        CompMgrDLLPath     = (null)
2020-01-21 12:02:23 -        DHWWeatherPath     = (null)
2020-01-21 12:02:23 -        ProcessingPath     = C:\Users\agoyal\Documents\GitHub\T24-2022-CASE-Modeling\framework\analysis\baseline\runs\mumr-baseline2\cz01\instance - run\
2020-01-21 12:02:23 -        ModelPathFile      = C:\Users\agoyal\Documents\GitHub\T24-2022-CASE-Modeling\framework\analysis\baseline\runs\mumr-baseline2\cz01\instance.cibd22
2020-01-21 12:02:23 -        LogPathFile        = (null)
2020-01-21 12:02:23 -        UIVersionString    = CBECC-Com 2022.0.1 RV (1113)
2020-01-21 12:02:23 -        LoadModelFile      = false
2020-01-21 12:02:23 -        OptionsCSV         = AllowAnalysisAbort,0,StoreBEMDetails,1,AnalysisThruStep,8,ModelRpt_ALL,1,ExportHourlyResults_All,1,PromptUserUMLHWarning,1,PreAnalysisCheckPromptOption,3,CompReportWarningOption,5,
2020-01-21 12:02:23 -        ErrorMsg           = (assumed to be initialized)
2020-01-21 12:02:23 -        ErrorMsgLen        = 2056
2020-01-21 12:02:23 -        DisplayProgress    = true
2020-01-21 12:02:23 -        ResultsSummary     = (empty)
2020-01-21 12:02:23 -        ResultsSummaryLen  = 3200
2020-01-21 12:02:23 -        pProgCallbackFunc  = (null)
2020-01-21 12:02:24 - Performing Building Database check...
2020-01-21 12:02:24 - Building Database check completed, no problems found.
2020-01-21 12:02:24 - Warning:  The following developer options must be defaulted (not specified by the user) in order to perform a valid compliance analysis:
          Proj 'Mid-Rise Mixed-Use (5-story)' AutoHardSize
          Proj 'Mid-Rise Mixed-Use (5-story)' AutoEffInput
2020-01-21 12:02:25 -    1 file hash check(s) failed on executable and/or analysis support files (analysis continuing w/ report signature disabled)
2020-01-21 12:02:29 -   PerfAnal_NRes - AnalysisThruStep being set to #7 due to Proj:AnalysisType = Title24ProposedOnly
2020-01-21 12:02:29 - Performing Building Database check...
2020-01-21 12:02:29 - Building Database check completed, no problems found.
2020-01-21 12:02:29 - Warning:  The AirSystem:Count for multi-zone system 'DOAS1' is not consistent with the maximum or minimum ThermalZone:Multiplier of the zones the system serves. This indicates the HVAC system serves more than 1 floor, or that Multipliers or system Count may be improperly defined. Check inputs for consistency. evaluating rule: Set CHECKCODE AirSys:Cnt  (68:'HVACSecondary-General.rule' line 1398)
2020-01-21 12:02:37 -   PerfAnal_NRes - Bypassing OpenStudio (and simulation) for zp model
2020-01-21 12:02:42 -   PerfAnal_NRes - Bypassing OpenStudio (and simulation) for zb model
2020-01-21 12:09:10 - Error:  Undefined data: numerator evaluating rule: Set ANNUAL_BASELINE Fan:FlowCap  (75:'HVACSecondary-Fan-General.rule' line 494)
2020-01-21 12:09:10 - Error:  Undefined data: numerator evaluating rule: Set ANNUAL_BASELINE Fan:FlowCap  (75:'HVACSecondary-Fan-General.rule' line 494)
2020-01-21 12:09:10 - Error:  Undefined data: numerator evaluating rule: Set ANNUAL_BASELINE Fan:FlowCap  (75:'HVACSecondary-Fan-General.rule' line 494)
2020-01-21 12:09:10 - Error:  Undefined data: numerator evaluating rule: Set ANNUAL_BASELINE Fan:FlowCap  (75:'HVACSecondary-Fan-General.rule' line 529)
2020-01-21 12:09:10 - Error:  Undefined data: numerator evaluating rule: Set ANNUAL_BASELINE Fan:FlowCap  (75:'HVACSecondary-Fan-General.rule' line 529)
2020-01-21 12:09:10 - Error:  Undefined data: numerator evaluating rule: Set ANNUAL_BASELINE Fan:FlowCap  (75:'HVACSecondary-Fan-General.rule' line 529)
2020-01-21 12:09:10 - Error:  Undefined data: numerator evaluating rule: Set ANNUAL_BASELINE Fan:FlowCap  (75:'HVACSecondary-Fan-General.rule' line 529)
2020-01-21 12:09:10 - Error:  Undefined data: numerator evaluating rule: Set ANNUAL_BASELINE Fan:FlowCap  (75:'HVACSecondary-Fan-General.rule' line 529)
2020-01-21 12:09:10 - Error:  Undefined data: numerator evaluating rule: Set ANNUAL_BASELINE Fan:FlowCap  (75:'HVACSecondary-Fan-General.rule' line 529)
2020-01-21 12:09:10 - Error:  Undefined data: numerator evaluating rule: Set ANNUAL_BASELINE Fan:FlowCap  (75:'HVACSecondary-Fan-General.rule' line 529)
2020-01-21 12:09:10 - Error:  Undefined data: numerator evaluating rule: Set ANNUAL_BASELINE Fan:FlowCap  (75:'HVACSecondary-Fan-General.rule' line 529)
2020-01-21 12:09:10 - Error:  Undefined data: numerator evaluating rule: Set ANNUAL_BASELINE Fan:FlowCap  (75:'HVACSecondary-Fan-General.rule' line 529)
2020-01-21 12:09:10 - Error:  Undefined data: numerator evaluating rule: Set ANNUAL_BASELINE Fan:FlowCap  (75:'HVACSecondary-Fan-General.rule' line 529)
2020-01-21 12:09:10 - Error:  Undefined data: numerator evaluating rule: Set ANNUAL_BASELINE Fan:FlowCap  (75:'HVACSecondary-Fan-General.rule' line 529)
2020-01-21 12:09:10 - Error:  Undefined data: numerator evaluating rule: Set ANNUAL_BASELINE Fan:FlowCap  (75:'HVACSecondary-Fan-General.rule' line 529)
2020-01-21 12:09:10 - Error:  Undefined data: numerator evaluating rule: Set ANNUAL_BASELINE Fan:FlowCap  (75:'HVACSecondary-Fan-General.rule' line 529)
2020-01-21 12:09:10 - Error:  Undefined data: numerator evaluating rule: Set ANNUAL_BASELINE Fan:FlowCap  (75:'HVACSecondary-Fan-General.rule' line 529)
2020-01-21 12:09:10 - Error:  Undefined data: numerator evaluating rule: Set ANNUAL_BASELINE Fan:FlowCap  (75:'HVACSecondary-Fan-General.rule' line 529)
2020-01-21 12:09:10 - Error:  Undefined data: numerator evaluating rule: Set ANNUAL_BASELINE Fan:FlowCap  (75:'HVACSecondary-Fan-General.rule' line 529)
2020-01-21 12:09:10 - Error:  Undefined data: numerator evaluating rule: Set ANNUAL_BASELINE Fan:FlowCap  (75:'HVACSecondary-Fan-General.rule' line 529)
2020-01-21 12:09:10 - Error:  Undefined data: numerator evaluating rule: Set ANNUAL_BASELINE Fan:FlowCap  (75:'HVACSecondary-Fan-General.rule' line 529)
2020-01-21 12:09:10 - Error:  Undefined data: numerator evaluating rule: Set ANNUAL_BASELINE Fan:FlowCap  (75:'HVACSecondary-Fan-General.rule' line 529)
2020-01-21 12:09:10 - Error:  Undefined data: numerator evaluating rule: Set ANNUAL_BASELINE Fan:FlowCap  (75:'HVACSecondary-Fan-General.rule' line 529)
2020-01-21 12:09:10 - Error:  Undefined data: numerator evaluating rule: Set ANNUAL_BASELINE Fan:FlowCap  (75:'HVACSecondary-Fan-General.rule' line 529)
2020-01-21 12:09:10 - Error:  Undefined data: numerator evaluating rule: Set ANNUAL_BASELINE Fan:FlowCap  (75:'HVACSecondary-Fan-General.rule' line 529)
2020-01-21 12:09:10 - Error:  Division by zero evaluating rule: Set ANNUAL_BASELINE ThrmlZn:PriAirCondgSysDsgnFlow  (76:'HVACSecondary-Fan-FanRatios.rule' line 67)
2020-01-21 12:09:10 - Error:  Division by zero evaluating rule: Set ANNUAL_BASELINE ThrmlZn:PriAirCondgSysDsgnFlow  (76:'HVACSecondary-Fan-FanRatios.rule' line 67)
2020-01-21 12:09:10 - Error:  Division by zero evaluating rule: Set ANNUAL_BASELINE ThrmlZn:PriAirCondgSysDsgnFlow  (76:'HVACSecondary-Fan-FanRatios.rule' line 67)
2020-01-21 12:09:10 - Error:  Division by zero evaluating rule: Set ANNUAL_BASELINE ThrmlZn:PriAirCondgSysDsgnFlow  (76:'HVACSecondary-Fan-FanRatios.rule' line 67)
2020-01-21 12:09:10 - Error:  Division by zero evaluating rule: Set ANNUAL_BASELINE ThrmlZn:PriAirCondgSysDsgnFlow  (76:'HVACSecondary-Fan-FanRatios.rule' line 67)
2020-01-21 12:09:10 - Error:  Division by zero evaluating rule: Set ANNUAL_BASELINE ThrmlZn:PriAirCondgSysDsgnFlow  (76:'HVACSecondary-Fan-FanRatios.rule' line 67)
2020-01-21 12:09:10 - Error:  Division by zero evaluating rule: Set ANNUAL_BASELINE ThrmlZn:PriAirCondgSysDsgnFlow  (76:'HVACSecondary-Fan-FanRatios.rule' line 67)
2020-01-21 12:09:10 - Error:  Division by zero evaluating rule: Set ANNUAL_BASELINE ThrmlZn:PriAirCondgSysDsgnFlow  (76:'HVACSecondary-Fan-FanRatios.rule' line 67)
2020-01-21 12:09:10 - Error:  Division by zero evaluating rule: Set ANNUAL_BASELINE ThrmlZn:PriAirCondgSysDsgnFlow  (76:'HVACSecondary-Fan-FanRatios.rule' line 67)
2020-01-21 12:09:10 - Error:  Division by zero evaluating rule: Set ANNUAL_BASELINE ThrmlZn:PriAirCondgSysDsgnFlow  (76:'HVACSecondary-Fan-FanRatios.rule' line 67)
2020-01-21 12:09:10 - Error:  Division by zero evaluating rule: Set ANNUAL_BASELINE ThrmlZn:PriAirCondgSysDsgnFlow  (76:'HVACSecondary-Fan-FanRatios.rule' line 67)
2020-01-21 12:09:10 - Error:  Division by zero evaluating rule: Set ANNUAL_BASELINE ThrmlZn:PriAirCondgSysDsgnFlow  (76:'HVACSecondary-Fan-FanRatios.rule' line 67)
2020-01-21 12:09:10 - Error:  Division by zero evaluating rule: Set ANNUAL_BASELINE ThrmlZn:VentSysDsgnFlow  (76:'HVACSecondary-Fan-FanRatios.rule' line 111)
2020-01-21 12:09:10 - Error:  Division by zero evaluating rule: Set ANNUAL_BASELINE ThrmlZn:VentSysDsgnFlow  (76:'HVACSecondary-Fan-FanRatios.rule' line 111)
2020-01-21 12:09:10 - Error:  Division by zero evaluating rule: Set ANNUAL_BASELINE ThrmlZn:VentSysDsgnFlow  (76:'HVACSecondary-Fan-FanRatios.rule' line 111)
2020-01-21 12:09:10 - Error:  Division by zero evaluating rule: Set ANNUAL_BASELINE ThrmlZn:VentSysDsgnFlow  (76:'HVACSecondary-Fan-FanRatios.rule' line 111)
2020-01-21 12:09:10 - Error:  Division by zero evaluating rule: Set ANNUAL_BASELINE ThrmlZn:VentSysDsgnFlow  (76:'HVACSecondary-Fan-FanRatios.rule' line 111)
2020-01-21 12:09:10 - Error:  Division by zero evaluating rule: Set ANNUAL_BASELINE ThrmlZn:VentSysDsgnFlow  (76:'HVACSecondary-Fan-FanRatios.rule' line 111)
2020-01-21 12:09:10 - Error:  Division by zero evaluating rule: Set ANNUAL_BASELINE ThrmlZn:VentSysDsgnFlow  (76:'HVACSecondary-Fan-FanRatios.rule' line 111)
2020-01-21 12:09:10 - Error:  Division by zero evaluating rule: Set ANNUAL_BASELINE ThrmlZn:VentSysDsgnFlow  (76:'HVACSecondary-Fan-FanRatios.rule' line 111)
2020-01-21 12:09:10 - Error:  Division by zero evaluating rule: Set ANNUAL_BASELINE ThrmlZn:VentSysDsgnFlow  (76:'HVACSecondary-Fan-FanRatios.rule' line 111)
2020-01-21 12:09:10 - Error:  Division by zero evaluating rule: Set ANNUAL_BASELINE ThrmlZn:VentSysDsgnFlow  (76:'HVACSecondary-Fan-FanRatios.rule' line 111)
2020-01-21 12:09:10 - Error:  Division by zero evaluating rule: Set ANNUAL_BASELINE ThrmlZn:VentSysDsgnFlow  (76:'HVACSecondary-Fan-FanRatios.rule' line 111)
2020-01-21 12:09:10 - Error:  Division by zero evaluating rule: Set ANNUAL_BASELINE ThrmlZn:VentSysDsgnFlow  (76:'HVACSecondary-Fan-FanRatios.rule' line 111)
2020-01-21 12:09:13 -   PerfAnal_NRes - Bypassing OpenStudio (and simulation) for ab model
2020-01-21 12:09:13 -   PerfAnal_NRes - Completed analysis steps thru #7
2020-01-21 12:09:13 - Analysis incomplete  Processing time:  Overall 6:50 / SDD2IDF x2 avg 0:12 / SizSim x0 0:00 / AnnSim x2 avg 2:45 / ReportGen x0 0:00 / Other 0:50
2020-01-21 12:09:13 -       ResultsSummary population:  bAbort = (false) / RuleProcAbort = (false) / iRetVal = 0 / pszResultsSummary = (empty) / iResultsSummaryLen = 3200
2020-01-21 12:09:13 -       ResultsSummary components1:  2020-01-21 12:09:13 / instance / Mid-Rise Mixed-Use (5-story) / CTZ01S22A / Title24ProposedOnly / 6:50 /  / 
2020-01-21 12:09:13 -       ResultsSummary components2:  CBECC-Com 2022.0.1 RV (1113) / BEMCmpMgr 2022.0.1 RV (6107) / CA 2022 Nonresidential, Vers. 1.0 Alpha /  /  / - / C:\Users\agoyal\Documents\CBECC-Com 2022 Data\EPW\ / C:\Users\agoyal\Documents\GitHub\T24-2022-CASE-Modeling\framework\analysis\baseline\runs\mumr-baseline2\cz01\
2020-01-21 12:09:13 -       ResultsSummary:  2020-01-21 12:09:13,"instance","Mid-Rise Mixed-Use (5-story)","CTZ01S22A","Pol  0% RetAdd NoLeak",113100,141000,"Title24ProposedOnly",6:50,,,"--","--","Successful (221 warnings)",21.1477,9757.13,42621.8,0,319.303,14520.8,81988.7,149229,217441,0,149101,34551.8,0,0,550323,8188.96,0,0,0,0,11588.8,0,19777.7,586.724,0,0,0,20364.4,0,0,0,0,0,0,0,0,0,0,0,0,0,18.249,2.33698,10.4536,0,0.0787464,27.9876,18.9221,78.0281,57.1167,0,40.6046,8.51343,0,0,184.263,140.259,44.0039,0,189,"Thermal Zone: F5 Corridor",0,378.25,"Thermal Zone: F5 Corridor",0,"--","--","",0,0,0,0,0,0,0,0,0,0,0,0,0,0,0,0,0,0,0,0,0,0,0,0,0,0,0,0,0,0,0,0,0,0,0,0,0,0,0,0,0,0,0,0,0,0,0,0,0,0,0,0,0,0,0,0,0,0,0,,,,,,,0.000961731,6.13722,6.27782,0,0.0538504,2.4117,14.3374,29.219,38.321,0,25.7371,3.94427,0,0,97.2214,0,0,0,0,0,0,0,0,0,0,0,0,0,0,0,"CBECC-Com 2022.0.1 RV (1113)","BEMCmpMgr 2022.0.1 RV (6107)","CA 2022 Nonresidential, Vers. 1.0 Alpha","","","-","C:\Users\agoyal\Documents\CBECC-Com 2022 Data\EPW\","C:\Users\agoyal\Documents\GitHub\T24-2022-CASE-Modeling\framework\analysis\baseline\runs\mumr-baseline2\cz01\",0.00327809,1.31201,6.46657,0,0.0408797,1.83625,9.06502,18.73,32.1279,0,25.58,5.65158,0,0,82.09,3.9265,0,0,0,0,5.55665,0,9.49,0.281326,0,0,0,9.77,0,0,0,0,0,0,0,0,0,0,0,0,0,0,0,0,0,0,0,0,0,0,0,0,0,0,0,0,6.74379,0.218525,1.07705,0,0.0068088,9.84867,1.50985,19.4047,5.83428,0,4.26052,0.941311,0,0,30.4408,0,0,0,0,0,0,0,0,0,0,0,0,0,0,0,

2020-01-21 12:09:19 - -----------------------------------------------------------------------------
2020-01-21 12:09:19 - Opening Project 'cz01\instance.cibd22'...
2020-01-21 12:09:21 -    Model load successful into CBECC-Com 2022.0.1 RV (1113)
2020-01-21 12:09:21 - Performing Building Database check...
2020-01-21 12:09:21 - Building Database check completed, no problems found.
2020-01-21 12:09:29 - Project Saved
2020-01-21 12:34:39 - -----------------------------------------------------------------------------
2020-01-21 12:34:39 - Opening Project 'cz01\instance.cibd22'...
2020-01-21 12:34:50 -    Model load successful into CBECC-Com 2022.0.1 RV (1113)
2020-01-21 12:34:51 - Performing Building Database check...
2020-01-21 12:34:51 - Building Database check completed, no problems found.
2020-01-28 14:34:33 - -----------------------------------------------------------------------------
2020-01-28 14:34:33 - Opening Project 'cz01\instance.cibd22'...
2020-01-28 14:34:40 -    Model load successful into CBECC-Com 2022.0.1 RV (1113)
2020-01-28 14:34:41 - Performing Building Database check...
2020-01-28 14:34:41 - Building Database check completed, no problems found.
2020-02-03 15:22:37 - -----------------------------------------------------------------------------
2020-02-03 15:22:37 - Opening Project 'cz01\instance.cibd22'...
2020-02-03 15:22:38 -    Model load successful into CBECC-Com 2022.0.1 RV (1113)
2020-02-03 15:22:39 - Performing Building Database check...
2020-02-03 15:22:39 - Building Database check completed, no problems found.
