2020-02-27 02:26:52 - -----------------------------------------------------------------------------
2020-02-27 02:26:52 - Opening Project 'cz16\instance.cibd22'...
2020-02-27 02:26:52 - Error resolving project component references: 1 not found.
2020-02-27 02:26:52 -       'MetalFrameWall16inOCCavIns R13.00' (once)
2020-02-27 02:26:52 -    Model load failed (return code 6) into CBECC-Com 2022.0.1 RV (1113)
2020-02-27 02:26:52 - Error(s) encountered (return code 6: Unable to read/parse building energy model file) reading project file:  C:\Users\agoyal\Documents\GitHub\T24-2022-CASE-Modeling\framework\analysis\hpte\runs\mumr-wall6-base\cz16\instance.cibd22
2020-02-27 02:26:53 - Performing Building Database check...
2020-02-27 02:26:53 - Building Database check completed, no problems found.
2020-02-27 02:26:53 - Error:  ConsAssmUFactor Error:  ConsAssm object 'ResWoodWallU059' has gap in material references (~items 6/7). evaluating rule: Set DEFAULT ConsAssm:UFactor  (19:'ConstructAssembly.rule' line 1252)
2020-02-27 02:26:54 - Error:  ConsAssmUFactor Error:  ConsAssm object 'ResWoodWallU059' has gap in material references (~items 6/7). evaluating rule: Set DEFAULT ConsAssm:UFactor  (19:'ConstructAssembly.rule' line 1252)
2020-02-27 02:26:55 - Error:  ConsAssmUFactor Error:  ConsAssm object 'ResWoodWallU059' has gap in material references (~items 6/7). evaluating rule: Set DEFAULT ConsAssm:UFactor  (19:'ConstructAssembly.rule' line 1252)
2020-02-27 02:26:56 - Error:  ConsAssmUFactor Error:  ConsAssm object 'ResWoodWallU059' has gap in material references (~items 6/7). evaluating rule: Set DEFAULT ConsAssm:UFactor  (19:'ConstructAssembly.rule' line 1252)
2020-02-27 02:26:57 - Error:  ConsAssmUFactor Error:  ConsAssm object 'ResWoodWallU059' has gap in material references (~items 6/7). evaluating rule: Set DEFAULT ConsAssm:UFactor  (19:'ConstructAssembly.rule' line 1252)
2020-02-27 02:26:57 -   PerfAnal_NRes - starting, w/ arguments:
2020-02-27 02:26:57 -        BEMBasePathFile    = (null)
2020-02-27 02:26:57 -        RulesetPathFile    = (null)
2020-02-27 02:26:57 -        SimWeatherPath     = C:\Users\agoyal\Documents\CBECC-Com 2022 Data\EPW\
2020-02-27 02:26:57 -        CompMgrDLLPath     = (null)
2020-02-27 02:26:57 -        DHWWeatherPath     = (null)
2020-02-27 02:26:57 -        ProcessingPath     = C:\Users\agoyal\Documents\GitHub\T24-2022-CASE-Modeling\framework\analysis\hpte\runs\mumr-wall6-base\cz16\instance - run\
2020-02-27 02:26:57 -        ModelPathFile      = C:\Users\agoyal\Documents\GitHub\T24-2022-CASE-Modeling\framework\analysis\hpte\runs\mumr-wall6-base\cz16\instance.cibd22
2020-02-27 02:26:57 -        LogPathFile        = (null)
2020-02-27 02:26:57 -        UIVersionString    = CBECC-Com 2022.0.1 RV (1113)
2020-02-27 02:26:57 -        LoadModelFile      = false
2020-02-27 02:26:57 -        OptionsCSV         = AllowAnalysisAbort,0,StoreBEMDetails,1,AnalysisThruStep,8,ModelRpt_ALL,1,ExportHourlyResults_All,1,PromptUserUMLHWarning,1,PreAnalysisCheckPromptOption,3,CompReportWarningOption,5,
2020-02-27 02:26:57 -        ErrorMsg           = (assumed to be initialized)
2020-02-27 02:26:57 -        ErrorMsgLen        = 2056
2020-02-27 02:26:57 -        DisplayProgress    = true
2020-02-27 02:26:57 -        ResultsSummary     = (empty)
2020-02-27 02:26:57 -        ResultsSummaryLen  = 3200
2020-02-27 02:26:57 -        pProgCallbackFunc  = (null)
2020-02-27 02:26:58 - Performing Building Database check...
2020-02-27 02:26:59 - Building Database check completed, no problems found.
2020-02-27 02:26:59 - Warning:  The following developer options must be defaulted (not specified by the user) in order to perform a valid compliance analysis:
          Proj 'Mid-Rise Mixed-Use (5-story)' AutoHardSize
          Proj 'Mid-Rise Mixed-Use (5-story)' AutoEffInput
2020-02-27 02:26:59 -    1 file hash check(s) failed on executable and/or analysis support files (analysis continuing w/ report signature disabled)
2020-02-27 02:26:59 - Error:  ConsAssmUFactor Error:  ConsAssm object 'ResWoodWallU059' has gap in material references (~items 6/7). evaluating rule: Set DEFAULT ConsAssm:UFactor  (19:'ConstructAssembly.rule' line 1252)
2020-02-27 02:27:00 -   PerfAnal_NRes - AnalysisThruStep being set to #7 due to Proj:AnalysisType = Title24ProposedOnly
2020-02-27 02:27:01 - Error:  ConsAssmUFactor Error:  ConsAssm object 'ResWoodWallU059' has gap in material references (~items 6/7). evaluating rule: Set SIZING_PROPOSED ConsAssm:UFactor  (19:'ConstructAssembly.rule' line 1264)
2020-02-27 02:27:04 -   PerfAnal_NRes - Bypassing OpenStudio (and simulation) for zp model
2020-02-27 02:27:04 - Error:  ConsAssmUFactor Error:  ConsAssm object 'ResWoodWallU059' has gap in material references (~items 6/7). evaluating rule: Set SIZING_BASELINE ConsAssm:UFactor  (19:'ConstructAssembly.rule' line 1264)
2020-02-27 02:27:06 -   PerfAnal_NRes - Bypassing OpenStudio (and simulation) for zb model
2020-02-27 02:27:06 - Error:  ConsAssmUFactor Error:  ConsAssm object 'ResWoodWallU059' has gap in material references (~items 6/7). evaluating rule: Set ANNUAL_PROPOSED ConsAssm:UFactor  (19:'ConstructAssembly.rule' line 1271)
2020-02-27 02:31:06 - Error:  Undefined data: numerator evaluating rule: Set ANNUAL_BASELINE Fan:FlowCap  (75:'HVACSecondary-Fan-General.rule' line 494)
2020-02-27 02:31:06 - Error:  Undefined data: numerator evaluating rule: Set ANNUAL_BASELINE Fan:FlowCap  (75:'HVACSecondary-Fan-General.rule' line 494)
2020-02-27 02:31:06 - Error:  Undefined data: numerator evaluating rule: Set ANNUAL_BASELINE Fan:FlowCap  (75:'HVACSecondary-Fan-General.rule' line 494)
2020-02-27 02:31:06 - Error:  Undefined data: numerator evaluating rule: Set ANNUAL_BASELINE Fan:FlowCap  (75:'HVACSecondary-Fan-General.rule' line 529)
2020-02-27 02:31:06 - Error:  Undefined data: numerator evaluating rule: Set ANNUAL_BASELINE Fan:FlowCap  (75:'HVACSecondary-Fan-General.rule' line 529)
2020-02-27 02:31:06 - Error:  Undefined data: numerator evaluating rule: Set ANNUAL_BASELINE Fan:FlowCap  (75:'HVACSecondary-Fan-General.rule' line 529)
2020-02-27 02:31:06 - Error:  Undefined data: numerator evaluating rule: Set ANNUAL_BASELINE Fan:FlowCap  (75:'HVACSecondary-Fan-General.rule' line 529)
2020-02-27 02:31:06 - Error:  Undefined data: numerator evaluating rule: Set ANNUAL_BASELINE Fan:FlowCap  (75:'HVACSecondary-Fan-General.rule' line 529)
2020-02-27 02:31:06 - Error:  Undefined data: numerator evaluating rule: Set ANNUAL_BASELINE Fan:FlowCap  (75:'HVACSecondary-Fan-General.rule' line 529)
2020-02-27 02:31:06 - Error:  Undefined data: numerator evaluating rule: Set ANNUAL_BASELINE Fan:FlowCap  (75:'HVACSecondary-Fan-General.rule' line 529)
2020-02-27 02:31:06 - Error:  Undefined data: numerator evaluating rule: Set ANNUAL_BASELINE Fan:FlowCap  (75:'HVACSecondary-Fan-General.rule' line 529)
2020-02-27 02:31:06 - Error:  Undefined data: numerator evaluating rule: Set ANNUAL_BASELINE Fan:FlowCap  (75:'HVACSecondary-Fan-General.rule' line 529)
2020-02-27 02:31:06 - Error:  Undefined data: numerator evaluating rule: Set ANNUAL_BASELINE Fan:FlowCap  (75:'HVACSecondary-Fan-General.rule' line 529)
2020-02-27 02:31:06 - Error:  Undefined data: numerator evaluating rule: Set ANNUAL_BASELINE Fan:FlowCap  (75:'HVACSecondary-Fan-General.rule' line 529)
2020-02-27 02:31:06 - Error:  Undefined data: numerator evaluating rule: Set ANNUAL_BASELINE Fan:FlowCap  (75:'HVACSecondary-Fan-General.rule' line 529)
2020-02-27 02:31:06 - Error:  Undefined data: numerator evaluating rule: Set ANNUAL_BASELINE Fan:FlowCap  (75:'HVACSecondary-Fan-General.rule' line 529)
2020-02-27 02:31:06 - Error:  Undefined data: numerator evaluating rule: Set ANNUAL_BASELINE Fan:FlowCap  (75:'HVACSecondary-Fan-General.rule' line 529)
2020-02-27 02:31:06 - Error:  Undefined data: numerator evaluating rule: Set ANNUAL_BASELINE Fan:FlowCap  (75:'HVACSecondary-Fan-General.rule' line 529)
2020-02-27 02:31:06 - Error:  Undefined data: numerator evaluating rule: Set ANNUAL_BASELINE Fan:FlowCap  (75:'HVACSecondary-Fan-General.rule' line 529)
2020-02-27 02:31:06 - Error:  Undefined data: numerator evaluating rule: Set ANNUAL_BASELINE Fan:FlowCap  (75:'HVACSecondary-Fan-General.rule' line 529)
2020-02-27 02:31:06 - Error:  Undefined data: numerator evaluating rule: Set ANNUAL_BASELINE Fan:FlowCap  (75:'HVACSecondary-Fan-General.rule' line 529)
2020-02-27 02:31:06 - Error:  Undefined data: numerator evaluating rule: Set ANNUAL_BASELINE Fan:FlowCap  (75:'HVACSecondary-Fan-General.rule' line 529)
2020-02-27 02:31:06 - Error:  Undefined data: numerator evaluating rule: Set ANNUAL_BASELINE Fan:FlowCap  (75:'HVACSecondary-Fan-General.rule' line 529)
2020-02-27 02:31:06 - Error:  Undefined data: numerator evaluating rule: Set ANNUAL_BASELINE Fan:FlowCap  (75:'HVACSecondary-Fan-General.rule' line 529)
2020-02-27 02:31:06 - Error:  Undefined data: numerator evaluating rule: Set ANNUAL_BASELINE Fan:FlowCap  (75:'HVACSecondary-Fan-General.rule' line 529)
2020-02-27 02:31:06 - Error:  Division by zero evaluating rule: Set ANNUAL_BASELINE ThrmlZn:PriAirCondgSysDsgnFlow  (76:'HVACSecondary-Fan-FanRatios.rule' line 67)
2020-02-27 02:31:06 - Error:  Division by zero evaluating rule: Set ANNUAL_BASELINE ThrmlZn:PriAirCondgSysDsgnFlow  (76:'HVACSecondary-Fan-FanRatios.rule' line 67)
2020-02-27 02:31:06 - Error:  Division by zero evaluating rule: Set ANNUAL_BASELINE ThrmlZn:PriAirCondgSysDsgnFlow  (76:'HVACSecondary-Fan-FanRatios.rule' line 67)
2020-02-27 02:31:06 - Error:  Division by zero evaluating rule: Set ANNUAL_BASELINE ThrmlZn:PriAirCondgSysDsgnFlow  (76:'HVACSecondary-Fan-FanRatios.rule' line 67)
2020-02-27 02:31:06 - Error:  Division by zero evaluating rule: Set ANNUAL_BASELINE ThrmlZn:PriAirCondgSysDsgnFlow  (76:'HVACSecondary-Fan-FanRatios.rule' line 67)
2020-02-27 02:31:06 - Error:  Division by zero evaluating rule: Set ANNUAL_BASELINE ThrmlZn:PriAirCondgSysDsgnFlow  (76:'HVACSecondary-Fan-FanRatios.rule' line 67)
2020-02-27 02:31:06 - Error:  Division by zero evaluating rule: Set ANNUAL_BASELINE ThrmlZn:PriAirCondgSysDsgnFlow  (76:'HVACSecondary-Fan-FanRatios.rule' line 67)
2020-02-27 02:31:06 - Error:  Division by zero evaluating rule: Set ANNUAL_BASELINE ThrmlZn:PriAirCondgSysDsgnFlow  (76:'HVACSecondary-Fan-FanRatios.rule' line 67)
2020-02-27 02:31:06 - Error:  Division by zero evaluating rule: Set ANNUAL_BASELINE ThrmlZn:PriAirCondgSysDsgnFlow  (76:'HVACSecondary-Fan-FanRatios.rule' line 67)
2020-02-27 02:31:06 - Error:  Division by zero evaluating rule: Set ANNUAL_BASELINE ThrmlZn:PriAirCondgSysDsgnFlow  (76:'HVACSecondary-Fan-FanRatios.rule' line 67)
2020-02-27 02:31:06 - Error:  Division by zero evaluating rule: Set ANNUAL_BASELINE ThrmlZn:PriAirCondgSysDsgnFlow  (76:'HVACSecondary-Fan-FanRatios.rule' line 67)
2020-02-27 02:31:06 - Error:  Division by zero evaluating rule: Set ANNUAL_BASELINE ThrmlZn:PriAirCondgSysDsgnFlow  (76:'HVACSecondary-Fan-FanRatios.rule' line 67)
2020-02-27 02:31:06 - Error:  Division by zero evaluating rule: Set ANNUAL_BASELINE ThrmlZn:VentSysDsgnFlow  (76:'HVACSecondary-Fan-FanRatios.rule' line 111)
2020-02-27 02:31:06 - Error:  Division by zero evaluating rule: Set ANNUAL_BASELINE ThrmlZn:VentSysDsgnFlow  (76:'HVACSecondary-Fan-FanRatios.rule' line 111)
2020-02-27 02:31:06 - Error:  Division by zero evaluating rule: Set ANNUAL_BASELINE ThrmlZn:VentSysDsgnFlow  (76:'HVACSecondary-Fan-FanRatios.rule' line 111)
2020-02-27 02:31:06 - Error:  Division by zero evaluating rule: Set ANNUAL_BASELINE ThrmlZn:VentSysDsgnFlow  (76:'HVACSecondary-Fan-FanRatios.rule' line 111)
2020-02-27 02:31:06 - Error:  Division by zero evaluating rule: Set ANNUAL_BASELINE ThrmlZn:VentSysDsgnFlow  (76:'HVACSecondary-Fan-FanRatios.rule' line 111)
2020-02-27 02:31:06 - Error:  Division by zero evaluating rule: Set ANNUAL_BASELINE ThrmlZn:VentSysDsgnFlow  (76:'HVACSecondary-Fan-FanRatios.rule' line 111)
2020-02-27 02:31:06 - Error:  Division by zero evaluating rule: Set ANNUAL_BASELINE ThrmlZn:VentSysDsgnFlow  (76:'HVACSecondary-Fan-FanRatios.rule' line 111)
2020-02-27 02:31:06 - Error:  Division by zero evaluating rule: Set ANNUAL_BASELINE ThrmlZn:VentSysDsgnFlow  (76:'HVACSecondary-Fan-FanRatios.rule' line 111)
2020-02-27 02:31:06 - Error:  Division by zero evaluating rule: Set ANNUAL_BASELINE ThrmlZn:VentSysDsgnFlow  (76:'HVACSecondary-Fan-FanRatios.rule' line 111)
2020-02-27 02:31:06 - Error:  Division by zero evaluating rule: Set ANNUAL_BASELINE ThrmlZn:VentSysDsgnFlow  (76:'HVACSecondary-Fan-FanRatios.rule' line 111)
2020-02-27 02:31:06 - Error:  Division by zero evaluating rule: Set ANNUAL_BASELINE ThrmlZn:VentSysDsgnFlow  (76:'HVACSecondary-Fan-FanRatios.rule' line 111)
2020-02-27 02:31:06 - Error:  Division by zero evaluating rule: Set ANNUAL_BASELINE ThrmlZn:VentSysDsgnFlow  (76:'HVACSecondary-Fan-FanRatios.rule' line 111)
2020-02-27 02:31:07 -   PerfAnal_NRes - Bypassing OpenStudio (and simulation) for ab model
2020-02-27 02:31:07 -   PerfAnal_NRes - Completed analysis steps thru #7
2020-02-27 02:31:07 - Analysis errant  Processing time:  Overall 4:09 / SDD2IDF x2 avg 0:06 / SizSim x0 0:00 / AnnSim x2 avg 1:51 / ReportGen x0 0:00 / Other 0:12
2020-02-27 02:31:07 -       ResultsSummary population:  bAbort = (false) / RuleProcAbort = (false) / iRetVal = 9 / pszResultsSummary = (empty) / iResultsSummaryLen = 3200
2020-02-27 02:31:07 -       ResultsSummary components1:  2020-02-27 02:31:07 / instance / Mid-Rise Mixed-Use (5-story) / CTZ16S22A / Title24ProposedOnly / 4:09 /  / 
2020-02-27 02:31:07 -       ResultsSummary components2:  CBECC-Com 2022.0.1 RV (1113) / BEMCmpMgr 2022.0.1 RV (6107) / CA 2022 Nonresidential, Vers. 1.0 Alpha /  /  / - / C:\Users\agoyal\Documents\CBECC-Com 2022 Data\EPW\ / C:\Users\agoyal\Documents\GitHub\T24-2022-CASE-Modeling\framework\analysis\hpte\runs\mumr-wall6-base\cz16\
2020-02-27 02:31:07 -       ResultsSummary:  2020-02-27 02:31:07,"instance","Mid-Rise Mixed-Use (5-story)","CTZ16S22A","Pol  0% RetAdd NoLeak",113100,141000,"Title24ProposedOnly",4:09,,,"--","--","Successful (227 warnings)",21.9827,54536.8,64572.7,0,263.757,13940,82050.1,215385,217441,0,149101,34551.8,0,0,616479,11178.6,0,0,0,0,193.035,0,11371.7,586.724,0,0,0,11958.4,0,0,0,0,0,0,0,0,0,0,0,0,0,25.9876,12.9127,16.1212,0,0.0722337,3.73759,18.486,77.3173,57.1015,0,40.9953,8.65104,0,0,184.065,156.428,27.6371,0,2005,"Thermal Zone: F2-4 Corridor",0,2132.25,"Thermal Zone: F5 Corridor",0,"--","--","",0,0,0,0,0,0,0,0,0,0,0,0,0,0,0,0,0,0,0,0,0,0,0,0,0,0,0,0,0,0,0,0,0,0,0,0,0,0,0,0,0,0,0,0,0,0,0,0,0,0,0,0,0,0,0,0,0,0,0,,,,,,,1.14557e-05,25.2779,11.2016,0,0.00975637,2.27833,14.3582,53.1258,38.321,0,25.7371,3.94427,0,0,121.128,0,0,0,0,0,0,0,0,0,0,0,0,0,0,0,"CBECC-Com 2022.0.1 RV (1113)","BEMCmpMgr 2022.0.1 RV (6107)","CA 2022 Nonresidential, Vers. 1.0 Alpha","","","-","C:\Users\agoyal\Documents\CBECC-Com 2022 Data\EPW\","C:\Users\agoyal\Documents\GitHub\T24-2022-CASE-Modeling\framework\analysis\hpte\runs\mumr-wall6-base\cz16\",0.00349016,7.05468,9.54072,0,0.0390603,1.71908,9.05037,27.4,32.22,0,25.6908,5.68613,0,0,91,5.36001,0,0,0,0,0.0925577,0,5.45,0.281326,0,0,0,5.73,0,0,0,0,0,0,0,0,0,0,0,0,0,0,0,0,0,0,0,0,0,0,0,0,0,0,0,0,9.07625,1.17501,1.58908,0,0.00650575,0.443046,1.50741,13.7973,5.84282,0,4.27899,0.947065,0,0,24.8662,0,0,0,0,0,0,0,0,0,0,0,0,0,0,0,

2020-02-27 02:31:07 - 53 Error(s) encountered performing analysis (error code 9):
     (first 10 reported below, all are listed in project log file)

(1) Error:  ConsAssmUFactor Error:  ConsAssm object 'ResWoodWallU059' has gap in material references (~items 6/7). evaluating rule: Set DEFAULT ConsAssm:UFactor  (19:'ConstructAssembly.rule' line 1252)

(2) Error:  ConsAssmUFactor Error:  ConsAssm object 'ResWoodWallU059' has gap in material references (~items 6/7). evaluating rule: Set SIZING_PROPOSED ConsAssm:UFactor  (19:'ConstructAssembly.rule' line 1264)

(3) Error:  ConsAssmUFactor Error:  ConsAssm object 'ResWoodWallU059' has gap in material references (~items 6/7). evaluating rule: Set SIZING_BASELINE ConsAssm:UFactor  (19:'ConstructAssembly.rule' line 1264)

(4) Error:  ConsAssmUFactor Error:  ConsAssm object 'ResWoodWallU059' has gap in material references (~items 6/7). evaluating rule: Set ANNUAL_PROPOSED ConsAssm:UFactor  (19:'ConstructAssembly.rule' line 1271)

(5) Error:  Undefined data: numerator evaluating rule: Set ANNUAL_BASELINE Fan:FlowCap  (75:'HVACSecondary-Fan-General.rule' line 494)

(6) Error:  Undefined data: numerator evaluating rule: Set ANNUAL_BASELINE Fan:FlowCap  (75:'HVACSecondary-Fan-General.rule' line 494)

(7) Error:  Undefined data: numerator evaluating rule: Set ANNUAL_BASELINE Fan:FlowCap  (75:'HVACSecondary-Fan-General.rule' line 494)

(8) Error:  Undefined data: numerator evaluating rule: Set ANNUAL_BASELINE Fan:FlowCap  (75:'HVACSecondary-Fan-General.rule' line 529)

(9) Error:  Undefined data: numerator evaluating rule: Set ANNUAL_BASELINE Fan:FlowCap  (75:'HVACSecondary-Fan-General.rule' line 529)

(10) Error:  Undefined data: numerator evaluating rule: Set ANNUAL_BASELINE Fan:FlowCap  (75:'HVACSecondary-Fan-General.rule' line 529)
2020-02-27 02:31:10 - -----------------------------------------------------------------------------
2020-02-27 02:31:10 - Opening Project 'cz16\instance.cibd22'...
2020-02-27 02:31:11 - Error resolving project component references: 1 not found.
2020-02-27 02:31:11 -       'MetalFrameWall16inOCCavIns R13.00' (once)
2020-02-27 02:31:11 -    Model load failed (return code 6) into CBECC-Com 2022.0.1 RV (1113)
2020-02-27 02:31:11 - Error(s) encountered (return code 6: Unable to read/parse building energy model file) reading project file:  C:\Users\agoyal\Documents\GitHub\T24-2022-CASE-Modeling\framework\analysis\hpte\runs\mumr-wall6-base\cz16\instance.cibd22
2020-02-27 02:31:11 - Error:  ConsAssmUFactor Error:  ConsAssm object 'ResWoodWallU059' has gap in material references (~items 6/7). evaluating rule: Set DEFAULT ConsAssm:UFactor  (19:'ConstructAssembly.rule' line 1252)
2020-02-27 02:31:11 - Error:  ConsAssmUFactor Error:  ConsAssm object 'ResWoodWallU059' has gap in material references (~items 6/7). evaluating rule: Set DEFAULT ConsAssm:UFactor  (19:'ConstructAssembly.rule' line 1252)
2020-02-27 02:31:12 - Error:  ConsAssmUFactor Error:  ConsAssm object 'ResWoodWallU059' has gap in material references (~items 6/7). evaluating rule: Set DEFAULT ConsAssm:UFactor  (19:'ConstructAssembly.rule' line 1252)
2020-02-27 02:31:13 - Error resolving project component references: 1 not found.
2020-02-27 02:31:13 -       'MetalFrameWall16inOCCavIns R13.00' (once)
2020-02-27 10:46:12 - Project Saved
2020-02-27 11:35:15 - -----------------------------------------------------------------------------
2020-02-27 11:35:15 - Opening Project 'cz16\instance.cibd22'...
2020-02-27 11:35:16 -    Model load successful into CBECC-Com 2022.0.1 RV (1113)
2020-02-27 11:35:17 - Performing Building Database check...
2020-02-27 11:35:17 - Building Database check completed, no problems found.
2020-02-27 11:35:17 - Error:  ConsAssmUFactor Error:  ConsAssm object 'ResWoodWallU059' has gap in material references (~items 6/7). evaluating rule: Set DEFAULT ConsAssm:UFactor  (19:'ConstructAssembly.rule' line 1252)
2020-02-27 11:35:17 - Error:  ConsAssmUFactor Error:  ConsAssm object 'ResWoodWallU059' has gap in material references (~items 6/7). evaluating rule: Set DEFAULT ConsAssm:UFactor  (19:'ConstructAssembly.rule' line 1252)
2020-02-27 11:35:18 - Error:  ConsAssmUFactor Error:  ConsAssm object 'ResWoodWallU059' has gap in material references (~items 6/7). evaluating rule: Set DEFAULT ConsAssm:UFactor  (19:'ConstructAssembly.rule' line 1252)
2020-02-27 11:37:37 - Project Saved
2020-02-27 11:37:38 -   PerfAnal_NRes - starting, w/ arguments:
2020-02-27 11:37:38 -        BEMBasePathFile    = (null)
2020-02-27 11:37:38 -        RulesetPathFile    = (null)
2020-02-27 11:37:38 -        SimWeatherPath     = C:\Users\agoyal\Documents\CBECC-Com 2022 Data\EPW\
2020-02-27 11:37:38 -        CompMgrDLLPath     = (null)
2020-02-27 11:37:38 -        DHWWeatherPath     = (null)
2020-02-27 11:37:38 -        ProcessingPath     = C:\Users\agoyal\Documents\GitHub\T24-2022-CASE-Modeling\framework\analysis\hpte\runs\mumr-wall6-base\cz16\instance - run\
2020-02-27 11:37:38 -        ModelPathFile      = C:\Users\agoyal\Documents\GitHub\T24-2022-CASE-Modeling\framework\analysis\hpte\runs\mumr-wall6-base\cz16\instance.cibd22
2020-02-27 11:37:38 -        LogPathFile        = (null)
2020-02-27 11:37:38 -        UIVersionString    = CBECC-Com 2022.0.1 RV (1113)
2020-02-27 11:37:38 -        LoadModelFile      = false
2020-02-27 11:37:38 -        OptionsCSV         = StoreBEMDetails,1,AnalysisThruStep,8,ModelRpt_ALL,1,ExportHourlyResults_All,1,PromptUserUMLHWarning,1,PreAnalysisCheckPromptOption,3,CompReportWarningOption,5,
2020-02-27 11:37:38 -        ErrorMsg           = (assumed to be initialized)
2020-02-27 11:37:38 -        ErrorMsgLen        = 2056
2020-02-27 11:37:38 -        DisplayProgress    = true
2020-02-27 11:37:38 -        ResultsSummary     = (empty)
2020-02-27 11:37:38 -        ResultsSummaryLen  = 3200
2020-02-27 11:37:38 -        pProgCallbackFunc  = (null)
2020-02-27 11:37:39 - Performing Building Database check...
2020-02-27 11:37:39 - Building Database check completed, no problems found.
2020-02-27 11:37:39 - Warning:  The following developer options must be defaulted (not specified by the user) in order to perform a valid compliance analysis:
          Proj 'Mid-Rise Mixed-Use (5-story)' AutoHardSize
          Proj 'Mid-Rise Mixed-Use (5-story)' AutoEffInput
2020-02-27 11:37:39 -    1 file hash check(s) failed on executable and/or analysis support files (analysis continuing w/ report signature disabled)
2020-02-27 11:37:41 -   PerfAnal_NRes - AnalysisThruStep being set to #7 due to Proj:AnalysisType = Title24ProposedOnly
2020-02-27 11:37:41 - Performing Building Database check...
2020-02-27 11:37:41 - Building Database check completed, no problems found.
2020-02-27 11:37:41 - Warning:  AirSystem 'DOAS1' has a DX cooling coil and the rated supply flow per ton of (net) cooling capacity is 848 cfm/ton. The acceptable range for successful simulation of DX cooling coils in EnergyPlus is normally ~300 to ~450 cfm/ton. If the compliance simulation fails, check flow/cooling capacity inputs for consistency with the design. If simulation still fails, contact the CBECC support team for assistance. evaluating rule: Set CHECKSIM AirSys:SupFlowPerTon  (110:'HVACSecondary-Summary.rule' line 785)
2020-02-27 11:37:41 - Warning:  The AirSystem:Count for multi-zone system 'DOAS1' is not consistent with the maximum or minimum ThermalZone:Multiplier of the zones the system serves. This indicates the HVAC system serves more than 1 floor, or that Multipliers or system Count may be improperly defined. Check inputs for consistency. evaluating rule: Set CHECKCODE AirSys:Cnt  (68:'HVACSecondary-General.rule' line 1398)
2020-02-27 11:37:46 -   PerfAnal_NRes - Bypassing OpenStudio (and simulation) for zp model
2020-02-27 11:37:48 -   PerfAnal_NRes - Bypassing OpenStudio (and simulation) for zb model
2020-02-27 11:43:59 - Error:  Undefined data: numerator evaluating rule: Set ANNUAL_BASELINE Fan:FlowCap  (75:'HVACSecondary-Fan-General.rule' line 494)
2020-02-27 11:43:59 - Error:  Undefined data: numerator evaluating rule: Set ANNUAL_BASELINE Fan:FlowCap  (75:'HVACSecondary-Fan-General.rule' line 494)
2020-02-27 11:43:59 - Error:  Undefined data: numerator evaluating rule: Set ANNUAL_BASELINE Fan:FlowCap  (75:'HVACSecondary-Fan-General.rule' line 494)
2020-02-27 11:43:59 - Error:  Undefined data: numerator evaluating rule: Set ANNUAL_BASELINE Fan:FlowCap  (75:'HVACSecondary-Fan-General.rule' line 529)
2020-02-27 11:43:59 - Error:  Undefined data: numerator evaluating rule: Set ANNUAL_BASELINE Fan:FlowCap  (75:'HVACSecondary-Fan-General.rule' line 529)
2020-02-27 11:43:59 - Error:  Undefined data: numerator evaluating rule: Set ANNUAL_BASELINE Fan:FlowCap  (75:'HVACSecondary-Fan-General.rule' line 529)
2020-02-27 11:43:59 - Error:  Undefined data: numerator evaluating rule: Set ANNUAL_BASELINE Fan:FlowCap  (75:'HVACSecondary-Fan-General.rule' line 529)
2020-02-27 11:43:59 - Error:  Undefined data: numerator evaluating rule: Set ANNUAL_BASELINE Fan:FlowCap  (75:'HVACSecondary-Fan-General.rule' line 529)
2020-02-27 11:43:59 - Error:  Undefined data: numerator evaluating rule: Set ANNUAL_BASELINE Fan:FlowCap  (75:'HVACSecondary-Fan-General.rule' line 529)
2020-02-27 11:43:59 - Error:  Undefined data: numerator evaluating rule: Set ANNUAL_BASELINE Fan:FlowCap  (75:'HVACSecondary-Fan-General.rule' line 529)
2020-02-27 11:43:59 - Error:  Undefined data: numerator evaluating rule: Set ANNUAL_BASELINE Fan:FlowCap  (75:'HVACSecondary-Fan-General.rule' line 529)
2020-02-27 11:43:59 - Error:  Undefined data: numerator evaluating rule: Set ANNUAL_BASELINE Fan:FlowCap  (75:'HVACSecondary-Fan-General.rule' line 529)
2020-02-27 11:43:59 - Error:  Undefined data: numerator evaluating rule: Set ANNUAL_BASELINE Fan:FlowCap  (75:'HVACSecondary-Fan-General.rule' line 529)
2020-02-27 11:43:59 - Error:  Undefined data: numerator evaluating rule: Set ANNUAL_BASELINE Fan:FlowCap  (75:'HVACSecondary-Fan-General.rule' line 529)
2020-02-27 11:43:59 - Error:  Undefined data: numerator evaluating rule: Set ANNUAL_BASELINE Fan:FlowCap  (75:'HVACSecondary-Fan-General.rule' line 529)
2020-02-27 11:43:59 - Error:  Undefined data: numerator evaluating rule: Set ANNUAL_BASELINE Fan:FlowCap  (75:'HVACSecondary-Fan-General.rule' line 529)
2020-02-27 11:43:59 - Error:  Undefined data: numerator evaluating rule: Set ANNUAL_BASELINE Fan:FlowCap  (75:'HVACSecondary-Fan-General.rule' line 529)
2020-02-27 11:43:59 - Error:  Undefined data: numerator evaluating rule: Set ANNUAL_BASELINE Fan:FlowCap  (75:'HVACSecondary-Fan-General.rule' line 529)
2020-02-27 11:43:59 - Error:  Undefined data: numerator evaluating rule: Set ANNUAL_BASELINE Fan:FlowCap  (75:'HVACSecondary-Fan-General.rule' line 529)
2020-02-27 11:43:59 - Error:  Undefined data: numerator evaluating rule: Set ANNUAL_BASELINE Fan:FlowCap  (75:'HVACSecondary-Fan-General.rule' line 529)
2020-02-27 11:43:59 - Error:  Undefined data: numerator evaluating rule: Set ANNUAL_BASELINE Fan:FlowCap  (75:'HVACSecondary-Fan-General.rule' line 529)
2020-02-27 11:43:59 - Error:  Undefined data: numerator evaluating rule: Set ANNUAL_BASELINE Fan:FlowCap  (75:'HVACSecondary-Fan-General.rule' line 529)
2020-02-27 11:43:59 - Error:  Undefined data: numerator evaluating rule: Set ANNUAL_BASELINE Fan:FlowCap  (75:'HVACSecondary-Fan-General.rule' line 529)
2020-02-27 11:43:59 - Error:  Undefined data: numerator evaluating rule: Set ANNUAL_BASELINE Fan:FlowCap  (75:'HVACSecondary-Fan-General.rule' line 529)
2020-02-27 11:43:59 - Error:  Undefined data: numerator evaluating rule: Set ANNUAL_BASELINE Fan:FlowCap  (75:'HVACSecondary-Fan-General.rule' line 529)
2020-02-27 11:43:59 - Error:  Division by zero evaluating rule: Set ANNUAL_BASELINE ThrmlZn:PriAirCondgSysDsgnFlow  (76:'HVACSecondary-Fan-FanRatios.rule' line 67)
2020-02-27 11:43:59 - Error:  Division by zero evaluating rule: Set ANNUAL_BASELINE ThrmlZn:PriAirCondgSysDsgnFlow  (76:'HVACSecondary-Fan-FanRatios.rule' line 67)
2020-02-27 11:43:59 - Error:  Division by zero evaluating rule: Set ANNUAL_BASELINE ThrmlZn:PriAirCondgSysDsgnFlow  (76:'HVACSecondary-Fan-FanRatios.rule' line 67)
2020-02-27 11:43:59 - Error:  Division by zero evaluating rule: Set ANNUAL_BASELINE ThrmlZn:PriAirCondgSysDsgnFlow  (76:'HVACSecondary-Fan-FanRatios.rule' line 67)
2020-02-27 11:43:59 - Error:  Division by zero evaluating rule: Set ANNUAL_BASELINE ThrmlZn:PriAirCondgSysDsgnFlow  (76:'HVACSecondary-Fan-FanRatios.rule' line 67)
2020-02-27 11:43:59 - Error:  Division by zero evaluating rule: Set ANNUAL_BASELINE ThrmlZn:PriAirCondgSysDsgnFlow  (76:'HVACSecondary-Fan-FanRatios.rule' line 67)
2020-02-27 11:43:59 - Error:  Division by zero evaluating rule: Set ANNUAL_BASELINE ThrmlZn:PriAirCondgSysDsgnFlow  (76:'HVACSecondary-Fan-FanRatios.rule' line 67)
2020-02-27 11:43:59 - Error:  Division by zero evaluating rule: Set ANNUAL_BASELINE ThrmlZn:PriAirCondgSysDsgnFlow  (76:'HVACSecondary-Fan-FanRatios.rule' line 67)
2020-02-27 11:43:59 - Error:  Division by zero evaluating rule: Set ANNUAL_BASELINE ThrmlZn:PriAirCondgSysDsgnFlow  (76:'HVACSecondary-Fan-FanRatios.rule' line 67)
2020-02-27 11:43:59 - Error:  Division by zero evaluating rule: Set ANNUAL_BASELINE ThrmlZn:PriAirCondgSysDsgnFlow  (76:'HVACSecondary-Fan-FanRatios.rule' line 67)
2020-02-27 11:43:59 - Error:  Division by zero evaluating rule: Set ANNUAL_BASELINE ThrmlZn:PriAirCondgSysDsgnFlow  (76:'HVACSecondary-Fan-FanRatios.rule' line 67)
2020-02-27 11:43:59 - Error:  Division by zero evaluating rule: Set ANNUAL_BASELINE ThrmlZn:PriAirCondgSysDsgnFlow  (76:'HVACSecondary-Fan-FanRatios.rule' line 67)
2020-02-27 11:43:59 - Error:  Division by zero evaluating rule: Set ANNUAL_BASELINE ThrmlZn:VentSysDsgnFlow  (76:'HVACSecondary-Fan-FanRatios.rule' line 111)
2020-02-27 11:43:59 - Error:  Division by zero evaluating rule: Set ANNUAL_BASELINE ThrmlZn:VentSysDsgnFlow  (76:'HVACSecondary-Fan-FanRatios.rule' line 111)
2020-02-27 11:43:59 - Error:  Division by zero evaluating rule: Set ANNUAL_BASELINE ThrmlZn:VentSysDsgnFlow  (76:'HVACSecondary-Fan-FanRatios.rule' line 111)
2020-02-27 11:43:59 - Error:  Division by zero evaluating rule: Set ANNUAL_BASELINE ThrmlZn:VentSysDsgnFlow  (76:'HVACSecondary-Fan-FanRatios.rule' line 111)
2020-02-27 11:43:59 - Error:  Division by zero evaluating rule: Set ANNUAL_BASELINE ThrmlZn:VentSysDsgnFlow  (76:'HVACSecondary-Fan-FanRatios.rule' line 111)
2020-02-27 11:43:59 - Error:  Division by zero evaluating rule: Set ANNUAL_BASELINE ThrmlZn:VentSysDsgnFlow  (76:'HVACSecondary-Fan-FanRatios.rule' line 111)
2020-02-27 11:43:59 - Error:  Division by zero evaluating rule: Set ANNUAL_BASELINE ThrmlZn:VentSysDsgnFlow  (76:'HVACSecondary-Fan-FanRatios.rule' line 111)
2020-02-27 11:43:59 - Error:  Division by zero evaluating rule: Set ANNUAL_BASELINE ThrmlZn:VentSysDsgnFlow  (76:'HVACSecondary-Fan-FanRatios.rule' line 111)
2020-02-27 11:43:59 - Error:  Division by zero evaluating rule: Set ANNUAL_BASELINE ThrmlZn:VentSysDsgnFlow  (76:'HVACSecondary-Fan-FanRatios.rule' line 111)
2020-02-27 11:43:59 - Error:  Division by zero evaluating rule: Set ANNUAL_BASELINE ThrmlZn:VentSysDsgnFlow  (76:'HVACSecondary-Fan-FanRatios.rule' line 111)
2020-02-27 11:43:59 - Error:  Division by zero evaluating rule: Set ANNUAL_BASELINE ThrmlZn:VentSysDsgnFlow  (76:'HVACSecondary-Fan-FanRatios.rule' line 111)
2020-02-27 11:43:59 - Error:  Division by zero evaluating rule: Set ANNUAL_BASELINE ThrmlZn:VentSysDsgnFlow  (76:'HVACSecondary-Fan-FanRatios.rule' line 111)
2020-02-27 11:44:00 -   PerfAnal_NRes - Bypassing OpenStudio (and simulation) for ab model
2020-02-27 11:44:00 -   PerfAnal_NRes - Completed analysis steps thru #7
2020-02-27 11:44:00 - Analysis incomplete  Processing time:  Overall 6:22 / SDD2IDF x2 avg 0:09 / SizSim x0 0:00 / AnnSim x2 avg 2:50 / ReportGen x0 0:00 / Other 0:20
2020-02-27 11:44:00 -       ResultsSummary population:  bAbort = (false) / RuleProcAbort = (false) / iRetVal = 0 / pszResultsSummary = (empty) / iResultsSummaryLen = 3200
2020-02-27 11:44:00 -       ResultsSummary components1:  2020-02-27 11:44:00 / instance / Mid-Rise Mixed-Use (5-story) / CTZ16S22A / Title24ProposedOnly / 6:22 /  / 
2020-02-27 11:44:00 -       ResultsSummary components2:  CBECC-Com 2022.0.1 RV (1113) / BEMCmpMgr 2022.0.1 RV (6107) / CA 2022 Nonresidential, Vers. 1.0 Alpha /  /  / - / C:\Users\agoyal\Documents\CBECC-Com 2022 Data\EPW\ / C:\Users\agoyal\Documents\GitHub\T24-2022-CASE-Modeling\framework\analysis\hpte\runs\mumr-wall6-base\cz16\
2020-02-27 11:44:00 -       ResultsSummary:  2020-02-27 11:44:00,"instance","Mid-Rise Mixed-Use (5-story)","CTZ16S22A","Pol  0% RetAdd NoLeak",113100,141000,"Title24ProposedOnly",6:22,,,"--","--","Successful (225 warnings)",21.9812,54526.2,62779.5,0,263.767,15028.9,82050.1,214670,217441,0,149101,34551.8,0,0,615764,9945.54,0,0,0,0,10214.5,0,20160,586.724,0,0,0,20746.8,0,0,0,0,0,0,0,0,0,0,0,0,0,23.1291,12.934,15.5745,0,0.0722201,25.4716,18.486,95.6674,57.1015,0,40.9953,8.65104,0,0,202.415,156.175,46.2402,0,2069.25,"Thermal Zone: F2-4 Corridor",0,2042.75,"Thermal Zone: F5 Corridor",0,"--","--","",0,0,0,0,0,0,0,0,0,0,0,0,0,0,0,0,0,0,0,0,0,0,0,0,0,0,0,0,0,0,0,0,0,0,0,0,0,0,0,0,0,0,0,0,0,0,0,0,0,0,0,0,0,0,0,0,0,0,0,,,,,,,1.14526e-05,24.7291,11.0903,0,0.00975637,2.40251,14.3582,52.59,38.321,0,25.7371,3.94427,0,0,120.592,0,0,0,0,0,0,0,0,0,0,0,0,0,0,0,"CBECC-Com 2022.0.1 RV (1113)","BEMCmpMgr 2022.0.1 RV (6107)","CA 2022 Nonresidential, Vers. 1.0 Alpha","","","-","C:\Users\agoyal\Documents\CBECC-Com 2022 Data\EPW\","C:\Users\agoyal\Documents\GitHub\T24-2022-CASE-Modeling\framework\analysis\hpte\runs\mumr-wall6-base\cz16\",0.00348969,7.14566,9.23146,0,0.0390559,1.89809,9.05037,27.37,32.22,0,25.6908,5.68613,0,0,90.97,4.76875,0,0,0,0,4.89772,0,9.67,0.281326,0,0,0,9.95,0,0,0,0,0,0,0,0,0,0,0,0,0,0,0,0,0,0,0,0,0,0,0,0,0,0,0,0,8.07512,1.19016,1.53757,0,0.00650503,8.60905,1.50741,20.9258,5.84282,0,4.27899,0.947065,0,0,31.9947,0,0,0,0,0,0,0,0,0,0,0,0,0,0,0,

2020-02-27 12:16:06 - -----------------------------------------------------------------------------
2020-02-27 12:16:06 - Opening Project 'cz16\instance.cibd22'...
2020-02-27 12:16:07 -    Model load successful into CBECC-Com 2022.0.1 RV (1113)
2020-02-27 12:16:07 - Performing Building Database check...
2020-02-27 12:16:07 - Building Database check completed, no problems found.
2020-02-27 12:16:11 - Project Saved
