2019-12-17 17:29:53 - -----------------------------------------------------------------------------
2019-12-17 17:29:53 - Opening Project 'cz07\instance.cibd19'...
2019-12-17 17:29:54 -    Model load successful into CBECC-Com 2019.1.0 (1079)
2019-12-17 17:29:54 - Performing Building Database check...
2019-12-17 17:29:54 - Building Database check completed, no problems found.
2019-12-17 17:29:58 -   PerfAnal_NRes - starting, w/ arguments:
2019-12-17 17:29:58 -        BEMBasePathFile    = (null)
2019-12-17 17:29:58 -        RulesetPathFile    = (null)
2019-12-17 17:29:58 -        SimWeatherPath     = C:\Users\agoyal\Documents\CBECC-Com 2019 Data\EPW\
2019-12-17 17:29:58 -        CompMgrDLLPath     = (null)
2019-12-17 17:29:58 -        DHWWeatherPath     = (null)
2019-12-17 17:29:58 -        ProcessingPath     = C:\Users\agoyal\Documents\GitHub\T24-2022-CASE-Modeling\framework\analysis\hvac\runs\mumr-baseline\cz07\instance - run\
2019-12-17 17:29:58 -        ModelPathFile      = C:\Users\agoyal\Documents\GitHub\T24-2022-CASE-Modeling\framework\analysis\hvac\runs\mumr-baseline\cz07\instance.cibd19
2019-12-17 17:29:58 -        LogPathFile        = (null)
2019-12-17 17:29:58 -        UIVersionString    = CBECC-Com 2019.1.0 (1079)
2019-12-17 17:29:58 -        LoadModelFile      = false
2019-12-17 17:29:58 -        OptionsCSV         = AllowAnalysisAbort,0,StoreBEMDetails,1,AnalysisThruStep,8,ModelRpt_ALL,1,SimulationStorage,7,ExportHourlyResults_All,1,PromptUserUMLHWarning,1,PreAnalysisCheckPromptOption,3,CompReportWarningOption,5,
2019-12-17 17:29:58 -        ErrorMsg           = (assumed to be initialized)
2019-12-17 17:29:58 -        ErrorMsgLen        = 2056
2019-12-17 17:29:58 -        DisplayProgress    = true
2019-12-17 17:29:58 -        ResultsSummary     = (empty)
2019-12-17 17:29:58 -        ResultsSummaryLen  = 3200
2019-12-17 17:29:58 -        pProgCallbackFunc  = (null)
2019-12-17 17:29:59 - Performing Building Database check...
2019-12-17 17:29:59 - Building Database check completed, no problems found.
2019-12-17 17:29:59 - Warning:  The following developer options must be defaulted (not specified by the user) in order to perform a valid compliance analysis:
          Proj 'Mid-Rise Mixed-Use (5-story)' AutoHardSize
          Proj 'Mid-Rise Mixed-Use (5-story)' AutoEffInput
2019-12-17 17:29:59 -    9 file hash check(s) failed on executable and/or analysis support files (analysis continuing w/ report signature disabled)
2019-12-17 17:30:01 - Performing Building Database check...
2019-12-17 17:30:01 - Building Database check completed, no problems found.
2019-12-17 17:30:01 - Warning:  The AirSystem:Count for multi-zone system 'DOAS1' is not consistent with the maximum or minimum ThermalZone:Multiplier of the zones the system serves. This indicates the HVAC system serves more than 1 floor, or that Multipliers or system Count may be improperly defined. Check inputs for consistency. evaluating rule: Set CHECKCODE AirSys:Cnt  (68:'HVACSecondary-General.rule' line 1360)
2019-12-17 17:30:04 -   PerfAnal_NRes - Bypassing OpenStudio (and simulation) for zp model
2019-12-17 17:33:24 -   PerfSim_E+ - Final Result: PASS  -- compliance margin: 0.58 (0.71%)
2019-12-17 17:33:26 - Analysis result:  PASS  (TDV margin: 0.58)  Processing time:  Overall 3:28 / SDD2IDF x4 avg 0:07 / SizSim x2 avg 0:12 / AnnSim x2 avg 1:04 / ReportGen x0 0:00 / Other 0:23
2019-12-17 17:33:26 -       ResultsSummary population:  bAbort = (false) / RuleProcAbort = (false) / iRetVal = 0 / pszResultsSummary = (empty) / iResultsSummaryLen = 3200
2019-12-17 17:33:26 -       ResultsSummary components1:  2019-12-17 17:33:26 / instance / Mid-Rise Mixed-Use (5-story) / SAN-DIEGO-LINDBERGH_722900 / Title24Compliance / 3:28 / PASS / 0.58
2019-12-17 17:33:26 -       ResultsSummary components2:  CBECC-Com 2019.1.0 (1079) / BEMCmpMgr 2019.1.0 (5962) / CA 2019 Nonresidential, Vers. 1.0 Alpha / 1.11.3.f52686d8e1 / 9.0.1-bb7ca4f0da / CSE19 0.860.0 EXE / C:\Users\agoyal\Documents\CBECC-Com 2019 Data\EPW\ / C:\Users\agoyal\Documents\GitHub\T24-2022-CASE-Modeling\framework\analysis\hvac\runs\mumr-baseline\cz07\
2019-12-17 17:33:26 -       ResultsSummary:  2019-12-17 17:33:26,"instance","Mid-Rise Mixed-Use (5-story)","SAN-DIEGO-LINDBERGH_722900",113100,141000,"Title24Compliance",3:28,PASS,0.58,"--","--","Successful (223 warnings)",3668.16,77713.6,44096.6,0,257.997,17147.1,81553.4,224437,217441,0,149101,34551.8,0,0,625531,922.584,0,0,0,0,9235.07,0,10157.7,586.724,0,0,0,10744.4,0,0,0,0,0,0,0,0,0,0,0,0,0,2.42387,26.3882,11.8423,0,0.0630107,19.231,21.4666,81.415,57.537,0,38.4461,8.41216,0,0,185.81,168.348,17.4626,0,1463.25,"Thermal Zone: F5 Corridor",0,6,"Thermal Zone: F5 Studio SW",0,"--","--","Successful (223 warnings)",6.5868,79198.3,45009.4,0,44.7711,17161.9,81553.4,222974,217441,0,149101,8626.31,0,0,598143,1263.92,0,0,0,0,9235.07,0,10499,586.724,0,0,0,11085.7,0,0,0,0,0,0,0,0,0,0,0,0,0,2.23361,26.8611,12.1901,0,0.0104152,19.2335,21.4666,81.9952,57.537,0,38.4461,2.10021,0,0,180.078,162.026,18.0523,0,0,,0,0,,0,0.00017268,34.7579,8.62215,0,0.0425939,2.6164,14.4739,60.5131,38.321,0,25.7371,3.94427,0,0,128.515,2.80122e-05,34.4644,8.73338,0,0.004043,2.62191,14.4739,60.2977,38.321,0,25.7371,0.984739,0,0,125.341,"CBECC-Com 2019.1.0 (1079)","BEMCmpMgr 2019.1.0 (5962)","CA 2019 Nonresidential, Vers. 1.0 Alpha","1.11.3.f52686d8e1","9.0.1-bb7ca4f0da","CSE19 0.860.0 EXE","C:\Users\agoyal\Documents\CBECC-Com 2019 Data\EPW\","C:\Users\agoyal\Documents\GitHub\T24-2022-CASE-Modeling\framework\analysis\hvac\runs\mumr-baseline\cz07\",

2019-12-17 17:33:29 - -----------------------------------------------------------------------------
2019-12-17 17:33:29 - Opening Project 'cz07\instance.cibd19'...
2019-12-17 17:33:30 -    Model load successful into CBECC-Com 2019.1.0 (1079)
2019-12-17 17:33:30 - Performing Building Database check...
2019-12-17 17:33:30 - Building Database check completed, no problems found.
2019-12-17 17:33:33 - Project Saved
2019-12-18 16:01:18 - -----------------------------------------------------------------------------
2019-12-18 16:01:18 - Opening Project 'cz07\instance.cibd19'...
2019-12-18 16:01:19 -    Model load successful into CBECC-Com 2019.1.0 (1079)
2019-12-18 16:01:20 - Performing Building Database check...
2019-12-18 16:01:20 - Building Database check completed, no problems found.
2019-12-18 16:01:24 -   PerfAnal_NRes - starting, w/ arguments:
2019-12-18 16:01:24 -        BEMBasePathFile    = (null)
2019-12-18 16:01:24 -        RulesetPathFile    = (null)
2019-12-18 16:01:24 -        SimWeatherPath     = C:\Users\mnakajima\Documents\CBECC-Com 2019 Data\EPW\
2019-12-18 16:01:24 -        CompMgrDLLPath     = (null)
2019-12-18 16:01:24 -        DHWWeatherPath     = (null)
2019-12-18 16:01:24 -        ProcessingPath     = C:\Users\mnakajima\Documents\GitHub\T24-2022-CASE-Modeling\framework\analysis\hvac_autosizing\runs\mumr-baseline\cz07\instance - run\
2019-12-18 16:01:24 -        ModelPathFile      = C:\Users\mnakajima\Documents\GitHub\T24-2022-CASE-Modeling\framework\analysis\hvac_autosizing\runs\mumr-baseline\cz07\instance.cibd19
2019-12-18 16:01:24 -        LogPathFile        = (null)
2019-12-18 16:01:24 -        UIVersionString    = CBECC-Com 2019.1.0 (1079)
2019-12-18 16:01:24 -        LoadModelFile      = false
2019-12-18 16:01:24 -        OptionsCSV         = AllowAnalysisAbort,0,StoreBEMDetails,1,AnalysisThruStep,8,ModelRpt_ALL,1,SimulationStorage,7,ExportHourlyResults_All,1,PromptUserUMLHWarning,1,PreAnalysisCheckPromptOption,3,CompReportWarningOption,5,
2019-12-18 16:01:24 -        ErrorMsg           = (assumed to be initialized)
2019-12-18 16:01:24 -        ErrorMsgLen        = 2056
2019-12-18 16:01:24 -        DisplayProgress    = true
2019-12-18 16:01:24 -        ResultsSummary     = (empty)
2019-12-18 16:01:24 -        ResultsSummaryLen  = 3200
2019-12-18 16:01:24 -        pProgCallbackFunc  = (null)
2019-12-18 16:01:25 - Performing Building Database check...
2019-12-18 16:01:25 - Building Database check completed, no problems found.
2019-12-18 16:01:25 - Warning:  The following developer options must be defaulted (not specified by the user) in order to perform a valid compliance analysis:
          Proj 'Mid-Rise Mixed-Use (5-story)' AutoHardSize
          Proj 'Mid-Rise Mixed-Use (5-story)' AutoEffInput
2019-12-18 16:01:28 - Performing Building Database check...
2019-12-18 16:01:28 - Building Database check completed, no problems found.
2019-12-18 16:01:28 - Warning:  The AirSystem:Count for multi-zone system 'DOAS1' is not consistent with the maximum or minimum ThermalZone:Multiplier of the zones the system serves. This indicates the HVAC system serves more than 1 floor, or that Multipliers or system Count may be improperly defined. Check inputs for consistency. evaluating rule: Set CHECKCODE AirSys:Cnt  (68:'HVACSecondary-General.rule' line 1360)
2019-12-18 16:01:33 -   PerfAnal_NRes - Bypassing OpenStudio (and simulation) for zp model
2019-12-18 16:05:41 -   PerfSim_E+ - Final Result: PASS  -- compliance margin: -1.73472e-16 (-0.00%)
2019-12-18 16:05:43 - Analysis result:  PASS  (TDV margin: --)  Processing time:  Overall 4:19 / SDD2IDF x4 avg 0:09 / SizSim x2 avg 0:16 / AnnSim x2 avg 1:18 / ReportGen x0 0:00 / Other 0:31
2019-12-18 16:05:43 -       ResultsSummary population:  bAbort = (false) / RuleProcAbort = (false) / iRetVal = 0 / pszResultsSummary = (empty) / iResultsSummaryLen = 3200
2019-12-18 16:05:43 -       ResultsSummary components1:  2019-12-18 16:05:43 / instance / Mid-Rise Mixed-Use (5-story) / SAN-DIEGO-LINDBERGH_722900 / Title24Compliance / 4:19 / PASS / --
2019-12-18 16:05:43 -       ResultsSummary components2:  CBECC-Com 2019.1.0 (1079) / BEMCmpMgr 2019.1.0 (5962) / CA 2019 Nonresidential, Vers. 1.0 Alpha / 1.11.3.f52686d8e1 / 9.0.1-bb7ca4f0da / CSE19 0.860.0 EXE / C:\Users\mnakajima\Documents\CBECC-Com 2019 Data\EPW\ / C:\Users\mnakajima\Documents\GitHub\T24-2022-CASE-Modeling\framework\analysis\hvac_autosizing\runs\mumr-baseline\cz07\
2019-12-18 16:05:43 -       ResultsSummary:  2019-12-18 16:05:43,"instance","Mid-Rise Mixed-Use (5-story)","SAN-DIEGO-LINDBERGH_722900",113100,141000,"Title24Compliance",4:19,PASS,--,"--","--","Successful (221 warnings)",4.49471,77514.6,44080.9,0,257.981,17147.1,81553.4,220559,217441,0,149101,34551.8,0,0,621653,1717.08,0,0,0,0,9235.07,0,10952.2,586.724,0,0,0,11538.9,0,0,0,0,0,0,0,0,0,0,0,0,0,3.01891,26.3789,11.8339,0,0.0630076,19.231,21.4666,81.9923,57.537,0,38.4461,8.41216,0,0,186.388,167.55,18.8381,0,1422.75,"Thermal Zone: F5 Corridor",0,9.75,"Thermal Zone: F5 Corridor",0,"--","--","Successful (223 warnings)",6.5868,79198.3,45009.4,0,44.7711,17161.9,81553.4,222974,217441,0,149101,8626.31,0,0,598143,1263.92,0,0,0,0,9235.07,0,10499,586.724,0,0,0,11085.7,0,0,0,0,0,0,0,0,0,0,0,0,0,2.23361,26.8611,12.1901,0,0.0104152,19.2335,21.4666,81.9952,57.537,0,38.4461,2.10021,0,0,180.078,162.026,18.0523,0,0,,0,0,,0,6.2207e-05,34.8917,8.60288,0,0.0425939,2.61638,14.4739,60.6274,38.321,0,25.7371,3.94427,0,0,128.63,2.80122e-05,34.4644,8.73338,0,0.004043,2.62191,14.4739,60.2977,38.321,0,25.7371,0.984739,0,0,125.341,"CBECC-Com 2019.1.0 (1079)","BEMCmpMgr 2019.1.0 (5962)","CA 2019 Nonresidential, Vers. 1.0 Alpha","1.11.3.f52686d8e1","9.0.1-bb7ca4f0da","CSE19 0.860.0 EXE","C:\Users\mnakajima\Documents\CBECC-Com 2019 Data\EPW\","C:\Users\mnakajima\Documents\GitHub\T24-2022-CASE-Modeling\framework\analysis\hvac_autosizing\runs\mumr-baseline\cz07\",

2019-12-18 16:05:46 - -----------------------------------------------------------------------------
2019-12-18 16:05:46 - Opening Project 'cz07\instance.cibd19'...
2019-12-18 16:05:47 -    Model load successful into CBECC-Com 2019.1.0 (1079)
2019-12-18 16:05:48 - Performing Building Database check...
2019-12-18 16:05:48 - Building Database check completed, no problems found.
2019-12-18 16:05:51 - Project Saved
2020-01-14 19:04:27 - -----------------------------------------------------------------------------
2020-01-14 19:04:27 - Opening Project 'cz07\instance.cibd22'...
2020-01-14 19:04:28 -    Model load successful into CBECC-Com 2022.0.1 RV (1113)
2020-01-14 19:04:28 - Performing Building Database check...
2020-01-14 19:04:28 - Building Database check completed, no problems found.
2020-01-14 19:04:32 -   PerfAnal_NRes - starting, w/ arguments:
2020-01-14 19:04:32 -        BEMBasePathFile    = (null)
2020-01-14 19:04:32 -        RulesetPathFile    = (null)
2020-01-14 19:04:32 -        SimWeatherPath     = C:\Users\mnakajima\Documents\CBECC-Com 2022 Data\EPW\
2020-01-14 19:04:32 -        CompMgrDLLPath     = (null)
2020-01-14 19:04:32 -        DHWWeatherPath     = (null)
2020-01-14 19:04:32 -        ProcessingPath     = C:\Users\mnakajima\Documents\GitHub\T24-2022-CASE-Modeling\framework\analysis\hvac_autosizing\runs\mumr-baseline\cz07\instance - run\
2020-01-14 19:04:32 -        ModelPathFile      = C:\Users\mnakajima\Documents\GitHub\T24-2022-CASE-Modeling\framework\analysis\hvac_autosizing\runs\mumr-baseline\cz07\instance.cibd22
2020-01-14 19:04:32 -        LogPathFile        = (null)
2020-01-14 19:04:32 -        UIVersionString    = CBECC-Com 2022.0.1 RV (1113)
2020-01-14 19:04:32 -        LoadModelFile      = false
2020-01-14 19:04:32 -        OptionsCSV         = AllowAnalysisAbort,0,StoreBEMDetails,1,AnalysisThruStep,8,ModelRpt_ALL,1,ExportHourlyResults_All,1,PromptUserUMLHWarning,1,PreAnalysisCheckPromptOption,3,CompReportWarningOption,5,
2020-01-14 19:04:32 -        ErrorMsg           = (assumed to be initialized)
2020-01-14 19:04:32 -        ErrorMsgLen        = 2056
2020-01-14 19:04:32 -        DisplayProgress    = true
2020-01-14 19:04:32 -        ResultsSummary     = (empty)
2020-01-14 19:04:32 -        ResultsSummaryLen  = 3200
2020-01-14 19:04:32 -        pProgCallbackFunc  = (null)
2020-01-14 19:04:33 - Performing Building Database check...
2020-01-14 19:04:33 - Building Database check completed, no problems found.
2020-01-14 19:04:33 - Warning:  The following developer options must be defaulted (not specified by the user) in order to perform a valid compliance analysis:
          Proj 'Mid-Rise Mixed-Use (5-story)' AutoHardSize
          Proj 'Mid-Rise Mixed-Use (5-story)' AutoEffInput
2020-01-14 19:04:33 -    1 file hash check(s) failed on executable and/or analysis support files (analysis continuing w/ report signature disabled)
2020-01-14 19:04:35 - Performing Building Database check...
2020-01-14 19:04:35 - Building Database check completed, no problems found.
2020-01-14 19:04:35 - Warning:  The AirSystem:Count for multi-zone system 'DOAS1' is not consistent with the maximum or minimum ThermalZone:Multiplier of the zones the system serves. This indicates the HVAC system serves more than 1 floor, or that Multipliers or system Count may be improperly defined. Check inputs for consistency. evaluating rule: Set CHECKCODE AirSys:Cnt  (68:'HVACSecondary-General.rule' line 1398)
2020-01-14 19:04:41 -   PerfAnal_NRes - Bypassing OpenStudio (and simulation) for zp model
2020-01-14 19:08:33 -   PerfSim_E+ - Final Result: FAIL  -- compliance margin: -0.43 (-0.51%)
2020-01-14 19:08:35 - Analysis result:  FAIL  (TDV margin: -0.43)  Processing time:  Overall 4:03 / SDD2IDF x4 avg 0:08 / SizSim x2 avg 0:13 / AnnSim x2 avg 1:13 / ReportGen x0 0:00 / Other 0:32
2020-01-14 19:08:35 -       ResultsSummary population:  bAbort = (false) / RuleProcAbort = (false) / iRetVal = 0 / pszResultsSummary = (empty) / iResultsSummaryLen = 3200
2020-01-14 19:08:35 -       ResultsSummary components1:  2020-01-14 19:08:35 / instance / Mid-Rise Mixed-Use (5-story) / CTZ07S22A / Title24Compliance / 4:03 / FAIL / -0.43
2020-01-14 19:08:35 -       ResultsSummary components2:  CBECC-Com 2022.0.1 RV (1113) / BEMCmpMgr 2022.0.1 RV (6107) / CA 2022 Nonresidential, Vers. 1.0 Alpha / 1.11.3.f52686d8e1 / 9.0.1-bb7ca4f0da / CSE19 0.865.0+dhwloop.68861ec.94 EXE / C:\Users\mnakajima\Documents\CBECC-Com 2022 Data\EPW\ / C:\Users\mnakajima\Documents\GitHub\T24-2022-CASE-Modeling\framework\analysis\hvac_autosizing\runs\mumr-baseline\cz07\
2020-01-14 19:08:35 -       ResultsSummary:  2020-01-14 19:08:35,"instance","Mid-Rise Mixed-Use (5-story)","CTZ07S22A","Pol  0% RetAdd NoLeak",113100,141000,"Title24Compliance",4:03,FAIL,-0.43,"--","--","Successful (221 warnings)",3.55465,95486.9,50877.5,0,243.001,17145.7,81784.3,245541,217441,0,149101,34551.8,0,0,646635,1413.99,0,0,0,0,9032.95,0,10446.9,586.724,0,0,0,11033.7,0,0,0,0,0,0,0,0,0,0,0,0,0,3.32508,26.4236,12.7486,0,0.0588127,23.4641,19.187,85.2072,56.2743,0,39.3455,8.4861,0,0,189.313,165.408,23.9047,0,1598.75,"Thermal Zone: F5 Corridor",0,14,"Thermal Zone: F5 Corridor",0,"--","--","Successful (223 warnings)",5.49521,97618.4,52064,0,40,17160.5,81784.3,248673,217441,0,149101,34551.8,0,0,649767,1104.06,0,0,0,0,9032.95,0,10137,586.724,0,0,0,10723.7,0,0,0,0,0,0,0,0,0,0,0,0,0,2.60411,26.5554,12.953,0,0.0100706,23.4675,19.187,84.7771,56.2743,0,39.3455,8.4861,0,0,188.883,165.7,23.1833,0,0,,0,0,,0,5.27671e-05,30.7073,8.81868,0,0.0431,2.61635,14.4463,56.6318,38.321,0,25.7371,3.94427,0,0,124.634,2.37006e-05,30.0388,8.87697,0,0.0035594,2.62173,14.4463,55.9873,38.321,0,25.7371,3.94427,0,0,123.99,"CBECC-Com 2022.0.1 RV (1113)","BEMCmpMgr 2022.0.1 RV (6107)","CA 2022 Nonresidential, Vers. 1.0 Alpha","1.11.3.f52686d8e1","9.0.1-bb7ca4f0da","CSE19 0.865.0+dhwloop.68861ec.94 EXE","C:\Users\mnakajima\Documents\CBECC-Com 2022 Data\EPW\","C:\Users\mnakajima\Documents\GitHub\T24-2022-CASE-Modeling\framework\analysis\hvac_autosizing\runs\mumr-baseline\cz07\",0.000709982,10.9062,7.21798,0,0.0319634,2.33582,9.01562,29.52,32.1393,0,25.6212,5.66933,0,0,92.95,0.677991,0,0,0,0,4.33118,0,5.01,0.281326,0,0,0,5.29,0.00110121,10.6839,7.18677,0,0.0069184,2.34284,9.01562,29.24,32.1393,0,25.6212,5.66933,0,0,92.67,0.529382,0,0,0,0,4.33118,0,4.86,0.281326,0,0,0,5.14,1.14811,1.81651,1.20221,0,0.00532373,7.72268,1.50162,13.3964,5.82938,0,4.26739,0.944267,0,0,24.4375,0.896543,1.77949,1.19701,0,0.00115231,7.72385,1.50162,13.0997,5.82938,0,4.26739,0.944267,0,0,24.1407,

2020-01-14 19:08:39 - -----------------------------------------------------------------------------
2020-01-14 19:08:39 - Opening Project 'cz07\instance.cibd22'...
2020-01-14 19:08:39 -    Model load successful into CBECC-Com 2022.0.1 RV (1113)
2020-01-14 19:08:40 - Performing Building Database check...
2020-01-14 19:08:40 - Building Database check completed, no problems found.
2020-01-14 19:08:43 - Project Saved
2020-02-05 13:13:12 - -----------------------------------------------------------------------------
2020-02-05 13:13:12 - Opening Project 'cz07\instance.cibd22'...
2020-02-05 13:13:13 -    Model load successful into CBECC-Com 2022.0.1 RV (1113)
2020-02-05 13:13:13 - Performing Building Database check...
2020-02-05 13:13:13 - Building Database check completed, no problems found.
2020-02-05 13:13:20 -   PerfAnal_NRes - starting, w/ arguments:
2020-02-05 13:13:20 -        BEMBasePathFile    = (null)
2020-02-05 13:13:20 -        RulesetPathFile    = (null)
2020-02-05 13:13:20 -        SimWeatherPath     = C:\Users\mnakajima\Documents\CBECC-Com 2022 Data\EPW\
2020-02-05 13:13:20 -        CompMgrDLLPath     = (null)
2020-02-05 13:13:20 -        DHWWeatherPath     = (null)
2020-02-05 13:13:20 -        ProcessingPath     = C:\Users\mnakajima\Documents\GitHub\T24-2022-CASE-Modeling\framework\analysis\baseline-mumr\runs\mumr-baseline\cz07\instance - run\
2020-02-05 13:13:20 -        ModelPathFile      = C:\Users\mnakajima\Documents\GitHub\T24-2022-CASE-Modeling\framework\analysis\baseline-mumr\runs\mumr-baseline\cz07\instance.cibd22
2020-02-05 13:13:20 -        LogPathFile        = (null)
2020-02-05 13:13:20 -        UIVersionString    = CBECC-Com 2022.0.1 RV (1113)
2020-02-05 13:13:20 -        LoadModelFile      = false
2020-02-05 13:13:20 -        OptionsCSV         = AllowAnalysisAbort,0,StoreBEMDetails,1,AnalysisThruStep,8,ModelRpt_ALL,1,ExportHourlyResults_All,1,PromptUserUMLHWarning,1,PreAnalysisCheckPromptOption,3,CompReportWarningOption,5,
2020-02-05 13:13:20 -        ErrorMsg           = (assumed to be initialized)
2020-02-05 13:13:20 -        ErrorMsgLen        = 2056
2020-02-05 13:13:20 -        DisplayProgress    = true
2020-02-05 13:13:20 -        ResultsSummary     = (empty)
2020-02-05 13:13:20 -        ResultsSummaryLen  = 3200
2020-02-05 13:13:20 -        pProgCallbackFunc  = (null)
2020-02-05 13:13:21 - Performing Building Database check...
2020-02-05 13:13:21 - Building Database check completed, no problems found.
2020-02-05 13:13:21 - Warning:  The following developer options must be defaulted (not specified by the user) in order to perform a valid compliance analysis:
          Proj 'Mid-Rise Mixed-Use (5-story)' AutoHardSize
          Proj 'Mid-Rise Mixed-Use (5-story)' AutoEffInput
2020-02-05 13:13:21 -    1 file hash check(s) failed on executable and/or analysis support files (analysis continuing w/ report signature disabled)
2020-02-05 13:13:24 -   PerfAnal_NRes - AnalysisThruStep being set to #7 due to Proj:AnalysisType = Title24ProposedOnly
2020-02-05 13:13:24 - Performing Building Database check...
2020-02-05 13:13:24 - Building Database check completed, no problems found.
2020-02-05 13:13:24 - Warning:  The AirSystem:Count for multi-zone system 'DOAS1' is not consistent with the maximum or minimum ThermalZone:Multiplier of the zones the system serves. This indicates the HVAC system serves more than 1 floor, or that Multipliers or system Count may be improperly defined. Check inputs for consistency. evaluating rule: Set CHECKCODE AirSys:Cnt  (68:'HVACSecondary-General.rule' line 1398)
2020-02-05 13:13:30 -   PerfAnal_NRes - Bypassing OpenStudio (and simulation) for zp model
2020-02-05 13:13:33 -   PerfAnal_NRes - Bypassing OpenStudio (and simulation) for zb model
2020-02-05 13:17:31 - Error:  Undefined data: numerator evaluating rule: Set ANNUAL_BASELINE Fan:FlowCap  (75:'HVACSecondary-Fan-General.rule' line 494)
2020-02-05 13:17:31 - Error:  Undefined data: numerator evaluating rule: Set ANNUAL_BASELINE Fan:FlowCap  (75:'HVACSecondary-Fan-General.rule' line 494)
2020-02-05 13:17:31 - Error:  Undefined data: numerator evaluating rule: Set ANNUAL_BASELINE Fan:FlowCap  (75:'HVACSecondary-Fan-General.rule' line 494)
2020-02-05 13:17:31 - Error:  Undefined data: numerator evaluating rule: Set ANNUAL_BASELINE Fan:FlowCap  (75:'HVACSecondary-Fan-General.rule' line 529)
2020-02-05 13:17:31 - Error:  Undefined data: numerator evaluating rule: Set ANNUAL_BASELINE Fan:FlowCap  (75:'HVACSecondary-Fan-General.rule' line 529)
2020-02-05 13:17:31 - Error:  Undefined data: numerator evaluating rule: Set ANNUAL_BASELINE Fan:FlowCap  (75:'HVACSecondary-Fan-General.rule' line 529)
2020-02-05 13:17:31 - Error:  Undefined data: numerator evaluating rule: Set ANNUAL_BASELINE Fan:FlowCap  (75:'HVACSecondary-Fan-General.rule' line 529)
2020-02-05 13:17:31 - Error:  Undefined data: numerator evaluating rule: Set ANNUAL_BASELINE Fan:FlowCap  (75:'HVACSecondary-Fan-General.rule' line 529)
2020-02-05 13:17:31 - Error:  Undefined data: numerator evaluating rule: Set ANNUAL_BASELINE Fan:FlowCap  (75:'HVACSecondary-Fan-General.rule' line 529)
2020-02-05 13:17:31 - Error:  Undefined data: numerator evaluating rule: Set ANNUAL_BASELINE Fan:FlowCap  (75:'HVACSecondary-Fan-General.rule' line 529)
2020-02-05 13:17:31 - Error:  Undefined data: numerator evaluating rule: Set ANNUAL_BASELINE Fan:FlowCap  (75:'HVACSecondary-Fan-General.rule' line 529)
2020-02-05 13:17:31 - Error:  Undefined data: numerator evaluating rule: Set ANNUAL_BASELINE Fan:FlowCap  (75:'HVACSecondary-Fan-General.rule' line 529)
2020-02-05 13:17:31 - Error:  Undefined data: numerator evaluating rule: Set ANNUAL_BASELINE Fan:FlowCap  (75:'HVACSecondary-Fan-General.rule' line 529)
2020-02-05 13:17:31 - Error:  Undefined data: numerator evaluating rule: Set ANNUAL_BASELINE Fan:FlowCap  (75:'HVACSecondary-Fan-General.rule' line 529)
2020-02-05 13:17:31 - Error:  Undefined data: numerator evaluating rule: Set ANNUAL_BASELINE Fan:FlowCap  (75:'HVACSecondary-Fan-General.rule' line 529)
2020-02-05 13:17:31 - Error:  Undefined data: numerator evaluating rule: Set ANNUAL_BASELINE Fan:FlowCap  (75:'HVACSecondary-Fan-General.rule' line 529)
2020-02-05 13:17:31 - Error:  Undefined data: numerator evaluating rule: Set ANNUAL_BASELINE Fan:FlowCap  (75:'HVACSecondary-Fan-General.rule' line 529)
2020-02-05 13:17:31 - Error:  Undefined data: numerator evaluating rule: Set ANNUAL_BASELINE Fan:FlowCap  (75:'HVACSecondary-Fan-General.rule' line 529)
2020-02-05 13:17:31 - Error:  Undefined data: numerator evaluating rule: Set ANNUAL_BASELINE Fan:FlowCap  (75:'HVACSecondary-Fan-General.rule' line 529)
2020-02-05 13:17:31 - Error:  Undefined data: numerator evaluating rule: Set ANNUAL_BASELINE Fan:FlowCap  (75:'HVACSecondary-Fan-General.rule' line 529)
2020-02-05 13:17:31 - Error:  Undefined data: numerator evaluating rule: Set ANNUAL_BASELINE Fan:FlowCap  (75:'HVACSecondary-Fan-General.rule' line 529)
2020-02-05 13:17:31 - Error:  Undefined data: numerator evaluating rule: Set ANNUAL_BASELINE Fan:FlowCap  (75:'HVACSecondary-Fan-General.rule' line 529)
2020-02-05 13:17:31 - Error:  Undefined data: numerator evaluating rule: Set ANNUAL_BASELINE Fan:FlowCap  (75:'HVACSecondary-Fan-General.rule' line 529)
2020-02-05 13:17:31 - Error:  Undefined data: numerator evaluating rule: Set ANNUAL_BASELINE Fan:FlowCap  (75:'HVACSecondary-Fan-General.rule' line 529)
2020-02-05 13:17:31 - Error:  Undefined data: numerator evaluating rule: Set ANNUAL_BASELINE Fan:FlowCap  (75:'HVACSecondary-Fan-General.rule' line 529)
2020-02-05 13:17:31 - Error:  Division by zero evaluating rule: Set ANNUAL_BASELINE ThrmlZn:PriAirCondgSysDsgnFlow  (76:'HVACSecondary-Fan-FanRatios.rule' line 67)
2020-02-05 13:17:31 - Error:  Division by zero evaluating rule: Set ANNUAL_BASELINE ThrmlZn:PriAirCondgSysDsgnFlow  (76:'HVACSecondary-Fan-FanRatios.rule' line 67)
2020-02-05 13:17:31 - Error:  Division by zero evaluating rule: Set ANNUAL_BASELINE ThrmlZn:PriAirCondgSysDsgnFlow  (76:'HVACSecondary-Fan-FanRatios.rule' line 67)
2020-02-05 13:17:31 - Error:  Division by zero evaluating rule: Set ANNUAL_BASELINE ThrmlZn:PriAirCondgSysDsgnFlow  (76:'HVACSecondary-Fan-FanRatios.rule' line 67)
2020-02-05 13:17:31 - Error:  Division by zero evaluating rule: Set ANNUAL_BASELINE ThrmlZn:PriAirCondgSysDsgnFlow  (76:'HVACSecondary-Fan-FanRatios.rule' line 67)
2020-02-05 13:17:31 - Error:  Division by zero evaluating rule: Set ANNUAL_BASELINE ThrmlZn:PriAirCondgSysDsgnFlow  (76:'HVACSecondary-Fan-FanRatios.rule' line 67)
2020-02-05 13:17:31 - Error:  Division by zero evaluating rule: Set ANNUAL_BASELINE ThrmlZn:PriAirCondgSysDsgnFlow  (76:'HVACSecondary-Fan-FanRatios.rule' line 67)
2020-02-05 13:17:31 - Error:  Division by zero evaluating rule: Set ANNUAL_BASELINE ThrmlZn:PriAirCondgSysDsgnFlow  (76:'HVACSecondary-Fan-FanRatios.rule' line 67)
2020-02-05 13:17:31 - Error:  Division by zero evaluating rule: Set ANNUAL_BASELINE ThrmlZn:PriAirCondgSysDsgnFlow  (76:'HVACSecondary-Fan-FanRatios.rule' line 67)
2020-02-05 13:17:31 - Error:  Division by zero evaluating rule: Set ANNUAL_BASELINE ThrmlZn:PriAirCondgSysDsgnFlow  (76:'HVACSecondary-Fan-FanRatios.rule' line 67)
2020-02-05 13:17:31 - Error:  Division by zero evaluating rule: Set ANNUAL_BASELINE ThrmlZn:PriAirCondgSysDsgnFlow  (76:'HVACSecondary-Fan-FanRatios.rule' line 67)
2020-02-05 13:17:31 - Error:  Division by zero evaluating rule: Set ANNUAL_BASELINE ThrmlZn:PriAirCondgSysDsgnFlow  (76:'HVACSecondary-Fan-FanRatios.rule' line 67)
2020-02-05 13:17:31 - Error:  Division by zero evaluating rule: Set ANNUAL_BASELINE ThrmlZn:VentSysDsgnFlow  (76:'HVACSecondary-Fan-FanRatios.rule' line 111)
2020-02-05 13:17:31 - Error:  Division by zero evaluating rule: Set ANNUAL_BASELINE ThrmlZn:VentSysDsgnFlow  (76:'HVACSecondary-Fan-FanRatios.rule' line 111)
2020-02-05 13:17:31 - Error:  Division by zero evaluating rule: Set ANNUAL_BASELINE ThrmlZn:VentSysDsgnFlow  (76:'HVACSecondary-Fan-FanRatios.rule' line 111)
2020-02-05 13:17:31 - Error:  Division by zero evaluating rule: Set ANNUAL_BASELINE ThrmlZn:VentSysDsgnFlow  (76:'HVACSecondary-Fan-FanRatios.rule' line 111)
2020-02-05 13:17:31 - Error:  Division by zero evaluating rule: Set ANNUAL_BASELINE ThrmlZn:VentSysDsgnFlow  (76:'HVACSecondary-Fan-FanRatios.rule' line 111)
2020-02-05 13:17:31 - Error:  Division by zero evaluating rule: Set ANNUAL_BASELINE ThrmlZn:VentSysDsgnFlow  (76:'HVACSecondary-Fan-FanRatios.rule' line 111)
2020-02-05 13:17:31 - Error:  Division by zero evaluating rule: Set ANNUAL_BASELINE ThrmlZn:VentSysDsgnFlow  (76:'HVACSecondary-Fan-FanRatios.rule' line 111)
2020-02-05 13:17:31 - Error:  Division by zero evaluating rule: Set ANNUAL_BASELINE ThrmlZn:VentSysDsgnFlow  (76:'HVACSecondary-Fan-FanRatios.rule' line 111)
2020-02-05 13:17:31 - Error:  Division by zero evaluating rule: Set ANNUAL_BASELINE ThrmlZn:VentSysDsgnFlow  (76:'HVACSecondary-Fan-FanRatios.rule' line 111)
2020-02-05 13:17:31 - Error:  Division by zero evaluating rule: Set ANNUAL_BASELINE ThrmlZn:VentSysDsgnFlow  (76:'HVACSecondary-Fan-FanRatios.rule' line 111)
2020-02-05 13:17:31 - Error:  Division by zero evaluating rule: Set ANNUAL_BASELINE ThrmlZn:VentSysDsgnFlow  (76:'HVACSecondary-Fan-FanRatios.rule' line 111)
2020-02-05 13:17:31 - Error:  Division by zero evaluating rule: Set ANNUAL_BASELINE ThrmlZn:VentSysDsgnFlow  (76:'HVACSecondary-Fan-FanRatios.rule' line 111)
2020-02-05 13:17:32 -   PerfAnal_NRes - Bypassing OpenStudio (and simulation) for ab model
2020-02-05 13:17:32 -   PerfAnal_NRes - Completed analysis steps thru #7
2020-02-05 13:17:32 - Analysis incomplete  Processing time:  Overall 4:12 / SDD2IDF x2 avg 0:08 / SizSim x0 0:00 / AnnSim x2 avg 1:43 / ReportGen x0 0:00 / Other 0:26
2020-02-05 13:17:32 -       ResultsSummary population:  bAbort = (false) / RuleProcAbort = (false) / iRetVal = 0 / pszResultsSummary = (empty) / iResultsSummaryLen = 3200
2020-02-05 13:17:32 -       ResultsSummary components1:  2020-02-05 13:17:32 / instance / Mid-Rise Mixed-Use (5-story) / CTZ07S22A / Title24ProposedOnly / 4:12 /  / 
2020-02-05 13:17:32 -       ResultsSummary components2:  CBECC-Com 2022.0.1 RV (1113) / BEMCmpMgr 2022.0.1 RV (6107) / CA 2022 Nonresidential, Vers. 1.0 Alpha /  /  / - / C:\Users\mnakajima\Documents\CBECC-Com 2022 Data\EPW\ / C:\Users\mnakajima\Documents\GitHub\T24-2022-CASE-Modeling\framework\analysis\baseline-mumr\runs\mumr-baseline\cz07\
2020-02-05 13:17:32 -       ResultsSummary:  2020-02-05 13:17:32,"instance","Mid-Rise Mixed-Use (5-story)","CTZ07S22A","Pol  0% RetAdd NoLeak",113100,141000,"Title24ProposedOnly",4:12,,,"--","--","Successful (219 warnings)",3.55381,90143.5,56087.2,0,242.85,12790.2,81784.3,241052,217441,0,149101,34551.8,0,0,642146,807.383,0,0,0,0,9647.9,0,10455.3,586.724,0,0,0,11042,0,0,0,0,0,0,0,0,0,0,0,0,0,1.91724,25.032,14.0407,0,0.058773,23.7036,19.187,83.9394,56.2743,0,39.3455,8.4861,0,0,188.045,164.239,23.8061,0,3777.75,"Thermal Zone: F2-4 Corridor",0,363.5,"Thermal Zone: F5 Corridor",0,"--","--","",0,0,0,0,0,0,0,0,0,0,0,0,0,0,0,0,0,0,0,0,0,0,0,0,0,0,0,0,0,0,0,0,0,0,0,0,0,0,0,0,0,0,0,0,0,0,0,0,0,0,0,0,0,0,0,0,0,0,0,,,,,,,5.27791e-05,28.7076,9.72434,0,0.042936,2.11939,14.4463,55.0406,38.321,0,25.7371,3.94427,0,0,123.043,0,0,0,0,0,0,0,0,0,0,0,0,0,0,0,"CBECC-Com 2022.0.1 RV (1113)","BEMCmpMgr 2022.0.1 RV (6107)","CA 2022 Nonresidential, Vers. 1.0 Alpha","","","-","C:\Users\mnakajima\Documents\CBECC-Com 2022 Data\EPW\","C:\Users\mnakajima\Documents\GitHub\T24-2022-CASE-Modeling\framework\analysis\baseline-mumr\runs\mumr-baseline\cz07\",0.000709862,10.4154,7.94127,0,0.0319242,1.62115,9.01562,29.03,32.1393,0,25.6212,5.66933,0,0,92.46,0.387129,0,0,0,0,4.62604,0,5.02,0.281326,0,0,0,5.3,0,0,0,0,0,0,0,0,0,0,0,0,0,0,0,0,0,0,0,0,0,0,0,0,0,0,0,0,0.655613,1.73477,1.32268,0,0.0053172,8.10291,1.50162,13.3229,5.82938,0,4.26739,0.944267,0,0,24.3639,0,0,0,0,0,0,0,0,0,0,0,0,0,0,0,

2020-02-05 13:17:37 - -----------------------------------------------------------------------------
2020-02-05 13:17:37 - Opening Project 'cz07\instance.cibd22'...
2020-02-05 13:17:38 -    Model load successful into CBECC-Com 2022.0.1 RV (1113)
2020-02-05 13:17:39 - Performing Building Database check...
2020-02-05 13:17:39 - Building Database check completed, no problems found.
2020-02-05 13:17:44 - Project Saved
