2020-03-29 17:21:10 - -----------------------------------------------------------------------------
2020-03-29 17:21:10 - Opening Project 'cz03\instance.cibd22'...
2020-03-29 17:21:10 - Error resolving project component references: 3 not found.
2020-03-29 17:21:10 -       'Compliance Insulation R6' (once)
2020-03-29 17:21:10 -       ' Gypsum Board - 1/2 in.' (once)
2020-03-29 17:21:10 -       'WoodRoof16OCCavInsR30' (once)
2020-03-29 17:21:10 -    Model load failed (return code 6) into CBECC-Com 2022.0.1 RV (1113)
2020-03-29 17:21:10 - Error(s) encountered (return code 6: Unable to read/parse building energy model file) reading project file:  C:\Users\agoyal\Documents\GitHub\T24-2022-CASE-Modeling\framework\analysis\hpte\runs\hr-roofcr-base\cz03\instance.cibd22
2020-03-29 17:21:12 - Performing Building Database check...
2020-03-29 17:21:12 - Building Database check completed, no problems found.
2020-03-29 17:21:13 - Error:  ConsAssmUFactor Error:  ConsAssm object 'FlatResWoodFramingAndOtherRoof' has gap in material references (~items 4/5). evaluating rule: Set DEFAULT ConsAssm:UFactor  (19:'ConstructAssembly.rule' line 1252)
2020-03-29 17:21:13 - Error:  ConsAssmUFactor Error:  ConsAssm object 'FlatResWoodFramingAndOtherRoof' has gap in material references (~items 4/5). evaluating rule: Set DEFAULT ConsAssm:UFactor  (19:'ConstructAssembly.rule' line 1252)
2020-03-29 17:21:13 - Error:  ConsAssmUFactor Error:  ConsAssm object 'FlatResWoodFramingAndOtherRoof' has gap in material references (~items 4/5). evaluating rule: Set DEFAULT ConsAssm:UFactor  (19:'ConstructAssembly.rule' line 1252)
2020-03-29 17:41:52 - -----------------------------------------------------------------------------
2020-03-29 17:41:52 - Opening Project 'cz03\instance.cibd22'...
2020-03-29 17:41:52 - Error resolving project component references: 1 not found.
2020-03-29 17:41:52 -       ' Gypsum Board - 1/2 in.' (once)
2020-03-29 17:41:52 -    Model load failed (return code 6) into CBECC-Com 2022.0.1 RV (1113)
2020-03-29 17:41:52 - Error(s) encountered (return code 6: Unable to read/parse building energy model file) reading project file:  C:\Users\agoyal\Documents\GitHub\T24-2022-CASE-Modeling\framework\analysis\hpte\runs\hr-roofcr-base\cz03\instance.cibd22
2020-03-29 17:41:54 - Performing Building Database check...
2020-03-29 17:41:54 - Building Database check completed, no problems found.
2020-03-29 17:41:54 - Error:  ConsAssmUFactor Error:  ConsAssm object 'FlatResWoodFramingAndOtherRoof' has gap in material references (~items 6/7). evaluating rule: Set DEFAULT ConsAssm:UFactor  (19:'ConstructAssembly.rule' line 1252)
2020-03-29 17:41:54 - Error:  ConsAssmUFactor Error:  ConsAssm object 'FlatResWoodFramingAndOtherRoof' has gap in material references (~items 6/7). evaluating rule: Set DEFAULT ConsAssm:UFactor  (19:'ConstructAssembly.rule' line 1252)
2020-03-29 17:41:55 - Error:  ConsAssmUFactor Error:  ConsAssm object 'FlatResWoodFramingAndOtherRoof' has gap in material references (~items 6/7). evaluating rule: Set DEFAULT ConsAssm:UFactor  (19:'ConstructAssembly.rule' line 1252)
2020-03-29 17:59:53 - -----------------------------------------------------------------------------
2020-03-29 17:59:53 - Opening Project 'cz03\instance.cibd22'...
2020-03-29 17:59:54 -    Model load successful into CBECC-Com 2022.0.1 RV (1113)
2020-03-29 17:59:54 - Performing Building Database check...
2020-03-29 17:59:54 - Building Database check completed, no problems found.
2020-03-29 18:40:47 - -----------------------------------------------------------------------------
2020-03-29 18:40:47 - Opening Project 'cz03\instance.cibd22'...
2020-03-29 18:40:48 -    Model load successful into CBECC-Com 2022.0.1 RV (1113)
2020-03-29 18:40:48 - Performing Building Database check...
2020-03-29 18:40:48 - Building Database check completed, no problems found.
2020-03-29 18:40:52 -   PerfAnal_NRes - starting, w/ arguments:
2020-03-29 18:40:52 -        BEMBasePathFile    = (null)
2020-03-29 18:40:52 -        RulesetPathFile    = (null)
2020-03-29 18:40:52 -        SimWeatherPath     = C:\Users\agoyal\Documents\CBECC-Com 2022 Data\EPW\
2020-03-29 18:40:52 -        CompMgrDLLPath     = (null)
2020-03-29 18:40:52 -        DHWWeatherPath     = (null)
2020-03-29 18:40:52 -        ProcessingPath     = C:\Users\agoyal\Documents\GitHub\T24-2022-CASE-Modeling\framework\analysis\hpte\runs\hr-roofcr-base\cz03\instance - run\
2020-03-29 18:40:52 -        ModelPathFile      = C:\Users\agoyal\Documents\GitHub\T24-2022-CASE-Modeling\framework\analysis\hpte\runs\hr-roofcr-base\cz03\instance.cibd22
2020-03-29 18:40:52 -        LogPathFile        = (null)
2020-03-29 18:40:52 -        UIVersionString    = CBECC-Com 2022.0.1 RV (1113)
2020-03-29 18:40:52 -        LoadModelFile      = false
2020-03-29 18:40:52 -        OptionsCSV         = AllowAnalysisAbort,0,StoreBEMDetails,1,AnalysisThruStep,8,ModelRpt_ALL,1,ExportHourlyResults_All,1,PromptUserUMLHWarning,1,PreAnalysisCheckPromptOption,3,CompReportWarningOption,5,
2020-03-29 18:40:52 -        ErrorMsg           = (assumed to be initialized)
2020-03-29 18:40:52 -        ErrorMsgLen        = 2056
2020-03-29 18:40:52 -        DisplayProgress    = true
2020-03-29 18:40:52 -        ResultsSummary     = (empty)
2020-03-29 18:40:52 -        ResultsSummaryLen  = 3200
2020-03-29 18:40:52 -        pProgCallbackFunc  = (null)
2020-03-29 18:40:52 - Performing Building Database check...
2020-03-29 18:40:52 - Building Database check completed, no problems found.
2020-03-29 18:40:52 - Warning:  The following developer options must be defaulted (not specified by the user) in order to perform a valid compliance analysis:
          Proj 'High-Rise Mixed-Use (10-story)' DefaultDayltgCtrls
          Proj 'High-Rise Mixed-Use (10-story)' AutoHardSize
          Proj 'High-Rise Mixed-Use (10-story)' AutoEffInput
2020-03-29 18:40:53 -    1 file hash check(s) failed on executable and/or analysis support files (analysis continuing w/ report signature disabled)
2020-03-29 18:40:55 -   PerfAnal_NRes - AnalysisThruStep being set to #7 due to Proj:AnalysisType = Title24ProposedOnly
2020-03-29 18:40:55 - Performing Building Database check...
2020-03-29 18:40:55 - Building Database check completed, no problems found.
2020-03-29 18:40:55 - Warning:  AirSystem 'Residential DOAS' has a DX cooling coil and the rated supply flow per ton of (net) cooling capacity is 583 cfm/ton. The acceptable range for successful simulation of DX cooling coils in EnergyPlus is normally ~300 to ~450 cfm/ton. If the compliance simulation fails, check flow/cooling capacity inputs for consistency with the design. If simulation still fails, contact the CBECC support team for assistance. evaluating rule: Set CHECKSIM AirSys:SupFlowPerTon  (110:'HVACSecondary-Summary.rule' line 785)
2020-03-29 18:40:55 - Warning:  The spaces assigned to thermal zone 'Thermal Zone: F1 Lounge' have cooling unmet load hour limits ranging from 150 to 8760. All spaces in the zone will be held to the minimum UMLH limit. evaluating rule: Set CHECKCODE ThrmlZn:ClgUMLHLimit  (60:'ThermalZone-General.rule' line 1738)
2020-03-29 18:40:55 - Warning:  The spaces assigned to thermal zone 'Thermal Zone: F1 Lounge' have heating unmet load hour limits ranging from 150 to 8760. All spaces in the zone will be held to the minimum UMLH limit. evaluating rule: Set CHECKCODE ThrmlZn:HtgUMLHLimit  (60:'ThermalZone-General.rule' line 1765)
2020-03-29 18:40:59 -   PerfAnal_NRes - Bypassing OpenStudio (and simulation) for zp model
2020-03-29 18:41:01 -   PerfAnal_NRes - Bypassing OpenStudio (and simulation) for zb model
2020-03-29 18:43:53 - Error:  Undefined data: numerator evaluating rule: Set ANNUAL_BASELINE Fan:FlowCap  (75:'HVACSecondary-Fan-General.rule' line 494)
2020-03-29 18:43:53 - Error:  Undefined data: numerator evaluating rule: Set ANNUAL_BASELINE Fan:FlowCap  (75:'HVACSecondary-Fan-General.rule' line 494)
2020-03-29 18:43:53 - Error:  Undefined data: numerator evaluating rule: Set ANNUAL_BASELINE Fan:FlowCap  (75:'HVACSecondary-Fan-General.rule' line 494)
2020-03-29 18:43:53 - Error:  Undefined data: numerator evaluating rule: Set ANNUAL_BASELINE Fan:FlowCap  (75:'HVACSecondary-Fan-General.rule' line 529)
2020-03-29 18:43:53 - Error:  Undefined data: numerator evaluating rule: Set ANNUAL_BASELINE Fan:FlowCap  (75:'HVACSecondary-Fan-General.rule' line 529)
2020-03-29 18:43:53 - Error:  Undefined data: numerator evaluating rule: Set ANNUAL_BASELINE Fan:FlowCap  (75:'HVACSecondary-Fan-General.rule' line 529)
2020-03-29 18:43:53 - Error:  Undefined data: numerator evaluating rule: Set ANNUAL_BASELINE Fan:FlowCap  (75:'HVACSecondary-Fan-General.rule' line 529)
2020-03-29 18:43:53 - Error:  Undefined data: numerator evaluating rule: Set ANNUAL_BASELINE Fan:FlowCap  (75:'HVACSecondary-Fan-General.rule' line 529)
2020-03-29 18:43:53 - Error:  Undefined data: numerator evaluating rule: Set ANNUAL_BASELINE Fan:FlowCap  (75:'HVACSecondary-Fan-General.rule' line 529)
2020-03-29 18:43:53 - Error:  Undefined data: numerator evaluating rule: Set ANNUAL_BASELINE Fan:FlowCap  (75:'HVACSecondary-Fan-General.rule' line 529)
2020-03-29 18:43:53 - Error:  Undefined data: numerator evaluating rule: Set ANNUAL_BASELINE Fan:FlowCap  (75:'HVACSecondary-Fan-General.rule' line 529)
2020-03-29 18:43:53 - Error:  Undefined data: numerator evaluating rule: Set ANNUAL_BASELINE Fan:FlowCap  (75:'HVACSecondary-Fan-General.rule' line 529)
2020-03-29 18:43:53 - Error:  Undefined data: numerator evaluating rule: Set ANNUAL_BASELINE Fan:FlowCap  (75:'HVACSecondary-Fan-General.rule' line 529)
2020-03-29 18:43:53 - Error:  Undefined data: numerator evaluating rule: Set ANNUAL_BASELINE Fan:FlowCap  (75:'HVACSecondary-Fan-General.rule' line 529)
2020-03-29 18:43:53 - Error:  Undefined data: numerator evaluating rule: Set ANNUAL_BASELINE Fan:FlowCap  (75:'HVACSecondary-Fan-General.rule' line 529)
2020-03-29 18:43:53 - Error:  Undefined data: numerator evaluating rule: Set ANNUAL_BASELINE Fan:FlowCap  (75:'HVACSecondary-Fan-General.rule' line 529)
2020-03-29 18:43:53 - Error:  Undefined data: numerator evaluating rule: Set ANNUAL_BASELINE Fan:FlowCap  (75:'HVACSecondary-Fan-General.rule' line 529)
2020-03-29 18:43:53 - Error:  Undefined data: numerator evaluating rule: Set ANNUAL_BASELINE Fan:FlowCap  (75:'HVACSecondary-Fan-General.rule' line 529)
2020-03-29 18:43:53 - Error:  Undefined data: numerator evaluating rule: Set ANNUAL_BASELINE Fan:FlowCap  (75:'HVACSecondary-Fan-General.rule' line 529)
2020-03-29 18:43:53 - Error:  Undefined data: numerator evaluating rule: Set ANNUAL_BASELINE Fan:FlowCap  (75:'HVACSecondary-Fan-General.rule' line 529)
2020-03-29 18:43:53 - Error:  Undefined data: numerator evaluating rule: Set ANNUAL_BASELINE Fan:FlowCap  (75:'HVACSecondary-Fan-General.rule' line 529)
2020-03-29 18:43:53 - Error:  Division by zero evaluating rule: Set ANNUAL_BASELINE ThrmlZn:PriAirCondgSysDsgnFlow  (76:'HVACSecondary-Fan-FanRatios.rule' line 67)
2020-03-29 18:43:53 - Error:  Division by zero evaluating rule: Set ANNUAL_BASELINE ThrmlZn:PriAirCondgSysDsgnFlow  (76:'HVACSecondary-Fan-FanRatios.rule' line 67)
2020-03-29 18:43:53 - Error:  Division by zero evaluating rule: Set ANNUAL_BASELINE ThrmlZn:PriAirCondgSysDsgnFlow  (76:'HVACSecondary-Fan-FanRatios.rule' line 67)
2020-03-29 18:43:53 - Error:  Division by zero evaluating rule: Set ANNUAL_BASELINE ThrmlZn:PriAirCondgSysDsgnFlow  (76:'HVACSecondary-Fan-FanRatios.rule' line 67)
2020-03-29 18:43:53 - Error:  Division by zero evaluating rule: Set ANNUAL_BASELINE ThrmlZn:PriAirCondgSysDsgnFlow  (76:'HVACSecondary-Fan-FanRatios.rule' line 67)
2020-03-29 18:43:53 - Error:  Division by zero evaluating rule: Set ANNUAL_BASELINE ThrmlZn:PriAirCondgSysDsgnFlow  (76:'HVACSecondary-Fan-FanRatios.rule' line 67)
2020-03-29 18:43:53 - Error:  Division by zero evaluating rule: Set ANNUAL_BASELINE ThrmlZn:PriAirCondgSysDsgnFlow  (76:'HVACSecondary-Fan-FanRatios.rule' line 67)
2020-03-29 18:43:53 - Error:  Division by zero evaluating rule: Set ANNUAL_BASELINE ThrmlZn:PriAirCondgSysDsgnFlow  (76:'HVACSecondary-Fan-FanRatios.rule' line 67)
2020-03-29 18:43:53 - Error:  Division by zero evaluating rule: Set ANNUAL_BASELINE ThrmlZn:PriAirCondgSysDsgnFlow  (76:'HVACSecondary-Fan-FanRatios.rule' line 67)
2020-03-29 18:43:53 - Error:  Division by zero evaluating rule: Set ANNUAL_BASELINE ThrmlZn:PriAirCondgSysDsgnFlow  (76:'HVACSecondary-Fan-FanRatios.rule' line 67)
2020-03-29 18:43:53 - Error:  Division by zero evaluating rule: Set ANNUAL_BASELINE ThrmlZn:PriAirCondgSysDsgnFlow  (76:'HVACSecondary-Fan-FanRatios.rule' line 67)
2020-03-29 18:43:53 - Error:  Division by zero evaluating rule: Set ANNUAL_BASELINE ThrmlZn:PriAirCondgSysDsgnFlow  (76:'HVACSecondary-Fan-FanRatios.rule' line 67)
2020-03-29 18:43:53 - Error:  Division by zero evaluating rule: Set ANNUAL_BASELINE ThrmlZn:VentSysDsgnFlow  (76:'HVACSecondary-Fan-FanRatios.rule' line 111)
2020-03-29 18:43:53 - Error:  Division by zero evaluating rule: Set ANNUAL_BASELINE ThrmlZn:VentSysDsgnFlow  (76:'HVACSecondary-Fan-FanRatios.rule' line 111)
2020-03-29 18:43:53 - Error:  Division by zero evaluating rule: Set ANNUAL_BASELINE ThrmlZn:VentSysDsgnFlow  (76:'HVACSecondary-Fan-FanRatios.rule' line 111)
2020-03-29 18:43:53 - Error:  Division by zero evaluating rule: Set ANNUAL_BASELINE ThrmlZn:VentSysDsgnFlow  (76:'HVACSecondary-Fan-FanRatios.rule' line 111)
2020-03-29 18:43:53 - Error:  Division by zero evaluating rule: Set ANNUAL_BASELINE ThrmlZn:VentSysDsgnFlow  (76:'HVACSecondary-Fan-FanRatios.rule' line 111)
2020-03-29 18:43:53 - Error:  Division by zero evaluating rule: Set ANNUAL_BASELINE ThrmlZn:VentSysDsgnFlow  (76:'HVACSecondary-Fan-FanRatios.rule' line 111)
2020-03-29 18:43:53 - Error:  Division by zero evaluating rule: Set ANNUAL_BASELINE ThrmlZn:VentSysDsgnFlow  (76:'HVACSecondary-Fan-FanRatios.rule' line 111)
2020-03-29 18:43:53 - Error:  Division by zero evaluating rule: Set ANNUAL_BASELINE ThrmlZn:VentSysDsgnFlow  (76:'HVACSecondary-Fan-FanRatios.rule' line 111)
2020-03-29 18:43:53 - Error:  Division by zero evaluating rule: Set ANNUAL_BASELINE ThrmlZn:VentSysDsgnFlow  (76:'HVACSecondary-Fan-FanRatios.rule' line 111)
2020-03-29 18:43:53 - Error:  Division by zero evaluating rule: Set ANNUAL_BASELINE ThrmlZn:VentSysDsgnFlow  (76:'HVACSecondary-Fan-FanRatios.rule' line 111)
2020-03-29 18:43:53 - Error:  Division by zero evaluating rule: Set ANNUAL_BASELINE ThrmlZn:VentSysDsgnFlow  (76:'HVACSecondary-Fan-FanRatios.rule' line 111)
2020-03-29 18:43:53 - Error:  Division by zero evaluating rule: Set ANNUAL_BASELINE ThrmlZn:VentSysDsgnFlow  (76:'HVACSecondary-Fan-FanRatios.rule' line 111)
2020-03-29 18:43:54 -   PerfAnal_NRes - Bypassing OpenStudio (and simulation) for ab model
2020-03-29 18:43:54 -   PerfAnal_NRes - Completed analysis steps thru #7
2020-03-29 18:43:54 - Analysis incomplete  Processing time:  Overall 3:01 / SDD2IDF x2 avg 0:05 / SizSim x0 0:00 / AnnSim x2 avg 1:15 / ReportGen x0 0:00 / Other 0:18
2020-03-29 18:43:54 -       ResultsSummary population:  bAbort = (false) / RuleProcAbort = (false) / iRetVal = 0 / pszResultsSummary = (empty) / iResultsSummaryLen = 3200
2020-03-29 18:43:54 -       ResultsSummary components1:  2020-03-29 18:43:54 / instance / High-Rise Mixed-Use (10-story) / CTZ03S22A / Title24ProposedOnly / 3:01 /  / 
2020-03-29 18:43:54 -       ResultsSummary components2:  CBECC-Com 2022.0.1 RV (1113) / BEMCmpMgr 2022.0.1 RV (6107) / CA 2022 Nonresidential, Vers. 1.0 Alpha /  /  / - / C:\Users\agoyal\Documents\CBECC-Com 2022 Data\EPW\ / C:\Users\agoyal\Documents\GitHub\T24-2022-CASE-Modeling\framework\analysis\hpte\runs\hr-roofcr-base\cz03\
2020-03-29 18:43:54 -       ResultsSummary:  2020-03-29 18:43:54,"instance","High-Rise Mixed-Use (10-story)","CTZ03S22A","Pol  0% RetAdd NoLeak",125400,150480,"Title24ProposedOnly",3:01,,,"--","--","Successful (204 warnings)",6.21555,49519.4,61099.7,66.2771,3813.12,1088.9,52113,167707,231906,0,181711,6890.07,0,0,588214,2796.58,0,0,0,0,10477,0,13273.6,754.553,0,0,0,14028.1,0,0,0,0,0,0,0,0,0,0,0,0,0,5.87354,15.2758,14.1223,0.0288834,0.890903,20.26,11.0421,67.4936,55.0082,0,43.3554,1.5264,0,0,167.384,140.056,27.3272,0,0,,0,7.25,"Thermal Zone: F10 2-Bed NE",0,"--","--","",0,0,0,0,0,0,0,0,0,0,0,0,0,0,0,0,0,0,0,0,0,0,0,0,0,0,0,0,0,0,0,0,0,0,0,0,0,0,0,0,0,0,0,0,0,0,0,0,0,0,0,0,0,0,0,0,0,0,0,,,,,,,7.57942e-05,15.4447,9.00575,0.0126923,1.1471,0.124303,8.9425,34.6771,40.0913,0,31.5421,0.786538,0,0,107.097,0,0,0,0,0,0,0,0,0,0,0,0,0,0,0,"CBECC-Com 2022.0.1 RV (1113)","BEMCmpMgr 2022.0.1 RV (6107)","CA 2022 Nonresidential, Vers. 1.0 Alpha","","","-","C:\Users\agoyal\Documents\CBECC-Com 2022 Data\EPW\","C:\Users\agoyal\Documents\GitHub\T24-2022-CASE-Modeling\framework\analysis\hpte\runs\hr-roofcr-base\cz03\",0.00110067,5.40294,9.29208,0.00534126,0.355061,0.178109,5.74294,20.98,35.8106,0,31.324,1.127,0,0,89.24,1.34092,0,0,0,0,5.02358,0,6.36,0.361798,0,0,0,6.72,0,0,0,0,0,0,0,0,0,0,0,0,0,0,0,0,0,0,0,0,0,0,0,0,0,0,0,0,2.07714,0.811632,1.39586,0.00080236,0.0533375,7.80787,0.862706,13.0094,5.93987,0,4.70549,0.169298,0,0,23.824,0,0,0,0,0,0,0,0,0,0,0,0,0,0,0,

2020-03-29 18:43:57 - -----------------------------------------------------------------------------
2020-03-29 18:43:57 - Opening Project 'cz03\instance.cibd22'...
2020-03-29 18:43:57 -    Model load successful into CBECC-Com 2022.0.1 RV (1113)
2020-03-29 18:43:57 - Performing Building Database check...
2020-03-29 18:43:58 - Building Database check completed, no problems found.
2020-03-29 18:44:00 - Project Saved
