2020-02-20 16:31:04 - -----------------------------------------------------------------------------
2020-02-20 16:31:04 - Opening Project 'cz14\instance.cibd22'...
2020-02-20 16:31:04 - Error resolving project component references: 62 not found.
2020-02-20 16:31:04 -       'Res Fixed Window' (62 times)
2020-02-20 16:31:04 -    Model load failed (return code 6) into CBECC-Com 2022.0.1 RV (1113)
2020-02-20 16:31:04 - Error(s) encountered (return code 6: Unable to read/parse building energy model file) reading project file:  C:\Users\agoyal\Documents\GitHub\T24-2022-CASE-Modeling\framework\analysis\hpte\runs\mumr-win-propcomb\cz14\instance.cibd22
2020-02-20 16:31:05 - Performing Building Database check...
2020-02-20 16:31:05 - Building Database check completed, no problems found.
2020-02-20 16:31:10 -   PerfAnal_NRes - starting, w/ arguments:
2020-02-20 16:31:10 -        BEMBasePathFile    = (null)
2020-02-20 16:31:10 -        RulesetPathFile    = (null)
2020-02-20 16:31:10 -        SimWeatherPath     = C:\Users\agoyal\Documents\CBECC-Com 2022 Data\EPW\
2020-02-20 16:31:10 -        CompMgrDLLPath     = (null)
2020-02-20 16:31:10 -        DHWWeatherPath     = (null)
2020-02-20 16:31:10 -        ProcessingPath     = C:\Users\agoyal\Documents\GitHub\T24-2022-CASE-Modeling\framework\analysis\hpte\runs\mumr-win-propcomb\cz14\instance - run\
2020-02-20 16:31:10 -        ModelPathFile      = C:\Users\agoyal\Documents\GitHub\T24-2022-CASE-Modeling\framework\analysis\hpte\runs\mumr-win-propcomb\cz14\instance.cibd22
2020-02-20 16:31:10 -        LogPathFile        = (null)
2020-02-20 16:31:10 -        UIVersionString    = CBECC-Com 2022.0.1 RV (1113)
2020-02-20 16:31:10 -        LoadModelFile      = false
2020-02-20 16:31:10 -        OptionsCSV         = AllowAnalysisAbort,0,StoreBEMDetails,1,AnalysisThruStep,8,ModelRpt_ALL,1,ExportHourlyResults_All,1,PromptUserUMLHWarning,1,PreAnalysisCheckPromptOption,3,CompReportWarningOption,5,
2020-02-20 16:31:10 -        ErrorMsg           = (assumed to be initialized)
2020-02-20 16:31:10 -        ErrorMsgLen        = 2056
2020-02-20 16:31:10 -        DisplayProgress    = true
2020-02-20 16:31:10 -        ResultsSummary     = (empty)
2020-02-20 16:31:10 -        ResultsSummaryLen  = 3200
2020-02-20 16:31:10 -        pProgCallbackFunc  = (null)
2020-02-20 16:31:11 - Performing Building Database check...
2020-02-20 16:31:11 - Building Database check completed, no problems found.
2020-02-20 16:31:11 - Warning:  The following developer options must be defaulted (not specified by the user) in order to perform a valid compliance analysis:
          Proj 'Mid-Rise Mixed-Use (5-story)' AutoHardSize
          Proj 'Mid-Rise Mixed-Use (5-story)' AutoEffInput
2020-02-20 16:31:12 -    1 file hash check(s) failed on executable and/or analysis support files (analysis continuing w/ report signature disabled)
2020-02-20 16:31:14 -   PerfAnal_NRes - AnalysisThruStep being set to #7 due to Proj:AnalysisType = Title24ProposedOnly
2020-02-20 16:31:14 - Performing Building Database check...
2020-02-20 16:31:14 - Building Database check completed, no problems found.
2020-02-20 16:31:14 - Error:  A valid fenestration construction must be applied to window 'Sub Surface 31'. evaluating rule: Set CHECKSIM Win:FenConsRef  (34:'Fenestration-General.rule' line 74)
2020-02-20 16:31:14 - Error:  A valid fenestration construction must be applied to window 'Sub Surface 124'. evaluating rule: Set CHECKSIM Win:FenConsRef  (34:'Fenestration-General.rule' line 74)
2020-02-20 16:31:14 - Error:  A valid fenestration construction must be applied to window 'Sub Surface 127'. evaluating rule: Set CHECKSIM Win:FenConsRef  (34:'Fenestration-General.rule' line 74)
2020-02-20 16:31:14 - Error:  A valid fenestration construction must be applied to window 'Sub Surface 125'. evaluating rule: Set CHECKSIM Win:FenConsRef  (34:'Fenestration-General.rule' line 74)
2020-02-20 16:31:14 - Error:  A valid fenestration construction must be applied to window 'Sub Surface 135'. evaluating rule: Set CHECKSIM Win:FenConsRef  (34:'Fenestration-General.rule' line 74)
2020-02-20 16:31:14 - Error:  A valid fenestration construction must be applied to window 'Sub Surface 121'. evaluating rule: Set CHECKSIM Win:FenConsRef  (34:'Fenestration-General.rule' line 74)
2020-02-20 16:31:14 - Error:  A valid fenestration construction must be applied to window 'Sub Surface 122'. evaluating rule: Set CHECKSIM Win:FenConsRef  (34:'Fenestration-General.rule' line 74)
2020-02-20 16:31:14 - Error:  A valid fenestration construction must be applied to window 'Sub Surface 120'. evaluating rule: Set CHECKSIM Win:FenConsRef  (34:'Fenestration-General.rule' line 74)
2020-02-20 16:31:14 - Error:  A valid fenestration construction must be applied to window 'Sub Surface 123'. evaluating rule: Set CHECKSIM Win:FenConsRef  (34:'Fenestration-General.rule' line 74)
2020-02-20 16:31:14 - Error:  A valid fenestration construction must be applied to window 'Sub Surface 144'. evaluating rule: Set CHECKSIM Win:FenConsRef  (34:'Fenestration-General.rule' line 74)
2020-02-20 16:31:14 - Error:  A valid fenestration construction must be applied to window 'Sub Surface 141'. evaluating rule: Set CHECKSIM Win:FenConsRef  (34:'Fenestration-General.rule' line 74)
2020-02-20 16:31:14 - Error:  A valid fenestration construction must be applied to window 'Sub Surface 140'. evaluating rule: Set CHECKSIM Win:FenConsRef  (34:'Fenestration-General.rule' line 74)
2020-02-20 16:31:14 - Error:  A valid fenestration construction must be applied to window 'Sub Surface 136'. evaluating rule: Set CHECKSIM Win:FenConsRef  (34:'Fenestration-General.rule' line 74)
2020-02-20 16:31:14 - Error:  A valid fenestration construction must be applied to window 'Sub Surface 134'. evaluating rule: Set CHECKSIM Win:FenConsRef  (34:'Fenestration-General.rule' line 74)
2020-02-20 16:31:14 - Error:  A valid fenestration construction must be applied to window 'Sub Surface 148'. evaluating rule: Set CHECKSIM Win:FenConsRef  (34:'Fenestration-General.rule' line 74)
2020-02-20 16:31:14 - Error:  A valid fenestration construction must be applied to window 'Sub Surface 149'. evaluating rule: Set CHECKSIM Win:FenConsRef  (34:'Fenestration-General.rule' line 74)
2020-02-20 16:31:14 - Error:  A valid fenestration construction must be applied to window 'Sub Surface 119'. evaluating rule: Set CHECKSIM Win:FenConsRef  (34:'Fenestration-General.rule' line 74)
2020-02-20 16:31:14 - Error:  A valid fenestration construction must be applied to window 'Sub Surface 153'. evaluating rule: Set CHECKSIM Win:FenConsRef  (34:'Fenestration-General.rule' line 74)
2020-02-20 16:31:14 - Error:  A valid fenestration construction must be applied to window 'Sub Surface 154'. evaluating rule: Set CHECKSIM Win:FenConsRef  (34:'Fenestration-General.rule' line 74)
2020-02-20 16:31:14 - Error:  A valid fenestration construction must be applied to window 'Sub Surface 107'. evaluating rule: Set CHECKSIM Win:FenConsRef  (34:'Fenestration-General.rule' line 74)
2020-02-20 16:31:14 - Error:  A valid fenestration construction must be applied to window 'Sub Surface 138'. evaluating rule: Set CHECKSIM Win:FenConsRef  (34:'Fenestration-General.rule' line 74)
2020-02-20 16:31:14 - Error:  A valid fenestration construction must be applied to window 'Sub Surface 139'. evaluating rule: Set CHECKSIM Win:FenConsRef  (34:'Fenestration-General.rule' line 74)
2020-02-20 16:31:14 - Error:  A valid fenestration construction must be applied to window 'Sub Surface 129'. evaluating rule: Set CHECKSIM Win:FenConsRef  (34:'Fenestration-General.rule' line 74)
2020-02-20 16:31:14 - Error:  A valid fenestration construction must be applied to window 'Sub Surface 130'. evaluating rule: Set CHECKSIM Win:FenConsRef  (34:'Fenestration-General.rule' line 74)
2020-02-20 16:31:14 - Error:  A valid fenestration construction must be applied to window 'Sub Surface 137'. evaluating rule: Set CHECKSIM Win:FenConsRef  (34:'Fenestration-General.rule' line 74)
2020-02-20 16:31:14 - Error:  A valid fenestration construction must be applied to window 'Sub Surface 145'. evaluating rule: Set CHECKSIM Win:FenConsRef  (34:'Fenestration-General.rule' line 74)
2020-02-20 16:31:14 - Error:  A valid fenestration construction must be applied to window 'Sub Surface 152'. evaluating rule: Set CHECKSIM Win:FenConsRef  (34:'Fenestration-General.rule' line 74)
2020-02-20 16:31:14 - Error:  A valid fenestration construction must be applied to window 'Sub Surface 150'. evaluating rule: Set CHECKSIM Win:FenConsRef  (34:'Fenestration-General.rule' line 74)
2020-02-20 16:31:14 - Error:  A valid fenestration construction must be applied to window 'Sub Surface 151'. evaluating rule: Set CHECKSIM Win:FenConsRef  (34:'Fenestration-General.rule' line 74)
2020-02-20 16:31:14 - Error:  A valid fenestration construction must be applied to window 'Sub Surface 131'. evaluating rule: Set CHECKSIM Win:FenConsRef  (34:'Fenestration-General.rule' line 74)
2020-02-20 16:31:14 - Error:  A valid fenestration construction must be applied to window 'Sub Surface 132'. evaluating rule: Set CHECKSIM Win:FenConsRef  (34:'Fenestration-General.rule' line 74)
2020-02-20 16:31:14 - Error:  A valid fenestration construction must be applied to window 'Sub Surface 115'. evaluating rule: Set CHECKSIM Win:FenConsRef  (34:'Fenestration-General.rule' line 74)
2020-02-20 16:31:14 - Error:  A valid fenestration construction must be applied to window 'Sub Surface 103'. evaluating rule: Set CHECKSIM Win:FenConsRef  (34:'Fenestration-General.rule' line 74)
2020-02-20 16:31:14 - Error:  A valid fenestration construction must be applied to window 'Sub Surface 116'. evaluating rule: Set CHECKSIM Win:FenConsRef  (34:'Fenestration-General.rule' line 74)
2020-02-20 16:31:14 - Error:  A valid fenestration construction must be applied to window 'Sub Surface 102'. evaluating rule: Set CHECKSIM Win:FenConsRef  (34:'Fenestration-General.rule' line 74)
2020-02-20 16:31:14 - Error:  A valid fenestration construction must be applied to window 'Sub Surface 108'. evaluating rule: Set CHECKSIM Win:FenConsRef  (34:'Fenestration-General.rule' line 74)
2020-02-20 16:31:14 - Error:  A valid fenestration construction must be applied to window 'Sub Surface 97'. evaluating rule: Set CHECKSIM Win:FenConsRef  (34:'Fenestration-General.rule' line 74)
2020-02-20 16:31:14 - Error:  A valid fenestration construction must be applied to window 'Sub Surface 95'. evaluating rule: Set CHECKSIM Win:FenConsRef  (34:'Fenestration-General.rule' line 74)
2020-02-20 16:31:14 - Error:  A valid fenestration construction must be applied to window 'Sub Surface 109'. evaluating rule: Set CHECKSIM Win:FenConsRef  (34:'Fenestration-General.rule' line 74)
2020-02-20 16:31:14 - Error:  A valid fenestration construction must be applied to window 'Sub Surface 133'. evaluating rule: Set CHECKSIM Win:FenConsRef  (34:'Fenestration-General.rule' line 74)
2020-02-20 16:31:14 - Error:  A valid fenestration construction must be applied to window 'Sub Surface 94'. evaluating rule: Set CHECKSIM Win:FenConsRef  (34:'Fenestration-General.rule' line 74)
2020-02-20 16:31:14 - Error:  A valid fenestration construction must be applied to window 'Sub Surface 98'. evaluating rule: Set CHECKSIM Win:FenConsRef  (34:'Fenestration-General.rule' line 74)
2020-02-20 16:31:14 - Error:  A valid fenestration construction must be applied to window 'Sub Surface 104'. evaluating rule: Set CHECKSIM Win:FenConsRef  (34:'Fenestration-General.rule' line 74)
2020-02-20 16:31:14 - Error:  A valid fenestration construction must be applied to window 'Sub Surface 126'. evaluating rule: Set CHECKSIM Win:FenConsRef  (34:'Fenestration-General.rule' line 74)
2020-02-20 16:31:14 - Error:  A valid fenestration construction must be applied to window 'Sub Surface 118'. evaluating rule: Set CHECKSIM Win:FenConsRef  (34:'Fenestration-General.rule' line 74)
2020-02-20 16:31:14 - Error:  A valid fenestration construction must be applied to window 'Sub Surface 146'. evaluating rule: Set CHECKSIM Win:FenConsRef  (34:'Fenestration-General.rule' line 74)
2020-02-20 16:31:14 - Error:  A valid fenestration construction must be applied to window 'Sub Surface 147'. evaluating rule: Set CHECKSIM Win:FenConsRef  (34:'Fenestration-General.rule' line 74)
2020-02-20 16:31:14 - Error:  A valid fenestration construction must be applied to window 'Sub Surface 96'. evaluating rule: Set CHECKSIM Win:FenConsRef  (34:'Fenestration-General.rule' line 74)
2020-02-20 16:31:14 - Error:  A valid fenestration construction must be applied to window 'Sub Surface 113'. evaluating rule: Set CHECKSIM Win:FenConsRef  (34:'Fenestration-General.rule' line 74)
2020-02-20 16:31:14 - Error:  A valid fenestration construction must be applied to window 'Sub Surface 114'. evaluating rule: Set CHECKSIM Win:FenConsRef  (34:'Fenestration-General.rule' line 74)
2020-02-20 16:31:14 - Error:  A valid fenestration construction must be applied to window 'Sub Surface 112'. evaluating rule: Set CHECKSIM Win:FenConsRef  (34:'Fenestration-General.rule' line 74)
2020-02-20 16:31:14 - Error:  A valid fenestration construction must be applied to window 'Sub Surface 110'. evaluating rule: Set CHECKSIM Win:FenConsRef  (34:'Fenestration-General.rule' line 74)
2020-02-20 16:31:14 - Error:  A valid fenestration construction must be applied to window 'Sub Surface 111'. evaluating rule: Set CHECKSIM Win:FenConsRef  (34:'Fenestration-General.rule' line 74)
2020-02-20 16:31:14 - Error:  A valid fenestration construction must be applied to window 'Sub Surface 105'. evaluating rule: Set CHECKSIM Win:FenConsRef  (34:'Fenestration-General.rule' line 74)
2020-02-20 16:31:14 - Error:  A valid fenestration construction must be applied to window 'Sub Surface 106'. evaluating rule: Set CHECKSIM Win:FenConsRef  (34:'Fenestration-General.rule' line 74)
2020-02-20 16:31:14 - Error:  A valid fenestration construction must be applied to window 'Sub Surface 128'. evaluating rule: Set CHECKSIM Win:FenConsRef  (34:'Fenestration-General.rule' line 74)
2020-02-20 16:31:14 - Error:  A valid fenestration construction must be applied to window 'Sub Surface 117'. evaluating rule: Set CHECKSIM Win:FenConsRef  (34:'Fenestration-General.rule' line 74)
2020-02-20 16:31:14 - Error:  A valid fenestration construction must be applied to window 'Sub Surface 101'. evaluating rule: Set CHECKSIM Win:FenConsRef  (34:'Fenestration-General.rule' line 74)
2020-02-20 16:31:14 - Error:  A valid fenestration construction must be applied to window 'Sub Surface 142'. evaluating rule: Set CHECKSIM Win:FenConsRef  (34:'Fenestration-General.rule' line 74)
2020-02-20 16:31:14 - Error:  A valid fenestration construction must be applied to window 'Sub Surface 143'. evaluating rule: Set CHECKSIM Win:FenConsRef  (34:'Fenestration-General.rule' line 74)
2020-02-20 16:31:14 - Error:  A valid fenestration construction must be applied to window 'Sub Surface 99'. evaluating rule: Set CHECKSIM Win:FenConsRef  (34:'Fenestration-General.rule' line 74)
2020-02-20 16:31:14 - Error:  A valid fenestration construction must be applied to window 'Sub Surface 100'. evaluating rule: Set CHECKSIM Win:FenConsRef  (34:'Fenestration-General.rule' line 74)
2020-02-20 16:31:14 - Warning:  The AirSystem:Count for multi-zone system 'DOAS1' is not consistent with the maximum or minimum ThermalZone:Multiplier of the zones the system serves. This indicates the HVAC system serves more than 1 floor, or that Multipliers or system Count may be improperly defined. Check inputs for consistency. evaluating rule: Set CHECKCODE AirSys:Cnt  (68:'HVACSecondary-General.rule' line 1398)
2020-02-20 16:31:14 - Analysis aborted  Processing time:  Overall 0:04 / SDD2IDF x0 0:00 / SizSim x0 0:00 / AnnSim x0 0:00 / ReportGen x0 0:00 / Other 0:04
2020-02-20 16:31:14 -       ResultsSummary population:  bAbort = (true) / RuleProcAbort = (false) / iRetVal = 12 / pszResultsSummary = (empty) / iResultsSummaryLen = 3200
2020-02-20 16:31:14 - 62 Error(s) encountered performing analysis (error code 12):
     (first 10 reported below, all are listed in project log file)

(1) Error:  A valid fenestration construction must be applied to window 'Sub Surface 31'. evaluating rule: Set CHECKSIM Win:FenConsRef  (34:'Fenestration-General.rule' line 74)

(2) Error:  A valid fenestration construction must be applied to window 'Sub Surface 124'. evaluating rule: Set CHECKSIM Win:FenConsRef  (34:'Fenestration-General.rule' line 74)

(3) Error:  A valid fenestration construction must be applied to window 'Sub Surface 127'. evaluating rule: Set CHECKSIM Win:FenConsRef  (34:'Fenestration-General.rule' line 74)

(4) Error:  A valid fenestration construction must be applied to window 'Sub Surface 125'. evaluating rule: Set CHECKSIM Win:FenConsRef  (34:'Fenestration-General.rule' line 74)

(5) Error:  A valid fenestration construction must be applied to window 'Sub Surface 135'. evaluating rule: Set CHECKSIM Win:FenConsRef  (34:'Fenestration-General.rule' line 74)

(6) Error:  A valid fenestration construction must be applied to window 'Sub Surface 121'. evaluating rule: Set CHECKSIM Win:FenConsRef  (34:'Fenestration-General.rule' line 74)

(7) Error:  A valid fenestration construction must be applied to window 'Sub Surface 122'. evaluating rule: Set CHECKSIM Win:FenConsRef  (34:'Fenestration-General.rule' line 74)

(8) Error:  A valid fenestration construction must be applied to window 'Sub Surface 120'. evaluating rule: Set CHECKSIM Win:FenConsRef  (34:'Fenestration-General.rule' line 74)

(9) Error:  A valid fenestration construction must be applied to window 'Sub Surface 123'. evaluating rule: Set CHECKSIM Win:FenConsRef  (34:'Fenestration-General.rule' line 74)

(10) Error:  A valid fenestration construction must be applied to window 'Sub Surface 144'. evaluating rule: Set CHECKSIM Win:FenConsRef  (34:'Fenestration-General.rule' line 74)
2020-02-20 16:31:16 - -----------------------------------------------------------------------------
2020-02-20 16:31:16 - Opening Project 'cz14\instance.cibd22'...
2020-02-20 16:31:16 - Error resolving project component references: 62 not found.
2020-02-20 16:31:16 -       'Res Fixed Window' (62 times)
2020-02-20 16:31:16 -    Model load failed (return code 6) into CBECC-Com 2022.0.1 RV (1113)
2020-02-20 16:31:16 - Error(s) encountered (return code 6: Unable to read/parse building energy model file) reading project file:  C:\Users\agoyal\Documents\GitHub\T24-2022-CASE-Modeling\framework\analysis\hpte\runs\mumr-win-propcomb\cz14\instance.cibd22
2020-02-20 16:31:21 - Project Saved
2020-02-20 16:50:57 - -----------------------------------------------------------------------------
2020-02-20 16:50:57 - Opening Project 'cz14\instance.cibd22'...
2020-02-20 16:50:58 -    Model load successful into CBECC-Com 2022.0.1 RV (1113)
2020-02-20 16:50:58 - Performing Building Database check...
2020-02-20 16:50:58 - Building Database check completed, no problems found.
2020-02-20 16:51:02 -   PerfAnal_NRes - starting, w/ arguments:
2020-02-20 16:51:02 -        BEMBasePathFile    = (null)
2020-02-20 16:51:02 -        RulesetPathFile    = (null)
2020-02-20 16:51:02 -        SimWeatherPath     = C:\Users\agoyal\Documents\CBECC-Com 2022 Data\EPW\
2020-02-20 16:51:02 -        CompMgrDLLPath     = (null)
2020-02-20 16:51:02 -        DHWWeatherPath     = (null)
2020-02-20 16:51:02 -        ProcessingPath     = C:\Users\agoyal\Documents\GitHub\T24-2022-CASE-Modeling\framework\analysis\hpte\runs\mumr-win-propcomb\cz14\instance - run\
2020-02-20 16:51:02 -        ModelPathFile      = C:\Users\agoyal\Documents\GitHub\T24-2022-CASE-Modeling\framework\analysis\hpte\runs\mumr-win-propcomb\cz14\instance.cibd22
2020-02-20 16:51:02 -        LogPathFile        = (null)
2020-02-20 16:51:02 -        UIVersionString    = CBECC-Com 2022.0.1 RV (1113)
2020-02-20 16:51:02 -        LoadModelFile      = false
2020-02-20 16:51:02 -        OptionsCSV         = AllowAnalysisAbort,0,StoreBEMDetails,1,AnalysisThruStep,8,ModelRpt_ALL,1,ExportHourlyResults_All,1,PromptUserUMLHWarning,1,PreAnalysisCheckPromptOption,3,CompReportWarningOption,5,
2020-02-20 16:51:02 -        ErrorMsg           = (assumed to be initialized)
2020-02-20 16:51:02 -        ErrorMsgLen        = 2056
2020-02-20 16:51:02 -        DisplayProgress    = true
2020-02-20 16:51:02 -        ResultsSummary     = (empty)
2020-02-20 16:51:02 -        ResultsSummaryLen  = 3200
2020-02-20 16:51:02 -        pProgCallbackFunc  = (null)
2020-02-20 16:51:03 - Performing Building Database check...
2020-02-20 16:51:03 - Building Database check completed, no problems found.
2020-02-20 16:51:03 - Warning:  The following developer options must be defaulted (not specified by the user) in order to perform a valid compliance analysis:
          Proj 'Mid-Rise Mixed-Use (5-story)' AutoHardSize
          Proj 'Mid-Rise Mixed-Use (5-story)' AutoEffInput
2020-02-20 16:51:04 -    1 file hash check(s) failed on executable and/or analysis support files (analysis continuing w/ report signature disabled)
2020-02-20 16:51:06 -   PerfAnal_NRes - AnalysisThruStep being set to #7 due to Proj:AnalysisType = Title24ProposedOnly
2020-02-20 16:51:06 - Performing Building Database check...
2020-02-20 16:51:06 - Building Database check completed, no problems found.
2020-02-20 16:51:06 - Warning:  The AirSystem:Count for multi-zone system 'DOAS1' is not consistent with the maximum or minimum ThermalZone:Multiplier of the zones the system serves. This indicates the HVAC system serves more than 1 floor, or that Multipliers or system Count may be improperly defined. Check inputs for consistency. evaluating rule: Set CHECKCODE AirSys:Cnt  (68:'HVACSecondary-General.rule' line 1398)
2020-02-20 16:51:10 -   PerfAnal_NRes - Bypassing OpenStudio (and simulation) for zp model
2020-02-20 16:51:14 -   PerfAnal_NRes - Bypassing OpenStudio (and simulation) for zb model
2020-02-20 16:55:17 - Error:  Undefined data: numerator evaluating rule: Set ANNUAL_BASELINE Fan:FlowCap  (75:'HVACSecondary-Fan-General.rule' line 494)
2020-02-20 16:55:17 - Error:  Undefined data: numerator evaluating rule: Set ANNUAL_BASELINE Fan:FlowCap  (75:'HVACSecondary-Fan-General.rule' line 494)
2020-02-20 16:55:17 - Error:  Undefined data: numerator evaluating rule: Set ANNUAL_BASELINE Fan:FlowCap  (75:'HVACSecondary-Fan-General.rule' line 494)
2020-02-20 16:55:17 - Error:  Undefined data: numerator evaluating rule: Set ANNUAL_BASELINE Fan:FlowCap  (75:'HVACSecondary-Fan-General.rule' line 529)
2020-02-20 16:55:17 - Error:  Undefined data: numerator evaluating rule: Set ANNUAL_BASELINE Fan:FlowCap  (75:'HVACSecondary-Fan-General.rule' line 529)
2020-02-20 16:55:17 - Error:  Undefined data: numerator evaluating rule: Set ANNUAL_BASELINE Fan:FlowCap  (75:'HVACSecondary-Fan-General.rule' line 529)
2020-02-20 16:55:17 - Error:  Undefined data: numerator evaluating rule: Set ANNUAL_BASELINE Fan:FlowCap  (75:'HVACSecondary-Fan-General.rule' line 529)
2020-02-20 16:55:17 - Error:  Undefined data: numerator evaluating rule: Set ANNUAL_BASELINE Fan:FlowCap  (75:'HVACSecondary-Fan-General.rule' line 529)
2020-02-20 16:55:17 - Error:  Undefined data: numerator evaluating rule: Set ANNUAL_BASELINE Fan:FlowCap  (75:'HVACSecondary-Fan-General.rule' line 529)
2020-02-20 16:55:17 - Error:  Undefined data: numerator evaluating rule: Set ANNUAL_BASELINE Fan:FlowCap  (75:'HVACSecondary-Fan-General.rule' line 529)
2020-02-20 16:55:17 - Error:  Undefined data: numerator evaluating rule: Set ANNUAL_BASELINE Fan:FlowCap  (75:'HVACSecondary-Fan-General.rule' line 529)
2020-02-20 16:55:17 - Error:  Undefined data: numerator evaluating rule: Set ANNUAL_BASELINE Fan:FlowCap  (75:'HVACSecondary-Fan-General.rule' line 529)
2020-02-20 16:55:17 - Error:  Undefined data: numerator evaluating rule: Set ANNUAL_BASELINE Fan:FlowCap  (75:'HVACSecondary-Fan-General.rule' line 529)
2020-02-20 16:55:17 - Error:  Undefined data: numerator evaluating rule: Set ANNUAL_BASELINE Fan:FlowCap  (75:'HVACSecondary-Fan-General.rule' line 529)
2020-02-20 16:55:17 - Error:  Undefined data: numerator evaluating rule: Set ANNUAL_BASELINE Fan:FlowCap  (75:'HVACSecondary-Fan-General.rule' line 529)
2020-02-20 16:55:17 - Error:  Undefined data: numerator evaluating rule: Set ANNUAL_BASELINE Fan:FlowCap  (75:'HVACSecondary-Fan-General.rule' line 529)
2020-02-20 16:55:17 - Error:  Undefined data: numerator evaluating rule: Set ANNUAL_BASELINE Fan:FlowCap  (75:'HVACSecondary-Fan-General.rule' line 529)
2020-02-20 16:55:17 - Error:  Undefined data: numerator evaluating rule: Set ANNUAL_BASELINE Fan:FlowCap  (75:'HVACSecondary-Fan-General.rule' line 529)
2020-02-20 16:55:17 - Error:  Undefined data: numerator evaluating rule: Set ANNUAL_BASELINE Fan:FlowCap  (75:'HVACSecondary-Fan-General.rule' line 529)
2020-02-20 16:55:17 - Error:  Undefined data: numerator evaluating rule: Set ANNUAL_BASELINE Fan:FlowCap  (75:'HVACSecondary-Fan-General.rule' line 529)
2020-02-20 16:55:17 - Error:  Undefined data: numerator evaluating rule: Set ANNUAL_BASELINE Fan:FlowCap  (75:'HVACSecondary-Fan-General.rule' line 529)
2020-02-20 16:55:17 - Error:  Undefined data: numerator evaluating rule: Set ANNUAL_BASELINE Fan:FlowCap  (75:'HVACSecondary-Fan-General.rule' line 529)
2020-02-20 16:55:17 - Error:  Undefined data: numerator evaluating rule: Set ANNUAL_BASELINE Fan:FlowCap  (75:'HVACSecondary-Fan-General.rule' line 529)
2020-02-20 16:55:17 - Error:  Undefined data: numerator evaluating rule: Set ANNUAL_BASELINE Fan:FlowCap  (75:'HVACSecondary-Fan-General.rule' line 529)
2020-02-20 16:55:17 - Error:  Undefined data: numerator evaluating rule: Set ANNUAL_BASELINE Fan:FlowCap  (75:'HVACSecondary-Fan-General.rule' line 529)
2020-02-20 16:55:17 - Error:  Division by zero evaluating rule: Set ANNUAL_BASELINE ThrmlZn:PriAirCondgSysDsgnFlow  (76:'HVACSecondary-Fan-FanRatios.rule' line 67)
2020-02-20 16:55:17 - Error:  Division by zero evaluating rule: Set ANNUAL_BASELINE ThrmlZn:PriAirCondgSysDsgnFlow  (76:'HVACSecondary-Fan-FanRatios.rule' line 67)
2020-02-20 16:55:17 - Error:  Division by zero evaluating rule: Set ANNUAL_BASELINE ThrmlZn:PriAirCondgSysDsgnFlow  (76:'HVACSecondary-Fan-FanRatios.rule' line 67)
2020-02-20 16:55:17 - Error:  Division by zero evaluating rule: Set ANNUAL_BASELINE ThrmlZn:PriAirCondgSysDsgnFlow  (76:'HVACSecondary-Fan-FanRatios.rule' line 67)
2020-02-20 16:55:17 - Error:  Division by zero evaluating rule: Set ANNUAL_BASELINE ThrmlZn:PriAirCondgSysDsgnFlow  (76:'HVACSecondary-Fan-FanRatios.rule' line 67)
2020-02-20 16:55:17 - Error:  Division by zero evaluating rule: Set ANNUAL_BASELINE ThrmlZn:PriAirCondgSysDsgnFlow  (76:'HVACSecondary-Fan-FanRatios.rule' line 67)
2020-02-20 16:55:17 - Error:  Division by zero evaluating rule: Set ANNUAL_BASELINE ThrmlZn:PriAirCondgSysDsgnFlow  (76:'HVACSecondary-Fan-FanRatios.rule' line 67)
2020-02-20 16:55:17 - Error:  Division by zero evaluating rule: Set ANNUAL_BASELINE ThrmlZn:PriAirCondgSysDsgnFlow  (76:'HVACSecondary-Fan-FanRatios.rule' line 67)
2020-02-20 16:55:17 - Error:  Division by zero evaluating rule: Set ANNUAL_BASELINE ThrmlZn:PriAirCondgSysDsgnFlow  (76:'HVACSecondary-Fan-FanRatios.rule' line 67)
2020-02-20 16:55:17 - Error:  Division by zero evaluating rule: Set ANNUAL_BASELINE ThrmlZn:PriAirCondgSysDsgnFlow  (76:'HVACSecondary-Fan-FanRatios.rule' line 67)
2020-02-20 16:55:17 - Error:  Division by zero evaluating rule: Set ANNUAL_BASELINE ThrmlZn:PriAirCondgSysDsgnFlow  (76:'HVACSecondary-Fan-FanRatios.rule' line 67)
2020-02-20 16:55:17 - Error:  Division by zero evaluating rule: Set ANNUAL_BASELINE ThrmlZn:PriAirCondgSysDsgnFlow  (76:'HVACSecondary-Fan-FanRatios.rule' line 67)
2020-02-20 16:55:17 - Error:  Division by zero evaluating rule: Set ANNUAL_BASELINE ThrmlZn:VentSysDsgnFlow  (76:'HVACSecondary-Fan-FanRatios.rule' line 111)
2020-02-20 16:55:17 - Error:  Division by zero evaluating rule: Set ANNUAL_BASELINE ThrmlZn:VentSysDsgnFlow  (76:'HVACSecondary-Fan-FanRatios.rule' line 111)
2020-02-20 16:55:17 - Error:  Division by zero evaluating rule: Set ANNUAL_BASELINE ThrmlZn:VentSysDsgnFlow  (76:'HVACSecondary-Fan-FanRatios.rule' line 111)
2020-02-20 16:55:17 - Error:  Division by zero evaluating rule: Set ANNUAL_BASELINE ThrmlZn:VentSysDsgnFlow  (76:'HVACSecondary-Fan-FanRatios.rule' line 111)
2020-02-20 16:55:17 - Error:  Division by zero evaluating rule: Set ANNUAL_BASELINE ThrmlZn:VentSysDsgnFlow  (76:'HVACSecondary-Fan-FanRatios.rule' line 111)
2020-02-20 16:55:17 - Error:  Division by zero evaluating rule: Set ANNUAL_BASELINE ThrmlZn:VentSysDsgnFlow  (76:'HVACSecondary-Fan-FanRatios.rule' line 111)
2020-02-20 16:55:17 - Error:  Division by zero evaluating rule: Set ANNUAL_BASELINE ThrmlZn:VentSysDsgnFlow  (76:'HVACSecondary-Fan-FanRatios.rule' line 111)
2020-02-20 16:55:17 - Error:  Division by zero evaluating rule: Set ANNUAL_BASELINE ThrmlZn:VentSysDsgnFlow  (76:'HVACSecondary-Fan-FanRatios.rule' line 111)
2020-02-20 16:55:17 - Error:  Division by zero evaluating rule: Set ANNUAL_BASELINE ThrmlZn:VentSysDsgnFlow  (76:'HVACSecondary-Fan-FanRatios.rule' line 111)
2020-02-20 16:55:17 - Error:  Division by zero evaluating rule: Set ANNUAL_BASELINE ThrmlZn:VentSysDsgnFlow  (76:'HVACSecondary-Fan-FanRatios.rule' line 111)
2020-02-20 16:55:17 - Error:  Division by zero evaluating rule: Set ANNUAL_BASELINE ThrmlZn:VentSysDsgnFlow  (76:'HVACSecondary-Fan-FanRatios.rule' line 111)
2020-02-20 16:55:17 - Error:  Division by zero evaluating rule: Set ANNUAL_BASELINE ThrmlZn:VentSysDsgnFlow  (76:'HVACSecondary-Fan-FanRatios.rule' line 111)
2020-02-20 16:55:19 -   PerfAnal_NRes - Bypassing OpenStudio (and simulation) for ab model
2020-02-20 16:55:19 -   PerfAnal_NRes - Completed analysis steps thru #7
2020-02-20 16:55:19 - Analysis incomplete  Processing time:  Overall 4:16 / SDD2IDF x2 avg 0:07 / SizSim x0 0:00 / AnnSim x2 avg 1:48 / ReportGen x0 0:00 / Other 0:23
2020-02-20 16:55:19 -       ResultsSummary population:  bAbort = (false) / RuleProcAbort = (false) / iRetVal = 0 / pszResultsSummary = (empty) / iResultsSummaryLen = 3200
2020-02-20 16:55:19 -       ResultsSummary components1:  2020-02-20 16:55:19 / instance / Mid-Rise Mixed-Use (5-story) / CTZ14S22A / Title24ProposedOnly / 4:16 /  / 
2020-02-20 16:55:19 -       ResultsSummary components2:  CBECC-Com 2022.0.1 RV (1113) / BEMCmpMgr 2022.0.1 RV (6107) / CA 2022 Nonresidential, Vers. 1.0 Alpha /  /  / - / C:\Users\agoyal\Documents\CBECC-Com 2022 Data\EPW\ / C:\Users\agoyal\Documents\GitHub\T24-2022-CASE-Modeling\framework\analysis\hpte\runs\mumr-win-propcomb\cz14\
2020-02-20 16:55:19 -       ResultsSummary:  2020-02-20 16:55:19,"instance","Mid-Rise Mixed-Use (5-story)","CTZ14S22A","Pol  0% RetAdd NoLeak",113100,141000,"Title24ProposedOnly",4:16,,,"--","--","Successful (220 warnings)",9.55147,124823,64766.9,0,184.61,13421.9,81912.7,285119,217441,0,149101,34551.8,0,0,686213,3098.22,0,0,0,0,8760.05,0,11858.3,586.724,0,0,0,12445,0,0,0,0,0,0,0,0,0,0,0,0,0,7.44881,40.3907,17.2746,0,0.0418414,22.0894,19.8394,107.085,55.4227,0,37.7262,8.4772,0,0,208.711,181.182,27.5286,0,2613.5,"Thermal Zone: F2-4 Corridor",0,1365.25,"Thermal Zone: F5 Corridor",0,"--","--","",0,0,0,0,0,0,0,0,0,0,0,0,0,0,0,0,0,0,0,0,0,0,0,0,0,0,0,0,0,0,0,0,0,0,0,0,0,0,0,0,0,0,0,0,0,0,0,0,0,0,0,0,0,0,0,0,0,0,0,,,,,,,4.14396e-06,45.8114,12.8953,0,0.00489155,2.08876,14.4255,75.2259,38.321,0,25.7371,3.94427,0,0,143.228,0,0,0,0,0,0,0,0,0,0,0,0,0,0,0,"CBECC-Com 2022.0.1 RV (1113)","BEMCmpMgr 2022.0.1 RV (6107)","CA 2022 Nonresidential, Vers. 1.0 Alpha","","","-","C:\Users\agoyal\Documents\CBECC-Com 2022 Data\EPW\","C:\Users\agoyal\Documents\GitHub\T24-2022-CASE-Modeling\framework\analysis\hpte\runs\mumr-win-propcomb\cz14\",0.00199513,14.0612,9.04477,0,0.0289802,1.70734,9.02974,33.87,32.22,0,25.6908,5.68613,0,0,97.47,1.48556,0,0,0,0,4.20032,0,5.69,0.281326,0,0,0,5.97,0,0,0,0,0,0,0,0,0,0,0,0,0,0,0,0,0,0,0,0,0,0,0,0,0,0,0,0,2.5157,2.342,1.50647,0,0.00482686,7.39644,1.50397,15.2694,5.84282,0,4.27899,0.947065,0,0,26.3383,0,0,0,0,0,0,0,0,0,0,0,0,0,0,0,

2020-02-20 16:55:23 - -----------------------------------------------------------------------------
2020-02-20 16:55:23 - Opening Project 'cz14\instance.cibd22'...
2020-02-20 16:55:24 -    Model load successful into CBECC-Com 2022.0.1 RV (1113)
2020-02-20 16:55:24 - Performing Building Database check...
2020-02-20 16:55:24 - Building Database check completed, no problems found.
2020-02-20 16:55:28 - Project Saved
