---------------
Warning: Zone 'Zone1-zn': Unmet cooling loads during 459 hours of run.
---------------
Warning: Zone 'Zone2-zn': Unmet cooling loads during 691 hours of run.
---------------
Warning: Zone 'Zone3-zn': Unmet cooling loads during 634 hours of run.
---------------
Warning: Zone 'Corridor1-zn': Unmet cooling loads during 95 hours of run.
---------------
Warning: 
  Zone 'BusinessCenter1-zn': Unmet cooling loads during 74 hours of run.
---------------
Warning: Zone 'Laundry1-zn': Unmet cooling loads during 3 hours of run.
---------------
Warning: Zone 'LeasingOffice1-zn': Unmet cooling loads during 63 hours of run.
---------------
Warning: Zone 'Lobby1-zn': Unmet cooling loads during 87 hours of run.
---------------
Warning: 
  Zone 'MechanicalRoom1-zn': Unmet heating loads during 1220 hours of run.
---------------
Warning: 
  Zone 'MechanicalRoom1-zn': Unmet cooling loads during 2064 hours of run.
---------------
Warning: Zone 'Stairs1-zn': Unmet cooling loads during 13 hours of run.
---------------
Warning: Zone 'Corridor2-zn': Unmet cooling loads during 40 hours of run.
---------------
Warning: Zone 'Corridor3-zn': Unmet cooling loads during 8 hours of run.
---------------
Warning: Zone 'Stairs2-zn': Unmet cooling loads during 13 hours of run.
---------------
Warning: Zone 'Stairs3-zn': Unmet cooling loads during 13 hours of run.
---------------
