2020-03-03 19:24:36 - -----------------------------------------------------------------------------
2020-03-03 19:24:36 - Opening Project 'cz02\instance.ribd22'...
2020-03-03 19:24:36 -    Model load successful into CBECC-Res 2022.0.2 RV (1117)
2020-03-03 19:24:36 - Performing Building Database check...
2020-03-03 19:24:36 - Building Database check completed, no problems found.
2020-03-03 19:25:12 - -----------------------------------------------------------------------------
2020-03-03 19:25:12 - Opening Project 'cz02\instance.ribd22'...
2020-03-03 19:25:12 -    Model load successful into CBECC-Res 2022.0.2 RV (1117)
2020-03-03 19:25:13 - Performing Building Database check...
2020-03-03 19:25:13 - Building Database check completed, no problems found.
2020-03-03 19:25:13 - Project Saved
2020-03-03 19:25:13 - Performing Building Database check...
2020-03-03 19:25:13 - Building Database check completed, no problems found.
2020-03-03 19:25:13 -    Analysis being performed by CompMgrVersion 'BEMCmpMgr 2022.0.1 (1633)' via SoftwareVersion 'CBECC-Res 2022.0.2 RV (1117)'
2020-03-03 19:25:14 -    Unable to scale standard PV system - bad or missing EUseSummary:StdMixedFuelPVMlt and/or Proj:PVWDCSysTotal
2020-03-03 19:25:32 - Analysis incomplete  Processing time:  Overall 19.3 / CSE19 17.1 / ModelPrep 0.83 / ResultsProcessing 0.73 / ReportGen 0.0 / ResXMLWriting 0.22 / Model&SecurChks 0.23 / Model&HrlyCSVExports 0.13 / DHWSim 0.00 / LoadModel 0.00 / Other 0.11
2020-03-05 15:19:42 - -----------------------------------------------------------------------------
2020-03-05 15:19:42 - Opening Project 'cz02\instance.ribd22'...
2020-03-05 15:19:42 -    Model load successful into CBECC-Res 2022.0.2 RV (1118)
2020-03-05 15:19:42 - Performing Building Database check...
2020-03-05 15:19:42 - Building Database check completed, no problems found.
2020-03-05 15:22:22 - -----------------------------------------------------------------------------
2020-03-05 15:22:22 - Opening Project 'cz02\instance.ribd22'...
2020-03-05 15:22:23 -    Model load successful into CBECC-Res 2022.0.2 RV (1118)
2020-03-05 15:22:23 - Performing Building Database check...
2020-03-05 15:22:23 - Building Database check completed, no problems found.
2020-03-09 13:34:35 - -----------------------------------------------------------------------------
2020-03-09 13:34:35 - Opening Project 'cz02\instance.ribd22'...
2020-03-09 13:34:35 -    Model load successful into CBECC-Res 2022.0.2 RV (1118)
2020-03-09 13:34:35 - Performing Building Database check...
2020-03-09 13:34:35 - Building Database check completed, no problems found.
2020-03-09 13:35:02 - -----------------------------------------------------------------------------
2020-03-09 13:35:02 - Opening Project 'cz02\instance.ribd22'...
2020-03-09 13:35:02 -    Model load successful into CBECC-Res 2022.0.2 RV (1118)
2020-03-09 13:35:02 - Performing Building Database check...
2020-03-09 13:35:02 - Building Database check completed, no problems found.
2020-03-09 16:07:48 - -----------------------------------------------------------------------------
2020-03-09 16:07:48 - Opening Project 'cz02\instance.ribd22'...
2020-03-09 16:07:48 -    Model load successful into CBECC-Res 2022.0.2 RV (1117)
2020-03-09 16:07:49 - Performing Building Database check...
2020-03-09 16:07:49 - Building Database check completed, no problems found.
2020-03-09 16:07:49 - Project Saved
2020-03-09 16:07:50 - Performing Building Database check...
2020-03-09 16:07:50 - Building Database check completed, no problems found.
2020-03-09 16:07:50 -    Analysis being performed by CompMgrVersion 'BEMCmpMgr 2022.0.1 (1633)' via SoftwareVersion 'CBECC-Res 2022.0.2 RV (1117)'
2020-03-09 16:07:50 -    Unable to scale standard PV system - bad or missing EUseSummary:StdMixedFuelPVMlt and/or Proj:PVWDCSysTotal
2020-03-09 16:08:09 - Analysis incomplete  Processing time:  Overall 19.9 / CSE19 17.8 / ModelPrep 0.76 / ResultsProcessing 0.71 / ReportGen 0.0 / ResXMLWriting 0.21 / Model&SecurChks 0.24 / Model&HrlyCSVExports 0.14 / DHWSim 0.00 / LoadModel 0.00 / Other 0.12
