2020-03-08 23:47:14 - -----------------------------------------------------------------------------
2020-03-08 23:47:14 - Opening Project 'cz13\instance.cibd22'...
2020-03-08 23:47:15 -    Model load successful into CBECC-Com 2022.0.1 RV (1113)
2020-03-08 23:47:16 - Performing Building Database check...
2020-03-08 23:47:16 - Building Database check completed, no problems found.
2020-03-08 23:47:20 -   PerfAnal_NRes - starting, w/ arguments:
2020-03-08 23:47:20 -        BEMBasePathFile    = (null)
2020-03-08 23:47:20 -        RulesetPathFile    = (null)
2020-03-08 23:47:20 -        SimWeatherPath     = C:\Users\mnakajima\Documents\CBECC-Com 2022 Data\EPW\
2020-03-08 23:47:20 -        CompMgrDLLPath     = (null)
2020-03-08 23:47:20 -        DHWWeatherPath     = (null)
2020-03-08 23:47:20 -        ProcessingPath     = C:\Users\mnakajima\Documents\GitHub\T24-2022-CASE-Modeling\framework\analysis\all-electric\runs\mumr-VRF\cz13\instance - run\
2020-03-08 23:47:20 -        ModelPathFile      = C:\Users\mnakajima\Documents\GitHub\T24-2022-CASE-Modeling\framework\analysis\all-electric\runs\mumr-VRF\cz13\instance.cibd22
2020-03-08 23:47:20 -        LogPathFile        = (null)
2020-03-08 23:47:20 -        UIVersionString    = CBECC-Com 2022.0.1 RV (1113)
2020-03-08 23:47:20 -        LoadModelFile      = false
2020-03-08 23:47:20 -        OptionsCSV         = AllowAnalysisAbort,0,StoreBEMDetails,1,AnalysisThruStep,8,ModelRpt_ALL,1,ExportHourlyResults_All,1,PromptUserUMLHWarning,1,PreAnalysisCheckPromptOption,3,CompReportWarningOption,5,
2020-03-08 23:47:20 -        ErrorMsg           = (assumed to be initialized)
2020-03-08 23:47:20 -        ErrorMsgLen        = 2056
2020-03-08 23:47:20 -        DisplayProgress    = true
2020-03-08 23:47:20 -        ResultsSummary     = (empty)
2020-03-08 23:47:20 -        ResultsSummaryLen  = 3200
2020-03-08 23:47:20 -        pProgCallbackFunc  = (null)
2020-03-08 23:47:21 - Performing Building Database check...
2020-03-08 23:47:21 - Building Database check completed, no problems found.
2020-03-08 23:47:21 - Warning:  The following developer options must be defaulted (not specified by the user) in order to perform a valid compliance analysis:
          Proj 'Mid-Rise Mixed-Use (5-story)' AutoHardSize
          Proj 'Mid-Rise Mixed-Use (5-story)' AutoEffInput
2020-03-08 23:47:21 -    1 file hash check(s) failed on executable and/or analysis support files (analysis continuing w/ report signature disabled)
2020-03-08 23:47:23 -   PerfAnal_NRes - AnalysisThruStep being set to #7 due to Proj:AnalysisType = Title24ProposedOnly
2020-03-08 23:47:23 - Performing Building Database check...
2020-03-08 23:47:23 - Building Database check completed, no problems found.
2020-03-08 23:47:23 - Warning:  The AirSystem:Count for multi-zone system 'DOAS1' is not consistent with the maximum or minimum ThermalZone:Multiplier of the zones the system serves. This indicates the HVAC system serves more than 1 floor, or that Multipliers or system Count may be improperly defined. Check inputs for consistency. evaluating rule: Set CHECKCODE AirSys:Cnt  (68:'HVACSecondary-General.rule' line 1398)
2020-03-08 23:47:29 -   PerfAnal_NRes - Bypassing OpenStudio (and simulation) for zp model
2020-03-08 23:47:32 -   PerfAnal_NRes - Bypassing OpenStudio (and simulation) for zb model
2020-03-08 23:55:02 - Error:  Undefined data: numerator evaluating rule: Set ANNUAL_BASELINE Fan:FlowCap  (75:'HVACSecondary-Fan-General.rule' line 494)
2020-03-08 23:55:02 - Error:  Undefined data: numerator evaluating rule: Set ANNUAL_BASELINE Fan:FlowCap  (75:'HVACSecondary-Fan-General.rule' line 494)
2020-03-08 23:55:02 - Error:  Undefined data: numerator evaluating rule: Set ANNUAL_BASELINE Fan:FlowCap  (75:'HVACSecondary-Fan-General.rule' line 494)
2020-03-08 23:55:02 - Error:  Undefined data: numerator evaluating rule: Set ANNUAL_BASELINE Fan:FlowCap  (75:'HVACSecondary-Fan-General.rule' line 529)
2020-03-08 23:55:02 - Error:  Undefined data: numerator evaluating rule: Set ANNUAL_BASELINE Fan:FlowCap  (75:'HVACSecondary-Fan-General.rule' line 529)
2020-03-08 23:55:02 - Error:  Undefined data: numerator evaluating rule: Set ANNUAL_BASELINE Fan:FlowCap  (75:'HVACSecondary-Fan-General.rule' line 529)
2020-03-08 23:55:02 - Error:  Undefined data: numerator evaluating rule: Set ANNUAL_BASELINE Fan:FlowCap  (75:'HVACSecondary-Fan-General.rule' line 529)
2020-03-08 23:55:02 - Error:  Undefined data: numerator evaluating rule: Set ANNUAL_BASELINE Fan:FlowCap  (75:'HVACSecondary-Fan-General.rule' line 529)
2020-03-08 23:55:02 - Error:  Undefined data: numerator evaluating rule: Set ANNUAL_BASELINE Fan:FlowCap  (75:'HVACSecondary-Fan-General.rule' line 529)
2020-03-08 23:55:02 - Error:  Undefined data: numerator evaluating rule: Set ANNUAL_BASELINE Fan:FlowCap  (75:'HVACSecondary-Fan-General.rule' line 529)
2020-03-08 23:55:02 - Error:  Undefined data: numerator evaluating rule: Set ANNUAL_BASELINE Fan:FlowCap  (75:'HVACSecondary-Fan-General.rule' line 529)
2020-03-08 23:55:02 - Error:  Undefined data: numerator evaluating rule: Set ANNUAL_BASELINE Fan:FlowCap  (75:'HVACSecondary-Fan-General.rule' line 529)
2020-03-08 23:55:02 - Error:  Undefined data: numerator evaluating rule: Set ANNUAL_BASELINE Fan:FlowCap  (75:'HVACSecondary-Fan-General.rule' line 529)
2020-03-08 23:55:02 - Error:  Undefined data: numerator evaluating rule: Set ANNUAL_BASELINE Fan:FlowCap  (75:'HVACSecondary-Fan-General.rule' line 529)
2020-03-08 23:55:02 - Error:  Undefined data: numerator evaluating rule: Set ANNUAL_BASELINE Fan:FlowCap  (75:'HVACSecondary-Fan-General.rule' line 529)
2020-03-08 23:55:02 - Error:  Undefined data: numerator evaluating rule: Set ANNUAL_BASELINE Fan:FlowCap  (75:'HVACSecondary-Fan-General.rule' line 529)
2020-03-08 23:55:02 - Error:  Undefined data: numerator evaluating rule: Set ANNUAL_BASELINE Fan:FlowCap  (75:'HVACSecondary-Fan-General.rule' line 529)
2020-03-08 23:55:02 - Error:  Undefined data: numerator evaluating rule: Set ANNUAL_BASELINE Fan:FlowCap  (75:'HVACSecondary-Fan-General.rule' line 529)
2020-03-08 23:55:02 - Error:  Undefined data: numerator evaluating rule: Set ANNUAL_BASELINE Fan:FlowCap  (75:'HVACSecondary-Fan-General.rule' line 529)
2020-03-08 23:55:02 - Error:  Undefined data: numerator evaluating rule: Set ANNUAL_BASELINE Fan:FlowCap  (75:'HVACSecondary-Fan-General.rule' line 529)
2020-03-08 23:55:02 - Error:  Undefined data: numerator evaluating rule: Set ANNUAL_BASELINE Fan:FlowCap  (75:'HVACSecondary-Fan-General.rule' line 529)
2020-03-08 23:55:02 - Error:  Undefined data: numerator evaluating rule: Set ANNUAL_BASELINE Fan:FlowCap  (75:'HVACSecondary-Fan-General.rule' line 529)
2020-03-08 23:55:02 - Error:  Undefined data: numerator evaluating rule: Set ANNUAL_BASELINE Fan:FlowCap  (75:'HVACSecondary-Fan-General.rule' line 529)
2020-03-08 23:55:02 - Error:  Undefined data: numerator evaluating rule: Set ANNUAL_BASELINE Fan:FlowCap  (75:'HVACSecondary-Fan-General.rule' line 529)
2020-03-08 23:55:02 - Error:  Undefined data: numerator evaluating rule: Set ANNUAL_BASELINE Fan:FlowCap  (75:'HVACSecondary-Fan-General.rule' line 529)
2020-03-08 23:55:02 - Error:  Undefined data: numerator evaluating rule: Set ANNUAL_BASELINE Fan:FlowCap  (75:'HVACSecondary-Fan-General.rule' line 529)
2020-03-08 23:55:02 - Error:  Undefined data: numerator evaluating rule: Set ANNUAL_BASELINE Fan:FlowCap  (75:'HVACSecondary-Fan-General.rule' line 529)
2020-03-08 23:55:02 - Error:  Undefined data: numerator evaluating rule: Set ANNUAL_BASELINE Fan:FlowCap  (75:'HVACSecondary-Fan-General.rule' line 529)
2020-03-08 23:55:02 - Error:  Undefined data: numerator evaluating rule: Set ANNUAL_BASELINE Fan:FlowCap  (75:'HVACSecondary-Fan-General.rule' line 529)
2020-03-08 23:55:02 - Error:  Division by zero evaluating rule: Set ANNUAL_BASELINE ThrmlZn:PriAirCondgSysDsgnFlow  (76:'HVACSecondary-Fan-FanRatios.rule' line 67)
2020-03-08 23:55:02 - Error:  Division by zero evaluating rule: Set ANNUAL_BASELINE ThrmlZn:PriAirCondgSysDsgnFlow  (76:'HVACSecondary-Fan-FanRatios.rule' line 67)
2020-03-08 23:55:02 - Error:  Division by zero evaluating rule: Set ANNUAL_BASELINE ThrmlZn:PriAirCondgSysDsgnFlow  (76:'HVACSecondary-Fan-FanRatios.rule' line 67)
2020-03-08 23:55:02 - Error:  Division by zero evaluating rule: Set ANNUAL_BASELINE ThrmlZn:PriAirCondgSysDsgnFlow  (76:'HVACSecondary-Fan-FanRatios.rule' line 67)
2020-03-08 23:55:02 - Error:  Division by zero evaluating rule: Set ANNUAL_BASELINE ThrmlZn:PriAirCondgSysDsgnFlow  (76:'HVACSecondary-Fan-FanRatios.rule' line 67)
2020-03-08 23:55:02 - Error:  Division by zero evaluating rule: Set ANNUAL_BASELINE ThrmlZn:PriAirCondgSysDsgnFlow  (76:'HVACSecondary-Fan-FanRatios.rule' line 67)
2020-03-08 23:55:02 - Error:  Division by zero evaluating rule: Set ANNUAL_BASELINE ThrmlZn:PriAirCondgSysDsgnFlow  (76:'HVACSecondary-Fan-FanRatios.rule' line 67)
2020-03-08 23:55:02 - Error:  Division by zero evaluating rule: Set ANNUAL_BASELINE ThrmlZn:PriAirCondgSysDsgnFlow  (76:'HVACSecondary-Fan-FanRatios.rule' line 67)
2020-03-08 23:55:02 - Error:  Division by zero evaluating rule: Set ANNUAL_BASELINE ThrmlZn:PriAirCondgSysDsgnFlow  (76:'HVACSecondary-Fan-FanRatios.rule' line 67)
2020-03-08 23:55:02 - Error:  Division by zero evaluating rule: Set ANNUAL_BASELINE ThrmlZn:PriAirCondgSysDsgnFlow  (76:'HVACSecondary-Fan-FanRatios.rule' line 67)
2020-03-08 23:55:02 - Error:  Division by zero evaluating rule: Set ANNUAL_BASELINE ThrmlZn:PriAirCondgSysDsgnFlow  (76:'HVACSecondary-Fan-FanRatios.rule' line 67)
2020-03-08 23:55:02 - Error:  Division by zero evaluating rule: Set ANNUAL_BASELINE ThrmlZn:PriAirCondgSysDsgnFlow  (76:'HVACSecondary-Fan-FanRatios.rule' line 67)
2020-03-08 23:55:02 - Error:  Division by zero evaluating rule: Set ANNUAL_BASELINE ThrmlZn:VentSysDsgnFlow  (76:'HVACSecondary-Fan-FanRatios.rule' line 111)
2020-03-08 23:55:02 - Error:  Division by zero evaluating rule: Set ANNUAL_BASELINE ThrmlZn:VentSysDsgnFlow  (76:'HVACSecondary-Fan-FanRatios.rule' line 111)
2020-03-08 23:55:02 - Error:  Division by zero evaluating rule: Set ANNUAL_BASELINE ThrmlZn:VentSysDsgnFlow  (76:'HVACSecondary-Fan-FanRatios.rule' line 111)
2020-03-08 23:55:02 - Error:  Division by zero evaluating rule: Set ANNUAL_BASELINE ThrmlZn:VentSysDsgnFlow  (76:'HVACSecondary-Fan-FanRatios.rule' line 111)
2020-03-08 23:55:02 - Error:  Division by zero evaluating rule: Set ANNUAL_BASELINE ThrmlZn:VentSysDsgnFlow  (76:'HVACSecondary-Fan-FanRatios.rule' line 111)
2020-03-08 23:55:02 - Error:  Division by zero evaluating rule: Set ANNUAL_BASELINE ThrmlZn:VentSysDsgnFlow  (76:'HVACSecondary-Fan-FanRatios.rule' line 111)
2020-03-08 23:55:02 - Error:  Division by zero evaluating rule: Set ANNUAL_BASELINE ThrmlZn:VentSysDsgnFlow  (76:'HVACSecondary-Fan-FanRatios.rule' line 111)
2020-03-08 23:55:02 - Error:  Division by zero evaluating rule: Set ANNUAL_BASELINE ThrmlZn:VentSysDsgnFlow  (76:'HVACSecondary-Fan-FanRatios.rule' line 111)
2020-03-08 23:55:02 - Error:  Division by zero evaluating rule: Set ANNUAL_BASELINE ThrmlZn:VentSysDsgnFlow  (76:'HVACSecondary-Fan-FanRatios.rule' line 111)
2020-03-08 23:55:02 - Error:  Division by zero evaluating rule: Set ANNUAL_BASELINE ThrmlZn:VentSysDsgnFlow  (76:'HVACSecondary-Fan-FanRatios.rule' line 111)
2020-03-08 23:55:02 - Error:  Division by zero evaluating rule: Set ANNUAL_BASELINE ThrmlZn:VentSysDsgnFlow  (76:'HVACSecondary-Fan-FanRatios.rule' line 111)
2020-03-08 23:55:02 - Error:  Division by zero evaluating rule: Set ANNUAL_BASELINE ThrmlZn:VentSysDsgnFlow  (76:'HVACSecondary-Fan-FanRatios.rule' line 111)
2020-03-08 23:55:04 -   PerfAnal_NRes - Bypassing OpenStudio (and simulation) for ab model
2020-03-08 23:55:04 -   PerfAnal_NRes - Completed analysis steps thru #7
2020-03-08 23:55:04 - Analysis incomplete  Processing time:  Overall 7:44 / SDD2IDF x2 avg 0:06 / SizSim x0 0:00 / AnnSim x2 avg 3:32 / ReportGen x0 0:00 / Other 0:23
2020-03-08 23:55:04 -       ResultsSummary population:  bAbort = (false) / RuleProcAbort = (false) / iRetVal = 0 / pszResultsSummary = (empty) / iResultsSummaryLen = 3200
2020-03-08 23:55:04 -       ResultsSummary components1:  2020-03-08 23:55:04 / instance / Mid-Rise Mixed-Use (5-story) / CTZ13S22A / Title24ProposedOnly / 7:44 /  / 
2020-03-08 23:55:04 -       ResultsSummary components2:  CBECC-Com 2022.0.1 RV (1113) / BEMCmpMgr 2022.0.1 RV (6107) / CA 2022 Nonresidential, Vers. 1.0 Alpha /  /  / - / C:\Users\mnakajima\Documents\CBECC-Com 2022 Data\EPW\ / C:\Users\mnakajima\Documents\GitHub\T24-2022-CASE-Modeling\framework\analysis\all-electric\runs\mumr-VRF\cz13\
2020-03-08 23:55:04 -       ResultsSummary:  2020-03-08 23:55:04,"instance","Mid-Rise Mixed-Use (5-story)","CTZ13S22A","Pol  0% RetAdd NoLeak",113100,141000,"Title24ProposedOnly",7:44,,,"--","--","Successful (3 severe errors, 329 warnings)",13116.8,166987,57305.7,0,204.048,13154.9,81965,332733,217441,0,149101,34551.8,0,0,733827,2058.24,0,0,0,0,8463.06,0,10521.3,586.724,0,0,0,11108,0,0,0,0,0,0,0,0,0,0,0,0,0,8.3779,52.866,14.6374,0,0.0466239,21.2514,19.5209,116.7,55.5512,0,38.1996,8.45706,0,0,218.908,194.7,24.2081,0,3334.5,"Thermal Zone: F2-4 Corridor",0,1203.25,"Thermal Zone: F5 Corridor",0,"--","--","",0,0,0,0,0,0,0,0,0,0,0,0,0,0,0,0,0,0,0,0,0,0,0,0,0,0,0,0,0,0,0,0,0,0,0,0,0,0,0,0,0,0,0,0,0,0,0,0,0,0,0,0,0,0,0,0,0,0,0,,,,,,,5.14066e-06,60.5398,10.2445,0,0.00594958,2.05686,14.3902,87.2373,38.321,0,25.7371,3.94427,0,0,155.24,0,0,0,0,0,0,0,0,0,0,0,0,0,0,0,"CBECC-Com 2022.0.1 RV (1113)","BEMCmpMgr 2022.0.1 RV (6107)","CA 2022 Nonresidential, Vers. 1.0 Alpha","","","-","C:\Users\mnakajima\Documents\CBECC-Com 2022 Data\EPW\","C:\Users\mnakajima\Documents\GitHub\T24-2022-CASE-Modeling\framework\analysis\all-electric\runs\mumr-VRF\cz13\",2.74046,20.0072,8.06561,0,0.0308623,1.67125,9.06089,41.58,32.1279,0,25.58,5.65158,0,0,104.94,0.986899,0,0,0,0,4.05792,0,5.05,0.281326,0,0,0,5.33,0,0,0,0,0,0,0,0,0,0,0,0,0,0,0,0,0,0,0,0,0,0,0,0,0,0,0,0,2.15131,3.33235,1.34338,0,0.00514034,7.24732,1.50916,15.5887,5.83428,0,4.26052,0.941311,0,0,26.6248,0,0,0,0,0,0,0,0,0,0,0,0,0,0,0,

2020-03-08 23:55:08 - -----------------------------------------------------------------------------
2020-03-08 23:55:08 - Opening Project 'cz13\instance.cibd22'...
2020-03-08 23:55:08 -    Model load successful into CBECC-Com 2022.0.1 RV (1113)
2020-03-08 23:55:09 - Performing Building Database check...
2020-03-08 23:55:09 - Building Database check completed, no problems found.
2020-03-08 23:55:12 - Project Saved
2020-03-09 10:40:18 - -----------------------------------------------------------------------------
2020-03-09 10:40:18 - Opening Project 'cz13\instance.cibd22'...
2020-03-09 10:40:20 -    Model load successful into CBECC-Com 2022.0.1 RV (1113)
2020-03-09 10:40:20 - Performing Building Database check...
2020-03-09 10:40:20 - Building Database check completed, no problems found.
2020-03-09 10:40:25 -   PerfAnal_NRes - starting, w/ arguments:
2020-03-09 10:40:25 -        BEMBasePathFile    = (null)
2020-03-09 10:40:25 -        RulesetPathFile    = (null)
2020-03-09 10:40:25 -        SimWeatherPath     = C:\Users\mnakajima\Documents\CBECC-Com 2022 Data\EPW\
2020-03-09 10:40:25 -        CompMgrDLLPath     = (null)
2020-03-09 10:40:25 -        DHWWeatherPath     = (null)
2020-03-09 10:40:25 -        ProcessingPath     = C:\Users\mnakajima\Documents\GitHub\T24-2022-CASE-Modeling\framework\analysis\all-electric\runs\mumr-VRF\cz13\instance - run\
2020-03-09 10:40:25 -        ModelPathFile      = C:\Users\mnakajima\Documents\GitHub\T24-2022-CASE-Modeling\framework\analysis\all-electric\runs\mumr-VRF\cz13\instance.cibd22
2020-03-09 10:40:25 -        LogPathFile        = (null)
2020-03-09 10:40:25 -        UIVersionString    = CBECC-Com 2022.0.1 RV (1113)
2020-03-09 10:40:25 -        LoadModelFile      = false
2020-03-09 10:40:25 -        OptionsCSV         = AllowAnalysisAbort,0,StoreBEMDetails,1,AnalysisThruStep,8,ModelRpt_ALL,1,ExportHourlyResults_All,1,PromptUserUMLHWarning,1,PreAnalysisCheckPromptOption,3,CompReportWarningOption,5,
2020-03-09 10:40:25 -        ErrorMsg           = (assumed to be initialized)
2020-03-09 10:40:25 -        ErrorMsgLen        = 2056
2020-03-09 10:40:25 -        DisplayProgress    = true
2020-03-09 10:40:25 -        ResultsSummary     = (empty)
2020-03-09 10:40:25 -        ResultsSummaryLen  = 3200
2020-03-09 10:40:25 -        pProgCallbackFunc  = (null)
2020-03-09 10:40:26 - Performing Building Database check...
2020-03-09 10:40:27 - Building Database check completed, no problems found.
2020-03-09 10:40:27 - Warning:  The following developer options must be defaulted (not specified by the user) in order to perform a valid compliance analysis:
          Proj 'Mid-Rise Mixed-Use (5-story)' AutoHardSize
          Proj 'Mid-Rise Mixed-Use (5-story)' AutoEffInput
2020-03-09 10:40:27 -    1 file hash check(s) failed on executable and/or analysis support files (analysis continuing w/ report signature disabled)
2020-03-09 10:40:30 - Performing Building Database check...
2020-03-09 10:40:30 - Building Database check completed, no problems found.
2020-03-09 10:40:30 - Warning:  The AirSystem:Count for multi-zone system 'DOAS1' is not consistent with the maximum or minimum ThermalZone:Multiplier of the zones the system serves. This indicates the HVAC system serves more than 1 floor, or that Multipliers or system Count may be improperly defined. Check inputs for consistency. evaluating rule: Set CHECKCODE AirSys:Cnt  (68:'HVACSecondary-General.rule' line 1398)
2020-03-09 10:40:37 -   PerfAnal_NRes - Bypassing OpenStudio (and simulation) for zp model
2020-03-09 10:52:24 -   PerfSim_E+ - Final Result: FAIL  -- compliance margin: -0.9 (-0.78%)
2020-03-09 10:52:28 - Analysis result:  FAIL  (TDV margin: -0.90)  Processing time:  Overall 12:03 / SDD2IDF x4 avg 0:13 / SizSim x2 avg 0:24 / AnnSim x2 avg 4:44 / ReportGen x0 0:00 / Other 0:48
2020-03-09 10:52:28 -       ResultsSummary population:  bAbort = (false) / RuleProcAbort = (false) / iRetVal = 0 / pszResultsSummary = (empty) / iResultsSummaryLen = 3200
2020-03-09 10:52:28 -       ResultsSummary components1:  2020-03-09 10:52:28 / instance / Mid-Rise Mixed-Use (5-story) / CTZ13S22A / Title24Compliance / 12:03 / FAIL / -0.90
2020-03-09 10:52:28 -       ResultsSummary components2:  CBECC-Com 2022.0.1 RV (1113) / BEMCmpMgr 2022.0.1 RV (6107) / CA 2022 Nonresidential, Vers. 1.0 Alpha / 1.11.3.f52686d8e1 / 9.0.1-bb7ca4f0da / CSE19 0.865.0+dhwloop.68861ec.94 EXE / C:\Users\mnakajima\Documents\CBECC-Com 2022 Data\EPW\ / C:\Users\mnakajima\Documents\GitHub\T24-2022-CASE-Modeling\framework\analysis\all-electric\runs\mumr-VRF\cz13\
2020-03-09 10:52:28 -       ResultsSummary:  2020-03-09 10:52:28,"instance","Mid-Rise Mixed-Use (5-story)","CTZ13S22A","Pol  0% RetAdd NoLeak",113100,141000,"Title24Compliance",12:03,FAIL,-0.90,"--","--","Successful (3 severe errors, 329 warnings)",13116.8,166987,57305.7,0,204.048,13154.9,81965,332733,217441,0,149101,34551.8,0,0,733827,2058.24,0,0,0,0,8463.06,0,10521.3,586.724,0,0,0,11108,0,0,0,0,0,0,0,0,0,0,0,0,0,8.3779,52.866,14.6374,0,0.0466239,21.2514,19.5209,116.7,55.5512,0,38.1996,8.45706,0,0,218.908,194.7,24.2081,0,3334.5,"Thermal Zone: F2-4 Corridor",0,1203.25,"Thermal Zone: F5 Corridor",0,"--","--","Successful (237 warnings)",16.6504,155158,60622.2,0,84.0522,13165.7,81965,311011,217441,0,149101,34551.8,0,0,712105,3893.43,0,0,0,0,8463.06,0,12356.5,586.724,0,0,0,12943.2,0,0,0,0,0,0,0,0,0,0,0,0,0,9.25506,49.4663,16.2927,0,0.0230964,21.2531,19.5209,115.811,55.5512,0,38.1996,8.45706,0,0,218.019,189.447,28.5723,0,0,,0,0,,0,5.14066e-06,60.5398,10.2445,0,0.00594958,2.05686,14.3902,87.2373,38.321,0,25.7371,3.94427,0,0,155.24,2.12288e-06,60.5718,12.9065,0,0.000373475,2.0545,14.3902,89.9234,38.321,0,25.7371,3.94427,0,0,157.926,"CBECC-Com 2022.0.1 RV (1113)","BEMCmpMgr 2022.0.1 RV (6107)","CA 2022 Nonresidential, Vers. 1.0 Alpha","1.11.3.f52686d8e1","9.0.1-bb7ca4f0da","CSE19 0.865.0+dhwloop.68861ec.94 EXE","C:\Users\mnakajima\Documents\CBECC-Com 2022 Data\EPW\","C:\Users\mnakajima\Documents\GitHub\T24-2022-CASE-Modeling\framework\analysis\all-electric\runs\mumr-VRF\cz13\",2.74046,20.0072,8.06561,0,0.0308623,1.67125,9.06089,41.58,32.1279,0,25.58,5.65158,0,0,104.94,0.986899,0,0,0,0,4.05792,0,5.05,0.281326,0,0,0,5.33,0.00332386,17.9325,8.41111,0,0.0178588,1.67744,9.06089,37.1,32.1279,0,25.58,5.65158,0,0,100.46,1.86684,0,0,0,0,4.05792,0,5.93,0.281326,0,0,0,6.21,2.15131,3.33235,1.34338,0,0.00514034,7.24732,1.50916,15.5887,5.83428,0,4.26052,0.941311,0,0,26.6248,3.20662,2.98679,1.40093,0,0.00297452,7.24835,1.50916,16.3548,5.83428,0,4.26052,0.941311,0,0,27.3909,

2020-03-09 10:52:33 - -----------------------------------------------------------------------------
2020-03-09 10:52:33 - Opening Project 'cz13\instance.cibd22'...
2020-03-09 10:52:34 -    Model load successful into CBECC-Com 2022.0.1 RV (1113)
2020-03-09 10:52:34 - Performing Building Database check...
2020-03-09 10:52:34 - Building Database check completed, no problems found.
2020-03-09 10:52:40 - Project Saved
2020-03-09 14:21:18 - -----------------------------------------------------------------------------
2020-03-09 14:21:18 - Opening Project 'cz13\instance.cibd22'...
2020-03-09 14:21:20 -    Model load successful into CBECC-Com 2022.0.1 RV (1113)
2020-03-09 14:21:20 - Performing Building Database check...
2020-03-09 14:21:20 - Building Database check completed, no problems found.
2020-03-09 14:21:27 -   PerfAnal_NRes - starting, w/ arguments:
2020-03-09 14:21:27 -        BEMBasePathFile    = (null)
2020-03-09 14:21:27 -        RulesetPathFile    = (null)
2020-03-09 14:21:27 -        SimWeatherPath     = C:\Users\mnakajima\Documents\CBECC-Com 2022 Data\EPW\
2020-03-09 14:21:27 -        CompMgrDLLPath     = (null)
2020-03-09 14:21:27 -        DHWWeatherPath     = (null)
2020-03-09 14:21:27 -        ProcessingPath     = C:\Users\mnakajima\Documents\GitHub\T24-2022-CASE-Modeling\framework\analysis\all-electric\runs\mumr-VRF\cz13\instance - run\
2020-03-09 14:21:27 -        ModelPathFile      = C:\Users\mnakajima\Documents\GitHub\T24-2022-CASE-Modeling\framework\analysis\all-electric\runs\mumr-VRF\cz13\instance.cibd22
2020-03-09 14:21:27 -        LogPathFile        = (null)
2020-03-09 14:21:27 -        UIVersionString    = CBECC-Com 2022.0.1 RV (1113)
2020-03-09 14:21:27 -        LoadModelFile      = false
2020-03-09 14:21:27 -        OptionsCSV         = AllowAnalysisAbort,0,StoreBEMDetails,1,AnalysisThruStep,8,ModelRpt_ALL,1,ExportHourlyResults_All,1,PromptUserUMLHWarning,1,PreAnalysisCheckPromptOption,3,CompReportWarningOption,5,
2020-03-09 14:21:27 -        ErrorMsg           = (assumed to be initialized)
2020-03-09 14:21:27 -        ErrorMsgLen        = 2056
2020-03-09 14:21:27 -        DisplayProgress    = true
2020-03-09 14:21:27 -        ResultsSummary     = (empty)
2020-03-09 14:21:27 -        ResultsSummaryLen  = 3200
2020-03-09 14:21:27 -        pProgCallbackFunc  = (null)
2020-03-09 14:21:28 - Performing Building Database check...
2020-03-09 14:21:28 - Building Database check completed, no problems found.
2020-03-09 14:21:28 - Warning:  The following developer options must be defaulted (not specified by the user) in order to perform a valid compliance analysis:
          Proj 'Mid-Rise Mixed-Use (5-story)' AutoHardSize
          Proj 'Mid-Rise Mixed-Use (5-story)' AutoEffInput
2020-03-09 14:21:29 -    1 file hash check(s) failed on executable and/or analysis support files (analysis continuing w/ report signature disabled)
2020-03-09 14:21:32 - Performing Building Database check...
2020-03-09 14:21:32 - Building Database check completed, no problems found.
2020-03-09 14:21:32 - Warning:  The AirSystem:Count for multi-zone system 'DOAS1' is not consistent with the maximum or minimum ThermalZone:Multiplier of the zones the system serves. This indicates the HVAC system serves more than 1 floor, or that Multipliers or system Count may be improperly defined. Check inputs for consistency. evaluating rule: Set CHECKCODE AirSys:Cnt  (68:'HVACSecondary-General.rule' line 1398)
2020-03-09 14:21:32 - Warning:  The net heating capacity for HeatPump coil 'CoilHtg 2' differs from the system's net cooling capacity by more than 20%. evaluating rule: Set CHECKCODE CoilHtg:CapTotNetRtd  (83:'HVACSecondary-CoilHeating-Capacity.rule' line 765)
2020-03-09 14:21:32 - Warning:  The net heating capacity for HeatPump coil 'CoilHtg 3' differs from the system's net cooling capacity by more than 20%. evaluating rule: Set CHECKCODE CoilHtg:CapTotNetRtd  (83:'HVACSecondary-CoilHeating-Capacity.rule' line 765)
2020-03-09 14:21:32 - Warning:  The net heating capacity for HeatPump coil 'CoilHtg 13' differs from the system's net cooling capacity by more than 20%. evaluating rule: Set CHECKCODE CoilHtg:CapTotNetRtd  (83:'HVACSecondary-CoilHeating-Capacity.rule' line 765)
2020-03-09 14:21:32 - Warning:  The net heating capacity for HeatPump coil 'CoilHtg 15' differs from the system's net cooling capacity by more than 20%. evaluating rule: Set CHECKCODE CoilHtg:CapTotNetRtd  (83:'HVACSecondary-CoilHeating-Capacity.rule' line 765)
2020-03-09 14:21:32 - Warning:  The net heating capacity for HeatPump coil 'CoilHtg 16' differs from the system's net cooling capacity by more than 20%. evaluating rule: Set CHECKCODE CoilHtg:CapTotNetRtd  (83:'HVACSecondary-CoilHeating-Capacity.rule' line 765)
2020-03-09 14:21:32 - Warning:  The net heating capacity for HeatPump coil 'CoilHtg 17' differs from the system's net cooling capacity by more than 20%. evaluating rule: Set CHECKCODE CoilHtg:CapTotNetRtd  (83:'HVACSecondary-CoilHeating-Capacity.rule' line 765)
2020-03-09 14:21:32 - Warning:  The net heating capacity for HeatPump coil 'CoilHtg 20' differs from the system's net cooling capacity by more than 20%. evaluating rule: Set CHECKCODE CoilHtg:CapTotNetRtd  (83:'HVACSecondary-CoilHeating-Capacity.rule' line 765)
2020-03-09 14:21:32 - Warning:  The net heating capacity for HeatPump coil 'CoilHtg 22' differs from the system's net cooling capacity by more than 20%. evaluating rule: Set CHECKCODE CoilHtg:CapTotNetRtd  (83:'HVACSecondary-CoilHeating-Capacity.rule' line 765)
2020-03-09 14:21:32 - Warning:  The net heating capacity for HeatPump coil 'CoilHtg 25' differs from the system's net cooling capacity by more than 20%. evaluating rule: Set CHECKCODE CoilHtg:CapTotNetRtd  (83:'HVACSecondary-CoilHeating-Capacity.rule' line 765)
2020-03-09 14:21:41 -   PerfAnal_NRes - Bypassing OpenStudio (and simulation) for zp model
2020-03-09 14:36:05 -   PerfSim_E+ - Final Result: FAIL  -- compliance margin: -1.65 (-1.42%)
2020-03-09 14:36:10 - Analysis result:  FAIL  (TDV margin: -1.65)  Processing time:  Overall 14:42 / SDD2IDF x4 avg 0:14 / SizSim x2 avg 0:31 / AnnSim x2 avg 5:49 / ReportGen x0 0:00 / Other 0:58
2020-03-09 14:36:10 -       ResultsSummary population:  bAbort = (false) / RuleProcAbort = (false) / iRetVal = 0 / pszResultsSummary = (empty) / iResultsSummaryLen = 3200
2020-03-09 14:36:10 -       ResultsSummary components1:  2020-03-09 14:36:10 / instance / Mid-Rise Mixed-Use (5-story) / CTZ13S22A / Title24Compliance / 14:42 / FAIL / -1.65
2020-03-09 14:36:10 -       ResultsSummary components2:  CBECC-Com 2022.0.1 RV (1113) / BEMCmpMgr 2022.0.1 RV (6107) / CA 2022 Nonresidential, Vers. 1.0 Alpha / 1.11.3.f52686d8e1 / 9.0.1-bb7ca4f0da / CSE19 0.865.0+dhwloop.68861ec.94 EXE / C:\Users\mnakajima\Documents\CBECC-Com 2022 Data\EPW\ / C:\Users\mnakajima\Documents\GitHub\T24-2022-CASE-Modeling\framework\analysis\all-electric\runs\mumr-VRF\cz13\
2020-03-09 14:36:10 -       ResultsSummary:  2020-03-09 14:36:10,"instance","Mid-Rise Mixed-Use (5-story)","CTZ13S22A","Pol  0% RetAdd NoLeak",113100,141000,"Title24Compliance",14:42,FAIL,-1.65,"--","--","Successful (3 severe errors, 354 warnings)",13036.8,169370,57003.5,0,204.029,13154.9,81965,334734,217441,0,149101,34551.8,0,0,735828,2057.93,0,0,0,0,8463.06,0,10521,586.724,0,0,0,11107.7,0,0,0,0,0,0,0,0,0,0,0,0,0,8.35661,53.733,14.5526,0,0.0466204,21.2514,19.5209,117.461,55.5512,0,38.1996,8.45706,0,0,219.669,195.462,24.2073,0,3334,"Thermal Zone: F2-4 Corridor",0,1203.5,"Thermal Zone: F5 Corridor",0,"--","--","Successful (237 warnings)",16.6504,155158,60622.2,0,84.0522,13165.7,81965,311011,217441,0,149101,34551.8,0,0,712105,3893.43,0,0,0,0,8463.06,0,12356.5,586.724,0,0,0,12943.2,0,0,0,0,0,0,0,0,0,0,0,0,0,9.25506,49.4663,16.2927,0,0.0230964,21.2531,19.5209,115.811,55.5512,0,38.1996,8.45706,0,0,218.019,189.447,28.5723,0,0,,0,0,,0,5.14066e-06,61.2487,10.1586,0,0.00594958,2.05686,14.3902,87.8603,38.321,0,25.7371,3.94427,0,0,155.863,2.12288e-06,60.5718,12.9065,0,0.000373475,2.0545,14.3902,89.9234,38.321,0,25.7371,3.94427,0,0,157.926,"CBECC-Com 2022.0.1 RV (1113)","BEMCmpMgr 2022.0.1 RV (6107)","CA 2022 Nonresidential, Vers. 1.0 Alpha","1.11.3.f52686d8e1","9.0.1-bb7ca4f0da","CSE19 0.865.0+dhwloop.68861ec.94 EXE","C:\Users\mnakajima\Documents\CBECC-Com 2022 Data\EPW\","C:\Users\mnakajima\Documents\GitHub\T24-2022-CASE-Modeling\framework\analysis\all-electric\runs\mumr-VRF\cz13\",2.72401,20.3435,8.01947,0,0.0308596,1.67125,9.06089,41.84,32.1279,0,25.58,5.65158,0,0,105.2,0.986747,0,0,0,0,4.05793,0,5.05,0.281326,0,0,0,5.33,0.00332386,17.9325,8.41111,0,0.0178588,1.67744,9.06089,37.1,32.1279,0,25.58,5.65158,0,0,100.46,1.86684,0,0,0,0,4.05792,0,5.93,0.281326,0,0,0,6.21,2.14831,3.38836,1.3357,0,0.00513989,7.24732,1.50916,15.634,5.83428,0,4.26052,0.941311,0,0,26.6701,3.20662,2.98679,1.40093,0,0.00297452,7.24835,1.50916,16.3548,5.83428,0,4.26052,0.941311,0,0,27.3909,

2020-03-09 14:36:15 - -----------------------------------------------------------------------------
2020-03-09 14:36:15 - Opening Project 'cz13\instance.cibd22'...
2020-03-09 14:36:17 -    Model load successful into CBECC-Com 2022.0.1 RV (1113)
2020-03-09 14:36:17 - Performing Building Database check...
2020-03-09 14:36:17 - Building Database check completed, no problems found.
2020-03-09 14:36:24 - Project Saved
2020-03-09 17:33:25 - -----------------------------------------------------------------------------
2020-03-09 17:33:25 - Opening Project 'cz13\instance.cibd22'...
2020-03-09 17:33:27 -    Model load successful into CBECC-Com 2022.0.1 RV (1113)
2020-03-09 17:33:28 - Performing Building Database check...
2020-03-09 17:33:28 - Building Database check completed, no problems found.
2020-03-09 17:33:37 -   PerfAnal_NRes - starting, w/ arguments:
2020-03-09 17:33:37 -        BEMBasePathFile    = (null)
2020-03-09 17:33:37 -        RulesetPathFile    = (null)
2020-03-09 17:33:37 -        SimWeatherPath     = C:\Users\mnakajima\Documents\CBECC-Com 2022 Data\EPW\
2020-03-09 17:33:37 -        CompMgrDLLPath     = (null)
2020-03-09 17:33:37 -        DHWWeatherPath     = (null)
2020-03-09 17:33:37 -        ProcessingPath     = C:\Users\mnakajima\Documents\GitHub\T24-2022-CASE-Modeling\framework\analysis\all-electric\runs\mumr-VRF\cz13\instance - run\
2020-03-09 17:33:37 -        ModelPathFile      = C:\Users\mnakajima\Documents\GitHub\T24-2022-CASE-Modeling\framework\analysis\all-electric\runs\mumr-VRF\cz13\instance.cibd22
2020-03-09 17:33:37 -        LogPathFile        = (null)
2020-03-09 17:33:37 -        UIVersionString    = CBECC-Com 2022.0.1 RV (1113)
2020-03-09 17:33:37 -        LoadModelFile      = false
2020-03-09 17:33:37 -        OptionsCSV         = AllowAnalysisAbort,0,StoreBEMDetails,1,AnalysisThruStep,8,ModelRpt_ALL,1,ExportHourlyResults_All,1,PromptUserUMLHWarning,1,PreAnalysisCheckPromptOption,3,CompReportWarningOption,5,
2020-03-09 17:33:37 -        ErrorMsg           = (assumed to be initialized)
2020-03-09 17:33:37 -        ErrorMsgLen        = 2056
2020-03-09 17:33:37 -        DisplayProgress    = true
2020-03-09 17:33:37 -        ResultsSummary     = (empty)
2020-03-09 17:33:37 -        ResultsSummaryLen  = 3200
2020-03-09 17:33:37 -        pProgCallbackFunc  = (null)
2020-03-09 17:33:38 - Performing Building Database check...
2020-03-09 17:33:38 - Building Database check completed, no problems found.
2020-03-09 17:33:38 - Warning:  The following developer options must be defaulted (not specified by the user) in order to perform a valid compliance analysis:
          Proj 'Mid-Rise Mixed-Use (5-story)' AutoHardSize
          Proj 'Mid-Rise Mixed-Use (5-story)' AutoEffInput
2020-03-09 17:33:39 -    1 file hash check(s) failed on executable and/or analysis support files (analysis continuing w/ report signature disabled)
2020-03-09 17:33:42 - Performing Building Database check...
2020-03-09 17:33:42 - Building Database check completed, no problems found.
2020-03-09 17:33:43 - Warning:  The AirSystem:Count for multi-zone system 'DOAS1' is not consistent with the maximum or minimum ThermalZone:Multiplier of the zones the system serves. This indicates the HVAC system serves more than 1 floor, or that Multipliers or system Count may be improperly defined. Check inputs for consistency. evaluating rule: Set CHECKCODE AirSys:Cnt  (68:'HVACSecondary-General.rule' line 1398)
2020-03-09 17:33:43 - Warning:  The net heating capacity for HeatPump coil 'DOAS1 CoilHtg' differs from the system's net cooling capacity by more than 15%. evaluating rule: Set CHECKCODE CoilHtg:CapTotNetRtd  (83:'HVACSecondary-CoilHeating-Capacity.rule' line 701)
2020-03-09 17:33:43 - Warning:  The net heating capacity for HeatPump coil 'CoilHtg 2' differs from the system's net cooling capacity by more than 20%. evaluating rule: Set CHECKCODE CoilHtg:CapTotNetRtd  (83:'HVACSecondary-CoilHeating-Capacity.rule' line 765)
2020-03-09 17:33:43 - Warning:  The net heating capacity for HeatPump coil 'CoilHtg 3' differs from the system's net cooling capacity by more than 20%. evaluating rule: Set CHECKCODE CoilHtg:CapTotNetRtd  (83:'HVACSecondary-CoilHeating-Capacity.rule' line 765)
2020-03-09 17:33:43 - Warning:  The net heating capacity for HeatPump coil 'CoilHtg 13' differs from the system's net cooling capacity by more than 20%. evaluating rule: Set CHECKCODE CoilHtg:CapTotNetRtd  (83:'HVACSecondary-CoilHeating-Capacity.rule' line 765)
2020-03-09 17:33:43 - Warning:  The net heating capacity for HeatPump coil 'CoilHtg 15' differs from the system's net cooling capacity by more than 20%. evaluating rule: Set CHECKCODE CoilHtg:CapTotNetRtd  (83:'HVACSecondary-CoilHeating-Capacity.rule' line 765)
2020-03-09 17:33:43 - Warning:  The net heating capacity for HeatPump coil 'CoilHtg 16' differs from the system's net cooling capacity by more than 20%. evaluating rule: Set CHECKCODE CoilHtg:CapTotNetRtd  (83:'HVACSecondary-CoilHeating-Capacity.rule' line 765)
2020-03-09 17:33:43 - Warning:  The net heating capacity for HeatPump coil 'CoilHtg 17' differs from the system's net cooling capacity by more than 20%. evaluating rule: Set CHECKCODE CoilHtg:CapTotNetRtd  (83:'HVACSecondary-CoilHeating-Capacity.rule' line 765)
2020-03-09 17:33:43 - Warning:  The net heating capacity for HeatPump coil 'CoilHtg 20' differs from the system's net cooling capacity by more than 20%. evaluating rule: Set CHECKCODE CoilHtg:CapTotNetRtd  (83:'HVACSecondary-CoilHeating-Capacity.rule' line 765)
2020-03-09 17:33:43 - Warning:  The net heating capacity for HeatPump coil 'CoilHtg 22' differs from the system's net cooling capacity by more than 20%. evaluating rule: Set CHECKCODE CoilHtg:CapTotNetRtd  (83:'HVACSecondary-CoilHeating-Capacity.rule' line 765)
2020-03-09 17:33:43 - Warning:  The net heating capacity for HeatPump coil 'CoilHtg 25' differs from the system's net cooling capacity by more than 20%. evaluating rule: Set CHECKCODE CoilHtg:CapTotNetRtd  (83:'HVACSecondary-CoilHeating-Capacity.rule' line 765)
2020-03-09 17:33:53 -   PerfAnal_NRes - Bypassing OpenStudio (and simulation) for zp model
2020-03-09 17:50:00 -   PerfSim_E+ - Final Result: FAIL  -- compliance margin: -2.03 (-1.75%)
2020-03-09 17:50:05 - Analysis result:  FAIL  (TDV margin: -2.03)  Processing time:  Overall 16:27 / SDD2IDF x4 avg 0:17 / SizSim x2 avg 0:32 / AnnSim x2 avg 6:31 / ReportGen x0 0:00 / Other 1:03
2020-03-09 17:50:05 -       ResultsSummary population:  bAbort = (false) / RuleProcAbort = (false) / iRetVal = 0 / pszResultsSummary = (empty) / iResultsSummaryLen = 3200
2020-03-09 17:50:05 -       ResultsSummary components1:  2020-03-09 17:50:05 / instance / Mid-Rise Mixed-Use (5-story) / CTZ13S22A / Title24Compliance / 16:27 / FAIL / -2.03
2020-03-09 17:50:05 -       ResultsSummary components2:  CBECC-Com 2022.0.1 RV (1113) / BEMCmpMgr 2022.0.1 RV (6107) / CA 2022 Nonresidential, Vers. 1.0 Alpha / 1.11.3.f52686d8e1 / 9.0.1-bb7ca4f0da / CSE19 0.865.0+dhwloop.68861ec.94 EXE / C:\Users\mnakajima\Documents\CBECC-Com 2022 Data\EPW\ / C:\Users\mnakajima\Documents\GitHub\T24-2022-CASE-Modeling\framework\analysis\all-electric\runs\mumr-VRF\cz13\
2020-03-09 17:50:05 -       ResultsSummary:  2020-03-09 17:50:05,"instance","Mid-Rise Mixed-Use (5-story)","CTZ13S22A","Pol  0% RetAdd NoLeak",113100,141000,"Title24Compliance",16:27,FAIL,-2.03,"--","--","Successful (11 severe errors, 354 warnings)",14313.5,169558,56912.2,0,204.235,13154.9,81965,336107,217441,0,149101,34551.8,0,0,737201,2058.65,0,0,0,0,8463.06,0,10521.7,586.724,0,0,0,11108.4,0,0,0,0,0,0,0,0,0,0,0,0,0,8.69795,53.7897,14.5279,0,0.0466703,21.2514,19.5209,117.834,55.5512,0,38.1996,8.45706,0,0,220.042,195.833,24.209,0,3354.75,"Thermal Zone: F2-4 Corridor",0,1061.25,"Thermal Zone: F5 Corridor",0,"--","--","Successful (237 warnings)",16.6504,155158,60622.2,0,84.0522,13165.7,81965,311011,217441,0,149101,34551.8,0,0,712105,3893.43,0,0,0,0,8463.06,0,12356.5,586.724,0,0,0,12943.2,0,0,0,0,0,0,0,0,0,0,0,0,0,9.25506,49.4663,16.2927,0,0.0230964,21.2531,19.5209,115.811,55.5512,0,38.1996,8.45706,0,0,218.019,189.447,28.5723,0,0,,0,0,,0,5.14066e-06,61.3014,10.1586,0,0.00594958,2.05686,14.3902,87.9129,38.321,0,25.7371,3.94427,0,0,155.915,2.12288e-06,60.5718,12.9065,0,0.000373475,2.0545,14.3902,89.9234,38.321,0,25.7371,3.94427,0,0,157.926,"CBECC-Com 2022.0.1 RV (1113)","BEMCmpMgr 2022.0.1 RV (6107)","CA 2022 Nonresidential, Vers. 1.0 Alpha","1.11.3.f52686d8e1","9.0.1-bb7ca4f0da","CSE19 0.865.0+dhwloop.68861ec.94 EXE","C:\Users\mnakajima\Documents\CBECC-Com 2022 Data\EPW\","C:\Users\mnakajima\Documents\GitHub\T24-2022-CASE-Modeling\framework\analysis\all-electric\runs\mumr-VRF\cz13\",3.02694,20.3652,7.99357,0,0.0309139,1.67125,9.06089,42.15,32.1279,0,25.58,5.65158,0,0,105.51,0.987095,0,0,0,0,4.05792,0,5.05,0.281326,0,0,0,5.33,0.00332386,17.9325,8.41111,0,0.0178588,1.67744,9.06089,37.1,32.1279,0,25.58,5.65158,0,0,100.46,1.86684,0,0,0,0,4.05792,0,5.93,0.281326,0,0,0,6.21,2.19937,3.39197,1.33139,0,0.00514892,7.24732,1.50916,15.6844,5.83428,0,4.26052,0.941311,0,0,26.7205,3.20662,2.98679,1.40093,0,0.00297452,7.24835,1.50916,16.3548,5.83428,0,4.26052,0.941311,0,0,27.3909,

2020-03-09 17:50:09 - -----------------------------------------------------------------------------
2020-03-09 17:50:09 - Opening Project 'cz13\instance.cibd22'...
2020-03-09 17:50:11 -    Model load successful into CBECC-Com 2022.0.1 RV (1113)
2020-03-09 17:50:11 - Performing Building Database check...
2020-03-09 17:50:11 - Building Database check completed, no problems found.
2020-03-09 17:50:17 - Project Saved
