---------------
E(787): Info: C:\USERS\MNAKAJIMA\DOCUMENTS\GITHUB\T24-2022-CASE-MODELING\FRAMEWORK\ANALYSIS\HPTE\RUNS\LRLC-WINF-PROPU\CZ06\INSTANCE - COMP22\INSTANCE - SMF.CSE(787): Info: 
  DHWSys 'dhwsys-DHWGas': 
    'wsTSetpoint' is ignored -- no setpoint-aware DHWHEATERs in this DHWSYS.
---------------
Warning at hour/subhour 25/20 on autoSizing 01-Oct iteration 30:
  AutoSize pass 1A has not converged.  Abandoning after 30 iterations.
---------------
Warning: Zone 'Zone1-zn': Unmet cooling loads during 45 hours of run.
---------------
Warning: Zone 'Zone2-zn': Unmet cooling loads during 193 hours of run.
---------------
Warning: Zone 'Zone3-zn': Unmet cooling loads during 142 hours of run.
---------------
Warning: Zone 'Corridor1-zn': Condensation occurred in 824 subhours of run.
    Total condensation heat = 26.8683 kBtu.
---------------
Warning: Zone 'Corridor1-zn': Unmet cooling loads during 154 hours of run.
---------------
Warning: 
  Zone 'BusinessCenter1-zn': Condensation occurred in 3837 subhours of run.
    Total condensation heat = 118.094 kBtu.
---------------
Warning: 
  Zone 'BusinessCenter1-zn': Unmet cooling loads during 609 hours of run.
---------------
Warning: 
  Zone 'FitnessCenter1-zn': Condensation occurred in 45174 subhours of run.
    Total condensation heat = 2826.01 kBtu.
---------------
Warning: 
  Zone 'FitnessCenter1-zn': Unmet cooling loads during 357 hours of run.
---------------
Warning: Zone 'Laundry1-zn': Unmet cooling loads during 6 hours of run.
---------------
Warning: Zone 'LeasingOffice1-zn': Unmet cooling loads during 72 hours of run.
---------------
Warning: Zone 'Lobby1-zn': Condensation occurred in 16898 subhours of run.
    Total condensation heat = 1525.92 kBtu.
---------------
Warning: Zone 'Lobby1-zn': Unmet cooling loads during 246 hours of run.
---------------
Warning: 
  Zone 'MechanicalRoom1-zn': Unmet heating loads during 51 hours of run.
---------------
Warning: 
  Zone 'MechanicalRoom1-zn': Unmet cooling loads during 2922 hours of run.
---------------
Warning: Zone 'Stairs1-zn': Condensation occurred in 30 subhours of run.
    Total condensation heat = 0.0751028 kBtu.
---------------
Warning: Zone 'Stairs1-zn': Unmet cooling loads during 6 hours of run.
---------------
Warning: Zone 'Corridor2-zn': Condensation occurred in 673 subhours of run.
    Total condensation heat = 27.6998 kBtu.
---------------
Warning: Zone 'Corridor2-zn': Unmet cooling loads during 544 hours of run.
---------------
Warning: Zone 'Corridor3-zn': Condensation occurred in 670 subhours of run.
    Total condensation heat = 32.8084 kBtu.
---------------
Warning: Zone 'Corridor3-zn': Unmet cooling loads during 423 hours of run.
---------------
Warning: Zone 'Stairs2-zn': Unmet cooling loads during 7 hours of run.
---------------
Warning: Zone 'Stairs3-zn': Unmet cooling loads during 7 hours of run.
---------------
Warning: Zone 'Attic-atc': Condensation occurred in 3795 subhours of run.
    Total condensation heat = 483.222 kBtu.
---------------
