2021-01-29 10:52:05 - -----------------------------------------------------------------------------
2021-01-29 10:52:05 - Opening Project 'cz06\instance.cibd22'...
2021-01-29 10:52:06 -    Model load successful into CBECC-Com 2022.0.1 RV (1113)
2021-01-29 10:52:07 - Performing Building Database check...
2021-01-29 10:52:07 - Building Database check completed, no problems found.
2021-01-29 10:52:10 -   PerfAnal_NRes - starting, w/ arguments:
2021-01-29 10:52:10 -        BEMBasePathFile    = (null)
2021-01-29 10:52:10 -        RulesetPathFile    = (null)
2021-01-29 10:52:10 -        SimWeatherPath     = C:\Documents\CBECC-Com 2022 Data\EPW\
2021-01-29 10:52:10 -        CompMgrDLLPath     = (null)
2021-01-29 10:52:10 -        DHWWeatherPath     = (null)
2021-01-29 10:52:10 -        ProcessingPath     = C:\GitHub\CALGreen-analysis\framework\analysis\hr\runs\hr-tier1\cz06\instance - run\
2021-01-29 10:52:10 -        ModelPathFile      = C:\GitHub\CALGreen-analysis\framework\analysis\hr\runs\hr-tier1\cz06\instance.cibd22
2021-01-29 10:52:10 -        LogPathFile        = (null)
2021-01-29 10:52:10 -        UIVersionString    = CBECC-Com 2022.0.1 RV (1113)
2021-01-29 10:52:10 -        LoadModelFile      = false
2021-01-29 10:52:10 -        OptionsCSV         = AllowAnalysisAbort,0,AnalysisThruStep,8,ModelRpt_ALL,1,SimulationStorage,0,AnalysisStorage,0,ExportHourlyResults_All,1,PromptUserUMLHWarning,1,PreAnalysisCheckPromptOption,3,CompReportWarningOption,5,
2021-01-29 10:52:10 -        ErrorMsg           = (assumed to be initialized)
2021-01-29 10:52:10 -        ErrorMsgLen        = 2056
2021-01-29 10:52:10 -        DisplayProgress    = true
2021-01-29 10:52:10 -        ResultsSummary     = (empty)
2021-01-29 10:52:10 -        ResultsSummaryLen  = 3200
2021-01-29 10:52:10 -        pProgCallbackFunc  = (null)
2021-01-29 10:52:11 - Performing Building Database check...
2021-01-29 10:52:11 - Building Database check completed, no problems found.
2021-01-29 10:52:11 - Warning:  The following developer options must be defaulted (not specified by the user) in order to perform a valid compliance analysis:
          Proj 'High-Rise Mixed-Use (10-story)' DefaultDayltgCtrls
          Proj 'High-Rise Mixed-Use (10-story)' AutoHardSize
          Proj 'High-Rise Mixed-Use (10-story)' AutoEffInput
2021-01-29 10:52:11 -    1 file hash check(s) failed on executable and/or analysis support files (analysis continuing w/ report signature disabled)
2021-01-29 10:52:13 -   PerfAnal_NRes - AnalysisThruStep being set to #7 due to Proj:AnalysisType = Title24ProposedOnly
2021-01-29 10:52:13 - Performing Building Database check...
2021-01-29 10:52:13 - Building Database check completed, no problems found.
2021-01-29 10:52:13 - Warning:  The spaces assigned to thermal zone 'Thermal Zone: F1 Lounge' have cooling unmet load hour limits ranging from 150 to 8760. All spaces in the zone will be held to the minimum UMLH limit. evaluating rule: Set CHECKCODE ThrmlZn:ClgUMLHLimit  (60:'ThermalZone-General.rule' line 1738)
2021-01-29 10:52:13 - Warning:  The spaces assigned to thermal zone 'Thermal Zone: F1 Lounge' have heating unmet load hour limits ranging from 150 to 8760. All spaces in the zone will be held to the minimum UMLH limit. evaluating rule: Set CHECKCODE ThrmlZn:HtgUMLHLimit  (60:'ThermalZone-General.rule' line 1765)
2021-01-29 10:52:14 -   PerfAnal_NRes - Bypassing OpenStudio (and simulation) for zp model
2021-01-29 10:52:16 -   PerfAnal_NRes - Bypassing OpenStudio (and simulation) for zb model
2021-01-29 10:56:36 - Error:  Undefined data: numerator evaluating rule: Set ANNUAL_BASELINE Fan:FlowCap  (75:'HVACSecondary-Fan-General.rule' line 494)
2021-01-29 10:56:36 - Error:  Undefined data: numerator evaluating rule: Set ANNUAL_BASELINE Fan:FlowCap  (75:'HVACSecondary-Fan-General.rule' line 494)
2021-01-29 10:56:36 - Error:  Undefined data: numerator evaluating rule: Set ANNUAL_BASELINE Fan:FlowCap  (75:'HVACSecondary-Fan-General.rule' line 494)
2021-01-29 10:56:36 - Error:  Undefined data: numerator evaluating rule: Set ANNUAL_BASELINE Fan:FlowCap  (75:'HVACSecondary-Fan-General.rule' line 529)
2021-01-29 10:56:36 - Error:  Undefined data: numerator evaluating rule: Set ANNUAL_BASELINE Fan:FlowCap  (75:'HVACSecondary-Fan-General.rule' line 529)
2021-01-29 10:56:36 - Error:  Undefined data: numerator evaluating rule: Set ANNUAL_BASELINE Fan:FlowCap  (75:'HVACSecondary-Fan-General.rule' line 529)
2021-01-29 10:56:36 - Error:  Undefined data: numerator evaluating rule: Set ANNUAL_BASELINE Fan:FlowCap  (75:'HVACSecondary-Fan-General.rule' line 529)
2021-01-29 10:56:36 - Error:  Undefined data: numerator evaluating rule: Set ANNUAL_BASELINE Fan:FlowCap  (75:'HVACSecondary-Fan-General.rule' line 529)
2021-01-29 10:56:36 - Error:  Undefined data: numerator evaluating rule: Set ANNUAL_BASELINE Fan:FlowCap  (75:'HVACSecondary-Fan-General.rule' line 529)
2021-01-29 10:56:36 - Error:  Undefined data: numerator evaluating rule: Set ANNUAL_BASELINE Fan:FlowCap  (75:'HVACSecondary-Fan-General.rule' line 529)
2021-01-29 10:56:36 - Error:  Undefined data: numerator evaluating rule: Set ANNUAL_BASELINE Fan:FlowCap  (75:'HVACSecondary-Fan-General.rule' line 529)
2021-01-29 10:56:36 - Error:  Undefined data: numerator evaluating rule: Set ANNUAL_BASELINE Fan:FlowCap  (75:'HVACSecondary-Fan-General.rule' line 529)
2021-01-29 10:56:36 - Error:  Undefined data: numerator evaluating rule: Set ANNUAL_BASELINE Fan:FlowCap  (75:'HVACSecondary-Fan-General.rule' line 529)
2021-01-29 10:56:36 - Error:  Undefined data: numerator evaluating rule: Set ANNUAL_BASELINE Fan:FlowCap  (75:'HVACSecondary-Fan-General.rule' line 529)
2021-01-29 10:56:36 - Error:  Undefined data: numerator evaluating rule: Set ANNUAL_BASELINE Fan:FlowCap  (75:'HVACSecondary-Fan-General.rule' line 529)
2021-01-29 10:56:36 - Error:  Undefined data: numerator evaluating rule: Set ANNUAL_BASELINE Fan:FlowCap  (75:'HVACSecondary-Fan-General.rule' line 529)
2021-01-29 10:56:36 - Error:  Undefined data: numerator evaluating rule: Set ANNUAL_BASELINE Fan:FlowCap  (75:'HVACSecondary-Fan-General.rule' line 529)
2021-01-29 10:56:36 - Error:  Undefined data: numerator evaluating rule: Set ANNUAL_BASELINE Fan:FlowCap  (75:'HVACSecondary-Fan-General.rule' line 529)
2021-01-29 10:56:36 - Error:  Undefined data: numerator evaluating rule: Set ANNUAL_BASELINE Fan:FlowCap  (75:'HVACSecondary-Fan-General.rule' line 529)
2021-01-29 10:56:36 - Error:  Undefined data: numerator evaluating rule: Set ANNUAL_BASELINE Fan:FlowCap  (75:'HVACSecondary-Fan-General.rule' line 529)
2021-01-29 10:56:36 - Error:  Undefined data: numerator evaluating rule: Set ANNUAL_BASELINE Fan:FlowCap  (75:'HVACSecondary-Fan-General.rule' line 529)
2021-01-29 10:56:36 - Error:  Division by zero evaluating rule: Set ANNUAL_BASELINE ThrmlZn:PriAirCondgSysDsgnFlow  (76:'HVACSecondary-Fan-FanRatios.rule' line 67)
2021-01-29 10:56:36 - Error:  Division by zero evaluating rule: Set ANNUAL_BASELINE ThrmlZn:PriAirCondgSysDsgnFlow  (76:'HVACSecondary-Fan-FanRatios.rule' line 67)
2021-01-29 10:56:36 - Error:  Division by zero evaluating rule: Set ANNUAL_BASELINE ThrmlZn:PriAirCondgSysDsgnFlow  (76:'HVACSecondary-Fan-FanRatios.rule' line 67)
2021-01-29 10:56:36 - Error:  Division by zero evaluating rule: Set ANNUAL_BASELINE ThrmlZn:PriAirCondgSysDsgnFlow  (76:'HVACSecondary-Fan-FanRatios.rule' line 67)
2021-01-29 10:56:36 - Error:  Division by zero evaluating rule: Set ANNUAL_BASELINE ThrmlZn:PriAirCondgSysDsgnFlow  (76:'HVACSecondary-Fan-FanRatios.rule' line 67)
2021-01-29 10:56:36 - Error:  Division by zero evaluating rule: Set ANNUAL_BASELINE ThrmlZn:PriAirCondgSysDsgnFlow  (76:'HVACSecondary-Fan-FanRatios.rule' line 67)
2021-01-29 10:56:36 - Error:  Division by zero evaluating rule: Set ANNUAL_BASELINE ThrmlZn:PriAirCondgSysDsgnFlow  (76:'HVACSecondary-Fan-FanRatios.rule' line 67)
2021-01-29 10:56:36 - Error:  Division by zero evaluating rule: Set ANNUAL_BASELINE ThrmlZn:PriAirCondgSysDsgnFlow  (76:'HVACSecondary-Fan-FanRatios.rule' line 67)
2021-01-29 10:56:36 - Error:  Division by zero evaluating rule: Set ANNUAL_BASELINE ThrmlZn:PriAirCondgSysDsgnFlow  (76:'HVACSecondary-Fan-FanRatios.rule' line 67)
2021-01-29 10:56:36 - Error:  Division by zero evaluating rule: Set ANNUAL_BASELINE ThrmlZn:PriAirCondgSysDsgnFlow  (76:'HVACSecondary-Fan-FanRatios.rule' line 67)
2021-01-29 10:56:36 - Error:  Division by zero evaluating rule: Set ANNUAL_BASELINE ThrmlZn:PriAirCondgSysDsgnFlow  (76:'HVACSecondary-Fan-FanRatios.rule' line 67)
2021-01-29 10:56:36 - Error:  Division by zero evaluating rule: Set ANNUAL_BASELINE ThrmlZn:PriAirCondgSysDsgnFlow  (76:'HVACSecondary-Fan-FanRatios.rule' line 67)
2021-01-29 10:56:36 - Error:  Division by zero evaluating rule: Set ANNUAL_BASELINE ThrmlZn:VentSysDsgnFlow  (76:'HVACSecondary-Fan-FanRatios.rule' line 111)
2021-01-29 10:56:36 - Error:  Division by zero evaluating rule: Set ANNUAL_BASELINE ThrmlZn:VentSysDsgnFlow  (76:'HVACSecondary-Fan-FanRatios.rule' line 111)
2021-01-29 10:56:36 - Error:  Division by zero evaluating rule: Set ANNUAL_BASELINE ThrmlZn:VentSysDsgnFlow  (76:'HVACSecondary-Fan-FanRatios.rule' line 111)
2021-01-29 10:56:36 - Error:  Division by zero evaluating rule: Set ANNUAL_BASELINE ThrmlZn:VentSysDsgnFlow  (76:'HVACSecondary-Fan-FanRatios.rule' line 111)
2021-01-29 10:56:36 - Error:  Division by zero evaluating rule: Set ANNUAL_BASELINE ThrmlZn:VentSysDsgnFlow  (76:'HVACSecondary-Fan-FanRatios.rule' line 111)
2021-01-29 10:56:36 - Error:  Division by zero evaluating rule: Set ANNUAL_BASELINE ThrmlZn:VentSysDsgnFlow  (76:'HVACSecondary-Fan-FanRatios.rule' line 111)
2021-01-29 10:56:36 - Error:  Division by zero evaluating rule: Set ANNUAL_BASELINE ThrmlZn:VentSysDsgnFlow  (76:'HVACSecondary-Fan-FanRatios.rule' line 111)
2021-01-29 10:56:36 - Error:  Division by zero evaluating rule: Set ANNUAL_BASELINE ThrmlZn:VentSysDsgnFlow  (76:'HVACSecondary-Fan-FanRatios.rule' line 111)
2021-01-29 10:56:36 - Error:  Division by zero evaluating rule: Set ANNUAL_BASELINE ThrmlZn:VentSysDsgnFlow  (76:'HVACSecondary-Fan-FanRatios.rule' line 111)
2021-01-29 10:56:36 - Error:  Division by zero evaluating rule: Set ANNUAL_BASELINE ThrmlZn:VentSysDsgnFlow  (76:'HVACSecondary-Fan-FanRatios.rule' line 111)
2021-01-29 10:56:36 - Error:  Division by zero evaluating rule: Set ANNUAL_BASELINE ThrmlZn:VentSysDsgnFlow  (76:'HVACSecondary-Fan-FanRatios.rule' line 111)
2021-01-29 10:56:36 - Error:  Division by zero evaluating rule: Set ANNUAL_BASELINE ThrmlZn:VentSysDsgnFlow  (76:'HVACSecondary-Fan-FanRatios.rule' line 111)
2021-01-29 10:56:37 -   PerfAnal_NRes - Bypassing OpenStudio (and simulation) for ab model
2021-01-29 10:56:37 -   PerfAnal_NRes - Completed analysis steps thru #7
2021-01-29 10:56:37 - Analysis incomplete  Processing time:  Overall 4:26 / SDD2IDF x2 avg 0:05 / SizSim x0 0:00 / AnnSim x2 avg 1:57 / ReportGen x0 0:00 / Other 0:17
2021-01-29 10:56:37 -       ResultsSummary population:  bAbort = (false) / RuleProcAbort = (false) / iRetVal = 0 / pszResultsSummary = (empty) / iResultsSummaryLen = 3200
2021-01-29 10:56:37 -       ResultsSummary components1:  2021-01-29 10:56:37 / instance / High-Rise Mixed-Use (10-story) / CTZ06S22A / Title24ProposedOnly / 4:26 /  / 
2021-01-29 10:56:37 -       ResultsSummary components2:  CBECC-Com 2022.0.1 RV (1113) / BEMCmpMgr 2022.0.1 RV (6107) / CA 2022 Nonresidential, Vers. 1.0 Alpha /  /  / - / C:\Documents\CBECC-Com 2022 Data\EPW\ / C:\GitHub\CALGreen-analysis\framework\analysis\hr\runs\hr-tier1\cz06\
2021-01-29 10:56:37 -       ResultsSummary:  2021-01-29 10:56:37,"instance","High-Rise Mixed-Use (10-story)","CTZ06S22A","Pol  0% RetAdd NoLeak",125400,150480,"Title24ProposedOnly",4:26,,,"--","--","Successful (259 warnings)",3418.34,62794.9,63769.2,251.741,5681.38,1088.9,52158.2,189163,274496,19205.8,47456.3,6890.07,0,0,537211,485.686,0,0,0,0,8538.46,0,9024.14,1576.89,2595.88,0,0,13196.9,0,0,0,0,0,0,0,0,0,0,0,0,0,1.81995,18.4528,15.4362,0.078955,1.24389,16.6788,11.1988,64.9094,64.924,9.38401,11.2756,1.52614,0,0,152.019,126.585,25.4338,0,11.25,"Thermal Zone: F10 Laundry",0,0,,0,"--","--","",0,0,0,0,0,0,0,0,0,0,0,0,0,0,0,0,0,0,0,0,0,0,0,0,0,0,0,0,0,0,0,0,0,0,0,0,0,0,0,0,0,0,0,0,0,0,0,0,0,0,0,0,0,0,0,0,0,0,0,,,,,,,3.63658e-05,26.8731,13.7136,0.0919163,1.3338,0.124303,9.01811,51.1549,43.2848,2.98676,9.36022,0.786538,0,0,107.573,0,0,0,0,0,0,0,0,0,0,0,0,0,0,0,"CBECC-Com 2022.0.1 RV (1113)","BEMCmpMgr 2022.0.1 RV (6107)","CA 2022 Nonresidential, Vers. 1.0 Alpha","","","-","C:\Documents\CBECC-Com 2022 Data\EPW\","C:\GitHub\CALGreen-analysis\framework\analysis\hr\runs\hr-tier1\cz06\",0.790132,7.8964,9.38037,0.021187,0.578654,0.179198,5.73113,24.58,42.8116,3.31511,8.5377,1.13389,0,0,80.38,0.23288,0,0,0,0,4.09408,0,4.32,0.756098,1.24469,0,0,6.32,0,0,0,0,0,0,0,0,0,0,0,0,0,0,0,0,0,0,0,0,0,0,0,0,0,0,0,0,0.474334,1.1862,1.40912,0.00318275,0.0869256,6.27914,0.860932,10.2998,7.58583,2.39881,1.28253,0.170333,0,0,21.7373,0,0,0,0,0,0,0,0,0,0,0,0,0,0,0,

2021-01-29 10:56:41 - -----------------------------------------------------------------------------
2021-01-29 10:56:41 - Opening Project 'cz06\instance.cibd22'...
2021-01-29 10:56:42 -    Model load successful into CBECC-Com 2022.0.1 RV (1113)
2021-01-29 10:56:42 - Performing Building Database check...
2021-01-29 10:56:42 - Building Database check completed, no problems found.
2021-01-29 10:56:45 - Error writing enumeration property for Mat 'MetalFrameWall16inOC R21.00', property CavityInsOpt (previously 'R-21' (?))
2021-01-29 10:56:45 - Project Saved
