---------------
Warning at hour/subhour 25/20 on autoSizing 27-Jun iteration 30:
  AutoSize pass 1A has not converged.  Abandoning after 30 iterations.
---------------
Warning: Zone 'Zone1-zn': Condensation occurred in 51 subhours of run.
    Total condensation heat = 12.7313 kBtu.
---------------
Warning: Zone 'Zone2-zn': Condensation occurred in 13 subhours of run.
    Total condensation heat = 3.34377 kBtu.
---------------
Warning: Zone 'Zone2-zn': Unmet cooling loads during 10 hours of run.
---------------
Warning: Zone 'Zone3-zn': Condensation occurred in 12 subhours of run.
    Total condensation heat = 3.26414 kBtu.
---------------
Warning: Zone 'Zone3-zn': Unmet cooling loads during 33 hours of run.
---------------
Warning: Zone 'Corridor1-zn': Condensation occurred in 104 subhours of run.
    Total condensation heat = 2.08674 kBtu.
---------------
Warning: 
  Zone 'FitnessCenter1-zn': Condensation occurred in 396 subhours of run.
    Total condensation heat = 16.031 kBtu.
---------------
Warning: Zone 'Lobby1-zn': Condensation occurred in 139 subhours of run.
    Total condensation heat = 3.46303 kBtu.
---------------
Warning: 
  Zone 'MechanicalRoom1-zn': Unmet heating loads during 1471 hours of run.
---------------
Warning: 
  Zone 'MechanicalRoom1-zn': Unmet cooling loads during 269 hours of run.
---------------
Warning: Zone 'Stairs1-zn': Condensation occurred in 125 subhours of run.
    Total condensation heat = 0.541007 kBtu.
---------------
Warning: Zone 'Corridor2-zn': Condensation occurred in 18 subhours of run.
    Total condensation heat = 0.444974 kBtu.
---------------
Warning: Zone 'Corridor3-zn': Condensation occurred in 17 subhours of run.
    Total condensation heat = 0.373467 kBtu.
---------------
Warning: Zone 'Stairs2-zn': Condensation occurred in 70 subhours of run.
    Total condensation heat = 0.137673 kBtu.
---------------
Warning: Zone 'Stairs3-zn': Condensation occurred in 78 subhours of run.
    Total condensation heat = 0.156991 kBtu.
---------------
Warning: Zone 'Attic-atc': Condensation occurred in 7756 subhours of run.
    Total condensation heat = 864.574 kBtu.
---------------
