2021-01-27 16:18:36 - -----------------------------------------------------------------------------
2021-01-27 16:18:36 - Opening Project 'cz09\instance.cibd22'...
2021-01-27 16:18:36 -    Model load successful into CBECC-Com 2022.0.1 RV (1113)
2021-01-27 16:18:37 - Performing Building Database check...
2021-01-27 16:18:37 - Building Database check completed, no problems found.
2021-01-27 16:18:40 -   PerfAnal_NRes - starting, w/ arguments:
2021-01-27 16:18:40 -        BEMBasePathFile    = (null)
2021-01-27 16:18:40 -        RulesetPathFile    = (null)
2021-01-27 16:18:40 -        SimWeatherPath     = C:\Documents\CBECC-Com 2022 Data\EPW\
2021-01-27 16:18:40 -        CompMgrDLLPath     = (null)
2021-01-27 16:18:40 -        DHWWeatherPath     = (null)
2021-01-27 16:18:40 -        ProcessingPath     = C:\GitHub\CALGreen-analysis\framework\analysis\hr\runs\hr-base22\cz09\instance - run\
2021-01-27 16:18:40 -        ModelPathFile      = C:\GitHub\CALGreen-analysis\framework\analysis\hr\runs\hr-base22\cz09\instance.cibd22
2021-01-27 16:18:40 -        LogPathFile        = (null)
2021-01-27 16:18:40 -        UIVersionString    = CBECC-Com 2022.0.1 RV (1113)
2021-01-27 16:18:40 -        LoadModelFile      = false
2021-01-27 16:18:40 -        OptionsCSV         = AllowAnalysisAbort,0,AnalysisThruStep,8,ModelRpt_ALL,1,SimulationStorage,0,AnalysisStorage,0,ExportHourlyResults_All,1,PromptUserUMLHWarning,1,PreAnalysisCheckPromptOption,3,CompReportWarningOption,5,
2021-01-27 16:18:40 -        ErrorMsg           = (assumed to be initialized)
2021-01-27 16:18:40 -        ErrorMsgLen        = 2056
2021-01-27 16:18:40 -        DisplayProgress    = true
2021-01-27 16:18:40 -        ResultsSummary     = (empty)
2021-01-27 16:18:40 -        ResultsSummaryLen  = 3200
2021-01-27 16:18:40 -        pProgCallbackFunc  = (null)
2021-01-27 16:18:40 - Performing Building Database check...
2021-01-27 16:18:40 - Building Database check completed, no problems found.
2021-01-27 16:18:40 - Warning:  The following developer options must be defaulted (not specified by the user) in order to perform a valid compliance analysis:
          Proj 'High-Rise Mixed-Use (10-story)' DefaultDayltgCtrls
          Proj 'High-Rise Mixed-Use (10-story)' AutoHardSize
          Proj 'High-Rise Mixed-Use (10-story)' AutoEffInput
2021-01-27 16:18:41 -    1 file hash check(s) failed on executable and/or analysis support files (analysis continuing w/ report signature disabled)
2021-01-27 16:18:42 -   PerfAnal_NRes - AnalysisThruStep being set to #7 due to Proj:AnalysisType = Title24ProposedOnly
2021-01-27 16:18:42 - Performing Building Database check...
2021-01-27 16:18:42 - Building Database check completed, no problems found.
2021-01-27 16:18:42 - Warning:  The spaces assigned to thermal zone 'Thermal Zone: F1 Lounge' have cooling unmet load hour limits ranging from 150 to 8760. All spaces in the zone will be held to the minimum UMLH limit. evaluating rule: Set CHECKCODE ThrmlZn:ClgUMLHLimit  (60:'ThermalZone-General.rule' line 1738)
2021-01-27 16:18:42 - Warning:  The spaces assigned to thermal zone 'Thermal Zone: F1 Lounge' have heating unmet load hour limits ranging from 150 to 8760. All spaces in the zone will be held to the minimum UMLH limit. evaluating rule: Set CHECKCODE ThrmlZn:HtgUMLHLimit  (60:'ThermalZone-General.rule' line 1765)
2021-01-27 16:18:44 -   PerfAnal_NRes - Bypassing OpenStudio (and simulation) for zp model
2021-01-27 16:18:45 -   PerfAnal_NRes - Bypassing OpenStudio (and simulation) for zb model
2021-01-27 16:24:55 - Error:  Undefined data: numerator evaluating rule: Set ANNUAL_BASELINE Fan:FlowCap  (75:'HVACSecondary-Fan-General.rule' line 494)
2021-01-27 16:24:55 - Error:  Undefined data: numerator evaluating rule: Set ANNUAL_BASELINE Fan:FlowCap  (75:'HVACSecondary-Fan-General.rule' line 494)
2021-01-27 16:24:55 - Error:  Undefined data: numerator evaluating rule: Set ANNUAL_BASELINE Fan:FlowCap  (75:'HVACSecondary-Fan-General.rule' line 494)
2021-01-27 16:24:55 - Error:  Undefined data: numerator evaluating rule: Set ANNUAL_BASELINE Fan:FlowCap  (75:'HVACSecondary-Fan-General.rule' line 529)
2021-01-27 16:24:55 - Error:  Undefined data: numerator evaluating rule: Set ANNUAL_BASELINE Fan:FlowCap  (75:'HVACSecondary-Fan-General.rule' line 529)
2021-01-27 16:24:55 - Error:  Undefined data: numerator evaluating rule: Set ANNUAL_BASELINE Fan:FlowCap  (75:'HVACSecondary-Fan-General.rule' line 529)
2021-01-27 16:24:55 - Error:  Undefined data: numerator evaluating rule: Set ANNUAL_BASELINE Fan:FlowCap  (75:'HVACSecondary-Fan-General.rule' line 529)
2021-01-27 16:24:55 - Error:  Undefined data: numerator evaluating rule: Set ANNUAL_BASELINE Fan:FlowCap  (75:'HVACSecondary-Fan-General.rule' line 529)
2021-01-27 16:24:55 - Error:  Undefined data: numerator evaluating rule: Set ANNUAL_BASELINE Fan:FlowCap  (75:'HVACSecondary-Fan-General.rule' line 529)
2021-01-27 16:24:55 - Error:  Undefined data: numerator evaluating rule: Set ANNUAL_BASELINE Fan:FlowCap  (75:'HVACSecondary-Fan-General.rule' line 529)
2021-01-27 16:24:55 - Error:  Undefined data: numerator evaluating rule: Set ANNUAL_BASELINE Fan:FlowCap  (75:'HVACSecondary-Fan-General.rule' line 529)
2021-01-27 16:24:55 - Error:  Undefined data: numerator evaluating rule: Set ANNUAL_BASELINE Fan:FlowCap  (75:'HVACSecondary-Fan-General.rule' line 529)
2021-01-27 16:24:55 - Error:  Undefined data: numerator evaluating rule: Set ANNUAL_BASELINE Fan:FlowCap  (75:'HVACSecondary-Fan-General.rule' line 529)
2021-01-27 16:24:55 - Error:  Undefined data: numerator evaluating rule: Set ANNUAL_BASELINE Fan:FlowCap  (75:'HVACSecondary-Fan-General.rule' line 529)
2021-01-27 16:24:55 - Error:  Undefined data: numerator evaluating rule: Set ANNUAL_BASELINE Fan:FlowCap  (75:'HVACSecondary-Fan-General.rule' line 529)
2021-01-27 16:24:55 - Error:  Undefined data: numerator evaluating rule: Set ANNUAL_BASELINE Fan:FlowCap  (75:'HVACSecondary-Fan-General.rule' line 529)
2021-01-27 16:24:55 - Error:  Undefined data: numerator evaluating rule: Set ANNUAL_BASELINE Fan:FlowCap  (75:'HVACSecondary-Fan-General.rule' line 529)
2021-01-27 16:24:55 - Error:  Undefined data: numerator evaluating rule: Set ANNUAL_BASELINE Fan:FlowCap  (75:'HVACSecondary-Fan-General.rule' line 529)
2021-01-27 16:24:55 - Error:  Undefined data: numerator evaluating rule: Set ANNUAL_BASELINE Fan:FlowCap  (75:'HVACSecondary-Fan-General.rule' line 529)
2021-01-27 16:24:55 - Error:  Undefined data: numerator evaluating rule: Set ANNUAL_BASELINE Fan:FlowCap  (75:'HVACSecondary-Fan-General.rule' line 529)
2021-01-27 16:24:55 - Error:  Undefined data: numerator evaluating rule: Set ANNUAL_BASELINE Fan:FlowCap  (75:'HVACSecondary-Fan-General.rule' line 529)
2021-01-27 16:24:55 - Error:  Division by zero evaluating rule: Set ANNUAL_BASELINE ThrmlZn:PriAirCondgSysDsgnFlow  (76:'HVACSecondary-Fan-FanRatios.rule' line 67)
2021-01-27 16:24:55 - Error:  Division by zero evaluating rule: Set ANNUAL_BASELINE ThrmlZn:PriAirCondgSysDsgnFlow  (76:'HVACSecondary-Fan-FanRatios.rule' line 67)
2021-01-27 16:24:55 - Error:  Division by zero evaluating rule: Set ANNUAL_BASELINE ThrmlZn:PriAirCondgSysDsgnFlow  (76:'HVACSecondary-Fan-FanRatios.rule' line 67)
2021-01-27 16:24:55 - Error:  Division by zero evaluating rule: Set ANNUAL_BASELINE ThrmlZn:PriAirCondgSysDsgnFlow  (76:'HVACSecondary-Fan-FanRatios.rule' line 67)
2021-01-27 16:24:55 - Error:  Division by zero evaluating rule: Set ANNUAL_BASELINE ThrmlZn:PriAirCondgSysDsgnFlow  (76:'HVACSecondary-Fan-FanRatios.rule' line 67)
2021-01-27 16:24:55 - Error:  Division by zero evaluating rule: Set ANNUAL_BASELINE ThrmlZn:PriAirCondgSysDsgnFlow  (76:'HVACSecondary-Fan-FanRatios.rule' line 67)
2021-01-27 16:24:55 - Error:  Division by zero evaluating rule: Set ANNUAL_BASELINE ThrmlZn:PriAirCondgSysDsgnFlow  (76:'HVACSecondary-Fan-FanRatios.rule' line 67)
2021-01-27 16:24:55 - Error:  Division by zero evaluating rule: Set ANNUAL_BASELINE ThrmlZn:PriAirCondgSysDsgnFlow  (76:'HVACSecondary-Fan-FanRatios.rule' line 67)
2021-01-27 16:24:55 - Error:  Division by zero evaluating rule: Set ANNUAL_BASELINE ThrmlZn:PriAirCondgSysDsgnFlow  (76:'HVACSecondary-Fan-FanRatios.rule' line 67)
2021-01-27 16:24:55 - Error:  Division by zero evaluating rule: Set ANNUAL_BASELINE ThrmlZn:PriAirCondgSysDsgnFlow  (76:'HVACSecondary-Fan-FanRatios.rule' line 67)
2021-01-27 16:24:55 - Error:  Division by zero evaluating rule: Set ANNUAL_BASELINE ThrmlZn:PriAirCondgSysDsgnFlow  (76:'HVACSecondary-Fan-FanRatios.rule' line 67)
2021-01-27 16:24:55 - Error:  Division by zero evaluating rule: Set ANNUAL_BASELINE ThrmlZn:PriAirCondgSysDsgnFlow  (76:'HVACSecondary-Fan-FanRatios.rule' line 67)
2021-01-27 16:24:55 - Error:  Division by zero evaluating rule: Set ANNUAL_BASELINE ThrmlZn:VentSysDsgnFlow  (76:'HVACSecondary-Fan-FanRatios.rule' line 111)
2021-01-27 16:24:55 - Error:  Division by zero evaluating rule: Set ANNUAL_BASELINE ThrmlZn:VentSysDsgnFlow  (76:'HVACSecondary-Fan-FanRatios.rule' line 111)
2021-01-27 16:24:55 - Error:  Division by zero evaluating rule: Set ANNUAL_BASELINE ThrmlZn:VentSysDsgnFlow  (76:'HVACSecondary-Fan-FanRatios.rule' line 111)
2021-01-27 16:24:55 - Error:  Division by zero evaluating rule: Set ANNUAL_BASELINE ThrmlZn:VentSysDsgnFlow  (76:'HVACSecondary-Fan-FanRatios.rule' line 111)
2021-01-27 16:24:55 - Error:  Division by zero evaluating rule: Set ANNUAL_BASELINE ThrmlZn:VentSysDsgnFlow  (76:'HVACSecondary-Fan-FanRatios.rule' line 111)
2021-01-27 16:24:55 - Error:  Division by zero evaluating rule: Set ANNUAL_BASELINE ThrmlZn:VentSysDsgnFlow  (76:'HVACSecondary-Fan-FanRatios.rule' line 111)
2021-01-27 16:24:55 - Error:  Division by zero evaluating rule: Set ANNUAL_BASELINE ThrmlZn:VentSysDsgnFlow  (76:'HVACSecondary-Fan-FanRatios.rule' line 111)
2021-01-27 16:24:55 - Error:  Division by zero evaluating rule: Set ANNUAL_BASELINE ThrmlZn:VentSysDsgnFlow  (76:'HVACSecondary-Fan-FanRatios.rule' line 111)
2021-01-27 16:24:55 - Error:  Division by zero evaluating rule: Set ANNUAL_BASELINE ThrmlZn:VentSysDsgnFlow  (76:'HVACSecondary-Fan-FanRatios.rule' line 111)
2021-01-27 16:24:55 - Error:  Division by zero evaluating rule: Set ANNUAL_BASELINE ThrmlZn:VentSysDsgnFlow  (76:'HVACSecondary-Fan-FanRatios.rule' line 111)
2021-01-27 16:24:55 - Error:  Division by zero evaluating rule: Set ANNUAL_BASELINE ThrmlZn:VentSysDsgnFlow  (76:'HVACSecondary-Fan-FanRatios.rule' line 111)
2021-01-27 16:24:55 - Error:  Division by zero evaluating rule: Set ANNUAL_BASELINE ThrmlZn:VentSysDsgnFlow  (76:'HVACSecondary-Fan-FanRatios.rule' line 111)
2021-01-27 16:24:56 -   PerfAnal_NRes - Bypassing OpenStudio (and simulation) for ab model
2021-01-27 16:24:56 -   PerfAnal_NRes - Completed analysis steps thru #7
2021-01-27 16:24:56 - Analysis incomplete  Processing time:  Overall 6:15 / SDD2IDF x2 avg 0:05 / SizSim x0 0:00 / AnnSim x2 avg 2:53 / ReportGen x0 0:00 / Other 0:15
2021-01-27 16:24:56 -       ResultsSummary population:  bAbort = (false) / RuleProcAbort = (false) / iRetVal = 0 / pszResultsSummary = (empty) / iResultsSummaryLen = 3200
2021-01-27 16:24:56 -       ResultsSummary components1:  2021-01-27 16:24:56 / instance / High-Rise Mixed-Use (10-story) / CTZ09S22A / Title24ProposedOnly / 6:15 /  / 
2021-01-27 16:24:56 -       ResultsSummary components2:  CBECC-Com 2022.0.1 RV (1113) / BEMCmpMgr 2022.0.1 RV (6107) / CA 2022 Nonresidential, Vers. 1.0 Alpha /  /  / - / C:\Documents\CBECC-Com 2022 Data\EPW\ / C:\GitHub\CALGreen-analysis\framework\analysis\hr\runs\hr-base22\cz09\
2021-01-27 16:24:56 -       ResultsSummary:  2021-01-27 16:24:56,"instance","High-Rise Mixed-Use (10-story)","CTZ09S22A","Pol  0% RetAdd NoLeak",125400,150480,"Title24ProposedOnly",6:15,,,"--","--","Successful (259 warnings)",7522.06,94327.2,69581.9,147.46,5404.46,1088.9,52238,230310,274496,19205.8,47456.3,6890.07,0,0,578359,532.483,0,0,0,0,8315.53,0,8848.01,1576.89,2595.88,0,0,13020.8,0,0,0,0,0,0,0,0,0,0,0,0,0,2.91417,30.804,17.6575,0.0591528,1.20094,16.2841,11.4958,80.4156,65.0207,9.35288,10.9513,1.52817,0,0,167.269,142.115,25.1533,0,9,"Thermal Zone: F10 Laundry",0,0,,0,"--","--","",0,0,0,0,0,0,0,0,0,0,0,0,0,0,0,0,0,0,0,0,0,0,0,0,0,0,0,0,0,0,0,0,0,0,0,0,0,0,0,0,0,0,0,0,0,0,0,0,0,0,0,0,0,0,0,0,0,0,0,,,,,,,9.77379e-06,42.1857,16.1722,0.0595388,1.27355,0.124303,9.01837,68.8337,43.2848,2.98676,9.36022,0.786538,0,0,125.252,0,0,0,0,0,0,0,0,0,0,0,0,0,0,0,"CBECC-Com 2022.0.1 RV (1113)","BEMCmpMgr 2022.0.1 RV (6107)","CA 2022 Nonresidential, Vers. 1.0 Alpha","","","-","C:\Documents\CBECC-Com 2022 Data\EPW\","C:\GitHub\CALGreen-analysis\framework\analysis\hr\runs\hr-base22\cz09\",1.7016,12.4659,10.2766,0.0133299,0.563427,0.179198,5.73899,30.94,42.8116,3.31511,8.5377,1.13389,0,0,86.74,0.255319,0,0,0,0,3.98718,0,4.25,0.756098,1.24469,0,0,6.25,0,0,0,0,0,0,0,0,0,0,0,0,0,0,0,0,0,0,0,0,0,0,0,0,0,0,0,0,0.64552,1.87264,1.54376,0.00200244,0.0846382,6.1159,0.862114,11.1266,7.58583,2.39881,1.28253,0.170333,0,0,22.5641,0,0,0,0,0,0,0,0,0,0,0,0,0,0,0,

2021-01-27 16:24:59 - -----------------------------------------------------------------------------
2021-01-27 16:24:59 - Opening Project 'cz09\instance.cibd22'...
2021-01-27 16:25:00 -    Model load successful into CBECC-Com 2022.0.1 RV (1113)
2021-01-27 16:25:00 - Performing Building Database check...
2021-01-27 16:25:00 - Building Database check completed, no problems found.
2021-01-27 16:25:02 - Error writing enumeration property for Mat 'MetalFrameWall16inOC R21.00', property CavityInsOpt (previously 'R-21' (?))
2021-01-27 16:25:02 - Project Saved
2021-01-29 01:12:28 - -----------------------------------------------------------------------------
2021-01-29 01:12:28 - Opening Project 'cz09\instance.cibd22'...
2021-01-29 01:12:28 -    Model load successful into CBECC-Com 2022.0.1 RV (1113)
2021-01-29 01:12:29 - Performing Building Database check...
2021-01-29 01:12:29 - Building Database check completed, no problems found.
2021-01-29 01:12:32 -   PerfAnal_NRes - starting, w/ arguments:
2021-01-29 01:12:32 -        BEMBasePathFile    = (null)
2021-01-29 01:12:32 -        RulesetPathFile    = (null)
2021-01-29 01:12:32 -        SimWeatherPath     = C:\Users\agoyal\OneDrive - TRC\Documents\CBECC-Com 2022 Data\EPW\
2021-01-29 01:12:32 -        CompMgrDLLPath     = (null)
2021-01-29 01:12:32 -        DHWWeatherPath     = (null)
2021-01-29 01:12:32 -        ProcessingPath     = C:\Users\agoyal\OneDrive - TRC\Documents\GitHub\CALGreen-analysis\framework\analysis\hr\runs\hr-base22\cz09\instance - run\
2021-01-29 01:12:32 -        ModelPathFile      = C:\Users\agoyal\OneDrive - TRC\Documents\GitHub\CALGreen-analysis\framework\analysis\hr\runs\hr-base22\cz09\instance.cibd22
2021-01-29 01:12:32 -        LogPathFile        = (null)
2021-01-29 01:12:32 -        UIVersionString    = CBECC-Com 2022.0.1 RV (1113)
2021-01-29 01:12:32 -        LoadModelFile      = false
2021-01-29 01:12:32 -        OptionsCSV         = AllowAnalysisAbort,0,StoreBEMDetails,1,AnalysisThruStep,8,ModelRpt_ALL,1,ExportHourlyResults_All,1,PromptUserUMLHWarning,1,PreAnalysisCheckPromptOption,3,CompReportWarningOption,5,
2021-01-29 01:12:32 -        ErrorMsg           = (assumed to be initialized)
2021-01-29 01:12:32 -        ErrorMsgLen        = 2056
2021-01-29 01:12:32 -        DisplayProgress    = true
2021-01-29 01:12:32 -        ResultsSummary     = (empty)
2021-01-29 01:12:32 -        ResultsSummaryLen  = 3200
2021-01-29 01:12:32 -        pProgCallbackFunc  = (null)
2021-01-29 01:12:32 - Performing Building Database check...
2021-01-29 01:12:32 - Building Database check completed, no problems found.
2021-01-29 01:12:32 - Warning:  The following developer options must be defaulted (not specified by the user) in order to perform a valid compliance analysis:
          Proj 'High-Rise Mixed-Use (10-story)' DefaultDayltgCtrls
          Proj 'High-Rise Mixed-Use (10-story)' AutoHardSize
          Proj 'High-Rise Mixed-Use (10-story)' AutoEffInput
2021-01-29 01:12:32 -    1 file hash check(s) failed on executable and/or analysis support files (analysis continuing w/ report signature disabled)
2021-01-29 01:12:34 -   PerfAnal_NRes - AnalysisThruStep being set to #7 due to Proj:AnalysisType = Title24ProposedOnly
2021-01-29 01:12:34 - Performing Building Database check...
2021-01-29 01:12:34 - Building Database check completed, no problems found.
2021-01-29 01:12:34 - Warning:  The spaces assigned to thermal zone 'Thermal Zone: F1 Lounge' have cooling unmet load hour limits ranging from 150 to 8760. All spaces in the zone will be held to the minimum UMLH limit. evaluating rule: Set CHECKCODE ThrmlZn:ClgUMLHLimit  (60:'ThermalZone-General.rule' line 1738)
2021-01-29 01:12:34 - Warning:  The spaces assigned to thermal zone 'Thermal Zone: F1 Lounge' have heating unmet load hour limits ranging from 150 to 8760. All spaces in the zone will be held to the minimum UMLH limit. evaluating rule: Set CHECKCODE ThrmlZn:HtgUMLHLimit  (60:'ThermalZone-General.rule' line 1765)
2021-01-29 01:12:37 -   PerfAnal_NRes - Bypassing OpenStudio (and simulation) for zp model
2021-01-29 01:12:38 -   PerfAnal_NRes - Bypassing OpenStudio (and simulation) for zb model
2021-01-29 01:20:18 - Error:  Undefined data: numerator evaluating rule: Set ANNUAL_BASELINE Fan:FlowCap  (75:'HVACSecondary-Fan-General.rule' line 494)
2021-01-29 01:20:18 - Error:  Undefined data: numerator evaluating rule: Set ANNUAL_BASELINE Fan:FlowCap  (75:'HVACSecondary-Fan-General.rule' line 494)
2021-01-29 01:20:18 - Error:  Undefined data: numerator evaluating rule: Set ANNUAL_BASELINE Fan:FlowCap  (75:'HVACSecondary-Fan-General.rule' line 494)
2021-01-29 01:20:18 - Error:  Undefined data: numerator evaluating rule: Set ANNUAL_BASELINE Fan:FlowCap  (75:'HVACSecondary-Fan-General.rule' line 529)
2021-01-29 01:20:18 - Error:  Undefined data: numerator evaluating rule: Set ANNUAL_BASELINE Fan:FlowCap  (75:'HVACSecondary-Fan-General.rule' line 529)
2021-01-29 01:20:18 - Error:  Undefined data: numerator evaluating rule: Set ANNUAL_BASELINE Fan:FlowCap  (75:'HVACSecondary-Fan-General.rule' line 529)
2021-01-29 01:20:18 - Error:  Undefined data: numerator evaluating rule: Set ANNUAL_BASELINE Fan:FlowCap  (75:'HVACSecondary-Fan-General.rule' line 529)
2021-01-29 01:20:18 - Error:  Undefined data: numerator evaluating rule: Set ANNUAL_BASELINE Fan:FlowCap  (75:'HVACSecondary-Fan-General.rule' line 529)
2021-01-29 01:20:18 - Error:  Undefined data: numerator evaluating rule: Set ANNUAL_BASELINE Fan:FlowCap  (75:'HVACSecondary-Fan-General.rule' line 529)
2021-01-29 01:20:18 - Error:  Undefined data: numerator evaluating rule: Set ANNUAL_BASELINE Fan:FlowCap  (75:'HVACSecondary-Fan-General.rule' line 529)
2021-01-29 01:20:18 - Error:  Undefined data: numerator evaluating rule: Set ANNUAL_BASELINE Fan:FlowCap  (75:'HVACSecondary-Fan-General.rule' line 529)
2021-01-29 01:20:18 - Error:  Undefined data: numerator evaluating rule: Set ANNUAL_BASELINE Fan:FlowCap  (75:'HVACSecondary-Fan-General.rule' line 529)
2021-01-29 01:20:18 - Error:  Undefined data: numerator evaluating rule: Set ANNUAL_BASELINE Fan:FlowCap  (75:'HVACSecondary-Fan-General.rule' line 529)
2021-01-29 01:20:18 - Error:  Undefined data: numerator evaluating rule: Set ANNUAL_BASELINE Fan:FlowCap  (75:'HVACSecondary-Fan-General.rule' line 529)
2021-01-29 01:20:18 - Error:  Undefined data: numerator evaluating rule: Set ANNUAL_BASELINE Fan:FlowCap  (75:'HVACSecondary-Fan-General.rule' line 529)
2021-01-29 01:20:18 - Error:  Undefined data: numerator evaluating rule: Set ANNUAL_BASELINE Fan:FlowCap  (75:'HVACSecondary-Fan-General.rule' line 529)
2021-01-29 01:20:18 - Error:  Undefined data: numerator evaluating rule: Set ANNUAL_BASELINE Fan:FlowCap  (75:'HVACSecondary-Fan-General.rule' line 529)
2021-01-29 01:20:18 - Error:  Undefined data: numerator evaluating rule: Set ANNUAL_BASELINE Fan:FlowCap  (75:'HVACSecondary-Fan-General.rule' line 529)
2021-01-29 01:20:18 - Error:  Undefined data: numerator evaluating rule: Set ANNUAL_BASELINE Fan:FlowCap  (75:'HVACSecondary-Fan-General.rule' line 529)
2021-01-29 01:20:18 - Error:  Undefined data: numerator evaluating rule: Set ANNUAL_BASELINE Fan:FlowCap  (75:'HVACSecondary-Fan-General.rule' line 529)
2021-01-29 01:20:18 - Error:  Undefined data: numerator evaluating rule: Set ANNUAL_BASELINE Fan:FlowCap  (75:'HVACSecondary-Fan-General.rule' line 529)
2021-01-29 01:20:18 - Error:  Division by zero evaluating rule: Set ANNUAL_BASELINE ThrmlZn:PriAirCondgSysDsgnFlow  (76:'HVACSecondary-Fan-FanRatios.rule' line 67)
2021-01-29 01:20:18 - Error:  Division by zero evaluating rule: Set ANNUAL_BASELINE ThrmlZn:PriAirCondgSysDsgnFlow  (76:'HVACSecondary-Fan-FanRatios.rule' line 67)
2021-01-29 01:20:18 - Error:  Division by zero evaluating rule: Set ANNUAL_BASELINE ThrmlZn:PriAirCondgSysDsgnFlow  (76:'HVACSecondary-Fan-FanRatios.rule' line 67)
2021-01-29 01:20:18 - Error:  Division by zero evaluating rule: Set ANNUAL_BASELINE ThrmlZn:PriAirCondgSysDsgnFlow  (76:'HVACSecondary-Fan-FanRatios.rule' line 67)
2021-01-29 01:20:18 - Error:  Division by zero evaluating rule: Set ANNUAL_BASELINE ThrmlZn:PriAirCondgSysDsgnFlow  (76:'HVACSecondary-Fan-FanRatios.rule' line 67)
2021-01-29 01:20:18 - Error:  Division by zero evaluating rule: Set ANNUAL_BASELINE ThrmlZn:PriAirCondgSysDsgnFlow  (76:'HVACSecondary-Fan-FanRatios.rule' line 67)
2021-01-29 01:20:18 - Error:  Division by zero evaluating rule: Set ANNUAL_BASELINE ThrmlZn:PriAirCondgSysDsgnFlow  (76:'HVACSecondary-Fan-FanRatios.rule' line 67)
2021-01-29 01:20:18 - Error:  Division by zero evaluating rule: Set ANNUAL_BASELINE ThrmlZn:PriAirCondgSysDsgnFlow  (76:'HVACSecondary-Fan-FanRatios.rule' line 67)
2021-01-29 01:20:18 - Error:  Division by zero evaluating rule: Set ANNUAL_BASELINE ThrmlZn:PriAirCondgSysDsgnFlow  (76:'HVACSecondary-Fan-FanRatios.rule' line 67)
2021-01-29 01:20:18 - Error:  Division by zero evaluating rule: Set ANNUAL_BASELINE ThrmlZn:PriAirCondgSysDsgnFlow  (76:'HVACSecondary-Fan-FanRatios.rule' line 67)
2021-01-29 01:20:18 - Error:  Division by zero evaluating rule: Set ANNUAL_BASELINE ThrmlZn:PriAirCondgSysDsgnFlow  (76:'HVACSecondary-Fan-FanRatios.rule' line 67)
2021-01-29 01:20:18 - Error:  Division by zero evaluating rule: Set ANNUAL_BASELINE ThrmlZn:PriAirCondgSysDsgnFlow  (76:'HVACSecondary-Fan-FanRatios.rule' line 67)
2021-01-29 01:20:18 - Error:  Division by zero evaluating rule: Set ANNUAL_BASELINE ThrmlZn:VentSysDsgnFlow  (76:'HVACSecondary-Fan-FanRatios.rule' line 111)
2021-01-29 01:20:18 - Error:  Division by zero evaluating rule: Set ANNUAL_BASELINE ThrmlZn:VentSysDsgnFlow  (76:'HVACSecondary-Fan-FanRatios.rule' line 111)
2021-01-29 01:20:18 - Error:  Division by zero evaluating rule: Set ANNUAL_BASELINE ThrmlZn:VentSysDsgnFlow  (76:'HVACSecondary-Fan-FanRatios.rule' line 111)
2021-01-29 01:20:18 - Error:  Division by zero evaluating rule: Set ANNUAL_BASELINE ThrmlZn:VentSysDsgnFlow  (76:'HVACSecondary-Fan-FanRatios.rule' line 111)
2021-01-29 01:20:18 - Error:  Division by zero evaluating rule: Set ANNUAL_BASELINE ThrmlZn:VentSysDsgnFlow  (76:'HVACSecondary-Fan-FanRatios.rule' line 111)
2021-01-29 01:20:18 - Error:  Division by zero evaluating rule: Set ANNUAL_BASELINE ThrmlZn:VentSysDsgnFlow  (76:'HVACSecondary-Fan-FanRatios.rule' line 111)
2021-01-29 01:20:18 - Error:  Division by zero evaluating rule: Set ANNUAL_BASELINE ThrmlZn:VentSysDsgnFlow  (76:'HVACSecondary-Fan-FanRatios.rule' line 111)
2021-01-29 01:20:18 - Error:  Division by zero evaluating rule: Set ANNUAL_BASELINE ThrmlZn:VentSysDsgnFlow  (76:'HVACSecondary-Fan-FanRatios.rule' line 111)
2021-01-29 01:20:18 - Error:  Division by zero evaluating rule: Set ANNUAL_BASELINE ThrmlZn:VentSysDsgnFlow  (76:'HVACSecondary-Fan-FanRatios.rule' line 111)
2021-01-29 01:20:18 - Error:  Division by zero evaluating rule: Set ANNUAL_BASELINE ThrmlZn:VentSysDsgnFlow  (76:'HVACSecondary-Fan-FanRatios.rule' line 111)
2021-01-29 01:20:18 - Error:  Division by zero evaluating rule: Set ANNUAL_BASELINE ThrmlZn:VentSysDsgnFlow  (76:'HVACSecondary-Fan-FanRatios.rule' line 111)
2021-01-29 01:20:18 - Error:  Division by zero evaluating rule: Set ANNUAL_BASELINE ThrmlZn:VentSysDsgnFlow  (76:'HVACSecondary-Fan-FanRatios.rule' line 111)
2021-01-29 01:20:19 -   PerfAnal_NRes - Bypassing OpenStudio (and simulation) for ab model
2021-01-29 01:20:19 -   PerfAnal_NRes - Completed analysis steps thru #7
2021-01-29 01:20:19 - Analysis incomplete  Processing time:  Overall 7:46 / SDD2IDF x2 avg 0:04 / SizSim x0 0:00 / AnnSim x2 avg 3:37 / ReportGen x0 0:00 / Other 0:19
2021-01-29 01:20:19 -       ResultsSummary population:  bAbort = (false) / RuleProcAbort = (false) / iRetVal = 0 / pszResultsSummary = (empty) / iResultsSummaryLen = 3200
2021-01-29 01:20:19 -       ResultsSummary components1:  2021-01-29 01:20:19 / instance / High-Rise Mixed-Use (10-story) / CTZ09S22A / Title24ProposedOnly / 7:46 /  / 
2021-01-29 01:20:19 -       ResultsSummary components2:  CBECC-Com 2022.0.1 RV (1113) / BEMCmpMgr 2022.0.1 RV (6107) / CA 2022 Nonresidential, Vers. 1.0 Alpha /  /  / - / C:\Users\agoyal\OneDrive - TRC\Documents\CBECC-Com 2022 Data\EPW\ / C:\Users\agoyal\OneDrive - TRC\Documents\GitHub\CALGreen-analysis\framework\analysis\hr\runs\hr-base22\cz09\
2021-01-29 01:20:19 -       ResultsSummary:  2021-01-29 01:20:19,"instance","High-Rise Mixed-Use (10-story)","CTZ09S22A","Pol  0% RetAdd NoLeak",125400,150480,"Title24ProposedOnly",7:46,,,"--","--","Successful (259 warnings)",6847.54,93257.9,69208,147.456,5404.58,1088.9,52238,228192,274496,19205.8,47456.3,6890.07,0,0,576241,532.493,0,0,0,0,8315.53,0,8848.02,1576.89,2595.88,0,0,13020.8,0,0,0,0,0,0,0,0,0,0,0,0,0,2.75833,30.3832,17.532,0.0591518,1.20096,16.284,11.4958,79.7136,65.0207,9.35288,10.9513,1.52817,0,0,166.567,141.413,25.1534,0,6.25,"Thermal Zone: F10 Laundry",0,0,,0,"--","--","",0,0,0,0,0,0,0,0,0,0,0,0,0,0,0,0,0,0,0,0,0,0,0,0,0,0,0,0,0,0,0,0,0,0,0,0,0,0,0,0,0,0,0,0,0,0,0,0,0,0,0,0,0,0,0,0,0,0,0,,,,,,,9.77512e-06,41.4517,15.9856,0.0595299,1.27353,0.124303,9.01837,67.9131,43.2848,2.98676,9.36022,0.786538,0,0,124.331,0,0,0,0,0,0,0,0,0,0,0,0,0,0,0,"CBECC-Com 2022.0.1 RV (1113)","BEMCmpMgr 2022.0.1 RV (6107)","CA 2022 Nonresidential, Vers. 1.0 Alpha","","","-","C:\Users\agoyal\OneDrive - TRC\Documents\CBECC-Com 2022 Data\EPW\","C:\Users\agoyal\OneDrive - TRC\Documents\GitHub\CALGreen-analysis\framework\analysis\hr\runs\hr-base22\cz09\",1.55205,12.385,10.2339,0.0133297,0.563445,0.179198,5.73899,30.66,42.8116,3.31511,8.5377,1.13389,0,0,86.46,0.255323,0,0,0,0,3.98718,0,4.25,0.756098,1.24469,0,0,6.25,0,0,0,0,0,0,0,0,0,0,0,0,0,0,0,0,0,0,0,0,0,0,0,0,0,0,0,0,0.623062,1.86049,1.53733,0.00200241,0.0846409,6.1159,0.862114,11.0855,7.58583,2.39881,1.28253,0.170333,0,0,22.523,0,0,0,0,0,0,0,0,0,0,0,0,0,0,0,

2021-01-29 01:20:24 - -----------------------------------------------------------------------------
2021-01-29 01:20:24 - Opening Project 'cz09\instance.cibd22'...
2021-01-29 01:20:25 -    Model load successful into CBECC-Com 2022.0.1 RV (1113)
2021-01-29 01:20:26 - Performing Building Database check...
2021-01-29 01:20:26 - Building Database check completed, no problems found.
2021-01-29 01:20:33 - Error writing enumeration property for Mat 'MetalFrameWall16inOC R21.00', property CavityInsOpt (previously 'R-21' (?))
2021-01-29 01:20:33 - Project Saved
2021-02-11 10:25:12 - -----------------------------------------------------------------------------
2021-02-11 10:25:12 - Opening Project 'cz09\instance.cibd22'...
2021-02-11 10:25:13 -    Model load successful into CBECC-Com 2022.0.1 RV (1113)
2021-02-11 10:25:14 - Performing Building Database check...
2021-02-11 10:25:14 - Building Database check completed, no problems found.
2021-02-11 10:25:18 -   PerfAnal_NRes - starting, w/ arguments:
2021-02-11 10:25:18 -        BEMBasePathFile    = (null)
2021-02-11 10:25:18 -        RulesetPathFile    = (null)
2021-02-11 10:25:18 -        SimWeatherPath     = D:\Users\SSumawan\Documents\CBECC-Com 2022 Data\EPW\
2021-02-11 10:25:18 -        CompMgrDLLPath     = (null)
2021-02-11 10:25:18 -        DHWWeatherPath     = (null)
2021-02-11 10:25:18 -        ProcessingPath     = C:\Github\CALGreen-analysis\framework\analysis\hr\runs\hr-base22\cz09\instance - run\
2021-02-11 10:25:18 -        ModelPathFile      = C:\Github\CALGreen-analysis\framework\analysis\hr\runs\hr-base22\cz09\instance.cibd22
2021-02-11 10:25:18 -        LogPathFile        = (null)
2021-02-11 10:25:18 -        UIVersionString    = CBECC-Com 2022.0.1 RV (1113)
2021-02-11 10:25:18 -        LoadModelFile      = false
2021-02-11 10:25:18 -        OptionsCSV         = AllowAnalysisAbort,0,StoreBEMDetails,1,AnalysisThruStep,8,ModelRpt_ALL,1,ExportHourlyResults_All,1,PromptUserUMLHWarning,1,PreAnalysisCheckPromptOption,3,CompReportWarningOption,5,
2021-02-11 10:25:18 -        ErrorMsg           = (assumed to be initialized)
2021-02-11 10:25:18 -        ErrorMsgLen        = 2056
2021-02-11 10:25:18 -        DisplayProgress    = true
2021-02-11 10:25:18 -        ResultsSummary     = (empty)
2021-02-11 10:25:18 -        ResultsSummaryLen  = 3200
2021-02-11 10:25:18 -        pProgCallbackFunc  = (null)
2021-02-11 10:25:19 - Performing Building Database check...
2021-02-11 10:25:19 - Building Database check completed, no problems found.
2021-02-11 10:25:19 - Warning:  The following developer options must be defaulted (not specified by the user) in order to perform a valid compliance analysis:
          Proj 'High-Rise Mixed-Use (10-story)' DefaultDayltgCtrls
          Proj 'High-Rise Mixed-Use (10-story)' AutoHardSize
          Proj 'High-Rise Mixed-Use (10-story)' AutoEffInput
2021-02-11 10:25:19 -    1 file hash check(s) failed on executable and/or analysis support files (analysis continuing w/ report signature disabled)
2021-02-11 10:25:21 -   PerfAnal_NRes - AnalysisThruStep being set to #7 due to Proj:AnalysisType = Title24ProposedOnly
2021-02-11 10:25:21 - Performing Building Database check...
2021-02-11 10:25:21 - Building Database check completed, no problems found.
2021-02-11 10:25:21 - Warning:  The spaces assigned to thermal zone 'Thermal Zone: F1 Lounge' have cooling unmet load hour limits ranging from 150 to 8760. All spaces in the zone will be held to the minimum UMLH limit. evaluating rule: Set CHECKCODE ThrmlZn:ClgUMLHLimit  (60:'ThermalZone-General.rule' line 1738)
2021-02-11 10:25:21 - Warning:  The spaces assigned to thermal zone 'Thermal Zone: F1 Lounge' have heating unmet load hour limits ranging from 150 to 8760. All spaces in the zone will be held to the minimum UMLH limit. evaluating rule: Set CHECKCODE ThrmlZn:HtgUMLHLimit  (60:'ThermalZone-General.rule' line 1765)
2021-02-11 10:25:26 -   PerfAnal_NRes - Bypassing OpenStudio (and simulation) for zp model
2021-02-11 10:25:28 -   PerfAnal_NRes - Bypassing OpenStudio (and simulation) for zb model
2021-02-11 10:31:49 - Error:  Undefined data: numerator evaluating rule: Set ANNUAL_BASELINE Fan:FlowCap  (75:'HVACSecondary-Fan-General.rule' line 494)
2021-02-11 10:31:49 - Error:  Undefined data: numerator evaluating rule: Set ANNUAL_BASELINE Fan:FlowCap  (75:'HVACSecondary-Fan-General.rule' line 494)
2021-02-11 10:31:49 - Error:  Undefined data: numerator evaluating rule: Set ANNUAL_BASELINE Fan:FlowCap  (75:'HVACSecondary-Fan-General.rule' line 494)
2021-02-11 10:31:49 - Error:  Undefined data: numerator evaluating rule: Set ANNUAL_BASELINE Fan:FlowCap  (75:'HVACSecondary-Fan-General.rule' line 529)
2021-02-11 10:31:49 - Error:  Undefined data: numerator evaluating rule: Set ANNUAL_BASELINE Fan:FlowCap  (75:'HVACSecondary-Fan-General.rule' line 529)
2021-02-11 10:31:49 - Error:  Undefined data: numerator evaluating rule: Set ANNUAL_BASELINE Fan:FlowCap  (75:'HVACSecondary-Fan-General.rule' line 529)
2021-02-11 10:31:49 - Error:  Undefined data: numerator evaluating rule: Set ANNUAL_BASELINE Fan:FlowCap  (75:'HVACSecondary-Fan-General.rule' line 529)
2021-02-11 10:31:49 - Error:  Undefined data: numerator evaluating rule: Set ANNUAL_BASELINE Fan:FlowCap  (75:'HVACSecondary-Fan-General.rule' line 529)
2021-02-11 10:31:49 - Error:  Undefined data: numerator evaluating rule: Set ANNUAL_BASELINE Fan:FlowCap  (75:'HVACSecondary-Fan-General.rule' line 529)
2021-02-11 10:31:49 - Error:  Undefined data: numerator evaluating rule: Set ANNUAL_BASELINE Fan:FlowCap  (75:'HVACSecondary-Fan-General.rule' line 529)
2021-02-11 10:31:49 - Error:  Undefined data: numerator evaluating rule: Set ANNUAL_BASELINE Fan:FlowCap  (75:'HVACSecondary-Fan-General.rule' line 529)
2021-02-11 10:31:49 - Error:  Undefined data: numerator evaluating rule: Set ANNUAL_BASELINE Fan:FlowCap  (75:'HVACSecondary-Fan-General.rule' line 529)
2021-02-11 10:31:49 - Error:  Undefined data: numerator evaluating rule: Set ANNUAL_BASELINE Fan:FlowCap  (75:'HVACSecondary-Fan-General.rule' line 529)
2021-02-11 10:31:49 - Error:  Undefined data: numerator evaluating rule: Set ANNUAL_BASELINE Fan:FlowCap  (75:'HVACSecondary-Fan-General.rule' line 529)
2021-02-11 10:31:49 - Error:  Undefined data: numerator evaluating rule: Set ANNUAL_BASELINE Fan:FlowCap  (75:'HVACSecondary-Fan-General.rule' line 529)
2021-02-11 10:31:49 - Error:  Undefined data: numerator evaluating rule: Set ANNUAL_BASELINE Fan:FlowCap  (75:'HVACSecondary-Fan-General.rule' line 529)
2021-02-11 10:31:49 - Error:  Undefined data: numerator evaluating rule: Set ANNUAL_BASELINE Fan:FlowCap  (75:'HVACSecondary-Fan-General.rule' line 529)
2021-02-11 10:31:49 - Error:  Undefined data: numerator evaluating rule: Set ANNUAL_BASELINE Fan:FlowCap  (75:'HVACSecondary-Fan-General.rule' line 529)
2021-02-11 10:31:49 - Error:  Undefined data: numerator evaluating rule: Set ANNUAL_BASELINE Fan:FlowCap  (75:'HVACSecondary-Fan-General.rule' line 529)
2021-02-11 10:31:49 - Error:  Undefined data: numerator evaluating rule: Set ANNUAL_BASELINE Fan:FlowCap  (75:'HVACSecondary-Fan-General.rule' line 529)
2021-02-11 10:31:49 - Error:  Undefined data: numerator evaluating rule: Set ANNUAL_BASELINE Fan:FlowCap  (75:'HVACSecondary-Fan-General.rule' line 529)
2021-02-11 10:31:49 - Error:  Division by zero evaluating rule: Set ANNUAL_BASELINE ThrmlZn:PriAirCondgSysDsgnFlow  (76:'HVACSecondary-Fan-FanRatios.rule' line 67)
2021-02-11 10:31:49 - Error:  Division by zero evaluating rule: Set ANNUAL_BASELINE ThrmlZn:PriAirCondgSysDsgnFlow  (76:'HVACSecondary-Fan-FanRatios.rule' line 67)
2021-02-11 10:31:49 - Error:  Division by zero evaluating rule: Set ANNUAL_BASELINE ThrmlZn:PriAirCondgSysDsgnFlow  (76:'HVACSecondary-Fan-FanRatios.rule' line 67)
2021-02-11 10:31:49 - Error:  Division by zero evaluating rule: Set ANNUAL_BASELINE ThrmlZn:PriAirCondgSysDsgnFlow  (76:'HVACSecondary-Fan-FanRatios.rule' line 67)
2021-02-11 10:31:49 - Error:  Division by zero evaluating rule: Set ANNUAL_BASELINE ThrmlZn:PriAirCondgSysDsgnFlow  (76:'HVACSecondary-Fan-FanRatios.rule' line 67)
2021-02-11 10:31:49 - Error:  Division by zero evaluating rule: Set ANNUAL_BASELINE ThrmlZn:PriAirCondgSysDsgnFlow  (76:'HVACSecondary-Fan-FanRatios.rule' line 67)
2021-02-11 10:31:49 - Error:  Division by zero evaluating rule: Set ANNUAL_BASELINE ThrmlZn:PriAirCondgSysDsgnFlow  (76:'HVACSecondary-Fan-FanRatios.rule' line 67)
2021-02-11 10:31:49 - Error:  Division by zero evaluating rule: Set ANNUAL_BASELINE ThrmlZn:PriAirCondgSysDsgnFlow  (76:'HVACSecondary-Fan-FanRatios.rule' line 67)
2021-02-11 10:31:49 - Error:  Division by zero evaluating rule: Set ANNUAL_BASELINE ThrmlZn:PriAirCondgSysDsgnFlow  (76:'HVACSecondary-Fan-FanRatios.rule' line 67)
2021-02-11 10:31:49 - Error:  Division by zero evaluating rule: Set ANNUAL_BASELINE ThrmlZn:PriAirCondgSysDsgnFlow  (76:'HVACSecondary-Fan-FanRatios.rule' line 67)
2021-02-11 10:31:49 - Error:  Division by zero evaluating rule: Set ANNUAL_BASELINE ThrmlZn:PriAirCondgSysDsgnFlow  (76:'HVACSecondary-Fan-FanRatios.rule' line 67)
2021-02-11 10:31:49 - Error:  Division by zero evaluating rule: Set ANNUAL_BASELINE ThrmlZn:PriAirCondgSysDsgnFlow  (76:'HVACSecondary-Fan-FanRatios.rule' line 67)
2021-02-11 10:31:49 - Error:  Division by zero evaluating rule: Set ANNUAL_BASELINE ThrmlZn:VentSysDsgnFlow  (76:'HVACSecondary-Fan-FanRatios.rule' line 111)
2021-02-11 10:31:49 - Error:  Division by zero evaluating rule: Set ANNUAL_BASELINE ThrmlZn:VentSysDsgnFlow  (76:'HVACSecondary-Fan-FanRatios.rule' line 111)
2021-02-11 10:31:49 - Error:  Division by zero evaluating rule: Set ANNUAL_BASELINE ThrmlZn:VentSysDsgnFlow  (76:'HVACSecondary-Fan-FanRatios.rule' line 111)
2021-02-11 10:31:49 - Error:  Division by zero evaluating rule: Set ANNUAL_BASELINE ThrmlZn:VentSysDsgnFlow  (76:'HVACSecondary-Fan-FanRatios.rule' line 111)
2021-02-11 10:31:49 - Error:  Division by zero evaluating rule: Set ANNUAL_BASELINE ThrmlZn:VentSysDsgnFlow  (76:'HVACSecondary-Fan-FanRatios.rule' line 111)
2021-02-11 10:31:49 - Error:  Division by zero evaluating rule: Set ANNUAL_BASELINE ThrmlZn:VentSysDsgnFlow  (76:'HVACSecondary-Fan-FanRatios.rule' line 111)
2021-02-11 10:31:49 - Error:  Division by zero evaluating rule: Set ANNUAL_BASELINE ThrmlZn:VentSysDsgnFlow  (76:'HVACSecondary-Fan-FanRatios.rule' line 111)
2021-02-11 10:31:49 - Error:  Division by zero evaluating rule: Set ANNUAL_BASELINE ThrmlZn:VentSysDsgnFlow  (76:'HVACSecondary-Fan-FanRatios.rule' line 111)
2021-02-11 10:31:49 - Error:  Division by zero evaluating rule: Set ANNUAL_BASELINE ThrmlZn:VentSysDsgnFlow  (76:'HVACSecondary-Fan-FanRatios.rule' line 111)
2021-02-11 10:31:49 - Error:  Division by zero evaluating rule: Set ANNUAL_BASELINE ThrmlZn:VentSysDsgnFlow  (76:'HVACSecondary-Fan-FanRatios.rule' line 111)
2021-02-11 10:31:49 - Error:  Division by zero evaluating rule: Set ANNUAL_BASELINE ThrmlZn:VentSysDsgnFlow  (76:'HVACSecondary-Fan-FanRatios.rule' line 111)
2021-02-11 10:31:49 - Error:  Division by zero evaluating rule: Set ANNUAL_BASELINE ThrmlZn:VentSysDsgnFlow  (76:'HVACSecondary-Fan-FanRatios.rule' line 111)
2021-02-11 10:31:51 -   PerfAnal_NRes - Bypassing OpenStudio (and simulation) for ab model
2021-02-11 10:31:51 -   PerfAnal_NRes - Completed analysis steps thru #7
2021-02-11 10:31:51 - Analysis incomplete  Processing time:  Overall 6:32 / SDD2IDF x2 avg 0:06 / SizSim x0 0:00 / AnnSim x2 avg 2:56 / ReportGen x0 0:00 / Other 0:24
2021-02-11 10:31:51 -       ResultsSummary population:  bAbort = (false) / RuleProcAbort = (false) / iRetVal = 0 / pszResultsSummary = (empty) / iResultsSummaryLen = 3200
2021-02-11 10:31:51 -       ResultsSummary components1:  2021-02-11 10:31:51 / instance / High-Rise Mixed-Use (10-story) / CTZ09S22A / Title24ProposedOnly / 6:32 /  / 
2021-02-11 10:31:51 -       ResultsSummary components2:  CBECC-Com 2022.0.1 RV (1113) / BEMCmpMgr 2022.0.1 RV (6107) / CA 2022 Nonresidential, Vers. 1.0 Alpha /  /  / - / D:\Users\SSumawan\Documents\CBECC-Com 2022 Data\EPW\ / C:\Github\CALGreen-analysis\framework\analysis\hr\runs\hr-base22\cz09\
2021-02-11 10:31:51 -       ResultsSummary:  2021-02-11 10:31:51,"instance","High-Rise Mixed-Use (10-story)","CTZ09S22A","Pol  0% RetAdd NoLeak",125400,150480,"Title24ProposedOnly",6:32,,,"--","--","Successful (258 warnings)",6965.88,92143.2,66603.9,140.405,5371.01,1088.9,46828.2,219141,274496,19205.8,47456.3,6890.07,0,0,567190,555.768,0,0,0,0,8315.53,0,8871.3,1576.89,2595.88,0,0,13044.1,0,0,0,0,0,0,0,0,0,0,0,0,0,2.83387,30.1091,16.9098,0.0567343,1.19538,16.284,10.3182,77.7071,65.0207,9.35288,10.9513,1.52817,0,0,164.56,139.358,25.2022,0,6.25,"Thermal Zone: F10 Laundry",0,0,,0,"--","--","",0,0,0,0,0,0,0,0,0,0,0,0,0,0,0,0,0,0,0,0,0,0,0,0,0,0,0,0,0,0,0,0,0,0,0,0,0,0,0,0,0,0,0,0,0,0,0,0,0,0,0,0,0,0,0,0,0,0,0,,,,,,,1.01968e-05,41.161,15.4329,0.0571489,1.27476,0.124303,8.16168,66.2117,43.2848,2.98676,9.36022,0.786538,0,0,122.63,0,0,0,0,0,0,0,0,0,0,0,0,0,0,0,"CBECC-Com 2022.0.1 RV (1113)","BEMCmpMgr 2022.0.1 RV (6107)","CA 2022 Nonresidential, Vers. 1.0 Alpha","","","-","D:\Users\SSumawan\Documents\CBECC-Com 2022 Data\EPW\","C:\Github\CALGreen-analysis\framework\analysis\hr\runs\hr-base22\cz09\",1.57615,12.2817,9.9611,0.0126997,0.558877,0.179198,5.16026,29.73,42.8116,3.31511,8.5377,1.13389,0,0,85.53,0.266483,0,0,0,0,3.98718,0,4.26,0.756098,1.24469,0,0,6.26,0,0,0,0,0,0,0,0,0,0,0,0,0,0,0,0,0,0,0,0,0,0,0,0,0,0,0,0,0.643726,1.84497,1.49636,0.00190777,0.0839547,6.1159,0.775176,10.962,7.58583,2.39881,1.28253,0.170333,0,0,22.3995,0,0,0,0,0,0,0,0,0,0,0,0,0,0,0,

2021-02-11 10:31:54 - -----------------------------------------------------------------------------
2021-02-11 10:31:54 - Opening Project 'cz09\instance.cibd22'...
2021-02-11 10:31:55 -    Model load successful into CBECC-Com 2022.0.1 RV (1113)
2021-02-11 10:31:55 - Performing Building Database check...
2021-02-11 10:31:55 - Building Database check completed, no problems found.
2021-02-11 10:31:59 - Error writing enumeration property for Mat 'MetalFrameWall16inOC R21.00', property CavityInsOpt (previously 'R-21' (?))
2021-02-11 10:31:59 - Project Saved
