2020-02-05 19:47:51 - -----------------------------------------------------------------------------
2020-02-05 19:47:51 - Opening Project 'cz13\instance.cibd22'...
2020-02-05 19:47:51 -    Model load successful into CBECC-Com 2022.0.1 RV (1113)
2020-02-05 19:47:52 - Performing Building Database check...
2020-02-05 19:47:52 - Building Database check completed, no problems found.
2020-02-05 19:47:55 -   PerfAnal_NRes - starting, w/ arguments:
2020-02-05 19:47:55 -        BEMBasePathFile    = (null)
2020-02-05 19:47:55 -        RulesetPathFile    = (null)
2020-02-05 19:47:55 -        SimWeatherPath     = C:\Users\agoyal\Documents\CBECC-Com 2022 Data\EPW\
2020-02-05 19:47:55 -        CompMgrDLLPath     = (null)
2020-02-05 19:47:55 -        DHWWeatherPath     = (null)
2020-02-05 19:47:55 -        ProcessingPath     = C:\Users\agoyal\Documents\GitHub\T24-2022-CASE-Modeling\framework\analysis\hpte\runs\mumr-win-prop\cz13\instance - run\
2020-02-05 19:47:55 -        ModelPathFile      = C:\Users\agoyal\Documents\GitHub\T24-2022-CASE-Modeling\framework\analysis\hpte\runs\mumr-win-prop\cz13\instance.cibd22
2020-02-05 19:47:55 -        LogPathFile        = (null)
2020-02-05 19:47:55 -        UIVersionString    = CBECC-Com 2022.0.1 RV (1113)
2020-02-05 19:47:55 -        LoadModelFile      = false
2020-02-05 19:47:55 -        OptionsCSV         = AllowAnalysisAbort,0,StoreBEMDetails,1,AnalysisThruStep,8,ModelRpt_ALL,1,ExportHourlyResults_All,1,PromptUserUMLHWarning,1,PreAnalysisCheckPromptOption,3,CompReportWarningOption,5,
2020-02-05 19:47:55 -        ErrorMsg           = (assumed to be initialized)
2020-02-05 19:47:55 -        ErrorMsgLen        = 2056
2020-02-05 19:47:55 -        DisplayProgress    = true
2020-02-05 19:47:55 -        ResultsSummary     = (empty)
2020-02-05 19:47:55 -        ResultsSummaryLen  = 3200
2020-02-05 19:47:55 -        pProgCallbackFunc  = (null)
2020-02-05 19:47:56 - Performing Building Database check...
2020-02-05 19:47:56 - Building Database check completed, no problems found.
2020-02-05 19:47:56 - Warning:  The following developer options must be defaulted (not specified by the user) in order to perform a valid compliance analysis:
          Proj 'Mid-Rise Mixed-Use (5-story)' AutoHardSize
          Proj 'Mid-Rise Mixed-Use (5-story)' AutoEffInput
2020-02-05 19:47:57 -    1 file hash check(s) failed on executable and/or analysis support files (analysis continuing w/ report signature disabled)
2020-02-05 19:47:58 -   PerfAnal_NRes - AnalysisThruStep being set to #7 due to Proj:AnalysisType = Title24ProposedOnly
2020-02-05 19:47:58 - Performing Building Database check...
2020-02-05 19:47:59 - Building Database check completed, no problems found.
2020-02-05 19:47:59 - Warning:  The AirSystem:Count for multi-zone system 'DOAS1' is not consistent with the maximum or minimum ThermalZone:Multiplier of the zones the system serves. This indicates the HVAC system serves more than 1 floor, or that Multipliers or system Count may be improperly defined. Check inputs for consistency. evaluating rule: Set CHECKCODE AirSys:Cnt  (68:'HVACSecondary-General.rule' line 1398)
2020-02-05 19:48:02 -   PerfAnal_NRes - Bypassing OpenStudio (and simulation) for zp model
2020-02-05 19:48:05 -   PerfAnal_NRes - Bypassing OpenStudio (and simulation) for zb model
2020-02-05 19:51:04 - Error:  Undefined data: numerator evaluating rule: Set ANNUAL_BASELINE Fan:FlowCap  (75:'HVACSecondary-Fan-General.rule' line 494)
2020-02-05 19:51:04 - Error:  Undefined data: numerator evaluating rule: Set ANNUAL_BASELINE Fan:FlowCap  (75:'HVACSecondary-Fan-General.rule' line 494)
2020-02-05 19:51:04 - Error:  Undefined data: numerator evaluating rule: Set ANNUAL_BASELINE Fan:FlowCap  (75:'HVACSecondary-Fan-General.rule' line 494)
2020-02-05 19:51:04 - Error:  Undefined data: numerator evaluating rule: Set ANNUAL_BASELINE Fan:FlowCap  (75:'HVACSecondary-Fan-General.rule' line 529)
2020-02-05 19:51:04 - Error:  Undefined data: numerator evaluating rule: Set ANNUAL_BASELINE Fan:FlowCap  (75:'HVACSecondary-Fan-General.rule' line 529)
2020-02-05 19:51:04 - Error:  Undefined data: numerator evaluating rule: Set ANNUAL_BASELINE Fan:FlowCap  (75:'HVACSecondary-Fan-General.rule' line 529)
2020-02-05 19:51:04 - Error:  Undefined data: numerator evaluating rule: Set ANNUAL_BASELINE Fan:FlowCap  (75:'HVACSecondary-Fan-General.rule' line 529)
2020-02-05 19:51:04 - Error:  Undefined data: numerator evaluating rule: Set ANNUAL_BASELINE Fan:FlowCap  (75:'HVACSecondary-Fan-General.rule' line 529)
2020-02-05 19:51:04 - Error:  Undefined data: numerator evaluating rule: Set ANNUAL_BASELINE Fan:FlowCap  (75:'HVACSecondary-Fan-General.rule' line 529)
2020-02-05 19:51:04 - Error:  Undefined data: numerator evaluating rule: Set ANNUAL_BASELINE Fan:FlowCap  (75:'HVACSecondary-Fan-General.rule' line 529)
2020-02-05 19:51:04 - Error:  Undefined data: numerator evaluating rule: Set ANNUAL_BASELINE Fan:FlowCap  (75:'HVACSecondary-Fan-General.rule' line 529)
2020-02-05 19:51:04 - Error:  Undefined data: numerator evaluating rule: Set ANNUAL_BASELINE Fan:FlowCap  (75:'HVACSecondary-Fan-General.rule' line 529)
2020-02-05 19:51:04 - Error:  Undefined data: numerator evaluating rule: Set ANNUAL_BASELINE Fan:FlowCap  (75:'HVACSecondary-Fan-General.rule' line 529)
2020-02-05 19:51:04 - Error:  Undefined data: numerator evaluating rule: Set ANNUAL_BASELINE Fan:FlowCap  (75:'HVACSecondary-Fan-General.rule' line 529)
2020-02-05 19:51:04 - Error:  Undefined data: numerator evaluating rule: Set ANNUAL_BASELINE Fan:FlowCap  (75:'HVACSecondary-Fan-General.rule' line 529)
2020-02-05 19:51:04 - Error:  Undefined data: numerator evaluating rule: Set ANNUAL_BASELINE Fan:FlowCap  (75:'HVACSecondary-Fan-General.rule' line 529)
2020-02-05 19:51:04 - Error:  Undefined data: numerator evaluating rule: Set ANNUAL_BASELINE Fan:FlowCap  (75:'HVACSecondary-Fan-General.rule' line 529)
2020-02-05 19:51:04 - Error:  Undefined data: numerator evaluating rule: Set ANNUAL_BASELINE Fan:FlowCap  (75:'HVACSecondary-Fan-General.rule' line 529)
2020-02-05 19:51:04 - Error:  Undefined data: numerator evaluating rule: Set ANNUAL_BASELINE Fan:FlowCap  (75:'HVACSecondary-Fan-General.rule' line 529)
2020-02-05 19:51:04 - Error:  Undefined data: numerator evaluating rule: Set ANNUAL_BASELINE Fan:FlowCap  (75:'HVACSecondary-Fan-General.rule' line 529)
2020-02-05 19:51:04 - Error:  Undefined data: numerator evaluating rule: Set ANNUAL_BASELINE Fan:FlowCap  (75:'HVACSecondary-Fan-General.rule' line 529)
2020-02-05 19:51:04 - Error:  Undefined data: numerator evaluating rule: Set ANNUAL_BASELINE Fan:FlowCap  (75:'HVACSecondary-Fan-General.rule' line 529)
2020-02-05 19:51:04 - Error:  Undefined data: numerator evaluating rule: Set ANNUAL_BASELINE Fan:FlowCap  (75:'HVACSecondary-Fan-General.rule' line 529)
2020-02-05 19:51:04 - Error:  Undefined data: numerator evaluating rule: Set ANNUAL_BASELINE Fan:FlowCap  (75:'HVACSecondary-Fan-General.rule' line 529)
2020-02-05 19:51:04 - Error:  Undefined data: numerator evaluating rule: Set ANNUAL_BASELINE Fan:FlowCap  (75:'HVACSecondary-Fan-General.rule' line 529)
2020-02-05 19:51:04 - Error:  Division by zero evaluating rule: Set ANNUAL_BASELINE ThrmlZn:PriAirCondgSysDsgnFlow  (76:'HVACSecondary-Fan-FanRatios.rule' line 67)
2020-02-05 19:51:04 - Error:  Division by zero evaluating rule: Set ANNUAL_BASELINE ThrmlZn:PriAirCondgSysDsgnFlow  (76:'HVACSecondary-Fan-FanRatios.rule' line 67)
2020-02-05 19:51:04 - Error:  Division by zero evaluating rule: Set ANNUAL_BASELINE ThrmlZn:PriAirCondgSysDsgnFlow  (76:'HVACSecondary-Fan-FanRatios.rule' line 67)
2020-02-05 19:51:04 - Error:  Division by zero evaluating rule: Set ANNUAL_BASELINE ThrmlZn:PriAirCondgSysDsgnFlow  (76:'HVACSecondary-Fan-FanRatios.rule' line 67)
2020-02-05 19:51:04 - Error:  Division by zero evaluating rule: Set ANNUAL_BASELINE ThrmlZn:PriAirCondgSysDsgnFlow  (76:'HVACSecondary-Fan-FanRatios.rule' line 67)
2020-02-05 19:51:04 - Error:  Division by zero evaluating rule: Set ANNUAL_BASELINE ThrmlZn:PriAirCondgSysDsgnFlow  (76:'HVACSecondary-Fan-FanRatios.rule' line 67)
2020-02-05 19:51:04 - Error:  Division by zero evaluating rule: Set ANNUAL_BASELINE ThrmlZn:PriAirCondgSysDsgnFlow  (76:'HVACSecondary-Fan-FanRatios.rule' line 67)
2020-02-05 19:51:04 - Error:  Division by zero evaluating rule: Set ANNUAL_BASELINE ThrmlZn:PriAirCondgSysDsgnFlow  (76:'HVACSecondary-Fan-FanRatios.rule' line 67)
2020-02-05 19:51:04 - Error:  Division by zero evaluating rule: Set ANNUAL_BASELINE ThrmlZn:PriAirCondgSysDsgnFlow  (76:'HVACSecondary-Fan-FanRatios.rule' line 67)
2020-02-05 19:51:04 - Error:  Division by zero evaluating rule: Set ANNUAL_BASELINE ThrmlZn:PriAirCondgSysDsgnFlow  (76:'HVACSecondary-Fan-FanRatios.rule' line 67)
2020-02-05 19:51:04 - Error:  Division by zero evaluating rule: Set ANNUAL_BASELINE ThrmlZn:PriAirCondgSysDsgnFlow  (76:'HVACSecondary-Fan-FanRatios.rule' line 67)
2020-02-05 19:51:04 - Error:  Division by zero evaluating rule: Set ANNUAL_BASELINE ThrmlZn:PriAirCondgSysDsgnFlow  (76:'HVACSecondary-Fan-FanRatios.rule' line 67)
2020-02-05 19:51:04 - Error:  Division by zero evaluating rule: Set ANNUAL_BASELINE ThrmlZn:VentSysDsgnFlow  (76:'HVACSecondary-Fan-FanRatios.rule' line 111)
2020-02-05 19:51:04 - Error:  Division by zero evaluating rule: Set ANNUAL_BASELINE ThrmlZn:VentSysDsgnFlow  (76:'HVACSecondary-Fan-FanRatios.rule' line 111)
2020-02-05 19:51:04 - Error:  Division by zero evaluating rule: Set ANNUAL_BASELINE ThrmlZn:VentSysDsgnFlow  (76:'HVACSecondary-Fan-FanRatios.rule' line 111)
2020-02-05 19:51:04 - Error:  Division by zero evaluating rule: Set ANNUAL_BASELINE ThrmlZn:VentSysDsgnFlow  (76:'HVACSecondary-Fan-FanRatios.rule' line 111)
2020-02-05 19:51:04 - Error:  Division by zero evaluating rule: Set ANNUAL_BASELINE ThrmlZn:VentSysDsgnFlow  (76:'HVACSecondary-Fan-FanRatios.rule' line 111)
2020-02-05 19:51:04 - Error:  Division by zero evaluating rule: Set ANNUAL_BASELINE ThrmlZn:VentSysDsgnFlow  (76:'HVACSecondary-Fan-FanRatios.rule' line 111)
2020-02-05 19:51:04 - Error:  Division by zero evaluating rule: Set ANNUAL_BASELINE ThrmlZn:VentSysDsgnFlow  (76:'HVACSecondary-Fan-FanRatios.rule' line 111)
2020-02-05 19:51:04 - Error:  Division by zero evaluating rule: Set ANNUAL_BASELINE ThrmlZn:VentSysDsgnFlow  (76:'HVACSecondary-Fan-FanRatios.rule' line 111)
2020-02-05 19:51:04 - Error:  Division by zero evaluating rule: Set ANNUAL_BASELINE ThrmlZn:VentSysDsgnFlow  (76:'HVACSecondary-Fan-FanRatios.rule' line 111)
2020-02-05 19:51:04 - Error:  Division by zero evaluating rule: Set ANNUAL_BASELINE ThrmlZn:VentSysDsgnFlow  (76:'HVACSecondary-Fan-FanRatios.rule' line 111)
2020-02-05 19:51:04 - Error:  Division by zero evaluating rule: Set ANNUAL_BASELINE ThrmlZn:VentSysDsgnFlow  (76:'HVACSecondary-Fan-FanRatios.rule' line 111)
2020-02-05 19:51:04 - Error:  Division by zero evaluating rule: Set ANNUAL_BASELINE ThrmlZn:VentSysDsgnFlow  (76:'HVACSecondary-Fan-FanRatios.rule' line 111)
2020-02-05 19:51:06 -   PerfAnal_NRes - Bypassing OpenStudio (and simulation) for ab model
2020-02-05 19:51:06 -   PerfAnal_NRes - Completed analysis steps thru #7
2020-02-05 19:51:06 - Analysis incomplete  Processing time:  Overall 3:10 / SDD2IDF x2 avg 0:06 / SizSim x0 0:00 / AnnSim x2 avg 1:18 / ReportGen x0 0:00 / Other 0:18
2020-02-05 19:51:06 -       ResultsSummary population:  bAbort = (false) / RuleProcAbort = (false) / iRetVal = 0 / pszResultsSummary = (empty) / iResultsSummaryLen = 3200
2020-02-05 19:51:06 -       ResultsSummary components1:  2020-02-05 19:51:06 / instance / Mid-Rise Mixed-Use (5-story) / CTZ13S22A / Title24ProposedOnly / 3:10 /  / 
2020-02-05 19:51:06 -       ResultsSummary components2:  CBECC-Com 2022.0.1 RV (1113) / BEMCmpMgr 2022.0.1 RV (6107) / CA 2022 Nonresidential, Vers. 1.0 Alpha /  /  / - / C:\Users\agoyal\Documents\CBECC-Com 2022 Data\EPW\ / C:\Users\agoyal\Documents\GitHub\T24-2022-CASE-Modeling\framework\analysis\hpte\runs\mumr-win-prop\cz13\
2020-02-05 19:51:06 -       ResultsSummary:  2020-02-05 19:51:06,"instance","Mid-Rise Mixed-Use (5-story)","CTZ13S22A","Pol  0% RetAdd NoLeak",113100,141000,"Title24ProposedOnly",3:10,,,"--","--","Successful (222 warnings)",11.1767,142579,65494.6,0,203.524,13154.9,81965,303408,217441,0,149101,34551.8,0,0,704502,3231.04,0,0,0,0,8463.06,0,11694.1,586.724,0,0,0,12280.8,0,0,0,0,0,0,0,0,0,0,0,0,0,7.70665,45.701,17.3282,0,0.0465275,21.2513,19.5209,111.555,55.5512,0,38.1996,8.45706,0,0,213.762,186.737,27.0253,0,2758,"Thermal Zone: F2-4 Corridor",0,1459,"Thermal Zone: F5 Corridor",0,"--","--","",0,0,0,0,0,0,0,0,0,0,0,0,0,0,0,0,0,0,0,0,0,0,0,0,0,0,0,0,0,0,0,0,0,0,0,0,0,0,0,0,0,0,0,0,0,0,0,0,0,0,0,0,0,0,0,0,0,0,0,,,,,,,5.23815e-06,55.3712,13.5131,0,0.00594956,2.05711,14.3902,85.3375,38.321,0,25.7371,3.94427,0,0,153.34,0,0,0,0,0,0,0,0,0,0,0,0,0,0,0,"CBECC-Com 2022.0.1 RV (1113)","BEMCmpMgr 2022.0.1 RV (6107)","CA 2022 Nonresidential, Vers. 1.0 Alpha","","","-","C:\Users\agoyal\Documents\CBECC-Com 2022 Data\EPW\","C:\Users\agoyal\Documents\GitHub\T24-2022-CASE-Modeling\framework\analysis\hpte\runs\mumr-win-prop\cz13\",0.0021747,16.9955,9.17828,0,0.0307752,1.67126,9.06089,36.94,32.1279,0,25.58,5.65158,0,0,100.3,1.54924,0,0,0,0,4.05793,0,5.61,0.281326,0,0,0,5.89,0,0,0,0,0,0,0,0,0,0,0,0,0,0,0,0,0,0,0,0,0,0,0,0,0,0,0,0,2.66098,2.83072,1.52871,0,0.00512582,7.24732,1.50916,15.782,5.83428,0,4.26052,0.941311,0,0,26.8181,0,0,0,0,0,0,0,0,0,0,0,0,0,0,0,

2020-02-05 19:51:09 - -----------------------------------------------------------------------------
2020-02-05 19:51:09 - Opening Project 'cz13\instance.cibd22'...
2020-02-05 19:51:10 -    Model load successful into CBECC-Com 2022.0.1 RV (1113)
2020-02-05 19:51:10 - Performing Building Database check...
2020-02-05 19:51:10 - Building Database check completed, no problems found.
2020-02-05 19:51:14 - Project Saved
