---------------
<<<<<<< HEAD
Warning: Zone 'Zone1-zn': Unmet cooling loads during 773 hours of run.
---------------
Warning: Zone 'Zone2-zn': Unmet cooling loads during 752 hours of run.
---------------
Warning: Zone 'Zone3-zn': Unmet cooling loads during 409 hours of run.
---------------
Warning: 
  Zone 'MechanicalRoom1-zn': Unmet heating loads during 1554 hours of run.
---------------
Warning: 
  Zone 'MechanicalRoom1-zn': Unmet cooling loads during 1594 hours of run.
---------------
Warning: Zone 'Attic-atc': Condensation occurred in 1117 subhours of run.
    Total condensation heat = 107.369 kBtu.
=======
Warning at hour/subhour 25/20 on autoSizing 23-Jul iteration 30:
  AutoSize pass 1A has not converged.  Abandoning after 30 iterations.
---------------
Warning: Zone 'Zone1-zn': Unmet cooling loads during 322 hours of run.
---------------
Warning: Zone 'Zone2-zn': Unmet cooling loads during 425 hours of run.
---------------
Warning: Zone 'Zone3-zn': Unmet cooling loads during 324 hours of run.
---------------
Warning: Zone 'Corridor1-zn': Condensation occurred in 304 subhours of run.
    Total condensation heat = 15.0786 kBtu.
---------------
Warning: Zone 'Corridor1-zn': Unmet cooling loads during 272 hours of run.
---------------
Warning: 
  Zone 'BusinessCenter1-zn': Condensation occurred in 2544 subhours of run.
    Total condensation heat = 53.8952 kBtu.
---------------
Warning: 
  Zone 'BusinessCenter1-zn': Unmet cooling loads during 491 hours of run.
---------------
Warning: 
  Zone 'FitnessCenter1-zn': Condensation occurred in 44522 subhours of run.
    Total condensation heat = 2604.73 kBtu.
---------------
Warning: 
  Zone 'FitnessCenter1-zn': Unmet cooling loads during 429 hours of run.
---------------
Warning: Zone 'Laundry1-zn': Unmet cooling loads during 254 hours of run.
---------------
Warning: 
  Zone 'LeasingOffice1-zn': Unmet cooling loads during 210 hours of run.
---------------
Warning: Zone 'Lobby1-zn': Condensation occurred in 26127 subhours of run.
    Total condensation heat = 2027.68 kBtu.
---------------
Warning: Zone 'Lobby1-zn': Unmet cooling loads during 311 hours of run.
---------------
Warning: 
  Zone 'MechanicalRoom1-zn': Unmet heating loads during 1399 hours of run.
---------------
Warning: 
  Zone 'MechanicalRoom1-zn': Unmet cooling loads during 3012 hours of run.
---------------
Warning: Zone 'Stairs1-zn': Unmet cooling loads during 173 hours of run.
---------------
Warning: Zone 'Corridor2-zn': Unmet cooling loads during 490 hours of run.
---------------
Warning: Zone 'Corridor3-zn': Unmet cooling loads during 290 hours of run.
---------------
Warning: Zone 'Stairs2-zn': Unmet cooling loads during 186 hours of run.
---------------
Warning: Zone 'Stairs3-zn': Unmet cooling loads during 186 hours of run.
---------------
Warning: Zone 'Attic-atc': Condensation occurred in 3242 subhours of run.
    Total condensation heat = 423.968 kBtu.
>>>>>>> 10ad2510af88116d2a65a7c6704f25e3af30dc33
---------------
