2020-02-20 16:30:03 - -----------------------------------------------------------------------------
2020-02-20 16:30:03 - Opening Project 'cz02\instance.cibd22'...
2020-02-20 16:30:03 - Error resolving project component references: 62 not found.
2020-02-20 16:30:03 -       'Res Fixed Window' (62 times)
2020-02-20 16:30:03 -    Model load failed (return code 6) into CBECC-Com 2022.0.1 RV (1113)
2020-02-20 16:30:03 - Error(s) encountered (return code 6: Unable to read/parse building energy model file) reading project file:  C:\Users\agoyal\Documents\GitHub\T24-2022-CASE-Modeling\framework\analysis\hpte\runs\mumr-win-propcomb\cz02\instance.cibd22
2020-02-20 16:30:04 - Performing Building Database check...
2020-02-20 16:30:04 - Building Database check completed, no problems found.
2020-02-20 16:30:08 -   PerfAnal_NRes - starting, w/ arguments:
2020-02-20 16:30:08 -        BEMBasePathFile    = (null)
2020-02-20 16:30:08 -        RulesetPathFile    = (null)
2020-02-20 16:30:08 -        SimWeatherPath     = C:\Users\agoyal\Documents\CBECC-Com 2022 Data\EPW\
2020-02-20 16:30:08 -        CompMgrDLLPath     = (null)
2020-02-20 16:30:08 -        DHWWeatherPath     = (null)
2020-02-20 16:30:08 -        ProcessingPath     = C:\Users\agoyal\Documents\GitHub\T24-2022-CASE-Modeling\framework\analysis\hpte\runs\mumr-win-propcomb\cz02\instance - run\
2020-02-20 16:30:08 -        ModelPathFile      = C:\Users\agoyal\Documents\GitHub\T24-2022-CASE-Modeling\framework\analysis\hpte\runs\mumr-win-propcomb\cz02\instance.cibd22
2020-02-20 16:30:08 -        LogPathFile        = (null)
2020-02-20 16:30:08 -        UIVersionString    = CBECC-Com 2022.0.1 RV (1113)
2020-02-20 16:30:08 -        LoadModelFile      = false
2020-02-20 16:30:08 -        OptionsCSV         = AllowAnalysisAbort,0,StoreBEMDetails,1,AnalysisThruStep,8,ModelRpt_ALL,1,ExportHourlyResults_All,1,PromptUserUMLHWarning,1,PreAnalysisCheckPromptOption,3,CompReportWarningOption,5,
2020-02-20 16:30:08 -        ErrorMsg           = (assumed to be initialized)
2020-02-20 16:30:08 -        ErrorMsgLen        = 2056
2020-02-20 16:30:08 -        DisplayProgress    = true
2020-02-20 16:30:08 -        ResultsSummary     = (empty)
2020-02-20 16:30:08 -        ResultsSummaryLen  = 3200
2020-02-20 16:30:08 -        pProgCallbackFunc  = (null)
2020-02-20 16:30:08 - Performing Building Database check...
2020-02-20 16:30:08 - Building Database check completed, no problems found.
2020-02-20 16:30:08 - Warning:  The following developer options must be defaulted (not specified by the user) in order to perform a valid compliance analysis:
          Proj 'Mid-Rise Mixed-Use (5-story)' AutoHardSize
          Proj 'Mid-Rise Mixed-Use (5-story)' AutoEffInput
2020-02-20 16:30:09 -    1 file hash check(s) failed on executable and/or analysis support files (analysis continuing w/ report signature disabled)
2020-02-20 16:30:11 -   PerfAnal_NRes - AnalysisThruStep being set to #7 due to Proj:AnalysisType = Title24ProposedOnly
2020-02-20 16:30:11 - Performing Building Database check...
2020-02-20 16:30:11 - Building Database check completed, no problems found.
2020-02-20 16:30:11 - Error:  A valid fenestration construction must be applied to window 'Sub Surface 31'. evaluating rule: Set CHECKSIM Win:FenConsRef  (34:'Fenestration-General.rule' line 74)
2020-02-20 16:30:11 - Error:  A valid fenestration construction must be applied to window 'Sub Surface 124'. evaluating rule: Set CHECKSIM Win:FenConsRef  (34:'Fenestration-General.rule' line 74)
2020-02-20 16:30:11 - Error:  A valid fenestration construction must be applied to window 'Sub Surface 127'. evaluating rule: Set CHECKSIM Win:FenConsRef  (34:'Fenestration-General.rule' line 74)
2020-02-20 16:30:11 - Error:  A valid fenestration construction must be applied to window 'Sub Surface 125'. evaluating rule: Set CHECKSIM Win:FenConsRef  (34:'Fenestration-General.rule' line 74)
2020-02-20 16:30:11 - Error:  A valid fenestration construction must be applied to window 'Sub Surface 135'. evaluating rule: Set CHECKSIM Win:FenConsRef  (34:'Fenestration-General.rule' line 74)
2020-02-20 16:30:11 - Error:  A valid fenestration construction must be applied to window 'Sub Surface 121'. evaluating rule: Set CHECKSIM Win:FenConsRef  (34:'Fenestration-General.rule' line 74)
2020-02-20 16:30:11 - Error:  A valid fenestration construction must be applied to window 'Sub Surface 122'. evaluating rule: Set CHECKSIM Win:FenConsRef  (34:'Fenestration-General.rule' line 74)
2020-02-20 16:30:11 - Error:  A valid fenestration construction must be applied to window 'Sub Surface 120'. evaluating rule: Set CHECKSIM Win:FenConsRef  (34:'Fenestration-General.rule' line 74)
2020-02-20 16:30:11 - Error:  A valid fenestration construction must be applied to window 'Sub Surface 123'. evaluating rule: Set CHECKSIM Win:FenConsRef  (34:'Fenestration-General.rule' line 74)
2020-02-20 16:30:11 - Error:  A valid fenestration construction must be applied to window 'Sub Surface 144'. evaluating rule: Set CHECKSIM Win:FenConsRef  (34:'Fenestration-General.rule' line 74)
2020-02-20 16:30:11 - Error:  A valid fenestration construction must be applied to window 'Sub Surface 141'. evaluating rule: Set CHECKSIM Win:FenConsRef  (34:'Fenestration-General.rule' line 74)
2020-02-20 16:30:11 - Error:  A valid fenestration construction must be applied to window 'Sub Surface 140'. evaluating rule: Set CHECKSIM Win:FenConsRef  (34:'Fenestration-General.rule' line 74)
2020-02-20 16:30:11 - Error:  A valid fenestration construction must be applied to window 'Sub Surface 136'. evaluating rule: Set CHECKSIM Win:FenConsRef  (34:'Fenestration-General.rule' line 74)
2020-02-20 16:30:11 - Error:  A valid fenestration construction must be applied to window 'Sub Surface 134'. evaluating rule: Set CHECKSIM Win:FenConsRef  (34:'Fenestration-General.rule' line 74)
2020-02-20 16:30:11 - Error:  A valid fenestration construction must be applied to window 'Sub Surface 148'. evaluating rule: Set CHECKSIM Win:FenConsRef  (34:'Fenestration-General.rule' line 74)
2020-02-20 16:30:11 - Error:  A valid fenestration construction must be applied to window 'Sub Surface 149'. evaluating rule: Set CHECKSIM Win:FenConsRef  (34:'Fenestration-General.rule' line 74)
2020-02-20 16:30:11 - Error:  A valid fenestration construction must be applied to window 'Sub Surface 119'. evaluating rule: Set CHECKSIM Win:FenConsRef  (34:'Fenestration-General.rule' line 74)
2020-02-20 16:30:11 - Error:  A valid fenestration construction must be applied to window 'Sub Surface 153'. evaluating rule: Set CHECKSIM Win:FenConsRef  (34:'Fenestration-General.rule' line 74)
2020-02-20 16:30:11 - Error:  A valid fenestration construction must be applied to window 'Sub Surface 154'. evaluating rule: Set CHECKSIM Win:FenConsRef  (34:'Fenestration-General.rule' line 74)
2020-02-20 16:30:11 - Error:  A valid fenestration construction must be applied to window 'Sub Surface 107'. evaluating rule: Set CHECKSIM Win:FenConsRef  (34:'Fenestration-General.rule' line 74)
2020-02-20 16:30:11 - Error:  A valid fenestration construction must be applied to window 'Sub Surface 138'. evaluating rule: Set CHECKSIM Win:FenConsRef  (34:'Fenestration-General.rule' line 74)
2020-02-20 16:30:11 - Error:  A valid fenestration construction must be applied to window 'Sub Surface 139'. evaluating rule: Set CHECKSIM Win:FenConsRef  (34:'Fenestration-General.rule' line 74)
2020-02-20 16:30:11 - Error:  A valid fenestration construction must be applied to window 'Sub Surface 129'. evaluating rule: Set CHECKSIM Win:FenConsRef  (34:'Fenestration-General.rule' line 74)
2020-02-20 16:30:11 - Error:  A valid fenestration construction must be applied to window 'Sub Surface 130'. evaluating rule: Set CHECKSIM Win:FenConsRef  (34:'Fenestration-General.rule' line 74)
2020-02-20 16:30:11 - Error:  A valid fenestration construction must be applied to window 'Sub Surface 137'. evaluating rule: Set CHECKSIM Win:FenConsRef  (34:'Fenestration-General.rule' line 74)
2020-02-20 16:30:11 - Error:  A valid fenestration construction must be applied to window 'Sub Surface 145'. evaluating rule: Set CHECKSIM Win:FenConsRef  (34:'Fenestration-General.rule' line 74)
2020-02-20 16:30:11 - Error:  A valid fenestration construction must be applied to window 'Sub Surface 152'. evaluating rule: Set CHECKSIM Win:FenConsRef  (34:'Fenestration-General.rule' line 74)
2020-02-20 16:30:11 - Error:  A valid fenestration construction must be applied to window 'Sub Surface 150'. evaluating rule: Set CHECKSIM Win:FenConsRef  (34:'Fenestration-General.rule' line 74)
2020-02-20 16:30:11 - Error:  A valid fenestration construction must be applied to window 'Sub Surface 151'. evaluating rule: Set CHECKSIM Win:FenConsRef  (34:'Fenestration-General.rule' line 74)
2020-02-20 16:30:11 - Error:  A valid fenestration construction must be applied to window 'Sub Surface 131'. evaluating rule: Set CHECKSIM Win:FenConsRef  (34:'Fenestration-General.rule' line 74)
2020-02-20 16:30:11 - Error:  A valid fenestration construction must be applied to window 'Sub Surface 132'. evaluating rule: Set CHECKSIM Win:FenConsRef  (34:'Fenestration-General.rule' line 74)
2020-02-20 16:30:11 - Error:  A valid fenestration construction must be applied to window 'Sub Surface 115'. evaluating rule: Set CHECKSIM Win:FenConsRef  (34:'Fenestration-General.rule' line 74)
2020-02-20 16:30:11 - Error:  A valid fenestration construction must be applied to window 'Sub Surface 103'. evaluating rule: Set CHECKSIM Win:FenConsRef  (34:'Fenestration-General.rule' line 74)
2020-02-20 16:30:11 - Error:  A valid fenestration construction must be applied to window 'Sub Surface 116'. evaluating rule: Set CHECKSIM Win:FenConsRef  (34:'Fenestration-General.rule' line 74)
2020-02-20 16:30:11 - Error:  A valid fenestration construction must be applied to window 'Sub Surface 102'. evaluating rule: Set CHECKSIM Win:FenConsRef  (34:'Fenestration-General.rule' line 74)
2020-02-20 16:30:11 - Error:  A valid fenestration construction must be applied to window 'Sub Surface 108'. evaluating rule: Set CHECKSIM Win:FenConsRef  (34:'Fenestration-General.rule' line 74)
2020-02-20 16:30:11 - Error:  A valid fenestration construction must be applied to window 'Sub Surface 97'. evaluating rule: Set CHECKSIM Win:FenConsRef  (34:'Fenestration-General.rule' line 74)
2020-02-20 16:30:11 - Error:  A valid fenestration construction must be applied to window 'Sub Surface 95'. evaluating rule: Set CHECKSIM Win:FenConsRef  (34:'Fenestration-General.rule' line 74)
2020-02-20 16:30:11 - Error:  A valid fenestration construction must be applied to window 'Sub Surface 109'. evaluating rule: Set CHECKSIM Win:FenConsRef  (34:'Fenestration-General.rule' line 74)
2020-02-20 16:30:11 - Error:  A valid fenestration construction must be applied to window 'Sub Surface 133'. evaluating rule: Set CHECKSIM Win:FenConsRef  (34:'Fenestration-General.rule' line 74)
2020-02-20 16:30:11 - Error:  A valid fenestration construction must be applied to window 'Sub Surface 94'. evaluating rule: Set CHECKSIM Win:FenConsRef  (34:'Fenestration-General.rule' line 74)
2020-02-20 16:30:11 - Error:  A valid fenestration construction must be applied to window 'Sub Surface 98'. evaluating rule: Set CHECKSIM Win:FenConsRef  (34:'Fenestration-General.rule' line 74)
2020-02-20 16:30:11 - Error:  A valid fenestration construction must be applied to window 'Sub Surface 104'. evaluating rule: Set CHECKSIM Win:FenConsRef  (34:'Fenestration-General.rule' line 74)
2020-02-20 16:30:11 - Error:  A valid fenestration construction must be applied to window 'Sub Surface 126'. evaluating rule: Set CHECKSIM Win:FenConsRef  (34:'Fenestration-General.rule' line 74)
2020-02-20 16:30:11 - Error:  A valid fenestration construction must be applied to window 'Sub Surface 118'. evaluating rule: Set CHECKSIM Win:FenConsRef  (34:'Fenestration-General.rule' line 74)
2020-02-20 16:30:11 - Error:  A valid fenestration construction must be applied to window 'Sub Surface 146'. evaluating rule: Set CHECKSIM Win:FenConsRef  (34:'Fenestration-General.rule' line 74)
2020-02-20 16:30:11 - Error:  A valid fenestration construction must be applied to window 'Sub Surface 147'. evaluating rule: Set CHECKSIM Win:FenConsRef  (34:'Fenestration-General.rule' line 74)
2020-02-20 16:30:11 - Error:  A valid fenestration construction must be applied to window 'Sub Surface 96'. evaluating rule: Set CHECKSIM Win:FenConsRef  (34:'Fenestration-General.rule' line 74)
2020-02-20 16:30:11 - Error:  A valid fenestration construction must be applied to window 'Sub Surface 113'. evaluating rule: Set CHECKSIM Win:FenConsRef  (34:'Fenestration-General.rule' line 74)
2020-02-20 16:30:11 - Error:  A valid fenestration construction must be applied to window 'Sub Surface 114'. evaluating rule: Set CHECKSIM Win:FenConsRef  (34:'Fenestration-General.rule' line 74)
2020-02-20 16:30:11 - Error:  A valid fenestration construction must be applied to window 'Sub Surface 112'. evaluating rule: Set CHECKSIM Win:FenConsRef  (34:'Fenestration-General.rule' line 74)
2020-02-20 16:30:11 - Error:  A valid fenestration construction must be applied to window 'Sub Surface 110'. evaluating rule: Set CHECKSIM Win:FenConsRef  (34:'Fenestration-General.rule' line 74)
2020-02-20 16:30:11 - Error:  A valid fenestration construction must be applied to window 'Sub Surface 111'. evaluating rule: Set CHECKSIM Win:FenConsRef  (34:'Fenestration-General.rule' line 74)
2020-02-20 16:30:11 - Error:  A valid fenestration construction must be applied to window 'Sub Surface 105'. evaluating rule: Set CHECKSIM Win:FenConsRef  (34:'Fenestration-General.rule' line 74)
2020-02-20 16:30:11 - Error:  A valid fenestration construction must be applied to window 'Sub Surface 106'. evaluating rule: Set CHECKSIM Win:FenConsRef  (34:'Fenestration-General.rule' line 74)
2020-02-20 16:30:11 - Error:  A valid fenestration construction must be applied to window 'Sub Surface 128'. evaluating rule: Set CHECKSIM Win:FenConsRef  (34:'Fenestration-General.rule' line 74)
2020-02-20 16:30:11 - Error:  A valid fenestration construction must be applied to window 'Sub Surface 117'. evaluating rule: Set CHECKSIM Win:FenConsRef  (34:'Fenestration-General.rule' line 74)
2020-02-20 16:30:11 - Error:  A valid fenestration construction must be applied to window 'Sub Surface 101'. evaluating rule: Set CHECKSIM Win:FenConsRef  (34:'Fenestration-General.rule' line 74)
2020-02-20 16:30:11 - Error:  A valid fenestration construction must be applied to window 'Sub Surface 142'. evaluating rule: Set CHECKSIM Win:FenConsRef  (34:'Fenestration-General.rule' line 74)
2020-02-20 16:30:11 - Error:  A valid fenestration construction must be applied to window 'Sub Surface 143'. evaluating rule: Set CHECKSIM Win:FenConsRef  (34:'Fenestration-General.rule' line 74)
2020-02-20 16:30:11 - Error:  A valid fenestration construction must be applied to window 'Sub Surface 99'. evaluating rule: Set CHECKSIM Win:FenConsRef  (34:'Fenestration-General.rule' line 74)
2020-02-20 16:30:11 - Error:  A valid fenestration construction must be applied to window 'Sub Surface 100'. evaluating rule: Set CHECKSIM Win:FenConsRef  (34:'Fenestration-General.rule' line 74)
2020-02-20 16:30:11 - Warning:  The AirSystem:Count for multi-zone system 'DOAS1' is not consistent with the maximum or minimum ThermalZone:Multiplier of the zones the system serves. This indicates the HVAC system serves more than 1 floor, or that Multipliers or system Count may be improperly defined. Check inputs for consistency. evaluating rule: Set CHECKCODE AirSys:Cnt  (68:'HVACSecondary-General.rule' line 1398)
2020-02-20 16:30:11 - Analysis aborted  Processing time:  Overall 0:03 / SDD2IDF x0 0:00 / SizSim x0 0:00 / AnnSim x0 0:00 / ReportGen x0 0:00 / Other 0:03
2020-02-20 16:30:11 -       ResultsSummary population:  bAbort = (true) / RuleProcAbort = (false) / iRetVal = 12 / pszResultsSummary = (empty) / iResultsSummaryLen = 3200
2020-02-20 16:30:11 - 62 Error(s) encountered performing analysis (error code 12):
     (first 10 reported below, all are listed in project log file)

(1) Error:  A valid fenestration construction must be applied to window 'Sub Surface 31'. evaluating rule: Set CHECKSIM Win:FenConsRef  (34:'Fenestration-General.rule' line 74)

(2) Error:  A valid fenestration construction must be applied to window 'Sub Surface 124'. evaluating rule: Set CHECKSIM Win:FenConsRef  (34:'Fenestration-General.rule' line 74)

(3) Error:  A valid fenestration construction must be applied to window 'Sub Surface 127'. evaluating rule: Set CHECKSIM Win:FenConsRef  (34:'Fenestration-General.rule' line 74)

(4) Error:  A valid fenestration construction must be applied to window 'Sub Surface 125'. evaluating rule: Set CHECKSIM Win:FenConsRef  (34:'Fenestration-General.rule' line 74)

(5) Error:  A valid fenestration construction must be applied to window 'Sub Surface 135'. evaluating rule: Set CHECKSIM Win:FenConsRef  (34:'Fenestration-General.rule' line 74)

(6) Error:  A valid fenestration construction must be applied to window 'Sub Surface 121'. evaluating rule: Set CHECKSIM Win:FenConsRef  (34:'Fenestration-General.rule' line 74)

(7) Error:  A valid fenestration construction must be applied to window 'Sub Surface 122'. evaluating rule: Set CHECKSIM Win:FenConsRef  (34:'Fenestration-General.rule' line 74)

(8) Error:  A valid fenestration construction must be applied to window 'Sub Surface 120'. evaluating rule: Set CHECKSIM Win:FenConsRef  (34:'Fenestration-General.rule' line 74)

(9) Error:  A valid fenestration construction must be applied to window 'Sub Surface 123'. evaluating rule: Set CHECKSIM Win:FenConsRef  (34:'Fenestration-General.rule' line 74)

(10) Error:  A valid fenestration construction must be applied to window 'Sub Surface 144'. evaluating rule: Set CHECKSIM Win:FenConsRef  (34:'Fenestration-General.rule' line 74)
2020-02-20 16:30:12 - -----------------------------------------------------------------------------
2020-02-20 16:30:12 - Opening Project 'cz02\instance.cibd22'...
2020-02-20 16:30:13 - Error resolving project component references: 62 not found.
2020-02-20 16:30:13 -       'Res Fixed Window' (62 times)
2020-02-20 16:30:13 -    Model load failed (return code 6) into CBECC-Com 2022.0.1 RV (1113)
2020-02-20 16:30:13 - Error(s) encountered (return code 6: Unable to read/parse building energy model file) reading project file:  C:\Users\agoyal\Documents\GitHub\T24-2022-CASE-Modeling\framework\analysis\hpte\runs\mumr-win-propcomb\cz02\instance.cibd22
2020-02-20 16:30:15 - Project Saved
2020-02-20 16:34:48 - -----------------------------------------------------------------------------
2020-02-20 16:34:48 - Opening Project 'cz02\instance.cibd22'...
2020-02-20 16:34:49 -    Model load successful into CBECC-Com 2022.0.1 RV (1113)
2020-02-20 16:34:49 - Performing Building Database check...
2020-02-20 16:34:49 - Building Database check completed, no problems found.
2020-02-20 16:34:53 -   PerfAnal_NRes - starting, w/ arguments:
2020-02-20 16:34:53 -        BEMBasePathFile    = (null)
2020-02-20 16:34:53 -        RulesetPathFile    = (null)
2020-02-20 16:34:53 -        SimWeatherPath     = C:\Users\agoyal\Documents\CBECC-Com 2022 Data\EPW\
2020-02-20 16:34:53 -        CompMgrDLLPath     = (null)
2020-02-20 16:34:53 -        DHWWeatherPath     = (null)
2020-02-20 16:34:53 -        ProcessingPath     = C:\Users\agoyal\Documents\GitHub\T24-2022-CASE-Modeling\framework\analysis\hpte\runs\mumr-win-propcomb\cz02\instance - run\
2020-02-20 16:34:53 -        ModelPathFile      = C:\Users\agoyal\Documents\GitHub\T24-2022-CASE-Modeling\framework\analysis\hpte\runs\mumr-win-propcomb\cz02\instance.cibd22
2020-02-20 16:34:53 -        LogPathFile        = (null)
2020-02-20 16:34:53 -        UIVersionString    = CBECC-Com 2022.0.1 RV (1113)
2020-02-20 16:34:53 -        LoadModelFile      = false
2020-02-20 16:34:53 -        OptionsCSV         = AllowAnalysisAbort,0,StoreBEMDetails,1,AnalysisThruStep,8,ModelRpt_ALL,1,ExportHourlyResults_All,1,PromptUserUMLHWarning,1,PreAnalysisCheckPromptOption,3,CompReportWarningOption,5,
2020-02-20 16:34:53 -        ErrorMsg           = (assumed to be initialized)
2020-02-20 16:34:53 -        ErrorMsgLen        = 2056
2020-02-20 16:34:53 -        DisplayProgress    = true
2020-02-20 16:34:53 -        ResultsSummary     = (empty)
2020-02-20 16:34:53 -        ResultsSummaryLen  = 3200
2020-02-20 16:34:53 -        pProgCallbackFunc  = (null)
2020-02-20 16:34:54 - Performing Building Database check...
2020-02-20 16:34:54 - Building Database check completed, no problems found.
2020-02-20 16:34:54 - Warning:  The following developer options must be defaulted (not specified by the user) in order to perform a valid compliance analysis:
          Proj 'Mid-Rise Mixed-Use (5-story)' AutoHardSize
          Proj 'Mid-Rise Mixed-Use (5-story)' AutoEffInput
2020-02-20 16:34:54 -    1 file hash check(s) failed on executable and/or analysis support files (analysis continuing w/ report signature disabled)
2020-02-20 16:34:56 -   PerfAnal_NRes - AnalysisThruStep being set to #7 due to Proj:AnalysisType = Title24ProposedOnly
2020-02-20 16:34:56 - Performing Building Database check...
2020-02-20 16:34:56 - Building Database check completed, no problems found.
2020-02-20 16:34:56 - Warning:  The AirSystem:Count for multi-zone system 'DOAS1' is not consistent with the maximum or minimum ThermalZone:Multiplier of the zones the system serves. This indicates the HVAC system serves more than 1 floor, or that Multipliers or system Count may be improperly defined. Check inputs for consistency. evaluating rule: Set CHECKCODE AirSys:Cnt  (68:'HVACSecondary-General.rule' line 1398)
2020-02-20 16:34:59 -   PerfAnal_NRes - Bypassing OpenStudio (and simulation) for zp model
2020-02-20 16:35:01 -   PerfAnal_NRes - Bypassing OpenStudio (and simulation) for zb model
2020-02-20 16:38:35 - Error:  Undefined data: numerator evaluating rule: Set ANNUAL_BASELINE Fan:FlowCap  (75:'HVACSecondary-Fan-General.rule' line 494)
2020-02-20 16:38:35 - Error:  Undefined data: numerator evaluating rule: Set ANNUAL_BASELINE Fan:FlowCap  (75:'HVACSecondary-Fan-General.rule' line 494)
2020-02-20 16:38:35 - Error:  Undefined data: numerator evaluating rule: Set ANNUAL_BASELINE Fan:FlowCap  (75:'HVACSecondary-Fan-General.rule' line 494)
2020-02-20 16:38:35 - Error:  Undefined data: numerator evaluating rule: Set ANNUAL_BASELINE Fan:FlowCap  (75:'HVACSecondary-Fan-General.rule' line 529)
2020-02-20 16:38:35 - Error:  Undefined data: numerator evaluating rule: Set ANNUAL_BASELINE Fan:FlowCap  (75:'HVACSecondary-Fan-General.rule' line 529)
2020-02-20 16:38:35 - Error:  Undefined data: numerator evaluating rule: Set ANNUAL_BASELINE Fan:FlowCap  (75:'HVACSecondary-Fan-General.rule' line 529)
2020-02-20 16:38:35 - Error:  Undefined data: numerator evaluating rule: Set ANNUAL_BASELINE Fan:FlowCap  (75:'HVACSecondary-Fan-General.rule' line 529)
2020-02-20 16:38:35 - Error:  Undefined data: numerator evaluating rule: Set ANNUAL_BASELINE Fan:FlowCap  (75:'HVACSecondary-Fan-General.rule' line 529)
2020-02-20 16:38:35 - Error:  Undefined data: numerator evaluating rule: Set ANNUAL_BASELINE Fan:FlowCap  (75:'HVACSecondary-Fan-General.rule' line 529)
2020-02-20 16:38:35 - Error:  Undefined data: numerator evaluating rule: Set ANNUAL_BASELINE Fan:FlowCap  (75:'HVACSecondary-Fan-General.rule' line 529)
2020-02-20 16:38:35 - Error:  Undefined data: numerator evaluating rule: Set ANNUAL_BASELINE Fan:FlowCap  (75:'HVACSecondary-Fan-General.rule' line 529)
2020-02-20 16:38:35 - Error:  Undefined data: numerator evaluating rule: Set ANNUAL_BASELINE Fan:FlowCap  (75:'HVACSecondary-Fan-General.rule' line 529)
2020-02-20 16:38:35 - Error:  Undefined data: numerator evaluating rule: Set ANNUAL_BASELINE Fan:FlowCap  (75:'HVACSecondary-Fan-General.rule' line 529)
2020-02-20 16:38:35 - Error:  Undefined data: numerator evaluating rule: Set ANNUAL_BASELINE Fan:FlowCap  (75:'HVACSecondary-Fan-General.rule' line 529)
2020-02-20 16:38:35 - Error:  Undefined data: numerator evaluating rule: Set ANNUAL_BASELINE Fan:FlowCap  (75:'HVACSecondary-Fan-General.rule' line 529)
2020-02-20 16:38:35 - Error:  Undefined data: numerator evaluating rule: Set ANNUAL_BASELINE Fan:FlowCap  (75:'HVACSecondary-Fan-General.rule' line 529)
2020-02-20 16:38:35 - Error:  Undefined data: numerator evaluating rule: Set ANNUAL_BASELINE Fan:FlowCap  (75:'HVACSecondary-Fan-General.rule' line 529)
2020-02-20 16:38:35 - Error:  Undefined data: numerator evaluating rule: Set ANNUAL_BASELINE Fan:FlowCap  (75:'HVACSecondary-Fan-General.rule' line 529)
2020-02-20 16:38:35 - Error:  Undefined data: numerator evaluating rule: Set ANNUAL_BASELINE Fan:FlowCap  (75:'HVACSecondary-Fan-General.rule' line 529)
2020-02-20 16:38:35 - Error:  Undefined data: numerator evaluating rule: Set ANNUAL_BASELINE Fan:FlowCap  (75:'HVACSecondary-Fan-General.rule' line 529)
2020-02-20 16:38:35 - Error:  Undefined data: numerator evaluating rule: Set ANNUAL_BASELINE Fan:FlowCap  (75:'HVACSecondary-Fan-General.rule' line 529)
2020-02-20 16:38:35 - Error:  Undefined data: numerator evaluating rule: Set ANNUAL_BASELINE Fan:FlowCap  (75:'HVACSecondary-Fan-General.rule' line 529)
2020-02-20 16:38:35 - Error:  Undefined data: numerator evaluating rule: Set ANNUAL_BASELINE Fan:FlowCap  (75:'HVACSecondary-Fan-General.rule' line 529)
2020-02-20 16:38:35 - Error:  Undefined data: numerator evaluating rule: Set ANNUAL_BASELINE Fan:FlowCap  (75:'HVACSecondary-Fan-General.rule' line 529)
2020-02-20 16:38:35 - Error:  Undefined data: numerator evaluating rule: Set ANNUAL_BASELINE Fan:FlowCap  (75:'HVACSecondary-Fan-General.rule' line 529)
2020-02-20 16:38:35 - Error:  Division by zero evaluating rule: Set ANNUAL_BASELINE ThrmlZn:PriAirCondgSysDsgnFlow  (76:'HVACSecondary-Fan-FanRatios.rule' line 67)
2020-02-20 16:38:35 - Error:  Division by zero evaluating rule: Set ANNUAL_BASELINE ThrmlZn:PriAirCondgSysDsgnFlow  (76:'HVACSecondary-Fan-FanRatios.rule' line 67)
2020-02-20 16:38:35 - Error:  Division by zero evaluating rule: Set ANNUAL_BASELINE ThrmlZn:PriAirCondgSysDsgnFlow  (76:'HVACSecondary-Fan-FanRatios.rule' line 67)
2020-02-20 16:38:35 - Error:  Division by zero evaluating rule: Set ANNUAL_BASELINE ThrmlZn:PriAirCondgSysDsgnFlow  (76:'HVACSecondary-Fan-FanRatios.rule' line 67)
2020-02-20 16:38:35 - Error:  Division by zero evaluating rule: Set ANNUAL_BASELINE ThrmlZn:PriAirCondgSysDsgnFlow  (76:'HVACSecondary-Fan-FanRatios.rule' line 67)
2020-02-20 16:38:35 - Error:  Division by zero evaluating rule: Set ANNUAL_BASELINE ThrmlZn:PriAirCondgSysDsgnFlow  (76:'HVACSecondary-Fan-FanRatios.rule' line 67)
2020-02-20 16:38:35 - Error:  Division by zero evaluating rule: Set ANNUAL_BASELINE ThrmlZn:PriAirCondgSysDsgnFlow  (76:'HVACSecondary-Fan-FanRatios.rule' line 67)
2020-02-20 16:38:35 - Error:  Division by zero evaluating rule: Set ANNUAL_BASELINE ThrmlZn:PriAirCondgSysDsgnFlow  (76:'HVACSecondary-Fan-FanRatios.rule' line 67)
2020-02-20 16:38:35 - Error:  Division by zero evaluating rule: Set ANNUAL_BASELINE ThrmlZn:PriAirCondgSysDsgnFlow  (76:'HVACSecondary-Fan-FanRatios.rule' line 67)
2020-02-20 16:38:35 - Error:  Division by zero evaluating rule: Set ANNUAL_BASELINE ThrmlZn:PriAirCondgSysDsgnFlow  (76:'HVACSecondary-Fan-FanRatios.rule' line 67)
2020-02-20 16:38:35 - Error:  Division by zero evaluating rule: Set ANNUAL_BASELINE ThrmlZn:PriAirCondgSysDsgnFlow  (76:'HVACSecondary-Fan-FanRatios.rule' line 67)
2020-02-20 16:38:35 - Error:  Division by zero evaluating rule: Set ANNUAL_BASELINE ThrmlZn:PriAirCondgSysDsgnFlow  (76:'HVACSecondary-Fan-FanRatios.rule' line 67)
2020-02-20 16:38:35 - Error:  Division by zero evaluating rule: Set ANNUAL_BASELINE ThrmlZn:VentSysDsgnFlow  (76:'HVACSecondary-Fan-FanRatios.rule' line 111)
2020-02-20 16:38:35 - Error:  Division by zero evaluating rule: Set ANNUAL_BASELINE ThrmlZn:VentSysDsgnFlow  (76:'HVACSecondary-Fan-FanRatios.rule' line 111)
2020-02-20 16:38:35 - Error:  Division by zero evaluating rule: Set ANNUAL_BASELINE ThrmlZn:VentSysDsgnFlow  (76:'HVACSecondary-Fan-FanRatios.rule' line 111)
2020-02-20 16:38:35 - Error:  Division by zero evaluating rule: Set ANNUAL_BASELINE ThrmlZn:VentSysDsgnFlow  (76:'HVACSecondary-Fan-FanRatios.rule' line 111)
2020-02-20 16:38:35 - Error:  Division by zero evaluating rule: Set ANNUAL_BASELINE ThrmlZn:VentSysDsgnFlow  (76:'HVACSecondary-Fan-FanRatios.rule' line 111)
2020-02-20 16:38:35 - Error:  Division by zero evaluating rule: Set ANNUAL_BASELINE ThrmlZn:VentSysDsgnFlow  (76:'HVACSecondary-Fan-FanRatios.rule' line 111)
2020-02-20 16:38:35 - Error:  Division by zero evaluating rule: Set ANNUAL_BASELINE ThrmlZn:VentSysDsgnFlow  (76:'HVACSecondary-Fan-FanRatios.rule' line 111)
2020-02-20 16:38:35 - Error:  Division by zero evaluating rule: Set ANNUAL_BASELINE ThrmlZn:VentSysDsgnFlow  (76:'HVACSecondary-Fan-FanRatios.rule' line 111)
2020-02-20 16:38:35 - Error:  Division by zero evaluating rule: Set ANNUAL_BASELINE ThrmlZn:VentSysDsgnFlow  (76:'HVACSecondary-Fan-FanRatios.rule' line 111)
2020-02-20 16:38:35 - Error:  Division by zero evaluating rule: Set ANNUAL_BASELINE ThrmlZn:VentSysDsgnFlow  (76:'HVACSecondary-Fan-FanRatios.rule' line 111)
2020-02-20 16:38:35 - Error:  Division by zero evaluating rule: Set ANNUAL_BASELINE ThrmlZn:VentSysDsgnFlow  (76:'HVACSecondary-Fan-FanRatios.rule' line 111)
2020-02-20 16:38:35 - Error:  Division by zero evaluating rule: Set ANNUAL_BASELINE ThrmlZn:VentSysDsgnFlow  (76:'HVACSecondary-Fan-FanRatios.rule' line 111)
2020-02-20 16:38:36 -   PerfAnal_NRes - Bypassing OpenStudio (and simulation) for ab model
2020-02-20 16:38:36 -   PerfAnal_NRes - Completed analysis steps thru #7
2020-02-20 16:38:36 - Analysis incomplete  Processing time:  Overall 3:43 / SDD2IDF x2 avg 0:05 / SizSim x0 0:00 / AnnSim x2 avg 1:36 / ReportGen x0 0:00 / Other 0:18
2020-02-20 16:38:36 -       ResultsSummary population:  bAbort = (false) / RuleProcAbort = (false) / iRetVal = 0 / pszResultsSummary = (empty) / iResultsSummaryLen = 3200
2020-02-20 16:38:36 -       ResultsSummary components1:  2020-02-20 16:38:36 / instance / Mid-Rise Mixed-Use (5-story) / CTZ02S22A / Title24ProposedOnly / 3:43 /  / 
2020-02-20 16:38:36 -       ResultsSummary components2:  CBECC-Com 2022.0.1 RV (1113) / BEMCmpMgr 2022.0.1 RV (6107) / CA 2022 Nonresidential, Vers. 1.0 Alpha /  /  / - / C:\Users\agoyal\Documents\CBECC-Com 2022 Data\EPW\ / C:\Users\agoyal\Documents\GitHub\T24-2022-CASE-Modeling\framework\analysis\hpte\runs\mumr-win-propcomb\cz02\
2020-02-20 16:38:36 -       ResultsSummary:  2020-02-20 16:38:36,"instance","Mid-Rise Mixed-Use (5-story)","CTZ02S22A","Pol  0% RetAdd NoLeak",113100,141000,"Title24ProposedOnly",3:43,,,"--","--","Successful (219 warnings)",11.9243,63579.8,53134.8,0,265.182,13789.1,81930,212711,217441,0,149101,34551.8,0,0,613805,3622.24,0,0,0,0,10627.8,0,14250,586.724,0,0,0,14836.7,0,0,0,0,0,0,0,0,0,0,0,0,0,8.47059,24.243,14.0989,0,0.0606988,25.8823,19.575,92.3305,55.5452,0,38.181,8.44143,0,0,194.498,162.234,32.2644,0,1510.5,"Thermal Zone: F5 Corridor",0,2076.25,"Thermal Zone: F5 Corridor",0,"--","--","",0,0,0,0,0,0,0,0,0,0,0,0,0,0,0,0,0,0,0,0,0,0,0,0,0,0,0,0,0,0,0,0,0,0,0,0,0,0,0,0,0,0,0,0,0,0,0,0,0,0,0,0,0,0,0,0,0,0,0,,,,,,,7.84619e-05,25.5147,9.72437,0,0.0456686,2.25902,14.3388,51.8826,38.321,0,25.7371,3.94427,0,0,119.885,0,0,0,0,0,0,0,0,0,0,0,0,0,0,0,"CBECC-Com 2022.0.1 RV (1113)","BEMCmpMgr 2022.0.1 RV (6107)","CA 2022 Nonresidential, Vers. 1.0 Alpha","","","-","C:\Users\agoyal\Documents\CBECC-Com 2022 Data\EPW\","C:\Users\agoyal\Documents\GitHub\T24-2022-CASE-Modeling\framework\analysis\hpte\runs\mumr-win-propcomb\cz02\",0.00216328,7.07714,7.69243,0,0.0356502,1.7474,9.05248,25.61,32.1279,0,25.58,5.65158,0,0,88.97,1.73682,0,0,0,0,5.09587,0,6.84,0.281326,0,0,0,7.12,0,0,0,0,0,0,0,0,0,0,0,0,0,0,0,0,0,0,0,0,0,0,0,0,0,0,0,0,2.98311,1.17875,1.28123,0,0.00593779,9.04253,1.50776,15.9993,5.83428,0,4.26052,0.941311,0,0,27.0354,0,0,0,0,0,0,0,0,0,0,0,0,0,0,0,

2020-02-20 16:38:40 - -----------------------------------------------------------------------------
2020-02-20 16:38:40 - Opening Project 'cz02\instance.cibd22'...
2020-02-20 16:38:41 -    Model load successful into CBECC-Com 2022.0.1 RV (1113)
2020-02-20 16:38:41 - Performing Building Database check...
2020-02-20 16:38:41 - Building Database check completed, no problems found.
2020-02-20 16:38:45 - Project Saved
