2021-01-27 09:46:20 - -----------------------------------------------------------------------------
2021-01-27 09:46:20 - Opening Project 'cz01\instance.cibd22'...
2021-01-27 09:46:24 -    Model load successful into CBECC-Com 2022.0.1 RV (1113)
2021-01-27 09:46:25 - Performing Building Database check...
2021-01-27 09:46:25 - Building Database check completed, no problems found.
2021-01-27 10:02:49 - -----------------------------------------------------------------------------
2021-01-27 10:02:49 - Opening Project 'cz01\instance.cibd22'...
2021-01-27 10:02:52 -    Model load successful into CBECC-Com 2022.0.1 RV (1113)
2021-01-27 10:02:53 - Performing Building Database check...
2021-01-27 10:02:53 - Building Database check completed, no problems found.
2021-01-27 10:03:09 -   PerfAnal_NRes - starting, w/ arguments:
2021-01-27 10:03:09 -        BEMBasePathFile    = (null)
2021-01-27 10:03:09 -        RulesetPathFile    = (null)
2021-01-27 10:03:09 -        SimWeatherPath     = C:\Users\agoyal\OneDrive - TRC\Documents\CBECC-Com 2022 Data\EPW\
2021-01-27 10:03:09 -        CompMgrDLLPath     = (null)
2021-01-27 10:03:09 -        DHWWeatherPath     = (null)
2021-01-27 10:03:09 -        ProcessingPath     = C:\Users\agoyal\OneDrive - TRC\Documents\GitHub\CALGreen-analysis\framework\analysis\hr\runs\mr-base22\cz01\instance - run\
2021-01-27 10:03:09 -        ModelPathFile      = C:\Users\agoyal\OneDrive - TRC\Documents\GitHub\CALGreen-analysis\framework\analysis\hr\runs\mr-base22\cz01\instance.cibd22
2021-01-27 10:03:09 -        LogPathFile        = (null)
2021-01-27 10:03:09 -        UIVersionString    = CBECC-Com 2022.0.1 RV (1113)
2021-01-27 10:03:09 -        LoadModelFile      = false
2021-01-27 10:03:09 -        OptionsCSV         = StoreBEMDetails,1,AnalysisThruStep,8,ModelRpt_ALL,1,ExportHourlyResults_All,1,PromptUserUMLHWarning,1,PreAnalysisCheckPromptOption,3,CompReportWarningOption,5,
2021-01-27 10:03:09 -        ErrorMsg           = (assumed to be initialized)
2021-01-27 10:03:09 -        ErrorMsgLen        = 2056
2021-01-27 10:03:09 -        DisplayProgress    = true
2021-01-27 10:03:09 -        ResultsSummary     = (empty)
2021-01-27 10:03:09 -        ResultsSummaryLen  = 3200
2021-01-27 10:03:09 -        pProgCallbackFunc  = (null)
2021-01-27 10:03:12 - Performing Building Database check...
2021-01-27 10:03:12 - Building Database check completed, no problems found.
2021-01-27 10:03:12 - Warning:  The following developer options must be defaulted (not specified by the user) in order to perform a valid compliance analysis:
          Proj 'Mid-Rise Mixed-Use (5-story)' AutoHardSize
          Proj 'Mid-Rise Mixed-Use (5-story)' AutoEffInput
2021-01-27 10:03:13 -    1 file hash check(s) failed on executable and/or analysis support files (analysis continuing w/ report signature disabled)
2021-01-27 10:03:20 -   PerfAnal_NRes - AnalysisThruStep being set to #7 due to Proj:AnalysisType = Title24ProposedOnly
2021-01-27 10:03:20 - Performing Building Database check...
2021-01-27 10:03:20 - Building Database check completed, no problems found.
2021-01-27 10:03:44 -   PerfAnal_NRes - Bypassing OpenStudio (and simulation) for zp model
2021-01-27 10:03:56 -   PerfAnal_NRes - Bypassing OpenStudio (and simulation) for zb model
2021-01-27 10:21:39 - Error:  Undefined data: numerator evaluating rule: Set ANNUAL_BASELINE Fan:FlowCap  (75:'HVACSecondary-Fan-General.rule' line 494)
2021-01-27 10:21:39 - Error:  Undefined data: numerator evaluating rule: Set ANNUAL_BASELINE Fan:FlowCap  (75:'HVACSecondary-Fan-General.rule' line 494)
2021-01-27 10:21:39 - Error:  Undefined data: numerator evaluating rule: Set ANNUAL_BASELINE Fan:FlowCap  (75:'HVACSecondary-Fan-General.rule' line 494)
2021-01-27 10:21:39 - Error:  Undefined data: numerator evaluating rule: Set ANNUAL_BASELINE Fan:FlowCap  (75:'HVACSecondary-Fan-General.rule' line 529)
2021-01-27 10:21:39 - Error:  Undefined data: numerator evaluating rule: Set ANNUAL_BASELINE Fan:FlowCap  (75:'HVACSecondary-Fan-General.rule' line 529)
2021-01-27 10:21:39 - Error:  Undefined data: numerator evaluating rule: Set ANNUAL_BASELINE Fan:FlowCap  (75:'HVACSecondary-Fan-General.rule' line 529)
2021-01-27 10:21:39 - Error:  Undefined data: numerator evaluating rule: Set ANNUAL_BASELINE Fan:FlowCap  (75:'HVACSecondary-Fan-General.rule' line 529)
2021-01-27 10:21:39 - Error:  Undefined data: numerator evaluating rule: Set ANNUAL_BASELINE Fan:FlowCap  (75:'HVACSecondary-Fan-General.rule' line 529)
2021-01-27 10:21:39 - Error:  Undefined data: numerator evaluating rule: Set ANNUAL_BASELINE Fan:FlowCap  (75:'HVACSecondary-Fan-General.rule' line 529)
2021-01-27 10:21:39 - Error:  Undefined data: numerator evaluating rule: Set ANNUAL_BASELINE Fan:FlowCap  (75:'HVACSecondary-Fan-General.rule' line 529)
2021-01-27 10:21:39 - Error:  Undefined data: numerator evaluating rule: Set ANNUAL_BASELINE Fan:FlowCap  (75:'HVACSecondary-Fan-General.rule' line 529)
2021-01-27 10:21:39 - Error:  Undefined data: numerator evaluating rule: Set ANNUAL_BASELINE Fan:FlowCap  (75:'HVACSecondary-Fan-General.rule' line 529)
2021-01-27 10:21:39 - Error:  Undefined data: numerator evaluating rule: Set ANNUAL_BASELINE Fan:FlowCap  (75:'HVACSecondary-Fan-General.rule' line 529)
2021-01-27 10:21:39 - Error:  Undefined data: numerator evaluating rule: Set ANNUAL_BASELINE Fan:FlowCap  (75:'HVACSecondary-Fan-General.rule' line 529)
2021-01-27 10:21:39 - Error:  Undefined data: numerator evaluating rule: Set ANNUAL_BASELINE Fan:FlowCap  (75:'HVACSecondary-Fan-General.rule' line 529)
2021-01-27 10:21:39 - Error:  Undefined data: numerator evaluating rule: Set ANNUAL_BASELINE Fan:FlowCap  (75:'HVACSecondary-Fan-General.rule' line 529)
2021-01-27 10:21:39 - Error:  Undefined data: numerator evaluating rule: Set ANNUAL_BASELINE Fan:FlowCap  (75:'HVACSecondary-Fan-General.rule' line 529)
2021-01-27 10:21:39 - Error:  Undefined data: numerator evaluating rule: Set ANNUAL_BASELINE Fan:FlowCap  (75:'HVACSecondary-Fan-General.rule' line 529)
2021-01-27 10:21:39 - Error:  Undefined data: numerator evaluating rule: Set ANNUAL_BASELINE Fan:FlowCap  (75:'HVACSecondary-Fan-General.rule' line 529)
2021-01-27 10:21:39 - Error:  Undefined data: numerator evaluating rule: Set ANNUAL_BASELINE Fan:FlowCap  (75:'HVACSecondary-Fan-General.rule' line 529)
2021-01-27 10:21:39 - Error:  Undefined data: numerator evaluating rule: Set ANNUAL_BASELINE Fan:FlowCap  (75:'HVACSecondary-Fan-General.rule' line 529)
2021-01-27 10:21:39 - Error:  Undefined data: numerator evaluating rule: Set ANNUAL_BASELINE Fan:FlowCap  (75:'HVACSecondary-Fan-General.rule' line 529)
2021-01-27 10:21:39 - Error:  Undefined data: numerator evaluating rule: Set ANNUAL_BASELINE Fan:FlowCap  (75:'HVACSecondary-Fan-General.rule' line 529)
2021-01-27 10:21:39 - Error:  Undefined data: numerator evaluating rule: Set ANNUAL_BASELINE Fan:FlowCap  (75:'HVACSecondary-Fan-General.rule' line 529)
2021-01-27 10:21:39 - Error:  Undefined data: numerator evaluating rule: Set ANNUAL_BASELINE Fan:FlowCap  (75:'HVACSecondary-Fan-General.rule' line 529)
2021-01-27 10:21:39 - Error:  Division by zero evaluating rule: Set ANNUAL_BASELINE ThrmlZn:PriAirCondgSysDsgnFlow  (76:'HVACSecondary-Fan-FanRatios.rule' line 67)
2021-01-27 10:21:39 - Error:  Division by zero evaluating rule: Set ANNUAL_BASELINE ThrmlZn:PriAirCondgSysDsgnFlow  (76:'HVACSecondary-Fan-FanRatios.rule' line 67)
2021-01-27 10:21:39 - Error:  Division by zero evaluating rule: Set ANNUAL_BASELINE ThrmlZn:PriAirCondgSysDsgnFlow  (76:'HVACSecondary-Fan-FanRatios.rule' line 67)
2021-01-27 10:21:39 - Error:  Division by zero evaluating rule: Set ANNUAL_BASELINE ThrmlZn:PriAirCondgSysDsgnFlow  (76:'HVACSecondary-Fan-FanRatios.rule' line 67)
2021-01-27 10:21:39 - Error:  Division by zero evaluating rule: Set ANNUAL_BASELINE ThrmlZn:PriAirCondgSysDsgnFlow  (76:'HVACSecondary-Fan-FanRatios.rule' line 67)
2021-01-27 10:21:39 - Error:  Division by zero evaluating rule: Set ANNUAL_BASELINE ThrmlZn:PriAirCondgSysDsgnFlow  (76:'HVACSecondary-Fan-FanRatios.rule' line 67)
2021-01-27 10:21:39 - Error:  Division by zero evaluating rule: Set ANNUAL_BASELINE ThrmlZn:PriAirCondgSysDsgnFlow  (76:'HVACSecondary-Fan-FanRatios.rule' line 67)
2021-01-27 10:21:39 - Error:  Division by zero evaluating rule: Set ANNUAL_BASELINE ThrmlZn:PriAirCondgSysDsgnFlow  (76:'HVACSecondary-Fan-FanRatios.rule' line 67)
2021-01-27 10:21:39 - Error:  Division by zero evaluating rule: Set ANNUAL_BASELINE ThrmlZn:PriAirCondgSysDsgnFlow  (76:'HVACSecondary-Fan-FanRatios.rule' line 67)
2021-01-27 10:21:39 - Error:  Division by zero evaluating rule: Set ANNUAL_BASELINE ThrmlZn:PriAirCondgSysDsgnFlow  (76:'HVACSecondary-Fan-FanRatios.rule' line 67)
2021-01-27 10:21:39 - Error:  Division by zero evaluating rule: Set ANNUAL_BASELINE ThrmlZn:PriAirCondgSysDsgnFlow  (76:'HVACSecondary-Fan-FanRatios.rule' line 67)
2021-01-27 10:21:39 - Error:  Division by zero evaluating rule: Set ANNUAL_BASELINE ThrmlZn:PriAirCondgSysDsgnFlow  (76:'HVACSecondary-Fan-FanRatios.rule' line 67)
2021-01-27 10:21:39 - Error:  Division by zero evaluating rule: Set ANNUAL_BASELINE ThrmlZn:PriAirCondgSysDsgnFlow  (76:'HVACSecondary-Fan-FanRatios.rule' line 67)
2021-01-27 10:21:39 - Error:  Division by zero evaluating rule: Set ANNUAL_BASELINE ThrmlZn:PriAirCondgSysDsgnFlow  (76:'HVACSecondary-Fan-FanRatios.rule' line 67)
2021-01-27 10:21:39 - Error:  Division by zero evaluating rule: Set ANNUAL_BASELINE ThrmlZn:VentSysDsgnFlow  (76:'HVACSecondary-Fan-FanRatios.rule' line 111)
2021-01-27 10:21:39 - Error:  Division by zero evaluating rule: Set ANNUAL_BASELINE ThrmlZn:VentSysDsgnFlow  (76:'HVACSecondary-Fan-FanRatios.rule' line 111)
2021-01-27 10:21:39 - Error:  Division by zero evaluating rule: Set ANNUAL_BASELINE ThrmlZn:VentSysDsgnFlow  (76:'HVACSecondary-Fan-FanRatios.rule' line 111)
2021-01-27 10:21:39 - Error:  Division by zero evaluating rule: Set ANNUAL_BASELINE ThrmlZn:VentSysDsgnFlow  (76:'HVACSecondary-Fan-FanRatios.rule' line 111)
2021-01-27 10:21:39 - Error:  Division by zero evaluating rule: Set ANNUAL_BASELINE ThrmlZn:VentSysDsgnFlow  (76:'HVACSecondary-Fan-FanRatios.rule' line 111)
2021-01-27 10:21:39 - Error:  Division by zero evaluating rule: Set ANNUAL_BASELINE ThrmlZn:VentSysDsgnFlow  (76:'HVACSecondary-Fan-FanRatios.rule' line 111)
2021-01-27 10:21:39 - Error:  Division by zero evaluating rule: Set ANNUAL_BASELINE ThrmlZn:VentSysDsgnFlow  (76:'HVACSecondary-Fan-FanRatios.rule' line 111)
2021-01-27 10:21:39 - Error:  Division by zero evaluating rule: Set ANNUAL_BASELINE ThrmlZn:VentSysDsgnFlow  (76:'HVACSecondary-Fan-FanRatios.rule' line 111)
2021-01-27 10:21:39 - Error:  Division by zero evaluating rule: Set ANNUAL_BASELINE ThrmlZn:VentSysDsgnFlow  (76:'HVACSecondary-Fan-FanRatios.rule' line 111)
2021-01-27 10:21:39 - Error:  Division by zero evaluating rule: Set ANNUAL_BASELINE ThrmlZn:VentSysDsgnFlow  (76:'HVACSecondary-Fan-FanRatios.rule' line 111)
2021-01-27 10:21:39 - Error:  Division by zero evaluating rule: Set ANNUAL_BASELINE ThrmlZn:VentSysDsgnFlow  (76:'HVACSecondary-Fan-FanRatios.rule' line 111)
2021-01-27 10:21:39 - Error:  Division by zero evaluating rule: Set ANNUAL_BASELINE ThrmlZn:VentSysDsgnFlow  (76:'HVACSecondary-Fan-FanRatios.rule' line 111)
2021-01-27 10:21:39 - Error:  Division by zero evaluating rule: Set ANNUAL_BASELINE ThrmlZn:VentSysDsgnFlow  (76:'HVACSecondary-Fan-FanRatios.rule' line 111)
2021-01-27 10:21:39 - Error:  Division by zero evaluating rule: Set ANNUAL_BASELINE ThrmlZn:VentSysDsgnFlow  (76:'HVACSecondary-Fan-FanRatios.rule' line 111)
2021-01-27 10:21:41 -   PerfAnal_NRes - Bypassing OpenStudio (and simulation) for ab model
2021-01-27 10:21:41 -   PerfAnal_NRes - Completed analysis steps thru #7
2021-01-27 10:21:41 - Analysis incomplete  Processing time:  Overall 18:32 / SDD2IDF x2 avg 0:51 / SizSim x0 0:00 / AnnSim x2 avg 7:46 / ReportGen x0 0:00 / Other 1:12
2021-01-27 10:21:41 -       ResultsSummary population:  bAbort = (false) / RuleProcAbort = (false) / iRetVal = 0 / pszResultsSummary = (empty) / iResultsSummaryLen = 3200
2021-01-27 10:21:41 -       ResultsSummary components1:  2021-01-27 10:21:41 / instance / Mid-Rise Mixed-Use (5-story) / CTZ01S22A / Title24ProposedOnly / 18:32 /  / 
2021-01-27 10:21:41 -       ResultsSummary components2:  CBECC-Com 2022.0.1 RV (1113) / BEMCmpMgr 2022.0.1 RV (6107) / CA 2022 Nonresidential, Vers. 1.0 Alpha /  /  / - / C:\Users\agoyal\OneDrive - TRC\Documents\CBECC-Com 2022 Data\EPW\ / C:\Users\agoyal\OneDrive - TRC\Documents\GitHub\CALGreen-analysis\framework\analysis\hr\runs\mr-base22\cz01\
2021-01-27 10:21:41 -       ResultsSummary:  2021-01-27 10:21:41,"instance","Mid-Rise Mixed-Use (5-story)","CTZ01S22A","Pol  0% RetAdd NoLeak",113100,141000,"Title24ProposedOnly",18:32,,,"--","--","Successful (272 warnings)",41475.2,8356.34,49760.1,0,318.804,14520.9,81988.7,196420,251127,14174.3,42915.9,34551.8,0,0,539189,3904.39,0,0,0,0,11588.8,0,15493.1,1161.81,1954.3,0,0,18609.3,0,0,0,0,0,0,0,0,0,0,0,0,0,19.8338,1.99644,12.2953,0,0.0786086,27.9876,18.9221,81.1138,64.7545,7.78793,11.7253,8.51343,0,0,173.895,134.167,39.7279,0,0,,0,8.5,"Thermal Zone: F5 1-Bed North",0,"--","--","",0,0,0,0,0,0,0,0,0,0,0,0,0,0,0,0,0,0,0,0,0,0,0,0,0,0,0,0,0,0,0,0,0,0,0,0,0,0,0,0,0,0,0,0,0,0,0,0,0,0,0,0,0,0,0,0,0,0,0,,,,,,,1.43766,6.5756,7.51653,0,0.0538505,2.41186,14.3374,32.3329,40.8468,2.2043,8.19304,3.94427,0,0,87.5214,0,0,0,0,0,0,0,0,0,0,0,0,0,0,0,"CBECC-Com 2022.0.1 RV (1113)","BEMCmpMgr 2022.0.1 RV (6107)","CA 2022 Nonresidential, Vers. 1.0 Alpha","","","-","C:\Users\agoyal\OneDrive - TRC\Documents\CBECC-Com 2022 Data\EPW\","C:\Users\agoyal\OneDrive - TRC\Documents\GitHub\CALGreen-analysis\framework\analysis\hr\runs\mr-base22\cz01\",7.68381,1.16743,7.60756,0,0.0407745,1.83624,9.06502,27.41,37.5228,2.43386,7.52892,5.65158,0,0,80.54,1.8721,0,0,0,0,5.55665,0,7.43,0.557074,0.937061,0,0,8.93,0,0,0,0,0,0,0,0,0,0,0,0,0,0,0,0,0,0,0,0,0,0,0,0,0,0,0,0,4.49488,0.194444,1.26709,0,0.00679129,9.84867,1.50985,17.3217,7.20639,2.01466,1.254,0.941311,0,0,28.7381,0,0,0,0,0,0,0,0,0,0,0,0,0,0,0,

2021-01-27 10:23:46 - -----------------------------------------------------------------------------
2021-01-27 10:23:46 - Opening Project 'cz01\instance.cibd22'...
2021-01-27 10:23:47 -    Model load successful into CBECC-Com 2022.0.1 RV (1113)
2021-01-27 10:23:47 - Performing Building Database check...
2021-01-27 10:23:47 - Building Database check completed, no problems found.
2021-01-27 10:23:52 - Project Saved
2021-01-27 14:25:56 - -----------------------------------------------------------------------------
2021-01-27 14:25:56 - Opening Project 'cz01\instance.cibd22'...
2021-01-27 14:25:57 -    Model load successful into CBECC-Com 2022.0.1 RV (1113)
2021-01-27 14:25:57 - Performing Building Database check...
2021-01-27 14:25:57 - Building Database check completed, no problems found.
2021-01-27 14:27:20 - Project Saved
2021-01-27 14:32:25 - -----------------------------------------------------------------------------
2021-01-27 14:32:25 - Opening Project 'cz01\instance.cibd22'...
2021-01-27 14:32:26 -    Model load successful into CBECC-Com 2022.0.1 RV (1113)
2021-01-27 14:32:26 - Performing Building Database check...
2021-01-27 14:32:26 - Building Database check completed, no problems found.
2021-01-27 14:40:38 - -----------------------------------------------------------------------------
2021-01-27 14:40:38 - Opening Project 'cz01\instance.cibd22'...
2021-01-27 14:40:39 -    Model load successful into CBECC-Com 2022.0.1 RV (1113)
2021-01-27 14:40:39 - Performing Building Database check...
2021-01-27 14:40:39 - Building Database check completed, no problems found.
2021-01-27 15:42:33 - -----------------------------------------------------------------------------
2021-01-27 15:42:33 - Opening Project 'cz01\instance.cibd22'...
2021-01-27 15:42:34 -    Model load successful into CBECC-Com 2022.0.1 RV (1113)
2021-01-27 15:42:34 - Performing Building Database check...
2021-01-27 15:42:34 - Building Database check completed, no problems found.
2021-01-27 15:42:42 -   PerfAnal_NRes - starting, w/ arguments:
2021-01-27 15:42:42 -        BEMBasePathFile    = (null)
2021-01-27 15:42:42 -        RulesetPathFile    = (null)
2021-01-27 15:42:42 -        SimWeatherPath     = C:\Users\agoyal\OneDrive - TRC\Documents\CBECC-Com 2022 Data\EPW\
2021-01-27 15:42:42 -        CompMgrDLLPath     = (null)
2021-01-27 15:42:42 -        DHWWeatherPath     = (null)
2021-01-27 15:42:42 -        ProcessingPath     = C:\Users\agoyal\OneDrive - TRC\Documents\GitHub\CALGreen-analysis\framework\analysis\hr\runs\mr-base22\cz01\instance - run\
2021-01-27 15:42:42 -        ModelPathFile      = C:\Users\agoyal\OneDrive - TRC\Documents\GitHub\CALGreen-analysis\framework\analysis\hr\runs\mr-base22\cz01\instance.cibd22
2021-01-27 15:42:42 -        LogPathFile        = (null)
2021-01-27 15:42:42 -        UIVersionString    = CBECC-Com 2022.0.1 RV (1113)
2021-01-27 15:42:42 -        LoadModelFile      = false
2021-01-27 15:42:42 -        OptionsCSV         = AllowAnalysisAbort,0,StoreBEMDetails,1,AnalysisThruStep,8,ModelRpt_ALL,1,ExportHourlyResults_All,1,PromptUserUMLHWarning,1,PreAnalysisCheckPromptOption,3,CompReportWarningOption,5,
2021-01-27 15:42:42 -        ErrorMsg           = (assumed to be initialized)
2021-01-27 15:42:42 -        ErrorMsgLen        = 2056
2021-01-27 15:42:42 -        DisplayProgress    = true
2021-01-27 15:42:42 -        ResultsSummary     = (empty)
2021-01-27 15:42:42 -        ResultsSummaryLen  = 3200
2021-01-27 15:42:42 -        pProgCallbackFunc  = (null)
2021-01-27 15:42:43 - Performing Building Database check...
2021-01-27 15:42:43 - Building Database check completed, no problems found.
2021-01-27 15:42:43 - Warning:  The following developer options must be defaulted (not specified by the user) in order to perform a valid compliance analysis:
          Proj 'Mid-Rise Mixed-Use (5-story)' AutoHardSize
          Proj 'Mid-Rise Mixed-Use (5-story)' AutoEffInput
2021-01-27 15:42:43 -    1 file hash check(s) failed on executable and/or analysis support files (analysis continuing w/ report signature disabled)
2021-01-27 15:42:45 -   PerfAnal_NRes - AnalysisThruStep being set to #7 due to Proj:AnalysisType = Title24ProposedOnly
2021-01-27 15:42:45 - Performing Building Database check...
2021-01-27 15:42:45 - Building Database check completed, no problems found.
2021-01-27 15:42:53 -   PerfAnal_NRes - Bypassing OpenStudio (and simulation) for zp model
2021-01-27 15:42:55 -   PerfAnal_NRes - Bypassing OpenStudio (and simulation) for zb model
2021-01-27 15:51:26 - Error:  Undefined data: numerator evaluating rule: Set ANNUAL_BASELINE Fan:FlowCap  (75:'HVACSecondary-Fan-General.rule' line 494)
2021-01-27 15:51:26 - Error:  Undefined data: numerator evaluating rule: Set ANNUAL_BASELINE Fan:FlowCap  (75:'HVACSecondary-Fan-General.rule' line 494)
2021-01-27 15:51:26 - Error:  Undefined data: numerator evaluating rule: Set ANNUAL_BASELINE Fan:FlowCap  (75:'HVACSecondary-Fan-General.rule' line 494)
2021-01-27 15:51:26 - Error:  Undefined data: numerator evaluating rule: Set ANNUAL_BASELINE Fan:FlowCap  (75:'HVACSecondary-Fan-General.rule' line 529)
2021-01-27 15:51:26 - Error:  Undefined data: numerator evaluating rule: Set ANNUAL_BASELINE Fan:FlowCap  (75:'HVACSecondary-Fan-General.rule' line 529)
2021-01-27 15:51:26 - Error:  Undefined data: numerator evaluating rule: Set ANNUAL_BASELINE Fan:FlowCap  (75:'HVACSecondary-Fan-General.rule' line 529)
2021-01-27 15:51:26 - Error:  Undefined data: numerator evaluating rule: Set ANNUAL_BASELINE Fan:FlowCap  (75:'HVACSecondary-Fan-General.rule' line 529)
2021-01-27 15:51:26 - Error:  Undefined data: numerator evaluating rule: Set ANNUAL_BASELINE Fan:FlowCap  (75:'HVACSecondary-Fan-General.rule' line 529)
2021-01-27 15:51:26 - Error:  Undefined data: numerator evaluating rule: Set ANNUAL_BASELINE Fan:FlowCap  (75:'HVACSecondary-Fan-General.rule' line 529)
2021-01-27 15:51:26 - Error:  Undefined data: numerator evaluating rule: Set ANNUAL_BASELINE Fan:FlowCap  (75:'HVACSecondary-Fan-General.rule' line 529)
2021-01-27 15:51:26 - Error:  Undefined data: numerator evaluating rule: Set ANNUAL_BASELINE Fan:FlowCap  (75:'HVACSecondary-Fan-General.rule' line 529)
2021-01-27 15:51:26 - Error:  Undefined data: numerator evaluating rule: Set ANNUAL_BASELINE Fan:FlowCap  (75:'HVACSecondary-Fan-General.rule' line 529)
2021-01-27 15:51:26 - Error:  Undefined data: numerator evaluating rule: Set ANNUAL_BASELINE Fan:FlowCap  (75:'HVACSecondary-Fan-General.rule' line 529)
2021-01-27 15:51:26 - Error:  Undefined data: numerator evaluating rule: Set ANNUAL_BASELINE Fan:FlowCap  (75:'HVACSecondary-Fan-General.rule' line 529)
2021-01-27 15:51:26 - Error:  Undefined data: numerator evaluating rule: Set ANNUAL_BASELINE Fan:FlowCap  (75:'HVACSecondary-Fan-General.rule' line 529)
2021-01-27 15:51:26 - Error:  Undefined data: numerator evaluating rule: Set ANNUAL_BASELINE Fan:FlowCap  (75:'HVACSecondary-Fan-General.rule' line 529)
2021-01-27 15:51:26 - Error:  Undefined data: numerator evaluating rule: Set ANNUAL_BASELINE Fan:FlowCap  (75:'HVACSecondary-Fan-General.rule' line 529)
2021-01-27 15:51:26 - Error:  Undefined data: numerator evaluating rule: Set ANNUAL_BASELINE Fan:FlowCap  (75:'HVACSecondary-Fan-General.rule' line 529)
2021-01-27 15:51:26 - Error:  Undefined data: numerator evaluating rule: Set ANNUAL_BASELINE Fan:FlowCap  (75:'HVACSecondary-Fan-General.rule' line 529)
2021-01-27 15:51:26 - Error:  Undefined data: numerator evaluating rule: Set ANNUAL_BASELINE Fan:FlowCap  (75:'HVACSecondary-Fan-General.rule' line 529)
2021-01-27 15:51:26 - Error:  Undefined data: numerator evaluating rule: Set ANNUAL_BASELINE Fan:FlowCap  (75:'HVACSecondary-Fan-General.rule' line 529)
2021-01-27 15:51:26 - Error:  Undefined data: numerator evaluating rule: Set ANNUAL_BASELINE Fan:FlowCap  (75:'HVACSecondary-Fan-General.rule' line 529)
2021-01-27 15:51:26 - Error:  Undefined data: numerator evaluating rule: Set ANNUAL_BASELINE Fan:FlowCap  (75:'HVACSecondary-Fan-General.rule' line 529)
2021-01-27 15:51:26 - Error:  Undefined data: numerator evaluating rule: Set ANNUAL_BASELINE Fan:FlowCap  (75:'HVACSecondary-Fan-General.rule' line 529)
2021-01-27 15:51:26 - Error:  Undefined data: numerator evaluating rule: Set ANNUAL_BASELINE Fan:FlowCap  (75:'HVACSecondary-Fan-General.rule' line 529)
2021-01-27 15:51:26 - Error:  Division by zero evaluating rule: Set ANNUAL_BASELINE ThrmlZn:PriAirCondgSysDsgnFlow  (76:'HVACSecondary-Fan-FanRatios.rule' line 67)
2021-01-27 15:51:26 - Error:  Division by zero evaluating rule: Set ANNUAL_BASELINE ThrmlZn:PriAirCondgSysDsgnFlow  (76:'HVACSecondary-Fan-FanRatios.rule' line 67)
2021-01-27 15:51:26 - Error:  Division by zero evaluating rule: Set ANNUAL_BASELINE ThrmlZn:PriAirCondgSysDsgnFlow  (76:'HVACSecondary-Fan-FanRatios.rule' line 67)
2021-01-27 15:51:26 - Error:  Division by zero evaluating rule: Set ANNUAL_BASELINE ThrmlZn:PriAirCondgSysDsgnFlow  (76:'HVACSecondary-Fan-FanRatios.rule' line 67)
2021-01-27 15:51:26 - Error:  Division by zero evaluating rule: Set ANNUAL_BASELINE ThrmlZn:PriAirCondgSysDsgnFlow  (76:'HVACSecondary-Fan-FanRatios.rule' line 67)
2021-01-27 15:51:26 - Error:  Division by zero evaluating rule: Set ANNUAL_BASELINE ThrmlZn:PriAirCondgSysDsgnFlow  (76:'HVACSecondary-Fan-FanRatios.rule' line 67)
2021-01-27 15:51:26 - Error:  Division by zero evaluating rule: Set ANNUAL_BASELINE ThrmlZn:PriAirCondgSysDsgnFlow  (76:'HVACSecondary-Fan-FanRatios.rule' line 67)
2021-01-27 15:51:26 - Error:  Division by zero evaluating rule: Set ANNUAL_BASELINE ThrmlZn:PriAirCondgSysDsgnFlow  (76:'HVACSecondary-Fan-FanRatios.rule' line 67)
2021-01-27 15:51:26 - Error:  Division by zero evaluating rule: Set ANNUAL_BASELINE ThrmlZn:PriAirCondgSysDsgnFlow  (76:'HVACSecondary-Fan-FanRatios.rule' line 67)
2021-01-27 15:51:26 - Error:  Division by zero evaluating rule: Set ANNUAL_BASELINE ThrmlZn:PriAirCondgSysDsgnFlow  (76:'HVACSecondary-Fan-FanRatios.rule' line 67)
2021-01-27 15:51:26 - Error:  Division by zero evaluating rule: Set ANNUAL_BASELINE ThrmlZn:PriAirCondgSysDsgnFlow  (76:'HVACSecondary-Fan-FanRatios.rule' line 67)
2021-01-27 15:51:26 - Error:  Division by zero evaluating rule: Set ANNUAL_BASELINE ThrmlZn:PriAirCondgSysDsgnFlow  (76:'HVACSecondary-Fan-FanRatios.rule' line 67)
2021-01-27 15:51:26 - Error:  Division by zero evaluating rule: Set ANNUAL_BASELINE ThrmlZn:PriAirCondgSysDsgnFlow  (76:'HVACSecondary-Fan-FanRatios.rule' line 67)
2021-01-27 15:51:26 - Error:  Division by zero evaluating rule: Set ANNUAL_BASELINE ThrmlZn:PriAirCondgSysDsgnFlow  (76:'HVACSecondary-Fan-FanRatios.rule' line 67)
2021-01-27 15:51:26 - Error:  Division by zero evaluating rule: Set ANNUAL_BASELINE ThrmlZn:VentSysDsgnFlow  (76:'HVACSecondary-Fan-FanRatios.rule' line 111)
2021-01-27 15:51:26 - Error:  Division by zero evaluating rule: Set ANNUAL_BASELINE ThrmlZn:VentSysDsgnFlow  (76:'HVACSecondary-Fan-FanRatios.rule' line 111)
2021-01-27 15:51:26 - Error:  Division by zero evaluating rule: Set ANNUAL_BASELINE ThrmlZn:VentSysDsgnFlow  (76:'HVACSecondary-Fan-FanRatios.rule' line 111)
2021-01-27 15:51:26 - Error:  Division by zero evaluating rule: Set ANNUAL_BASELINE ThrmlZn:VentSysDsgnFlow  (76:'HVACSecondary-Fan-FanRatios.rule' line 111)
2021-01-27 15:51:26 - Error:  Division by zero evaluating rule: Set ANNUAL_BASELINE ThrmlZn:VentSysDsgnFlow  (76:'HVACSecondary-Fan-FanRatios.rule' line 111)
2021-01-27 15:51:26 - Error:  Division by zero evaluating rule: Set ANNUAL_BASELINE ThrmlZn:VentSysDsgnFlow  (76:'HVACSecondary-Fan-FanRatios.rule' line 111)
2021-01-27 15:51:26 - Error:  Division by zero evaluating rule: Set ANNUAL_BASELINE ThrmlZn:VentSysDsgnFlow  (76:'HVACSecondary-Fan-FanRatios.rule' line 111)
2021-01-27 15:51:26 - Error:  Division by zero evaluating rule: Set ANNUAL_BASELINE ThrmlZn:VentSysDsgnFlow  (76:'HVACSecondary-Fan-FanRatios.rule' line 111)
2021-01-27 15:51:26 - Error:  Division by zero evaluating rule: Set ANNUAL_BASELINE ThrmlZn:VentSysDsgnFlow  (76:'HVACSecondary-Fan-FanRatios.rule' line 111)
2021-01-27 15:51:26 - Error:  Division by zero evaluating rule: Set ANNUAL_BASELINE ThrmlZn:VentSysDsgnFlow  (76:'HVACSecondary-Fan-FanRatios.rule' line 111)
2021-01-27 15:51:26 - Error:  Division by zero evaluating rule: Set ANNUAL_BASELINE ThrmlZn:VentSysDsgnFlow  (76:'HVACSecondary-Fan-FanRatios.rule' line 111)
2021-01-27 15:51:26 - Error:  Division by zero evaluating rule: Set ANNUAL_BASELINE ThrmlZn:VentSysDsgnFlow  (76:'HVACSecondary-Fan-FanRatios.rule' line 111)
2021-01-27 15:51:26 - Error:  Division by zero evaluating rule: Set ANNUAL_BASELINE ThrmlZn:VentSysDsgnFlow  (76:'HVACSecondary-Fan-FanRatios.rule' line 111)
2021-01-27 15:51:26 - Error:  Division by zero evaluating rule: Set ANNUAL_BASELINE ThrmlZn:VentSysDsgnFlow  (76:'HVACSecondary-Fan-FanRatios.rule' line 111)
2021-01-27 15:51:28 -   PerfAnal_NRes - Bypassing OpenStudio (and simulation) for ab model
2021-01-27 15:51:28 -   PerfAnal_NRes - Completed analysis steps thru #7
2021-01-27 15:51:28 - Analysis incomplete  Processing time:  Overall 8:45 / SDD2IDF x2 avg 0:18 / SizSim x0 0:00 / AnnSim x2 avg 3:49 / ReportGen x0 0:00 / Other 0:25
2021-01-27 15:51:28 -       ResultsSummary population:  bAbort = (false) / RuleProcAbort = (false) / iRetVal = 0 / pszResultsSummary = (empty) / iResultsSummaryLen = 3200
2021-01-27 15:51:28 -       ResultsSummary components1:  2021-01-27 15:51:28 / instance / Mid-Rise Mixed-Use (5-story) / CTZ01S22A / Title24ProposedOnly / 8:45 /  / 
2021-01-27 15:51:28 -       ResultsSummary components2:  CBECC-Com 2022.0.1 RV (1113) / BEMCmpMgr 2022.0.1 RV (6107) / CA 2022 Nonresidential, Vers. 1.0 Alpha /  /  / - / C:\Users\agoyal\OneDrive - TRC\Documents\CBECC-Com 2022 Data\EPW\ / C:\Users\agoyal\OneDrive - TRC\Documents\GitHub\CALGreen-analysis\framework\analysis\hr\runs\mr-base22\cz01\
2021-01-27 15:51:28 -       ResultsSummary:  2021-01-27 15:51:28,"instance","Mid-Rise Mixed-Use (5-story)","CTZ01S22A","Pol  0% RetAdd NoLeak",113100,141000,"Title24ProposedOnly",8:45,,,"--","--","Successful (272 warnings)",41311.4,8389.68,50121.5,0,318.809,14520.9,81988.7,196651,251127,14174.3,42915.9,34551.8,0,0,539420,3904.42,0,0,0,0,10592.9,0,14497.3,1161.81,1954.3,0,0,17613.5,0,0,0,0,0,0,0,0,0,0,0,0,0,19.788,2.00297,12.3914,0,0.0786104,25.8858,18.9221,79.0689,64.7545,7.78793,11.7253,8.51343,0,0,171.85,134.224,37.6262,0,0,,0,8.5,"Thermal Zone: F5 1-Bed North",0,"--","--","",0,0,0,0,0,0,0,0,0,0,0,0,0,0,0,0,0,0,0,0,0,0,0,0,0,0,0,0,0,0,0,0,0,0,0,0,0,0,0,0,0,0,0,0,0,0,0,0,0,0,0,0,0,0,0,0,0,0,0,,,,,,,1.4285,6.57853,7.54328,0,0.0538505,2.41186,14.3374,32.3535,40.8468,2.2043,8.19304,3.94427,0,0,87.5419,0,0,0,0,0,0,0,0,0,0,0,0,0,0,0,"CBECC-Com 2022.0.1 RV (1113)","BEMCmpMgr 2022.0.1 RV (6107)","CA 2022 Nonresidential, Vers. 1.0 Alpha","","","-","C:\Users\agoyal\OneDrive - TRC\Documents\CBECC-Com 2022 Data\EPW\","C:\Users\agoyal\OneDrive - TRC\Documents\GitHub\CALGreen-analysis\framework\analysis\hr\runs\mr-base22\cz01\",7.65178,1.16935,7.66678,0,0.0407759,1.83624,9.06502,27.44,37.5228,2.43386,7.52892,5.65158,0,0,80.57,1.87212,0,0,0,0,5.07917,0,6.95,0.557074,0.937061,0,0,8.45,0,0,0,0,0,0,0,0,0,0,0,0,0,0,0,0,0,0,0,0,0,0,0,0,0,0,0,0,4.48957,0.194763,1.27696,0,0.00679151,9.02865,1.50985,16.5066,7.20639,2.01466,1.254,0.941311,0,0,27.9229,0,0,0,0,0,0,0,0,0,0,0,0,0,0,0,

2021-01-27 15:51:33 - -----------------------------------------------------------------------------
2021-01-27 15:51:33 - Opening Project 'cz01\instance.cibd22'...
2021-01-27 15:51:36 -    Model load successful into CBECC-Com 2022.0.1 RV (1113)
2021-01-27 15:51:36 - Performing Building Database check...
2021-01-27 15:51:36 - Building Database check completed, no problems found.
2021-01-27 15:51:43 - Project Saved
