---------------
Warning: Zone 'Zone1-zn': Condensation occurred in 63 subhours of run.
    Total condensation heat = 17.3756 kBtu.
---------------
Warning: Zone 'Zone2-zn': Condensation occurred in 23 subhours of run.
    Total condensation heat = 7.02413 kBtu.
---------------
Warning: Zone 'Zone2-zn': Unmet heating loads during 1 hours of run.
---------------
Warning: Zone 'Zone2-zn': Unmet cooling loads during 1 hours of run.
---------------
Warning: Zone 'Zone3-zn': Condensation occurred in 22 subhours of run.
    Total condensation heat = 6.07548 kBtu.
---------------
Warning: Zone 'Zone3-zn': Unmet heating loads during 1 hours of run.
---------------
Warning: Zone 'Zone3-zn': Unmet cooling loads during 19 hours of run.
---------------
Warning: Zone 'Corridor1-zn': Condensation occurred in 58 subhours of run.
    Total condensation heat = 1.279 kBtu.
---------------
Warning: 
  Zone 'FitnessCenter1-zn': Condensation occurred in 350 subhours of run.
    Total condensation heat = 13.4363 kBtu.
---------------
Warning: Zone 'Lobby1-zn': Condensation occurred in 90 subhours of run.
    Total condensation heat = 2.71227 kBtu.
---------------
Warning: 
  Zone 'MechanicalRoom1-zn': Unmet heating loads during 1604 hours of run.
---------------
Warning: 
  Zone 'MechanicalRoom1-zn': Unmet cooling loads during 165 hours of run.
---------------
Warning: Zone 'Stairs1-zn': Condensation occurred in 95 subhours of run.
    Total condensation heat = 0.268346 kBtu.
---------------
Warning: Zone 'Corridor2-zn': Condensation occurred in 12 subhours of run.
    Total condensation heat = 0.231104 kBtu.
---------------
Warning: Zone 'Corridor3-zn': Condensation occurred in 2 subhours of run.
    Total condensation heat = 0.0323759 kBtu.
---------------
Warning: Zone 'Stairs2-zn': Condensation occurred in 42 subhours of run.
    Total condensation heat = 0.0778161 kBtu.
---------------
Warning: Zone 'Stairs3-zn': Condensation occurred in 11 subhours of run.
    Total condensation heat = 0.0403476 kBtu.
---------------
