---------------
Warning: 
  DHWSolarSys 'dhwss-t24-Std SolarSys': Tank temperature exceeded swTankTHxLimit during 217 hrs.
---------------
   exExportfile = "Primary"             // Name of EXPORTFILE to write simulation results to
                  ^
C:\USERS\AGOYAL\DOCUMENTS\GITHUB\T24-2022-CASE-MODELING\FRAMEWORK\ANALYSIS\HPWH\RUNS\LRGS-PROPOSED\CZ01\INSTANCE - COMP22\INSTANCE - STD.CSE(262                  ^
S0236: Statement says exExportfile 'Primary', but it is 
    in statement group for exportFile 'xf-dhwSolarSys-SSF'.
---------------
   exExportfile = "Primary"             // Name of EXPORTFILE to write simulation results to
                  ^
C:\USERS\AGOYAL\DOCUMENTS\GITHUB\T24-2022-CASE-MODELING\FRAMEWORK\ANALYSIS\HPWH\RUNS\LRGS-PROPOSED\CZ01\INSTANCE - COMP22\INSTANCE - STD.CSE(263                  ^
S0236: Statement says exExportfile 'Primary', but it is 
    in statement group for exportFile 'xf-dhwSolarSys-SSF'.
---------------
Warning: Zone 'Attic-atc': Condensation occurred in 16175 subhours of run.
    Total condensation heat = 404.665 kBtu.
---------------
Warning: 
  DHWSolarSys 'dhwss-t24-Std SolarSys': Tank temperature exceeded swTankTHxLimit during 59 hrs.
---------------
