---------------
E(795): Info: C:\USERS\MNAKAJIMA\DOCUMENTS\GITHUB\T24-2022-CASE-MODELING\FRAMEWORK\ANALYSIS\HPTE\RUNS\LRLC-WINF-PROPU\CZ08\INSTANCE - COMP22\INSTANCE - SMF.CSE(795): Info: 
  DHWSys 'dhwsys-DHWGas': 
    'wsTSetpoint' is ignored -- no setpoint-aware DHWHEATERs in this DHWSYS.
---------------
Warning at hour/subhour 25/20 on autoSizing 06-Jul iteration 30:
  AutoSize pass 1A has not converged.  Abandoning after 30 iterations.
---------------
Warning: Zone 'Zone1-zn': Unmet cooling loads during 299 hours of run.
---------------
Warning: Zone 'Zone2-zn': Unmet cooling loads during 510 hours of run.
---------------
Warning: Zone 'Zone3-zn': Unmet cooling loads during 404 hours of run.
---------------
Warning: Zone 'Corridor1-zn': Condensation occurred in 1000 subhours of run.
    Total condensation heat = 54.084 kBtu.
---------------
Warning: Zone 'Corridor1-zn': Unmet cooling loads during 354 hours of run.
---------------
Warning: 
  Zone 'BusinessCenter1-zn': Condensation occurred in 2314 subhours of run.
    Total condensation heat = 78.9296 kBtu.
---------------
Warning: 
  Zone 'BusinessCenter1-zn': Unmet cooling loads during 718 hours of run.
---------------
Warning: 
  Zone 'FitnessCenter1-zn': Condensation occurred in 38737 subhours of run.
    Total condensation heat = 2578.98 kBtu.
---------------
Warning: 
  Zone 'FitnessCenter1-zn': Unmet cooling loads during 506 hours of run.
---------------
Warning: Zone 'Laundry1-zn': Unmet cooling loads during 224 hours of run.
---------------
Warning: 
  Zone 'LeasingOffice1-zn': Unmet cooling loads during 169 hours of run.
---------------
Warning: Zone 'Lobby1-zn': Condensation occurred in 14864 subhours of run.
    Total condensation heat = 1430.64 kBtu.
---------------
Warning: Zone 'Lobby1-zn': Unmet cooling loads during 368 hours of run.
---------------
Warning: 
  Zone 'MechanicalRoom1-zn': Unmet heating loads during 13 hours of run.
---------------
Warning: 
  Zone 'MechanicalRoom1-zn': Unmet cooling loads during 3891 hours of run.
---------------
Warning: Zone 'Stairs1-zn': Condensation occurred in 49 subhours of run.
    Total condensation heat = 0.0948454 kBtu.
---------------
Warning: Zone 'Stairs1-zn': Unmet cooling loads during 91 hours of run.
---------------
Warning: Zone 'Corridor2-zn': Condensation occurred in 94 subhours of run.
    Total condensation heat = 4.14136 kBtu.
---------------
Warning: Zone 'Corridor2-zn': Unmet cooling loads during 676 hours of run.
---------------
Warning: Zone 'Corridor3-zn': Condensation occurred in 23 subhours of run.
    Total condensation heat = 0.97393 kBtu.
---------------
Warning: Zone 'Corridor3-zn': Unmet cooling loads during 505 hours of run.
---------------
Warning: Zone 'Stairs2-zn': Unmet cooling loads during 93 hours of run.
---------------
Warning: Zone 'Stairs3-zn': Unmet cooling loads during 93 hours of run.
---------------
