2020-03-30 18:58:45 - -----------------------------------------------------------------------------
2020-03-30 18:58:45 - Opening Project 'cz13\instance.ribd22'...
2020-03-30 18:58:45 -    Model load successful into CBECC-Res 2022.0.2 RV (1133)
2020-03-30 18:58:46 - Performing Building Database check...
2020-03-30 18:58:46 - Building Database check completed, no problems found.
2020-03-30 18:58:48 - Performing Building Database check...
2020-03-30 18:58:48 - Building Database check completed, no problems found.
2020-03-30 18:58:48 -    Analysis being performed by CompMgrVersion 'BEMCmpMgr 2022.0.2-Pol-0%RA-NoCH4lk (1715)' via SoftwareVersion 'CBECC-Res 2022.0.2 RV'
2020-03-30 18:58:50 -    Unable to scale standard PV system - bad or missing EUseSummary:StdMixedFuelPVMlt and/or Proj:PVWDCSysTotal
2020-03-30 18:58:52 - CSE report include file not found 'C:\Users\mnakajima\Documents\GitHub\T24-2022-CASE-Modeling\framework\analysis\hpte-lrlc\runs\lrlc-roof-Cross\cz13\Include-39372ft2.cse'
2020-03-30 19:00:17 - Analysis incomplete  Processing time:  Overall 90.4 / CSE19 82.4 / ModelPrep 4.16 / ResultsProcessing 1.28 / ReportGen 0.0 / ResXMLWriting 1.50 / Model&SecurChks 0.44 / Model&HrlyCSVExports 0.33 / DHWSim 0.00 / LoadModel 0.01 / Other 0.36
2020-04-02 15:32:43 - -----------------------------------------------------------------------------
2020-04-02 15:32:43 - Opening Project 'cz13\instance.ribd22'...
2020-04-02 15:32:43 -    Model load successful into CBECC-Res 2022.0.2 RV (1133)
2020-04-02 15:32:43 - Performing Building Database check...
2020-04-02 15:32:43 - Building Database check completed, no problems found.
2020-04-02 15:32:45 - Performing Building Database check...
2020-04-02 15:32:45 - Building Database check completed, no problems found.
2020-04-02 15:32:45 -    Analysis being performed by CompMgrVersion 'BEMCmpMgr 2022.0.2-Pol-0%RA-NoCH4lk (1715)' via SoftwareVersion 'CBECC-Res 2022.0.2 RV'
2020-04-02 15:32:47 -    Unable to scale standard PV system - bad or missing EUseSummary:StdMixedFuelPVMlt and/or Proj:PVWDCSysTotal
2020-04-02 15:32:50 - CSE report include file not found 'C:\Users\agoyal\Documents\GitHub\T24-2022-CASE-Modeling\framework\analysis\hpte-lrlc\runs\lrlc-roof-cross\cz13\Include-39372ft2.cse'
2020-04-02 15:35:01 - Analysis incomplete  Processing time:  Overall 137.4 / CSE19 127.8 / ModelPrep 5.27 / ResultsProcessing 1.39 / ReportGen 0.0 / ResXMLWriting 1.73 / Model&SecurChks 0.28 / Model&HrlyCSVExports 0.41 / DHWSim 0.00 / LoadModel 0.00 / Other 0.43
