2019-12-17 12:50:44 - -----------------------------------------------------------------------------
2019-12-17 12:50:44 - Opening Project 'cz01\instance.cibd19'...
2019-12-17 12:50:44 - Error resolving project component references: 3 not found.
2019-12-17 12:50:44 -       'WoodFrameWall16inOCCavInsR10' (once)
2019-12-17 12:50:44 -       'Compliance Insulation R15.00' (once)
2019-12-17 12:50:44 -       'Compliance Insulation R10.0' (once)
2019-12-17 12:50:44 -    Model load failed (return code 6) into CBECC-Com 2019.1.0 (1079)
2019-12-17 12:50:44 - Error(s) encountered (return code 6: Unable to read/parse building energy model file) reading project file:  C:\Users\agoyal\Documents\GitHub\T24-2022-CASE-Modeling\framework\analysis\hvac\runs\mumr-baseline\cz01\instance.cibd19
2019-12-17 12:50:47 - Performing Building Database check...
2019-12-17 12:50:47 - Building Database check completed, no problems found.
2019-12-17 12:50:48 - Error:  ConsAssmUFactor Error:  ConsAssm object 'ResWoodWallU059' has gap in material references (~items 4/5). evaluating rule: Set DEFAULT ConsAssm:UFactor  (19:'ConstructAssembly.rule' line 1252)
2019-12-17 12:50:48 - Error:  ConsAssmUFactor Error:  ConsAssm object 'OtherFloorU071' has gap in material references (~items 2/3). evaluating rule: Set DEFAULT ConsAssm:UFactor  (19:'ConstructAssembly.rule' line 1252)
2019-12-17 12:50:48 - Error:  ConsAssmUFactor Error:  ConsAssm object 'NonResConcreteExteriorWall' has gap in material references (~items 5/6). evaluating rule: Set DEFAULT ConsAssm:UFactor  (19:'ConstructAssembly.rule' line 1252)
2019-12-17 12:50:48 - Error:  ConsAssmUFactor Error:  ConsAssm object 'ResWoodWallU059' has gap in material references (~items 4/5). evaluating rule: Set DEFAULT ConsAssm:UFactor  (19:'ConstructAssembly.rule' line 1252)
2019-12-17 12:50:48 - Error:  ConsAssmUFactor Error:  ConsAssm object 'OtherFloorU071' has gap in material references (~items 2/3). evaluating rule: Set DEFAULT ConsAssm:UFactor  (19:'ConstructAssembly.rule' line 1252)
2019-12-17 12:50:48 - Error:  ConsAssmUFactor Error:  ConsAssm object 'NonResConcreteExteriorWall' has gap in material references (~items 5/6). evaluating rule: Set DEFAULT ConsAssm:UFactor  (19:'ConstructAssembly.rule' line 1252)
2019-12-17 12:50:49 - Error:  ConsAssmUFactor Error:  ConsAssm object 'ResWoodWallU059' has gap in material references (~items 4/5). evaluating rule: Set DEFAULT ConsAssm:UFactor  (19:'ConstructAssembly.rule' line 1252)
2019-12-17 12:50:49 - Error:  ConsAssmUFactor Error:  ConsAssm object 'OtherFloorU071' has gap in material references (~items 2/3). evaluating rule: Set DEFAULT ConsAssm:UFactor  (19:'ConstructAssembly.rule' line 1252)
2019-12-17 12:50:49 - Error:  ConsAssmUFactor Error:  ConsAssm object 'NonResConcreteExteriorWall' has gap in material references (~items 5/6). evaluating rule: Set DEFAULT ConsAssm:UFactor  (19:'ConstructAssembly.rule' line 1252)
2019-12-17 12:52:00 - -----------------------------------------------------------------------------
2019-12-17 12:52:00 - Opening Project 'cz01\instance.cibd19'...
2019-12-17 12:52:01 - Error resolving project component references: 3 not found.
2019-12-17 12:52:01 -       'WoodFrameWall16inOCCavInsR10' (once)
2019-12-17 12:52:01 -       'Compliance Insulation R15.00' (once)
2019-12-17 12:52:01 -       'Compliance Insulation R10.0' (once)
2019-12-17 12:52:01 -    Model load failed (return code 6) into CBECC-Com 2019.1.0 (1079)
2019-12-17 12:52:01 - Error(s) encountered (return code 6: Unable to read/parse building energy model file) reading project file:  C:\Users\agoyal\Documents\GitHub\T24-2022-CASE-Modeling\framework\analysis\hvac\runs\mumr-baseline\cz01\instance.cibd19
2019-12-17 12:52:16 - Error:  ConsAssmUFactor Error:  ConsAssm object 'ResWoodWallU059' has gap in material references (~items 4/5). evaluating rule: Set DEFAULT ConsAssm:UFactor  (19:'ConstructAssembly.rule' line 1252)
2019-12-17 12:52:16 - Error:  ConsAssmUFactor Error:  ConsAssm object 'OtherFloorU071' has gap in material references (~items 2/3). evaluating rule: Set DEFAULT ConsAssm:UFactor  (19:'ConstructAssembly.rule' line 1252)
2019-12-17 12:52:16 - Error:  ConsAssmUFactor Error:  ConsAssm object 'NonResConcreteExteriorWall' has gap in material references (~items 5/6). evaluating rule: Set DEFAULT ConsAssm:UFactor  (19:'ConstructAssembly.rule' line 1252)
2019-12-17 12:52:16 - Error:  ConsAssmUFactor Error:  ConsAssm object 'ResWoodWallU059' has gap in material references (~items 4/5). evaluating rule: Set DEFAULT ConsAssm:UFactor  (19:'ConstructAssembly.rule' line 1252)
2019-12-17 12:52:16 - Error:  ConsAssmUFactor Error:  ConsAssm object 'OtherFloorU071' has gap in material references (~items 2/3). evaluating rule: Set DEFAULT ConsAssm:UFactor  (19:'ConstructAssembly.rule' line 1252)
2019-12-17 12:52:16 - Error:  ConsAssmUFactor Error:  ConsAssm object 'NonResConcreteExteriorWall' has gap in material references (~items 5/6). evaluating rule: Set DEFAULT ConsAssm:UFactor  (19:'ConstructAssembly.rule' line 1252)
2019-12-17 12:52:17 - Error:  ConsAssmUFactor Error:  ConsAssm object 'ResWoodWallU059' has gap in material references (~items 4/5). evaluating rule: Set DEFAULT ConsAssm:UFactor  (19:'ConstructAssembly.rule' line 1252)
2019-12-17 12:52:17 - Error:  ConsAssmUFactor Error:  ConsAssm object 'OtherFloorU071' has gap in material references (~items 2/3). evaluating rule: Set DEFAULT ConsAssm:UFactor  (19:'ConstructAssembly.rule' line 1252)
2019-12-17 12:52:17 - Error:  ConsAssmUFactor Error:  ConsAssm object 'NonResConcreteExteriorWall' has gap in material references (~items 5/6). evaluating rule: Set DEFAULT ConsAssm:UFactor  (19:'ConstructAssembly.rule' line 1252)
2019-12-17 16:58:07 - -----------------------------------------------------------------------------
2019-12-17 16:58:07 - Opening Project 'cz01\instance.cibd19'...
2019-12-17 16:58:08 -    Model load successful into CBECC-Com 2019.1.0 (1079)
2019-12-17 16:58:08 - Performing Building Database check...
2019-12-17 16:58:08 - Building Database check completed, no problems found.
2019-12-17 16:58:11 -   PerfAnal_NRes - starting, w/ arguments:
2019-12-17 16:58:11 -        BEMBasePathFile    = (null)
2019-12-17 16:58:11 -        RulesetPathFile    = (null)
2019-12-17 16:58:11 -        SimWeatherPath     = C:\Users\agoyal\Documents\CBECC-Com 2019 Data\EPW\
2019-12-17 16:58:11 -        CompMgrDLLPath     = (null)
2019-12-17 16:58:11 -        DHWWeatherPath     = (null)
2019-12-17 16:58:11 -        ProcessingPath     = C:\Users\agoyal\Documents\GitHub\T24-2022-CASE-Modeling\framework\analysis\hvac\runs\mumr-baseline\cz01\instance - run\
2019-12-17 16:58:11 -        ModelPathFile      = C:\Users\agoyal\Documents\GitHub\T24-2022-CASE-Modeling\framework\analysis\hvac\runs\mumr-baseline\cz01\instance.cibd19
2019-12-17 16:58:11 -        LogPathFile        = (null)
2019-12-17 16:58:11 -        UIVersionString    = CBECC-Com 2019.1.0 (1079)
2019-12-17 16:58:11 -        LoadModelFile      = false
2019-12-17 16:58:11 -        OptionsCSV         = AllowAnalysisAbort,0,StoreBEMDetails,1,AnalysisThruStep,8,ModelRpt_ALL,1,SimulationStorage,7,ExportHourlyResults_All,1,PromptUserUMLHWarning,1,PreAnalysisCheckPromptOption,3,CompReportWarningOption,5,
2019-12-17 16:58:11 -        ErrorMsg           = (assumed to be initialized)
2019-12-17 16:58:11 -        ErrorMsgLen        = 2056
2019-12-17 16:58:11 -        DisplayProgress    = true
2019-12-17 16:58:11 -        ResultsSummary     = (empty)
2019-12-17 16:58:11 -        ResultsSummaryLen  = 3200
2019-12-17 16:58:11 -        pProgCallbackFunc  = (null)
2019-12-17 16:58:12 - Performing Building Database check...
2019-12-17 16:58:12 - Building Database check completed, no problems found.
2019-12-17 16:58:12 - Warning:  The following developer options must be defaulted (not specified by the user) in order to perform a valid compliance analysis:
          Proj 'Mid-Rise Mixed-Use (5-story)' AutoHardSize
          Proj 'Mid-Rise Mixed-Use (5-story)' AutoEffInput
2019-12-17 16:58:12 -    9 file hash check(s) failed on executable and/or analysis support files (analysis continuing w/ report signature disabled)
2019-12-17 16:58:14 - Performing Building Database check...
2019-12-17 16:58:14 - Building Database check completed, no problems found.
2019-12-17 16:58:14 - Warning:  The AirSystem:Count for multi-zone system 'DOAS1' is not consistent with the maximum or minimum ThermalZone:Multiplier of the zones the system serves. This indicates the HVAC system serves more than 1 floor, or that Multipliers or system Count may be improperly defined. Check inputs for consistency. evaluating rule: Set CHECKCODE AirSys:Cnt  (68:'HVACSecondary-General.rule' line 1360)
2019-12-17 16:58:17 -   PerfAnal_NRes - Bypassing OpenStudio (and simulation) for zp model
2019-12-17 17:01:59 -   PerfSim_E+ - Final Result: FAIL  -- compliance margin: -1.82 (-2.68%)
2019-12-17 17:02:00 - Analysis result:  FAIL  (TDV margin: -1.82)  Processing time:  Overall 3:49 / SDD2IDF x4 avg 0:07 / SizSim x2 avg 0:11 / AnnSim x2 avg 1:17 / ReportGen x0 0:00 / Other 0:22
2019-12-17 17:02:00 -       ResultsSummary population:  bAbort = (false) / RuleProcAbort = (false) / iRetVal = 0 / pszResultsSummary = (empty) / iResultsSummaryLen = 3200
2019-12-17 17:02:00 -       ResultsSummary components1:  2019-12-17 17:02:00 / instance / Mid-Rise Mixed-Use (5-story) / ARCATA_725945 / Title24Compliance / 3:49 / FAIL / -1.82
2019-12-17 17:02:00 -       ResultsSummary components2:  CBECC-Com 2019.1.0 (1079) / BEMCmpMgr 2019.1.0 (5962) / CA 2019 Nonresidential, Vers. 1.0 Alpha / 1.11.3.f52686d8e1 / 9.0.1-bb7ca4f0da / CSE19 0.860.0 EXE / C:\Users\agoyal\Documents\CBECC-Com 2019 Data\EPW\ / C:\Users\agoyal\Documents\GitHub\T24-2022-CASE-Modeling\framework\analysis\hvac\runs\mumr-baseline\cz01\
2019-12-17 17:02:00 -       ResultsSummary:  2019-12-17 17:02:00,"instance","Mid-Rise Mixed-Use (5-story)","ARCATA_725945",113100,141000,"Title24Compliance",3:49,FAIL,-1.82,"--","--","Successful (223 warnings)",16879.6,8552.45,38121.1,0,323.855,18877.8,81702.5,164457,217441,0,149101,34551.8,0,0,565551,6043.12,0,0,0,0,10865,0,16908.1,586.724,0,0,0,17494.9,0,0,0,0,0,0,0,0,0,0,0,0,0,14.513,2.68727,9.52991,0,0.0834369,22.017,20.8274,69.658,58.5422,0,40.232,8.44557,0,0,176.878,148.41,28.4682,0,181.5,"Thermal Zone: F5 Corridor",0,305.25,"Thermal Zone: F5 Corridor",0,"--","--","Successful (223 warnings)",33.041,8203.35,37634.7,0,137.427,18875.3,81702.5,146586,217441,0,149101,8626.31,0,0,521755,7643.55,0,0,0,0,10865,0,18508.6,586.724,0,0,0,19095.3,0,0,0,0,0,0,0,0,0,0,0,0,0,12.9607,2.57362,9.42975,0,0.0323492,22.0161,20.8274,67.8398,58.5422,0,40.232,2.10855,0,0,168.723,137.59,31.1322,0,0,,0,0,,0,0.241531,6.93119,5.90212,0,0.0538868,2.90926,14.3261,30.3641,38.321,0,25.7371,3.94427,0,0,98.3664,0.000736061,6.58055,6.03767,0,0.00905755,2.90241,14.3261,29.8565,38.321,0,25.7371,0.984739,0,0,94.8993,"CBECC-Com 2019.1.0 (1079)","BEMCmpMgr 2019.1.0 (5962)","CA 2019 Nonresidential, Vers. 1.0 Alpha","1.11.3.f52686d8e1","9.0.1-bb7ca4f0da","CSE19 0.860.0 EXE","C:\Users\agoyal\Documents\CBECC-Com 2019 Data\EPW\","C:\Users\agoyal\Documents\GitHub\T24-2022-CASE-Modeling\framework\analysis\hvac\runs\mumr-baseline\cz01\",

2019-12-17 17:02:03 - -----------------------------------------------------------------------------
2019-12-17 17:02:03 - Opening Project 'cz01\instance.cibd19'...
2019-12-17 17:02:04 -    Model load successful into CBECC-Com 2019.1.0 (1079)
2019-12-17 17:02:04 - Performing Building Database check...
2019-12-17 17:02:04 - Building Database check completed, no problems found.
2019-12-17 17:02:07 - Project Saved
2019-12-18 14:54:16 - -----------------------------------------------------------------------------
2019-12-18 14:54:16 - Opening Project 'cz01\instance.cibd19'...
2019-12-18 14:54:17 -    Model load successful into CBECC-Com 2019.1.0 (1079)
2019-12-18 14:54:17 - Performing Building Database check...
2019-12-18 14:54:17 - Building Database check completed, no problems found.
2019-12-18 15:06:31 -   PerfAnal_NRes - starting, w/ arguments:
2019-12-18 15:06:31 -        BEMBasePathFile    = (null)
2019-12-18 15:06:31 -        RulesetPathFile    = (null)
2019-12-18 15:06:31 -        SimWeatherPath     = C:\Users\mnakajima\Documents\CBECC-Com 2019 Data\EPW\
2019-12-18 15:06:31 -        CompMgrDLLPath     = (null)
2019-12-18 15:06:31 -        DHWWeatherPath     = (null)
2019-12-18 15:06:31 -        ProcessingPath     = C:\Users\mnakajima\Documents\GitHub\T24-2022-CASE-Modeling\framework\analysis\hvac_autosizing\runs\mumr-baseline\cz01\instance - run\
2019-12-18 15:06:31 -        ModelPathFile      = C:\Users\mnakajima\Documents\GitHub\T24-2022-CASE-Modeling\framework\analysis\hvac_autosizing\runs\mumr-baseline\cz01\instance.cibd19
2019-12-18 15:06:31 -        LogPathFile        = (null)
2019-12-18 15:06:31 -        UIVersionString    = CBECC-Com 2019.1.0 (1079)
2019-12-18 15:06:31 -        LoadModelFile      = false
2019-12-18 15:06:31 -        OptionsCSV         = StoreBEMDetails,1,AnalysisThruStep,8,ModelRpt_ALL,1,SimulationStorage,7,ExportHourlyResults_All,1,PromptUserUMLHWarning,1,PreAnalysisCheckPromptOption,3,CompReportWarningOption,5,
2019-12-18 15:06:31 -        ErrorMsg           = (assumed to be initialized)
2019-12-18 15:06:31 -        ErrorMsgLen        = 2056
2019-12-18 15:06:31 -        DisplayProgress    = true
2019-12-18 15:06:31 -        ResultsSummary     = (empty)
2019-12-18 15:06:31 -        ResultsSummaryLen  = 3200
2019-12-18 15:06:31 -        pProgCallbackFunc  = (null)
2019-12-18 15:06:31 - Performing Building Database check...
2019-12-18 15:06:31 - Building Database check completed, no problems found.
2019-12-18 15:06:31 - Warning:  The following developer options must be defaulted (not specified by the user) in order to perform a valid compliance analysis:
          Proj 'Mid-Rise Mixed-Use (5-story)' AutoHardSize
          Proj 'Mid-Rise Mixed-Use (5-story)' AutoEffInput
2019-12-18 15:06:33 - Performing Building Database check...
2019-12-18 15:06:33 - Building Database check completed, no problems found.
2019-12-18 15:06:33 - Warning:  The AirSystem:Count for multi-zone system 'DOAS1' is not consistent with the maximum or minimum ThermalZone:Multiplier of the zones the system serves. This indicates the HVAC system serves more than 1 floor, or that Multipliers or system Count may be improperly defined. Check inputs for consistency. evaluating rule: Set CHECKCODE AirSys:Cnt  (68:'HVACSecondary-General.rule' line 1360)
2019-12-18 15:06:37 -   PerfAnal_NRes - Bypassing OpenStudio (and simulation) for zp model
2019-12-18 15:10:59 -   PerfSim_E+ - Final Result: FAIL  -- compliance margin: -1.57 (-2.31%)
2019-12-18 15:11:02 - Analysis result:  FAIL  (TDV margin: -1.57)  Processing time:  Overall 4:31 / SDD2IDF x4 avg 0:07 / SizSim x2 avg 0:12 / AnnSim x2 avg 1:33 / ReportGen x0 0:00 / Other 0:27
2019-12-18 15:11:02 -       ResultsSummary population:  bAbort = (false) / RuleProcAbort = (false) / iRetVal = 0 / pszResultsSummary = (empty) / iResultsSummaryLen = 3200
2019-12-18 15:11:02 -       ResultsSummary components1:  2019-12-18 15:11:02 / instance / Mid-Rise Mixed-Use (5-story) / ARCATA_725945 / Title24Compliance / 4:31 / FAIL / -1.57
2019-12-18 15:11:02 -       ResultsSummary components2:  CBECC-Com 2019.1.0 (1079) / BEMCmpMgr 2019.1.0 (5962) / CA 2019 Nonresidential, Vers. 1.0 Alpha / 1.11.3.f52686d8e1 / 9.0.1-bb7ca4f0da / CSE19 0.860.0 EXE / C:\Users\mnakajima\Documents\CBECC-Com 2019 Data\EPW\ / C:\Users\mnakajima\Documents\GitHub\T24-2022-CASE-Modeling\framework\analysis\hvac_autosizing\runs\mumr-baseline\cz01\
2019-12-18 15:11:02 -       ResultsSummary:  2019-12-18 15:11:02,"instance","Mid-Rise Mixed-Use (5-story)","ARCATA_725945",113100,141000,"Title24Compliance",4:31,FAIL,-1.57,"--","--","Successful (221 warnings)",22.3262,8489.11,37537.1,0,324.084,18877.8,81702.5,146953,217441,0,149101,34551.8,0,0,548047,8554.4,0,0,0,0,10865,0,19419.4,586.724,0,0,0,20006.1,0,0,0,0,0,0,0,0,0,0,0,0,0,14.4117,2.66859,9.40074,0,0.0834871,22.017,20.8274,69.4089,58.5422,0,40.232,8.44557,0,0,176.629,144.043,32.5859,0,181.25,"Thermal Zone: F5 Corridor",0,431.75,"Thermal Zone: F5 Corridor",0,"--","--","Successful (223 warnings)",33.041,8203.35,37634.7,0,137.427,18875.3,81702.5,146586,217441,0,149101,8626.31,0,0,521755,7643.55,0,0,0,0,10865,0,18508.6,586.724,0,0,0,19095.3,0,0,0,0,0,0,0,0,0,0,0,0,0,12.9607,2.57362,9.42975,0,0.0323492,22.0161,20.8274,67.8398,58.5422,0,40.232,2.10855,0,0,168.723,137.59,31.1322,0,0,,0,0,,0,0.000571071,6.88724,5.90202,0,0.0538869,2.90926,14.3261,30.079,38.321,0,25.7371,3.94427,0,0,98.0814,0.000736061,6.58055,6.03767,0,0.00905755,2.90241,14.3261,29.8565,38.321,0,25.7371,0.984739,0,0,94.8993,"CBECC-Com 2019.1.0 (1079)","BEMCmpMgr 2019.1.0 (5962)","CA 2019 Nonresidential, Vers. 1.0 Alpha","1.11.3.f52686d8e1","9.0.1-bb7ca4f0da","CSE19 0.860.0 EXE","C:\Users\mnakajima\Documents\CBECC-Com 2019 Data\EPW\","C:\Users\mnakajima\Documents\GitHub\T24-2022-CASE-Modeling\framework\analysis\hvac_autosizing\runs\mumr-baseline\cz01\",

2019-12-18 15:15:35 - -----------------------------------------------------------------------------
2019-12-18 15:15:35 - Opening Project 'cz01\instance.cibd19'...
2019-12-18 15:15:36 -    Model load successful into CBECC-Com 2019.1.0 (1079)
2019-12-18 15:15:36 - Performing Building Database check...
2019-12-18 15:15:36 - Building Database check completed, no problems found.
2019-12-18 15:15:39 - Project Saved
2019-12-18 15:25:31 - -----------------------------------------------------------------------------
2019-12-18 15:25:31 - Opening Project 'cz01\instance.cibd19'...
2019-12-18 15:25:31 -    Model load successful into CBECC-Com 2019.1.0 (1079)
2019-12-18 15:25:32 - Performing Building Database check...
2019-12-18 15:25:32 - Building Database check completed, no problems found.
2019-12-18 15:25:35 -   PerfAnal_NRes - starting, w/ arguments:
2019-12-18 15:25:35 -        BEMBasePathFile    = (null)
2019-12-18 15:25:35 -        RulesetPathFile    = (null)
2019-12-18 15:25:35 -        SimWeatherPath     = C:\Users\mnakajima\Documents\CBECC-Com 2019 Data\EPW\
2019-12-18 15:25:35 -        CompMgrDLLPath     = (null)
2019-12-18 15:25:35 -        DHWWeatherPath     = (null)
2019-12-18 15:25:35 -        ProcessingPath     = C:\Users\mnakajima\Documents\GitHub\T24-2022-CASE-Modeling\framework\analysis\hvac_autosizing\runs\mumr-baseline\cz01\instance - run\
2019-12-18 15:25:35 -        ModelPathFile      = C:\Users\mnakajima\Documents\GitHub\T24-2022-CASE-Modeling\framework\analysis\hvac_autosizing\runs\mumr-baseline\cz01\instance.cibd19
2019-12-18 15:25:35 -        LogPathFile        = (null)
2019-12-18 15:25:35 -        UIVersionString    = CBECC-Com 2019.1.0 (1079)
2019-12-18 15:25:35 -        LoadModelFile      = false
2019-12-18 15:25:35 -        OptionsCSV         = AllowAnalysisAbort,0,StoreBEMDetails,1,AnalysisThruStep,8,ModelRpt_ALL,1,SimulationStorage,7,ExportHourlyResults_All,1,PromptUserUMLHWarning,1,PreAnalysisCheckPromptOption,3,CompReportWarningOption,5,
2019-12-18 15:25:35 -        ErrorMsg           = (assumed to be initialized)
2019-12-18 15:25:35 -        ErrorMsgLen        = 2056
2019-12-18 15:25:35 -        DisplayProgress    = true
2019-12-18 15:25:35 -        ResultsSummary     = (empty)
2019-12-18 15:25:35 -        ResultsSummaryLen  = 3200
2019-12-18 15:25:35 -        pProgCallbackFunc  = (null)
2019-12-18 15:25:35 - Performing Building Database check...
2019-12-18 15:25:35 - Building Database check completed, no problems found.
2019-12-18 15:25:35 - Warning:  The following developer options must be defaulted (not specified by the user) in order to perform a valid compliance analysis:
          Proj 'Mid-Rise Mixed-Use (5-story)' AutoHardSize
          Proj 'Mid-Rise Mixed-Use (5-story)' AutoEffInput
2019-12-18 15:25:37 - Performing Building Database check...
2019-12-18 15:25:37 - Building Database check completed, no problems found.
2019-12-18 15:25:37 - Warning:  The AirSystem:Count for multi-zone system 'DOAS1' is not consistent with the maximum or minimum ThermalZone:Multiplier of the zones the system serves. This indicates the HVAC system serves more than 1 floor, or that Multipliers or system Count may be improperly defined. Check inputs for consistency. evaluating rule: Set CHECKCODE AirSys:Cnt  (68:'HVACSecondary-General.rule' line 1360)
2019-12-18 15:25:41 -   PerfAnal_NRes - Bypassing OpenStudio (and simulation) for zp model
2019-12-18 15:33:22 -   PerfSim_E+ - Final Result: FAIL  -- compliance margin: -1.57 (-2.31%)
2019-12-18 15:33:25 - Analysis result:  FAIL  (TDV margin: -1.57)  Processing time:  Overall 7:50 / SDD2IDF x4 avg 0:07 / SizSim x2 avg 0:13 / AnnSim x2 avg 1:32 / ReportGen x0 0:00 / Other 3:45
2019-12-18 15:33:25 -       ResultsSummary population:  bAbort = (false) / RuleProcAbort = (false) / iRetVal = 0 / pszResultsSummary = (empty) / iResultsSummaryLen = 3200
2019-12-18 15:33:25 -       ResultsSummary components1:  2019-12-18 15:33:25 / instance / Mid-Rise Mixed-Use (5-story) / ARCATA_725945 / Title24Compliance / 7:50 / FAIL / -1.57
2019-12-18 15:33:25 -       ResultsSummary components2:  CBECC-Com 2019.1.0 (1079) / BEMCmpMgr 2019.1.0 (5962) / CA 2019 Nonresidential, Vers. 1.0 Alpha / 1.11.3.f52686d8e1 / 9.0.1-bb7ca4f0da / CSE19 0.860.0 EXE / C:\Users\mnakajima\Documents\CBECC-Com 2019 Data\EPW\ / C:\Users\mnakajima\Documents\GitHub\T24-2022-CASE-Modeling\framework\analysis\hvac_autosizing\runs\mumr-baseline\cz01\
2019-12-18 15:33:25 -       ResultsSummary:  2019-12-18 15:33:25,"instance","Mid-Rise Mixed-Use (5-story)","ARCATA_725945",113100,141000,"Title24Compliance",7:50,FAIL,-1.57,"--","--","Successful (221 warnings)",22.3262,8489.11,37537.1,0,324.084,18877.8,81702.5,146953,217441,0,149101,34551.8,0,0,548047,8554.4,0,0,0,0,10865,0,19419.4,586.724,0,0,0,20006.1,0,0,0,0,0,0,0,0,0,0,0,0,0,14.4117,2.66859,9.40074,0,0.0834871,22.017,20.8274,69.4089,58.5422,0,40.232,8.44557,0,0,176.629,144.043,32.5859,0,181.25,"Thermal Zone: F5 Corridor",0,431.75,"Thermal Zone: F5 Corridor",0,"--","--","Successful (223 warnings)",33.041,8203.35,37634.7,0,137.427,18875.3,81702.5,146586,217441,0,149101,8626.31,0,0,521755,7643.55,0,0,0,0,10865,0,18508.6,586.724,0,0,0,19095.3,0,0,0,0,0,0,0,0,0,0,0,0,0,12.9607,2.57362,9.42975,0,0.0323492,22.0161,20.8274,67.8398,58.5422,0,40.232,2.10855,0,0,168.723,137.59,31.1322,0,0,,0,0,,0,0.000571071,6.88724,5.90202,0,0.0538869,2.90926,14.3261,30.079,38.321,0,25.7371,3.94427,0,0,98.0814,0.000736061,6.58055,6.03767,0,0.00905755,2.90241,14.3261,29.8565,38.321,0,25.7371,0.984739,0,0,94.8993,"CBECC-Com 2019.1.0 (1079)","BEMCmpMgr 2019.1.0 (5962)","CA 2019 Nonresidential, Vers. 1.0 Alpha","1.11.3.f52686d8e1","9.0.1-bb7ca4f0da","CSE19 0.860.0 EXE","C:\Users\mnakajima\Documents\CBECC-Com 2019 Data\EPW\","C:\Users\mnakajima\Documents\GitHub\T24-2022-CASE-Modeling\framework\analysis\hvac_autosizing\runs\mumr-baseline\cz01\",

2019-12-18 15:33:30 - -----------------------------------------------------------------------------
2019-12-18 15:33:30 - Opening Project 'cz01\instance.cibd19'...
2019-12-18 15:33:30 -    Model load successful into CBECC-Com 2019.1.0 (1079)
2019-12-18 15:33:31 - Performing Building Database check...
2019-12-18 15:33:31 - Building Database check completed, no problems found.
2019-12-18 15:33:34 - Project Saved
2020-01-14 18:21:20 - -----------------------------------------------------------------------------
2020-01-14 18:21:20 - Opening Project 'cz01\instance.cibd22'...
2020-01-14 18:21:21 -    Model load successful into CBECC-Com 2022.0.1 RV (1113)
2020-01-14 18:21:21 - Performing Building Database check...
2020-01-14 18:21:21 - Building Database check completed, no problems found.
2020-01-14 18:21:25 -   PerfAnal_NRes - starting, w/ arguments:
2020-01-14 18:21:25 -        BEMBasePathFile    = (null)
2020-01-14 18:21:25 -        RulesetPathFile    = (null)
2020-01-14 18:21:25 -        SimWeatherPath     = C:\Users\mnakajima\Documents\CBECC-Com 2022 Data\EPW\
2020-01-14 18:21:25 -        CompMgrDLLPath     = (null)
2020-01-14 18:21:25 -        DHWWeatherPath     = (null)
2020-01-14 18:21:25 -        ProcessingPath     = C:\Users\mnakajima\Documents\GitHub\T24-2022-CASE-Modeling\framework\analysis\hvac_autosizing\runs\mumr-baseline\cz01\instance - run\
2020-01-14 18:21:25 -        ModelPathFile      = C:\Users\mnakajima\Documents\GitHub\T24-2022-CASE-Modeling\framework\analysis\hvac_autosizing\runs\mumr-baseline\cz01\instance.cibd22
2020-01-14 18:21:25 -        LogPathFile        = (null)
2020-01-14 18:21:25 -        UIVersionString    = CBECC-Com 2022.0.1 RV (1113)
2020-01-14 18:21:25 -        LoadModelFile      = false
2020-01-14 18:21:25 -        OptionsCSV         = AllowAnalysisAbort,0,StoreBEMDetails,1,AnalysisThruStep,8,ModelRpt_ALL,1,ExportHourlyResults_All,1,PromptUserUMLHWarning,1,PreAnalysisCheckPromptOption,3,CompReportWarningOption,5,
2020-01-14 18:21:25 -        ErrorMsg           = (assumed to be initialized)
2020-01-14 18:21:25 -        ErrorMsgLen        = 2056
2020-01-14 18:21:25 -        DisplayProgress    = true
2020-01-14 18:21:25 -        ResultsSummary     = (empty)
2020-01-14 18:21:25 -        ResultsSummaryLen  = 3200
2020-01-14 18:21:25 -        pProgCallbackFunc  = (null)
2020-01-14 18:21:26 - Performing Building Database check...
2020-01-14 18:21:26 - Building Database check completed, no problems found.
2020-01-14 18:21:26 - Warning:  The following developer options must be defaulted (not specified by the user) in order to perform a valid compliance analysis:
          Proj 'Mid-Rise Mixed-Use (5-story)' AutoHardSize
          Proj 'Mid-Rise Mixed-Use (5-story)' AutoEffInput
2020-01-14 18:21:26 -    1 file hash check(s) failed on executable and/or analysis support files (analysis continuing w/ report signature disabled)
2020-01-14 18:21:28 - Performing Building Database check...
2020-01-14 18:21:28 - Building Database check completed, no problems found.
2020-01-14 18:21:28 - Warning:  The AirSystem:Count for multi-zone system 'DOAS1' is not consistent with the maximum or minimum ThermalZone:Multiplier of the zones the system serves. This indicates the HVAC system serves more than 1 floor, or that Multipliers or system Count may be improperly defined. Check inputs for consistency. evaluating rule: Set CHECKCODE AirSys:Cnt  (68:'HVACSecondary-General.rule' line 1398)
2020-01-14 18:21:32 -   PerfAnal_NRes - Bypassing OpenStudio (and simulation) for zp model
2020-01-14 18:26:28 -   PerfSim_E+ - Final Result: FAIL  -- compliance margin: -2 (-2.64%)
2020-01-14 18:26:31 - Analysis result:  FAIL  (TDV margin: -2.00)  Processing time:  Overall 5:05 / SDD2IDF x4 avg 0:07 / SizSim x2 avg 0:14 / AnnSim x2 avg 1:45 / ReportGen x0 0:00 / Other 0:32
2020-01-14 18:26:31 -       ResultsSummary population:  bAbort = (false) / RuleProcAbort = (false) / iRetVal = 0 / pszResultsSummary = (empty) / iResultsSummaryLen = 3200
2020-01-14 18:26:31 -       ResultsSummary components1:  2020-01-14 18:26:31 / instance / Mid-Rise Mixed-Use (5-story) / CTZ01S22A / Title24Compliance / 5:05 / FAIL / -2.00
2020-01-14 18:26:31 -       ResultsSummary components2:  CBECC-Com 2022.0.1 RV (1113) / BEMCmpMgr 2022.0.1 RV (6107) / CA 2022 Nonresidential, Vers. 1.0 Alpha / 1.11.3.f52686d8e1 / 9.0.1-bb7ca4f0da / CSE19 0.865.0+dhwloop.68861ec.94 EXE / C:\Users\mnakajima\Documents\CBECC-Com 2022 Data\EPW\ / C:\Users\mnakajima\Documents\GitHub\T24-2022-CASE-Modeling\framework\analysis\hvac_autosizing\runs\mumr-baseline\cz01\
2020-01-14 18:26:31 -       ResultsSummary:  2020-01-14 18:26:31,"instance","Mid-Rise Mixed-Use (5-story)","CTZ01S22A","Pol  0% RetAdd NoLeak",113100,141000,"Title24Compliance",5:05,FAIL,-2.00,"--","--","Successful (221 warnings)",21.1501,9756.11,42011,0,319.382,18876.4,81988.7,152973,217441,0,149101,34551.8,0,0,554067,8225.94,0,0,0,0,10973.8,0,19199.8,586.724,0,0,0,19786.5,0,0,0,0,0,0,0,0,0,0,0,0,0,18.3355,2.33681,10.2923,0,0.0787705,27.763,18.9221,77.7285,57.1167,0,40.6046,8.51343,0,0,183.963,141.171,42.7926,0,189,"Thermal Zone: F5 Corridor",0,378.25,"Thermal Zone: F5 Corridor",0,"--","--","Successful (223 warnings)",31.3894,9476.88,42345.2,0,124.245,18873.9,81988.7,152840,217441,0,149101,34551.8,0,0,553934,7324.6,0,0,0,0,10973.8,0,18298.4,586.724,0,0,0,18885.1,0,0,0,0,0,0,0,0,0,0,0,0,0,16.4232,2.2526,10.3468,0,0.0336703,27.7639,18.9221,75.7423,57.1167,0,40.6046,8.51343,0,0,181.977,141.1,40.8774,0,0,,0,0,,0,0.000962363,6.13698,6.27786,0,0.0538504,2.90892,14.3374,29.716,38.321,0,25.7371,3.94427,0,0,97.7184,0.00125379,5.95797,6.48519,0,0.00842949,2.90247,14.3374,29.6927,38.321,0,25.7371,3.94427,0,0,97.6951,"CBECC-Com 2022.0.1 RV (1113)","BEMCmpMgr 2022.0.1 RV (6107)","CA 2022 Nonresidential, Vers. 1.0 Alpha","1.11.3.f52686d8e1","9.0.1-bb7ca4f0da","CSE19 0.865.0+dhwloop.68861ec.94 EXE","C:\Users\mnakajima\Documents\CBECC-Com 2022 Data\EPW\","C:\Users\mnakajima\Documents\GitHub\T24-2022-CASE-Modeling\framework\analysis\hvac_autosizing\runs\mumr-baseline\cz01\",0.00327882,1.31199,6.35086,0,0.0409067,2.54868,9.06502,19.32,32.1279,0,25.58,5.65158,0,0,82.68,3.94423,0,0,0,0,5.2618,0,9.2,0.281326,0,0,0,9.48,0.00510017,1.24927,6.37457,0,0.0227078,2.5539,9.06502,19.27,32.1279,0,25.58,5.65158,0,0,82.63,3.51205,0,0,0,0,5.2618,0,8.77,0.281326,0,0,0,9.05,6.77424,0.218521,1.05778,0,0.00681329,9.46096,1.50985,19.0282,5.83428,0,4.26052,0.941311,0,0,30.0643,6.03233,0.208076,1.06173,0,0.00378214,9.46183,1.50985,18.2776,5.83428,0,4.26052,0.941311,0,0,29.3137,

2020-01-14 18:26:34 - -----------------------------------------------------------------------------
2020-01-14 18:26:34 - Opening Project 'cz01\instance.cibd22'...
2020-01-14 18:26:35 -    Model load successful into CBECC-Com 2022.0.1 RV (1113)
2020-01-14 18:26:35 - Performing Building Database check...
2020-01-14 18:26:35 - Building Database check completed, no problems found.
2020-01-14 18:26:40 - Project Saved
2020-01-15 10:55:56 - -----------------------------------------------------------------------------
2020-01-15 10:55:56 - Opening Project 'cz01\instance.cibd22'...
2020-01-15 10:55:57 -    Model load successful into CBECC-Com 2022.0.1 RV (1113)
2020-01-15 10:55:57 - Performing Building Database check...
2020-01-15 10:55:57 - Building Database check completed, no problems found.
2020-02-05 13:03:33 - -----------------------------------------------------------------------------
2020-02-05 13:03:33 - Opening Project 'cz01\instance.cibd22'...
2020-02-05 13:03:34 -    Model load successful into CBECC-Com 2022.0.1 RV (1113)
2020-02-05 13:03:34 - Performing Building Database check...
2020-02-05 13:03:34 - Building Database check completed, no problems found.
2020-02-05 13:03:38 -   PerfAnal_NRes - starting, w/ arguments:
2020-02-05 13:03:38 -        BEMBasePathFile    = (null)
2020-02-05 13:03:38 -        RulesetPathFile    = (null)
2020-02-05 13:03:38 -        SimWeatherPath     = C:\Users\mnakajima\Documents\CBECC-Com 2022 Data\EPW\
2020-02-05 13:03:38 -        CompMgrDLLPath     = (null)
2020-02-05 13:03:38 -        DHWWeatherPath     = (null)
2020-02-05 13:03:38 -        ProcessingPath     = C:\Users\mnakajima\Documents\GitHub\T24-2022-CASE-Modeling\framework\analysis\baseline-mumr\runs\mumr-baseline\cz01\instance - run\
2020-02-05 13:03:38 -        ModelPathFile      = C:\Users\mnakajima\Documents\GitHub\T24-2022-CASE-Modeling\framework\analysis\baseline-mumr\runs\mumr-baseline\cz01\instance.cibd22
2020-02-05 13:03:38 -        LogPathFile        = (null)
2020-02-05 13:03:38 -        UIVersionString    = CBECC-Com 2022.0.1 RV (1113)
2020-02-05 13:03:38 -        LoadModelFile      = false
2020-02-05 13:03:38 -        OptionsCSV         = AllowAnalysisAbort,0,StoreBEMDetails,1,AnalysisThruStep,8,ModelRpt_ALL,1,ExportHourlyResults_All,1,PromptUserUMLHWarning,1,PreAnalysisCheckPromptOption,3,CompReportWarningOption,5,
2020-02-05 13:03:38 -        ErrorMsg           = (assumed to be initialized)
2020-02-05 13:03:38 -        ErrorMsgLen        = 2056
2020-02-05 13:03:38 -        DisplayProgress    = true
2020-02-05 13:03:38 -        ResultsSummary     = (empty)
2020-02-05 13:03:38 -        ResultsSummaryLen  = 3200
2020-02-05 13:03:38 -        pProgCallbackFunc  = (null)
2020-02-05 13:03:39 - Performing Building Database check...
2020-02-05 13:03:39 - Building Database check completed, no problems found.
2020-02-05 13:03:39 - Warning:  The following developer options must be defaulted (not specified by the user) in order to perform a valid compliance analysis:
          Proj 'Mid-Rise Mixed-Use (5-story)' AutoHardSize
          Proj 'Mid-Rise Mixed-Use (5-story)' AutoEffInput
2020-02-05 13:03:40 -    1 file hash check(s) failed on executable and/or analysis support files (analysis continuing w/ report signature disabled)
2020-02-05 13:03:42 -   PerfAnal_NRes - AnalysisThruStep being set to #7 due to Proj:AnalysisType = Title24ProposedOnly
2020-02-05 13:03:42 - Performing Building Database check...
2020-02-05 13:03:42 - Building Database check completed, no problems found.
2020-02-05 13:03:42 - Warning:  AirSystem 'DOAS1' has a DX cooling coil and the rated supply flow per ton of (net) cooling capacity is 1491 cfm/ton. The acceptable range for successful simulation of DX cooling coils in EnergyPlus is normally ~300 to ~450 cfm/ton. If the compliance simulation fails, check flow/cooling capacity inputs for consistency with the design. If simulation still fails, contact the CBECC support team for assistance. evaluating rule: Set CHECKSIM AirSys:SupFlowPerTon  (110:'HVACSecondary-Summary.rule' line 785)
2020-02-05 13:03:42 - Warning:  The AirSystem:Count for multi-zone system 'DOAS1' is not consistent with the maximum or minimum ThermalZone:Multiplier of the zones the system serves. This indicates the HVAC system serves more than 1 floor, or that Multipliers or system Count may be improperly defined. Check inputs for consistency. evaluating rule: Set CHECKCODE AirSys:Cnt  (68:'HVACSecondary-General.rule' line 1398)
2020-02-05 13:03:47 -   PerfAnal_NRes - Bypassing OpenStudio (and simulation) for zp model
2020-02-05 13:03:49 -   PerfAnal_NRes - Bypassing OpenStudio (and simulation) for zb model
2020-02-05 13:08:01 - Error:  Undefined data: numerator evaluating rule: Set ANNUAL_BASELINE Fan:FlowCap  (75:'HVACSecondary-Fan-General.rule' line 494)
2020-02-05 13:08:01 - Error:  Undefined data: numerator evaluating rule: Set ANNUAL_BASELINE Fan:FlowCap  (75:'HVACSecondary-Fan-General.rule' line 494)
2020-02-05 13:08:01 - Error:  Undefined data: numerator evaluating rule: Set ANNUAL_BASELINE Fan:FlowCap  (75:'HVACSecondary-Fan-General.rule' line 494)
2020-02-05 13:08:01 - Error:  Undefined data: numerator evaluating rule: Set ANNUAL_BASELINE Fan:FlowCap  (75:'HVACSecondary-Fan-General.rule' line 529)
2020-02-05 13:08:01 - Error:  Undefined data: numerator evaluating rule: Set ANNUAL_BASELINE Fan:FlowCap  (75:'HVACSecondary-Fan-General.rule' line 529)
2020-02-05 13:08:01 - Error:  Undefined data: numerator evaluating rule: Set ANNUAL_BASELINE Fan:FlowCap  (75:'HVACSecondary-Fan-General.rule' line 529)
2020-02-05 13:08:01 - Error:  Undefined data: numerator evaluating rule: Set ANNUAL_BASELINE Fan:FlowCap  (75:'HVACSecondary-Fan-General.rule' line 529)
2020-02-05 13:08:01 - Error:  Undefined data: numerator evaluating rule: Set ANNUAL_BASELINE Fan:FlowCap  (75:'HVACSecondary-Fan-General.rule' line 529)
2020-02-05 13:08:01 - Error:  Undefined data: numerator evaluating rule: Set ANNUAL_BASELINE Fan:FlowCap  (75:'HVACSecondary-Fan-General.rule' line 529)
2020-02-05 13:08:01 - Error:  Undefined data: numerator evaluating rule: Set ANNUAL_BASELINE Fan:FlowCap  (75:'HVACSecondary-Fan-General.rule' line 529)
2020-02-05 13:08:01 - Error:  Undefined data: numerator evaluating rule: Set ANNUAL_BASELINE Fan:FlowCap  (75:'HVACSecondary-Fan-General.rule' line 529)
2020-02-05 13:08:01 - Error:  Undefined data: numerator evaluating rule: Set ANNUAL_BASELINE Fan:FlowCap  (75:'HVACSecondary-Fan-General.rule' line 529)
2020-02-05 13:08:01 - Error:  Undefined data: numerator evaluating rule: Set ANNUAL_BASELINE Fan:FlowCap  (75:'HVACSecondary-Fan-General.rule' line 529)
2020-02-05 13:08:01 - Error:  Undefined data: numerator evaluating rule: Set ANNUAL_BASELINE Fan:FlowCap  (75:'HVACSecondary-Fan-General.rule' line 529)
2020-02-05 13:08:01 - Error:  Undefined data: numerator evaluating rule: Set ANNUAL_BASELINE Fan:FlowCap  (75:'HVACSecondary-Fan-General.rule' line 529)
2020-02-05 13:08:01 - Error:  Undefined data: numerator evaluating rule: Set ANNUAL_BASELINE Fan:FlowCap  (75:'HVACSecondary-Fan-General.rule' line 529)
2020-02-05 13:08:01 - Error:  Undefined data: numerator evaluating rule: Set ANNUAL_BASELINE Fan:FlowCap  (75:'HVACSecondary-Fan-General.rule' line 529)
2020-02-05 13:08:01 - Error:  Undefined data: numerator evaluating rule: Set ANNUAL_BASELINE Fan:FlowCap  (75:'HVACSecondary-Fan-General.rule' line 529)
2020-02-05 13:08:01 - Error:  Undefined data: numerator evaluating rule: Set ANNUAL_BASELINE Fan:FlowCap  (75:'HVACSecondary-Fan-General.rule' line 529)
2020-02-05 13:08:01 - Error:  Undefined data: numerator evaluating rule: Set ANNUAL_BASELINE Fan:FlowCap  (75:'HVACSecondary-Fan-General.rule' line 529)
2020-02-05 13:08:01 - Error:  Undefined data: numerator evaluating rule: Set ANNUAL_BASELINE Fan:FlowCap  (75:'HVACSecondary-Fan-General.rule' line 529)
2020-02-05 13:08:01 - Error:  Undefined data: numerator evaluating rule: Set ANNUAL_BASELINE Fan:FlowCap  (75:'HVACSecondary-Fan-General.rule' line 529)
2020-02-05 13:08:01 - Error:  Undefined data: numerator evaluating rule: Set ANNUAL_BASELINE Fan:FlowCap  (75:'HVACSecondary-Fan-General.rule' line 529)
2020-02-05 13:08:01 - Error:  Undefined data: numerator evaluating rule: Set ANNUAL_BASELINE Fan:FlowCap  (75:'HVACSecondary-Fan-General.rule' line 529)
2020-02-05 13:08:01 - Error:  Undefined data: numerator evaluating rule: Set ANNUAL_BASELINE Fan:FlowCap  (75:'HVACSecondary-Fan-General.rule' line 529)
2020-02-05 13:08:01 - Error:  Division by zero evaluating rule: Set ANNUAL_BASELINE ThrmlZn:PriAirCondgSysDsgnFlow  (76:'HVACSecondary-Fan-FanRatios.rule' line 67)
2020-02-05 13:08:01 - Error:  Division by zero evaluating rule: Set ANNUAL_BASELINE ThrmlZn:PriAirCondgSysDsgnFlow  (76:'HVACSecondary-Fan-FanRatios.rule' line 67)
2020-02-05 13:08:01 - Error:  Division by zero evaluating rule: Set ANNUAL_BASELINE ThrmlZn:PriAirCondgSysDsgnFlow  (76:'HVACSecondary-Fan-FanRatios.rule' line 67)
2020-02-05 13:08:01 - Error:  Division by zero evaluating rule: Set ANNUAL_BASELINE ThrmlZn:PriAirCondgSysDsgnFlow  (76:'HVACSecondary-Fan-FanRatios.rule' line 67)
2020-02-05 13:08:01 - Error:  Division by zero evaluating rule: Set ANNUAL_BASELINE ThrmlZn:PriAirCondgSysDsgnFlow  (76:'HVACSecondary-Fan-FanRatios.rule' line 67)
2020-02-05 13:08:01 - Error:  Division by zero evaluating rule: Set ANNUAL_BASELINE ThrmlZn:PriAirCondgSysDsgnFlow  (76:'HVACSecondary-Fan-FanRatios.rule' line 67)
2020-02-05 13:08:01 - Error:  Division by zero evaluating rule: Set ANNUAL_BASELINE ThrmlZn:PriAirCondgSysDsgnFlow  (76:'HVACSecondary-Fan-FanRatios.rule' line 67)
2020-02-05 13:08:01 - Error:  Division by zero evaluating rule: Set ANNUAL_BASELINE ThrmlZn:PriAirCondgSysDsgnFlow  (76:'HVACSecondary-Fan-FanRatios.rule' line 67)
2020-02-05 13:08:01 - Error:  Division by zero evaluating rule: Set ANNUAL_BASELINE ThrmlZn:PriAirCondgSysDsgnFlow  (76:'HVACSecondary-Fan-FanRatios.rule' line 67)
2020-02-05 13:08:01 - Error:  Division by zero evaluating rule: Set ANNUAL_BASELINE ThrmlZn:PriAirCondgSysDsgnFlow  (76:'HVACSecondary-Fan-FanRatios.rule' line 67)
2020-02-05 13:08:01 - Error:  Division by zero evaluating rule: Set ANNUAL_BASELINE ThrmlZn:PriAirCondgSysDsgnFlow  (76:'HVACSecondary-Fan-FanRatios.rule' line 67)
2020-02-05 13:08:01 - Error:  Division by zero evaluating rule: Set ANNUAL_BASELINE ThrmlZn:PriAirCondgSysDsgnFlow  (76:'HVACSecondary-Fan-FanRatios.rule' line 67)
2020-02-05 13:08:01 - Error:  Division by zero evaluating rule: Set ANNUAL_BASELINE ThrmlZn:VentSysDsgnFlow  (76:'HVACSecondary-Fan-FanRatios.rule' line 111)
2020-02-05 13:08:01 - Error:  Division by zero evaluating rule: Set ANNUAL_BASELINE ThrmlZn:VentSysDsgnFlow  (76:'HVACSecondary-Fan-FanRatios.rule' line 111)
2020-02-05 13:08:01 - Error:  Division by zero evaluating rule: Set ANNUAL_BASELINE ThrmlZn:VentSysDsgnFlow  (76:'HVACSecondary-Fan-FanRatios.rule' line 111)
2020-02-05 13:08:01 - Error:  Division by zero evaluating rule: Set ANNUAL_BASELINE ThrmlZn:VentSysDsgnFlow  (76:'HVACSecondary-Fan-FanRatios.rule' line 111)
2020-02-05 13:08:01 - Error:  Division by zero evaluating rule: Set ANNUAL_BASELINE ThrmlZn:VentSysDsgnFlow  (76:'HVACSecondary-Fan-FanRatios.rule' line 111)
2020-02-05 13:08:01 - Error:  Division by zero evaluating rule: Set ANNUAL_BASELINE ThrmlZn:VentSysDsgnFlow  (76:'HVACSecondary-Fan-FanRatios.rule' line 111)
2020-02-05 13:08:01 - Error:  Division by zero evaluating rule: Set ANNUAL_BASELINE ThrmlZn:VentSysDsgnFlow  (76:'HVACSecondary-Fan-FanRatios.rule' line 111)
2020-02-05 13:08:01 - Error:  Division by zero evaluating rule: Set ANNUAL_BASELINE ThrmlZn:VentSysDsgnFlow  (76:'HVACSecondary-Fan-FanRatios.rule' line 111)
2020-02-05 13:08:01 - Error:  Division by zero evaluating rule: Set ANNUAL_BASELINE ThrmlZn:VentSysDsgnFlow  (76:'HVACSecondary-Fan-FanRatios.rule' line 111)
2020-02-05 13:08:01 - Error:  Division by zero evaluating rule: Set ANNUAL_BASELINE ThrmlZn:VentSysDsgnFlow  (76:'HVACSecondary-Fan-FanRatios.rule' line 111)
2020-02-05 13:08:01 - Error:  Division by zero evaluating rule: Set ANNUAL_BASELINE ThrmlZn:VentSysDsgnFlow  (76:'HVACSecondary-Fan-FanRatios.rule' line 111)
2020-02-05 13:08:01 - Error:  Division by zero evaluating rule: Set ANNUAL_BASELINE ThrmlZn:VentSysDsgnFlow  (76:'HVACSecondary-Fan-FanRatios.rule' line 111)
2020-02-05 13:08:03 -   PerfAnal_NRes - Bypassing OpenStudio (and simulation) for ab model
2020-02-05 13:08:03 -   PerfAnal_NRes - Completed analysis steps thru #7
2020-02-05 13:08:03 - Analysis incomplete  Processing time:  Overall 4:24 / SDD2IDF x2 avg 0:07 / SizSim x0 0:00 / AnnSim x2 avg 1:52 / ReportGen x0 0:00 / Other 0:22
2020-02-05 13:08:03 -       ResultsSummary population:  bAbort = (false) / RuleProcAbort = (false) / iRetVal = 0 / pszResultsSummary = (empty) / iResultsSummaryLen = 3200
2020-02-05 13:08:03 -       ResultsSummary components1:  2020-02-05 13:08:03 / instance / Mid-Rise Mixed-Use (5-story) / CTZ01S22A / Title24ProposedOnly / 4:24 /  / 
2020-02-05 13:08:03 -       ResultsSummary components2:  CBECC-Com 2022.0.1 RV (1113) / BEMCmpMgr 2022.0.1 RV (6107) / CA 2022 Nonresidential, Vers. 1.0 Alpha /  /  / - / C:\Users\mnakajima\Documents\CBECC-Com 2022 Data\EPW\ / C:\Users\mnakajima\Documents\GitHub\T24-2022-CASE-Modeling\framework\analysis\baseline-mumr\runs\mumr-baseline\cz01\
2020-02-05 13:08:03 -       ResultsSummary:  2020-02-05 13:08:03,"instance","Mid-Rise Mixed-Use (5-story)","CTZ01S22A","Pol  0% RetAdd NoLeak",113100,141000,"Title24ProposedOnly",4:24,,,"--","--","Successful (222 warnings)",21.1383,8315.44,46913.1,0,319.293,14520.8,81988.7,152078,217441,0,149101,34551.8,0,0,553172,6607.31,0,0,0,0,11588.8,0,18196.1,586.724,0,0,0,18782.8,0,0,0,0,0,0,0,0,0,0,0,0,0,14.9152,2.0319,11.4958,0,0.0787604,27.9876,18.9221,75.4314,57.1167,0,40.6046,8.51343,0,0,181.666,140.996,40.6702,0,474,"Thermal Zone: F5 Corridor",0,2487.5,"Thermal Zone: F5 Corridor",0,"--","--","",0,0,0,0,0,0,0,0,0,0,0,0,0,0,0,0,0,0,0,0,0,0,0,0,0,0,0,0,0,0,0,0,0,0,0,0,0,0,0,0,0,0,0,0,0,0,0,0,0,0,0,0,0,0,0,0,0,0,0,,,,,,,0.00096158,5.63109,7.00085,0,0.0538504,2.41168,14.3374,29.4359,38.321,0,25.7371,3.94427,0,0,97.4382,0,0,0,0,0,0,0,0,0,0,0,0,0,0,0,"CBECC-Com 2022.0.1 RV (1113)","BEMCmpMgr 2022.0.1 RV (6107)","CA 2022 Nonresidential, Vers. 1.0 Alpha","","","-","C:\Users\mnakajima\Documents\CBECC-Com 2022 Data\EPW\","C:\Users\mnakajima\Documents\GitHub\T24-2022-CASE-Modeling\framework\analysis\baseline-mumr\runs\mumr-baseline\cz01\",0.00327649,1.1745,7.03357,0,0.0408904,1.83625,9.06502,19.15,32.1279,0,25.58,5.65158,0,0,82.51,3.16812,0,0,0,0,5.55665,0,8.73,0.281326,0,0,0,9.01,0,0,0,0,0,0,0,0,0,0,0,0,0,0,0,0,0,0,0,0,0,0,0,0,0,0,0,0,5.44138,0.195621,1.17149,0,0.00681058,9.84867,1.50985,18.1738,5.83428,0,4.26052,0.941311,0,0,29.2099,0,0,0,0,0,0,0,0,0,0,0,0,0,0,0,

2020-02-05 13:08:07 - -----------------------------------------------------------------------------
2020-02-05 13:08:07 - Opening Project 'cz01\instance.cibd22'...
2020-02-05 13:08:09 -    Model load successful into CBECC-Com 2022.0.1 RV (1113)
2020-02-05 13:08:09 - Performing Building Database check...
2020-02-05 13:08:09 - Building Database check completed, no problems found.
2020-02-05 13:08:15 - Project Saved
2020-03-25 21:47:13 - -----------------------------------------------------------------------------
2020-03-25 21:47:13 - Opening Project 'cz01\instance.cibd22'...
2020-03-25 21:47:14 -    Model load successful into CBECC-Com 2022.0.1 RV (1113)
2020-03-25 21:47:14 - Performing Building Database check...
2020-03-25 21:47:14 - Building Database check completed, no problems found.
2020-03-25 21:47:17 -   PerfAnal_NRes - starting, w/ arguments:
2020-03-25 21:47:17 -        BEMBasePathFile    = (null)
2020-03-25 21:47:17 -        RulesetPathFile    = (null)
2020-03-25 21:47:17 -        SimWeatherPath     = C:\Users\ssumawan\Documents\CBECC-Com 2022 Data\EPW\
2020-03-25 21:47:17 -        CompMgrDLLPath     = (null)
2020-03-25 21:47:17 -        DHWWeatherPath     = (null)
2020-03-25 21:47:17 -        ProcessingPath     = C:\Users\ssumawan\Documents\GitHub\T24-2022-CASE-Modeling\framework\analysis\all-electric\runs\mumr-baseline\cz01\instance - run\
2020-03-25 21:47:17 -        ModelPathFile      = C:\Users\ssumawan\Documents\GitHub\T24-2022-CASE-Modeling\framework\analysis\all-electric\runs\mumr-baseline\cz01\instance.cibd22
2020-03-25 21:47:17 -        LogPathFile        = (null)
2020-03-25 21:47:17 -        UIVersionString    = CBECC-Com 2022.0.1 RV (1113)
2020-03-25 21:47:17 -        LoadModelFile      = false
2020-03-25 21:47:17 -        OptionsCSV         = AllowAnalysisAbort,0,StoreBEMDetails,1,AnalysisThruStep,8,ModelRpt_ALL,1,ExportHourlyResults_All,1,PromptUserUMLHWarning,1,PreAnalysisCheckPromptOption,3,CompReportWarningOption,5,
2020-03-25 21:47:17 -        ErrorMsg           = (assumed to be initialized)
2020-03-25 21:47:17 -        ErrorMsgLen        = 2056
2020-03-25 21:47:17 -        DisplayProgress    = true
2020-03-25 21:47:17 -        ResultsSummary     = (empty)
2020-03-25 21:47:17 -        ResultsSummaryLen  = 3200
2020-03-25 21:47:17 -        pProgCallbackFunc  = (null)
2020-03-25 21:47:18 - Performing Building Database check...
2020-03-25 21:47:18 - Building Database check completed, no problems found.
2020-03-25 21:47:18 - Warning:  The following developer options must be defaulted (not specified by the user) in order to perform a valid compliance analysis:
          Proj 'Mid-Rise Mixed-Use (5-story)' AutoHardSize
          Proj 'Mid-Rise Mixed-Use (5-story)' AutoEffInput
2020-03-25 21:47:18 -    1 file hash check(s) failed on executable and/or analysis support files (analysis continuing w/ report signature disabled)
2020-03-25 21:47:20 - Performing Building Database check...
2020-03-25 21:47:20 - Building Database check completed, no problems found.
2020-03-25 21:47:20 - Warning:  AirSystem 'DOAS1' has a DX cooling coil and the rated supply flow per ton of (net) cooling capacity is 1491 cfm/ton. The acceptable range for successful simulation of DX cooling coils in EnergyPlus is normally ~300 to ~450 cfm/ton. If the compliance simulation fails, check flow/cooling capacity inputs for consistency with the design. If simulation still fails, contact the CBECC support team for assistance. evaluating rule: Set CHECKSIM AirSys:SupFlowPerTon  (110:'HVACSecondary-Summary.rule' line 785)
2020-03-25 21:47:20 - Warning:  The AirSystem:Count for multi-zone system 'DOAS1' is not consistent with the maximum or minimum ThermalZone:Multiplier of the zones the system serves. This indicates the HVAC system serves more than 1 floor, or that Multipliers or system Count may be improperly defined. Check inputs for consistency. evaluating rule: Set CHECKCODE AirSys:Cnt  (68:'HVACSecondary-General.rule' line 1398)
2020-03-25 21:47:23 -   PerfAnal_NRes - Bypassing OpenStudio (and simulation) for zp model
2020-03-25 21:50:59 -   PerfSim_E+ - Final Result: PASS  -- compliance margin: 1.07 (1.41%)
2020-03-25 21:51:01 - Analysis result:  PASS  (TDV margin: 1.07)  Processing time:  Overall 3:43 / SDD2IDF x4 avg 0:06 / SizSim x2 avg 0:12 / AnnSim x2 avg 1:14 / ReportGen x0 0:00 / Other 0:21
2020-03-25 21:51:01 -       ResultsSummary population:  bAbort = (false) / RuleProcAbort = (false) / iRetVal = 0 / pszResultsSummary = (empty) / iResultsSummaryLen = 3200
2020-03-25 21:51:01 -       ResultsSummary components1:  2020-03-25 21:51:01 / instance / Mid-Rise Mixed-Use (5-story) / CTZ01S22A / Title24Compliance / 3:43 / PASS / 1.07
2020-03-25 21:51:01 -       ResultsSummary components2:  CBECC-Com 2022.0.1 RV (1113) / BEMCmpMgr 2022.0.1 RV (6107) / CA 2022 Nonresidential, Vers. 1.0 Alpha / 1.11.3.f52686d8e1 / 9.0.1-bb7ca4f0da / CSE19 0.865.0+dhwloop.68861ec.94 EXE / C:\Users\ssumawan\Documents\CBECC-Com 2022 Data\EPW\ / C:\Users\ssumawan\Documents\GitHub\T24-2022-CASE-Modeling\framework\analysis\all-electric\runs\mumr-baseline\cz01\
2020-03-25 21:51:01 -       ResultsSummary:  2020-03-25 21:51:01,"instance","Mid-Rise Mixed-Use (5-story)","CTZ01S22A","Pol  0% RetAdd NoLeak",113100,141000,"Title24Compliance",3:43,PASS,1.07,"--","--","Successful (222 warnings)",21.144,8824.7,46763.6,0,319.323,14520.8,81988.7,152438,217441,0,149101,34551.8,0,0,553532,6347.9,0,0,0,0,11588.8,0,17936.7,586.724,0,0,0,18523.4,0,0,0,0,0,0,0,0,0,0,0,0,0,14.3172,2.12732,11.4518,0,0.0787564,27.9876,18.9221,74.8848,57.1167,0,40.6046,8.51343,0,0,181.12,141.047,40.0722,0,537.5,"Thermal Zone: F5 Corridor",0,2443,"Thermal Zone: F5 Corridor",0,"--","--","Successful (223 warnings)",31.3894,9476.88,42345.2,0,124.245,14518.3,81988.7,148485,217441,0,149101,34551.8,0,0,549579,7324.6,0,0,0,0,11588.8,0,18913.4,586.724,0,0,0,19500.1,0,0,0,0,0,0,0,0,0,0,0,0,0,16.4232,2.2526,10.3468,0,0.0336703,27.9885,18.9221,75.9669,57.1167,0,40.6046,8.51343,0,0,182.202,140.026,42.1752,0,0,,0,0,,0,0.000959045,5.72326,7.01956,0,0.0538504,2.4117,14.3374,29.5468,38.321,0,25.7371,3.94427,0,0,97.5491,0.00125379,5.95797,6.48519,0,0.00842949,2.40526,14.3374,29.1955,38.321,0,25.7371,3.94427,0,0,97.1979,"CBECC-Com 2022.0.1 RV (1113)","BEMCmpMgr 2022.0.1 RV (6107)","CA 2022 Nonresidential, Vers. 1.0 Alpha","1.11.3.f52686d8e1","9.0.1-bb7ca4f0da","CSE19 0.865.0+dhwloop.68861ec.94 EXE","C:\Users\ssumawan\Documents\CBECC-Com 2022 Data\EPW\","C:\Users\ssumawan\Documents\GitHub\T24-2022-CASE-Modeling\framework\analysis\all-electric\runs\mumr-baseline\cz01\",0.00327803,1.22401,7.00382,0,0.0408979,1.83624,9.06502,19.17,32.1279,0,25.58,5.65158,0,0,82.53,3.04373,0,0,0,0,5.55665,0,8.6,0.281326,0,0,0,8.88,0.00510017,1.24927,6.37457,0,0.0227078,1.84147,9.06502,18.56,32.1279,0,25.58,5.65158,0,0,81.92,3.51205,0,0,0,0,5.55665,0,9.07,0.281326,0,0,0,9.35,5.22776,0.203868,1.16654,0,0.00681184,9.84867,1.50985,17.9635,5.83428,0,4.26052,0.941311,0,0,28.9996,6.03233,0.208076,1.06173,0,0.00378214,9.84954,1.50985,18.6653,5.83428,0,4.26052,0.941311,0,0,29.7014,

2020-03-25 21:51:03 - -----------------------------------------------------------------------------
2020-03-25 21:51:03 - Opening Project 'cz01\instance.cibd22'...
2020-03-25 21:51:04 -    Model load successful into CBECC-Com 2022.0.1 RV (1113)
2020-03-25 21:51:04 - Performing Building Database check...
2020-03-25 21:51:04 - Building Database check completed, no problems found.
2020-03-25 21:51:07 - Project Saved
2020-03-26 11:01:48 - -----------------------------------------------------------------------------
2020-03-26 11:01:48 - Opening Project 'cz01\instance.cibd22'...
2020-03-26 11:01:50 -    Model load successful into CBECC-Com 2022.0.1 RV (1113)
2020-03-26 11:01:51 - Performing Building Database check...
2020-03-26 11:01:51 - Building Database check completed, no problems found.
2020-03-26 11:01:55 -   PerfAnal_NRes - starting, w/ arguments:
2020-03-26 11:01:55 -        BEMBasePathFile    = (null)
2020-03-26 11:01:55 -        RulesetPathFile    = (null)
2020-03-26 11:01:55 -        SimWeatherPath     = C:\Users\mnakajima\Documents\CBECC-Com 2022 Data\EPW\
2020-03-26 11:01:55 -        CompMgrDLLPath     = (null)
2020-03-26 11:01:55 -        DHWWeatherPath     = (null)
2020-03-26 11:01:55 -        ProcessingPath     = C:\Users\mnakajima\Documents\GitHub\T24-2022-CASE-Modeling\framework\analysis\all-electric\runs\mumr-baseline\cz01\instance - run\
2020-03-26 11:01:55 -        ModelPathFile      = C:\Users\mnakajima\Documents\GitHub\T24-2022-CASE-Modeling\framework\analysis\all-electric\runs\mumr-baseline\cz01\instance.cibd22
2020-03-26 11:01:55 -        LogPathFile        = (null)
2020-03-26 11:01:55 -        UIVersionString    = CBECC-Com 2022.0.1 RV (1113)
2020-03-26 11:01:55 -        LoadModelFile      = false
2020-03-26 11:01:55 -        OptionsCSV         = AllowAnalysisAbort,0,StoreBEMDetails,1,AnalysisThruStep,8,ModelRpt_ALL,1,ExportHourlyResults_All,1,PromptUserUMLHWarning,1,PreAnalysisCheckPromptOption,3,CompReportWarningOption,5,
2020-03-26 11:01:55 -        ErrorMsg           = (assumed to be initialized)
2020-03-26 11:01:55 -        ErrorMsgLen        = 2056
2020-03-26 11:01:55 -        DisplayProgress    = true
2020-03-26 11:01:55 -        ResultsSummary     = (empty)
2020-03-26 11:01:55 -        ResultsSummaryLen  = 3200
2020-03-26 11:01:55 -        pProgCallbackFunc  = (null)
2020-03-26 11:01:56 - Performing Building Database check...
2020-03-26 11:01:57 - Building Database check completed, no problems found.
2020-03-26 11:01:57 - Warning:  The following developer options must be defaulted (not specified by the user) in order to perform a valid compliance analysis:
          Proj 'Mid-Rise Mixed-Use (5-story)' AutoHardSize
          Proj 'Mid-Rise Mixed-Use (5-story)' AutoEffInput
2020-03-26 11:01:57 -    1 file hash check(s) failed on executable and/or analysis support files (analysis continuing w/ report signature disabled)
2020-03-26 11:02:00 - Performing Building Database check...
2020-03-26 11:02:00 - Building Database check completed, no problems found.
2020-03-26 11:02:00 - Warning:  AirSystem 'DOAS1' has a DX cooling coil and the rated supply flow per ton of (net) cooling capacity is 1491 cfm/ton. The acceptable range for successful simulation of DX cooling coils in EnergyPlus is normally ~300 to ~450 cfm/ton. If the compliance simulation fails, check flow/cooling capacity inputs for consistency with the design. If simulation still fails, contact the CBECC support team for assistance. evaluating rule: Set CHECKSIM AirSys:SupFlowPerTon  (110:'HVACSecondary-Summary.rule' line 785)
2020-03-26 11:02:00 - Warning:  The AirSystem:Count for multi-zone system 'DOAS1' is not consistent with the maximum or minimum ThermalZone:Multiplier of the zones the system serves. This indicates the HVAC system serves more than 1 floor, or that Multipliers or system Count may be improperly defined. Check inputs for consistency. evaluating rule: Set CHECKCODE AirSys:Cnt  (68:'HVACSecondary-General.rule' line 1398)
2020-03-26 11:02:06 -   PerfAnal_NRes - Bypassing OpenStudio (and simulation) for zp model
2020-03-26 11:09:40 -   PerfSim_E+ - Final Result: PASS  -- compliance margin: 1.07 (1.45%)
2020-03-26 11:09:44 - Analysis result:  PASS  (TDV margin: 1.07)  Processing time:  Overall 7:48 / SDD2IDF x4 avg 0:12 / SizSim x2 avg 0:22 / AnnSim x2 avg 2:41 / ReportGen x0 0:00 / Other 0:48
2020-03-26 11:09:44 -       ResultsSummary population:  bAbort = (false) / RuleProcAbort = (false) / iRetVal = 0 / pszResultsSummary = (empty) / iResultsSummaryLen = 3200
2020-03-26 11:09:44 -       ResultsSummary components1:  2020-03-26 11:09:44 / instance / Mid-Rise Mixed-Use (5-story) / CTZ01S22A / Title24Compliance / 7:48 / PASS / 1.07
2020-03-26 11:09:44 -       ResultsSummary components2:  CBECC-Com 2022.0.1 RV (1113) / BEMCmpMgr 2022.0.1 RV (6107) / CA 2022 Nonresidential, Vers. 1.0 Alpha / 1.11.3.f52686d8e1 / 9.0.1-bb7ca4f0da / CSE19 0.868.0 EXE / C:\Users\mnakajima\Documents\CBECC-Com 2022 Data\EPW\ / C:\Users\mnakajima\Documents\GitHub\T24-2022-CASE-Modeling\framework\analysis\all-electric\runs\mumr-baseline\cz01\
2020-03-26 11:09:44 -       ResultsSummary:  2020-03-26 11:09:44,"instance","Mid-Rise Mixed-Use (5-story)","CTZ01S22A","Pol  0% RetAdd NoLeak",113100,141000,"Title24Compliance",7:48,PASS,1.07,"--","--","Successful (222 warnings)",21.144,8824.7,46763.6,0,319.323,14520.8,81988.7,152438,217441,0,149101,34551.8,0,0,553532,6347.9,0,0,0,0,10592.9,0,16940.8,586.724,0,0,0,17527.6,0,0,0,0,0,0,0,0,0,0,0,0,0,14.3172,2.12732,11.4518,0,0.0787564,25.8858,18.9221,72.7831,57.1167,0,40.6046,8.51343,0,0,179.018,141.047,37.9704,0,537.5,"Thermal Zone: F5 Corridor",0,2443,"Thermal Zone: F5 Corridor",0,"--","--","Successful (223 warnings)",31.3894,9476.88,42345.2,0,124.245,14518.3,81988.7,148485,217441,0,149101,34551.8,0,0,549579,7324.6,0,0,0,0,10592.9,0,17917.5,586.724,0,0,0,18504.3,0,0,0,0,0,0,0,0,0,0,0,0,0,16.4232,2.2526,10.3468,0,0.0336703,25.8868,18.9221,73.8651,57.1167,0,40.6046,8.51343,0,0,180.1,140.026,40.0734,0,0,,0,0,,0,0.000959045,5.72326,7.01956,0,0.0538504,2.4117,14.3374,29.5468,38.321,0,25.7371,3.94427,0,0,97.5491,0.00125379,5.95797,6.48519,0,0.00842949,2.40526,14.3374,29.1955,38.321,0,25.7371,3.94427,0,0,97.1979,"CBECC-Com 2022.0.1 RV (1113)","BEMCmpMgr 2022.0.1 RV (6107)","CA 2022 Nonresidential, Vers. 1.0 Alpha","1.11.3.f52686d8e1","9.0.1-bb7ca4f0da","CSE19 0.868.0 EXE","C:\Users\mnakajima\Documents\CBECC-Com 2022 Data\EPW\","C:\Users\mnakajima\Documents\GitHub\T24-2022-CASE-Modeling\framework\analysis\all-electric\runs\mumr-baseline\cz01\",0.00327803,1.22401,7.00382,0,0.0408979,1.83624,9.06502,19.17,32.1279,0,25.58,5.65158,0,0,82.53,3.04373,0,0,0,0,5.07917,0,8.12,0.281326,0,0,0,8.4,0.00510017,1.24927,6.37457,0,0.0227078,1.84147,9.06502,18.56,32.1279,0,25.58,5.65158,0,0,81.92,3.51205,0,0,0,0,5.07917,0,8.59,0.281326,0,0,0,8.87,5.22776,0.203868,1.16654,0,0.00681184,9.02865,1.50985,17.1435,5.83428,0,4.26052,0.941311,0,0,28.1796,6.03233,0.208076,1.06173,0,0.00378214,9.02952,1.50985,17.8453,5.83428,0,4.26052,0.941311,0,0,28.8814,

2020-03-26 11:09:49 - -----------------------------------------------------------------------------
2020-03-26 11:09:49 - Opening Project 'cz01\instance.cibd22'...
2020-03-26 11:09:50 -    Model load successful into CBECC-Com 2022.0.1 RV (1113)
2020-03-26 11:09:50 - Performing Building Database check...
2020-03-26 11:09:50 - Building Database check completed, no problems found.
2020-03-26 11:09:56 - Project Saved
