2020-03-27 17:42:24 - -----------------------------------------------------------------------------
2020-03-27 17:42:24 - Opening Project 'cz13\instance.cibd22'...
2020-03-27 17:42:24 - Error resolving project component references: 2 not found.
2020-03-27 17:42:24 -       'Compliance Insulation R3.0' (once)
2020-03-27 17:42:24 -       ' Gypsum Board - 1/2 in.' (once)
2020-03-27 17:42:24 -    Model load failed (return code 6) into CBECC-Com 2022.0.1 RV (1113)
2020-03-27 17:42:24 - Error(s) encountered (return code 6: Unable to read/parse building energy model file) reading project file:  C:\Users\ndperry\Documents\GitHub\T24-2022-CASE-Modeling\framework\analysis\hpte\runs\mumr-roof-4530\cz13\instance.cibd22
2020-03-27 17:42:24 - Performing Building Database check...
2020-03-27 17:42:24 - Building Database check completed, no problems found.
2020-03-27 17:42:25 - Error:  ConsAssmUFactor Error:  ConsAssm object 'WoodFramingAndOtherRoofU028' has gap in material references (~items 4/6). evaluating rule: Set DEFAULT ConsAssm:UFactor  (19:'ConstructAssembly.rule' line 1252)
2020-03-27 17:42:26 - Error:  ConsAssmUFactor Error:  ConsAssm object 'WoodFramingAndOtherRoofU028' has gap in material references (~items 4/6). evaluating rule: Set DEFAULT ConsAssm:UFactor  (19:'ConstructAssembly.rule' line 1252)
2020-03-27 17:42:27 - Error:  ConsAssmUFactor Error:  ConsAssm object 'WoodFramingAndOtherRoofU028' has gap in material references (~items 4/6). evaluating rule: Set DEFAULT ConsAssm:UFactor  (19:'ConstructAssembly.rule' line 1252)
2020-03-27 17:42:29 - Error:  ConsAssmUFactor Error:  ConsAssm object 'WoodFramingAndOtherRoofU028' has gap in material references (~items 4/6). evaluating rule: Set DEFAULT ConsAssm:UFactor  (19:'ConstructAssembly.rule' line 1252)
2020-03-27 17:42:30 - Error:  ConsAssmUFactor Error:  ConsAssm object 'WoodFramingAndOtherRoofU028' has gap in material references (~items 4/6). evaluating rule: Set DEFAULT ConsAssm:UFactor  (19:'ConstructAssembly.rule' line 1252)
2020-03-27 17:42:31 -   PerfAnal_NRes - starting, w/ arguments:
2020-03-27 17:42:31 -        BEMBasePathFile    = (null)
2020-03-27 17:42:31 -        RulesetPathFile    = (null)
2020-03-27 17:42:31 -        SimWeatherPath     = C:\Users\ndperry\Documents\CBECC-Com 2022 Data\EPW\
2020-03-27 17:42:31 -        CompMgrDLLPath     = (null)
2020-03-27 17:42:31 -        DHWWeatherPath     = (null)
2020-03-27 17:42:31 -        ProcessingPath     = C:\Users\ndperry\Documents\GitHub\T24-2022-CASE-Modeling\framework\analysis\hpte\runs\mumr-roof-4530\cz13\instance - run\
2020-03-27 17:42:31 -        ModelPathFile      = C:\Users\ndperry\Documents\GitHub\T24-2022-CASE-Modeling\framework\analysis\hpte\runs\mumr-roof-4530\cz13\instance.cibd22
2020-03-27 17:42:31 -        LogPathFile        = (null)
2020-03-27 17:42:31 -        UIVersionString    = CBECC-Com 2022.0.1 RV (1113)
2020-03-27 17:42:31 -        LoadModelFile      = false
2020-03-27 17:42:31 -        OptionsCSV         = AllowAnalysisAbort,0,StoreBEMDetails,1,AnalysisThruStep,8,ModelRpt_ALL,1,ExportHourlyResults_All,1,PromptUserUMLHWarning,1,PreAnalysisCheckPromptOption,3,CompReportWarningOption,5,
2020-03-27 17:42:31 -        ErrorMsg           = (assumed to be initialized)
2020-03-27 17:42:31 -        ErrorMsgLen        = 2056
2020-03-27 17:42:31 -        DisplayProgress    = true
2020-03-27 17:42:31 -        ResultsSummary     = (empty)
2020-03-27 17:42:31 -        ResultsSummaryLen  = 3200
2020-03-27 17:42:31 -        pProgCallbackFunc  = (null)
2020-03-27 17:42:33 - Performing Building Database check...
2020-03-27 17:42:33 - Building Database check completed, no problems found.
2020-03-27 17:42:33 - Warning:  The following developer options must be defaulted (not specified by the user) in order to perform a valid compliance analysis:
          Proj 'Mid-Rise Mixed-Use (5-story)' AutoHardSize
          Proj 'Mid-Rise Mixed-Use (5-story)' AutoEffInput
2020-03-27 17:42:34 -    1 file hash check(s) failed on executable and/or analysis support files (analysis continuing w/ report signature disabled)
2020-03-27 17:42:34 - Error:  ConsAssmUFactor Error:  ConsAssm object 'WoodFramingAndOtherRoofU028' has gap in material references (~items 4/6). evaluating rule: Set DEFAULT ConsAssm:UFactor  (19:'ConstructAssembly.rule' line 1252)
2020-03-27 17:42:35 -   PerfAnal_NRes - AnalysisThruStep being set to #7 due to Proj:AnalysisType = Title24ProposedOnly
2020-03-27 17:42:37 - Error:  ConsAssmUFactor Error:  ConsAssm object 'WoodFramingAndOtherRoofU028' has gap in material references (~items 4/6). evaluating rule: Set SIZING_PROPOSED ConsAssm:UFactor  (19:'ConstructAssembly.rule' line 1264)
2020-03-27 17:42:43 -   PerfAnal_NRes - Bypassing OpenStudio (and simulation) for zp model
2020-03-27 17:42:43 - Error:  ConsAssmUFactor Error:  ConsAssm object 'WoodFramingAndOtherRoofU028' has gap in material references (~items 4/6). evaluating rule: Set SIZING_BASELINE ConsAssm:UFactor  (19:'ConstructAssembly.rule' line 1264)
2020-03-27 17:42:47 -   PerfAnal_NRes - Bypassing OpenStudio (and simulation) for zb model
2020-03-27 17:42:47 - Error:  ConsAssmUFactor Error:  ConsAssm object 'WoodFramingAndOtherRoofU028' has gap in material references (~items 4/6). evaluating rule: Set ANNUAL_PROPOSED ConsAssm:UFactor  (19:'ConstructAssembly.rule' line 1271)
2020-03-27 17:47:35 - Error:  Undefined data: numerator evaluating rule: Set ANNUAL_BASELINE Fan:FlowCap  (75:'HVACSecondary-Fan-General.rule' line 494)
2020-03-27 17:47:35 - Error:  Undefined data: numerator evaluating rule: Set ANNUAL_BASELINE Fan:FlowCap  (75:'HVACSecondary-Fan-General.rule' line 494)
2020-03-27 17:47:35 - Error:  Undefined data: numerator evaluating rule: Set ANNUAL_BASELINE Fan:FlowCap  (75:'HVACSecondary-Fan-General.rule' line 494)
2020-03-27 17:47:35 - Error:  Undefined data: numerator evaluating rule: Set ANNUAL_BASELINE Fan:FlowCap  (75:'HVACSecondary-Fan-General.rule' line 529)
2020-03-27 17:47:35 - Error:  Undefined data: numerator evaluating rule: Set ANNUAL_BASELINE Fan:FlowCap  (75:'HVACSecondary-Fan-General.rule' line 529)
2020-03-27 17:47:35 - Error:  Undefined data: numerator evaluating rule: Set ANNUAL_BASELINE Fan:FlowCap  (75:'HVACSecondary-Fan-General.rule' line 529)
2020-03-27 17:47:35 - Error:  Undefined data: numerator evaluating rule: Set ANNUAL_BASELINE Fan:FlowCap  (75:'HVACSecondary-Fan-General.rule' line 529)
2020-03-27 17:47:35 - Error:  Undefined data: numerator evaluating rule: Set ANNUAL_BASELINE Fan:FlowCap  (75:'HVACSecondary-Fan-General.rule' line 529)
2020-03-27 17:47:35 - Error:  Undefined data: numerator evaluating rule: Set ANNUAL_BASELINE Fan:FlowCap  (75:'HVACSecondary-Fan-General.rule' line 529)
2020-03-27 17:47:35 - Error:  Undefined data: numerator evaluating rule: Set ANNUAL_BASELINE Fan:FlowCap  (75:'HVACSecondary-Fan-General.rule' line 529)
2020-03-27 17:47:35 - Error:  Undefined data: numerator evaluating rule: Set ANNUAL_BASELINE Fan:FlowCap  (75:'HVACSecondary-Fan-General.rule' line 529)
2020-03-27 17:47:35 - Error:  Undefined data: numerator evaluating rule: Set ANNUAL_BASELINE Fan:FlowCap  (75:'HVACSecondary-Fan-General.rule' line 529)
2020-03-27 17:47:35 - Error:  Undefined data: numerator evaluating rule: Set ANNUAL_BASELINE Fan:FlowCap  (75:'HVACSecondary-Fan-General.rule' line 529)
2020-03-27 17:47:35 - Error:  Undefined data: numerator evaluating rule: Set ANNUAL_BASELINE Fan:FlowCap  (75:'HVACSecondary-Fan-General.rule' line 529)
2020-03-27 17:47:35 - Error:  Undefined data: numerator evaluating rule: Set ANNUAL_BASELINE Fan:FlowCap  (75:'HVACSecondary-Fan-General.rule' line 529)
2020-03-27 17:47:35 - Error:  Undefined data: numerator evaluating rule: Set ANNUAL_BASELINE Fan:FlowCap  (75:'HVACSecondary-Fan-General.rule' line 529)
2020-03-27 17:47:35 - Error:  Undefined data: numerator evaluating rule: Set ANNUAL_BASELINE Fan:FlowCap  (75:'HVACSecondary-Fan-General.rule' line 529)
2020-03-27 17:47:35 - Error:  Undefined data: numerator evaluating rule: Set ANNUAL_BASELINE Fan:FlowCap  (75:'HVACSecondary-Fan-General.rule' line 529)
2020-03-27 17:47:35 - Error:  Undefined data: numerator evaluating rule: Set ANNUAL_BASELINE Fan:FlowCap  (75:'HVACSecondary-Fan-General.rule' line 529)
2020-03-27 17:47:35 - Error:  Undefined data: numerator evaluating rule: Set ANNUAL_BASELINE Fan:FlowCap  (75:'HVACSecondary-Fan-General.rule' line 529)
2020-03-27 17:47:35 - Error:  Undefined data: numerator evaluating rule: Set ANNUAL_BASELINE Fan:FlowCap  (75:'HVACSecondary-Fan-General.rule' line 529)
2020-03-27 17:47:35 - Error:  Undefined data: numerator evaluating rule: Set ANNUAL_BASELINE Fan:FlowCap  (75:'HVACSecondary-Fan-General.rule' line 529)
2020-03-27 17:47:35 - Error:  Undefined data: numerator evaluating rule: Set ANNUAL_BASELINE Fan:FlowCap  (75:'HVACSecondary-Fan-General.rule' line 529)
2020-03-27 17:47:35 - Error:  Undefined data: numerator evaluating rule: Set ANNUAL_BASELINE Fan:FlowCap  (75:'HVACSecondary-Fan-General.rule' line 529)
2020-03-27 17:47:35 - Error:  Undefined data: numerator evaluating rule: Set ANNUAL_BASELINE Fan:FlowCap  (75:'HVACSecondary-Fan-General.rule' line 529)
2020-03-27 17:47:35 - Error:  Division by zero evaluating rule: Set ANNUAL_BASELINE ThrmlZn:PriAirCondgSysDsgnFlow  (76:'HVACSecondary-Fan-FanRatios.rule' line 67)
2020-03-27 17:47:35 - Error:  Division by zero evaluating rule: Set ANNUAL_BASELINE ThrmlZn:PriAirCondgSysDsgnFlow  (76:'HVACSecondary-Fan-FanRatios.rule' line 67)
2020-03-27 17:47:35 - Error:  Division by zero evaluating rule: Set ANNUAL_BASELINE ThrmlZn:PriAirCondgSysDsgnFlow  (76:'HVACSecondary-Fan-FanRatios.rule' line 67)
2020-03-27 17:47:35 - Error:  Division by zero evaluating rule: Set ANNUAL_BASELINE ThrmlZn:PriAirCondgSysDsgnFlow  (76:'HVACSecondary-Fan-FanRatios.rule' line 67)
2020-03-27 17:47:35 - Error:  Division by zero evaluating rule: Set ANNUAL_BASELINE ThrmlZn:PriAirCondgSysDsgnFlow  (76:'HVACSecondary-Fan-FanRatios.rule' line 67)
2020-03-27 17:47:35 - Error:  Division by zero evaluating rule: Set ANNUAL_BASELINE ThrmlZn:PriAirCondgSysDsgnFlow  (76:'HVACSecondary-Fan-FanRatios.rule' line 67)
2020-03-27 17:47:35 - Error:  Division by zero evaluating rule: Set ANNUAL_BASELINE ThrmlZn:PriAirCondgSysDsgnFlow  (76:'HVACSecondary-Fan-FanRatios.rule' line 67)
2020-03-27 17:47:35 - Error:  Division by zero evaluating rule: Set ANNUAL_BASELINE ThrmlZn:PriAirCondgSysDsgnFlow  (76:'HVACSecondary-Fan-FanRatios.rule' line 67)
2020-03-27 17:47:35 - Error:  Division by zero evaluating rule: Set ANNUAL_BASELINE ThrmlZn:PriAirCondgSysDsgnFlow  (76:'HVACSecondary-Fan-FanRatios.rule' line 67)
2020-03-27 17:47:35 - Error:  Division by zero evaluating rule: Set ANNUAL_BASELINE ThrmlZn:PriAirCondgSysDsgnFlow  (76:'HVACSecondary-Fan-FanRatios.rule' line 67)
2020-03-27 17:47:35 - Error:  Division by zero evaluating rule: Set ANNUAL_BASELINE ThrmlZn:PriAirCondgSysDsgnFlow  (76:'HVACSecondary-Fan-FanRatios.rule' line 67)
2020-03-27 17:47:35 - Error:  Division by zero evaluating rule: Set ANNUAL_BASELINE ThrmlZn:PriAirCondgSysDsgnFlow  (76:'HVACSecondary-Fan-FanRatios.rule' line 67)
2020-03-27 17:47:35 - Error:  Division by zero evaluating rule: Set ANNUAL_BASELINE ThrmlZn:VentSysDsgnFlow  (76:'HVACSecondary-Fan-FanRatios.rule' line 111)
2020-03-27 17:47:35 - Error:  Division by zero evaluating rule: Set ANNUAL_BASELINE ThrmlZn:VentSysDsgnFlow  (76:'HVACSecondary-Fan-FanRatios.rule' line 111)
2020-03-27 17:47:35 - Error:  Division by zero evaluating rule: Set ANNUAL_BASELINE ThrmlZn:VentSysDsgnFlow  (76:'HVACSecondary-Fan-FanRatios.rule' line 111)
2020-03-27 17:47:35 - Error:  Division by zero evaluating rule: Set ANNUAL_BASELINE ThrmlZn:VentSysDsgnFlow  (76:'HVACSecondary-Fan-FanRatios.rule' line 111)
2020-03-27 17:47:35 - Error:  Division by zero evaluating rule: Set ANNUAL_BASELINE ThrmlZn:VentSysDsgnFlow  (76:'HVACSecondary-Fan-FanRatios.rule' line 111)
2020-03-27 17:47:35 - Error:  Division by zero evaluating rule: Set ANNUAL_BASELINE ThrmlZn:VentSysDsgnFlow  (76:'HVACSecondary-Fan-FanRatios.rule' line 111)
2020-03-27 17:47:35 - Error:  Division by zero evaluating rule: Set ANNUAL_BASELINE ThrmlZn:VentSysDsgnFlow  (76:'HVACSecondary-Fan-FanRatios.rule' line 111)
2020-03-27 17:47:35 - Error:  Division by zero evaluating rule: Set ANNUAL_BASELINE ThrmlZn:VentSysDsgnFlow  (76:'HVACSecondary-Fan-FanRatios.rule' line 111)
2020-03-27 17:47:35 - Error:  Division by zero evaluating rule: Set ANNUAL_BASELINE ThrmlZn:VentSysDsgnFlow  (76:'HVACSecondary-Fan-FanRatios.rule' line 111)
2020-03-27 17:47:35 - Error:  Division by zero evaluating rule: Set ANNUAL_BASELINE ThrmlZn:VentSysDsgnFlow  (76:'HVACSecondary-Fan-FanRatios.rule' line 111)
2020-03-27 17:47:35 - Error:  Division by zero evaluating rule: Set ANNUAL_BASELINE ThrmlZn:VentSysDsgnFlow  (76:'HVACSecondary-Fan-FanRatios.rule' line 111)
2020-03-27 17:47:35 - Error:  Division by zero evaluating rule: Set ANNUAL_BASELINE ThrmlZn:VentSysDsgnFlow  (76:'HVACSecondary-Fan-FanRatios.rule' line 111)
2020-03-27 17:47:36 -   PerfAnal_NRes - Bypassing OpenStudio (and simulation) for ab model
2020-03-27 17:47:36 -   PerfAnal_NRes - Completed analysis steps thru #7
2020-03-27 17:47:36 - Analysis errant  Processing time:  Overall 5:04 / SDD2IDF x2 avg 0:08 / SizSim x0 0:00 / AnnSim x2 avg 2:13 / ReportGen x0 0:00 / Other 0:19
2020-03-27 17:47:36 -       ResultsSummary population:  bAbort = (false) / RuleProcAbort = (false) / iRetVal = 9 / pszResultsSummary = (empty) / iResultsSummaryLen = 3200
2020-03-27 17:47:36 -       ResultsSummary components1:  2020-03-27 17:47:36 / instance / Mid-Rise Mixed-Use (5-story) / CTZ13S22A / Title24ProposedOnly / 5:04 /  / 
2020-03-27 17:47:36 -       ResultsSummary components2:  CBECC-Com 2022.0.1 RV (1113) / BEMCmpMgr 2022.0.1 RV (6107) / CA 2022 Nonresidential, Vers. 1.0 Alpha /  /  / - / C:\Users\ndperry\Documents\CBECC-Com 2022 Data\EPW\ / C:\Users\ndperry\Documents\GitHub\T24-2022-CASE-Modeling\framework\analysis\hpte\runs\mumr-roof-4530\cz13\
2020-03-27 17:47:36 -       ResultsSummary:  2020-03-27 17:47:36,"instance","Mid-Rise Mixed-Use (5-story)","CTZ13S22A","Pol  0% RetAdd NoLeak",113100,141000,"Title24ProposedOnly",5:04,,,"--","--","Successful (222 warnings)",11.3154,144357,66278.5,0,204.803,12066,81965,304883,217441,0,149101,34551.8,0,0,705977,3446.39,0,0,0,0,175.597,0,3621.98,586.724,0,0,0,4208.71,0,0,0,0,0,0,0,0,0,0,0,0,0,8.21971,45.9135,17.495,0,0.0468756,3.27336,19.5209,94.4693,55.5512,0,38.1996,8.45706,0,0,196.677,186.85,9.82684,0,3363.25,"Thermal Zone: F2-4 Corridor",0,1103,"Thermal Zone: F5 Corridor",0,"--","--","",0,0,0,0,0,0,0,0,0,0,0,0,0,0,0,0,0,0,0,0,0,0,0,0,0,0,0,0,0,0,0,0,0,0,0,0,0,0,0,0,0,0,0,0,0,0,0,0,0,0,0,0,0,0,0,0,0,0,0,,,,,,,5.13355e-06,54.7566,13.4034,0,0.00594959,1.93213,14.3902,84.4883,38.321,0,25.7371,3.94427,0,0,152.491,0,0,0,0,0,0,0,0,0,0,0,0,0,0,0,"CBECC-Com 2022.0.1 RV (1113)","BEMCmpMgr 2022.0.1 RV (6107)","CA 2022 Nonresidential, Vers. 1.0 Alpha","","","-","C:\Users\ndperry\Documents\CBECC-Com 2022 Data\EPW\","C:\Users\ndperry\Documents\GitHub\T24-2022-CASE-Modeling\framework\analysis\hpte\runs\mumr-roof-4530\cz13\",0.00220128,16.7084,9.22405,0,0.0310572,1.49317,9.06089,36.51,32.1279,0,25.58,5.65158,0,0,99.87,1.6525,0,0,0,0,0.0841965,0,1.73,0.281326,0,0,0,2.01,0,0,0,0,0,0,0,0,0,0,0,0,0,0,0,0,0,0,0,0,0,0,0,0,0,0,0,0,2.83831,2.78291,1.53633,0,0.0051728,0.393295,1.50916,9.06518,5.83428,0,4.26052,0.941311,0,0,20.1013,0,0,0,0,0,0,0,0,0,0,0,0,0,0,0,

2020-03-27 17:47:36 - 53 Error(s) encountered performing analysis (error code 9):
     (first 10 reported below, all are listed in project log file)

(1) Error:  ConsAssmUFactor Error:  ConsAssm object 'WoodFramingAndOtherRoofU028' has gap in material references (~items 4/6). evaluating rule: Set DEFAULT ConsAssm:UFactor  (19:'ConstructAssembly.rule' line 1252)

(2) Error:  ConsAssmUFactor Error:  ConsAssm object 'WoodFramingAndOtherRoofU028' has gap in material references (~items 4/6). evaluating rule: Set SIZING_PROPOSED ConsAssm:UFactor  (19:'ConstructAssembly.rule' line 1264)

(3) Error:  ConsAssmUFactor Error:  ConsAssm object 'WoodFramingAndOtherRoofU028' has gap in material references (~items 4/6). evaluating rule: Set SIZING_BASELINE ConsAssm:UFactor  (19:'ConstructAssembly.rule' line 1264)

(4) Error:  ConsAssmUFactor Error:  ConsAssm object 'WoodFramingAndOtherRoofU028' has gap in material references (~items 4/6). evaluating rule: Set ANNUAL_PROPOSED ConsAssm:UFactor  (19:'ConstructAssembly.rule' line 1271)

(5) Error:  Undefined data: numerator evaluating rule: Set ANNUAL_BASELINE Fan:FlowCap  (75:'HVACSecondary-Fan-General.rule' line 494)

(6) Error:  Undefined data: numerator evaluating rule: Set ANNUAL_BASELINE Fan:FlowCap  (75:'HVACSecondary-Fan-General.rule' line 494)

(7) Error:  Undefined data: numerator evaluating rule: Set ANNUAL_BASELINE Fan:FlowCap  (75:'HVACSecondary-Fan-General.rule' line 494)

(8) Error:  Undefined data: numerator evaluating rule: Set ANNUAL_BASELINE Fan:FlowCap  (75:'HVACSecondary-Fan-General.rule' line 529)

(9) Error:  Undefined data: numerator evaluating rule: Set ANNUAL_BASELINE Fan:FlowCap  (75:'HVACSecondary-Fan-General.rule' line 529)

(10) Error:  Undefined data: numerator evaluating rule: Set ANNUAL_BASELINE Fan:FlowCap  (75:'HVACSecondary-Fan-General.rule' line 529)
2020-03-27 17:47:39 - -----------------------------------------------------------------------------
2020-03-27 17:47:39 - Opening Project 'cz13\instance.cibd22'...
2020-03-27 17:47:39 - Error resolving project component references: 2 not found.
2020-03-27 17:47:39 -       'Compliance Insulation R3.0' (once)
2020-03-27 17:47:39 -       ' Gypsum Board - 1/2 in.' (once)
2020-03-27 17:47:39 -    Model load failed (return code 6) into CBECC-Com 2022.0.1 RV (1113)
2020-03-27 17:47:39 - Error(s) encountered (return code 6: Unable to read/parse building energy model file) reading project file:  C:\Users\ndperry\Documents\GitHub\T24-2022-CASE-Modeling\framework\analysis\hpte\runs\mumr-roof-4530\cz13\instance.cibd22
2020-03-27 17:47:40 - Error:  ConsAssmUFactor Error:  ConsAssm object 'WoodFramingAndOtherRoofU028' has gap in material references (~items 4/6). evaluating rule: Set DEFAULT ConsAssm:UFactor  (19:'ConstructAssembly.rule' line 1252)
2020-03-27 17:47:40 - Error:  ConsAssmUFactor Error:  ConsAssm object 'WoodFramingAndOtherRoofU028' has gap in material references (~items 4/6). evaluating rule: Set DEFAULT ConsAssm:UFactor  (19:'ConstructAssembly.rule' line 1252)
2020-03-27 17:47:41 - Error:  ConsAssmUFactor Error:  ConsAssm object 'WoodFramingAndOtherRoofU028' has gap in material references (~items 4/6). evaluating rule: Set DEFAULT ConsAssm:UFactor  (19:'ConstructAssembly.rule' line 1252)
2020-03-27 17:47:42 - Error resolving project component references: 2 not found.
2020-03-27 17:47:42 -       'Compliance Insulation R3.0' (once)
2020-03-27 17:47:42 -       ' Gypsum Board - 1/2 in.' (once)
2020-03-27 18:19:02 - Project Saved
2020-03-27 19:18:55 - -----------------------------------------------------------------------------
2020-03-27 19:18:55 - Opening Project 'cz13\instance.cibd22'...
2020-03-27 19:18:56 -    Model load successful into CBECC-Com 2022.0.1 RV (1113)
2020-03-27 19:18:57 - Performing Building Database check...
2020-03-27 19:18:57 - Building Database check completed, no problems found.
2020-03-27 19:19:04 -   PerfAnal_NRes - starting, w/ arguments:
2020-03-27 19:19:04 -        BEMBasePathFile    = (null)
2020-03-27 19:19:04 -        RulesetPathFile    = (null)
2020-03-27 19:19:04 -        SimWeatherPath     = C:\Users\ndperry\Documents\CBECC-Com 2022 Data\EPW\
2020-03-27 19:19:04 -        CompMgrDLLPath     = (null)
2020-03-27 19:19:04 -        DHWWeatherPath     = (null)
2020-03-27 19:19:04 -        ProcessingPath     = C:\Users\ndperry\Documents\GitHub\T24-2022-CASE-Modeling\framework\analysis\hpte\runs\mumr-roof-4530\cz13\instance - run\
2020-03-27 19:19:04 -        ModelPathFile      = C:\Users\ndperry\Documents\GitHub\T24-2022-CASE-Modeling\framework\analysis\hpte\runs\mumr-roof-4530\cz13\instance.cibd22
2020-03-27 19:19:04 -        LogPathFile        = (null)
2020-03-27 19:19:04 -        UIVersionString    = CBECC-Com 2022.0.1 RV (1113)
2020-03-27 19:19:04 -        LoadModelFile      = false
2020-03-27 19:19:04 -        OptionsCSV         = AllowAnalysisAbort,0,StoreBEMDetails,1,AnalysisThruStep,8,ModelRpt_ALL,1,ExportHourlyResults_All,1,PromptUserUMLHWarning,1,PreAnalysisCheckPromptOption,3,CompReportWarningOption,5,
2020-03-27 19:19:04 -        ErrorMsg           = (assumed to be initialized)
2020-03-27 19:19:04 -        ErrorMsgLen        = 2056
2020-03-27 19:19:04 -        DisplayProgress    = true
2020-03-27 19:19:04 -        ResultsSummary     = (empty)
2020-03-27 19:19:04 -        ResultsSummaryLen  = 3200
2020-03-27 19:19:04 -        pProgCallbackFunc  = (null)
2020-03-27 19:19:06 - Performing Building Database check...
2020-03-27 19:19:06 - Building Database check completed, no problems found.
2020-03-27 19:19:06 - Warning:  The following developer options must be defaulted (not specified by the user) in order to perform a valid compliance analysis:
          Proj 'Mid-Rise Mixed-Use (5-story)' AutoHardSize
          Proj 'Mid-Rise Mixed-Use (5-story)' AutoEffInput
2020-03-27 19:19:06 -    1 file hash check(s) failed on executable and/or analysis support files (analysis continuing w/ report signature disabled)
2020-03-27 19:19:09 -   PerfAnal_NRes - AnalysisThruStep being set to #7 due to Proj:AnalysisType = Title24ProposedOnly
2020-03-27 19:19:09 - Performing Building Database check...
2020-03-27 19:19:09 - Building Database check completed, no problems found.
2020-03-27 19:19:09 - Warning:  The AirSystem:Count for multi-zone system 'DOAS1' is not consistent with the maximum or minimum ThermalZone:Multiplier of the zones the system serves. This indicates the HVAC system serves more than 1 floor, or that Multipliers or system Count may be improperly defined. Check inputs for consistency. evaluating rule: Set CHECKCODE AirSys:Cnt  (68:'HVACSecondary-General.rule' line 1398)
2020-03-27 19:19:17 -   PerfAnal_NRes - Bypassing OpenStudio (and simulation) for zp model
2020-03-27 19:19:21 -   PerfAnal_NRes - Bypassing OpenStudio (and simulation) for zb model
2020-03-27 19:22:47 - Error:  Undefined data: numerator evaluating rule: Set ANNUAL_BASELINE Fan:FlowCap  (75:'HVACSecondary-Fan-General.rule' line 494)
2020-03-27 19:22:47 - Error:  Undefined data: numerator evaluating rule: Set ANNUAL_BASELINE Fan:FlowCap  (75:'HVACSecondary-Fan-General.rule' line 494)
2020-03-27 19:22:47 - Error:  Undefined data: numerator evaluating rule: Set ANNUAL_BASELINE Fan:FlowCap  (75:'HVACSecondary-Fan-General.rule' line 494)
2020-03-27 19:22:47 - Error:  Undefined data: numerator evaluating rule: Set ANNUAL_BASELINE Fan:FlowCap  (75:'HVACSecondary-Fan-General.rule' line 529)
2020-03-27 19:22:47 - Error:  Undefined data: numerator evaluating rule: Set ANNUAL_BASELINE Fan:FlowCap  (75:'HVACSecondary-Fan-General.rule' line 529)
2020-03-27 19:22:47 - Error:  Undefined data: numerator evaluating rule: Set ANNUAL_BASELINE Fan:FlowCap  (75:'HVACSecondary-Fan-General.rule' line 529)
2020-03-27 19:22:47 - Error:  Undefined data: numerator evaluating rule: Set ANNUAL_BASELINE Fan:FlowCap  (75:'HVACSecondary-Fan-General.rule' line 529)
2020-03-27 19:22:47 - Error:  Undefined data: numerator evaluating rule: Set ANNUAL_BASELINE Fan:FlowCap  (75:'HVACSecondary-Fan-General.rule' line 529)
2020-03-27 19:22:47 - Error:  Undefined data: numerator evaluating rule: Set ANNUAL_BASELINE Fan:FlowCap  (75:'HVACSecondary-Fan-General.rule' line 529)
2020-03-27 19:22:47 - Error:  Undefined data: numerator evaluating rule: Set ANNUAL_BASELINE Fan:FlowCap  (75:'HVACSecondary-Fan-General.rule' line 529)
2020-03-27 19:22:47 - Error:  Undefined data: numerator evaluating rule: Set ANNUAL_BASELINE Fan:FlowCap  (75:'HVACSecondary-Fan-General.rule' line 529)
2020-03-27 19:22:47 - Error:  Undefined data: numerator evaluating rule: Set ANNUAL_BASELINE Fan:FlowCap  (75:'HVACSecondary-Fan-General.rule' line 529)
2020-03-27 19:22:47 - Error:  Undefined data: numerator evaluating rule: Set ANNUAL_BASELINE Fan:FlowCap  (75:'HVACSecondary-Fan-General.rule' line 529)
2020-03-27 19:22:47 - Error:  Undefined data: numerator evaluating rule: Set ANNUAL_BASELINE Fan:FlowCap  (75:'HVACSecondary-Fan-General.rule' line 529)
2020-03-27 19:22:47 - Error:  Undefined data: numerator evaluating rule: Set ANNUAL_BASELINE Fan:FlowCap  (75:'HVACSecondary-Fan-General.rule' line 529)
2020-03-27 19:22:47 - Error:  Undefined data: numerator evaluating rule: Set ANNUAL_BASELINE Fan:FlowCap  (75:'HVACSecondary-Fan-General.rule' line 529)
2020-03-27 19:22:47 - Error:  Undefined data: numerator evaluating rule: Set ANNUAL_BASELINE Fan:FlowCap  (75:'HVACSecondary-Fan-General.rule' line 529)
2020-03-27 19:22:47 - Error:  Undefined data: numerator evaluating rule: Set ANNUAL_BASELINE Fan:FlowCap  (75:'HVACSecondary-Fan-General.rule' line 529)
2020-03-27 19:22:47 - Error:  Undefined data: numerator evaluating rule: Set ANNUAL_BASELINE Fan:FlowCap  (75:'HVACSecondary-Fan-General.rule' line 529)
2020-03-27 19:22:47 - Error:  Undefined data: numerator evaluating rule: Set ANNUAL_BASELINE Fan:FlowCap  (75:'HVACSecondary-Fan-General.rule' line 529)
2020-03-27 19:22:47 - Error:  Undefined data: numerator evaluating rule: Set ANNUAL_BASELINE Fan:FlowCap  (75:'HVACSecondary-Fan-General.rule' line 529)
2020-03-27 19:22:47 - Error:  Undefined data: numerator evaluating rule: Set ANNUAL_BASELINE Fan:FlowCap  (75:'HVACSecondary-Fan-General.rule' line 529)
2020-03-27 19:22:47 - Error:  Undefined data: numerator evaluating rule: Set ANNUAL_BASELINE Fan:FlowCap  (75:'HVACSecondary-Fan-General.rule' line 529)
2020-03-27 19:22:47 - Error:  Undefined data: numerator evaluating rule: Set ANNUAL_BASELINE Fan:FlowCap  (75:'HVACSecondary-Fan-General.rule' line 529)
2020-03-27 19:22:47 - Error:  Undefined data: numerator evaluating rule: Set ANNUAL_BASELINE Fan:FlowCap  (75:'HVACSecondary-Fan-General.rule' line 529)
2020-03-27 19:22:47 - Error:  Division by zero evaluating rule: Set ANNUAL_BASELINE ThrmlZn:PriAirCondgSysDsgnFlow  (76:'HVACSecondary-Fan-FanRatios.rule' line 67)
2020-03-27 19:22:47 - Error:  Division by zero evaluating rule: Set ANNUAL_BASELINE ThrmlZn:PriAirCondgSysDsgnFlow  (76:'HVACSecondary-Fan-FanRatios.rule' line 67)
2020-03-27 19:22:47 - Error:  Division by zero evaluating rule: Set ANNUAL_BASELINE ThrmlZn:PriAirCondgSysDsgnFlow  (76:'HVACSecondary-Fan-FanRatios.rule' line 67)
2020-03-27 19:22:47 - Error:  Division by zero evaluating rule: Set ANNUAL_BASELINE ThrmlZn:PriAirCondgSysDsgnFlow  (76:'HVACSecondary-Fan-FanRatios.rule' line 67)
2020-03-27 19:22:47 - Error:  Division by zero evaluating rule: Set ANNUAL_BASELINE ThrmlZn:PriAirCondgSysDsgnFlow  (76:'HVACSecondary-Fan-FanRatios.rule' line 67)
2020-03-27 19:22:47 - Error:  Division by zero evaluating rule: Set ANNUAL_BASELINE ThrmlZn:PriAirCondgSysDsgnFlow  (76:'HVACSecondary-Fan-FanRatios.rule' line 67)
2020-03-27 19:22:47 - Error:  Division by zero evaluating rule: Set ANNUAL_BASELINE ThrmlZn:PriAirCondgSysDsgnFlow  (76:'HVACSecondary-Fan-FanRatios.rule' line 67)
2020-03-27 19:22:47 - Error:  Division by zero evaluating rule: Set ANNUAL_BASELINE ThrmlZn:PriAirCondgSysDsgnFlow  (76:'HVACSecondary-Fan-FanRatios.rule' line 67)
2020-03-27 19:22:47 - Error:  Division by zero evaluating rule: Set ANNUAL_BASELINE ThrmlZn:PriAirCondgSysDsgnFlow  (76:'HVACSecondary-Fan-FanRatios.rule' line 67)
2020-03-27 19:22:47 - Error:  Division by zero evaluating rule: Set ANNUAL_BASELINE ThrmlZn:PriAirCondgSysDsgnFlow  (76:'HVACSecondary-Fan-FanRatios.rule' line 67)
2020-03-27 19:22:47 - Error:  Division by zero evaluating rule: Set ANNUAL_BASELINE ThrmlZn:PriAirCondgSysDsgnFlow  (76:'HVACSecondary-Fan-FanRatios.rule' line 67)
2020-03-27 19:22:47 - Error:  Division by zero evaluating rule: Set ANNUAL_BASELINE ThrmlZn:PriAirCondgSysDsgnFlow  (76:'HVACSecondary-Fan-FanRatios.rule' line 67)
2020-03-27 19:22:47 - Error:  Division by zero evaluating rule: Set ANNUAL_BASELINE ThrmlZn:VentSysDsgnFlow  (76:'HVACSecondary-Fan-FanRatios.rule' line 111)
2020-03-27 19:22:47 - Error:  Division by zero evaluating rule: Set ANNUAL_BASELINE ThrmlZn:VentSysDsgnFlow  (76:'HVACSecondary-Fan-FanRatios.rule' line 111)
2020-03-27 19:22:47 - Error:  Division by zero evaluating rule: Set ANNUAL_BASELINE ThrmlZn:VentSysDsgnFlow  (76:'HVACSecondary-Fan-FanRatios.rule' line 111)
2020-03-27 19:22:47 - Error:  Division by zero evaluating rule: Set ANNUAL_BASELINE ThrmlZn:VentSysDsgnFlow  (76:'HVACSecondary-Fan-FanRatios.rule' line 111)
2020-03-27 19:22:47 - Error:  Division by zero evaluating rule: Set ANNUAL_BASELINE ThrmlZn:VentSysDsgnFlow  (76:'HVACSecondary-Fan-FanRatios.rule' line 111)
2020-03-27 19:22:47 - Error:  Division by zero evaluating rule: Set ANNUAL_BASELINE ThrmlZn:VentSysDsgnFlow  (76:'HVACSecondary-Fan-FanRatios.rule' line 111)
2020-03-27 19:22:47 - Error:  Division by zero evaluating rule: Set ANNUAL_BASELINE ThrmlZn:VentSysDsgnFlow  (76:'HVACSecondary-Fan-FanRatios.rule' line 111)
2020-03-27 19:22:47 - Error:  Division by zero evaluating rule: Set ANNUAL_BASELINE ThrmlZn:VentSysDsgnFlow  (76:'HVACSecondary-Fan-FanRatios.rule' line 111)
2020-03-27 19:22:47 - Error:  Division by zero evaluating rule: Set ANNUAL_BASELINE ThrmlZn:VentSysDsgnFlow  (76:'HVACSecondary-Fan-FanRatios.rule' line 111)
2020-03-27 19:22:47 - Error:  Division by zero evaluating rule: Set ANNUAL_BASELINE ThrmlZn:VentSysDsgnFlow  (76:'HVACSecondary-Fan-FanRatios.rule' line 111)
2020-03-27 19:22:47 - Error:  Division by zero evaluating rule: Set ANNUAL_BASELINE ThrmlZn:VentSysDsgnFlow  (76:'HVACSecondary-Fan-FanRatios.rule' line 111)
2020-03-27 19:22:47 - Error:  Division by zero evaluating rule: Set ANNUAL_BASELINE ThrmlZn:VentSysDsgnFlow  (76:'HVACSecondary-Fan-FanRatios.rule' line 111)
2020-03-27 19:22:48 -   PerfAnal_NRes - Bypassing OpenStudio (and simulation) for ab model
2020-03-27 19:22:48 -   PerfAnal_NRes - Completed analysis steps thru #7
2020-03-27 19:22:48 - Analysis incomplete  Processing time:  Overall 3:44 / SDD2IDF x2 avg 0:09 / SizSim x0 0:00 / AnnSim x2 avg 1:28 / ReportGen x0 0:00 / Other 0:27
2020-03-27 19:22:48 -       ResultsSummary population:  bAbort = (false) / RuleProcAbort = (false) / iRetVal = 0 / pszResultsSummary = (empty) / iResultsSummaryLen = 3200
2020-03-27 19:22:48 -       ResultsSummary components1:  2020-03-27 19:22:48 / instance / Mid-Rise Mixed-Use (5-story) / CTZ13S22A / Title24ProposedOnly / 3:44 /  / 
2020-03-27 19:22:48 -       ResultsSummary components2:  CBECC-Com 2022.0.1 RV (1113) / BEMCmpMgr 2022.0.1 RV (6107) / CA 2022 Nonresidential, Vers. 1.0 Alpha /  /  / - / C:\Users\ndperry\Documents\CBECC-Com 2022 Data\EPW\ / C:\Users\ndperry\Documents\GitHub\T24-2022-CASE-Modeling\framework\analysis\hpte\runs\mumr-roof-4530\cz13\
2020-03-27 19:22:48 -       ResultsSummary:  2020-03-27 19:22:48,"instance","Mid-Rise Mixed-Use (5-story)","CTZ13S22A","Pol  0% RetAdd NoLeak",113100,141000,"Title24ProposedOnly",3:44,,,"--","--","Successful (222 warnings)",11.3114,143746,66113.5,0,204.571,13154.9,81965,305195,217441,0,149101,34551.8,0,0,706289,3405.33,0,0,0,0,7470.01,0,10875.3,586.724,0,0,0,11462.1,0,0,0,0,0,0,0,0,0,0,0,0,0,8.12207,46.0658,17.5088,0,0.0468269,19.1552,19.5209,110.42,55.5512,0,38.1996,8.45706,0,0,212.627,187.283,25.3445,0,3363,"Thermal Zone: F2-4 Corridor",0,1083,"Thermal Zone: F5 Corridor",0,"--","--","",0,0,0,0,0,0,0,0,0,0,0,0,0,0,0,0,0,0,0,0,0,0,0,0,0,0,0,0,0,0,0,0,0,0,0,0,0,0,0,0,0,0,0,0,0,0,0,0,0,0,0,0,0,0,0,0,0,0,0,,,,,,,5.14582e-06,55.6737,13.5836,0,0.00594958,2.05647,14.3902,85.7099,38.321,0,25.7371,3.94427,0,0,153.712,0,0,0,0,0,0,0,0,0,0,0,0,0,0,0,"CBECC-Com 2022.0.1 RV (1113)","BEMCmpMgr 2022.0.1 RV (6107)","CA 2022 Nonresidential, Vers. 1.0 Alpha","","","-","C:\Users\ndperry\Documents\CBECC-Com 2022 Data\EPW\","C:\Users\ndperry\Documents\GitHub\T24-2022-CASE-Modeling\framework\analysis\hpte\runs\mumr-roof-4530\cz13\",0.00220022,16.9723,9.2596,0,0.0310245,1.67126,9.06089,36.99,32.1279,0,25.58,5.65158,0,0,100.35,1.63281,0,0,0,0,3.58177,0,5.21,0.281326,0,0,0,5.49,0,0,0,0,0,0,0,0,0,0,0,0,0,0,0,0,0,0,0,0,0,0,0,0,0,0,0,0,2.80451,2.82687,1.54225,0,0.00516736,6.42958,1.50916,15.1175,5.83428,0,4.26052,0.941311,0,0,26.1536,0,0,0,0,0,0,0,0,0,0,0,0,0,0,0,

2020-03-27 19:22:51 - -----------------------------------------------------------------------------
2020-03-27 19:22:51 - Opening Project 'cz13\instance.cibd22'...
2020-03-27 19:22:52 -    Model load successful into CBECC-Com 2022.0.1 RV (1113)
2020-03-27 19:22:52 - Performing Building Database check...
2020-03-27 19:22:52 - Building Database check completed, no problems found.
2020-03-27 19:22:58 - Project Saved
