---------------
Warning: Zone 'Zone1-zn': Unmet heating loads during 1 hours of run.
---------------
Warning: Zone 'Zone1-zn': Unmet cooling loads during 246 hours of run.
---------------
Warning: Zone 'Zone2-zn': Unmet heating loads during 1 hours of run.
---------------
Warning: Zone 'Zone2-zn': Unmet cooling loads during 83 hours of run.
---------------
Warning: Zone 'Zone3-zn': Unmet cooling loads during 39 hours of run.
---------------
Warning: 
  Zone 'MechanicalRoom1-zn': Unmet heating loads during 1822 hours of run.
---------------
Warning: 
  Zone 'MechanicalRoom1-zn': Unmet cooling loads during 1651 hours of run.
---------------
Warning: Zone 'Attic-atc': Condensation occurred in 4573 subhours of run.
    Total condensation heat = 576.423 kBtu.
---------------
