---------------
Warning: 
  R0140: zone 'Laundry1-zn' latent energy balance error for Thu 26-Nov: .00059 kBtu (0.002265)
---------------
Warning: Total 'Laundry1-zn' short-interval energy balance error count = 1
---------------
Warning: Zone 'Zone2-zn': Unmet cooling loads during 18 hours of run.
---------------
Warning: Zone 'Zone3-zn': Unmet cooling loads during 24 hours of run.
---------------
Warning: Zone 'Corridor1-zn': Condensation occurred in 1221 subhours of run.
    Total condensation heat = 53.1517 kBtu.
---------------
Warning: 
  Zone 'BusinessCenter1-zn': Condensation occurred in 9652 subhours of run.
    Total condensation heat = 254.589 kBtu.
---------------
Warning: 
  Zone 'BusinessCenter1-zn': Unmet cooling loads during 229 hours of run.
---------------
Warning: 
  Zone 'FitnessCenter1-zn': Condensation occurred in 60932 subhours of run.
    Total condensation heat = 3620.54 kBtu.
---------------
Warning: Zone 'FitnessCenter1-zn': Unmet cooling loads during 35 hours of run.
---------------
Warning: Zone 'Laundry1-zn': Unmet cooling loads during 23 hours of run.
---------------
Warning: Zone 'LeasingOffice1-zn': Unmet cooling loads during 8 hours of run.
---------------
Warning: Zone 'Lobby1-zn': Condensation occurred in 36404 subhours of run.
    Total condensation heat = 3516.4 kBtu.
---------------
Warning: Zone 'Lobby1-zn': Unmet cooling loads during 61 hours of run.
---------------
Warning: 
  Zone 'MechanicalRoom1-zn': Unmet heating loads during 1717 hours of run.
---------------
Warning: 
  Zone 'MechanicalRoom1-zn': Unmet cooling loads during 750 hours of run.
---------------
Warning: Zone 'Stairs1-zn': Condensation occurred in 85 subhours of run.
    Total condensation heat = 0.113376 kBtu.
---------------
Warning: Zone 'Corridor2-zn': Condensation occurred in 192 subhours of run.
    Total condensation heat = 6.55476 kBtu.
---------------
Warning: Zone 'Corridor2-zn': Unmet cooling loads during 90 hours of run.
---------------
Warning: Zone 'Corridor3-zn': Condensation occurred in 436 subhours of run.
    Total condensation heat = 16.5522 kBtu.
---------------
Warning: Zone 'Corridor3-zn': Unmet cooling loads during 50 hours of run.
---------------
Warning: Zone 'Stairs2-zn': Unmet cooling loads during 2 hours of run.
---------------
Warning: Zone 'Stairs3-zn': Unmet cooling loads during 2 hours of run.
---------------
Warning: Zone 'Attic-atc': Condensation occurred in 31280 subhours of run.
    Total condensation heat = 6274.1 kBtu.
---------------
