2020-01-21 12:08:54 - -----------------------------------------------------------------------------
2020-01-21 12:08:54 - Opening Project 'cz03\instance.cibd22'...
2020-01-21 12:08:58 -    Model load successful into CBECC-Com 2022.0.1 RV (1113)
2020-01-21 12:09:00 - Performing Building Database check...
2020-01-21 12:09:01 - Building Database check completed, no problems found.
2020-01-21 12:09:15 -   PerfAnal_NRes - starting, w/ arguments:
2020-01-21 12:09:15 -        BEMBasePathFile    = (null)
2020-01-21 12:09:15 -        RulesetPathFile    = (null)
2020-01-21 12:09:15 -        SimWeatherPath     = C:\Users\agoyal\Documents\CBECC-Com 2022 Data\EPW\
2020-01-21 12:09:15 -        CompMgrDLLPath     = (null)
2020-01-21 12:09:15 -        DHWWeatherPath     = (null)
2020-01-21 12:09:15 -        ProcessingPath     = C:\Users\agoyal\Documents\GitHub\T24-2022-CASE-Modeling\framework\analysis\baseline\runs\mumr-baseline2\cz03\instance - run\
2020-01-21 12:09:15 -        ModelPathFile      = C:\Users\agoyal\Documents\GitHub\T24-2022-CASE-Modeling\framework\analysis\baseline\runs\mumr-baseline2\cz03\instance.cibd22
2020-01-21 12:09:15 -        LogPathFile        = (null)
2020-01-21 12:09:15 -        UIVersionString    = CBECC-Com 2022.0.1 RV (1113)
2020-01-21 12:09:15 -        LoadModelFile      = false
2020-01-21 12:09:15 -        OptionsCSV         = AllowAnalysisAbort,0,StoreBEMDetails,1,AnalysisThruStep,8,ModelRpt_ALL,1,ExportHourlyResults_All,1,PromptUserUMLHWarning,1,PreAnalysisCheckPromptOption,3,CompReportWarningOption,5,
2020-01-21 12:09:15 -        ErrorMsg           = (assumed to be initialized)
2020-01-21 12:09:15 -        ErrorMsgLen        = 2056
2020-01-21 12:09:15 -        DisplayProgress    = true
2020-01-21 12:09:15 -        ResultsSummary     = (empty)
2020-01-21 12:09:15 -        ResultsSummaryLen  = 3200
2020-01-21 12:09:15 -        pProgCallbackFunc  = (null)
2020-01-21 12:09:16 - Performing Building Database check...
2020-01-21 12:09:16 - Building Database check completed, no problems found.
2020-01-21 12:09:16 - Warning:  The following developer options must be defaulted (not specified by the user) in order to perform a valid compliance analysis:
          Proj 'Mid-Rise Mixed-Use (5-story)' AutoHardSize
          Proj 'Mid-Rise Mixed-Use (5-story)' AutoEffInput
2020-01-21 12:09:17 -    1 file hash check(s) failed on executable and/or analysis support files (analysis continuing w/ report signature disabled)
2020-01-21 12:09:21 -   PerfAnal_NRes - AnalysisThruStep being set to #7 due to Proj:AnalysisType = Title24ProposedOnly
2020-01-21 12:09:21 - Performing Building Database check...
2020-01-21 12:09:21 - Building Database check completed, no problems found.
2020-01-21 12:09:21 - Warning:  The AirSystem:Count for multi-zone system 'DOAS1' is not consistent with the maximum or minimum ThermalZone:Multiplier of the zones the system serves. This indicates the HVAC system serves more than 1 floor, or that Multipliers or system Count may be improperly defined. Check inputs for consistency. evaluating rule: Set CHECKCODE AirSys:Cnt  (68:'HVACSecondary-General.rule' line 1398)
2020-01-21 12:09:30 -   PerfAnal_NRes - Bypassing OpenStudio (and simulation) for zp model
2020-01-21 12:09:35 -   PerfAnal_NRes - Bypassing OpenStudio (and simulation) for zb model
2020-01-21 12:14:46 - Error:  Undefined data: numerator evaluating rule: Set ANNUAL_BASELINE Fan:FlowCap  (75:'HVACSecondary-Fan-General.rule' line 494)
2020-01-21 12:14:46 - Error:  Undefined data: numerator evaluating rule: Set ANNUAL_BASELINE Fan:FlowCap  (75:'HVACSecondary-Fan-General.rule' line 494)
2020-01-21 12:14:46 - Error:  Undefined data: numerator evaluating rule: Set ANNUAL_BASELINE Fan:FlowCap  (75:'HVACSecondary-Fan-General.rule' line 494)
2020-01-21 12:14:46 - Error:  Undefined data: numerator evaluating rule: Set ANNUAL_BASELINE Fan:FlowCap  (75:'HVACSecondary-Fan-General.rule' line 529)
2020-01-21 12:14:46 - Error:  Undefined data: numerator evaluating rule: Set ANNUAL_BASELINE Fan:FlowCap  (75:'HVACSecondary-Fan-General.rule' line 529)
2020-01-21 12:14:46 - Error:  Undefined data: numerator evaluating rule: Set ANNUAL_BASELINE Fan:FlowCap  (75:'HVACSecondary-Fan-General.rule' line 529)
2020-01-21 12:14:46 - Error:  Undefined data: numerator evaluating rule: Set ANNUAL_BASELINE Fan:FlowCap  (75:'HVACSecondary-Fan-General.rule' line 529)
2020-01-21 12:14:46 - Error:  Undefined data: numerator evaluating rule: Set ANNUAL_BASELINE Fan:FlowCap  (75:'HVACSecondary-Fan-General.rule' line 529)
2020-01-21 12:14:46 - Error:  Undefined data: numerator evaluating rule: Set ANNUAL_BASELINE Fan:FlowCap  (75:'HVACSecondary-Fan-General.rule' line 529)
2020-01-21 12:14:46 - Error:  Undefined data: numerator evaluating rule: Set ANNUAL_BASELINE Fan:FlowCap  (75:'HVACSecondary-Fan-General.rule' line 529)
2020-01-21 12:14:46 - Error:  Undefined data: numerator evaluating rule: Set ANNUAL_BASELINE Fan:FlowCap  (75:'HVACSecondary-Fan-General.rule' line 529)
2020-01-21 12:14:46 - Error:  Undefined data: numerator evaluating rule: Set ANNUAL_BASELINE Fan:FlowCap  (75:'HVACSecondary-Fan-General.rule' line 529)
2020-01-21 12:14:46 - Error:  Undefined data: numerator evaluating rule: Set ANNUAL_BASELINE Fan:FlowCap  (75:'HVACSecondary-Fan-General.rule' line 529)
2020-01-21 12:14:46 - Error:  Undefined data: numerator evaluating rule: Set ANNUAL_BASELINE Fan:FlowCap  (75:'HVACSecondary-Fan-General.rule' line 529)
2020-01-21 12:14:46 - Error:  Undefined data: numerator evaluating rule: Set ANNUAL_BASELINE Fan:FlowCap  (75:'HVACSecondary-Fan-General.rule' line 529)
2020-01-21 12:14:46 - Error:  Undefined data: numerator evaluating rule: Set ANNUAL_BASELINE Fan:FlowCap  (75:'HVACSecondary-Fan-General.rule' line 529)
2020-01-21 12:14:46 - Error:  Undefined data: numerator evaluating rule: Set ANNUAL_BASELINE Fan:FlowCap  (75:'HVACSecondary-Fan-General.rule' line 529)
2020-01-21 12:14:46 - Error:  Undefined data: numerator evaluating rule: Set ANNUAL_BASELINE Fan:FlowCap  (75:'HVACSecondary-Fan-General.rule' line 529)
2020-01-21 12:14:46 - Error:  Undefined data: numerator evaluating rule: Set ANNUAL_BASELINE Fan:FlowCap  (75:'HVACSecondary-Fan-General.rule' line 529)
2020-01-21 12:14:46 - Error:  Undefined data: numerator evaluating rule: Set ANNUAL_BASELINE Fan:FlowCap  (75:'HVACSecondary-Fan-General.rule' line 529)
2020-01-21 12:14:46 - Error:  Undefined data: numerator evaluating rule: Set ANNUAL_BASELINE Fan:FlowCap  (75:'HVACSecondary-Fan-General.rule' line 529)
2020-01-21 12:14:46 - Error:  Undefined data: numerator evaluating rule: Set ANNUAL_BASELINE Fan:FlowCap  (75:'HVACSecondary-Fan-General.rule' line 529)
2020-01-21 12:14:46 - Error:  Undefined data: numerator evaluating rule: Set ANNUAL_BASELINE Fan:FlowCap  (75:'HVACSecondary-Fan-General.rule' line 529)
2020-01-21 12:14:46 - Error:  Undefined data: numerator evaluating rule: Set ANNUAL_BASELINE Fan:FlowCap  (75:'HVACSecondary-Fan-General.rule' line 529)
2020-01-21 12:14:46 - Error:  Undefined data: numerator evaluating rule: Set ANNUAL_BASELINE Fan:FlowCap  (75:'HVACSecondary-Fan-General.rule' line 529)
2020-01-21 12:14:46 - Error:  Division by zero evaluating rule: Set ANNUAL_BASELINE ThrmlZn:PriAirCondgSysDsgnFlow  (76:'HVACSecondary-Fan-FanRatios.rule' line 67)
2020-01-21 12:14:46 - Error:  Division by zero evaluating rule: Set ANNUAL_BASELINE ThrmlZn:PriAirCondgSysDsgnFlow  (76:'HVACSecondary-Fan-FanRatios.rule' line 67)
2020-01-21 12:14:46 - Error:  Division by zero evaluating rule: Set ANNUAL_BASELINE ThrmlZn:PriAirCondgSysDsgnFlow  (76:'HVACSecondary-Fan-FanRatios.rule' line 67)
2020-01-21 12:14:46 - Error:  Division by zero evaluating rule: Set ANNUAL_BASELINE ThrmlZn:PriAirCondgSysDsgnFlow  (76:'HVACSecondary-Fan-FanRatios.rule' line 67)
2020-01-21 12:14:46 - Error:  Division by zero evaluating rule: Set ANNUAL_BASELINE ThrmlZn:PriAirCondgSysDsgnFlow  (76:'HVACSecondary-Fan-FanRatios.rule' line 67)
2020-01-21 12:14:46 - Error:  Division by zero evaluating rule: Set ANNUAL_BASELINE ThrmlZn:PriAirCondgSysDsgnFlow  (76:'HVACSecondary-Fan-FanRatios.rule' line 67)
2020-01-21 12:14:46 - Error:  Division by zero evaluating rule: Set ANNUAL_BASELINE ThrmlZn:PriAirCondgSysDsgnFlow  (76:'HVACSecondary-Fan-FanRatios.rule' line 67)
2020-01-21 12:14:46 - Error:  Division by zero evaluating rule: Set ANNUAL_BASELINE ThrmlZn:PriAirCondgSysDsgnFlow  (76:'HVACSecondary-Fan-FanRatios.rule' line 67)
2020-01-21 12:14:46 - Error:  Division by zero evaluating rule: Set ANNUAL_BASELINE ThrmlZn:PriAirCondgSysDsgnFlow  (76:'HVACSecondary-Fan-FanRatios.rule' line 67)
2020-01-21 12:14:46 - Error:  Division by zero evaluating rule: Set ANNUAL_BASELINE ThrmlZn:PriAirCondgSysDsgnFlow  (76:'HVACSecondary-Fan-FanRatios.rule' line 67)
2020-01-21 12:14:46 - Error:  Division by zero evaluating rule: Set ANNUAL_BASELINE ThrmlZn:PriAirCondgSysDsgnFlow  (76:'HVACSecondary-Fan-FanRatios.rule' line 67)
2020-01-21 12:14:46 - Error:  Division by zero evaluating rule: Set ANNUAL_BASELINE ThrmlZn:PriAirCondgSysDsgnFlow  (76:'HVACSecondary-Fan-FanRatios.rule' line 67)
2020-01-21 12:14:46 - Error:  Division by zero evaluating rule: Set ANNUAL_BASELINE ThrmlZn:VentSysDsgnFlow  (76:'HVACSecondary-Fan-FanRatios.rule' line 111)
2020-01-21 12:14:46 - Error:  Division by zero evaluating rule: Set ANNUAL_BASELINE ThrmlZn:VentSysDsgnFlow  (76:'HVACSecondary-Fan-FanRatios.rule' line 111)
2020-01-21 12:14:46 - Error:  Division by zero evaluating rule: Set ANNUAL_BASELINE ThrmlZn:VentSysDsgnFlow  (76:'HVACSecondary-Fan-FanRatios.rule' line 111)
2020-01-21 12:14:46 - Error:  Division by zero evaluating rule: Set ANNUAL_BASELINE ThrmlZn:VentSysDsgnFlow  (76:'HVACSecondary-Fan-FanRatios.rule' line 111)
2020-01-21 12:14:46 - Error:  Division by zero evaluating rule: Set ANNUAL_BASELINE ThrmlZn:VentSysDsgnFlow  (76:'HVACSecondary-Fan-FanRatios.rule' line 111)
2020-01-21 12:14:46 - Error:  Division by zero evaluating rule: Set ANNUAL_BASELINE ThrmlZn:VentSysDsgnFlow  (76:'HVACSecondary-Fan-FanRatios.rule' line 111)
2020-01-21 12:14:46 - Error:  Division by zero evaluating rule: Set ANNUAL_BASELINE ThrmlZn:VentSysDsgnFlow  (76:'HVACSecondary-Fan-FanRatios.rule' line 111)
2020-01-21 12:14:46 - Error:  Division by zero evaluating rule: Set ANNUAL_BASELINE ThrmlZn:VentSysDsgnFlow  (76:'HVACSecondary-Fan-FanRatios.rule' line 111)
2020-01-21 12:14:46 - Error:  Division by zero evaluating rule: Set ANNUAL_BASELINE ThrmlZn:VentSysDsgnFlow  (76:'HVACSecondary-Fan-FanRatios.rule' line 111)
2020-01-21 12:14:46 - Error:  Division by zero evaluating rule: Set ANNUAL_BASELINE ThrmlZn:VentSysDsgnFlow  (76:'HVACSecondary-Fan-FanRatios.rule' line 111)
2020-01-21 12:14:46 - Error:  Division by zero evaluating rule: Set ANNUAL_BASELINE ThrmlZn:VentSysDsgnFlow  (76:'HVACSecondary-Fan-FanRatios.rule' line 111)
2020-01-21 12:14:46 - Error:  Division by zero evaluating rule: Set ANNUAL_BASELINE ThrmlZn:VentSysDsgnFlow  (76:'HVACSecondary-Fan-FanRatios.rule' line 111)
2020-01-21 12:14:48 -   PerfAnal_NRes - Bypassing OpenStudio (and simulation) for ab model
2020-01-21 12:14:48 -   PerfAnal_NRes - Completed analysis steps thru #7
2020-01-21 12:14:48 - Analysis incomplete  Processing time:  Overall 5:33 / SDD2IDF x2 avg 0:11 / SizSim x0 0:00 / AnnSim x2 avg 2:15 / ReportGen x0 0:00 / Other 0:38
2020-01-21 12:14:48 -       ResultsSummary population:  bAbort = (false) / RuleProcAbort = (false) / iRetVal = 0 / pszResultsSummary = (empty) / iResultsSummaryLen = 3200
2020-01-21 12:14:48 -       ResultsSummary components1:  2020-01-21 12:14:48 / instance / Mid-Rise Mixed-Use (5-story) / CTZ03S22A / Title24ProposedOnly / 5:33 /  / 
2020-01-21 12:14:48 -       ResultsSummary components2:  CBECC-Com 2022.0.1 RV (1113) / BEMCmpMgr 2022.0.1 RV (6107) / CA 2022 Nonresidential, Vers. 1.0 Alpha /  /  / - / C:\Users\agoyal\Documents\CBECC-Com 2022 Data\EPW\ / C:\Users\agoyal\Documents\GitHub\T24-2022-CASE-Modeling\framework\analysis\baseline\runs\mumr-baseline2\cz03\
2020-01-21 12:14:48 -       ResultsSummary:  2020-01-21 12:14:48,"instance","Mid-Rise Mixed-Use (5-story)","CTZ03S22A","Pol  0% RetAdd NoLeak",113100,141000,"Title24ProposedOnly",5:33,,,"--","--","Successful (221 warnings)",11.0857,47507,45618.1,0,296.513,13699.5,81875.3,189007,217441,0,149101,34551.8,0,0,590101,4344.18,0,0,0,0,10604.5,0,14948.7,586.724,0,0,0,15535.4,0,0,0,0,0,0,0,0,0,0,0,0,0,9.94249,16.917,11.844,0,0.0713111,25.751,19.2893,83.8151,56.3362,0,39.3474,8.48694,0,0,187.986,154.34,33.6461,0,952.5,"Thermal Zone: F5 Corridor",0,196,"Thermal Zone: F5 Corridor",0,"--","--","",0,0,0,0,0,0,0,0,0,0,0,0,0,0,0,0,0,0,0,0,0,0,0,0,0,0,0,0,0,0,0,0,0,0,0,0,0,0,0,0,0,0,0,0,0,0,0,0,0,0,0,0,0,0,0,0,0,0,0,,,,,,,0.000131011,15.7471,7.36854,0,0.0525068,2.27556,14.3426,39.7864,38.321,0,25.7371,3.94427,0,0,107.789,0,0,0,0,0,0,0,0,0,0,0,0,0,0,0,"CBECC-Com 2022.0.1 RV (1113)","BEMCmpMgr 2022.0.1 RV (6107)","CA 2022 Nonresidential, Vers. 1.0 Alpha","","","-","C:\Users\agoyal\Documents\CBECC-Com 2022 Data\EPW\","C:\Users\agoyal\Documents\GitHub\T24-2022-CASE-Modeling\framework\analysis\baseline\runs\mumr-baseline2\cz03\",0.00202435,4.87201,6.66619,0,0.0380003,1.73627,9.0474,22.37,32.1279,0,25.58,5.65158,0,0,85.73,2.08297,0,0,0,0,5.08473,0,7.16,0.281326,0,0,0,7.44,0,0,0,0,0,0,0,0,0,0,0,0,0,0,0,0,0,0,0,0,0,0,0,0,0,0,0,0,3.57758,0.811468,1.1103,0,0.00632922,9.02155,1.50691,16.0341,5.83428,0,4.26052,0.941311,0,0,27.0702,0,0,0,0,0,0,0,0,0,0,0,0,0,0,0,

2020-01-21 12:14:54 - -----------------------------------------------------------------------------
2020-01-21 12:14:54 - Opening Project 'cz03\instance.cibd22'...
2020-01-21 12:14:56 -    Model load successful into CBECC-Com 2022.0.1 RV (1113)
2020-01-21 12:14:56 - Performing Building Database check...
2020-01-21 12:14:56 - Building Database check completed, no problems found.
2020-01-21 12:15:04 - Project Saved
2020-01-30 13:50:36 - -----------------------------------------------------------------------------
2020-01-30 13:50:36 - Opening Project 'cz03\instance.cibd22'...
2020-01-30 13:50:37 -    Model load successful into CBECC-Com 2022.0.1 RV (1113)
2020-01-30 13:50:38 - Performing Building Database check...
2020-01-30 13:50:38 - Building Database check completed, no problems found.
