2020-03-03 19:27:03 - -----------------------------------------------------------------------------
2020-03-03 19:27:03 - Opening Project 'cz10\instance.ribd22'...
2020-03-03 19:27:03 -    Model load successful into CBECC-Res 2022.0.2 RV (1117)
2020-03-03 19:27:03 - Performing Building Database check...
2020-03-03 19:27:03 - Building Database check completed, no problems found.
2020-03-03 19:27:03 - Project Saved
2020-03-03 19:27:04 - Performing Building Database check...
2020-03-03 19:27:04 - Building Database check completed, no problems found.
2020-03-03 19:27:04 -    Analysis being performed by CompMgrVersion 'BEMCmpMgr 2022.0.1 (1633)' via SoftwareVersion 'CBECC-Res 2022.0.2 RV (1117)'
2020-03-03 19:27:05 -    Unable to scale standard PV system - bad or missing EUseSummary:StdMixedFuelPVMlt and/or Proj:PVWDCSysTotal
2020-03-03 19:27:26 - Analysis incomplete  Processing time:  Overall 22.2 / CSE19 19.6 / ModelPrep 0.83 / ResultsProcessing 0.73 / ReportGen 0.0 / ResXMLWriting 0.34 / Model&SecurChks 0.40 / Model&HrlyCSVExports 0.14 / DHWSim 0.00 / LoadModel 0.00 / Other 0.14
2020-03-09 16:09:36 - -----------------------------------------------------------------------------
2020-03-09 16:09:36 - Opening Project 'cz10\instance.ribd22'...
2020-03-09 16:09:36 -    Model load successful into CBECC-Res 2022.0.2 RV (1117)
2020-03-09 16:09:37 - Performing Building Database check...
2020-03-09 16:09:37 - Building Database check completed, no problems found.
2020-03-09 16:09:37 - Project Saved
2020-03-09 16:09:37 - Performing Building Database check...
2020-03-09 16:09:37 - Building Database check completed, no problems found.
2020-03-09 16:09:37 -    Analysis being performed by CompMgrVersion 'BEMCmpMgr 2022.0.1 (1633)' via SoftwareVersion 'CBECC-Res 2022.0.2 RV (1117)'
2020-03-09 16:09:38 -    Unable to scale standard PV system - bad or missing EUseSummary:StdMixedFuelPVMlt and/or Proj:PVWDCSysTotal
2020-03-09 16:09:57 - Analysis incomplete  Processing time:  Overall 20.1 / CSE19 17.8 / ModelPrep 0.77 / ResultsProcessing 0.76 / ReportGen 0.0 / ResXMLWriting 0.25 / Model&SecurChks 0.26 / Model&HrlyCSVExports 0.14 / DHWSim 0.00 / LoadModel 0.00 / Other 0.11
2020-03-10 20:11:34 - -----------------------------------------------------------------------------
2020-03-10 20:11:34 - Opening Project 'cz10\instance.ribd22'...
2020-03-10 20:11:34 -    Model load successful into CBECC-Res 2022.0.2 RV (1133)
2020-03-10 20:11:35 - Performing Building Database check...
2020-03-10 20:11:35 - Building Database check completed, no problems found.
2020-03-10 20:11:36 - Performing Building Database check...
2020-03-10 20:11:36 - Building Database check completed, no problems found.
2020-03-10 20:11:36 -    Analysis being performed by CompMgrVersion 'BEMCmpMgr 2022.0.2-Pol-0%RA-NoCH4lk (1715)' via SoftwareVersion 'CBECC-Res 2022.0.2 RV'
2020-03-10 20:12:52 - Compliance report will be generated without security measures due to inconsistency between software library year (2013) and ruleset code year (2022)
2020-03-10 20:12:52 -   Generating report 'CF1RPRF01E' pdf  
2020-03-10 20:12:57 - Analysis result:  FAIL  (TDV margin: -10.51 (-23.4%)), Design Rating 29.7  Processing time:  Overall 81.5 / CSE19 59.9 / ModelPrep 7.45 / ResultsProcessing 4.95 / ReportGen 6.6 / ResXMLWriting 0.96 / Model&SecurChks 0.41 / Model&HrlyCSVExports 0.82 / DHWSim 0.00 / LoadModel 0.00 / Other 0.47
2020-03-10 20:12:57 - Error encountered retrieving results summary data.  CMX_PopulateCSVResultSummary_CECRes() returned 9.
