2020-01-28 12:06:56 - -----------------------------------------------------------------------------
2020-01-28 12:06:56 - Opening Project 'cz07\instance.cibd22'...
2020-01-28 12:06:57 -    Model load successful into CBECC-Com 2022.0.1 RV (1113)
2020-01-28 12:06:57 - Performing Building Database check...
2020-01-28 12:06:57 - Building Database check completed, no problems found.
2020-01-28 12:07:02 -   PerfAnal_NRes - starting, w/ arguments:
2020-01-28 12:07:02 -        BEMBasePathFile    = (null)
2020-01-28 12:07:02 -        RulesetPathFile    = (null)
2020-01-28 12:07:02 -        SimWeatherPath     = C:\Users\mnakajima\Documents\CBECC-Com 2022 Data\EPW\
2020-01-28 12:07:02 -        CompMgrDLLPath     = (null)
2020-01-28 12:07:02 -        DHWWeatherPath     = (null)
2020-01-28 12:07:02 -        ProcessingPath     = C:\Users\mnakajima\Documents\GitHub\T24-2022-CASE-Modeling\framework\analysis\highrise\runs\hr-baseline_warmreset\cz07\instance - run\
2020-01-28 12:07:02 -        ModelPathFile      = C:\Users\mnakajima\Documents\GitHub\T24-2022-CASE-Modeling\framework\analysis\highrise\runs\hr-baseline_warmreset\cz07\instance.cibd22
2020-01-28 12:07:02 -        LogPathFile        = (null)
2020-01-28 12:07:02 -        UIVersionString    = CBECC-Com 2022.0.1 RV (1113)
2020-01-28 12:07:02 -        LoadModelFile      = false
2020-01-28 12:07:02 -        OptionsCSV         = AllowAnalysisAbort,0,StoreBEMDetails,1,AnalysisThruStep,8,ModelRpt_ALL,1,ExportHourlyResults_All,1,PromptUserUMLHWarning,1,PreAnalysisCheckPromptOption,3,CompReportWarningOption,5,
2020-01-28 12:07:02 -        ErrorMsg           = (assumed to be initialized)
2020-01-28 12:07:02 -        ErrorMsgLen        = 2056
2020-01-28 12:07:02 -        DisplayProgress    = true
2020-01-28 12:07:02 -        ResultsSummary     = (empty)
2020-01-28 12:07:02 -        ResultsSummaryLen  = 3200
2020-01-28 12:07:02 -        pProgCallbackFunc  = (null)
2020-01-28 12:07:03 - Performing Building Database check...
2020-01-28 12:07:03 - Building Database check completed, no problems found.
2020-01-28 12:07:03 - Warning:  The following developer options must be defaulted (not specified by the user) in order to perform a valid compliance analysis:
          Proj 'High-Rise Mixed-Use (10-story)' DefaultDayltgCtrls
          Proj 'High-Rise Mixed-Use (10-story)' AutoHardSize
          Proj 'High-Rise Mixed-Use (10-story)' AutoEffInput
2020-01-28 12:07:04 -    1 file hash check(s) failed on executable and/or analysis support files (analysis continuing w/ report signature disabled)
2020-01-28 12:07:06 -   PerfAnal_NRes - AnalysisThruStep being set to #7 due to Proj:AnalysisType = Title24ProposedOnly
2020-01-28 12:07:06 - Performing Building Database check...
2020-01-28 12:07:06 - Building Database check completed, no problems found.
2020-01-28 12:07:06 - Warning:  The spaces assigned to thermal zone 'Thermal Zone: F1 Lounge' have cooling unmet load hour limits ranging from 150 to 8760. All spaces in the zone will be held to the minimum UMLH limit. evaluating rule: Set CHECKCODE ThrmlZn:ClgUMLHLimit  (60:'ThermalZone-General.rule' line 1738)
2020-01-28 12:07:06 - Warning:  The spaces assigned to thermal zone 'Thermal Zone: F1 Lounge' have heating unmet load hour limits ranging from 150 to 8760. All spaces in the zone will be held to the minimum UMLH limit. evaluating rule: Set CHECKCODE ThrmlZn:HtgUMLHLimit  (60:'ThermalZone-General.rule' line 1765)
2020-01-28 12:07:12 -   PerfAnal_NRes - Bypassing OpenStudio (and simulation) for zp model
2020-01-28 12:07:15 -   PerfAnal_NRes - Bypassing OpenStudio (and simulation) for zb model
2020-01-28 12:11:29 - Error:  Undefined data: numerator evaluating rule: Set ANNUAL_BASELINE Fan:FlowCap  (75:'HVACSecondary-Fan-General.rule' line 494)
2020-01-28 12:11:29 - Error:  Undefined data: numerator evaluating rule: Set ANNUAL_BASELINE Fan:FlowCap  (75:'HVACSecondary-Fan-General.rule' line 494)
2020-01-28 12:11:29 - Error:  Undefined data: numerator evaluating rule: Set ANNUAL_BASELINE Fan:FlowCap  (75:'HVACSecondary-Fan-General.rule' line 494)
2020-01-28 12:11:29 - Error:  Undefined data: numerator evaluating rule: Set ANNUAL_BASELINE Fan:FlowCap  (75:'HVACSecondary-Fan-General.rule' line 529)
2020-01-28 12:11:29 - Error:  Undefined data: numerator evaluating rule: Set ANNUAL_BASELINE Fan:FlowCap  (75:'HVACSecondary-Fan-General.rule' line 529)
2020-01-28 12:11:29 - Error:  Undefined data: numerator evaluating rule: Set ANNUAL_BASELINE Fan:FlowCap  (75:'HVACSecondary-Fan-General.rule' line 529)
2020-01-28 12:11:29 - Error:  Undefined data: numerator evaluating rule: Set ANNUAL_BASELINE Fan:FlowCap  (75:'HVACSecondary-Fan-General.rule' line 529)
2020-01-28 12:11:29 - Error:  Undefined data: numerator evaluating rule: Set ANNUAL_BASELINE Fan:FlowCap  (75:'HVACSecondary-Fan-General.rule' line 529)
2020-01-28 12:11:29 - Error:  Undefined data: numerator evaluating rule: Set ANNUAL_BASELINE Fan:FlowCap  (75:'HVACSecondary-Fan-General.rule' line 529)
2020-01-28 12:11:29 - Error:  Undefined data: numerator evaluating rule: Set ANNUAL_BASELINE Fan:FlowCap  (75:'HVACSecondary-Fan-General.rule' line 529)
2020-01-28 12:11:29 - Error:  Undefined data: numerator evaluating rule: Set ANNUAL_BASELINE Fan:FlowCap  (75:'HVACSecondary-Fan-General.rule' line 529)
2020-01-28 12:11:29 - Error:  Undefined data: numerator evaluating rule: Set ANNUAL_BASELINE Fan:FlowCap  (75:'HVACSecondary-Fan-General.rule' line 529)
2020-01-28 12:11:29 - Error:  Undefined data: numerator evaluating rule: Set ANNUAL_BASELINE Fan:FlowCap  (75:'HVACSecondary-Fan-General.rule' line 529)
2020-01-28 12:11:29 - Error:  Undefined data: numerator evaluating rule: Set ANNUAL_BASELINE Fan:FlowCap  (75:'HVACSecondary-Fan-General.rule' line 529)
2020-01-28 12:11:29 - Error:  Undefined data: numerator evaluating rule: Set ANNUAL_BASELINE Fan:FlowCap  (75:'HVACSecondary-Fan-General.rule' line 529)
2020-01-28 12:11:29 - Error:  Undefined data: numerator evaluating rule: Set ANNUAL_BASELINE Fan:FlowCap  (75:'HVACSecondary-Fan-General.rule' line 529)
2020-01-28 12:11:29 - Error:  Undefined data: numerator evaluating rule: Set ANNUAL_BASELINE Fan:FlowCap  (75:'HVACSecondary-Fan-General.rule' line 529)
2020-01-28 12:11:29 - Error:  Undefined data: numerator evaluating rule: Set ANNUAL_BASELINE Fan:FlowCap  (75:'HVACSecondary-Fan-General.rule' line 529)
2020-01-28 12:11:29 - Error:  Undefined data: numerator evaluating rule: Set ANNUAL_BASELINE Fan:FlowCap  (75:'HVACSecondary-Fan-General.rule' line 529)
2020-01-28 12:11:29 - Error:  Undefined data: numerator evaluating rule: Set ANNUAL_BASELINE Fan:FlowCap  (75:'HVACSecondary-Fan-General.rule' line 529)
2020-01-28 12:11:29 - Error:  Undefined data: numerator evaluating rule: Set ANNUAL_BASELINE Fan:FlowCap  (75:'HVACSecondary-Fan-General.rule' line 529)
2020-01-28 12:11:29 - Error:  Division by zero evaluating rule: Set ANNUAL_BASELINE ThrmlZn:PriAirCondgSysDsgnFlow  (76:'HVACSecondary-Fan-FanRatios.rule' line 67)
2020-01-28 12:11:29 - Error:  Division by zero evaluating rule: Set ANNUAL_BASELINE ThrmlZn:PriAirCondgSysDsgnFlow  (76:'HVACSecondary-Fan-FanRatios.rule' line 67)
2020-01-28 12:11:29 - Error:  Division by zero evaluating rule: Set ANNUAL_BASELINE ThrmlZn:PriAirCondgSysDsgnFlow  (76:'HVACSecondary-Fan-FanRatios.rule' line 67)
2020-01-28 12:11:29 - Error:  Division by zero evaluating rule: Set ANNUAL_BASELINE ThrmlZn:PriAirCondgSysDsgnFlow  (76:'HVACSecondary-Fan-FanRatios.rule' line 67)
2020-01-28 12:11:29 - Error:  Division by zero evaluating rule: Set ANNUAL_BASELINE ThrmlZn:PriAirCondgSysDsgnFlow  (76:'HVACSecondary-Fan-FanRatios.rule' line 67)
2020-01-28 12:11:29 - Error:  Division by zero evaluating rule: Set ANNUAL_BASELINE ThrmlZn:PriAirCondgSysDsgnFlow  (76:'HVACSecondary-Fan-FanRatios.rule' line 67)
2020-01-28 12:11:29 - Error:  Division by zero evaluating rule: Set ANNUAL_BASELINE ThrmlZn:PriAirCondgSysDsgnFlow  (76:'HVACSecondary-Fan-FanRatios.rule' line 67)
2020-01-28 12:11:29 - Error:  Division by zero evaluating rule: Set ANNUAL_BASELINE ThrmlZn:PriAirCondgSysDsgnFlow  (76:'HVACSecondary-Fan-FanRatios.rule' line 67)
2020-01-28 12:11:29 - Error:  Division by zero evaluating rule: Set ANNUAL_BASELINE ThrmlZn:PriAirCondgSysDsgnFlow  (76:'HVACSecondary-Fan-FanRatios.rule' line 67)
2020-01-28 12:11:29 - Error:  Division by zero evaluating rule: Set ANNUAL_BASELINE ThrmlZn:PriAirCondgSysDsgnFlow  (76:'HVACSecondary-Fan-FanRatios.rule' line 67)
2020-01-28 12:11:29 - Error:  Division by zero evaluating rule: Set ANNUAL_BASELINE ThrmlZn:PriAirCondgSysDsgnFlow  (76:'HVACSecondary-Fan-FanRatios.rule' line 67)
2020-01-28 12:11:29 - Error:  Division by zero evaluating rule: Set ANNUAL_BASELINE ThrmlZn:PriAirCondgSysDsgnFlow  (76:'HVACSecondary-Fan-FanRatios.rule' line 67)
2020-01-28 12:11:29 - Error:  Division by zero evaluating rule: Set ANNUAL_BASELINE ThrmlZn:VentSysDsgnFlow  (76:'HVACSecondary-Fan-FanRatios.rule' line 111)
2020-01-28 12:11:29 - Error:  Division by zero evaluating rule: Set ANNUAL_BASELINE ThrmlZn:VentSysDsgnFlow  (76:'HVACSecondary-Fan-FanRatios.rule' line 111)
2020-01-28 12:11:29 - Error:  Division by zero evaluating rule: Set ANNUAL_BASELINE ThrmlZn:VentSysDsgnFlow  (76:'HVACSecondary-Fan-FanRatios.rule' line 111)
2020-01-28 12:11:29 - Error:  Division by zero evaluating rule: Set ANNUAL_BASELINE ThrmlZn:VentSysDsgnFlow  (76:'HVACSecondary-Fan-FanRatios.rule' line 111)
2020-01-28 12:11:29 - Error:  Division by zero evaluating rule: Set ANNUAL_BASELINE ThrmlZn:VentSysDsgnFlow  (76:'HVACSecondary-Fan-FanRatios.rule' line 111)
2020-01-28 12:11:29 - Error:  Division by zero evaluating rule: Set ANNUAL_BASELINE ThrmlZn:VentSysDsgnFlow  (76:'HVACSecondary-Fan-FanRatios.rule' line 111)
2020-01-28 12:11:29 - Error:  Division by zero evaluating rule: Set ANNUAL_BASELINE ThrmlZn:VentSysDsgnFlow  (76:'HVACSecondary-Fan-FanRatios.rule' line 111)
2020-01-28 12:11:29 - Error:  Division by zero evaluating rule: Set ANNUAL_BASELINE ThrmlZn:VentSysDsgnFlow  (76:'HVACSecondary-Fan-FanRatios.rule' line 111)
2020-01-28 12:11:29 - Error:  Division by zero evaluating rule: Set ANNUAL_BASELINE ThrmlZn:VentSysDsgnFlow  (76:'HVACSecondary-Fan-FanRatios.rule' line 111)
2020-01-28 12:11:29 - Error:  Division by zero evaluating rule: Set ANNUAL_BASELINE ThrmlZn:VentSysDsgnFlow  (76:'HVACSecondary-Fan-FanRatios.rule' line 111)
2020-01-28 12:11:29 - Error:  Division by zero evaluating rule: Set ANNUAL_BASELINE ThrmlZn:VentSysDsgnFlow  (76:'HVACSecondary-Fan-FanRatios.rule' line 111)
2020-01-28 12:11:29 - Error:  Division by zero evaluating rule: Set ANNUAL_BASELINE ThrmlZn:VentSysDsgnFlow  (76:'HVACSecondary-Fan-FanRatios.rule' line 111)
2020-01-28 12:11:31 -   PerfAnal_NRes - Bypassing OpenStudio (and simulation) for ab model
2020-01-28 12:11:31 -   PerfAnal_NRes - Completed analysis steps thru #7
2020-01-28 12:11:31 - Analysis incomplete  Processing time:  Overall 4:29 / SDD2IDF x2 avg 0:07 / SizSim x0 0:00 / AnnSim x2 avg 1:51 / ReportGen x0 0:00 / Other 0:29
2020-01-28 12:11:31 -       ResultsSummary population:  bAbort = (false) / RuleProcAbort = (false) / iRetVal = 0 / pszResultsSummary = (empty) / iResultsSummaryLen = 3200
2020-01-28 12:11:31 -       ResultsSummary components1:  2020-01-28 12:11:31 / instance / High-Rise Mixed-Use (10-story) / CTZ07S22A / Title24ProposedOnly / 4:29 /  / 
2020-01-28 12:11:31 -       ResultsSummary components2:  CBECC-Com 2022.0.1 RV (1113) / BEMCmpMgr 2022.0.1 RV (6107) / CA 2022 Nonresidential, Vers. 1.0 Alpha /  /  / - / C:\Users\mnakajima\Documents\CBECC-Com 2022 Data\EPW\ / C:\Users\mnakajima\Documents\GitHub\T24-2022-CASE-Modeling\framework\analysis\highrise\runs\hr-baseline_warmreset\cz07\
2020-01-28 12:11:31 -       ResultsSummary:  2020-01-28 12:11:31,"instance","High-Rise Mixed-Use (10-story)","CTZ07S22A","Pol  0% RetAdd NoLeak",125400,150480,"Title24ProposedOnly",4:29,,,"--","--","Successful (202 warnings)",2.34731,131592,61741.6,109.254,5693.8,1088.9,52053.7,252281,231906,0,181711,6890.07,0,0,672788,2575.08,0,0,0,0,9487.4,0,12062.5,754.553,0,0,0,12817,0,0,0,0,0,0,0,0,0,0,0,0,0,5.32502,30.8889,13.6593,0.033948,1.25237,18.5464,10.974,80.6799,54.9642,0,43.3605,1.52625,0,0,180.531,155.452,25.0784,0,0,,0,0.25,"Thermal Zone: F10 2-Bed NE",0,"--","--","",0,0,0,0,0,0,0,0,0,0,0,0,0,0,0,0,0,0,0,0,0,0,0,0,0,0,0,0,0,0,0,0,0,0,0,0,0,0,0,0,0,0,0,0,0,0,0,0,0,0,0,0,0,0,0,0,0,0,0,,,,,,,3.39019e-05,31.0442,8.43051,0.0526626,1.29116,0.124303,9.02937,49.9722,40.0913,0,31.5421,0.786538,0,0,122.392,0,0,0,0,0,0,0,0,0,0,0,0,0,0,0,"CBECC-Com 2022.0.1 RV (1113)","BEMCmpMgr 2022.0.1 RV (6107)","CA 2022 Nonresidential, Vers. 1.0 Alpha","","","-","C:\Users\mnakajima\Documents\CBECC-Com 2022 Data\EPW\","C:\Users\mnakajima\Documents\GitHub\T24-2022-CASE-Modeling\framework\analysis\highrise\runs\hr-baseline_warmreset\cz07\",0.000438028,15.6601,9.18732,0.0115221,0.606246,0.178668,5.72122,31.37,35.8373,0,31.3747,1.13054,0,0,99.71,1.23472,0,0,0,0,4.54908,0,5.78,0.361798,0,0,0,6.14,0,0,0,0,0,0,0,0,0,0,0,0,0,0,0,0,0,0,0,0,0,0,0,0,0,0,0,0,1.88565,2.35247,1.38012,0.00173084,0.0910705,6.97391,0.859444,13.5444,5.93601,0,4.71311,0.169829,0,0,24.3633,0,0,0,0,0,0,0,0,0,0,0,0,0,0,0,

2020-01-28 12:11:36 - -----------------------------------------------------------------------------
2020-01-28 12:11:36 - Opening Project 'cz07\instance.cibd22'...
2020-01-28 12:11:36 -    Model load successful into CBECC-Com 2022.0.1 RV (1113)
2020-01-28 12:11:37 - Performing Building Database check...
2020-01-28 12:11:37 - Building Database check completed, no problems found.
2020-01-28 12:11:40 - Project Saved
2020-01-28 13:12:00 - -----------------------------------------------------------------------------
2020-01-28 13:12:00 - Opening Project 'cz07\instance.cibd22'...
2020-01-28 13:12:01 -    Model load successful into CBECC-Com 2022.0.1 RV (1113)
2020-01-28 13:12:01 - Performing Building Database check...
2020-01-28 13:12:01 - Building Database check completed, no problems found.
2020-01-28 13:12:05 -   PerfAnal_NRes - starting, w/ arguments:
2020-01-28 13:12:05 -        BEMBasePathFile    = (null)
2020-01-28 13:12:05 -        RulesetPathFile    = (null)
2020-01-28 13:12:05 -        SimWeatherPath     = C:\Users\mnakajima\Documents\CBECC-Com 2022 Data\EPW\
2020-01-28 13:12:05 -        CompMgrDLLPath     = (null)
2020-01-28 13:12:05 -        DHWWeatherPath     = (null)
2020-01-28 13:12:05 -        ProcessingPath     = C:\Users\mnakajima\Documents\GitHub\T24-2022-CASE-Modeling\framework\analysis\highrise\runs\hr-baseline_warmreset\cz07\instance - run\
2020-01-28 13:12:05 -        ModelPathFile      = C:\Users\mnakajima\Documents\GitHub\T24-2022-CASE-Modeling\framework\analysis\highrise\runs\hr-baseline_warmreset\cz07\instance.cibd22
2020-01-28 13:12:05 -        LogPathFile        = (null)
2020-01-28 13:12:05 -        UIVersionString    = CBECC-Com 2022.0.1 RV (1113)
2020-01-28 13:12:05 -        LoadModelFile      = false
2020-01-28 13:12:05 -        OptionsCSV         = AllowAnalysisAbort,0,StoreBEMDetails,1,AnalysisThruStep,8,ModelRpt_ALL,1,ExportHourlyResults_All,1,PromptUserUMLHWarning,1,PreAnalysisCheckPromptOption,3,CompReportWarningOption,5,
2020-01-28 13:12:05 -        ErrorMsg           = (assumed to be initialized)
2020-01-28 13:12:05 -        ErrorMsgLen        = 2056
2020-01-28 13:12:05 -        DisplayProgress    = true
2020-01-28 13:12:05 -        ResultsSummary     = (empty)
2020-01-28 13:12:05 -        ResultsSummaryLen  = 3200
2020-01-28 13:12:05 -        pProgCallbackFunc  = (null)
2020-01-28 13:12:05 - Performing Building Database check...
2020-01-28 13:12:05 - Building Database check completed, no problems found.
2020-01-28 13:12:05 - Warning:  The following developer options must be defaulted (not specified by the user) in order to perform a valid compliance analysis:
          Proj 'High-Rise Mixed-Use (10-story)' DefaultDayltgCtrls
          Proj 'High-Rise Mixed-Use (10-story)' AutoHardSize
          Proj 'High-Rise Mixed-Use (10-story)' AutoEffInput
2020-01-28 13:12:06 -    1 file hash check(s) failed on executable and/or analysis support files (analysis continuing w/ report signature disabled)
2020-01-28 13:12:07 - Performing Building Database check...
2020-01-28 13:12:07 - Building Database check completed, no problems found.
2020-01-28 13:12:07 - Warning:  The spaces assigned to thermal zone 'Thermal Zone: F1 Lounge' have cooling unmet load hour limits ranging from 150 to 8760. All spaces in the zone will be held to the minimum UMLH limit. evaluating rule: Set CHECKCODE ThrmlZn:ClgUMLHLimit  (60:'ThermalZone-General.rule' line 1738)
2020-01-28 13:12:07 - Warning:  The spaces assigned to thermal zone 'Thermal Zone: F1 Lounge' have heating unmet load hour limits ranging from 150 to 8760. All spaces in the zone will be held to the minimum UMLH limit. evaluating rule: Set CHECKCODE ThrmlZn:HtgUMLHLimit  (60:'ThermalZone-General.rule' line 1765)
2020-01-28 13:12:13 -   PerfAnal_NRes - Bypassing OpenStudio (and simulation) for zp model
2020-01-28 13:21:47 -   PerfSim_E+ - Final Result: FAIL  -- compliance margin: -9.09 (-12.70%)
2020-01-28 13:21:51 - Analysis result:  FAIL  (TDV margin: -9.09)  Processing time:  Overall 9:46 / SDD2IDF x4 avg 0:08 / SizSim x2 avg 0:41 / AnnSim x2 avg 3:32 / ReportGen x0 0:00 / Other 0:42
2020-01-28 13:21:51 -       ResultsSummary population:  bAbort = (false) / RuleProcAbort = (false) / iRetVal = 0 / pszResultsSummary = (empty) / iResultsSummaryLen = 3200
2020-01-28 13:21:51 -       ResultsSummary components1:  2020-01-28 13:21:51 / instance / High-Rise Mixed-Use (10-story) / CTZ07S22A / Title24Compliance / 9:46 / FAIL / -9.09
2020-01-28 13:21:51 -       ResultsSummary components2:  CBECC-Com 2022.0.1 RV (1113) / BEMCmpMgr 2022.0.1 RV (6107) / CA 2022 Nonresidential, Vers. 1.0 Alpha / 1.11.3.f52686d8e1 / 9.0.1-bb7ca4f0da / CSE19 0.865.0+dhwloop.68861ec.94 EXE / C:\Users\mnakajima\Documents\CBECC-Com 2022 Data\EPW\ / C:\Users\mnakajima\Documents\GitHub\T24-2022-CASE-Modeling\framework\analysis\highrise\runs\hr-baseline_warmreset\cz07\
2020-01-28 13:21:51 -       ResultsSummary:  2020-01-28 13:21:51,"instance","High-Rise Mixed-Use (10-story)","CTZ07S22A","Pol  0% RetAdd NoLeak",125400,150480,"Title24Compliance",9:46,FAIL,-9.09,"--","--","Successful (202 warnings)",2.34731,131592,61741.6,109.254,5693.8,1088.9,52053.7,252281,231906,0,181711,6890.07,0,0,672788,2575.08,0,0,0,0,9487.4,0,12062.5,754.553,0,0,0,12817,0,0,0,0,0,0,0,0,0,0,0,0,0,5.32502,30.8889,13.6593,0.033948,1.25237,18.5464,10.974,80.6799,54.9642,0,43.3605,1.52625,0,0,180.531,155.452,25.0784,0,0,,0,0.25,"Thermal Zone: F10 2-Bed NE",0,"--","--","Successful (200 warnings)",4.32653,47488.9,78823.9,10053.2,35145.3,7483.49,52053.7,231053,231906,0,181711,6890.07,0,0,651560,805.524,0,0,0,0,9152.2,0,9957.72,754.553,0,0,0,10712.3,0,0,0,0,0,0,0,0,0,0,0,0,0,1.70768,11.446,17.5452,2.8347,7.80491,19.2801,10.974,71.5926,54.9642,0,43.3605,1.52625,0,0,171.444,150.627,20.8167,0,0,,0,0,,0,3.39019e-05,31.0442,8.43051,0.0526626,1.29116,0.124303,9.02937,49.9722,40.0913,0,31.5421,0.786538,0,0,122.392,2.70223e-05,12.0618,12.9145,4.02931,5.62373,1.20191,9.02937,44.8607,40.0913,0,31.5421,0.786538,0,0,117.281,"CBECC-Com 2022.0.1 RV (1113)","BEMCmpMgr 2022.0.1 RV (6107)","CA 2022 Nonresidential, Vers. 1.0 Alpha","1.11.3.f52686d8e1","9.0.1-bb7ca4f0da","CSE19 0.865.0+dhwloop.68861ec.94 EXE","C:\Users\mnakajima\Documents\CBECC-Com 2022 Data\EPW\","C:\Users\mnakajima\Documents\GitHub\T24-2022-CASE-Modeling\framework\analysis\highrise\runs\hr-baseline_warmreset\cz07\",0.000438028,15.6601,9.18732,0.0115221,0.606246,0.178668,5.72122,31.37,35.8373,0,31.3747,1.13054,0,0,99.71,1.23472,0,0,0,0,4.54908,0,5.78,0.361798,0,0,0,6.14,0.000902252,4.89274,10.7178,1.24668,4.90524,0.973329,5.72122,28.46,35.8373,0,31.3747,1.13054,0,0,96.8,0.386238,0,0,0,0,4.38836,0,4.78,0.361798,0,0,0,5.14,1.88565,2.35247,1.38012,0.00173084,0.0910705,6.97391,0.859444,13.5444,5.93601,0,4.71311,0.169829,0,0,24.3633,0.589974,0.734988,1.61003,0.187276,0.736867,6.84784,0.859444,11.5664,5.93601,0,4.71311,0.169829,0,0,22.3854,

2020-01-28 13:21:59 - -----------------------------------------------------------------------------
2020-01-28 13:21:59 - Opening Project 'cz07\instance.cibd22'...
2020-01-28 13:22:00 -    Model load successful into CBECC-Com 2022.0.1 RV (1113)
2020-01-28 13:22:00 - Performing Building Database check...
2020-01-28 13:22:00 - Building Database check completed, no problems found.
2020-01-28 13:22:07 - Project Saved
