---------------
SE(750): Info: C:\USERS\MNAKAJIMA\DOCUMENTS\GITHUB\T24-2022-CASE-MODELING\FRAMEWORK\ANALYSIS\HPTE\RUNS\LRLC-WINF-PROPU\CZ16\INSTANCE - COMP22\INSTANCE - DRTG.CSE(750): Info: 
  DHWSys 'dhwsys-DHWGas': 
    'wsTSetpoint' is ignored -- no setpoint-aware DHWHEATERs in this DHWSYS.
---------------
Warning at hour/subhour 25/20 on autoSizing 11-Aug iteration 30:
  AutoSize pass 1A has not converged.  Abandoning after 30 iterations.
---------------
Warning: Zone 'Zone2-zn': Unmet cooling loads during 29 hours of run.
---------------
Warning: Zone 'Zone3-zn': Unmet cooling loads during 82 hours of run.
---------------
Warning: Zone 'Corridor1-zn': Condensation occurred in 240 subhours of run.
    Total condensation heat = 9.51151 kBtu.
---------------
Warning: 
  Zone 'FitnessCenter1-zn': Condensation occurred in 36690 subhours of run.
    Total condensation heat = 1687.89 kBtu.
---------------
Warning: Zone 'Laundry1-zn': Unmet cooling loads during 17 hours of run.
---------------
Warning: Zone 'LeasingOffice1-zn': Unmet cooling loads during 9 hours of run.
---------------
Warning: Zone 'Lobby1-zn': Condensation occurred in 25041 subhours of run.
    Total condensation heat = 1428.48 kBtu.
---------------
Warning: 
  Zone 'MechanicalRoom1-zn': Unmet heating loads during 3545 hours of run.
---------------
Warning: 
  Zone 'MechanicalRoom1-zn': Unmet cooling loads during 2041 hours of run.
---------------
Warning: Zone 'Stairs1-zn': Unmet heating loads during 4 hours of run.
---------------
Warning: Zone 'Corridor3-zn': Unmet cooling loads during 24 hours of run.
---------------
Warning: Zone 'Stairs2-zn': Unmet heating loads during 4 hours of run.
---------------
Warning: Zone 'Stairs3-zn': Unmet heating loads during 4 hours of run.
---------------
Warning: Zone 'Attic-atc': Condensation occurred in 17410 subhours of run.
    Total condensation heat = 2839.98 kBtu.
---------------
