---------------
Warning: Zone 'Zone1-zn': Condensation occurred in 59 subhours of run.
    Total condensation heat = 15.7847 kBtu.
---------------
Warning: Zone 'Zone2-zn': Condensation occurred in 19 subhours of run.
    Total condensation heat = 5.7359 kBtu.
---------------
Warning: Zone 'Zone2-zn': Unmet heating loads during 1 hours of run.
---------------
Warning: Zone 'Zone2-zn': Unmet cooling loads during 1 hours of run.
---------------
Warning: Zone 'Zone3-zn': Condensation occurred in 18 subhours of run.
    Total condensation heat = 4.95957 kBtu.
---------------
Warning: Zone 'Zone3-zn': Unmet cooling loads during 25 hours of run.
---------------
Warning: Zone 'Corridor1-zn': Condensation occurred in 76 subhours of run.
    Total condensation heat = 1.50502 kBtu.
---------------
Warning: 
  Zone 'FitnessCenter1-zn': Condensation occurred in 354 subhours of run.
    Total condensation heat = 14.6272 kBtu.
---------------
Warning: Zone 'Lobby1-zn': Condensation occurred in 140 subhours of run.
    Total condensation heat = 4.14533 kBtu.
---------------
Warning: 
  Zone 'MechanicalRoom1-zn': Unmet heating loads during 1504 hours of run.
---------------
Warning: 
  Zone 'MechanicalRoom1-zn': Unmet cooling loads during 181 hours of run.
---------------
Warning: Zone 'Stairs1-zn': Condensation occurred in 117 subhours of run.
    Total condensation heat = 0.367592 kBtu.
---------------
Warning: Zone 'Corridor2-zn': Condensation occurred in 15 subhours of run.
    Total condensation heat = 0.313821 kBtu.
---------------
Warning: Zone 'Corridor3-zn': Condensation occurred in 3 subhours of run.
    Total condensation heat = 0.0534773 kBtu.
---------------
Warning: Zone 'Stairs2-zn': Condensation occurred in 40 subhours of run.
    Total condensation heat = 0.0836724 kBtu.
---------------
Warning: Zone 'Stairs3-zn': Condensation occurred in 33 subhours of run.
    Total condensation heat = 0.0483594 kBtu.
---------------
