2020-03-27 19:34:12 - -----------------------------------------------------------------------------
2020-03-27 19:34:12 - Opening Project 'cz13\instance.cibd22'...
2020-03-27 19:34:12 - Error:  Multiple referenced objects found with the same name:  | Compliance Insulation R4.00
2020-03-27 19:34:12 -    Model load successful into CBECC-Com 2022.0.1 RV (1113)
2020-03-27 19:34:13 - Performing Building Database check...
2020-03-27 19:34:13 - Building Database check completed, no problems found.
2020-03-27 19:34:21 -   PerfAnal_NRes - starting, w/ arguments:
2020-03-27 19:34:21 -        BEMBasePathFile    = (null)
2020-03-27 19:34:21 -        RulesetPathFile    = (null)
2020-03-27 19:34:21 -        SimWeatherPath     = C:\Users\ndperry\Documents\CBECC-Com 2022 Data\EPW\
2020-03-27 19:34:21 -        CompMgrDLLPath     = (null)
2020-03-27 19:34:21 -        DHWWeatherPath     = (null)
2020-03-27 19:34:21 -        ProcessingPath     = C:\Users\ndperry\Documents\GitHub\T24-2022-CASE-Modeling\framework\analysis\hpte\runs\mumr-roof-base1\cz13\instance - run\
2020-03-27 19:34:21 -        ModelPathFile      = C:\Users\ndperry\Documents\GitHub\T24-2022-CASE-Modeling\framework\analysis\hpte\runs\mumr-roof-base1\cz13\instance.cibd22
2020-03-27 19:34:21 -        LogPathFile        = (null)
2020-03-27 19:34:21 -        UIVersionString    = CBECC-Com 2022.0.1 RV (1113)
2020-03-27 19:34:21 -        LoadModelFile      = false
2020-03-27 19:34:21 -        OptionsCSV         = AllowAnalysisAbort,0,StoreBEMDetails,1,AnalysisThruStep,8,ModelRpt_ALL,1,ExportHourlyResults_All,1,PromptUserUMLHWarning,1,PreAnalysisCheckPromptOption,3,CompReportWarningOption,5,
2020-03-27 19:34:21 -        ErrorMsg           = (assumed to be initialized)
2020-03-27 19:34:21 -        ErrorMsgLen        = 2056
2020-03-27 19:34:21 -        DisplayProgress    = true
2020-03-27 19:34:21 -        ResultsSummary     = (empty)
2020-03-27 19:34:21 -        ResultsSummaryLen  = 3200
2020-03-27 19:34:21 -        pProgCallbackFunc  = (null)
2020-03-27 19:34:22 - Error:  Multiple referenced objects found with the same name:  | Compliance Insulation R4.00 |
2020-03-27 19:34:22 - Error:  Multiple referenced objects found with the same name:  | Compliance Insulation R4.00 |
2020-03-27 19:34:22 - Analysis aborted  Processing time:  Overall 0:01 / SDD2IDF x0 0:00 / SizSim x0 0:00 / AnnSim x0 0:00 / ReportGen x0 0:00 / Other 0:01
2020-03-27 19:34:22 -       ResultsSummary population:  bAbort = (true) / RuleProcAbort = (false) / iRetVal = 53 / pszResultsSummary = (empty) / iResultsSummaryLen = 3200
2020-03-27 19:34:22 - Error:  Multiple referenced objects found with the same name:  | Compliance Insulation R4.00 |
2020-03-27 19:34:25 - -----------------------------------------------------------------------------
2020-03-27 19:34:25 - Opening Project 'cz13\instance.cibd22'...
2020-03-27 19:34:26 - Error:  Multiple referenced objects found with the same name:  | Compliance Insulation R4.00
2020-03-27 19:34:26 -    Model load successful into CBECC-Com 2022.0.1 RV (1113)
2020-03-27 19:34:27 - Performing Building Database check...
2020-03-27 19:34:27 - Building Database check completed, no problems found.
2020-03-27 19:34:30 - Error:  Multiple referenced objects found with the same name:  | Compliance Insulation R4.00
2020-03-27 19:34:30 - Project Saved
2020-03-30 10:14:07 - -----------------------------------------------------------------------------
2020-03-30 10:14:07 - Opening Project 'cz13\instance.cibd22'...
2020-03-30 10:14:08 - Error:  Multiple referenced objects found with the same name:  | Compliance Insulation R4.00
2020-03-30 10:14:08 -    Model load successful into CBECC-Com 2022.0.1 RV (1113)
2020-03-30 10:14:09 - Performing Building Database check...
2020-03-30 10:14:09 - Building Database check completed, no problems found.
2020-03-30 10:14:18 -   PerfAnal_NRes - starting, w/ arguments:
2020-03-30 10:14:18 -        BEMBasePathFile    = (null)
2020-03-30 10:14:18 -        RulesetPathFile    = (null)
2020-03-30 10:14:18 -        SimWeatherPath     = C:\Users\ndperry\Documents\CBECC-Com 2022 Data\EPW\
2020-03-30 10:14:18 -        CompMgrDLLPath     = (null)
2020-03-30 10:14:18 -        DHWWeatherPath     = (null)
2020-03-30 10:14:18 -        ProcessingPath     = C:\Users\ndperry\Documents\GitHub\T24-2022-CASE-Modeling\framework\analysis\hpte\runs\mumr-roof-base1\cz13\instance - run\
2020-03-30 10:14:18 -        ModelPathFile      = C:\Users\ndperry\Documents\GitHub\T24-2022-CASE-Modeling\framework\analysis\hpte\runs\mumr-roof-base1\cz13\instance.cibd22
2020-03-30 10:14:18 -        LogPathFile        = (null)
2020-03-30 10:14:18 -        UIVersionString    = CBECC-Com 2022.0.1 RV (1113)
2020-03-30 10:14:18 -        LoadModelFile      = false
2020-03-30 10:14:18 -        OptionsCSV         = AllowAnalysisAbort,0,StoreBEMDetails,1,AnalysisThruStep,8,ModelRpt_ALL,1,ExportHourlyResults_All,1,PromptUserUMLHWarning,1,PreAnalysisCheckPromptOption,3,CompReportWarningOption,5,
2020-03-30 10:14:18 -        ErrorMsg           = (assumed to be initialized)
2020-03-30 10:14:18 -        ErrorMsgLen        = 2056
2020-03-30 10:14:18 -        DisplayProgress    = true
2020-03-30 10:14:18 -        ResultsSummary     = (empty)
2020-03-30 10:14:18 -        ResultsSummaryLen  = 3200
2020-03-30 10:14:18 -        pProgCallbackFunc  = (null)
2020-03-30 10:14:19 - Error:  Multiple referenced objects found with the same name:  | Compliance Insulation R4.00 |
2020-03-30 10:14:19 - Error:  Multiple referenced objects found with the same name:  | Compliance Insulation R4.00 |
2020-03-30 10:14:19 - Analysis aborted  Processing time:  Overall 0:01 / SDD2IDF x0 0:00 / SizSim x0 0:00 / AnnSim x0 0:00 / ReportGen x0 0:00 / Other 0:01
2020-03-30 10:14:19 -       ResultsSummary population:  bAbort = (true) / RuleProcAbort = (false) / iRetVal = 53 / pszResultsSummary = (empty) / iResultsSummaryLen = 3200
2020-03-30 10:14:19 - Error:  Multiple referenced objects found with the same name:  | Compliance Insulation R4.00 |
2020-03-30 10:14:22 - -----------------------------------------------------------------------------
2020-03-30 10:14:22 - Opening Project 'cz13\instance.cibd22'...
2020-03-30 10:14:24 - Error:  Multiple referenced objects found with the same name:  | Compliance Insulation R4.00
2020-03-30 10:14:24 -    Model load successful into CBECC-Com 2022.0.1 RV (1113)
2020-03-30 10:14:24 - Performing Building Database check...
2020-03-30 10:14:24 - Building Database check completed, no problems found.
2020-03-30 10:14:31 - Error:  Multiple referenced objects found with the same name:  | Compliance Insulation R4.00
2020-03-30 10:14:31 - Project Saved
2020-03-30 10:29:07 - -----------------------------------------------------------------------------
2020-03-30 10:29:07 - Opening Project 'cz13\instance.cibd22'...
2020-03-30 10:29:09 -    Model load successful into CBECC-Com 2022.0.1 RV (1113)
2020-03-30 10:29:10 - Performing Building Database check...
2020-03-30 10:29:10 - Building Database check completed, no problems found.
2020-03-30 10:29:17 -   PerfAnal_NRes - starting, w/ arguments:
2020-03-30 10:29:17 -        BEMBasePathFile    = (null)
2020-03-30 10:29:17 -        RulesetPathFile    = (null)
2020-03-30 10:29:17 -        SimWeatherPath     = C:\Users\ndperry\Documents\CBECC-Com 2022 Data\EPW\
2020-03-30 10:29:17 -        CompMgrDLLPath     = (null)
2020-03-30 10:29:17 -        DHWWeatherPath     = (null)
2020-03-30 10:29:17 -        ProcessingPath     = C:\Users\ndperry\Documents\GitHub\T24-2022-CASE-Modeling\framework\analysis\hpte\runs\mumr-roof-base1\cz13\instance - run\
2020-03-30 10:29:17 -        ModelPathFile      = C:\Users\ndperry\Documents\GitHub\T24-2022-CASE-Modeling\framework\analysis\hpte\runs\mumr-roof-base1\cz13\instance.cibd22
2020-03-30 10:29:17 -        LogPathFile        = (null)
2020-03-30 10:29:17 -        UIVersionString    = CBECC-Com 2022.0.1 RV (1113)
2020-03-30 10:29:17 -        LoadModelFile      = false
2020-03-30 10:29:17 -        OptionsCSV         = AllowAnalysisAbort,0,StoreBEMDetails,1,AnalysisThruStep,8,ModelRpt_ALL,1,ExportHourlyResults_All,1,PromptUserUMLHWarning,1,PreAnalysisCheckPromptOption,3,CompReportWarningOption,5,
2020-03-30 10:29:17 -        ErrorMsg           = (assumed to be initialized)
2020-03-30 10:29:17 -        ErrorMsgLen        = 2056
2020-03-30 10:29:17 -        DisplayProgress    = true
2020-03-30 10:29:17 -        ResultsSummary     = (empty)
2020-03-30 10:29:17 -        ResultsSummaryLen  = 3200
2020-03-30 10:29:17 -        pProgCallbackFunc  = (null)
2020-03-30 10:29:19 - Performing Building Database check...
2020-03-30 10:29:19 - Building Database check completed, no problems found.
2020-03-30 10:29:19 - Warning:  The following developer options must be defaulted (not specified by the user) in order to perform a valid compliance analysis:
          Proj 'Mid-Rise Mixed-Use (5-story)' AutoHardSize
          Proj 'Mid-Rise Mixed-Use (5-story)' AutoEffInput
2020-03-30 10:29:19 -    1 file hash check(s) failed on executable and/or analysis support files (analysis continuing w/ report signature disabled)
2020-03-30 10:29:23 -   PerfAnal_NRes - AnalysisThruStep being set to #7 due to Proj:AnalysisType = Title24ProposedOnly
2020-03-30 10:29:23 - Performing Building Database check...
2020-03-30 10:29:23 - Building Database check completed, no problems found.
2020-03-30 10:29:23 - Warning:  The AirSystem:Count for multi-zone system 'DOAS1' is not consistent with the maximum or minimum ThermalZone:Multiplier of the zones the system serves. This indicates the HVAC system serves more than 1 floor, or that Multipliers or system Count may be improperly defined. Check inputs for consistency. evaluating rule: Set CHECKCODE AirSys:Cnt  (68:'HVACSecondary-General.rule' line 1398)
2020-03-30 10:29:30 -   PerfAnal_NRes - Bypassing OpenStudio (and simulation) for zp model
2020-03-30 10:29:34 -   PerfAnal_NRes - Bypassing OpenStudio (and simulation) for zb model
2020-03-30 10:34:35 - Error:  Undefined data: numerator evaluating rule: Set ANNUAL_BASELINE Fan:FlowCap  (75:'HVACSecondary-Fan-General.rule' line 494)
2020-03-30 10:34:35 - Error:  Undefined data: numerator evaluating rule: Set ANNUAL_BASELINE Fan:FlowCap  (75:'HVACSecondary-Fan-General.rule' line 494)
2020-03-30 10:34:35 - Error:  Undefined data: numerator evaluating rule: Set ANNUAL_BASELINE Fan:FlowCap  (75:'HVACSecondary-Fan-General.rule' line 494)
2020-03-30 10:34:35 - Error:  Undefined data: numerator evaluating rule: Set ANNUAL_BASELINE Fan:FlowCap  (75:'HVACSecondary-Fan-General.rule' line 529)
2020-03-30 10:34:35 - Error:  Undefined data: numerator evaluating rule: Set ANNUAL_BASELINE Fan:FlowCap  (75:'HVACSecondary-Fan-General.rule' line 529)
2020-03-30 10:34:35 - Error:  Undefined data: numerator evaluating rule: Set ANNUAL_BASELINE Fan:FlowCap  (75:'HVACSecondary-Fan-General.rule' line 529)
2020-03-30 10:34:35 - Error:  Undefined data: numerator evaluating rule: Set ANNUAL_BASELINE Fan:FlowCap  (75:'HVACSecondary-Fan-General.rule' line 529)
2020-03-30 10:34:35 - Error:  Undefined data: numerator evaluating rule: Set ANNUAL_BASELINE Fan:FlowCap  (75:'HVACSecondary-Fan-General.rule' line 529)
2020-03-30 10:34:35 - Error:  Undefined data: numerator evaluating rule: Set ANNUAL_BASELINE Fan:FlowCap  (75:'HVACSecondary-Fan-General.rule' line 529)
2020-03-30 10:34:35 - Error:  Undefined data: numerator evaluating rule: Set ANNUAL_BASELINE Fan:FlowCap  (75:'HVACSecondary-Fan-General.rule' line 529)
2020-03-30 10:34:35 - Error:  Undefined data: numerator evaluating rule: Set ANNUAL_BASELINE Fan:FlowCap  (75:'HVACSecondary-Fan-General.rule' line 529)
2020-03-30 10:34:35 - Error:  Undefined data: numerator evaluating rule: Set ANNUAL_BASELINE Fan:FlowCap  (75:'HVACSecondary-Fan-General.rule' line 529)
2020-03-30 10:34:35 - Error:  Undefined data: numerator evaluating rule: Set ANNUAL_BASELINE Fan:FlowCap  (75:'HVACSecondary-Fan-General.rule' line 529)
2020-03-30 10:34:35 - Error:  Undefined data: numerator evaluating rule: Set ANNUAL_BASELINE Fan:FlowCap  (75:'HVACSecondary-Fan-General.rule' line 529)
2020-03-30 10:34:35 - Error:  Undefined data: numerator evaluating rule: Set ANNUAL_BASELINE Fan:FlowCap  (75:'HVACSecondary-Fan-General.rule' line 529)
2020-03-30 10:34:35 - Error:  Undefined data: numerator evaluating rule: Set ANNUAL_BASELINE Fan:FlowCap  (75:'HVACSecondary-Fan-General.rule' line 529)
2020-03-30 10:34:35 - Error:  Undefined data: numerator evaluating rule: Set ANNUAL_BASELINE Fan:FlowCap  (75:'HVACSecondary-Fan-General.rule' line 529)
2020-03-30 10:34:35 - Error:  Undefined data: numerator evaluating rule: Set ANNUAL_BASELINE Fan:FlowCap  (75:'HVACSecondary-Fan-General.rule' line 529)
2020-03-30 10:34:35 - Error:  Undefined data: numerator evaluating rule: Set ANNUAL_BASELINE Fan:FlowCap  (75:'HVACSecondary-Fan-General.rule' line 529)
2020-03-30 10:34:35 - Error:  Undefined data: numerator evaluating rule: Set ANNUAL_BASELINE Fan:FlowCap  (75:'HVACSecondary-Fan-General.rule' line 529)
2020-03-30 10:34:35 - Error:  Undefined data: numerator evaluating rule: Set ANNUAL_BASELINE Fan:FlowCap  (75:'HVACSecondary-Fan-General.rule' line 529)
2020-03-30 10:34:35 - Error:  Undefined data: numerator evaluating rule: Set ANNUAL_BASELINE Fan:FlowCap  (75:'HVACSecondary-Fan-General.rule' line 529)
2020-03-30 10:34:35 - Error:  Undefined data: numerator evaluating rule: Set ANNUAL_BASELINE Fan:FlowCap  (75:'HVACSecondary-Fan-General.rule' line 529)
2020-03-30 10:34:35 - Error:  Undefined data: numerator evaluating rule: Set ANNUAL_BASELINE Fan:FlowCap  (75:'HVACSecondary-Fan-General.rule' line 529)
2020-03-30 10:34:35 - Error:  Undefined data: numerator evaluating rule: Set ANNUAL_BASELINE Fan:FlowCap  (75:'HVACSecondary-Fan-General.rule' line 529)
2020-03-30 10:34:35 - Error:  Division by zero evaluating rule: Set ANNUAL_BASELINE ThrmlZn:PriAirCondgSysDsgnFlow  (76:'HVACSecondary-Fan-FanRatios.rule' line 67)
2020-03-30 10:34:35 - Error:  Division by zero evaluating rule: Set ANNUAL_BASELINE ThrmlZn:PriAirCondgSysDsgnFlow  (76:'HVACSecondary-Fan-FanRatios.rule' line 67)
2020-03-30 10:34:35 - Error:  Division by zero evaluating rule: Set ANNUAL_BASELINE ThrmlZn:PriAirCondgSysDsgnFlow  (76:'HVACSecondary-Fan-FanRatios.rule' line 67)
2020-03-30 10:34:35 - Error:  Division by zero evaluating rule: Set ANNUAL_BASELINE ThrmlZn:PriAirCondgSysDsgnFlow  (76:'HVACSecondary-Fan-FanRatios.rule' line 67)
2020-03-30 10:34:35 - Error:  Division by zero evaluating rule: Set ANNUAL_BASELINE ThrmlZn:PriAirCondgSysDsgnFlow  (76:'HVACSecondary-Fan-FanRatios.rule' line 67)
2020-03-30 10:34:35 - Error:  Division by zero evaluating rule: Set ANNUAL_BASELINE ThrmlZn:PriAirCondgSysDsgnFlow  (76:'HVACSecondary-Fan-FanRatios.rule' line 67)
2020-03-30 10:34:35 - Error:  Division by zero evaluating rule: Set ANNUAL_BASELINE ThrmlZn:PriAirCondgSysDsgnFlow  (76:'HVACSecondary-Fan-FanRatios.rule' line 67)
2020-03-30 10:34:35 - Error:  Division by zero evaluating rule: Set ANNUAL_BASELINE ThrmlZn:PriAirCondgSysDsgnFlow  (76:'HVACSecondary-Fan-FanRatios.rule' line 67)
2020-03-30 10:34:35 - Error:  Division by zero evaluating rule: Set ANNUAL_BASELINE ThrmlZn:PriAirCondgSysDsgnFlow  (76:'HVACSecondary-Fan-FanRatios.rule' line 67)
2020-03-30 10:34:35 - Error:  Division by zero evaluating rule: Set ANNUAL_BASELINE ThrmlZn:PriAirCondgSysDsgnFlow  (76:'HVACSecondary-Fan-FanRatios.rule' line 67)
2020-03-30 10:34:35 - Error:  Division by zero evaluating rule: Set ANNUAL_BASELINE ThrmlZn:PriAirCondgSysDsgnFlow  (76:'HVACSecondary-Fan-FanRatios.rule' line 67)
2020-03-30 10:34:35 - Error:  Division by zero evaluating rule: Set ANNUAL_BASELINE ThrmlZn:PriAirCondgSysDsgnFlow  (76:'HVACSecondary-Fan-FanRatios.rule' line 67)
2020-03-30 10:34:35 - Error:  Division by zero evaluating rule: Set ANNUAL_BASELINE ThrmlZn:VentSysDsgnFlow  (76:'HVACSecondary-Fan-FanRatios.rule' line 111)
2020-03-30 10:34:35 - Error:  Division by zero evaluating rule: Set ANNUAL_BASELINE ThrmlZn:VentSysDsgnFlow  (76:'HVACSecondary-Fan-FanRatios.rule' line 111)
2020-03-30 10:34:35 - Error:  Division by zero evaluating rule: Set ANNUAL_BASELINE ThrmlZn:VentSysDsgnFlow  (76:'HVACSecondary-Fan-FanRatios.rule' line 111)
2020-03-30 10:34:35 - Error:  Division by zero evaluating rule: Set ANNUAL_BASELINE ThrmlZn:VentSysDsgnFlow  (76:'HVACSecondary-Fan-FanRatios.rule' line 111)
2020-03-30 10:34:35 - Error:  Division by zero evaluating rule: Set ANNUAL_BASELINE ThrmlZn:VentSysDsgnFlow  (76:'HVACSecondary-Fan-FanRatios.rule' line 111)
2020-03-30 10:34:35 - Error:  Division by zero evaluating rule: Set ANNUAL_BASELINE ThrmlZn:VentSysDsgnFlow  (76:'HVACSecondary-Fan-FanRatios.rule' line 111)
2020-03-30 10:34:35 - Error:  Division by zero evaluating rule: Set ANNUAL_BASELINE ThrmlZn:VentSysDsgnFlow  (76:'HVACSecondary-Fan-FanRatios.rule' line 111)
2020-03-30 10:34:35 - Error:  Division by zero evaluating rule: Set ANNUAL_BASELINE ThrmlZn:VentSysDsgnFlow  (76:'HVACSecondary-Fan-FanRatios.rule' line 111)
2020-03-30 10:34:35 - Error:  Division by zero evaluating rule: Set ANNUAL_BASELINE ThrmlZn:VentSysDsgnFlow  (76:'HVACSecondary-Fan-FanRatios.rule' line 111)
2020-03-30 10:34:35 - Error:  Division by zero evaluating rule: Set ANNUAL_BASELINE ThrmlZn:VentSysDsgnFlow  (76:'HVACSecondary-Fan-FanRatios.rule' line 111)
2020-03-30 10:34:35 - Error:  Division by zero evaluating rule: Set ANNUAL_BASELINE ThrmlZn:VentSysDsgnFlow  (76:'HVACSecondary-Fan-FanRatios.rule' line 111)
2020-03-30 10:34:35 - Error:  Division by zero evaluating rule: Set ANNUAL_BASELINE ThrmlZn:VentSysDsgnFlow  (76:'HVACSecondary-Fan-FanRatios.rule' line 111)
2020-03-30 10:34:37 -   PerfAnal_NRes - Bypassing OpenStudio (and simulation) for ab model
2020-03-30 10:34:37 -   PerfAnal_NRes - Completed analysis steps thru #7
2020-03-30 10:34:37 - Analysis incomplete  Processing time:  Overall 5:19 / SDD2IDF x2 avg 0:11 / SizSim x0 0:00 / AnnSim x2 avg 2:09 / ReportGen x0 0:00 / Other 0:34
2020-03-30 10:34:37 -       ResultsSummary population:  bAbort = (false) / RuleProcAbort = (false) / iRetVal = 0 / pszResultsSummary = (empty) / iResultsSummaryLen = 3200
2020-03-30 10:34:37 -       ResultsSummary components1:  2020-03-30 10:34:37 / instance / Mid-Rise Mixed-Use (5-story) / CTZ13S22A / Title24ProposedOnly / 5:19 /  / 
2020-03-30 10:34:37 -       ResultsSummary components2:  CBECC-Com 2022.0.1 RV (1113) / BEMCmpMgr 2022.0.1 RV (6107) / CA 2022 Nonresidential, Vers. 1.0 Alpha /  /  / - / C:\Users\ndperry\Documents\CBECC-Com 2022 Data\EPW\ / C:\Users\ndperry\Documents\GitHub\T24-2022-CASE-Modeling\framework\analysis\hpte\runs\mumr-roof-base1\cz13\
2020-03-30 10:34:37 -       ResultsSummary:  2020-03-30 10:34:37,"instance","Mid-Rise Mixed-Use (5-story)","CTZ13S22A","Pol  0% RetAdd NoLeak",113100,141000,"Title24ProposedOnly",5:19,,,"--","--","Successful (222 warnings)",11.311,143544,66057.4,0,204.545,13154.9,81965,304937,217441,0,149101,34551.8,0,0,706031,3393.23,0,0,0,0,7470.01,0,10863.2,586.724,0,0,0,11450,0,0,0,0,0,0,0,0,0,0,0,0,0,8.0933,46.0464,17.5,0,0.0468193,19.1552,19.5209,110.363,55.5512,0,38.1996,8.45706,0,0,212.57,187.255,25.3158,0,3362,"Thermal Zone: F2-4 Corridor",0,1076.25,"Thermal Zone: F5 Corridor",0,"--","--","",0,0,0,0,0,0,0,0,0,0,0,0,0,0,0,0,0,0,0,0,0,0,0,0,0,0,0,0,0,0,0,0,0,0,0,0,0,0,0,0,0,0,0,0,0,0,0,0,0,0,0,0,0,0,0,0,0,0,0,,,,,,,5.1412e-06,55.7082,13.5865,0,0.00594958,2.05655,14.3902,85.7474,38.321,0,25.7371,3.94427,0,0,153.75,0,0,0,0,0,0,0,0,0,0,0,0,0,0,0,"CBECC-Com 2022.0.1 RV (1113)","BEMCmpMgr 2022.0.1 RV (6107)","CA 2022 Nonresidential, Vers. 1.0 Alpha","","","-","C:\Users\ndperry\Documents\CBECC-Com 2022 Data\EPW\","C:\Users\ndperry\Documents\GitHub\T24-2022-CASE-Modeling\framework\analysis\hpte\runs\mumr-roof-base1\cz13\",0.00220003,16.9987,9.26015,0,0.0310126,1.67125,9.06089,37.02,32.1279,0,25.58,5.65158,0,0,100.38,1.62701,0,0,0,0,3.58177,0,5.21,0.281326,0,0,0,5.49,0,0,0,0,0,0,0,0,0,0,0,0,0,0,0,0,0,0,0,0,0,0,0,0,0,0,0,0,2.79454,2.83125,1.54234,0,0.00516537,6.42958,1.50916,15.112,5.83428,0,4.26052,0.941311,0,0,26.1482,0,0,0,0,0,0,0,0,0,0,0,0,0,0,0,

2020-03-30 10:34:42 - -----------------------------------------------------------------------------
2020-03-30 10:34:42 - Opening Project 'cz13\instance.cibd22'...
2020-03-30 10:34:44 -    Model load successful into CBECC-Com 2022.0.1 RV (1113)
2020-03-30 10:34:44 - Performing Building Database check...
2020-03-30 10:34:44 - Building Database check completed, no problems found.
2020-03-30 10:34:50 - Project Saved
