2020-03-26 14:40:32 - -----------------------------------------------------------------------------
2020-03-26 14:40:32 - Opening Project 'cz12\instance.cibd22'...
2020-03-26 14:40:33 -    Model load successful into CBECC-Com 2022.0.1 RV (1113)
2020-03-26 14:40:33 - Performing Building Database check...
2020-03-26 14:40:33 - Building Database check completed, no problems found.
2020-03-26 14:40:38 -   PerfAnal_NRes - starting, w/ arguments:
2020-03-26 14:40:38 -        BEMBasePathFile    = (null)
2020-03-26 14:40:38 -        RulesetPathFile    = (null)
2020-03-26 14:40:38 -        SimWeatherPath     = C:\Users\agoyal\Documents\CBECC-Com 2022 Data\EPW\
2020-03-26 14:40:38 -        CompMgrDLLPath     = (null)
2020-03-26 14:40:38 -        DHWWeatherPath     = (null)
2020-03-26 14:40:38 -        ProcessingPath     = C:\Users\agoyal\Documents\GitHub\T24-2022-CASE-Modeling\framework\analysis\hpte\runs\hr-winoS24\cz12\instance - run\
2020-03-26 14:40:38 -        ModelPathFile      = C:\Users\agoyal\Documents\GitHub\T24-2022-CASE-Modeling\framework\analysis\hpte\runs\hr-winoS24\cz12\instance.cibd22
2020-03-26 14:40:38 -        LogPathFile        = (null)
2020-03-26 14:40:38 -        UIVersionString    = CBECC-Com 2022.0.1 RV (1113)
2020-03-26 14:40:38 -        LoadModelFile      = false
2020-03-26 14:40:38 -        OptionsCSV         = AllowAnalysisAbort,0,StoreBEMDetails,1,AnalysisThruStep,8,ModelRpt_ALL,1,ExportHourlyResults_All,1,PromptUserUMLHWarning,1,PreAnalysisCheckPromptOption,3,CompReportWarningOption,5,
2020-03-26 14:40:38 -        ErrorMsg           = (assumed to be initialized)
2020-03-26 14:40:38 -        ErrorMsgLen        = 2056
2020-03-26 14:40:38 -        DisplayProgress    = true
2020-03-26 14:40:38 -        ResultsSummary     = (empty)
2020-03-26 14:40:38 -        ResultsSummaryLen  = 3200
2020-03-26 14:40:38 -        pProgCallbackFunc  = (null)
2020-03-26 14:40:39 - Performing Building Database check...
2020-03-26 14:40:39 - Building Database check completed, no problems found.
2020-03-26 14:40:39 - Warning:  The following developer options must be defaulted (not specified by the user) in order to perform a valid compliance analysis:
          Proj 'High-Rise Mixed-Use (10-story)' DefaultDayltgCtrls
          Proj 'High-Rise Mixed-Use (10-story)' AutoHardSize
          Proj 'High-Rise Mixed-Use (10-story)' AutoEffInput
2020-03-26 14:40:39 -    1 file hash check(s) failed on executable and/or analysis support files (analysis continuing w/ report signature disabled)
2020-03-26 14:40:41 -   PerfAnal_NRes - AnalysisThruStep being set to #7 due to Proj:AnalysisType = Title24ProposedOnly
2020-03-26 14:40:41 - Performing Building Database check...
2020-03-26 14:40:41 - Building Database check completed, no problems found.
2020-03-26 14:40:41 - Warning:  The spaces assigned to thermal zone 'Thermal Zone: F1 Lounge' have cooling unmet load hour limits ranging from 150 to 8760. All spaces in the zone will be held to the minimum UMLH limit. evaluating rule: Set CHECKCODE ThrmlZn:ClgUMLHLimit  (60:'ThermalZone-General.rule' line 1738)
2020-03-26 14:40:41 - Warning:  The spaces assigned to thermal zone 'Thermal Zone: F1 Lounge' have heating unmet load hour limits ranging from 150 to 8760. All spaces in the zone will be held to the minimum UMLH limit. evaluating rule: Set CHECKCODE ThrmlZn:HtgUMLHLimit  (60:'ThermalZone-General.rule' line 1765)
2020-03-26 14:40:47 -   PerfAnal_NRes - Bypassing OpenStudio (and simulation) for zp model
2020-03-26 14:40:51 -   PerfAnal_NRes - Bypassing OpenStudio (and simulation) for zb model
2020-03-26 14:49:48 - Error:  Undefined data: numerator evaluating rule: Set ANNUAL_BASELINE Fan:FlowCap  (75:'HVACSecondary-Fan-General.rule' line 494)
2020-03-26 14:49:48 - Error:  Undefined data: numerator evaluating rule: Set ANNUAL_BASELINE Fan:FlowCap  (75:'HVACSecondary-Fan-General.rule' line 494)
2020-03-26 14:49:48 - Error:  Undefined data: numerator evaluating rule: Set ANNUAL_BASELINE Fan:FlowCap  (75:'HVACSecondary-Fan-General.rule' line 494)
2020-03-26 14:49:48 - Error:  Undefined data: numerator evaluating rule: Set ANNUAL_BASELINE Fan:FlowCap  (75:'HVACSecondary-Fan-General.rule' line 529)
2020-03-26 14:49:48 - Error:  Undefined data: numerator evaluating rule: Set ANNUAL_BASELINE Fan:FlowCap  (75:'HVACSecondary-Fan-General.rule' line 529)
2020-03-26 14:49:48 - Error:  Undefined data: numerator evaluating rule: Set ANNUAL_BASELINE Fan:FlowCap  (75:'HVACSecondary-Fan-General.rule' line 529)
2020-03-26 14:49:48 - Error:  Undefined data: numerator evaluating rule: Set ANNUAL_BASELINE Fan:FlowCap  (75:'HVACSecondary-Fan-General.rule' line 529)
2020-03-26 14:49:48 - Error:  Undefined data: numerator evaluating rule: Set ANNUAL_BASELINE Fan:FlowCap  (75:'HVACSecondary-Fan-General.rule' line 529)
2020-03-26 14:49:48 - Error:  Undefined data: numerator evaluating rule: Set ANNUAL_BASELINE Fan:FlowCap  (75:'HVACSecondary-Fan-General.rule' line 529)
2020-03-26 14:49:48 - Error:  Undefined data: numerator evaluating rule: Set ANNUAL_BASELINE Fan:FlowCap  (75:'HVACSecondary-Fan-General.rule' line 529)
2020-03-26 14:49:48 - Error:  Undefined data: numerator evaluating rule: Set ANNUAL_BASELINE Fan:FlowCap  (75:'HVACSecondary-Fan-General.rule' line 529)
2020-03-26 14:49:48 - Error:  Undefined data: numerator evaluating rule: Set ANNUAL_BASELINE Fan:FlowCap  (75:'HVACSecondary-Fan-General.rule' line 529)
2020-03-26 14:49:48 - Error:  Undefined data: numerator evaluating rule: Set ANNUAL_BASELINE Fan:FlowCap  (75:'HVACSecondary-Fan-General.rule' line 529)
2020-03-26 14:49:48 - Error:  Undefined data: numerator evaluating rule: Set ANNUAL_BASELINE Fan:FlowCap  (75:'HVACSecondary-Fan-General.rule' line 529)
2020-03-26 14:49:48 - Error:  Undefined data: numerator evaluating rule: Set ANNUAL_BASELINE Fan:FlowCap  (75:'HVACSecondary-Fan-General.rule' line 529)
2020-03-26 14:49:48 - Error:  Undefined data: numerator evaluating rule: Set ANNUAL_BASELINE Fan:FlowCap  (75:'HVACSecondary-Fan-General.rule' line 529)
2020-03-26 14:49:48 - Error:  Undefined data: numerator evaluating rule: Set ANNUAL_BASELINE Fan:FlowCap  (75:'HVACSecondary-Fan-General.rule' line 529)
2020-03-26 14:49:48 - Error:  Undefined data: numerator evaluating rule: Set ANNUAL_BASELINE Fan:FlowCap  (75:'HVACSecondary-Fan-General.rule' line 529)
2020-03-26 14:49:48 - Error:  Undefined data: numerator evaluating rule: Set ANNUAL_BASELINE Fan:FlowCap  (75:'HVACSecondary-Fan-General.rule' line 529)
2020-03-26 14:49:48 - Error:  Undefined data: numerator evaluating rule: Set ANNUAL_BASELINE Fan:FlowCap  (75:'HVACSecondary-Fan-General.rule' line 529)
2020-03-26 14:49:48 - Error:  Undefined data: numerator evaluating rule: Set ANNUAL_BASELINE Fan:FlowCap  (75:'HVACSecondary-Fan-General.rule' line 529)
2020-03-26 14:49:48 - Error:  Division by zero evaluating rule: Set ANNUAL_BASELINE ThrmlZn:PriAirCondgSysDsgnFlow  (76:'HVACSecondary-Fan-FanRatios.rule' line 67)
2020-03-26 14:49:48 - Error:  Division by zero evaluating rule: Set ANNUAL_BASELINE ThrmlZn:PriAirCondgSysDsgnFlow  (76:'HVACSecondary-Fan-FanRatios.rule' line 67)
2020-03-26 14:49:48 - Error:  Division by zero evaluating rule: Set ANNUAL_BASELINE ThrmlZn:PriAirCondgSysDsgnFlow  (76:'HVACSecondary-Fan-FanRatios.rule' line 67)
2020-03-26 14:49:48 - Error:  Division by zero evaluating rule: Set ANNUAL_BASELINE ThrmlZn:PriAirCondgSysDsgnFlow  (76:'HVACSecondary-Fan-FanRatios.rule' line 67)
2020-03-26 14:49:48 - Error:  Division by zero evaluating rule: Set ANNUAL_BASELINE ThrmlZn:PriAirCondgSysDsgnFlow  (76:'HVACSecondary-Fan-FanRatios.rule' line 67)
2020-03-26 14:49:48 - Error:  Division by zero evaluating rule: Set ANNUAL_BASELINE ThrmlZn:PriAirCondgSysDsgnFlow  (76:'HVACSecondary-Fan-FanRatios.rule' line 67)
2020-03-26 14:49:48 - Error:  Division by zero evaluating rule: Set ANNUAL_BASELINE ThrmlZn:PriAirCondgSysDsgnFlow  (76:'HVACSecondary-Fan-FanRatios.rule' line 67)
2020-03-26 14:49:48 - Error:  Division by zero evaluating rule: Set ANNUAL_BASELINE ThrmlZn:PriAirCondgSysDsgnFlow  (76:'HVACSecondary-Fan-FanRatios.rule' line 67)
2020-03-26 14:49:48 - Error:  Division by zero evaluating rule: Set ANNUAL_BASELINE ThrmlZn:PriAirCondgSysDsgnFlow  (76:'HVACSecondary-Fan-FanRatios.rule' line 67)
2020-03-26 14:49:48 - Error:  Division by zero evaluating rule: Set ANNUAL_BASELINE ThrmlZn:PriAirCondgSysDsgnFlow  (76:'HVACSecondary-Fan-FanRatios.rule' line 67)
2020-03-26 14:49:48 - Error:  Division by zero evaluating rule: Set ANNUAL_BASELINE ThrmlZn:PriAirCondgSysDsgnFlow  (76:'HVACSecondary-Fan-FanRatios.rule' line 67)
2020-03-26 14:49:48 - Error:  Division by zero evaluating rule: Set ANNUAL_BASELINE ThrmlZn:PriAirCondgSysDsgnFlow  (76:'HVACSecondary-Fan-FanRatios.rule' line 67)
2020-03-26 14:49:48 - Error:  Division by zero evaluating rule: Set ANNUAL_BASELINE ThrmlZn:VentSysDsgnFlow  (76:'HVACSecondary-Fan-FanRatios.rule' line 111)
2020-03-26 14:49:48 - Error:  Division by zero evaluating rule: Set ANNUAL_BASELINE ThrmlZn:VentSysDsgnFlow  (76:'HVACSecondary-Fan-FanRatios.rule' line 111)
2020-03-26 14:49:48 - Error:  Division by zero evaluating rule: Set ANNUAL_BASELINE ThrmlZn:VentSysDsgnFlow  (76:'HVACSecondary-Fan-FanRatios.rule' line 111)
2020-03-26 14:49:48 - Error:  Division by zero evaluating rule: Set ANNUAL_BASELINE ThrmlZn:VentSysDsgnFlow  (76:'HVACSecondary-Fan-FanRatios.rule' line 111)
2020-03-26 14:49:48 - Error:  Division by zero evaluating rule: Set ANNUAL_BASELINE ThrmlZn:VentSysDsgnFlow  (76:'HVACSecondary-Fan-FanRatios.rule' line 111)
2020-03-26 14:49:48 - Error:  Division by zero evaluating rule: Set ANNUAL_BASELINE ThrmlZn:VentSysDsgnFlow  (76:'HVACSecondary-Fan-FanRatios.rule' line 111)
2020-03-26 14:49:48 - Error:  Division by zero evaluating rule: Set ANNUAL_BASELINE ThrmlZn:VentSysDsgnFlow  (76:'HVACSecondary-Fan-FanRatios.rule' line 111)
2020-03-26 14:49:48 - Error:  Division by zero evaluating rule: Set ANNUAL_BASELINE ThrmlZn:VentSysDsgnFlow  (76:'HVACSecondary-Fan-FanRatios.rule' line 111)
2020-03-26 14:49:48 - Error:  Division by zero evaluating rule: Set ANNUAL_BASELINE ThrmlZn:VentSysDsgnFlow  (76:'HVACSecondary-Fan-FanRatios.rule' line 111)
2020-03-26 14:49:48 - Error:  Division by zero evaluating rule: Set ANNUAL_BASELINE ThrmlZn:VentSysDsgnFlow  (76:'HVACSecondary-Fan-FanRatios.rule' line 111)
2020-03-26 14:49:48 - Error:  Division by zero evaluating rule: Set ANNUAL_BASELINE ThrmlZn:VentSysDsgnFlow  (76:'HVACSecondary-Fan-FanRatios.rule' line 111)
2020-03-26 14:49:48 - Error:  Division by zero evaluating rule: Set ANNUAL_BASELINE ThrmlZn:VentSysDsgnFlow  (76:'HVACSecondary-Fan-FanRatios.rule' line 111)
2020-03-26 14:49:49 -   PerfAnal_NRes - Bypassing OpenStudio (and simulation) for ab model
2020-03-26 14:49:49 -   PerfAnal_NRes - Completed analysis steps thru #7
2020-03-26 14:49:49 - Analysis incomplete  Processing time:  Overall 9:10 / SDD2IDF x2 avg 0:08 / SizSim x0 0:00 / AnnSim x2 avg 4:13 / ReportGen x0 0:00 / Other 0:23
2020-03-26 14:49:49 -       ResultsSummary population:  bAbort = (false) / RuleProcAbort = (false) / iRetVal = 0 / pszResultsSummary = (empty) / iResultsSummaryLen = 3200
2020-03-26 14:49:49 -       ResultsSummary components1:  2020-03-26 14:49:49 / instance / High-Rise Mixed-Use (10-story) / CTZ12S22A / Title24ProposedOnly / 9:10 /  / 
2020-03-26 14:49:49 -       ResultsSummary components2:  CBECC-Com 2022.0.1 RV (1113) / BEMCmpMgr 2022.0.1 RV (6107) / CA 2022 Nonresidential, Vers. 1.0 Alpha /  /  / - / C:\Users\agoyal\Documents\CBECC-Com 2022 Data\EPW\ / C:\Users\agoyal\Documents\GitHub\T24-2022-CASE-Modeling\framework\analysis\hpte\runs\hr-winoS24\cz12\
2020-03-26 14:49:49 -       ResultsSummary:  2020-03-26 14:49:49,"instance","High-Rise Mixed-Use (10-story)","CTZ12S22A","Pol  0% RetAdd NoLeak",125400,150480,"Title24ProposedOnly",9:10,,,"--","--","Successful (200 warnings)",7.0071,94760.5,67823.2,159.928,4485.51,1088.9,52204,220529,231906,0,181711,6890.07,0,0,641036,5081.59,0,0,0,0,8628.57,0,13710.2,754.553,0,0,0,14464.7,0,0,0,0,0,0,0,0,0,0,0,0,0,10.8487,30.1695,16.0028,0.0736607,1.00836,16.8074,11.0736,85.9841,54.2973,0,42.5376,1.52498,0,0,184.344,155.494,28.8497,0,0,,0,21.5,"Thermal Zone: F10 2-Bed NE",0,"--","--","",0,0,0,0,0,0,0,0,0,0,0,0,0,0,0,0,0,0,0,0,0,0,0,0,0,0,0,0,0,0,0,0,0,0,0,0,0,0,0,0,0,0,0,0,0,0,0,0,0,0,0,0,0,0,0,0,0,0,0,,,,,,,1.17323e-05,38.7779,11.8013,0.0610049,1.26861,0.124303,8.94977,60.9829,40.0913,0,31.5421,0.786538,0,0,133.403,0,0,0,0,0,0,0,0,0,0,0,0,0,0,0,"CBECC-Com 2022.0.1 RV (1113)","BEMCmpMgr 2022.0.1 RV (6107)","CA 2022 Nonresidential, Vers. 1.0 Alpha","","","-","C:\Users\agoyal\Documents\CBECC-Com 2022 Data\EPW\","C:\Users\agoyal\Documents\GitHub\T24-2022-CASE-Modeling\framework\analysis\hpte\runs\hr-winoS24\cz12\",0.00130984,11.1606,10.3015,0.0162301,0.428995,0.178109,5.75534,27.85,35.8106,0,31.324,1.127,0,0,96.11,2.43655,0,0,0,0,4.13728,0,6.58,0.361798,0,0,0,6.94,0,0,0,0,0,0,0,0,0,0,0,0,0,0,0,0,0,0,0,0,0,0,0,0,0,0,0,0,3.77422,1.67655,1.54749,0.00243809,0.0644437,6.43507,0.86457,14.3648,5.93987,0,4.70549,0.169298,0,0,25.1794,0,0,0,0,0,0,0,0,0,0,0,0,0,0,0,

2020-03-26 14:49:52 - -----------------------------------------------------------------------------
2020-03-26 14:49:52 - Opening Project 'cz12\instance.cibd22'...
2020-03-26 14:49:53 -    Model load successful into CBECC-Com 2022.0.1 RV (1113)
2020-03-26 14:49:53 - Performing Building Database check...
2020-03-26 14:49:53 - Building Database check completed, no problems found.
2020-03-26 14:49:56 - Project Saved
