2020-03-26 09:25:14 - -----------------------------------------------------------------------------
2020-03-26 09:25:14 - Opening Project 'cz13\instance.cibd22'...
2020-03-26 09:25:15 -    Model load successful into CBECC-Com 2022.0.1 RV (1113)
2020-03-26 09:25:16 - Performing Building Database check...
2020-03-26 09:25:16 - Building Database check completed, no problems found.
2020-03-26 09:25:23 -   PerfAnal_NRes - starting, w/ arguments:
2020-03-26 09:25:23 -        BEMBasePathFile    = (null)
2020-03-26 09:25:23 -        RulesetPathFile    = (null)
2020-03-26 09:25:23 -        SimWeatherPath     = C:\Users\ndperry\Documents\CBECC-Com 2022 Data\EPW\
2020-03-26 09:25:23 -        CompMgrDLLPath     = (null)
2020-03-26 09:25:23 -        DHWWeatherPath     = (null)
2020-03-26 09:25:23 -        ProcessingPath     = C:\Users\ndperry\Documents\GitHub\T24-2022-CASE-Modeling\framework\analysis\hpte\runs\mumr-winSco-prop\cz13\instance - run\
2020-03-26 09:25:23 -        ModelPathFile      = C:\Users\ndperry\Documents\GitHub\T24-2022-CASE-Modeling\framework\analysis\hpte\runs\mumr-winSco-prop\cz13\instance.cibd22
2020-03-26 09:25:23 -        LogPathFile        = (null)
2020-03-26 09:25:23 -        UIVersionString    = CBECC-Com 2022.0.1 RV (1113)
2020-03-26 09:25:23 -        LoadModelFile      = false
2020-03-26 09:25:23 -        OptionsCSV         = AllowAnalysisAbort,0,StoreBEMDetails,1,AnalysisThruStep,8,ModelRpt_ALL,1,ExportHourlyResults_All,1,PromptUserUMLHWarning,1,PreAnalysisCheckPromptOption,3,CompReportWarningOption,5,
2020-03-26 09:25:23 -        ErrorMsg           = (assumed to be initialized)
2020-03-26 09:25:23 -        ErrorMsgLen        = 2056
2020-03-26 09:25:23 -        DisplayProgress    = true
2020-03-26 09:25:23 -        ResultsSummary     = (empty)
2020-03-26 09:25:23 -        ResultsSummaryLen  = 3200
2020-03-26 09:25:23 -        pProgCallbackFunc  = (null)
2020-03-26 09:25:25 - Performing Building Database check...
2020-03-26 09:25:25 - Building Database check completed, no problems found.
2020-03-26 09:25:25 - Warning:  The following developer options must be defaulted (not specified by the user) in order to perform a valid compliance analysis:
          Proj 'Mid-Rise Mixed-Use (5-story)' AutoHardSize
          Proj 'Mid-Rise Mixed-Use (5-story)' AutoEffInput
2020-03-26 09:25:25 -    1 file hash check(s) failed on executable and/or analysis support files (analysis continuing w/ report signature disabled)
2020-03-26 09:25:28 -   PerfAnal_NRes - AnalysisThruStep being set to #7 due to Proj:AnalysisType = Title24ProposedOnly
2020-03-26 09:25:28 - Performing Building Database check...
2020-03-26 09:25:28 - Building Database check completed, no problems found.
2020-03-26 09:25:28 - Warning:  The AirSystem:Count for multi-zone system 'DOAS1' is not consistent with the maximum or minimum ThermalZone:Multiplier of the zones the system serves. This indicates the HVAC system serves more than 1 floor, or that Multipliers or system Count may be improperly defined. Check inputs for consistency. evaluating rule: Set CHECKCODE AirSys:Cnt  (68:'HVACSecondary-General.rule' line 1398)
2020-03-26 09:25:33 -   PerfAnal_NRes - Bypassing OpenStudio (and simulation) for zp model
2020-03-26 09:25:36 -   PerfAnal_NRes - Bypassing OpenStudio (and simulation) for zb model
2020-03-26 09:30:34 - Error:  Undefined data: numerator evaluating rule: Set ANNUAL_BASELINE Fan:FlowCap  (75:'HVACSecondary-Fan-General.rule' line 494)
2020-03-26 09:30:34 - Error:  Undefined data: numerator evaluating rule: Set ANNUAL_BASELINE Fan:FlowCap  (75:'HVACSecondary-Fan-General.rule' line 494)
2020-03-26 09:30:34 - Error:  Undefined data: numerator evaluating rule: Set ANNUAL_BASELINE Fan:FlowCap  (75:'HVACSecondary-Fan-General.rule' line 494)
2020-03-26 09:30:34 - Error:  Undefined data: numerator evaluating rule: Set ANNUAL_BASELINE Fan:FlowCap  (75:'HVACSecondary-Fan-General.rule' line 529)
2020-03-26 09:30:34 - Error:  Undefined data: numerator evaluating rule: Set ANNUAL_BASELINE Fan:FlowCap  (75:'HVACSecondary-Fan-General.rule' line 529)
2020-03-26 09:30:34 - Error:  Undefined data: numerator evaluating rule: Set ANNUAL_BASELINE Fan:FlowCap  (75:'HVACSecondary-Fan-General.rule' line 529)
2020-03-26 09:30:34 - Error:  Undefined data: numerator evaluating rule: Set ANNUAL_BASELINE Fan:FlowCap  (75:'HVACSecondary-Fan-General.rule' line 529)
2020-03-26 09:30:34 - Error:  Undefined data: numerator evaluating rule: Set ANNUAL_BASELINE Fan:FlowCap  (75:'HVACSecondary-Fan-General.rule' line 529)
2020-03-26 09:30:34 - Error:  Undefined data: numerator evaluating rule: Set ANNUAL_BASELINE Fan:FlowCap  (75:'HVACSecondary-Fan-General.rule' line 529)
2020-03-26 09:30:34 - Error:  Undefined data: numerator evaluating rule: Set ANNUAL_BASELINE Fan:FlowCap  (75:'HVACSecondary-Fan-General.rule' line 529)
2020-03-26 09:30:34 - Error:  Undefined data: numerator evaluating rule: Set ANNUAL_BASELINE Fan:FlowCap  (75:'HVACSecondary-Fan-General.rule' line 529)
2020-03-26 09:30:34 - Error:  Undefined data: numerator evaluating rule: Set ANNUAL_BASELINE Fan:FlowCap  (75:'HVACSecondary-Fan-General.rule' line 529)
2020-03-26 09:30:34 - Error:  Undefined data: numerator evaluating rule: Set ANNUAL_BASELINE Fan:FlowCap  (75:'HVACSecondary-Fan-General.rule' line 529)
2020-03-26 09:30:34 - Error:  Undefined data: numerator evaluating rule: Set ANNUAL_BASELINE Fan:FlowCap  (75:'HVACSecondary-Fan-General.rule' line 529)
2020-03-26 09:30:34 - Error:  Undefined data: numerator evaluating rule: Set ANNUAL_BASELINE Fan:FlowCap  (75:'HVACSecondary-Fan-General.rule' line 529)
2020-03-26 09:30:34 - Error:  Undefined data: numerator evaluating rule: Set ANNUAL_BASELINE Fan:FlowCap  (75:'HVACSecondary-Fan-General.rule' line 529)
2020-03-26 09:30:34 - Error:  Undefined data: numerator evaluating rule: Set ANNUAL_BASELINE Fan:FlowCap  (75:'HVACSecondary-Fan-General.rule' line 529)
2020-03-26 09:30:34 - Error:  Undefined data: numerator evaluating rule: Set ANNUAL_BASELINE Fan:FlowCap  (75:'HVACSecondary-Fan-General.rule' line 529)
2020-03-26 09:30:34 - Error:  Undefined data: numerator evaluating rule: Set ANNUAL_BASELINE Fan:FlowCap  (75:'HVACSecondary-Fan-General.rule' line 529)
2020-03-26 09:30:34 - Error:  Undefined data: numerator evaluating rule: Set ANNUAL_BASELINE Fan:FlowCap  (75:'HVACSecondary-Fan-General.rule' line 529)
2020-03-26 09:30:34 - Error:  Undefined data: numerator evaluating rule: Set ANNUAL_BASELINE Fan:FlowCap  (75:'HVACSecondary-Fan-General.rule' line 529)
2020-03-26 09:30:34 - Error:  Undefined data: numerator evaluating rule: Set ANNUAL_BASELINE Fan:FlowCap  (75:'HVACSecondary-Fan-General.rule' line 529)
2020-03-26 09:30:34 - Error:  Undefined data: numerator evaluating rule: Set ANNUAL_BASELINE Fan:FlowCap  (75:'HVACSecondary-Fan-General.rule' line 529)
2020-03-26 09:30:34 - Error:  Undefined data: numerator evaluating rule: Set ANNUAL_BASELINE Fan:FlowCap  (75:'HVACSecondary-Fan-General.rule' line 529)
2020-03-26 09:30:34 - Error:  Undefined data: numerator evaluating rule: Set ANNUAL_BASELINE Fan:FlowCap  (75:'HVACSecondary-Fan-General.rule' line 529)
2020-03-26 09:30:34 - Error:  Division by zero evaluating rule: Set ANNUAL_BASELINE ThrmlZn:PriAirCondgSysDsgnFlow  (76:'HVACSecondary-Fan-FanRatios.rule' line 67)
2020-03-26 09:30:34 - Error:  Division by zero evaluating rule: Set ANNUAL_BASELINE ThrmlZn:PriAirCondgSysDsgnFlow  (76:'HVACSecondary-Fan-FanRatios.rule' line 67)
2020-03-26 09:30:34 - Error:  Division by zero evaluating rule: Set ANNUAL_BASELINE ThrmlZn:PriAirCondgSysDsgnFlow  (76:'HVACSecondary-Fan-FanRatios.rule' line 67)
2020-03-26 09:30:34 - Error:  Division by zero evaluating rule: Set ANNUAL_BASELINE ThrmlZn:PriAirCondgSysDsgnFlow  (76:'HVACSecondary-Fan-FanRatios.rule' line 67)
2020-03-26 09:30:34 - Error:  Division by zero evaluating rule: Set ANNUAL_BASELINE ThrmlZn:PriAirCondgSysDsgnFlow  (76:'HVACSecondary-Fan-FanRatios.rule' line 67)
2020-03-26 09:30:34 - Error:  Division by zero evaluating rule: Set ANNUAL_BASELINE ThrmlZn:PriAirCondgSysDsgnFlow  (76:'HVACSecondary-Fan-FanRatios.rule' line 67)
2020-03-26 09:30:34 - Error:  Division by zero evaluating rule: Set ANNUAL_BASELINE ThrmlZn:PriAirCondgSysDsgnFlow  (76:'HVACSecondary-Fan-FanRatios.rule' line 67)
2020-03-26 09:30:34 - Error:  Division by zero evaluating rule: Set ANNUAL_BASELINE ThrmlZn:PriAirCondgSysDsgnFlow  (76:'HVACSecondary-Fan-FanRatios.rule' line 67)
2020-03-26 09:30:34 - Error:  Division by zero evaluating rule: Set ANNUAL_BASELINE ThrmlZn:PriAirCondgSysDsgnFlow  (76:'HVACSecondary-Fan-FanRatios.rule' line 67)
2020-03-26 09:30:34 - Error:  Division by zero evaluating rule: Set ANNUAL_BASELINE ThrmlZn:PriAirCondgSysDsgnFlow  (76:'HVACSecondary-Fan-FanRatios.rule' line 67)
2020-03-26 09:30:34 - Error:  Division by zero evaluating rule: Set ANNUAL_BASELINE ThrmlZn:PriAirCondgSysDsgnFlow  (76:'HVACSecondary-Fan-FanRatios.rule' line 67)
2020-03-26 09:30:34 - Error:  Division by zero evaluating rule: Set ANNUAL_BASELINE ThrmlZn:PriAirCondgSysDsgnFlow  (76:'HVACSecondary-Fan-FanRatios.rule' line 67)
2020-03-26 09:30:34 - Error:  Division by zero evaluating rule: Set ANNUAL_BASELINE ThrmlZn:VentSysDsgnFlow  (76:'HVACSecondary-Fan-FanRatios.rule' line 111)
2020-03-26 09:30:34 - Error:  Division by zero evaluating rule: Set ANNUAL_BASELINE ThrmlZn:VentSysDsgnFlow  (76:'HVACSecondary-Fan-FanRatios.rule' line 111)
2020-03-26 09:30:34 - Error:  Division by zero evaluating rule: Set ANNUAL_BASELINE ThrmlZn:VentSysDsgnFlow  (76:'HVACSecondary-Fan-FanRatios.rule' line 111)
2020-03-26 09:30:34 - Error:  Division by zero evaluating rule: Set ANNUAL_BASELINE ThrmlZn:VentSysDsgnFlow  (76:'HVACSecondary-Fan-FanRatios.rule' line 111)
2020-03-26 09:30:34 - Error:  Division by zero evaluating rule: Set ANNUAL_BASELINE ThrmlZn:VentSysDsgnFlow  (76:'HVACSecondary-Fan-FanRatios.rule' line 111)
2020-03-26 09:30:34 - Error:  Division by zero evaluating rule: Set ANNUAL_BASELINE ThrmlZn:VentSysDsgnFlow  (76:'HVACSecondary-Fan-FanRatios.rule' line 111)
2020-03-26 09:30:34 - Error:  Division by zero evaluating rule: Set ANNUAL_BASELINE ThrmlZn:VentSysDsgnFlow  (76:'HVACSecondary-Fan-FanRatios.rule' line 111)
2020-03-26 09:30:34 - Error:  Division by zero evaluating rule: Set ANNUAL_BASELINE ThrmlZn:VentSysDsgnFlow  (76:'HVACSecondary-Fan-FanRatios.rule' line 111)
2020-03-26 09:30:34 - Error:  Division by zero evaluating rule: Set ANNUAL_BASELINE ThrmlZn:VentSysDsgnFlow  (76:'HVACSecondary-Fan-FanRatios.rule' line 111)
2020-03-26 09:30:34 - Error:  Division by zero evaluating rule: Set ANNUAL_BASELINE ThrmlZn:VentSysDsgnFlow  (76:'HVACSecondary-Fan-FanRatios.rule' line 111)
2020-03-26 09:30:34 - Error:  Division by zero evaluating rule: Set ANNUAL_BASELINE ThrmlZn:VentSysDsgnFlow  (76:'HVACSecondary-Fan-FanRatios.rule' line 111)
2020-03-26 09:30:34 - Error:  Division by zero evaluating rule: Set ANNUAL_BASELINE ThrmlZn:VentSysDsgnFlow  (76:'HVACSecondary-Fan-FanRatios.rule' line 111)
2020-03-26 09:30:36 -   PerfAnal_NRes - Bypassing OpenStudio (and simulation) for ab model
2020-03-26 09:30:36 -   PerfAnal_NRes - Completed analysis steps thru #7
2020-03-26 09:30:36 - Analysis incomplete  Processing time:  Overall 5:13 / SDD2IDF x2 avg 0:08 / SizSim x0 0:00 / AnnSim x2 avg 2:12 / ReportGen x0 0:00 / Other 0:29
2020-03-26 09:30:36 -       ResultsSummary population:  bAbort = (false) / RuleProcAbort = (false) / iRetVal = 0 / pszResultsSummary = (empty) / iResultsSummaryLen = 3200
2020-03-26 09:30:36 -       ResultsSummary components1:  2020-03-26 09:30:36 / instance / Mid-Rise Mixed-Use (5-story) / CTZ13S22A / Title24ProposedOnly / 5:13 /  / 
2020-03-26 09:30:36 -       ResultsSummary components2:  CBECC-Com 2022.0.1 RV (1113) / BEMCmpMgr 2022.0.1 RV (6107) / CA 2022 Nonresidential, Vers. 1.0 Alpha /  /  / - / C:\Users\ndperry\Documents\CBECC-Com 2022 Data\EPW\ / C:\Users\ndperry\Documents\GitHub\T24-2022-CASE-Modeling\framework\analysis\hpte\runs\mumr-winSco-prop\cz13\
2020-03-26 09:30:36 -       ResultsSummary:  2020-03-26 09:30:36,"instance","Mid-Rise Mixed-Use (5-story)","CTZ13S22A","Pol  0% RetAdd NoLeak",113100,141000,"Title24ProposedOnly",5:13,,,"--","--","Successful (222 warnings)",11.1799,144300,65951.2,0,203.475,13154.9,81965,305585,217441,0,149101,34551.8,0,0,706679,3215.24,0,0,0,0,7470.01,0,10685.3,586.724,0,0,0,11272,0,0,0,0,0,0,0,0,0,0,0,0,0,7.66814,46.0303,17.4253,0,0.0465138,19.1552,19.5209,109.846,55.5512,0,38.1996,8.45706,0,0,212.054,187.164,24.8907,0,3397.5,"Thermal Zone: F2-4 Corridor",0,1046,"Thermal Zone: F5 Corridor",0,"--","--","",0,0,0,0,0,0,0,0,0,0,0,0,0,0,0,0,0,0,0,0,0,0,0,0,0,0,0,0,0,0,0,0,0,0,0,0,0,0,0,0,0,0,0,0,0,0,0,0,0,0,0,0,0,0,0,0,0,0,0,,,,,,,5.22769e-06,55.4625,13.5276,0,0.00594956,2.05669,14.3902,85.4429,38.321,0,25.7371,3.94427,0,0,153.445,0,0,0,0,0,0,0,0,0,0,0,0,0,0,0,"CBECC-Com 2022.0.1 RV (1113)","BEMCmpMgr 2022.0.1 RV (6107)","CA 2022 Nonresidential, Vers. 1.0 Alpha","","","-","C:\Users\ndperry\Documents\CBECC-Com 2022 Data\EPW\","C:\Users\ndperry\Documents\GitHub\T24-2022-CASE-Modeling\framework\analysis\hpte\runs\mumr-winSco-prop\cz13\",0.00217548,17.085,9.22142,0,0.0307586,1.67125,9.06089,37.06,32.1279,0,25.58,5.65158,0,0,100.42,1.54167,0,0,0,0,3.58177,0,5.12,0.281326,0,0,0,5.4,0,0,0,0,0,0,0,0,0,0,0,0,0,0,0,0,0,0,0,0,0,0,0,0,0,0,0,0,2.64797,2.84563,1.53589,0,0.00512307,6.42958,1.50916,14.9734,5.83428,0,4.26052,0.941311,0,0,26.0095,0,0,0,0,0,0,0,0,0,0,0,0,0,0,0,

2020-03-26 09:30:42 - -----------------------------------------------------------------------------
2020-03-26 09:30:42 - Opening Project 'cz13\instance.cibd22'...
2020-03-26 09:30:43 -    Model load successful into CBECC-Com 2022.0.1 RV (1113)
2020-03-26 09:30:44 - Performing Building Database check...
2020-03-26 09:30:44 - Building Database check completed, no problems found.
2020-03-26 09:30:52 - Project Saved
