2020-03-18 14:53:44 - -----------------------------------------------------------------------------
2020-03-18 14:53:44 - Opening Project 'cz08\instance.cibd22'...
2020-03-18 14:53:45 -    Model load successful into CBECC-Com 2022.0.1 RV (1113)
2020-03-18 14:53:46 - Performing Building Database check...
2020-03-18 14:53:46 - Building Database check completed, no problems found.
2020-03-18 14:53:50 -   PerfAnal_NRes - starting, w/ arguments:
2020-03-18 14:53:50 -        BEMBasePathFile    = (null)
2020-03-18 14:53:50 -        RulesetPathFile    = (null)
2020-03-18 14:53:50 -        SimWeatherPath     = C:\Users\agoyal\Documents\CBECC-Com 2022 Data\EPW\
2020-03-18 14:53:50 -        CompMgrDLLPath     = (null)
2020-03-18 14:53:50 -        DHWWeatherPath     = (null)
2020-03-18 14:53:50 -        ProcessingPath     = C:\Users\agoyal\Documents\GitHub\T24-2022-CASE-Modeling\framework\analysis\hpte\runs\mumr-QII-15\cz08\instance - run\
2020-03-18 14:53:50 -        ModelPathFile      = C:\Users\agoyal\Documents\GitHub\T24-2022-CASE-Modeling\framework\analysis\hpte\runs\mumr-QII-15\cz08\instance.cibd22
2020-03-18 14:53:50 -        LogPathFile        = (null)
2020-03-18 14:53:50 -        UIVersionString    = CBECC-Com 2022.0.1 RV (1113)
2020-03-18 14:53:50 -        LoadModelFile      = false
2020-03-18 14:53:50 -        OptionsCSV         = AllowAnalysisAbort,0,StoreBEMDetails,1,AnalysisThruStep,8,ModelRpt_ALL,1,ExportHourlyResults_All,1,PromptUserUMLHWarning,1,PreAnalysisCheckPromptOption,3,CompReportWarningOption,5,
2020-03-18 14:53:50 -        ErrorMsg           = (assumed to be initialized)
2020-03-18 14:53:50 -        ErrorMsgLen        = 2056
2020-03-18 14:53:50 -        DisplayProgress    = true
2020-03-18 14:53:50 -        ResultsSummary     = (empty)
2020-03-18 14:53:50 -        ResultsSummaryLen  = 3200
2020-03-18 14:53:50 -        pProgCallbackFunc  = (null)
2020-03-18 14:53:51 - Performing Building Database check...
2020-03-18 14:53:51 - Building Database check completed, no problems found.
2020-03-18 14:53:51 - Warning:  The following developer options must be defaulted (not specified by the user) in order to perform a valid compliance analysis:
          Proj 'Mid-Rise Mixed-Use (5-story)' AutoHardSize
          Proj 'Mid-Rise Mixed-Use (5-story)' AutoEffInput
2020-03-18 14:53:52 -    1 file hash check(s) failed on executable and/or analysis support files (analysis continuing w/ report signature disabled)
2020-03-18 14:53:54 - Performing Building Database check...
2020-03-18 14:53:55 - Building Database check completed, no problems found.
2020-03-18 14:53:55 - Warning:  The AirSystem:Count for multi-zone system 'DOAS1' is not consistent with the maximum or minimum ThermalZone:Multiplier of the zones the system serves. This indicates the HVAC system serves more than 1 floor, or that Multipliers or system Count may be improperly defined. Check inputs for consistency. evaluating rule: Set CHECKCODE AirSys:Cnt  (68:'HVACSecondary-General.rule' line 1398)
2020-03-18 14:54:03 -   PerfAnal_NRes - Bypassing OpenStudio (and simulation) for zp model
2020-03-18 15:03:41 -   PerfSim_E+ - Final Result: PASS  -- compliance margin: 1.8 (1.82%)
2020-03-18 15:03:43 - Analysis result:  PASS  (TDV margin: 1.80)  Processing time:  Overall 9:52 / SDD2IDF x4 avg 0:14 / SizSim x2 avg 0:30 / AnnSim x2 avg 3:32 / ReportGen x0 0:00 / Other 0:44
2020-03-18 15:03:43 -       ResultsSummary population:  bAbort = (false) / RuleProcAbort = (false) / iRetVal = 0 / pszResultsSummary = (empty) / iResultsSummaryLen = 3200
2020-03-18 15:03:43 -       ResultsSummary components1:  2020-03-18 15:03:43 / instance / Mid-Rise Mixed-Use (5-story) / CTZ08S22A / Title24Compliance / 9:52 / PASS / 1.80
2020-03-18 15:03:43 -       ResultsSummary components2:  CBECC-Com 2022.0.1 RV (1113) / BEMCmpMgr 2022.0.1 RV (6107) / CA 2022 Nonresidential, Vers. 1.0 Alpha / 1.11.3.f52686d8e1 / 9.0.1-bb7ca4f0da / CSE19 0.865.0+dhwloop.68861ec.94 EXE / C:\Users\agoyal\Documents\CBECC-Com 2022 Data\EPW\ / C:\Users\agoyal\Documents\GitHub\T24-2022-CASE-Modeling\framework\analysis\hpte\runs\mumr-QII-15\cz08\
2020-03-18 15:03:43 -       ResultsSummary:  2020-03-18 15:03:43,"instance","Mid-Rise Mixed-Use (5-story)","CTZ08S22A","Pol  0% RetAdd NoLeak",113100,141000,"Title24Compliance",9:52,PASS,1.80,"--","--","Successful (219 warnings)",3.84916,121564,60585.7,0,212.211,12690.1,81958.2,277014,217441,0,149101,34551.8,0,0,678108,906.705,0,0,0,0,9375.91,0,10282.6,586.724,0,0,0,10869.3,0,0,0,0,0,0,0,0,0,0,0,0,0,2.16624,35.808,15.8008,0,0.0474865,23.136,19.9668,96.9252,55.4267,0,37.5962,8.5205,0,0,198.469,175.031,23.4373,0,3974.75,"Thermal Zone: F2-4 Corridor",0,395,"Thermal Zone: F5 Corridor",0,"--","--","Successful (223 warnings)",6.12508,128448,56344.2,0,43.793,12705.7,81958.2,279506,217441,0,149101,34551.8,0,0,680600,1213.7,0,0,0,0,9375.91,0,10589.6,586.724,0,0,0,11176.3,0,0,0,0,0,0,0,0,0,0,0,0,0,2.87849,37.7988,14.9401,0,0.01097,23.1392,19.9668,98.7343,55.4267,0,37.5962,8.5205,0,0,200.278,176.129,24.1489,0,0,,0,0,,0,2.4739e-05,36.6719,10.9664,0,0.0259393,2.08398,14.4245,64.1728,38.321,0,25.7371,3.94427,0,0,132.175,1.00159e-05,38.5399,10.3134,0,0.00202157,2.09761,14.4245,65.3775,38.321,0,25.7371,3.94427,0,0,133.38,"CBECC-Com 2022.0.1 RV (1113)","BEMCmpMgr 2022.0.1 RV (6107)","CA 2022 Nonresidential, Vers. 1.0 Alpha","1.11.3.f52686d8e1","9.0.1-bb7ca4f0da","CSE19 0.865.0+dhwloop.68861ec.94 EXE","C:\Users\agoyal\Documents\CBECC-Com 2022 Data\EPW\","C:\Users\agoyal\Documents\GitHub\T24-2022-CASE-Modeling\framework\analysis\hpte\runs\mumr-QII-15\cz08\",0.000834795,13.2146,8.38706,0,0.029987,1.61406,9.03796,32.28,32.22,0,25.6908,5.68613,0,0,95.88,0.434753,0,0,0,0,4.49562,0,4.93,0.281326,0,0,0,5.21,0.00132141,13.5328,7.6366,0,0.0079828,1.62225,9.03796,31.84,32.22,0,25.6908,5.68613,0,0,95.44,0.581954,0,0,0,0,4.49562,0,5.08,0.281326,0,0,0,5.36,0.736271,2.20099,1.39693,0,0.00499453,7.88091,1.50534,13.7254,5.84282,0,4.27899,0.947065,0,0,24.7943,0.985596,2.254,1.27193,0,0.00132959,7.88227,1.50534,13.9005,5.84282,0,4.27899,0.947065,0,0,24.9693,

2020-03-18 15:03:48 - -----------------------------------------------------------------------------
2020-03-18 15:03:48 - Opening Project 'cz08\instance.cibd22'...
2020-03-18 15:03:50 -    Model load successful into CBECC-Com 2022.0.1 RV (1113)
2020-03-18 15:03:51 - Performing Building Database check...
2020-03-18 15:03:51 - Building Database check completed, no problems found.
2020-03-18 15:03:59 - Project Saved
2020-03-18 16:01:10 - -----------------------------------------------------------------------------
2020-03-18 16:01:10 - Opening Project 'cz08\instance.cibd22'...
2020-03-18 16:01:12 -    Model load successful into CBECC-Com 2022.0.1 RV (1113)
2020-03-18 16:01:12 - Performing Building Database check...
2020-03-18 16:01:12 - Building Database check completed, no problems found.
2020-03-18 16:01:19 -   PerfAnal_NRes - starting, w/ arguments:
2020-03-18 16:01:19 -        BEMBasePathFile    = (null)
2020-03-18 16:01:19 -        RulesetPathFile    = (null)
2020-03-18 16:01:19 -        SimWeatherPath     = C:\Users\agoyal\Documents\CBECC-Com 2022 Data\EPW\
2020-03-18 16:01:19 -        CompMgrDLLPath     = (null)
2020-03-18 16:01:19 -        DHWWeatherPath     = (null)
2020-03-18 16:01:19 -        ProcessingPath     = C:\Users\agoyal\Documents\GitHub\T24-2022-CASE-Modeling\framework\analysis\hpte\runs\mumr-QII-15\cz08\instance - run\
2020-03-18 16:01:19 -        ModelPathFile      = C:\Users\agoyal\Documents\GitHub\T24-2022-CASE-Modeling\framework\analysis\hpte\runs\mumr-QII-15\cz08\instance.cibd22
2020-03-18 16:01:19 -        LogPathFile        = (null)
2020-03-18 16:01:19 -        UIVersionString    = CBECC-Com 2022.0.1 RV (1113)
2020-03-18 16:01:19 -        LoadModelFile      = false
2020-03-18 16:01:19 -        OptionsCSV         = AllowAnalysisAbort,0,StoreBEMDetails,1,AnalysisThruStep,8,ModelRpt_ALL,1,ExportHourlyResults_All,1,PromptUserUMLHWarning,1,PreAnalysisCheckPromptOption,3,CompReportWarningOption,5,
2020-03-18 16:01:19 -        ErrorMsg           = (assumed to be initialized)
2020-03-18 16:01:19 -        ErrorMsgLen        = 2056
2020-03-18 16:01:19 -        DisplayProgress    = true
2020-03-18 16:01:19 -        ResultsSummary     = (empty)
2020-03-18 16:01:19 -        ResultsSummaryLen  = 3200
2020-03-18 16:01:19 -        pProgCallbackFunc  = (null)
2020-03-18 16:01:20 - Performing Building Database check...
2020-03-18 16:01:20 - Building Database check completed, no problems found.
2020-03-18 16:01:20 - Warning:  The following developer options must be defaulted (not specified by the user) in order to perform a valid compliance analysis:
          Proj 'Mid-Rise Mixed-Use (5-story)' AutoHardSize
          Proj 'Mid-Rise Mixed-Use (5-story)' AutoEffInput
2020-03-18 16:01:20 -    1 file hash check(s) failed on executable and/or analysis support files (analysis continuing w/ report signature disabled)
2020-03-18 16:01:23 - Performing Building Database check...
2020-03-18 16:01:23 - Building Database check completed, no problems found.
2020-03-18 16:01:23 - Warning:  The AirSystem:Count for multi-zone system 'DOAS1' is not consistent with the maximum or minimum ThermalZone:Multiplier of the zones the system serves. This indicates the HVAC system serves more than 1 floor, or that Multipliers or system Count may be improperly defined. Check inputs for consistency. evaluating rule: Set CHECKCODE AirSys:Cnt  (68:'HVACSecondary-General.rule' line 1398)
2020-03-18 16:01:30 -   PerfAnal_NRes - Bypassing OpenStudio (and simulation) for zp model
2020-03-18 16:12:28 -   PerfSim_E+ - Final Result: PASS  -- compliance margin: 1.58 (1.60%)
2020-03-18 16:12:33 - Analysis result:  PASS  (TDV margin: 1.58)  Processing time:  Overall 11:14 / SDD2IDF x4 avg 0:18 / SizSim x2 avg 0:32 / AnnSim x2 avg 4:00 / ReportGen x0 0:00 / Other 0:51
2020-03-18 16:12:33 -       ResultsSummary population:  bAbort = (false) / RuleProcAbort = (false) / iRetVal = 0 / pszResultsSummary = (empty) / iResultsSummaryLen = 3200
2020-03-18 16:12:33 -       ResultsSummary components1:  2020-03-18 16:12:33 / instance / Mid-Rise Mixed-Use (5-story) / CTZ08S22A / Title24Compliance / 11:14 / PASS / 1.58
2020-03-18 16:12:33 -       ResultsSummary components2:  CBECC-Com 2022.0.1 RV (1113) / BEMCmpMgr 2022.0.1 RV (6107) / CA 2022 Nonresidential, Vers. 1.0 Alpha / 1.11.3.f52686d8e1 / 9.0.1-bb7ca4f0da / CSE19 0.865.0+dhwloop.68861ec.94 EXE / C:\Users\agoyal\Documents\CBECC-Com 2022 Data\EPW\ / C:\Users\agoyal\Documents\GitHub\T24-2022-CASE-Modeling\framework\analysis\hpte\runs\mumr-QII-15\cz08\
2020-03-18 16:12:33 -       ResultsSummary:  2020-03-18 16:12:33,"instance","Mid-Rise Mixed-Use (5-story)","CTZ08S22A","Pol  0% RetAdd NoLeak",113100,141000,"Title24Compliance",11:14,PASS,1.58,"--","--","Successful (219 warnings)",3.85075,121902,60682.6,0,212.161,12690.1,81958.2,277449,217441,0,149101,34551.8,0,0,678543,927.031,0,0,0,0,9375.91,0,10302.9,586.724,0,0,0,10889.7,0,0,0,0,0,0,0,0,0,0,0,0,0,2.21555,35.9415,15.8359,0,0.0474769,23.1359,19.9668,97.1431,55.4267,0,37.5962,8.5205,0,0,198.687,175.2,23.4866,0,3965.5,"Thermal Zone: F2-4 Corridor",0,421.5,"Thermal Zone: F5 Corridor",0,"--","--","Successful (223 warnings)",6.12508,128448,56344.2,0,43.793,12705.7,81958.2,279506,217441,0,149101,34551.8,0,0,680600,1213.7,0,0,0,0,9375.91,0,10589.6,586.724,0,0,0,11176.3,0,0,0,0,0,0,0,0,0,0,0,0,0,2.87849,37.7988,14.9401,0,0.01097,23.1392,19.9668,98.7343,55.4267,0,37.5962,8.5205,0,0,200.278,176.129,24.1489,0,0,,0,0,,0,2.4746e-05,36.8555,11.0042,0,0.0259392,2.08397,14.4245,64.3942,38.321,0,25.7371,3.94427,0,0,132.397,1.00159e-05,38.5399,10.3134,0,0.00202157,2.09761,14.4245,65.3775,38.321,0,25.7371,3.94427,0,0,133.38,"CBECC-Com 2022.0.1 RV (1113)","BEMCmpMgr 2022.0.1 RV (6107)","CA 2022 Nonresidential, Vers. 1.0 Alpha","1.11.3.f52686d8e1","9.0.1-bb7ca4f0da","CSE19 0.865.0+dhwloop.68861ec.94 EXE","C:\Users\agoyal\Documents\CBECC-Com 2022 Data\EPW\","C:\Users\agoyal\Documents\GitHub\T24-2022-CASE-Modeling\framework\analysis\hpte\runs\mumr-QII-15\cz08\",0.000835282,13.2211,8.39544,0,0.0299816,1.61406,9.03796,32.3,32.22,0,25.6908,5.68613,0,0,95.9,0.444499,0,0,0,0,4.49562,0,4.94,0.281326,0,0,0,5.22,0.00132141,13.5328,7.6366,0,0.0079828,1.62225,9.03796,31.84,32.22,0,25.6908,5.68613,0,0,95.44,0.581954,0,0,0,0,4.49562,0,5.08,0.281326,0,0,0,5.36,0.752773,2.20208,1.39832,0,0.00499363,7.8809,1.50534,13.7444,5.84282,0,4.27899,0.947065,0,0,24.8133,0.985596,2.254,1.27193,0,0.00132959,7.88227,1.50534,13.9005,5.84282,0,4.27899,0.947065,0,0,24.9693,

2020-03-18 16:12:40 - -----------------------------------------------------------------------------
2020-03-18 16:12:40 - Opening Project 'cz08\instance.cibd22'...
2020-03-18 16:12:42 -    Model load successful into CBECC-Com 2022.0.1 RV (1113)
2020-03-18 16:12:42 - Performing Building Database check...
2020-03-18 16:12:42 - Building Database check completed, no problems found.
2020-03-18 16:12:50 - Project Saved
