---------------
SE(781): Info: C:\USERS\MNAKAJIMA\DOCUMENTS\GITHUB\T24-2022-CASE-MODELING\FRAMEWORK\ANALYSIS\HPTE\RUNS\LRLC-WINF-PROPU2\CZ05\INSTANCE - COMP22\INSTANCE - STD.CSE(781): Info: 
  DHWSys 'dhwsys-DHWGas': 
    'wsTSetpoint' is ignored -- no setpoint-aware DHWHEATERs in this DHWSYS.
---------------
Warning: Zone 'Zone2-zn': Unmet cooling loads during 78 hours of run.
---------------
Warning: Zone 'Zone3-zn': Unmet cooling loads during 120 hours of run.
---------------
Warning: Zone 'Corridor1-zn': Condensation occurred in 254 subhours of run.
    Total condensation heat = 9.77526 kBtu.
---------------
Warning: 
  Zone 'BusinessCenter1-zn': Condensation occurred in 7276 subhours of run.
    Total condensation heat = 197.701 kBtu.
---------------
Warning: 
  Zone 'BusinessCenter1-zn': Unmet cooling loads during 433 hours of run.
---------------
Warning: 
  Zone 'FitnessCenter1-zn': Condensation occurred in 56396 subhours of run.
    Total condensation heat = 3342.87 kBtu.
---------------
Warning: Zone 'FitnessCenter1-zn': Unmet cooling loads during 55 hours of run.
---------------
Warning: Zone 'Laundry1-zn': Unmet cooling loads during 85 hours of run.
---------------
Warning: Zone 'LeasingOffice1-zn': Unmet cooling loads during 28 hours of run.
---------------
Warning: Zone 'Lobby1-zn': Condensation occurred in 28735 subhours of run.
    Total condensation heat = 2492.94 kBtu.
---------------
Warning: Zone 'Lobby1-zn': Unmet cooling loads during 174 hours of run.
---------------
Warning: 
  Zone 'MechanicalRoom1-zn': Unmet heating loads during 618 hours of run.
---------------
Warning: 
  Zone 'MechanicalRoom1-zn': Unmet cooling loads during 614 hours of run.
---------------
Warning: Zone 'Stairs1-zn': Condensation occurred in 85 subhours of run.
    Total condensation heat = 0.372235 kBtu.
---------------
Warning: Zone 'Corridor2-zn': Condensation occurred in 66 subhours of run.
    Total condensation heat = 2.50589 kBtu.
---------------
Warning: Zone 'Corridor2-zn': Unmet cooling loads during 106 hours of run.
---------------
Warning: Zone 'Corridor3-zn': Condensation occurred in 173 subhours of run.
    Total condensation heat = 5.87924 kBtu.
---------------
Warning: Zone 'Corridor3-zn': Unmet cooling loads during 331 hours of run.
---------------
Warning: Zone 'Stairs2-zn': Unmet cooling loads during 1 hours of run.
---------------
Warning: Zone 'Stairs3-zn': Unmet cooling loads during 1 hours of run.
---------------
Warning: Zone 'Attic-atc': Condensation occurred in 12547 subhours of run.
    Total condensation heat = 1861.62 kBtu.
---------------
