---------------
795): Info: C:\USERS\NDPERRY\DOCUMENTS\GITHUB\T24-2022-CASE-MODELING\FRAMEWORK\ANALYSIS\HPTE\RUNS\LRLC-WINF-BASEU\CZ16\INSTANCE - COMP22\INSTANCE - STD.CSE(795): Info: 
  DHWSys 'dhwsys-DHWGas': 
    'wsTSetpoint' is ignored -- no setpoint-aware DHWHEATERs in this DHWSYS.
---------------
Warning: Zone 'Zone1-zn': Unmet cooling loads during 3 hours of run.
---------------
Warning: Zone 'Zone2-zn': Unmet cooling loads during 380 hours of run.
---------------
Warning: Zone 'Zone3-zn': Unmet cooling loads during 490 hours of run.
---------------
Warning: Zone 'Corridor1-zn': Condensation occurred in 209 subhours of run.
    Total condensation heat = 7.54588 kBtu.
---------------
Warning: Zone 'Corridor1-zn': Unmet cooling loads during 3 hours of run.
---------------
Warning: 
  Zone 'BusinessCenter1-zn': Condensation occurred in 984 subhours of run.
    Total condensation heat = 19.2107 kBtu.
---------------
Warning: 
  Zone 'BusinessCenter1-zn': Unmet cooling loads during 388 hours of run.
---------------
Warning: 
  Zone 'FitnessCenter1-zn': Condensation occurred in 46471 subhours of run.
    Total condensation heat = 2379.13 kBtu.
---------------
Warning: 
  Zone 'FitnessCenter1-zn': Unmet cooling loads during 138 hours of run.
---------------
Warning: Zone 'Laundry1-zn': Unmet cooling loads during 89 hours of run.
---------------
Warning: 
  Zone 'LeasingOffice1-zn': Unmet cooling loads during 113 hours of run.
---------------
Warning: Zone 'Lobby1-zn': Condensation occurred in 27722 subhours of run.
    Total condensation heat = 1560.85 kBtu.
---------------
Warning: Zone 'Lobby1-zn': Unmet cooling loads during 207 hours of run.
---------------
Warning: 
  Zone 'MechanicalRoom1-zn': Unmet heating loads during 3170 hours of run.
---------------
Warning: 
  Zone 'MechanicalRoom1-zn': Unmet cooling loads during 1408 hours of run.
---------------
Warning: Zone 'Stairs1-zn': Unmet heating loads during 3 hours of run.
---------------
Warning: Zone 'Corridor2-zn': Unmet cooling loads during 223 hours of run.
---------------
Warning: Zone 'Corridor3-zn': Condensation occurred in 5 subhours of run.
    Total condensation heat = 0.133263 kBtu.
---------------
Warning: Zone 'Corridor3-zn': Unmet cooling loads during 393 hours of run.
---------------
Warning: Zone 'Stairs2-zn': Unmet heating loads during 3 hours of run.
---------------
Warning: Zone 'Stairs3-zn': Unmet heating loads during 3 hours of run.
---------------
