2020-01-15 12:12:25 - -----------------------------------------------------------------------------
2020-01-15 12:12:25 - Opening Project 'cz10\instance.cibd22'...
2020-01-15 12:12:27 -    Model load successful into CBECC-Com 2022.0.1 RV (1113)
2020-01-15 12:12:28 - Performing Building Database check...
2020-01-15 12:12:28 - Building Database check completed, no problems found.
2020-01-15 12:12:35 -   PerfAnal_NRes - starting, w/ arguments:
2020-01-15 12:12:35 -        BEMBasePathFile    = (null)
2020-01-15 12:12:35 -        RulesetPathFile    = (null)
2020-01-15 12:12:35 -        SimWeatherPath     = C:\Users\mnakajima\Documents\CBECC-Com 2022 Data\EPW\
2020-01-15 12:12:35 -        CompMgrDLLPath     = (null)
2020-01-15 12:12:35 -        DHWWeatherPath     = (null)
2020-01-15 12:12:35 -        ProcessingPath     = C:\Users\mnakajima\Documents\GitHub\T24-2022-CASE-Modeling\framework\analysis\szhp\runs\mumr-szhp\cz10\instance - run\
2020-01-15 12:12:35 -        ModelPathFile      = C:\Users\mnakajima\Documents\GitHub\T24-2022-CASE-Modeling\framework\analysis\szhp\runs\mumr-szhp\cz10\instance.cibd22
2020-01-15 12:12:35 -        LogPathFile        = (null)
2020-01-15 12:12:35 -        UIVersionString    = CBECC-Com 2022.0.1 RV (1113)
2020-01-15 12:12:35 -        LoadModelFile      = false
2020-01-15 12:12:35 -        OptionsCSV         = AllowAnalysisAbort,0,StoreBEMDetails,1,AnalysisThruStep,8,ModelRpt_ALL,1,ExportHourlyResults_All,1,PromptUserUMLHWarning,1,PreAnalysisCheckPromptOption,3,CompReportWarningOption,5,
2020-01-15 12:12:35 -        ErrorMsg           = (assumed to be initialized)
2020-01-15 12:12:35 -        ErrorMsgLen        = 2056
2020-01-15 12:12:35 -        DisplayProgress    = true
2020-01-15 12:12:35 -        ResultsSummary     = (empty)
2020-01-15 12:12:35 -        ResultsSummaryLen  = 3200
2020-01-15 12:12:35 -        pProgCallbackFunc  = (null)
2020-01-15 12:12:37 - Performing Building Database check...
2020-01-15 12:12:37 - Building Database check completed, no problems found.
2020-01-15 12:12:37 - Warning:  The following developer options must be defaulted (not specified by the user) in order to perform a valid compliance analysis:
          Proj 'Mid-Rise Mixed-Use (5-story)' AutoHardSize
          Proj 'Mid-Rise Mixed-Use (5-story)' AutoEffInput
2020-01-15 12:12:37 -    1 file hash check(s) failed on executable and/or analysis support files (analysis continuing w/ report signature disabled)
2020-01-15 12:12:40 -   PerfAnal_NRes - AnalysisThruStep being set to #7 due to Proj:AnalysisType = Title24ProposedOnly
2020-01-15 12:12:40 - Performing Building Database check...
2020-01-15 12:12:40 - Building Database check completed, no problems found.
2020-01-15 12:12:40 - Warning:  The AirSystem:Count for multi-zone system 'DOAS1' is not consistent with the maximum or minimum ThermalZone:Multiplier of the zones the system serves. This indicates the HVAC system serves more than 1 floor, or that Multipliers or system Count may be improperly defined. Check inputs for consistency. evaluating rule: Set CHECKCODE AirSys:Cnt  (68:'HVACSecondary-General.rule' line 1398)
2020-01-15 12:12:40 - Warning:  The net heating capacity for HeatPump coil 'DOAS1 CoilHtg' differs from the system's net cooling capacity by more than 15%. evaluating rule: Set CHECKCODE CoilHtg:CapTotNetRtd  (83:'HVACSecondary-CoilHeating-Capacity.rule' line 701)
2020-01-15 12:12:40 - Warning:  The net heating capacity for HeatPump coil 'CoilHtg 1' differs from the system's net cooling capacity by more than 20%. evaluating rule: Set CHECKCODE CoilHtg:CapTotNetRtd  (83:'HVACSecondary-CoilHeating-Capacity.rule' line 765)
2020-01-15 12:12:40 - Warning:  The net heating capacity for HeatPump coil 'CoilHtg 2' differs from the system's net cooling capacity by more than 20%. evaluating rule: Set CHECKCODE CoilHtg:CapTotNetRtd  (83:'HVACSecondary-CoilHeating-Capacity.rule' line 765)
2020-01-15 12:12:40 - Warning:  The net heating capacity for HeatPump coil 'CoilHtg 3' differs from the system's net cooling capacity by more than 20%. evaluating rule: Set CHECKCODE CoilHtg:CapTotNetRtd  (83:'HVACSecondary-CoilHeating-Capacity.rule' line 765)
2020-01-15 12:12:40 - Warning:  The net heating capacity for HeatPump coil 'CoilHtg 6' differs from the system's net cooling capacity by more than 20%. evaluating rule: Set CHECKCODE CoilHtg:CapTotNetRtd  (83:'HVACSecondary-CoilHeating-Capacity.rule' line 765)
2020-01-15 12:12:40 - Warning:  The net heating capacity for HeatPump coil 'CoilHtg 7' differs from the system's net cooling capacity by more than 20%. evaluating rule: Set CHECKCODE CoilHtg:CapTotNetRtd  (83:'HVACSecondary-CoilHeating-Capacity.rule' line 765)
2020-01-15 12:12:40 - Warning:  The net heating capacity for HeatPump coil 'CoilHtg 9' differs from the system's net cooling capacity by more than 20%. evaluating rule: Set CHECKCODE CoilHtg:CapTotNetRtd  (83:'HVACSecondary-CoilHeating-Capacity.rule' line 765)
2020-01-15 12:12:40 - Warning:  The net heating capacity for HeatPump coil 'CoilHtg 10' differs from the system's net cooling capacity by more than 20%. evaluating rule: Set CHECKCODE CoilHtg:CapTotNetRtd  (83:'HVACSecondary-CoilHeating-Capacity.rule' line 765)
2020-01-15 12:12:40 - Warning:  The net heating capacity for HeatPump coil 'CoilHtg 11' differs from the system's net cooling capacity by more than 20%. evaluating rule: Set CHECKCODE CoilHtg:CapTotNetRtd  (83:'HVACSecondary-CoilHeating-Capacity.rule' line 765)
2020-01-15 12:12:40 - Warning:  The net heating capacity for HeatPump coil 'CoilHtg 14' differs from the system's net cooling capacity by more than 20%. evaluating rule: Set CHECKCODE CoilHtg:CapTotNetRtd  (83:'HVACSecondary-CoilHeating-Capacity.rule' line 765)
2020-01-15 12:12:40 - Warning:  The net heating capacity for HeatPump coil 'CoilHtg 18' differs from the system's net cooling capacity by more than 20%. evaluating rule: Set CHECKCODE CoilHtg:CapTotNetRtd  (83:'HVACSecondary-CoilHeating-Capacity.rule' line 765)
2020-01-15 12:12:40 - Warning:  The net heating capacity for HeatPump coil 'CoilHtg 20' differs from the system's net cooling capacity by more than 20%. evaluating rule: Set CHECKCODE CoilHtg:CapTotNetRtd  (83:'HVACSecondary-CoilHeating-Capacity.rule' line 765)
2020-01-15 12:12:40 - Warning:  The net heating capacity for HeatPump coil 'CoilHtg 21' differs from the system's net cooling capacity by more than 20%. evaluating rule: Set CHECKCODE CoilHtg:CapTotNetRtd  (83:'HVACSecondary-CoilHeating-Capacity.rule' line 765)
2020-01-15 12:12:40 - Warning:  The net heating capacity for HeatPump coil 'CoilHtg 22' differs from the system's net cooling capacity by more than 20%. evaluating rule: Set CHECKCODE CoilHtg:CapTotNetRtd  (83:'HVACSecondary-CoilHeating-Capacity.rule' line 765)
2020-01-15 12:12:48 -   PerfAnal_NRes - Bypassing OpenStudio (and simulation) for zp model
2020-01-15 12:12:52 -   PerfAnal_NRes - Bypassing OpenStudio (and simulation) for zb model
2020-01-15 12:17:30 - Error:  Undefined data: numerator evaluating rule: Set ANNUAL_BASELINE Fan:FlowCap  (75:'HVACSecondary-Fan-General.rule' line 494)
2020-01-15 12:17:30 - Error:  Undefined data: numerator evaluating rule: Set ANNUAL_BASELINE Fan:FlowCap  (75:'HVACSecondary-Fan-General.rule' line 494)
2020-01-15 12:17:30 - Error:  Undefined data: numerator evaluating rule: Set ANNUAL_BASELINE Fan:FlowCap  (75:'HVACSecondary-Fan-General.rule' line 494)
2020-01-15 12:17:30 - Error:  Undefined data: numerator evaluating rule: Set ANNUAL_BASELINE Fan:FlowCap  (75:'HVACSecondary-Fan-General.rule' line 529)
2020-01-15 12:17:30 - Error:  Undefined data: numerator evaluating rule: Set ANNUAL_BASELINE Fan:FlowCap  (75:'HVACSecondary-Fan-General.rule' line 529)
2020-01-15 12:17:30 - Error:  Undefined data: numerator evaluating rule: Set ANNUAL_BASELINE Fan:FlowCap  (75:'HVACSecondary-Fan-General.rule' line 529)
2020-01-15 12:17:30 - Error:  Undefined data: numerator evaluating rule: Set ANNUAL_BASELINE Fan:FlowCap  (75:'HVACSecondary-Fan-General.rule' line 529)
2020-01-15 12:17:30 - Error:  Undefined data: numerator evaluating rule: Set ANNUAL_BASELINE Fan:FlowCap  (75:'HVACSecondary-Fan-General.rule' line 529)
2020-01-15 12:17:30 - Error:  Undefined data: numerator evaluating rule: Set ANNUAL_BASELINE Fan:FlowCap  (75:'HVACSecondary-Fan-General.rule' line 529)
2020-01-15 12:17:30 - Error:  Undefined data: numerator evaluating rule: Set ANNUAL_BASELINE Fan:FlowCap  (75:'HVACSecondary-Fan-General.rule' line 529)
2020-01-15 12:17:30 - Error:  Undefined data: numerator evaluating rule: Set ANNUAL_BASELINE Fan:FlowCap  (75:'HVACSecondary-Fan-General.rule' line 529)
2020-01-15 12:17:30 - Error:  Undefined data: numerator evaluating rule: Set ANNUAL_BASELINE Fan:FlowCap  (75:'HVACSecondary-Fan-General.rule' line 529)
2020-01-15 12:17:30 - Error:  Undefined data: numerator evaluating rule: Set ANNUAL_BASELINE Fan:FlowCap  (75:'HVACSecondary-Fan-General.rule' line 529)
2020-01-15 12:17:30 - Error:  Undefined data: numerator evaluating rule: Set ANNUAL_BASELINE Fan:FlowCap  (75:'HVACSecondary-Fan-General.rule' line 529)
2020-01-15 12:17:30 - Error:  Undefined data: numerator evaluating rule: Set ANNUAL_BASELINE Fan:FlowCap  (75:'HVACSecondary-Fan-General.rule' line 529)
2020-01-15 12:17:30 - Error:  Undefined data: numerator evaluating rule: Set ANNUAL_BASELINE Fan:FlowCap  (75:'HVACSecondary-Fan-General.rule' line 529)
2020-01-15 12:17:30 - Error:  Undefined data: numerator evaluating rule: Set ANNUAL_BASELINE Fan:FlowCap  (75:'HVACSecondary-Fan-General.rule' line 529)
2020-01-15 12:17:30 - Error:  Undefined data: numerator evaluating rule: Set ANNUAL_BASELINE Fan:FlowCap  (75:'HVACSecondary-Fan-General.rule' line 529)
2020-01-15 12:17:30 - Error:  Undefined data: numerator evaluating rule: Set ANNUAL_BASELINE Fan:FlowCap  (75:'HVACSecondary-Fan-General.rule' line 529)
2020-01-15 12:17:30 - Error:  Undefined data: numerator evaluating rule: Set ANNUAL_BASELINE Fan:FlowCap  (75:'HVACSecondary-Fan-General.rule' line 529)
2020-01-15 12:17:30 - Error:  Undefined data: numerator evaluating rule: Set ANNUAL_BASELINE Fan:FlowCap  (75:'HVACSecondary-Fan-General.rule' line 529)
2020-01-15 12:17:30 - Error:  Undefined data: numerator evaluating rule: Set ANNUAL_BASELINE Fan:FlowCap  (75:'HVACSecondary-Fan-General.rule' line 529)
2020-01-15 12:17:30 - Error:  Undefined data: numerator evaluating rule: Set ANNUAL_BASELINE Fan:FlowCap  (75:'HVACSecondary-Fan-General.rule' line 529)
2020-01-15 12:17:30 - Error:  Undefined data: numerator evaluating rule: Set ANNUAL_BASELINE Fan:FlowCap  (75:'HVACSecondary-Fan-General.rule' line 529)
2020-01-15 12:17:30 - Error:  Undefined data: numerator evaluating rule: Set ANNUAL_BASELINE Fan:FlowCap  (75:'HVACSecondary-Fan-General.rule' line 529)
2020-01-15 12:17:30 - Error:  Division by zero evaluating rule: Set ANNUAL_BASELINE ThrmlZn:PriAirCondgSysDsgnFlow  (76:'HVACSecondary-Fan-FanRatios.rule' line 67)
2020-01-15 12:17:30 - Error:  Division by zero evaluating rule: Set ANNUAL_BASELINE ThrmlZn:PriAirCondgSysDsgnFlow  (76:'HVACSecondary-Fan-FanRatios.rule' line 67)
2020-01-15 12:17:30 - Error:  Division by zero evaluating rule: Set ANNUAL_BASELINE ThrmlZn:PriAirCondgSysDsgnFlow  (76:'HVACSecondary-Fan-FanRatios.rule' line 67)
2020-01-15 12:17:30 - Error:  Division by zero evaluating rule: Set ANNUAL_BASELINE ThrmlZn:PriAirCondgSysDsgnFlow  (76:'HVACSecondary-Fan-FanRatios.rule' line 67)
2020-01-15 12:17:30 - Error:  Division by zero evaluating rule: Set ANNUAL_BASELINE ThrmlZn:PriAirCondgSysDsgnFlow  (76:'HVACSecondary-Fan-FanRatios.rule' line 67)
2020-01-15 12:17:30 - Error:  Division by zero evaluating rule: Set ANNUAL_BASELINE ThrmlZn:PriAirCondgSysDsgnFlow  (76:'HVACSecondary-Fan-FanRatios.rule' line 67)
2020-01-15 12:17:30 - Error:  Division by zero evaluating rule: Set ANNUAL_BASELINE ThrmlZn:PriAirCondgSysDsgnFlow  (76:'HVACSecondary-Fan-FanRatios.rule' line 67)
2020-01-15 12:17:30 - Error:  Division by zero evaluating rule: Set ANNUAL_BASELINE ThrmlZn:PriAirCondgSysDsgnFlow  (76:'HVACSecondary-Fan-FanRatios.rule' line 67)
2020-01-15 12:17:30 - Error:  Division by zero evaluating rule: Set ANNUAL_BASELINE ThrmlZn:PriAirCondgSysDsgnFlow  (76:'HVACSecondary-Fan-FanRatios.rule' line 67)
2020-01-15 12:17:30 - Error:  Division by zero evaluating rule: Set ANNUAL_BASELINE ThrmlZn:PriAirCondgSysDsgnFlow  (76:'HVACSecondary-Fan-FanRatios.rule' line 67)
2020-01-15 12:17:30 - Error:  Division by zero evaluating rule: Set ANNUAL_BASELINE ThrmlZn:PriAirCondgSysDsgnFlow  (76:'HVACSecondary-Fan-FanRatios.rule' line 67)
2020-01-15 12:17:30 - Error:  Division by zero evaluating rule: Set ANNUAL_BASELINE ThrmlZn:PriAirCondgSysDsgnFlow  (76:'HVACSecondary-Fan-FanRatios.rule' line 67)
2020-01-15 12:17:30 - Error:  Division by zero evaluating rule: Set ANNUAL_BASELINE ThrmlZn:VentSysDsgnFlow  (76:'HVACSecondary-Fan-FanRatios.rule' line 111)
2020-01-15 12:17:30 - Error:  Division by zero evaluating rule: Set ANNUAL_BASELINE ThrmlZn:VentSysDsgnFlow  (76:'HVACSecondary-Fan-FanRatios.rule' line 111)
2020-01-15 12:17:30 - Error:  Division by zero evaluating rule: Set ANNUAL_BASELINE ThrmlZn:VentSysDsgnFlow  (76:'HVACSecondary-Fan-FanRatios.rule' line 111)
2020-01-15 12:17:30 - Error:  Division by zero evaluating rule: Set ANNUAL_BASELINE ThrmlZn:VentSysDsgnFlow  (76:'HVACSecondary-Fan-FanRatios.rule' line 111)
2020-01-15 12:17:30 - Error:  Division by zero evaluating rule: Set ANNUAL_BASELINE ThrmlZn:VentSysDsgnFlow  (76:'HVACSecondary-Fan-FanRatios.rule' line 111)
2020-01-15 12:17:30 - Error:  Division by zero evaluating rule: Set ANNUAL_BASELINE ThrmlZn:VentSysDsgnFlow  (76:'HVACSecondary-Fan-FanRatios.rule' line 111)
2020-01-15 12:17:30 - Error:  Division by zero evaluating rule: Set ANNUAL_BASELINE ThrmlZn:VentSysDsgnFlow  (76:'HVACSecondary-Fan-FanRatios.rule' line 111)
2020-01-15 12:17:30 - Error:  Division by zero evaluating rule: Set ANNUAL_BASELINE ThrmlZn:VentSysDsgnFlow  (76:'HVACSecondary-Fan-FanRatios.rule' line 111)
2020-01-15 12:17:30 - Error:  Division by zero evaluating rule: Set ANNUAL_BASELINE ThrmlZn:VentSysDsgnFlow  (76:'HVACSecondary-Fan-FanRatios.rule' line 111)
2020-01-15 12:17:30 - Error:  Division by zero evaluating rule: Set ANNUAL_BASELINE ThrmlZn:VentSysDsgnFlow  (76:'HVACSecondary-Fan-FanRatios.rule' line 111)
2020-01-15 12:17:30 - Error:  Division by zero evaluating rule: Set ANNUAL_BASELINE ThrmlZn:VentSysDsgnFlow  (76:'HVACSecondary-Fan-FanRatios.rule' line 111)
2020-01-15 12:17:30 - Error:  Division by zero evaluating rule: Set ANNUAL_BASELINE ThrmlZn:VentSysDsgnFlow  (76:'HVACSecondary-Fan-FanRatios.rule' line 111)
2020-01-15 12:17:33 -   PerfAnal_NRes - Bypassing OpenStudio (and simulation) for ab model
2020-01-15 12:17:33 -   PerfAnal_NRes - Completed analysis steps thru #7
2020-01-15 12:17:33 - Analysis incomplete  Processing time:  Overall 4:57 / SDD2IDF x2 avg 0:09 / SizSim x0 0:00 / AnnSim x2 avg 2:00 / ReportGen x0 0:00 / Other 0:34
2020-01-15 12:17:33 -       ResultsSummary population:  bAbort = (false) / RuleProcAbort = (false) / iRetVal = 0 / pszResultsSummary = (empty) / iResultsSummaryLen = 3200
2020-01-15 12:17:33 -       ResultsSummary components1:  2020-01-15 12:17:33 / instance / Mid-Rise Mixed-Use (5-story) / CTZ10S22A / Title24ProposedOnly / 4:57 /  / 
2020-01-15 12:17:33 -       ResultsSummary components2:  CBECC-Com 2022.0.1 RV (1113) / BEMCmpMgr 2022.0.1 RV (6107) / CA 2022 Nonresidential, Vers. 1.0 Alpha /  /  / - / C:\Users\mnakajima\Documents\CBECC-Com 2022 Data\EPW\ / C:\Users\mnakajima\Documents\GitHub\T24-2022-CASE-Modeling\framework\analysis\szhp\runs\mumr-szhp\cz10\
2020-01-15 12:17:33 -       ResultsSummary:  2020-01-15 12:17:33,"instance","Mid-Rise Mixed-Use (5-story)","CTZ10S22A","Pol  0% RetAdd NoLeak",113100,141000,"Title24ProposedOnly",4:57,,,"--","--","Successful (312 warnings)",8464.43,134464,57092.7,0,199.828,17132.5,81975.2,299329,217441,0,149101,34551.8,0,0,700423,1129.05,0,0,0,0,8811.3,0,9940.35,586.724,0,0,0,10527.1,0,0,0,0,0,0,0,0,0,0,0,0,0,4.90981,39.6779,14.8931,0,0.0444179,23.042,19.6646,102.232,55.5738,0,38.1082,8.48018,0,0,204.394,181.564,22.8303,0,2006,"Thermal Zone: F5 Corridor",0,53.75,"Thermal Zone: F5 Corridor",0,"--","--","",0,0,0,0,0,0,0,0,0,0,0,0,0,0,0,0,0,0,0,0,0,0,0,0,0,0,0,0,0,0,0,0,0,0,0,0,0,0,0,0,0,0,0,0,0,0,0,0,0,0,0,0,0,0,0,0,0,0,0,,,,,,,9.54087e-06,45.3691,11.1341,0,0.00859128,2.55429,14.4394,73.5055,38.321,0,25.7371,3.94427,0,0,141.508,0,0,0,0,0,0,0,0,0,0,0,0,0,0,0,"CBECC-Com 2022.0.1 RV (1113)","BEMCmpMgr 2022.0.1 RV (6107)","CA 2022 Nonresidential, Vers. 1.0 Alpha","","","-","C:\Users\mnakajima\Documents\CBECC-Com 2022 Data\EPW\","C:\Users\mnakajima\Documents\GitHub\T24-2022-CASE-Modeling\framework\analysis\szhp\runs\mumr-szhp\cz10\",2.00645,14.6972,7.92053,0,0.0290996,2.34047,9.04229,36.04,32.22,0,25.6908,5.68613,0,0,99.64,0.541365,0,0,0,0,4.2249,0,4.76,0.281326,0,0,0,5.04,0,0,0,0,0,0,0,0,0,0,0,0,0,0,0,0,0,0,0,0,0,0,0,0,0,0,0,0,1.25084,2.44794,1.31922,0,0.00484674,7.5435,1.50606,14.0724,5.84282,0,4.27899,0.947065,0,0,25.1413,0,0,0,0,0,0,0,0,0,0,0,0,0,0,0,

2020-01-15 12:17:39 - -----------------------------------------------------------------------------
2020-01-15 12:17:39 - Opening Project 'cz10\instance.cibd22'...
2020-01-15 12:17:40 -    Model load successful into CBECC-Com 2022.0.1 RV (1113)
2020-01-15 12:17:40 - Performing Building Database check...
2020-01-15 12:17:40 - Building Database check completed, no problems found.
2020-01-15 12:17:46 - Project Saved
2020-02-05 14:38:29 - -----------------------------------------------------------------------------
2020-02-05 14:38:29 - Opening Project 'cz10\instance.cibd22'...
2020-02-05 14:38:31 -    Model load successful into CBECC-Com 2022.0.1 RV (1113)
2020-02-05 14:38:31 - Performing Building Database check...
2020-02-05 14:38:31 - Building Database check completed, no problems found.
2020-02-05 14:38:37 -   PerfAnal_NRes - starting, w/ arguments:
2020-02-05 14:38:37 -        BEMBasePathFile    = (null)
2020-02-05 14:38:37 -        RulesetPathFile    = (null)
2020-02-05 14:38:37 -        SimWeatherPath     = C:\Users\mnakajima\Documents\CBECC-Com 2022 Data\EPW\
2020-02-05 14:38:37 -        CompMgrDLLPath     = (null)
2020-02-05 14:38:37 -        DHWWeatherPath     = (null)
2020-02-05 14:38:37 -        ProcessingPath     = C:\Users\mnakajima\Documents\GitHub\T24-2022-CASE-Modeling\framework\analysis\all-electric\runs\mumr-szhp\cz10\instance - run\
2020-02-05 14:38:37 -        ModelPathFile      = C:\Users\mnakajima\Documents\GitHub\T24-2022-CASE-Modeling\framework\analysis\all-electric\runs\mumr-szhp\cz10\instance.cibd22
2020-02-05 14:38:37 -        LogPathFile        = (null)
2020-02-05 14:38:37 -        UIVersionString    = CBECC-Com 2022.0.1 RV (1113)
2020-02-05 14:38:37 -        LoadModelFile      = false
2020-02-05 14:38:37 -        OptionsCSV         = AllowAnalysisAbort,0,StoreBEMDetails,1,AnalysisThruStep,8,ModelRpt_ALL,1,ExportHourlyResults_All,1,PromptUserUMLHWarning,1,PreAnalysisCheckPromptOption,3,CompReportWarningOption,5,
2020-02-05 14:38:37 -        ErrorMsg           = (assumed to be initialized)
2020-02-05 14:38:37 -        ErrorMsgLen        = 2056
2020-02-05 14:38:37 -        DisplayProgress    = true
2020-02-05 14:38:37 -        ResultsSummary     = (empty)
2020-02-05 14:38:37 -        ResultsSummaryLen  = 3200
2020-02-05 14:38:37 -        pProgCallbackFunc  = (null)
2020-02-05 14:38:39 - Performing Building Database check...
2020-02-05 14:38:39 - Building Database check completed, no problems found.
2020-02-05 14:38:39 - Warning:  The following developer options must be defaulted (not specified by the user) in order to perform a valid compliance analysis:
          Proj 'Mid-Rise Mixed-Use (5-story)' AutoHardSize
          Proj 'Mid-Rise Mixed-Use (5-story)' AutoEffInput
2020-02-05 14:38:39 -    1 file hash check(s) failed on executable and/or analysis support files (analysis continuing w/ report signature disabled)
2020-02-05 14:38:42 -   PerfAnal_NRes - AnalysisThruStep being set to #7 due to Proj:AnalysisType = Title24ProposedOnly
2020-02-05 14:38:42 - Performing Building Database check...
2020-02-05 14:38:42 - Building Database check completed, no problems found.
2020-02-05 14:38:42 - Warning:  The AirSystem:Count for multi-zone system 'DOAS1' is not consistent with the maximum or minimum ThermalZone:Multiplier of the zones the system serves. This indicates the HVAC system serves more than 1 floor, or that Multipliers or system Count may be improperly defined. Check inputs for consistency. evaluating rule: Set CHECKCODE AirSys:Cnt  (68:'HVACSecondary-General.rule' line 1398)
2020-02-05 14:38:42 - Warning:  The net heating capacity for HeatPump coil 'DOAS1 CoilHtg' differs from the system's net cooling capacity by more than 15%. evaluating rule: Set CHECKCODE CoilHtg:CapTotNetRtd  (83:'HVACSecondary-CoilHeating-Capacity.rule' line 701)
2020-02-05 14:38:42 - Warning:  The net heating capacity for HeatPump coil 'CoilHtg 1' differs from the system's net cooling capacity by more than 20%. evaluating rule: Set CHECKCODE CoilHtg:CapTotNetRtd  (83:'HVACSecondary-CoilHeating-Capacity.rule' line 765)
2020-02-05 14:38:42 - Warning:  The net heating capacity for HeatPump coil 'CoilHtg 2' differs from the system's net cooling capacity by more than 20%. evaluating rule: Set CHECKCODE CoilHtg:CapTotNetRtd  (83:'HVACSecondary-CoilHeating-Capacity.rule' line 765)
2020-02-05 14:38:42 - Warning:  The net heating capacity for HeatPump coil 'CoilHtg 3' differs from the system's net cooling capacity by more than 20%. evaluating rule: Set CHECKCODE CoilHtg:CapTotNetRtd  (83:'HVACSecondary-CoilHeating-Capacity.rule' line 765)
2020-02-05 14:38:42 - Warning:  The net heating capacity for HeatPump coil 'CoilHtg 6' differs from the system's net cooling capacity by more than 20%. evaluating rule: Set CHECKCODE CoilHtg:CapTotNetRtd  (83:'HVACSecondary-CoilHeating-Capacity.rule' line 765)
2020-02-05 14:38:42 - Warning:  The net heating capacity for HeatPump coil 'CoilHtg 7' differs from the system's net cooling capacity by more than 20%. evaluating rule: Set CHECKCODE CoilHtg:CapTotNetRtd  (83:'HVACSecondary-CoilHeating-Capacity.rule' line 765)
2020-02-05 14:38:42 - Warning:  The net heating capacity for HeatPump coil 'CoilHtg 9' differs from the system's net cooling capacity by more than 20%. evaluating rule: Set CHECKCODE CoilHtg:CapTotNetRtd  (83:'HVACSecondary-CoilHeating-Capacity.rule' line 765)
2020-02-05 14:38:42 - Warning:  The net heating capacity for HeatPump coil 'CoilHtg 10' differs from the system's net cooling capacity by more than 20%. evaluating rule: Set CHECKCODE CoilHtg:CapTotNetRtd  (83:'HVACSecondary-CoilHeating-Capacity.rule' line 765)
2020-02-05 14:38:42 - Warning:  The net heating capacity for HeatPump coil 'CoilHtg 11' differs from the system's net cooling capacity by more than 20%. evaluating rule: Set CHECKCODE CoilHtg:CapTotNetRtd  (83:'HVACSecondary-CoilHeating-Capacity.rule' line 765)
2020-02-05 14:38:42 - Warning:  The net heating capacity for HeatPump coil 'CoilHtg 14' differs from the system's net cooling capacity by more than 20%. evaluating rule: Set CHECKCODE CoilHtg:CapTotNetRtd  (83:'HVACSecondary-CoilHeating-Capacity.rule' line 765)
2020-02-05 14:38:42 - Warning:  The net heating capacity for HeatPump coil 'CoilHtg 18' differs from the system's net cooling capacity by more than 20%. evaluating rule: Set CHECKCODE CoilHtg:CapTotNetRtd  (83:'HVACSecondary-CoilHeating-Capacity.rule' line 765)
2020-02-05 14:38:42 - Warning:  The net heating capacity for HeatPump coil 'CoilHtg 20' differs from the system's net cooling capacity by more than 20%. evaluating rule: Set CHECKCODE CoilHtg:CapTotNetRtd  (83:'HVACSecondary-CoilHeating-Capacity.rule' line 765)
2020-02-05 14:38:42 - Warning:  The net heating capacity for HeatPump coil 'CoilHtg 21' differs from the system's net cooling capacity by more than 20%. evaluating rule: Set CHECKCODE CoilHtg:CapTotNetRtd  (83:'HVACSecondary-CoilHeating-Capacity.rule' line 765)
2020-02-05 14:38:42 - Warning:  The net heating capacity for HeatPump coil 'CoilHtg 22' differs from the system's net cooling capacity by more than 20%. evaluating rule: Set CHECKCODE CoilHtg:CapTotNetRtd  (83:'HVACSecondary-CoilHeating-Capacity.rule' line 765)
2020-02-05 14:38:49 -   PerfAnal_NRes - Bypassing OpenStudio (and simulation) for zp model
2020-02-05 14:38:53 -   PerfAnal_NRes - Bypassing OpenStudio (and simulation) for zb model
2020-02-05 14:44:22 - Error:  Undefined data: numerator evaluating rule: Set ANNUAL_BASELINE Fan:FlowCap  (75:'HVACSecondary-Fan-General.rule' line 494)
2020-02-05 14:44:22 - Error:  Undefined data: numerator evaluating rule: Set ANNUAL_BASELINE Fan:FlowCap  (75:'HVACSecondary-Fan-General.rule' line 494)
2020-02-05 14:44:22 - Error:  Undefined data: numerator evaluating rule: Set ANNUAL_BASELINE Fan:FlowCap  (75:'HVACSecondary-Fan-General.rule' line 494)
2020-02-05 14:44:22 - Error:  Undefined data: numerator evaluating rule: Set ANNUAL_BASELINE Fan:FlowCap  (75:'HVACSecondary-Fan-General.rule' line 529)
2020-02-05 14:44:22 - Error:  Undefined data: numerator evaluating rule: Set ANNUAL_BASELINE Fan:FlowCap  (75:'HVACSecondary-Fan-General.rule' line 529)
2020-02-05 14:44:22 - Error:  Undefined data: numerator evaluating rule: Set ANNUAL_BASELINE Fan:FlowCap  (75:'HVACSecondary-Fan-General.rule' line 529)
2020-02-05 14:44:22 - Error:  Undefined data: numerator evaluating rule: Set ANNUAL_BASELINE Fan:FlowCap  (75:'HVACSecondary-Fan-General.rule' line 529)
2020-02-05 14:44:22 - Error:  Undefined data: numerator evaluating rule: Set ANNUAL_BASELINE Fan:FlowCap  (75:'HVACSecondary-Fan-General.rule' line 529)
2020-02-05 14:44:22 - Error:  Undefined data: numerator evaluating rule: Set ANNUAL_BASELINE Fan:FlowCap  (75:'HVACSecondary-Fan-General.rule' line 529)
2020-02-05 14:44:22 - Error:  Undefined data: numerator evaluating rule: Set ANNUAL_BASELINE Fan:FlowCap  (75:'HVACSecondary-Fan-General.rule' line 529)
2020-02-05 14:44:22 - Error:  Undefined data: numerator evaluating rule: Set ANNUAL_BASELINE Fan:FlowCap  (75:'HVACSecondary-Fan-General.rule' line 529)
2020-02-05 14:44:22 - Error:  Undefined data: numerator evaluating rule: Set ANNUAL_BASELINE Fan:FlowCap  (75:'HVACSecondary-Fan-General.rule' line 529)
2020-02-05 14:44:22 - Error:  Undefined data: numerator evaluating rule: Set ANNUAL_BASELINE Fan:FlowCap  (75:'HVACSecondary-Fan-General.rule' line 529)
2020-02-05 14:44:22 - Error:  Undefined data: numerator evaluating rule: Set ANNUAL_BASELINE Fan:FlowCap  (75:'HVACSecondary-Fan-General.rule' line 529)
2020-02-05 14:44:22 - Error:  Undefined data: numerator evaluating rule: Set ANNUAL_BASELINE Fan:FlowCap  (75:'HVACSecondary-Fan-General.rule' line 529)
2020-02-05 14:44:22 - Error:  Undefined data: numerator evaluating rule: Set ANNUAL_BASELINE Fan:FlowCap  (75:'HVACSecondary-Fan-General.rule' line 529)
2020-02-05 14:44:22 - Error:  Undefined data: numerator evaluating rule: Set ANNUAL_BASELINE Fan:FlowCap  (75:'HVACSecondary-Fan-General.rule' line 529)
2020-02-05 14:44:22 - Error:  Undefined data: numerator evaluating rule: Set ANNUAL_BASELINE Fan:FlowCap  (75:'HVACSecondary-Fan-General.rule' line 529)
2020-02-05 14:44:22 - Error:  Undefined data: numerator evaluating rule: Set ANNUAL_BASELINE Fan:FlowCap  (75:'HVACSecondary-Fan-General.rule' line 529)
2020-02-05 14:44:22 - Error:  Undefined data: numerator evaluating rule: Set ANNUAL_BASELINE Fan:FlowCap  (75:'HVACSecondary-Fan-General.rule' line 529)
2020-02-05 14:44:22 - Error:  Undefined data: numerator evaluating rule: Set ANNUAL_BASELINE Fan:FlowCap  (75:'HVACSecondary-Fan-General.rule' line 529)
2020-02-05 14:44:22 - Error:  Undefined data: numerator evaluating rule: Set ANNUAL_BASELINE Fan:FlowCap  (75:'HVACSecondary-Fan-General.rule' line 529)
2020-02-05 14:44:22 - Error:  Undefined data: numerator evaluating rule: Set ANNUAL_BASELINE Fan:FlowCap  (75:'HVACSecondary-Fan-General.rule' line 529)
2020-02-05 14:44:22 - Error:  Undefined data: numerator evaluating rule: Set ANNUAL_BASELINE Fan:FlowCap  (75:'HVACSecondary-Fan-General.rule' line 529)
2020-02-05 14:44:22 - Error:  Undefined data: numerator evaluating rule: Set ANNUAL_BASELINE Fan:FlowCap  (75:'HVACSecondary-Fan-General.rule' line 529)
2020-02-05 14:44:22 - Error:  Division by zero evaluating rule: Set ANNUAL_BASELINE ThrmlZn:PriAirCondgSysDsgnFlow  (76:'HVACSecondary-Fan-FanRatios.rule' line 67)
2020-02-05 14:44:22 - Error:  Division by zero evaluating rule: Set ANNUAL_BASELINE ThrmlZn:PriAirCondgSysDsgnFlow  (76:'HVACSecondary-Fan-FanRatios.rule' line 67)
2020-02-05 14:44:22 - Error:  Division by zero evaluating rule: Set ANNUAL_BASELINE ThrmlZn:PriAirCondgSysDsgnFlow  (76:'HVACSecondary-Fan-FanRatios.rule' line 67)
2020-02-05 14:44:22 - Error:  Division by zero evaluating rule: Set ANNUAL_BASELINE ThrmlZn:PriAirCondgSysDsgnFlow  (76:'HVACSecondary-Fan-FanRatios.rule' line 67)
2020-02-05 14:44:22 - Error:  Division by zero evaluating rule: Set ANNUAL_BASELINE ThrmlZn:PriAirCondgSysDsgnFlow  (76:'HVACSecondary-Fan-FanRatios.rule' line 67)
2020-02-05 14:44:22 - Error:  Division by zero evaluating rule: Set ANNUAL_BASELINE ThrmlZn:PriAirCondgSysDsgnFlow  (76:'HVACSecondary-Fan-FanRatios.rule' line 67)
2020-02-05 14:44:22 - Error:  Division by zero evaluating rule: Set ANNUAL_BASELINE ThrmlZn:PriAirCondgSysDsgnFlow  (76:'HVACSecondary-Fan-FanRatios.rule' line 67)
2020-02-05 14:44:22 - Error:  Division by zero evaluating rule: Set ANNUAL_BASELINE ThrmlZn:PriAirCondgSysDsgnFlow  (76:'HVACSecondary-Fan-FanRatios.rule' line 67)
2020-02-05 14:44:22 - Error:  Division by zero evaluating rule: Set ANNUAL_BASELINE ThrmlZn:PriAirCondgSysDsgnFlow  (76:'HVACSecondary-Fan-FanRatios.rule' line 67)
2020-02-05 14:44:22 - Error:  Division by zero evaluating rule: Set ANNUAL_BASELINE ThrmlZn:PriAirCondgSysDsgnFlow  (76:'HVACSecondary-Fan-FanRatios.rule' line 67)
2020-02-05 14:44:22 - Error:  Division by zero evaluating rule: Set ANNUAL_BASELINE ThrmlZn:PriAirCondgSysDsgnFlow  (76:'HVACSecondary-Fan-FanRatios.rule' line 67)
2020-02-05 14:44:22 - Error:  Division by zero evaluating rule: Set ANNUAL_BASELINE ThrmlZn:PriAirCondgSysDsgnFlow  (76:'HVACSecondary-Fan-FanRatios.rule' line 67)
2020-02-05 14:44:22 - Error:  Division by zero evaluating rule: Set ANNUAL_BASELINE ThrmlZn:VentSysDsgnFlow  (76:'HVACSecondary-Fan-FanRatios.rule' line 111)
2020-02-05 14:44:22 - Error:  Division by zero evaluating rule: Set ANNUAL_BASELINE ThrmlZn:VentSysDsgnFlow  (76:'HVACSecondary-Fan-FanRatios.rule' line 111)
2020-02-05 14:44:22 - Error:  Division by zero evaluating rule: Set ANNUAL_BASELINE ThrmlZn:VentSysDsgnFlow  (76:'HVACSecondary-Fan-FanRatios.rule' line 111)
2020-02-05 14:44:22 - Error:  Division by zero evaluating rule: Set ANNUAL_BASELINE ThrmlZn:VentSysDsgnFlow  (76:'HVACSecondary-Fan-FanRatios.rule' line 111)
2020-02-05 14:44:22 - Error:  Division by zero evaluating rule: Set ANNUAL_BASELINE ThrmlZn:VentSysDsgnFlow  (76:'HVACSecondary-Fan-FanRatios.rule' line 111)
2020-02-05 14:44:22 - Error:  Division by zero evaluating rule: Set ANNUAL_BASELINE ThrmlZn:VentSysDsgnFlow  (76:'HVACSecondary-Fan-FanRatios.rule' line 111)
2020-02-05 14:44:22 - Error:  Division by zero evaluating rule: Set ANNUAL_BASELINE ThrmlZn:VentSysDsgnFlow  (76:'HVACSecondary-Fan-FanRatios.rule' line 111)
2020-02-05 14:44:22 - Error:  Division by zero evaluating rule: Set ANNUAL_BASELINE ThrmlZn:VentSysDsgnFlow  (76:'HVACSecondary-Fan-FanRatios.rule' line 111)
2020-02-05 14:44:22 - Error:  Division by zero evaluating rule: Set ANNUAL_BASELINE ThrmlZn:VentSysDsgnFlow  (76:'HVACSecondary-Fan-FanRatios.rule' line 111)
2020-02-05 14:44:22 - Error:  Division by zero evaluating rule: Set ANNUAL_BASELINE ThrmlZn:VentSysDsgnFlow  (76:'HVACSecondary-Fan-FanRatios.rule' line 111)
2020-02-05 14:44:22 - Error:  Division by zero evaluating rule: Set ANNUAL_BASELINE ThrmlZn:VentSysDsgnFlow  (76:'HVACSecondary-Fan-FanRatios.rule' line 111)
2020-02-05 14:44:22 - Error:  Division by zero evaluating rule: Set ANNUAL_BASELINE ThrmlZn:VentSysDsgnFlow  (76:'HVACSecondary-Fan-FanRatios.rule' line 111)
2020-02-05 14:44:24 -   PerfAnal_NRes - Bypassing OpenStudio (and simulation) for ab model
2020-02-05 14:44:24 -   PerfAnal_NRes - Completed analysis steps thru #7
2020-02-05 14:44:24 - Analysis incomplete  Processing time:  Overall 5:46 / SDD2IDF x2 avg 0:13 / SizSim x0 0:00 / AnnSim x2 avg 2:22 / ReportGen x0 0:00 / Other 0:32
2020-02-05 14:44:24 -       ResultsSummary population:  bAbort = (false) / RuleProcAbort = (false) / iRetVal = 0 / pszResultsSummary = (empty) / iResultsSummaryLen = 3200
2020-02-05 14:44:24 -       ResultsSummary components1:  2020-02-05 14:44:24 / instance / Mid-Rise Mixed-Use (5-story) / CTZ10S22A / Title24ProposedOnly / 5:46 /  / 
2020-02-05 14:44:24 -       ResultsSummary components2:  CBECC-Com 2022.0.1 RV (1113) / BEMCmpMgr 2022.0.1 RV (6107) / CA 2022 Nonresidential, Vers. 1.0 Alpha /  /  / - / C:\Users\mnakajima\Documents\CBECC-Com 2022 Data\EPW\ / C:\Users\mnakajima\Documents\GitHub\T24-2022-CASE-Modeling\framework\analysis\all-electric\runs\mumr-szhp\cz10\
2020-02-05 14:44:24 -       ResultsSummary:  2020-02-05 14:44:24,"instance","Mid-Rise Mixed-Use (5-story)","CTZ10S22A","Pol  0% RetAdd NoLeak",113100,141000,"Title24ProposedOnly",5:46,,,"--","--","Successful (311 warnings)",4971.1,130257,62442.1,0,199.715,12776.9,81975.2,292622,217441,0,149101,34551.8,0,0,693716,1128.93,0,0,0,0,8512.65,0,9641.58,586.724,0,0,0,10228.3,0,0,0,0,0,0,0,0,0,0,0,0,0,4.04676,38.7124,16.2137,0,0.0444087,21.3138,19.6646,99.9956,55.5738,0,38.1082,8.48018,0,0,202.158,179.987,22.1708,0,3755.25,"Thermal Zone: F2-4 Corridor",0,560.75,"Thermal Zone: F5 Corridor",0,"--","--","",0,0,0,0,0,0,0,0,0,0,0,0,0,0,0,0,0,0,0,0,0,0,0,0,0,0,0,0,0,0,0,0,0,0,0,0,0,0,0,0,0,0,0,0,0,0,0,0,0,0,0,0,0,0,0,0,0,0,0,,,,,,,9.55454e-06,44.181,12.0357,0,0.00859135,2.05708,14.4394,72.7217,38.321,0,25.7371,3.94427,0,0,140.724,0,0,0,0,0,0,0,0,0,0,0,0,0,0,0,"CBECC-Com 2022.0.1 RV (1113)","BEMCmpMgr 2022.0.1 RV (6107)","CA 2022 Nonresidential, Vers. 1.0 Alpha","","","-","C:\Users\mnakajima\Documents\CBECC-Com 2022 Data\EPW\","C:\Users\mnakajima\Documents\GitHub\T24-2022-CASE-Modeling\framework\analysis\all-electric\runs\mumr-szhp\cz10\",1.25796,14.3131,8.66808,0,0.0290836,1.62367,9.04229,34.93,32.22,0,25.6908,5.68613,0,0,98.53,0.541306,0,0,0,0,4.0817,0,4.62,0.281326,0,0,0,4.9,0,0,0,0,0,0,0,0,0,0,0,0,0,0,0,0,0,0,0,0,0,0,0,0,0,0,0,0,1.12607,2.38396,1.44373,0,0.00484407,7.18165,1.50606,13.6463,5.84282,0,4.27899,0.947065,0,0,24.7152,0,0,0,0,0,0,0,0,0,0,0,0,0,0,0,

2020-02-05 14:44:29 - -----------------------------------------------------------------------------
2020-02-05 14:44:29 - Opening Project 'cz10\instance.cibd22'...
2020-02-05 14:44:31 -    Model load successful into CBECC-Com 2022.0.1 RV (1113)
2020-02-05 14:44:31 - Performing Building Database check...
2020-02-05 14:44:31 - Building Database check completed, no problems found.
2020-02-05 14:44:36 - Project Saved
