---------------
Warning at hour/subhour 25/20 on autoSizing 02-Sep iteration 30:
  AutoSize pass 1A has not converged.  Abandoning after 30 iterations.
---------------
Warning: Zone 'Zone1-zn': Unmet cooling loads during 70 hours of run.
---------------
Warning: Zone 'Zone2-zn': Unmet cooling loads during 248 hours of run.
---------------
Warning: Zone 'Zone3-zn': Unmet cooling loads during 209 hours of run.
---------------
Warning: Zone 'Corridor1-zn': Condensation occurred in 884 subhours of run.
    Total condensation heat = 44.9658 kBtu.
---------------
Warning: Zone 'Corridor1-zn': Unmet cooling loads during 147 hours of run.
---------------
Warning: 
  Zone 'BusinessCenter1-zn': Condensation occurred in 3329 subhours of run.
    Total condensation heat = 103.726 kBtu.
---------------
Warning: 
  Zone 'BusinessCenter1-zn': Unmet cooling loads during 551 hours of run.
---------------
Warning: 
  Zone 'FitnessCenter1-zn': Condensation occurred in 46319 subhours of run.
    Total condensation heat = 2835.43 kBtu.
---------------
Warning: 
  Zone 'FitnessCenter1-zn': Unmet cooling loads during 343 hours of run.
---------------
Warning: Zone 'Laundry1-zn': Unmet cooling loads during 20 hours of run.
---------------
Warning: Zone 'LeasingOffice1-zn': Unmet cooling loads during 60 hours of run.
---------------
Warning: Zone 'Lobby1-zn': Condensation occurred in 19488 subhours of run.
    Total condensation heat = 1783.85 kBtu.
---------------
Warning: Zone 'Lobby1-zn': Unmet cooling loads during 203 hours of run.
---------------
Warning: 
  Zone 'MechanicalRoom1-zn': Unmet heating loads during 68 hours of run.
---------------
Warning: 
  Zone 'MechanicalRoom1-zn': Unmet cooling loads during 2691 hours of run.
---------------
Warning: Zone 'Stairs1-zn': Condensation occurred in 152 subhours of run.
    Total condensation heat = 0.494879 kBtu.
---------------
Warning: Zone 'Stairs1-zn': Unmet cooling loads during 16 hours of run.
---------------
Warning: Zone 'Corridor2-zn': Condensation occurred in 175 subhours of run.
    Total condensation heat = 8.42041 kBtu.
---------------
Warning: Zone 'Corridor2-zn': Unmet cooling loads during 510 hours of run.
---------------
Warning: Zone 'Corridor3-zn': Condensation occurred in 45 subhours of run.
    Total condensation heat = 1.90336 kBtu.
---------------
Warning: Zone 'Corridor3-zn': Unmet cooling loads during 476 hours of run.
---------------
Warning: Zone 'Stairs2-zn': Unmet cooling loads during 18 hours of run.
---------------
Warning: Zone 'Stairs3-zn': Unmet cooling loads during 18 hours of run.
---------------
