2020-02-06 13:40:20 - -----------------------------------------------------------------------------
2020-02-06 13:40:20 - Opening Project 'cz05\instance.cibd22'...
2020-02-06 13:40:21 -    Model load successful into CBECC-Com 2022.0.1 RV (1113)
2020-02-06 13:40:21 - Performing Building Database check...
2020-02-06 13:40:21 - Building Database check completed, no problems found.
2020-02-06 13:57:13 - -----------------------------------------------------------------------------
2020-02-06 13:57:13 - Opening Project 'cz05\instance.cibd22'...
2020-02-06 13:57:14 -    Model load successful into CBECC-Com 2022.0.1 RV (1113)
2020-02-06 13:57:15 - Performing Building Database check...
2020-02-06 13:57:15 - Building Database check completed, no problems found.
2020-02-06 13:57:20 -   PerfAnal_NRes - starting, w/ arguments:
2020-02-06 13:57:20 -        BEMBasePathFile    = (null)
2020-02-06 13:57:20 -        RulesetPathFile    = (null)
2020-02-06 13:57:20 -        SimWeatherPath     = C:\Users\agoyal\Documents\CBECC-Com 2022 Data\EPW\
2020-02-06 13:57:20 -        CompMgrDLLPath     = (null)
2020-02-06 13:57:20 -        DHWWeatherPath     = (null)
2020-02-06 13:57:20 -        ProcessingPath     = C:\Users\agoyal\Documents\GitHub\T24-2022-CASE-Modeling\framework\analysis\hpte\runs\mumr-wall3-base\cz05\instance - run\
2020-02-06 13:57:20 -        ModelPathFile      = C:\Users\agoyal\Documents\GitHub\T24-2022-CASE-Modeling\framework\analysis\hpte\runs\mumr-wall3-base\cz05\instance.cibd22
2020-02-06 13:57:20 -        LogPathFile        = (null)
2020-02-06 13:57:20 -        UIVersionString    = CBECC-Com 2022.0.1 RV (1113)
2020-02-06 13:57:20 -        LoadModelFile      = false
2020-02-06 13:57:20 -        OptionsCSV         = AllowAnalysisAbort,0,StoreBEMDetails,1,AnalysisThruStep,8,ModelRpt_ALL,1,ExportHourlyResults_All,1,PromptUserUMLHWarning,1,PreAnalysisCheckPromptOption,3,CompReportWarningOption,5,
2020-02-06 13:57:20 -        ErrorMsg           = (assumed to be initialized)
2020-02-06 13:57:20 -        ErrorMsgLen        = 2056
2020-02-06 13:57:20 -        DisplayProgress    = true
2020-02-06 13:57:20 -        ResultsSummary     = (empty)
2020-02-06 13:57:20 -        ResultsSummaryLen  = 3200
2020-02-06 13:57:20 -        pProgCallbackFunc  = (null)
2020-02-06 13:57:21 - Performing Building Database check...
2020-02-06 13:57:21 - Building Database check completed, no problems found.
2020-02-06 13:57:21 - Warning:  The following developer options must be defaulted (not specified by the user) in order to perform a valid compliance analysis:
          Proj 'Mid-Rise Mixed-Use (5-story)' AutoHardSize
          Proj 'Mid-Rise Mixed-Use (5-story)' AutoEffInput
2020-02-06 13:57:22 -    1 file hash check(s) failed on executable and/or analysis support files (analysis continuing w/ report signature disabled)
2020-02-06 13:57:24 -   PerfAnal_NRes - AnalysisThruStep being set to #7 due to Proj:AnalysisType = Title24ProposedOnly
2020-02-06 13:57:24 - Performing Building Database check...
2020-02-06 13:57:24 - Building Database check completed, no problems found.
2020-02-06 13:57:24 - Warning:  The AirSystem:Count for multi-zone system 'DOAS1' is not consistent with the maximum or minimum ThermalZone:Multiplier of the zones the system serves. This indicates the HVAC system serves more than 1 floor, or that Multipliers or system Count may be improperly defined. Check inputs for consistency. evaluating rule: Set CHECKCODE AirSys:Cnt  (68:'HVACSecondary-General.rule' line 1398)
2020-02-06 13:57:31 -   PerfAnal_NRes - Bypassing OpenStudio (and simulation) for zp model
2020-02-06 13:57:34 -   PerfAnal_NRes - Bypassing OpenStudio (and simulation) for zb model
2020-02-06 14:01:50 - Error:  Undefined data: numerator evaluating rule: Set ANNUAL_BASELINE Fan:FlowCap  (75:'HVACSecondary-Fan-General.rule' line 494)
2020-02-06 14:01:50 - Error:  Undefined data: numerator evaluating rule: Set ANNUAL_BASELINE Fan:FlowCap  (75:'HVACSecondary-Fan-General.rule' line 494)
2020-02-06 14:01:50 - Error:  Undefined data: numerator evaluating rule: Set ANNUAL_BASELINE Fan:FlowCap  (75:'HVACSecondary-Fan-General.rule' line 494)
2020-02-06 14:01:50 - Error:  Undefined data: numerator evaluating rule: Set ANNUAL_BASELINE Fan:FlowCap  (75:'HVACSecondary-Fan-General.rule' line 529)
2020-02-06 14:01:50 - Error:  Undefined data: numerator evaluating rule: Set ANNUAL_BASELINE Fan:FlowCap  (75:'HVACSecondary-Fan-General.rule' line 529)
2020-02-06 14:01:50 - Error:  Undefined data: numerator evaluating rule: Set ANNUAL_BASELINE Fan:FlowCap  (75:'HVACSecondary-Fan-General.rule' line 529)
2020-02-06 14:01:50 - Error:  Undefined data: numerator evaluating rule: Set ANNUAL_BASELINE Fan:FlowCap  (75:'HVACSecondary-Fan-General.rule' line 529)
2020-02-06 14:01:50 - Error:  Undefined data: numerator evaluating rule: Set ANNUAL_BASELINE Fan:FlowCap  (75:'HVACSecondary-Fan-General.rule' line 529)
2020-02-06 14:01:50 - Error:  Undefined data: numerator evaluating rule: Set ANNUAL_BASELINE Fan:FlowCap  (75:'HVACSecondary-Fan-General.rule' line 529)
2020-02-06 14:01:50 - Error:  Undefined data: numerator evaluating rule: Set ANNUAL_BASELINE Fan:FlowCap  (75:'HVACSecondary-Fan-General.rule' line 529)
2020-02-06 14:01:50 - Error:  Undefined data: numerator evaluating rule: Set ANNUAL_BASELINE Fan:FlowCap  (75:'HVACSecondary-Fan-General.rule' line 529)
2020-02-06 14:01:50 - Error:  Undefined data: numerator evaluating rule: Set ANNUAL_BASELINE Fan:FlowCap  (75:'HVACSecondary-Fan-General.rule' line 529)
2020-02-06 14:01:50 - Error:  Undefined data: numerator evaluating rule: Set ANNUAL_BASELINE Fan:FlowCap  (75:'HVACSecondary-Fan-General.rule' line 529)
2020-02-06 14:01:50 - Error:  Undefined data: numerator evaluating rule: Set ANNUAL_BASELINE Fan:FlowCap  (75:'HVACSecondary-Fan-General.rule' line 529)
2020-02-06 14:01:50 - Error:  Undefined data: numerator evaluating rule: Set ANNUAL_BASELINE Fan:FlowCap  (75:'HVACSecondary-Fan-General.rule' line 529)
2020-02-06 14:01:50 - Error:  Undefined data: numerator evaluating rule: Set ANNUAL_BASELINE Fan:FlowCap  (75:'HVACSecondary-Fan-General.rule' line 529)
2020-02-06 14:01:50 - Error:  Undefined data: numerator evaluating rule: Set ANNUAL_BASELINE Fan:FlowCap  (75:'HVACSecondary-Fan-General.rule' line 529)
2020-02-06 14:01:50 - Error:  Undefined data: numerator evaluating rule: Set ANNUAL_BASELINE Fan:FlowCap  (75:'HVACSecondary-Fan-General.rule' line 529)
2020-02-06 14:01:50 - Error:  Undefined data: numerator evaluating rule: Set ANNUAL_BASELINE Fan:FlowCap  (75:'HVACSecondary-Fan-General.rule' line 529)
2020-02-06 14:01:50 - Error:  Undefined data: numerator evaluating rule: Set ANNUAL_BASELINE Fan:FlowCap  (75:'HVACSecondary-Fan-General.rule' line 529)
2020-02-06 14:01:50 - Error:  Undefined data: numerator evaluating rule: Set ANNUAL_BASELINE Fan:FlowCap  (75:'HVACSecondary-Fan-General.rule' line 529)
2020-02-06 14:01:50 - Error:  Undefined data: numerator evaluating rule: Set ANNUAL_BASELINE Fan:FlowCap  (75:'HVACSecondary-Fan-General.rule' line 529)
2020-02-06 14:01:50 - Error:  Undefined data: numerator evaluating rule: Set ANNUAL_BASELINE Fan:FlowCap  (75:'HVACSecondary-Fan-General.rule' line 529)
2020-02-06 14:01:50 - Error:  Undefined data: numerator evaluating rule: Set ANNUAL_BASELINE Fan:FlowCap  (75:'HVACSecondary-Fan-General.rule' line 529)
2020-02-06 14:01:50 - Error:  Undefined data: numerator evaluating rule: Set ANNUAL_BASELINE Fan:FlowCap  (75:'HVACSecondary-Fan-General.rule' line 529)
2020-02-06 14:01:50 - Error:  Division by zero evaluating rule: Set ANNUAL_BASELINE ThrmlZn:PriAirCondgSysDsgnFlow  (76:'HVACSecondary-Fan-FanRatios.rule' line 67)
2020-02-06 14:01:50 - Error:  Division by zero evaluating rule: Set ANNUAL_BASELINE ThrmlZn:PriAirCondgSysDsgnFlow  (76:'HVACSecondary-Fan-FanRatios.rule' line 67)
2020-02-06 14:01:50 - Error:  Division by zero evaluating rule: Set ANNUAL_BASELINE ThrmlZn:PriAirCondgSysDsgnFlow  (76:'HVACSecondary-Fan-FanRatios.rule' line 67)
2020-02-06 14:01:50 - Error:  Division by zero evaluating rule: Set ANNUAL_BASELINE ThrmlZn:PriAirCondgSysDsgnFlow  (76:'HVACSecondary-Fan-FanRatios.rule' line 67)
2020-02-06 14:01:50 - Error:  Division by zero evaluating rule: Set ANNUAL_BASELINE ThrmlZn:PriAirCondgSysDsgnFlow  (76:'HVACSecondary-Fan-FanRatios.rule' line 67)
2020-02-06 14:01:50 - Error:  Division by zero evaluating rule: Set ANNUAL_BASELINE ThrmlZn:PriAirCondgSysDsgnFlow  (76:'HVACSecondary-Fan-FanRatios.rule' line 67)
2020-02-06 14:01:50 - Error:  Division by zero evaluating rule: Set ANNUAL_BASELINE ThrmlZn:PriAirCondgSysDsgnFlow  (76:'HVACSecondary-Fan-FanRatios.rule' line 67)
2020-02-06 14:01:50 - Error:  Division by zero evaluating rule: Set ANNUAL_BASELINE ThrmlZn:PriAirCondgSysDsgnFlow  (76:'HVACSecondary-Fan-FanRatios.rule' line 67)
2020-02-06 14:01:50 - Error:  Division by zero evaluating rule: Set ANNUAL_BASELINE ThrmlZn:PriAirCondgSysDsgnFlow  (76:'HVACSecondary-Fan-FanRatios.rule' line 67)
2020-02-06 14:01:50 - Error:  Division by zero evaluating rule: Set ANNUAL_BASELINE ThrmlZn:PriAirCondgSysDsgnFlow  (76:'HVACSecondary-Fan-FanRatios.rule' line 67)
2020-02-06 14:01:50 - Error:  Division by zero evaluating rule: Set ANNUAL_BASELINE ThrmlZn:PriAirCondgSysDsgnFlow  (76:'HVACSecondary-Fan-FanRatios.rule' line 67)
2020-02-06 14:01:50 - Error:  Division by zero evaluating rule: Set ANNUAL_BASELINE ThrmlZn:PriAirCondgSysDsgnFlow  (76:'HVACSecondary-Fan-FanRatios.rule' line 67)
2020-02-06 14:01:50 - Error:  Division by zero evaluating rule: Set ANNUAL_BASELINE ThrmlZn:VentSysDsgnFlow  (76:'HVACSecondary-Fan-FanRatios.rule' line 111)
2020-02-06 14:01:50 - Error:  Division by zero evaluating rule: Set ANNUAL_BASELINE ThrmlZn:VentSysDsgnFlow  (76:'HVACSecondary-Fan-FanRatios.rule' line 111)
2020-02-06 14:01:50 - Error:  Division by zero evaluating rule: Set ANNUAL_BASELINE ThrmlZn:VentSysDsgnFlow  (76:'HVACSecondary-Fan-FanRatios.rule' line 111)
2020-02-06 14:01:50 - Error:  Division by zero evaluating rule: Set ANNUAL_BASELINE ThrmlZn:VentSysDsgnFlow  (76:'HVACSecondary-Fan-FanRatios.rule' line 111)
2020-02-06 14:01:50 - Error:  Division by zero evaluating rule: Set ANNUAL_BASELINE ThrmlZn:VentSysDsgnFlow  (76:'HVACSecondary-Fan-FanRatios.rule' line 111)
2020-02-06 14:01:50 - Error:  Division by zero evaluating rule: Set ANNUAL_BASELINE ThrmlZn:VentSysDsgnFlow  (76:'HVACSecondary-Fan-FanRatios.rule' line 111)
2020-02-06 14:01:50 - Error:  Division by zero evaluating rule: Set ANNUAL_BASELINE ThrmlZn:VentSysDsgnFlow  (76:'HVACSecondary-Fan-FanRatios.rule' line 111)
2020-02-06 14:01:50 - Error:  Division by zero evaluating rule: Set ANNUAL_BASELINE ThrmlZn:VentSysDsgnFlow  (76:'HVACSecondary-Fan-FanRatios.rule' line 111)
2020-02-06 14:01:50 - Error:  Division by zero evaluating rule: Set ANNUAL_BASELINE ThrmlZn:VentSysDsgnFlow  (76:'HVACSecondary-Fan-FanRatios.rule' line 111)
2020-02-06 14:01:50 - Error:  Division by zero evaluating rule: Set ANNUAL_BASELINE ThrmlZn:VentSysDsgnFlow  (76:'HVACSecondary-Fan-FanRatios.rule' line 111)
2020-02-06 14:01:50 - Error:  Division by zero evaluating rule: Set ANNUAL_BASELINE ThrmlZn:VentSysDsgnFlow  (76:'HVACSecondary-Fan-FanRatios.rule' line 111)
2020-02-06 14:01:50 - Error:  Division by zero evaluating rule: Set ANNUAL_BASELINE ThrmlZn:VentSysDsgnFlow  (76:'HVACSecondary-Fan-FanRatios.rule' line 111)
2020-02-06 14:01:51 -   PerfAnal_NRes - Bypassing OpenStudio (and simulation) for ab model
2020-02-06 14:01:51 -   PerfAnal_NRes - Completed analysis steps thru #7
2020-02-06 14:01:51 - Analysis incomplete  Processing time:  Overall 4:30 / SDD2IDF x2 avg 0:08 / SizSim x0 0:00 / AnnSim x2 avg 1:53 / ReportGen x0 0:00 / Other 0:26
2020-02-06 14:01:51 -       ResultsSummary population:  bAbort = (false) / RuleProcAbort = (false) / iRetVal = 0 / pszResultsSummary = (empty) / iResultsSummaryLen = 3200
2020-02-06 14:01:51 -       ResultsSummary components1:  2020-02-06 14:01:51 / instance / Mid-Rise Mixed-Use (5-story) / CTZ05S22A / Title24ProposedOnly / 4:30 /  / 
2020-02-06 14:01:51 -       ResultsSummary components2:  CBECC-Com 2022.0.1 RV (1113) / BEMCmpMgr 2022.0.1 RV (6107) / CA 2022 Nonresidential, Vers. 1.0 Alpha /  /  / - / C:\Users\agoyal\Documents\CBECC-Com 2022 Data\EPW\ / C:\Users\agoyal\Documents\GitHub\T24-2022-CASE-Modeling\framework\analysis\hpte\runs\mumr-wall3-base\cz05\
2020-02-06 14:01:51 -       ResultsSummary:  2020-02-06 14:01:51,"instance","Mid-Rise Mixed-Use (5-story)","CTZ05S22A","Pol  0% RetAdd NoLeak",113100,141000,"Title24ProposedOnly",4:30,,,"--","--","Successful (219 warnings)",10.0277,50394,50790.1,0,296.605,13844.9,81881.9,197218,217441,0,149101,34551.8,0,0,598312,2548.83,0,0,0,0,10607.4,0,13156.2,586.724,0,0,0,13742.9,0,0,0,0,0,0,0,0,0,0,0,0,0,5.84607,13.3511,12.6397,0,0.0730937,25.7786,18.9723,76.6608,56.8481,0,40.2183,8.53459,0,0,182.262,152.714,29.5477,0,2474.5,"Thermal Zone: F2-4 Corridor",0,925.5,"Thermal Zone: F5 Corridor",0,"--","--","",0,0,0,0,0,0,0,0,0,0,0,0,0,0,0,0,0,0,0,0,0,0,0,0,0,0,0,0,0,0,0,0,0,0,0,0,0,0,0,0,0,0,0,0,0,0,0,0,0,0,0,0,0,0,0,0,0,0,0,,,,,,,0.00014154,14.5141,8.30736,0,0.0530735,2.3091,14.3871,39.5709,38.321,0,25.7371,3.94427,0,0,107.573,0,0,0,0,0,0,0,0,0,0,0,0,0,0,0,"CBECC-Com 2022.0.1 RV (1113)","BEMCmpMgr 2022.0.1 RV (6107)","CA 2022 Nonresidential, Vers. 1.0 Alpha","","","-","C:\Users\agoyal\Documents\CBECC-Com 2022 Data\EPW\","C:\Users\agoyal\Documents\GitHub\T24-2022-CASE-Modeling\framework\analysis\hpte\runs\mumr-wall3-base\cz05\",0.00193847,4.89404,7.32828,0,0.0378667,1.75383,9.03552,23.05,32.1279,0,25.58,5.65158,0,0,86.41,1.22213,0,0,0,0,5.08609,0,6.31,0.281326,0,0,0,6.59,0,0,0,0,0,0,0,0,0,0,0,0,0,0,0,0,0,0,0,0,0,0,0,0,0,0,0,0,2.09917,0.815138,1.22058,0,0.00630696,9.02681,1.50493,14.6729,5.83428,0,4.26052,0.941311,0,0,25.709,0,0,0,0,0,0,0,0,0,0,0,0,0,0,0,

2020-02-06 14:01:55 - -----------------------------------------------------------------------------
2020-02-06 14:01:55 - Opening Project 'cz05\instance.cibd22'...
2020-02-06 14:01:57 -    Model load successful into CBECC-Com 2022.0.1 RV (1113)
2020-02-06 14:01:57 - Performing Building Database check...
2020-02-06 14:01:57 - Building Database check completed, no problems found.
2020-02-06 14:02:02 - Project Saved
