---------------
SE(756): Info: C:\USERS\MNAKAJIMA\DOCUMENTS\GITHUB\T24-2022-CASE-MODELING\FRAMEWORK\ANALYSIS\HPTE\RUNS\LRLC-WINF-PROPU\CZ13\INSTANCE - COMP22\INSTANCE - DRTG.CSE(756): Info: 
  DHWSys 'dhwsys-DHWGas': 
    'wsTSetpoint' is ignored -- no setpoint-aware DHWHEATERs in this DHWSYS.
---------------
Warning: Zone 'Zone1-zn': Unmet cooling loads during 20 hours of run.
---------------
Warning: Zone 'Zone2-zn': Unmet cooling loads during 46 hours of run.
---------------
Warning: Zone 'Zone3-zn': Unmet cooling loads during 66 hours of run.
---------------
Warning: Zone 'Corridor1-zn': Condensation occurred in 102 subhours of run.
    Total condensation heat = 3.66583 kBtu.
---------------
Warning: 
  Zone 'BusinessCenter1-zn': Condensation occurred in 5 subhours of run.
    Total condensation heat = 0.0450108 kBtu.
---------------
Warning: 
  Zone 'FitnessCenter1-zn': Condensation occurred in 28075 subhours of run.
    Total condensation heat = 1396.86 kBtu.
---------------
Warning: Zone 'Laundry1-zn': Unmet cooling loads during 7 hours of run.
---------------
Warning: Zone 'LeasingOffice1-zn': Unmet cooling loads during 9 hours of run.
---------------
Warning: Zone 'Lobby1-zn': Condensation occurred in 16045 subhours of run.
    Total condensation heat = 1371.01 kBtu.
---------------
Warning: Zone 'Lobby1-zn': Unmet cooling loads during 2 hours of run.
---------------
Warning: 
  Zone 'MechanicalRoom1-zn': Unmet heating loads during 1483 hours of run.
---------------
Warning: 
  Zone 'MechanicalRoom1-zn': Unmet cooling loads during 4441 hours of run.
---------------
Warning: Zone 'Stairs1-zn': Condensation occurred in 21 subhours of run.
    Total condensation heat = 0.0403258 kBtu.
---------------
Warning: Zone 'Stairs1-zn': Unmet cooling loads during 33 hours of run.
---------------
Warning: Zone 'Corridor2-zn': Condensation occurred in 36 subhours of run.
    Total condensation heat = 1.64877 kBtu.
---------------
Warning: Zone 'Corridor2-zn': Unmet cooling loads during 2 hours of run.
---------------
Warning: Zone 'Corridor3-zn': Condensation occurred in 32 subhours of run.
    Total condensation heat = 0.779955 kBtu.
---------------
Warning: Zone 'Corridor3-zn': Unmet cooling loads during 36 hours of run.
---------------
Warning: Zone 'Stairs2-zn': Unmet cooling loads during 34 hours of run.
---------------
Warning: Zone 'Stairs3-zn': Unmet cooling loads during 34 hours of run.
---------------
Warning: Zone 'Attic-atc': Condensation occurred in 15629 subhours of run.
    Total condensation heat = 2884.72 kBtu.
---------------
