2019-12-17 17:29:53 - -----------------------------------------------------------------------------
2019-12-17 17:29:53 - Opening Project 'cz07\instance.cibd19'...
2019-12-17 17:29:54 -    Model load successful into CBECC-Com 2019.1.0 (1079)
2019-12-17 17:29:54 - Performing Building Database check...
2019-12-17 17:29:54 - Building Database check completed, no problems found.
2019-12-17 17:29:58 -   PerfAnal_NRes - starting, w/ arguments:
2019-12-17 17:29:58 -        BEMBasePathFile    = (null)
2019-12-17 17:29:58 -        RulesetPathFile    = (null)
2019-12-17 17:29:58 -        SimWeatherPath     = C:\Users\agoyal\Documents\CBECC-Com 2019 Data\EPW\
2019-12-17 17:29:58 -        CompMgrDLLPath     = (null)
2019-12-17 17:29:58 -        DHWWeatherPath     = (null)
2019-12-17 17:29:58 -        ProcessingPath     = C:\Users\agoyal\Documents\GitHub\T24-2022-CASE-Modeling\framework\analysis\hvac\runs\mumr-baseline\cz07\instance - run\
2019-12-17 17:29:58 -        ModelPathFile      = C:\Users\agoyal\Documents\GitHub\T24-2022-CASE-Modeling\framework\analysis\hvac\runs\mumr-baseline\cz07\instance.cibd19
2019-12-17 17:29:58 -        LogPathFile        = (null)
2019-12-17 17:29:58 -        UIVersionString    = CBECC-Com 2019.1.0 (1079)
2019-12-17 17:29:58 -        LoadModelFile      = false
2019-12-17 17:29:58 -        OptionsCSV         = AllowAnalysisAbort,0,StoreBEMDetails,1,AnalysisThruStep,8,ModelRpt_ALL,1,SimulationStorage,7,ExportHourlyResults_All,1,PromptUserUMLHWarning,1,PreAnalysisCheckPromptOption,3,CompReportWarningOption,5,
2019-12-17 17:29:58 -        ErrorMsg           = (assumed to be initialized)
2019-12-17 17:29:58 -        ErrorMsgLen        = 2056
2019-12-17 17:29:58 -        DisplayProgress    = true
2019-12-17 17:29:58 -        ResultsSummary     = (empty)
2019-12-17 17:29:58 -        ResultsSummaryLen  = 3200
2019-12-17 17:29:58 -        pProgCallbackFunc  = (null)
2019-12-17 17:29:59 - Performing Building Database check...
2019-12-17 17:29:59 - Building Database check completed, no problems found.
2019-12-17 17:29:59 - Warning:  The following developer options must be defaulted (not specified by the user) in order to perform a valid compliance analysis:
          Proj 'Mid-Rise Mixed-Use (5-story)' AutoHardSize
          Proj 'Mid-Rise Mixed-Use (5-story)' AutoEffInput
2019-12-17 17:29:59 -    9 file hash check(s) failed on executable and/or analysis support files (analysis continuing w/ report signature disabled)
2019-12-17 17:30:01 - Performing Building Database check...
2019-12-17 17:30:01 - Building Database check completed, no problems found.
2019-12-17 17:30:01 - Warning:  The AirSystem:Count for multi-zone system 'DOAS1' is not consistent with the maximum or minimum ThermalZone:Multiplier of the zones the system serves. This indicates the HVAC system serves more than 1 floor, or that Multipliers or system Count may be improperly defined. Check inputs for consistency. evaluating rule: Set CHECKCODE AirSys:Cnt  (68:'HVACSecondary-General.rule' line 1360)
2019-12-17 17:30:04 -   PerfAnal_NRes - Bypassing OpenStudio (and simulation) for zp model
2019-12-17 17:33:24 -   PerfSim_E+ - Final Result: PASS  -- compliance margin: 0.58 (0.71%)
2019-12-17 17:33:26 - Analysis result:  PASS  (TDV margin: 0.58)  Processing time:  Overall 3:28 / SDD2IDF x4 avg 0:07 / SizSim x2 avg 0:12 / AnnSim x2 avg 1:04 / ReportGen x0 0:00 / Other 0:23
2019-12-17 17:33:26 -       ResultsSummary population:  bAbort = (false) / RuleProcAbort = (false) / iRetVal = 0 / pszResultsSummary = (empty) / iResultsSummaryLen = 3200
2019-12-17 17:33:26 -       ResultsSummary components1:  2019-12-17 17:33:26 / instance / Mid-Rise Mixed-Use (5-story) / SAN-DIEGO-LINDBERGH_722900 / Title24Compliance / 3:28 / PASS / 0.58
2019-12-17 17:33:26 -       ResultsSummary components2:  CBECC-Com 2019.1.0 (1079) / BEMCmpMgr 2019.1.0 (5962) / CA 2019 Nonresidential, Vers. 1.0 Alpha / 1.11.3.f52686d8e1 / 9.0.1-bb7ca4f0da / CSE19 0.860.0 EXE / C:\Users\agoyal\Documents\CBECC-Com 2019 Data\EPW\ / C:\Users\agoyal\Documents\GitHub\T24-2022-CASE-Modeling\framework\analysis\hvac\runs\mumr-baseline\cz07\
2019-12-17 17:33:26 -       ResultsSummary:  2019-12-17 17:33:26,"instance","Mid-Rise Mixed-Use (5-story)","SAN-DIEGO-LINDBERGH_722900",113100,141000,"Title24Compliance",3:28,PASS,0.58,"--","--","Successful (223 warnings)",3668.16,77713.6,44096.6,0,257.997,17147.1,81553.4,224437,217441,0,149101,34551.8,0,0,625531,922.584,0,0,0,0,9235.07,0,10157.7,586.724,0,0,0,10744.4,0,0,0,0,0,0,0,0,0,0,0,0,0,2.42387,26.3882,11.8423,0,0.0630107,19.231,21.4666,81.415,57.537,0,38.4461,8.41216,0,0,185.81,168.348,17.4626,0,1463.25,"Thermal Zone: F5 Corridor",0,6,"Thermal Zone: F5 Studio SW",0,"--","--","Successful (223 warnings)",6.5868,79198.3,45009.4,0,44.7711,17161.9,81553.4,222974,217441,0,149101,8626.31,0,0,598143,1263.92,0,0,0,0,9235.07,0,10499,586.724,0,0,0,11085.7,0,0,0,0,0,0,0,0,0,0,0,0,0,2.23361,26.8611,12.1901,0,0.0104152,19.2335,21.4666,81.9952,57.537,0,38.4461,2.10021,0,0,180.078,162.026,18.0523,0,0,,0,0,,0,0.00017268,34.7579,8.62215,0,0.0425939,2.6164,14.4739,60.5131,38.321,0,25.7371,3.94427,0,0,128.515,2.80122e-05,34.4644,8.73338,0,0.004043,2.62191,14.4739,60.2977,38.321,0,25.7371,0.984739,0,0,125.341,"CBECC-Com 2019.1.0 (1079)","BEMCmpMgr 2019.1.0 (5962)","CA 2019 Nonresidential, Vers. 1.0 Alpha","1.11.3.f52686d8e1","9.0.1-bb7ca4f0da","CSE19 0.860.0 EXE","C:\Users\agoyal\Documents\CBECC-Com 2019 Data\EPW\","C:\Users\agoyal\Documents\GitHub\T24-2022-CASE-Modeling\framework\analysis\hvac\runs\mumr-baseline\cz07\",

2019-12-17 17:33:29 - -----------------------------------------------------------------------------
2019-12-17 17:33:29 - Opening Project 'cz07\instance.cibd19'...
2019-12-17 17:33:30 -    Model load successful into CBECC-Com 2019.1.0 (1079)
2019-12-17 17:33:30 - Performing Building Database check...
2019-12-17 17:33:30 - Building Database check completed, no problems found.
2019-12-17 17:33:33 - Project Saved
2020-01-08 19:17:02 - -----------------------------------------------------------------------------
2020-01-08 19:17:02 - Opening Project 'cz07\instance.cibd22'...
2020-01-08 19:17:02 -    ERROR - reading file: ThrmlZn 'Thermal Zone: Parking Garage' property VentStd  =  'T24-2019' on line # 15610
2020-01-08 19:17:03 -    Model load successful into CBECC-Com 2022.0.1 RV (1113)
2020-01-08 19:17:03 - 1 error(s) encountered reading project file:  C:\Users\agoyal\Documents\GitHub\T24-2022-CASE-Modeling\framework\analysis\hvac\runs\mumr-baseline\cz07\instance.cibd22
2020-01-08 19:17:03 - Performing Building Database check...
2020-01-08 19:17:03 - Building Database check completed, no problems found.
2020-01-08 19:17:07 -   PerfAnal_NRes - starting, w/ arguments:
2020-01-08 19:17:07 -        BEMBasePathFile    = (null)
2020-01-08 19:17:07 -        RulesetPathFile    = (null)
2020-01-08 19:17:07 -        SimWeatherPath     = C:\Users\agoyal\Documents\CBECC-Com 2022 Data\EPW\
2020-01-08 19:17:07 -        CompMgrDLLPath     = (null)
2020-01-08 19:17:07 -        DHWWeatherPath     = (null)
2020-01-08 19:17:07 -        ProcessingPath     = C:\Users\agoyal\Documents\GitHub\T24-2022-CASE-Modeling\framework\analysis\hvac\runs\mumr-baseline\cz07\instance - run\
2020-01-08 19:17:07 -        ModelPathFile      = C:\Users\agoyal\Documents\GitHub\T24-2022-CASE-Modeling\framework\analysis\hvac\runs\mumr-baseline\cz07\instance.cibd22
2020-01-08 19:17:07 -        LogPathFile        = (null)
2020-01-08 19:17:07 -        UIVersionString    = CBECC-Com 2022.0.1 RV (1113)
2020-01-08 19:17:07 -        LoadModelFile      = false
2020-01-08 19:17:07 -        OptionsCSV         = AllowAnalysisAbort,0,StoreBEMDetails,1,AnalysisThruStep,8,ModelRpt_ALL,1,ExportHourlyResults_All,1,PromptUserUMLHWarning,1,PreAnalysisCheckPromptOption,3,CompReportWarningOption,5,
2020-01-08 19:17:07 -        ErrorMsg           = (assumed to be initialized)
2020-01-08 19:17:07 -        ErrorMsgLen        = 2056
2020-01-08 19:17:07 -        DisplayProgress    = true
2020-01-08 19:17:07 -        ResultsSummary     = (empty)
2020-01-08 19:17:07 -        ResultsSummaryLen  = 3200
2020-01-08 19:17:07 -        pProgCallbackFunc  = (null)
2020-01-08 19:17:08 - Performing Building Database check...
2020-01-08 19:17:08 - Building Database check completed, no problems found.
2020-01-08 19:17:08 - Warning:  The following developer options must be defaulted (not specified by the user) in order to perform a valid compliance analysis:
          Proj 'Mid-Rise Mixed-Use (5-story)' AutoHardSize
          Proj 'Mid-Rise Mixed-Use (5-story)' AutoEffInput
2020-01-08 19:17:08 -    1 file hash check(s) failed on executable and/or analysis support files (analysis continuing w/ report signature disabled)
2020-01-08 19:17:10 - Performing Building Database check...
2020-01-08 19:17:10 - Building Database check completed, no problems found.
2020-01-08 19:17:10 - Warning:  The AirSystem:Count for multi-zone system 'DOAS1' is not consistent with the maximum or minimum ThermalZone:Multiplier of the zones the system serves. This indicates the HVAC system serves more than 1 floor, or that Multipliers or system Count may be improperly defined. Check inputs for consistency. evaluating rule: Set CHECKCODE AirSys:Cnt  (68:'HVACSecondary-General.rule' line 1398)
2020-01-08 19:17:14 -   PerfAnal_NRes - Bypassing OpenStudio (and simulation) for zp model
2020-01-08 19:22:01 -   PerfSim_E+ - Final Result: FAIL  -- compliance margin: -0.41 (-0.49%)
2020-01-08 19:22:03 - Analysis result:  FAIL  (TDV margin: -0.41)  Processing time:  Overall 4:55 / SDD2IDF x4 avg 0:08 / SizSim x2 avg 0:16 / AnnSim x2 avg 1:39 / ReportGen x0 0:00 / Other 0:28
2020-01-08 19:22:03 -       ResultsSummary population:  bAbort = (false) / RuleProcAbort = (false) / iRetVal = 0 / pszResultsSummary = (empty) / iResultsSummaryLen = 3200
2020-01-08 19:22:03 -       ResultsSummary components1:  2020-01-08 19:22:03 / instance / Mid-Rise Mixed-Use (5-story) / CTZ07S22A / Title24Compliance / 4:55 / FAIL / -0.41
2020-01-08 19:22:03 -       ResultsSummary components2:  CBECC-Com 2022.0.1 RV (1113) / BEMCmpMgr 2022.0.1 RV (6107) / CA 2022 Nonresidential, Vers. 1.0 Alpha / 1.11.3.f52686d8e1 / 9.0.1-bb7ca4f0da / CSE19 0.865.0+dhwloop.68861ec.94 EXE / C:\Users\agoyal\Documents\CBECC-Com 2022 Data\EPW\ / C:\Users\agoyal\Documents\GitHub\T24-2022-CASE-Modeling\framework\analysis\hvac\runs\mumr-baseline\cz07\
2020-01-08 19:22:03 -       ResultsSummary:  2020-01-08 19:22:03,"instance","Mid-Rise Mixed-Use (5-story)","CTZ07S22A","Pol  0% RetAdd NoLeak",113100,141000,"Title24Compliance",4:55,FAIL,-0.41,"--","--","Successful (221 warnings)",3.556,95486.8,46537.2,0,242.995,17145.7,81784.3,241201,217441,0,149101,34551.8,0,0,642295,1413.59,0,0,0,0,9032.95,0,10446.5,586.724,0,0,0,11033.3,0,0,0,0,0,0,0,0,0,0,0,0,0,3.32411,26.4236,11.6827,0,0.058807,23.4641,19.187,84.1403,56.2743,0,39.3455,8.4861,0,0,188.246,164.342,23.9038,0,1598.75,"Thermal Zone: F5 Corridor",0,14,"Thermal Zone: F5 Corridor",0,"--","--","Successful (223 warnings)",5.49521,97618.4,47718.3,0,40,17160.5,81784.3,244327,217441,0,149101,34551.8,0,0,645421,1104.06,0,0,0,0,9032.95,0,10137,586.724,0,0,0,10723.7,0,0,0,0,0,0,0,0,0,0,0,0,0,2.60411,26.5554,11.8857,0,0.0100706,23.4675,19.187,83.7098,56.2743,0,39.3455,8.4861,0,0,187.816,164.632,23.1833,0,0,,0,0,,0,5.27671e-05,30.7073,8.32261,0,0.0431,2.61635,14.4463,56.1357,38.321,0,25.7371,3.94427,0,0,124.138,2.37006e-05,30.0388,8.38089,0,0.0035594,2.62173,14.4463,55.4913,38.321,0,25.7371,3.94427,0,0,123.494,"CBECC-Com 2022.0.1 RV (1113)","BEMCmpMgr 2022.0.1 RV (6107)","CA 2022 Nonresidential, Vers. 1.0 Alpha","1.11.3.f52686d8e1","9.0.1-bb7ca4f0da","CSE19 0.865.0+dhwloop.68861ec.94 EXE","C:\Users\agoyal\Documents\CBECC-Com 2022 Data\EPW\","C:\Users\agoyal\Documents\GitHub\T24-2022-CASE-Modeling\framework\analysis\hvac\runs\mumr-baseline\cz07\",0.000710314,10.9062,6.50624,0,0.0319621,2.33582,9.01562,28.81,32.1393,0,25.6212,5.66933,0,0,92.24,0.677798,0,0,0,0,4.33118,0,5.01,0.281326,0,0,0,5.29,0.00110121,10.6839,6.47373,0,0.0069184,2.34284,9.01562,28.52,32.1393,0,25.6212,5.66933,0,0,91.95,0.529382,0,0,0,0,4.33118,0,4.86,0.281326,0,0,0,5.14,1.14778,1.8165,1.08366,0,0.00532352,7.72268,1.50162,13.2776,5.82938,0,4.26739,0.944267,0,0,24.3186,0.896543,1.77949,1.07825,0,0.00115231,7.72385,1.50162,12.9809,5.82938,0,4.26739,0.944267,0,0,24.0219,

2020-01-08 19:22:06 - -----------------------------------------------------------------------------
2020-01-08 19:22:06 - Opening Project 'cz07\instance.cibd22'...
2020-01-08 19:22:07 -    ERROR - reading file: ThrmlZn 'Thermal Zone: Parking Garage' property VentStd  =  'T24-2019' on line # 15610
2020-01-08 19:22:07 -    Model load successful into CBECC-Com 2022.0.1 RV (1113)
2020-01-08 19:22:07 - 1 error(s) encountered reading project file:  C:\Users\agoyal\Documents\GitHub\T24-2022-CASE-Modeling\framework\analysis\hvac\runs\mumr-baseline\cz07\instance.cibd22
2020-01-08 19:22:11 - Project Saved
2020-01-09 15:27:04 - -----------------------------------------------------------------------------
2020-01-09 15:27:04 - Opening Project 'cz07\instance.cibd22'...
2020-01-09 15:27:04 -    ERROR - reading file: ThrmlZn 'Thermal Zone: Parking Garage' property VentStd  =  'T24-2019' on line # 15610
2020-01-09 15:27:05 -    Model load successful into CBECC-Com 2022.0.1 RV (1113)
2020-01-09 15:27:05 - 1 error(s) encountered reading project file:  C:\Users\agoyal\Documents\GitHub\T24-2022-CASE-Modeling\framework\analysis\hvac\runs\mumr-baseline\cz07\instance.cibd22
2020-01-09 15:27:05 - Performing Building Database check...
2020-01-09 15:27:05 - Building Database check completed, no problems found.
2020-01-09 15:27:11 -   PerfAnal_NRes - starting, w/ arguments:
2020-01-09 15:27:11 -        BEMBasePathFile    = (null)
2020-01-09 15:27:11 -        RulesetPathFile    = (null)
2020-01-09 15:27:11 -        SimWeatherPath     = C:\Users\agoyal\Documents\CBECC-Com 2022 Data\EPW\
2020-01-09 15:27:11 -        CompMgrDLLPath     = (null)
2020-01-09 15:27:11 -        DHWWeatherPath     = (null)
2020-01-09 15:27:11 -        ProcessingPath     = C:\Users\agoyal\Documents\GitHub\T24-2022-CASE-Modeling\framework\analysis\hvac\runs\mumr-baseline\cz07\instance - run\
2020-01-09 15:27:11 -        ModelPathFile      = C:\Users\agoyal\Documents\GitHub\T24-2022-CASE-Modeling\framework\analysis\hvac\runs\mumr-baseline\cz07\instance.cibd22
2020-01-09 15:27:11 -        LogPathFile        = (null)
2020-01-09 15:27:11 -        UIVersionString    = CBECC-Com 2022.0.1 RV (1113)
2020-01-09 15:27:11 -        LoadModelFile      = false
2020-01-09 15:27:11 -        OptionsCSV         = AllowAnalysisAbort,0,StoreBEMDetails,1,AnalysisThruStep,8,ModelRpt_ALL,1,ExportHourlyResults_All,1,PromptUserUMLHWarning,1,PreAnalysisCheckPromptOption,3,CompReportWarningOption,5,
2020-01-09 15:27:11 -        ErrorMsg           = (assumed to be initialized)
2020-01-09 15:27:11 -        ErrorMsgLen        = 2056
2020-01-09 15:27:11 -        DisplayProgress    = true
2020-01-09 15:27:11 -        ResultsSummary     = (empty)
2020-01-09 15:27:11 -        ResultsSummaryLen  = 3200
2020-01-09 15:27:11 -        pProgCallbackFunc  = (null)
2020-01-09 15:27:12 - Performing Building Database check...
2020-01-09 15:27:12 - Building Database check completed, no problems found.
2020-01-09 15:27:12 - Warning:  The following developer options must be defaulted (not specified by the user) in order to perform a valid compliance analysis:
          Proj 'Mid-Rise Mixed-Use (5-story)' AutoHardSize
          Proj 'Mid-Rise Mixed-Use (5-story)' AutoEffInput
2020-01-09 15:27:12 -    1 file hash check(s) failed on executable and/or analysis support files (analysis continuing w/ report signature disabled)
2020-01-09 15:27:15 - Performing Building Database check...
2020-01-09 15:27:15 - Building Database check completed, no problems found.
2020-01-09 15:27:15 - Warning:  The AirSystem:Count for multi-zone system 'DOAS1' is not consistent with the maximum or minimum ThermalZone:Multiplier of the zones the system serves. This indicates the HVAC system serves more than 1 floor, or that Multipliers or system Count may be improperly defined. Check inputs for consistency. evaluating rule: Set CHECKCODE AirSys:Cnt  (68:'HVACSecondary-General.rule' line 1398)
2020-01-09 15:27:19 -   PerfAnal_NRes - Bypassing OpenStudio (and simulation) for zp model
2020-01-09 15:32:01 -   PerfSim_E+ - Final Result: FAIL  -- compliance margin: -0.41 (-0.49%)
2020-01-09 15:32:03 - Analysis result:  FAIL  (TDV margin: -0.41)  Processing time:  Overall 4:52 / SDD2IDF x4 avg 0:09 / SizSim x2 avg 0:16 / AnnSim x2 avg 1:34 / ReportGen x0 0:00 / Other 0:30
2020-01-09 15:32:03 -       ResultsSummary population:  bAbort = (false) / RuleProcAbort = (false) / iRetVal = 0 / pszResultsSummary = (empty) / iResultsSummaryLen = 3200
2020-01-09 15:32:03 -       ResultsSummary components1:  2020-01-09 15:32:03 / instance / Mid-Rise Mixed-Use (5-story) / CTZ07S22A / Title24Compliance / 4:52 / FAIL / -0.41
2020-01-09 15:32:03 -       ResultsSummary components2:  CBECC-Com 2022.0.1 RV (1113) / BEMCmpMgr 2022.0.1 RV (6107) / CA 2022 Nonresidential, Vers. 1.0 Alpha / 1.11.3.f52686d8e1 / 9.0.1-bb7ca4f0da / CSE19 0.865.0+dhwloop.68861ec.94 EXE / C:\Users\agoyal\Documents\CBECC-Com 2022 Data\EPW\ / C:\Users\agoyal\Documents\GitHub\T24-2022-CASE-Modeling\framework\analysis\hvac\runs\mumr-baseline\cz07\
2020-01-09 15:32:03 -       ResultsSummary:  2020-01-09 15:32:03,"instance","Mid-Rise Mixed-Use (5-story)","CTZ07S22A","Pol  0% RetAdd NoLeak",113100,141000,"Title24Compliance",4:52,FAIL,-0.41,"--","--","Successful (221 warnings)",3.556,95486.8,46537.2,0,242.995,17145.7,81784.3,241201,217441,0,149101,34551.8,0,0,642295,1413.59,0,0,0,0,9032.95,0,10446.5,586.724,0,0,0,11033.3,0,0,0,0,0,0,0,0,0,0,0,0,0,3.32411,26.4236,11.6827,0,0.058807,23.4641,19.187,84.1403,56.2743,0,39.3455,8.4861,0,0,188.246,164.342,23.9038,0,1598.75,"Thermal Zone: F5 Corridor",0,14,"Thermal Zone: F5 Corridor",0,"--","--","Successful (223 warnings)",5.49521,97618.4,47718.3,0,40,17160.5,81784.3,244327,217441,0,149101,34551.8,0,0,645421,1104.06,0,0,0,0,9032.95,0,10137,586.724,0,0,0,10723.7,0,0,0,0,0,0,0,0,0,0,0,0,0,2.60411,26.5554,11.8857,0,0.0100706,23.4675,19.187,83.7098,56.2743,0,39.3455,8.4861,0,0,187.816,164.632,23.1833,0,0,,0,0,,0,5.27671e-05,30.7073,8.32261,0,0.0431,2.61635,14.4463,56.1357,38.321,0,25.7371,3.94427,0,0,124.138,2.37006e-05,30.0388,8.38089,0,0.0035594,2.62173,14.4463,55.4913,38.321,0,25.7371,3.94427,0,0,123.494,"CBECC-Com 2022.0.1 RV (1113)","BEMCmpMgr 2022.0.1 RV (6107)","CA 2022 Nonresidential, Vers. 1.0 Alpha","1.11.3.f52686d8e1","9.0.1-bb7ca4f0da","CSE19 0.865.0+dhwloop.68861ec.94 EXE","C:\Users\agoyal\Documents\CBECC-Com 2022 Data\EPW\","C:\Users\agoyal\Documents\GitHub\T24-2022-CASE-Modeling\framework\analysis\hvac\runs\mumr-baseline\cz07\",0.000710314,10.9062,6.50624,0,0.0319621,2.33582,9.01562,28.81,32.1393,0,25.6212,5.66933,0,0,92.24,0.677798,0,0,0,0,4.33118,0,5.01,0.281326,0,0,0,5.29,0.00110121,10.6839,6.47373,0,0.0069184,2.34284,9.01562,28.52,32.1393,0,25.6212,5.66933,0,0,91.95,0.529382,0,0,0,0,4.33118,0,4.86,0.281326,0,0,0,5.14,1.14778,1.8165,1.08366,0,0.00532352,7.72268,1.50162,13.2776,5.82938,0,4.26739,0.944267,0,0,24.3186,0.896543,1.77949,1.07825,0,0.00115231,7.72385,1.50162,12.9809,5.82938,0,4.26739,0.944267,0,0,24.0219,

2020-01-09 15:32:06 - -----------------------------------------------------------------------------
2020-01-09 15:32:06 - Opening Project 'cz07\instance.cibd22'...
2020-01-09 15:32:06 -    ERROR - reading file: ThrmlZn 'Thermal Zone: Parking Garage' property VentStd  =  'T24-2019' on line # 15610
2020-01-09 15:32:08 -    Model load successful into CBECC-Com 2022.0.1 RV (1113)
2020-01-09 15:32:08 - 1 error(s) encountered reading project file:  C:\Users\agoyal\Documents\GitHub\T24-2022-CASE-Modeling\framework\analysis\hvac\runs\mumr-baseline\cz07\instance.cibd22
2020-01-09 15:32:12 - Project Saved
