---------------
Warning: Zone 'Zone1-zn': Unmet cooling loads during 37 hours of run.
---------------
Warning: Zone 'Zone2-zn': Unmet cooling loads during 179 hours of run.
---------------
Warning: Zone 'Zone3-zn': Unmet cooling loads during 177 hours of run.
---------------
Warning: 
  Zone 'FitnessCenter1-zn': Condensation occurred in 151 subhours of run.
    Total condensation heat = 2.34718 kBtu.
---------------
Warning: Zone 'Lobby1-zn': Condensation occurred in 59 subhours of run.
    Total condensation heat = 1.00328 kBtu.
---------------
Warning: 
  Zone 'MechanicalRoom1-zn': Unmet heating loads during 517 hours of run.
---------------
Warning: 
  Zone 'MechanicalRoom1-zn': Unmet cooling loads during 1548 hours of run.
---------------
