---------------
SE(795): Info: C:\USERS\MNAKAJIMA\DOCUMENTS\GITHUB\T24-2022-CASE-MODELING\FRAMEWORK\ANALYSIS\HPTE\RUNS\LRLC-WINF-PROPU2\CZ09\INSTANCE - COMP22\INSTANCE - SMF.CSE(795): Info: 
  DHWSys 'dhwsys-DHWGas': 
    'wsTSetpoint' is ignored -- no setpoint-aware DHWHEATERs in this DHWSYS.
---------------
Warning at hour/subhour 25/20 on autoSizing 14-Aug iteration 30:
  AutoSize pass 1A has not converged.  Abandoning after 30 iterations.
---------------
Warning: Zone 'Zone1-zn': Unmet cooling loads during 281 hours of run.
---------------
Warning: Zone 'Zone2-zn': Unmet cooling loads during 477 hours of run.
---------------
Warning: Zone 'Zone3-zn': Unmet cooling loads during 403 hours of run.
---------------
Warning: Zone 'Corridor1-zn': Condensation occurred in 477 subhours of run.
    Total condensation heat = 25.1798 kBtu.
---------------
Warning: Zone 'Corridor1-zn': Unmet cooling loads during 267 hours of run.
---------------
Warning: 
  Zone 'BusinessCenter1-zn': Condensation occurred in 1688 subhours of run.
    Total condensation heat = 50.4775 kBtu.
---------------
Warning: 
  Zone 'BusinessCenter1-zn': Unmet cooling loads during 630 hours of run.
---------------
Warning: 
  Zone 'FitnessCenter1-zn': Condensation occurred in 38672 subhours of run.
    Total condensation heat = 2479.18 kBtu.
---------------
Warning: 
  Zone 'FitnessCenter1-zn': Unmet cooling loads during 453 hours of run.
---------------
Warning: Zone 'Laundry1-zn': Unmet cooling loads during 175 hours of run.
---------------
Warning: 
  Zone 'LeasingOffice1-zn': Unmet cooling loads during 127 hours of run.
---------------
Warning: Zone 'Lobby1-zn': Condensation occurred in 16119 subhours of run.
    Total condensation heat = 1451.3 kBtu.
---------------
Warning: Zone 'Lobby1-zn': Unmet cooling loads during 311 hours of run.
---------------
Warning: 
  Zone 'MechanicalRoom1-zn': Unmet heating loads during 70 hours of run.
---------------
Warning: 
  Zone 'MechanicalRoom1-zn': Unmet cooling loads during 3623 hours of run.
---------------
Warning: Zone 'Stairs1-zn': Unmet cooling loads during 121 hours of run.
---------------
Warning: Zone 'Corridor2-zn': Condensation occurred in 21 subhours of run.
    Total condensation heat = 1.08268 kBtu.
---------------
Warning: Zone 'Corridor2-zn': Unmet cooling loads during 623 hours of run.
---------------
Warning: Zone 'Corridor3-zn': Unmet cooling loads during 580 hours of run.
---------------
Warning: Zone 'Stairs2-zn': Unmet cooling loads during 124 hours of run.
---------------
Warning: Zone 'Stairs3-zn': Unmet cooling loads during 125 hours of run.
---------------
