---------------
E(823): Info: C:\USERS\MNAKAJIMA\DOCUMENTS\GITHUB\T24-2022-CASE-MODELING\FRAMEWORK\ANALYSIS\HPTE\RUNS\LRLC-WINF-PROPU\CZ07\INSTANCE - COMP22\INSTANCE - SMF.CSE(823): Info: 
  DHWSys 'dhwsys-DHWGas': 
    'wsTSetpoint' is ignored -- no setpoint-aware DHWHEATERs in this DHWSYS.
---------------
Warning at hour/subhour 25/20 on autoSizing 07-Jul iteration 30:
  AutoSize pass 1A has not converged.  Abandoning after 30 iterations.
---------------
Warning: Zone 'Zone1-zn': Unmet cooling loads during 148 hours of run.
---------------
Warning: Zone 'Zone2-zn': Unmet cooling loads during 338 hours of run.
---------------
Warning: Zone 'Zone3-zn': Unmet cooling loads during 348 hours of run.
---------------
Warning: Zone 'Corridor1-zn': Condensation occurred in 329 subhours of run.
    Total condensation heat = 9.24213 kBtu.
---------------
Warning: Zone 'Corridor1-zn': Unmet cooling loads during 157 hours of run.
---------------
Warning: 
  Zone 'BusinessCenter1-zn': Condensation occurred in 2521 subhours of run.
    Total condensation heat = 73.0339 kBtu.
---------------
Warning: 
  Zone 'BusinessCenter1-zn': Unmet cooling loads during 712 hours of run.
---------------
Warning: 
  Zone 'FitnessCenter1-zn': Condensation occurred in 44537 subhours of run.
    Total condensation heat = 2666.65 kBtu.
---------------
Warning: 
  Zone 'FitnessCenter1-zn': Unmet cooling loads during 361 hours of run.
---------------
Warning: Zone 'Laundry1-zn': Unmet cooling loads during 173 hours of run.
---------------
Warning: 
  Zone 'LeasingOffice1-zn': Unmet cooling loads during 103 hours of run.
---------------
Warning: Zone 'Lobby1-zn': Condensation occurred in 13058 subhours of run.
    Total condensation heat = 1103.12 kBtu.
---------------
Warning: Zone 'Lobby1-zn': Unmet cooling loads during 295 hours of run.
---------------
Warning: 
  Zone 'MechanicalRoom1-zn': Unmet heating loads during 39 hours of run.
---------------
Warning: 
  Zone 'MechanicalRoom1-zn': Unmet cooling loads during 2825 hours of run.
---------------
Warning: Zone 'Stairs1-zn': Unmet heating loads during 1 hours of run.
---------------
Warning: Zone 'Stairs1-zn': Unmet cooling loads during 28 hours of run.
---------------
Warning: Zone 'Corridor2-zn': Condensation occurred in 158 subhours of run.
    Total condensation heat = 6.47393 kBtu.
---------------
Warning: Zone 'Corridor2-zn': Unmet cooling loads during 520 hours of run.
---------------
Warning: Zone 'Corridor3-zn': Condensation occurred in 90 subhours of run.
    Total condensation heat = 4.20099 kBtu.
---------------
Warning: Zone 'Corridor3-zn': Unmet cooling loads during 572 hours of run.
---------------
Warning: Zone 'Stairs2-zn': Unmet heating loads during 1 hours of run.
---------------
Warning: Zone 'Stairs2-zn': Unmet cooling loads during 53 hours of run.
---------------
Warning: Zone 'Stairs3-zn': Unmet heating loads during 1 hours of run.
---------------
Warning: Zone 'Stairs3-zn': Unmet cooling loads during 53 hours of run.
---------------
Warning: Zone 'Attic-atc': Condensation occurred in 4185 subhours of run.
    Total condensation heat = 526.068 kBtu.
---------------
