---------------
SE(620): Info: C:\USERS\MNAKAJIMA\DOCUMENTS\GITHUB\T24-2022-CASE-MODELING\FRAMEWORK\ANALYSIS\HPTE\RUNS\LRLC-WINF-PROPU\CZ07\INSTANCE - COMP22\INSTANCE - PROP.CSE(620): Info: 
  DHWSys 'dhwsys-DHWGas': 
    'wsTSetpoint' is ignored -- no setpoint-aware DHWHEATERs in this DHWSYS.
---------------
Warning at hour/subhour 25/20 on autoSizing 07-Jul iteration 30:
  AutoSize pass 1A has not converged.  Abandoning after 30 iterations.
---------------
Warning: Zone 'Zone1-zn': Unmet cooling loads during 164 hours of run.
---------------
Warning: Zone 'Zone2-zn': Unmet cooling loads during 374 hours of run.
---------------
Warning: Zone 'Zone3-zn': Unmet cooling loads during 419 hours of run.
---------------
Warning: Zone 'Corridor1-zn': Condensation occurred in 326 subhours of run.
    Total condensation heat = 9.17603 kBtu.
---------------
Warning: Zone 'Corridor1-zn': Unmet cooling loads during 182 hours of run.
---------------
Warning: 
  Zone 'BusinessCenter1-zn': Condensation occurred in 1858 subhours of run.
    Total condensation heat = 56.5249 kBtu.
---------------
Warning: 
  Zone 'BusinessCenter1-zn': Unmet cooling loads during 738 hours of run.
---------------
Warning: 
  Zone 'FitnessCenter1-zn': Condensation occurred in 40782 subhours of run.
    Total condensation heat = 2488.41 kBtu.
---------------
Warning: 
  Zone 'FitnessCenter1-zn': Unmet cooling loads during 391 hours of run.
---------------
Warning: Zone 'Laundry1-zn': Unmet cooling loads during 222 hours of run.
---------------
Warning: 
  Zone 'LeasingOffice1-zn': Unmet cooling loads during 125 hours of run.
---------------
Warning: Zone 'Lobby1-zn': Condensation occurred in 13694 subhours of run.
    Total condensation heat = 1170.48 kBtu.
---------------
Warning: Zone 'Lobby1-zn': Unmet cooling loads during 329 hours of run.
---------------
Warning: 
  Zone 'MechanicalRoom1-zn': Unmet cooling loads during 3043 hours of run.
---------------
Warning: Zone 'Stairs1-zn': Unmet cooling loads during 3 hours of run.
---------------
Warning: Zone 'Corridor2-zn': Condensation occurred in 160 subhours of run.
    Total condensation heat = 6.54712 kBtu.
---------------
Warning: Zone 'Corridor2-zn': Unmet cooling loads during 587 hours of run.
---------------
Warning: Zone 'Corridor3-zn': Condensation occurred in 88 subhours of run.
    Total condensation heat = 4.13187 kBtu.
---------------
Warning: Zone 'Corridor3-zn': Unmet cooling loads during 669 hours of run.
---------------
Warning: Zone 'Stairs2-zn': Unmet cooling loads during 102 hours of run.
---------------
Warning: Zone 'Stairs3-zn': Unmet cooling loads during 102 hours of run.
---------------
Warning: Zone 'Attic-atc': Condensation occurred in 3324 subhours of run.
    Total condensation heat = 387.094 kBtu.
---------------
