---------------
E(781): Info: C:\USERS\MNAKAJIMA\DOCUMENTS\GITHUB\T24-2022-CASE-MODELING\FRAMEWORK\ANALYSIS\HPTE\RUNS\LRLC-WINF-PROPU\CZ03\INSTANCE - COMP22\INSTANCE - SMF.CSE(781): Info: 
  DHWSys 'dhwsys-DHWGas': 
    'wsTSetpoint' is ignored -- no setpoint-aware DHWHEATERs in this DHWSYS.
---------------
Warning at hour/subhour 25/20 on autoSizing 27-Jun iteration 30:
  AutoSize pass 1A has not converged.  Abandoning after 30 iterations.
---------------
Warning: Zone 'Zone2-zn': Unmet heating loads during 1 hours of run.
---------------
Warning: Zone 'Zone2-zn': Unmet cooling loads during 28 hours of run.
---------------
Warning: Zone 'Zone3-zn': Unmet cooling loads during 67 hours of run.
---------------
Warning: Zone 'Corridor1-zn': Condensation occurred in 378 subhours of run.
    Total condensation heat = 12.4296 kBtu.
---------------
Warning: 
  Zone 'BusinessCenter1-zn': Condensation occurred in 7134 subhours of run.
    Total condensation heat = 177.027 kBtu.
---------------
Warning: 
  Zone 'BusinessCenter1-zn': Unmet cooling loads during 365 hours of run.
---------------
Warning: 
  Zone 'FitnessCenter1-zn': Condensation occurred in 58790 subhours of run.
    Total condensation heat = 3318.49 kBtu.
---------------
Warning: Zone 'FitnessCenter1-zn': Unmet cooling loads during 29 hours of run.
---------------
Warning: Zone 'Laundry1-zn': Unmet cooling loads during 64 hours of run.
---------------
Warning: Zone 'LeasingOffice1-zn': Unmet cooling loads during 14 hours of run.
---------------
Warning: Zone 'Lobby1-zn': Condensation occurred in 27730 subhours of run.
    Total condensation heat = 2295.75 kBtu.
---------------
Warning: Zone 'Lobby1-zn': Unmet cooling loads during 93 hours of run.
---------------
Warning: 
  Zone 'MechanicalRoom1-zn': Unmet heating loads during 740 hours of run.
---------------
Warning: 
  Zone 'MechanicalRoom1-zn': Unmet cooling loads during 548 hours of run.
---------------
Warning: Zone 'Stairs1-zn': Condensation occurred in 282 subhours of run.
    Total condensation heat = 1.03294 kBtu.
---------------
Warning: Zone 'Stairs1-zn': Unmet heating loads during 1 hours of run.
---------------
Warning: Zone 'Corridor2-zn': Condensation occurred in 191 subhours of run.
    Total condensation heat = 5.41534 kBtu.
---------------
Warning: Zone 'Corridor2-zn': Unmet cooling loads during 65 hours of run.
---------------
Warning: Zone 'Corridor3-zn': Condensation occurred in 315 subhours of run.
    Total condensation heat = 10.4525 kBtu.
---------------
Warning: Zone 'Corridor3-zn': Unmet cooling loads during 240 hours of run.
---------------
Warning: Zone 'Stairs2-zn': Condensation occurred in 76 subhours of run.
    Total condensation heat = 0.176094 kBtu.
---------------
Warning: Zone 'Stairs2-zn': Unmet heating loads during 1 hours of run.
---------------
Warning: Zone 'Stairs3-zn': Condensation occurred in 91 subhours of run.
    Total condensation heat = 0.231271 kBtu.
---------------
Warning: Zone 'Stairs3-zn': Unmet heating loads during 1 hours of run.
---------------
Warning: Zone 'Stairs3-zn': Unmet cooling loads during 6 hours of run.
---------------
Warning: Zone 'Attic-atc': Condensation occurred in 10960 subhours of run.
    Total condensation heat = 1628.5 kBtu.
---------------
