---------------
SE(781): Info: C:\USERS\MNAKAJIMA\DOCUMENTS\GITHUB\T24-2022-CASE-MODELING\FRAMEWORK\ANALYSIS\HPTE\RUNS\LRLC-WINF-PROPU2\CZ02\INSTANCE - COMP22\INSTANCE - STD.CSE(781): Info: 
  DHWSys 'dhwsys-DHWGas': 
    'wsTSetpoint' is ignored -- no setpoint-aware DHWHEATERs in this DHWSYS.
---------------
Warning at hour/subhour 25/20 on autoSizing 22-Jun iteration 30:
  AutoSize pass 1A has not converged.  Abandoning after 30 iterations.
---------------
Warning: Zone 'Zone2-zn': Unmet cooling loads during 82 hours of run.
---------------
Warning: Zone 'Zone3-zn': Unmet cooling loads during 124 hours of run.
---------------
Warning: Zone 'Corridor1-zn': Condensation occurred in 1438 subhours of run.
    Total condensation heat = 64.0807 kBtu.
---------------
Warning: 
  Zone 'BusinessCenter1-zn': Condensation occurred in 9036 subhours of run.
    Total condensation heat = 251.483 kBtu.
---------------
Warning: 
  Zone 'BusinessCenter1-zn': Unmet cooling loads during 354 hours of run.
---------------
Warning: 
  Zone 'FitnessCenter1-zn': Condensation occurred in 58230 subhours of run.
    Total condensation heat = 3552.57 kBtu.
---------------
Warning: Zone 'FitnessCenter1-zn': Unmet cooling loads during 57 hours of run.
---------------
Warning: Zone 'Laundry1-zn': Unmet cooling loads during 65 hours of run.
---------------
Warning: Zone 'LeasingOffice1-zn': Unmet cooling loads during 24 hours of run.
---------------
Warning: Zone 'Lobby1-zn': Condensation occurred in 34052 subhours of run.
    Total condensation heat = 3290.67 kBtu.
---------------
Warning: Zone 'Lobby1-zn': Unmet cooling loads during 129 hours of run.
---------------
Warning: 
  Zone 'MechanicalRoom1-zn': Unmet heating loads during 1362 hours of run.
---------------
Warning: 
  Zone 'MechanicalRoom1-zn': Unmet cooling loads during 803 hours of run.
---------------
Warning: Zone 'Stairs1-zn': Condensation occurred in 203 subhours of run.
    Total condensation heat = 1.03412 kBtu.
---------------
Warning: Zone 'Corridor2-zn': Condensation occurred in 391 subhours of run.
    Total condensation heat = 14.5684 kBtu.
---------------
Warning: Zone 'Corridor2-zn': Unmet cooling loads during 142 hours of run.
---------------
Warning: Zone 'Corridor3-zn': Condensation occurred in 436 subhours of run.
    Total condensation heat = 15.5243 kBtu.
---------------
Warning: Zone 'Corridor3-zn': Unmet cooling loads during 164 hours of run.
---------------
Warning: Zone 'Stairs2-zn': Condensation occurred in 51 subhours of run.
    Total condensation heat = 0.217854 kBtu.
---------------
Warning: Zone 'Stairs2-zn': Unmet cooling loads during 6 hours of run.
---------------
Warning: Zone 'Stairs3-zn': Condensation occurred in 26 subhours of run.
    Total condensation heat = 0.0926727 kBtu.
---------------
Warning: Zone 'Stairs3-zn': Unmet cooling loads during 6 hours of run.
---------------
Warning: Zone 'Attic-atc': Condensation occurred in 23338 subhours of run.
    Total condensation heat = 3985 kBtu.
---------------
