2020-02-11 16:11:57 - -----------------------------------------------------------------------------
2020-02-11 16:11:57 - Opening Project 'cz08\instance.cibd22'...
2020-02-11 16:11:58 -    Model load successful into CBECC-Com 2022.0.1 RV (1113)
2020-02-11 16:11:58 - Performing Building Database check...
2020-02-11 16:11:58 - Building Database check completed, no problems found.
2020-02-11 16:12:04 -   PerfAnal_NRes - starting, w/ arguments:
2020-02-11 16:12:04 -        BEMBasePathFile    = (null)
2020-02-11 16:12:04 -        RulesetPathFile    = (null)
2020-02-11 16:12:04 -        SimWeatherPath     = C:\Users\agoyal\Documents\CBECC-Com 2022 Data\EPW\
2020-02-11 16:12:04 -        CompMgrDLLPath     = (null)
2020-02-11 16:12:04 -        DHWWeatherPath     = (null)
2020-02-11 16:12:04 -        ProcessingPath     = C:\Users\agoyal\Documents\GitHub\T24-2022-CASE-Modeling\framework\analysis\hpwh\runs\mumr-baseline-nrelec\cz08\instance - run\
2020-02-11 16:12:04 -        ModelPathFile      = C:\Users\agoyal\Documents\GitHub\T24-2022-CASE-Modeling\framework\analysis\hpwh\runs\mumr-baseline-nrelec\cz08\instance.cibd22
2020-02-11 16:12:04 -        LogPathFile        = (null)
2020-02-11 16:12:04 -        UIVersionString    = CBECC-Com 2022.0.1 RV (1113)
2020-02-11 16:12:04 -        LoadModelFile      = false
2020-02-11 16:12:04 -        OptionsCSV         = AllowAnalysisAbort,0,StoreBEMDetails,1,AnalysisThruStep,8,ModelRpt_ALL,1,ExportHourlyResults_All,1,PromptUserUMLHWarning,1,PreAnalysisCheckPromptOption,3,CompReportWarningOption,5,
2020-02-11 16:12:04 -        ErrorMsg           = (assumed to be initialized)
2020-02-11 16:12:04 -        ErrorMsgLen        = 2056
2020-02-11 16:12:04 -        DisplayProgress    = true
2020-02-11 16:12:04 -        ResultsSummary     = (empty)
2020-02-11 16:12:04 -        ResultsSummaryLen  = 3200
2020-02-11 16:12:04 -        pProgCallbackFunc  = (null)
2020-02-11 16:12:05 - Performing Building Database check...
2020-02-11 16:12:05 - Building Database check completed, no problems found.
2020-02-11 16:12:05 - Warning:  The following developer options must be defaulted (not specified by the user) in order to perform a valid compliance analysis:
          Proj 'Mid-Rise Mixed-Use (5-story)' AutoHardSize
          Proj 'Mid-Rise Mixed-Use (5-story)' AutoEffInput
2020-02-11 16:12:05 -    1 file hash check(s) failed on executable and/or analysis support files (analysis continuing w/ report signature disabled)
2020-02-11 16:12:07 -   PerfAnal_NRes - AnalysisThruStep being set to #7 due to Proj:AnalysisType = Title24ProposedOnly
2020-02-11 16:12:07 - Performing Building Database check...
2020-02-11 16:12:07 - Building Database check completed, no problems found.
2020-02-11 16:12:07 - Warning:  The AirSystem:Count for multi-zone system 'DOAS1' is not consistent with the maximum or minimum ThermalZone:Multiplier of the zones the system serves. This indicates the HVAC system serves more than 1 floor, or that Multipliers or system Count may be improperly defined. Check inputs for consistency. evaluating rule: Set CHECKCODE AirSys:Cnt  (68:'HVACSecondary-General.rule' line 1398)
2020-02-11 16:12:12 -   PerfAnal_NRes - Bypassing OpenStudio (and simulation) for zp model
2020-02-11 16:12:15 -   PerfAnal_NRes - Bypassing OpenStudio (and simulation) for zb model
2020-02-11 16:17:32 - Error:  Undefined data: numerator evaluating rule: Set ANNUAL_BASELINE Fan:FlowCap  (75:'HVACSecondary-Fan-General.rule' line 494)
2020-02-11 16:17:32 - Error:  Undefined data: numerator evaluating rule: Set ANNUAL_BASELINE Fan:FlowCap  (75:'HVACSecondary-Fan-General.rule' line 494)
2020-02-11 16:17:32 - Error:  Undefined data: numerator evaluating rule: Set ANNUAL_BASELINE Fan:FlowCap  (75:'HVACSecondary-Fan-General.rule' line 494)
2020-02-11 16:17:32 - Error:  Undefined data: numerator evaluating rule: Set ANNUAL_BASELINE Fan:FlowCap  (75:'HVACSecondary-Fan-General.rule' line 529)
2020-02-11 16:17:32 - Error:  Undefined data: numerator evaluating rule: Set ANNUAL_BASELINE Fan:FlowCap  (75:'HVACSecondary-Fan-General.rule' line 529)
2020-02-11 16:17:32 - Error:  Undefined data: numerator evaluating rule: Set ANNUAL_BASELINE Fan:FlowCap  (75:'HVACSecondary-Fan-General.rule' line 529)
2020-02-11 16:17:32 - Error:  Undefined data: numerator evaluating rule: Set ANNUAL_BASELINE Fan:FlowCap  (75:'HVACSecondary-Fan-General.rule' line 529)
2020-02-11 16:17:32 - Error:  Undefined data: numerator evaluating rule: Set ANNUAL_BASELINE Fan:FlowCap  (75:'HVACSecondary-Fan-General.rule' line 529)
2020-02-11 16:17:32 - Error:  Undefined data: numerator evaluating rule: Set ANNUAL_BASELINE Fan:FlowCap  (75:'HVACSecondary-Fan-General.rule' line 529)
2020-02-11 16:17:32 - Error:  Undefined data: numerator evaluating rule: Set ANNUAL_BASELINE Fan:FlowCap  (75:'HVACSecondary-Fan-General.rule' line 529)
2020-02-11 16:17:32 - Error:  Undefined data: numerator evaluating rule: Set ANNUAL_BASELINE Fan:FlowCap  (75:'HVACSecondary-Fan-General.rule' line 529)
2020-02-11 16:17:32 - Error:  Undefined data: numerator evaluating rule: Set ANNUAL_BASELINE Fan:FlowCap  (75:'HVACSecondary-Fan-General.rule' line 529)
2020-02-11 16:17:32 - Error:  Undefined data: numerator evaluating rule: Set ANNUAL_BASELINE Fan:FlowCap  (75:'HVACSecondary-Fan-General.rule' line 529)
2020-02-11 16:17:32 - Error:  Undefined data: numerator evaluating rule: Set ANNUAL_BASELINE Fan:FlowCap  (75:'HVACSecondary-Fan-General.rule' line 529)
2020-02-11 16:17:32 - Error:  Undefined data: numerator evaluating rule: Set ANNUAL_BASELINE Fan:FlowCap  (75:'HVACSecondary-Fan-General.rule' line 529)
2020-02-11 16:17:32 - Error:  Undefined data: numerator evaluating rule: Set ANNUAL_BASELINE Fan:FlowCap  (75:'HVACSecondary-Fan-General.rule' line 529)
2020-02-11 16:17:32 - Error:  Undefined data: numerator evaluating rule: Set ANNUAL_BASELINE Fan:FlowCap  (75:'HVACSecondary-Fan-General.rule' line 529)
2020-02-11 16:17:32 - Error:  Undefined data: numerator evaluating rule: Set ANNUAL_BASELINE Fan:FlowCap  (75:'HVACSecondary-Fan-General.rule' line 529)
2020-02-11 16:17:32 - Error:  Undefined data: numerator evaluating rule: Set ANNUAL_BASELINE Fan:FlowCap  (75:'HVACSecondary-Fan-General.rule' line 529)
2020-02-11 16:17:32 - Error:  Undefined data: numerator evaluating rule: Set ANNUAL_BASELINE Fan:FlowCap  (75:'HVACSecondary-Fan-General.rule' line 529)
2020-02-11 16:17:32 - Error:  Undefined data: numerator evaluating rule: Set ANNUAL_BASELINE Fan:FlowCap  (75:'HVACSecondary-Fan-General.rule' line 529)
2020-02-11 16:17:32 - Error:  Undefined data: numerator evaluating rule: Set ANNUAL_BASELINE Fan:FlowCap  (75:'HVACSecondary-Fan-General.rule' line 529)
2020-02-11 16:17:32 - Error:  Undefined data: numerator evaluating rule: Set ANNUAL_BASELINE Fan:FlowCap  (75:'HVACSecondary-Fan-General.rule' line 529)
2020-02-11 16:17:32 - Error:  Undefined data: numerator evaluating rule: Set ANNUAL_BASELINE Fan:FlowCap  (75:'HVACSecondary-Fan-General.rule' line 529)
2020-02-11 16:17:32 - Error:  Undefined data: numerator evaluating rule: Set ANNUAL_BASELINE Fan:FlowCap  (75:'HVACSecondary-Fan-General.rule' line 529)
2020-02-11 16:17:32 - Error:  Division by zero evaluating rule: Set ANNUAL_BASELINE ThrmlZn:PriAirCondgSysDsgnFlow  (76:'HVACSecondary-Fan-FanRatios.rule' line 67)
2020-02-11 16:17:32 - Error:  Division by zero evaluating rule: Set ANNUAL_BASELINE ThrmlZn:PriAirCondgSysDsgnFlow  (76:'HVACSecondary-Fan-FanRatios.rule' line 67)
2020-02-11 16:17:32 - Error:  Division by zero evaluating rule: Set ANNUAL_BASELINE ThrmlZn:PriAirCondgSysDsgnFlow  (76:'HVACSecondary-Fan-FanRatios.rule' line 67)
2020-02-11 16:17:32 - Error:  Division by zero evaluating rule: Set ANNUAL_BASELINE ThrmlZn:PriAirCondgSysDsgnFlow  (76:'HVACSecondary-Fan-FanRatios.rule' line 67)
2020-02-11 16:17:32 - Error:  Division by zero evaluating rule: Set ANNUAL_BASELINE ThrmlZn:PriAirCondgSysDsgnFlow  (76:'HVACSecondary-Fan-FanRatios.rule' line 67)
2020-02-11 16:17:32 - Error:  Division by zero evaluating rule: Set ANNUAL_BASELINE ThrmlZn:PriAirCondgSysDsgnFlow  (76:'HVACSecondary-Fan-FanRatios.rule' line 67)
2020-02-11 16:17:32 - Error:  Division by zero evaluating rule: Set ANNUAL_BASELINE ThrmlZn:PriAirCondgSysDsgnFlow  (76:'HVACSecondary-Fan-FanRatios.rule' line 67)
2020-02-11 16:17:32 - Error:  Division by zero evaluating rule: Set ANNUAL_BASELINE ThrmlZn:PriAirCondgSysDsgnFlow  (76:'HVACSecondary-Fan-FanRatios.rule' line 67)
2020-02-11 16:17:32 - Error:  Division by zero evaluating rule: Set ANNUAL_BASELINE ThrmlZn:PriAirCondgSysDsgnFlow  (76:'HVACSecondary-Fan-FanRatios.rule' line 67)
2020-02-11 16:17:32 - Error:  Division by zero evaluating rule: Set ANNUAL_BASELINE ThrmlZn:PriAirCondgSysDsgnFlow  (76:'HVACSecondary-Fan-FanRatios.rule' line 67)
2020-02-11 16:17:32 - Error:  Division by zero evaluating rule: Set ANNUAL_BASELINE ThrmlZn:PriAirCondgSysDsgnFlow  (76:'HVACSecondary-Fan-FanRatios.rule' line 67)
2020-02-11 16:17:32 - Error:  Division by zero evaluating rule: Set ANNUAL_BASELINE ThrmlZn:PriAirCondgSysDsgnFlow  (76:'HVACSecondary-Fan-FanRatios.rule' line 67)
2020-02-11 16:17:32 - Error:  Division by zero evaluating rule: Set ANNUAL_BASELINE ThrmlZn:VentSysDsgnFlow  (76:'HVACSecondary-Fan-FanRatios.rule' line 111)
2020-02-11 16:17:32 - Error:  Division by zero evaluating rule: Set ANNUAL_BASELINE ThrmlZn:VentSysDsgnFlow  (76:'HVACSecondary-Fan-FanRatios.rule' line 111)
2020-02-11 16:17:32 - Error:  Division by zero evaluating rule: Set ANNUAL_BASELINE ThrmlZn:VentSysDsgnFlow  (76:'HVACSecondary-Fan-FanRatios.rule' line 111)
2020-02-11 16:17:32 - Error:  Division by zero evaluating rule: Set ANNUAL_BASELINE ThrmlZn:VentSysDsgnFlow  (76:'HVACSecondary-Fan-FanRatios.rule' line 111)
2020-02-11 16:17:32 - Error:  Division by zero evaluating rule: Set ANNUAL_BASELINE ThrmlZn:VentSysDsgnFlow  (76:'HVACSecondary-Fan-FanRatios.rule' line 111)
2020-02-11 16:17:32 - Error:  Division by zero evaluating rule: Set ANNUAL_BASELINE ThrmlZn:VentSysDsgnFlow  (76:'HVACSecondary-Fan-FanRatios.rule' line 111)
2020-02-11 16:17:32 - Error:  Division by zero evaluating rule: Set ANNUAL_BASELINE ThrmlZn:VentSysDsgnFlow  (76:'HVACSecondary-Fan-FanRatios.rule' line 111)
2020-02-11 16:17:32 - Error:  Division by zero evaluating rule: Set ANNUAL_BASELINE ThrmlZn:VentSysDsgnFlow  (76:'HVACSecondary-Fan-FanRatios.rule' line 111)
2020-02-11 16:17:32 - Error:  Division by zero evaluating rule: Set ANNUAL_BASELINE ThrmlZn:VentSysDsgnFlow  (76:'HVACSecondary-Fan-FanRatios.rule' line 111)
2020-02-11 16:17:32 - Error:  Division by zero evaluating rule: Set ANNUAL_BASELINE ThrmlZn:VentSysDsgnFlow  (76:'HVACSecondary-Fan-FanRatios.rule' line 111)
2020-02-11 16:17:32 - Error:  Division by zero evaluating rule: Set ANNUAL_BASELINE ThrmlZn:VentSysDsgnFlow  (76:'HVACSecondary-Fan-FanRatios.rule' line 111)
2020-02-11 16:17:32 - Error:  Division by zero evaluating rule: Set ANNUAL_BASELINE ThrmlZn:VentSysDsgnFlow  (76:'HVACSecondary-Fan-FanRatios.rule' line 111)
2020-02-11 16:17:33 -   PerfAnal_NRes - Bypassing OpenStudio (and simulation) for ab model
2020-02-11 16:17:33 -   PerfAnal_NRes - Completed analysis steps thru #7
2020-02-11 16:17:33 - Analysis incomplete  Processing time:  Overall 5:29 / SDD2IDF x2 avg 0:11 / SizSim x0 0:00 / AnnSim x2 avg 2:20 / ReportGen x0 0:00 / Other 0:23
2020-02-11 16:17:33 -       ResultsSummary population:  bAbort = (false) / RuleProcAbort = (false) / iRetVal = 0 / pszResultsSummary = (empty) / iResultsSummaryLen = 3200
2020-02-11 16:17:33 -       ResultsSummary components1:  2020-02-11 16:17:33 / instance / Mid-Rise Mixed-Use (5-story) / CTZ08S22A / Title24ProposedOnly / 5:29 /  / 
2020-02-11 16:17:33 -       ResultsSummary components2:  CBECC-Com 2022.0.1 RV (1113) / BEMCmpMgr 2022.0.1 RV (6107) / CA 2022 Nonresidential, Vers. 1.0 Alpha /  /  / - / C:\Users\agoyal\Documents\CBECC-Com 2022 Data\EPW\ / C:\Users\agoyal\Documents\GitHub\T24-2022-CASE-Modeling\framework\analysis\hpwh\runs\mumr-baseline-nrelec\cz08\
2020-02-11 16:17:33 -       ResultsSummary:  2020-02-11 16:17:33,"instance","Mid-Rise Mixed-Use (5-story)","CTZ08S22A","Pol  0% RetAdd NoLeak",113100,141000,"Title24ProposedOnly",5:29,,,"--","--","Successful (219 warnings)",3.85101,122264,60885.2,0,212.289,15225.4,81958.2,280549,217441,0,149101,34551.8,0,0,681643,1019.62,0,0,0,0,9204.63,0,10224.2,586.724,0,0,0,10811,0,0,0,0,0,0,0,0,0,0,0,0,0,2.44,36.3399,15.953,0,0.0475058,23.3845,19.9668,98.1318,55.4267,0,37.5962,8.5205,0,0,199.675,176.328,23.3471,0,3866.75,"Thermal Zone: F2-4 Corridor",0,467.5,"Thermal Zone: F5 Corridor",0,"--","--","",0,0,0,0,0,0,0,0,0,0,0,0,0,0,0,0,0,0,0,0,0,0,0,0,0,0,0,0,0,0,0,0,0,0,0,0,0,0,0,0,0,0,0,0,0,0,0,0,0,0,0,0,0,0,0,0,0,0,0,,,,,,,2.48184e-05,37.6811,11.1739,0,0.0259392,2.47724,14.4245,65.7827,38.321,0,25.7371,3.94427,0,0,133.785,0,0,0,0,0,0,0,0,0,0,0,0,0,0,0,"CBECC-Com 2022.0.1 RV (1113)","BEMCmpMgr 2022.0.1 RV (6107)","CA 2022 Nonresidential, Vers. 1.0 Alpha","","","-","C:\Users\agoyal\Documents\CBECC-Com 2022 Data\EPW\","C:\Users\agoyal\Documents\GitHub\T24-2022-CASE-Modeling\framework\analysis\hpwh\runs\mumr-baseline-nrelec\cz08\",0.000835263,13.167,8.41626,0,0.03,1.91729,9.03796,32.58,32.22,0,25.6908,5.68613,0,0,96.18,0.488893,0,0,0,0,4.4135,0,4.9,0.281326,0,0,0,5.18,0,0,0,0,0,0,0,0,0,0,0,0,0,0,0,0,0,0,0,0,0,0,0,0,0,0,0,0,0.827941,2.19306,1.40179,0,0.00499669,7.79236,1.50534,13.7255,5.84282,0,4.27899,0.947065,0,0,24.7944,0,0,0,0,0,0,0,0,0,0,0,0,0,0,0,

2020-02-11 16:17:38 - -----------------------------------------------------------------------------
2020-02-11 16:17:38 - Opening Project 'cz08\instance.cibd22'...
2020-02-11 16:17:39 -    Model load successful into CBECC-Com 2022.0.1 RV (1113)
2020-02-11 16:17:39 - Performing Building Database check...
2020-02-11 16:17:39 - Building Database check completed, no problems found.
2020-02-11 16:17:44 - Project Saved
