2021-01-27 16:22:19 - -----------------------------------------------------------------------------
2021-01-27 16:22:19 - Opening Project 'cz10\instance.cibd22'...
2021-01-27 16:22:20 -    Model load successful into CBECC-Com 2022.0.1 RV (1113)
2021-01-27 16:22:20 - Performing Building Database check...
2021-01-27 16:22:20 - Building Database check completed, no problems found.
2021-01-27 16:22:23 -   PerfAnal_NRes - starting, w/ arguments:
2021-01-27 16:22:23 -        BEMBasePathFile    = (null)
2021-01-27 16:22:23 -        RulesetPathFile    = (null)
2021-01-27 16:22:23 -        SimWeatherPath     = C:\Documents\CBECC-Com 2022 Data\EPW\
2021-01-27 16:22:23 -        CompMgrDLLPath     = (null)
2021-01-27 16:22:23 -        DHWWeatherPath     = (null)
2021-01-27 16:22:23 -        ProcessingPath     = C:\GitHub\CALGreen-analysis\framework\analysis\hr\runs\hr-base22\cz10\instance - run\
2021-01-27 16:22:23 -        ModelPathFile      = C:\GitHub\CALGreen-analysis\framework\analysis\hr\runs\hr-base22\cz10\instance.cibd22
2021-01-27 16:22:23 -        LogPathFile        = (null)
2021-01-27 16:22:23 -        UIVersionString    = CBECC-Com 2022.0.1 RV (1113)
2021-01-27 16:22:23 -        LoadModelFile      = false
2021-01-27 16:22:23 -        OptionsCSV         = AllowAnalysisAbort,0,AnalysisThruStep,8,ModelRpt_ALL,1,SimulationStorage,0,AnalysisStorage,0,ExportHourlyResults_All,1,PromptUserUMLHWarning,1,PreAnalysisCheckPromptOption,3,CompReportWarningOption,5,
2021-01-27 16:22:23 -        ErrorMsg           = (assumed to be initialized)
2021-01-27 16:22:23 -        ErrorMsgLen        = 2056
2021-01-27 16:22:23 -        DisplayProgress    = true
2021-01-27 16:22:23 -        ResultsSummary     = (empty)
2021-01-27 16:22:23 -        ResultsSummaryLen  = 3200
2021-01-27 16:22:23 -        pProgCallbackFunc  = (null)
2021-01-27 16:22:24 - Performing Building Database check...
2021-01-27 16:22:24 - Building Database check completed, no problems found.
2021-01-27 16:22:24 - Warning:  The following developer options must be defaulted (not specified by the user) in order to perform a valid compliance analysis:
          Proj 'High-Rise Mixed-Use (10-story)' DefaultDayltgCtrls
          Proj 'High-Rise Mixed-Use (10-story)' AutoHardSize
          Proj 'High-Rise Mixed-Use (10-story)' AutoEffInput
2021-01-27 16:22:24 -    1 file hash check(s) failed on executable and/or analysis support files (analysis continuing w/ report signature disabled)
2021-01-27 16:22:26 -   PerfAnal_NRes - AnalysisThruStep being set to #7 due to Proj:AnalysisType = Title24ProposedOnly
2021-01-27 16:22:26 - Performing Building Database check...
2021-01-27 16:22:26 - Building Database check completed, no problems found.
2021-01-27 16:22:26 - Warning:  The spaces assigned to thermal zone 'Thermal Zone: F1 Lounge' have cooling unmet load hour limits ranging from 150 to 8760. All spaces in the zone will be held to the minimum UMLH limit. evaluating rule: Set CHECKCODE ThrmlZn:ClgUMLHLimit  (60:'ThermalZone-General.rule' line 1738)
2021-01-27 16:22:26 - Warning:  The spaces assigned to thermal zone 'Thermal Zone: F1 Lounge' have heating unmet load hour limits ranging from 150 to 8760. All spaces in the zone will be held to the minimum UMLH limit. evaluating rule: Set CHECKCODE ThrmlZn:HtgUMLHLimit  (60:'ThermalZone-General.rule' line 1765)
2021-01-27 16:22:27 -   PerfAnal_NRes - Bypassing OpenStudio (and simulation) for zp model
2021-01-27 16:22:28 -   PerfAnal_NRes - Bypassing OpenStudio (and simulation) for zb model
2021-01-27 16:28:18 - Error:  Undefined data: numerator evaluating rule: Set ANNUAL_BASELINE Fan:FlowCap  (75:'HVACSecondary-Fan-General.rule' line 494)
2021-01-27 16:28:18 - Error:  Undefined data: numerator evaluating rule: Set ANNUAL_BASELINE Fan:FlowCap  (75:'HVACSecondary-Fan-General.rule' line 494)
2021-01-27 16:28:18 - Error:  Undefined data: numerator evaluating rule: Set ANNUAL_BASELINE Fan:FlowCap  (75:'HVACSecondary-Fan-General.rule' line 494)
2021-01-27 16:28:18 - Error:  Undefined data: numerator evaluating rule: Set ANNUAL_BASELINE Fan:FlowCap  (75:'HVACSecondary-Fan-General.rule' line 529)
2021-01-27 16:28:18 - Error:  Undefined data: numerator evaluating rule: Set ANNUAL_BASELINE Fan:FlowCap  (75:'HVACSecondary-Fan-General.rule' line 529)
2021-01-27 16:28:18 - Error:  Undefined data: numerator evaluating rule: Set ANNUAL_BASELINE Fan:FlowCap  (75:'HVACSecondary-Fan-General.rule' line 529)
2021-01-27 16:28:18 - Error:  Undefined data: numerator evaluating rule: Set ANNUAL_BASELINE Fan:FlowCap  (75:'HVACSecondary-Fan-General.rule' line 529)
2021-01-27 16:28:18 - Error:  Undefined data: numerator evaluating rule: Set ANNUAL_BASELINE Fan:FlowCap  (75:'HVACSecondary-Fan-General.rule' line 529)
2021-01-27 16:28:18 - Error:  Undefined data: numerator evaluating rule: Set ANNUAL_BASELINE Fan:FlowCap  (75:'HVACSecondary-Fan-General.rule' line 529)
2021-01-27 16:28:18 - Error:  Undefined data: numerator evaluating rule: Set ANNUAL_BASELINE Fan:FlowCap  (75:'HVACSecondary-Fan-General.rule' line 529)
2021-01-27 16:28:18 - Error:  Undefined data: numerator evaluating rule: Set ANNUAL_BASELINE Fan:FlowCap  (75:'HVACSecondary-Fan-General.rule' line 529)
2021-01-27 16:28:18 - Error:  Undefined data: numerator evaluating rule: Set ANNUAL_BASELINE Fan:FlowCap  (75:'HVACSecondary-Fan-General.rule' line 529)
2021-01-27 16:28:18 - Error:  Undefined data: numerator evaluating rule: Set ANNUAL_BASELINE Fan:FlowCap  (75:'HVACSecondary-Fan-General.rule' line 529)
2021-01-27 16:28:18 - Error:  Undefined data: numerator evaluating rule: Set ANNUAL_BASELINE Fan:FlowCap  (75:'HVACSecondary-Fan-General.rule' line 529)
2021-01-27 16:28:18 - Error:  Undefined data: numerator evaluating rule: Set ANNUAL_BASELINE Fan:FlowCap  (75:'HVACSecondary-Fan-General.rule' line 529)
2021-01-27 16:28:18 - Error:  Undefined data: numerator evaluating rule: Set ANNUAL_BASELINE Fan:FlowCap  (75:'HVACSecondary-Fan-General.rule' line 529)
2021-01-27 16:28:18 - Error:  Undefined data: numerator evaluating rule: Set ANNUAL_BASELINE Fan:FlowCap  (75:'HVACSecondary-Fan-General.rule' line 529)
2021-01-27 16:28:18 - Error:  Undefined data: numerator evaluating rule: Set ANNUAL_BASELINE Fan:FlowCap  (75:'HVACSecondary-Fan-General.rule' line 529)
2021-01-27 16:28:18 - Error:  Undefined data: numerator evaluating rule: Set ANNUAL_BASELINE Fan:FlowCap  (75:'HVACSecondary-Fan-General.rule' line 529)
2021-01-27 16:28:18 - Error:  Undefined data: numerator evaluating rule: Set ANNUAL_BASELINE Fan:FlowCap  (75:'HVACSecondary-Fan-General.rule' line 529)
2021-01-27 16:28:18 - Error:  Undefined data: numerator evaluating rule: Set ANNUAL_BASELINE Fan:FlowCap  (75:'HVACSecondary-Fan-General.rule' line 529)
2021-01-27 16:28:18 - Error:  Division by zero evaluating rule: Set ANNUAL_BASELINE ThrmlZn:PriAirCondgSysDsgnFlow  (76:'HVACSecondary-Fan-FanRatios.rule' line 67)
2021-01-27 16:28:18 - Error:  Division by zero evaluating rule: Set ANNUAL_BASELINE ThrmlZn:PriAirCondgSysDsgnFlow  (76:'HVACSecondary-Fan-FanRatios.rule' line 67)
2021-01-27 16:28:18 - Error:  Division by zero evaluating rule: Set ANNUAL_BASELINE ThrmlZn:PriAirCondgSysDsgnFlow  (76:'HVACSecondary-Fan-FanRatios.rule' line 67)
2021-01-27 16:28:18 - Error:  Division by zero evaluating rule: Set ANNUAL_BASELINE ThrmlZn:PriAirCondgSysDsgnFlow  (76:'HVACSecondary-Fan-FanRatios.rule' line 67)
2021-01-27 16:28:18 - Error:  Division by zero evaluating rule: Set ANNUAL_BASELINE ThrmlZn:PriAirCondgSysDsgnFlow  (76:'HVACSecondary-Fan-FanRatios.rule' line 67)
2021-01-27 16:28:18 - Error:  Division by zero evaluating rule: Set ANNUAL_BASELINE ThrmlZn:PriAirCondgSysDsgnFlow  (76:'HVACSecondary-Fan-FanRatios.rule' line 67)
2021-01-27 16:28:18 - Error:  Division by zero evaluating rule: Set ANNUAL_BASELINE ThrmlZn:PriAirCondgSysDsgnFlow  (76:'HVACSecondary-Fan-FanRatios.rule' line 67)
2021-01-27 16:28:18 - Error:  Division by zero evaluating rule: Set ANNUAL_BASELINE ThrmlZn:PriAirCondgSysDsgnFlow  (76:'HVACSecondary-Fan-FanRatios.rule' line 67)
2021-01-27 16:28:18 - Error:  Division by zero evaluating rule: Set ANNUAL_BASELINE ThrmlZn:PriAirCondgSysDsgnFlow  (76:'HVACSecondary-Fan-FanRatios.rule' line 67)
2021-01-27 16:28:18 - Error:  Division by zero evaluating rule: Set ANNUAL_BASELINE ThrmlZn:PriAirCondgSysDsgnFlow  (76:'HVACSecondary-Fan-FanRatios.rule' line 67)
2021-01-27 16:28:18 - Error:  Division by zero evaluating rule: Set ANNUAL_BASELINE ThrmlZn:PriAirCondgSysDsgnFlow  (76:'HVACSecondary-Fan-FanRatios.rule' line 67)
2021-01-27 16:28:18 - Error:  Division by zero evaluating rule: Set ANNUAL_BASELINE ThrmlZn:PriAirCondgSysDsgnFlow  (76:'HVACSecondary-Fan-FanRatios.rule' line 67)
2021-01-27 16:28:18 - Error:  Division by zero evaluating rule: Set ANNUAL_BASELINE ThrmlZn:VentSysDsgnFlow  (76:'HVACSecondary-Fan-FanRatios.rule' line 111)
2021-01-27 16:28:18 - Error:  Division by zero evaluating rule: Set ANNUAL_BASELINE ThrmlZn:VentSysDsgnFlow  (76:'HVACSecondary-Fan-FanRatios.rule' line 111)
2021-01-27 16:28:18 - Error:  Division by zero evaluating rule: Set ANNUAL_BASELINE ThrmlZn:VentSysDsgnFlow  (76:'HVACSecondary-Fan-FanRatios.rule' line 111)
2021-01-27 16:28:18 - Error:  Division by zero evaluating rule: Set ANNUAL_BASELINE ThrmlZn:VentSysDsgnFlow  (76:'HVACSecondary-Fan-FanRatios.rule' line 111)
2021-01-27 16:28:18 - Error:  Division by zero evaluating rule: Set ANNUAL_BASELINE ThrmlZn:VentSysDsgnFlow  (76:'HVACSecondary-Fan-FanRatios.rule' line 111)
2021-01-27 16:28:18 - Error:  Division by zero evaluating rule: Set ANNUAL_BASELINE ThrmlZn:VentSysDsgnFlow  (76:'HVACSecondary-Fan-FanRatios.rule' line 111)
2021-01-27 16:28:18 - Error:  Division by zero evaluating rule: Set ANNUAL_BASELINE ThrmlZn:VentSysDsgnFlow  (76:'HVACSecondary-Fan-FanRatios.rule' line 111)
2021-01-27 16:28:18 - Error:  Division by zero evaluating rule: Set ANNUAL_BASELINE ThrmlZn:VentSysDsgnFlow  (76:'HVACSecondary-Fan-FanRatios.rule' line 111)
2021-01-27 16:28:18 - Error:  Division by zero evaluating rule: Set ANNUAL_BASELINE ThrmlZn:VentSysDsgnFlow  (76:'HVACSecondary-Fan-FanRatios.rule' line 111)
2021-01-27 16:28:18 - Error:  Division by zero evaluating rule: Set ANNUAL_BASELINE ThrmlZn:VentSysDsgnFlow  (76:'HVACSecondary-Fan-FanRatios.rule' line 111)
2021-01-27 16:28:18 - Error:  Division by zero evaluating rule: Set ANNUAL_BASELINE ThrmlZn:VentSysDsgnFlow  (76:'HVACSecondary-Fan-FanRatios.rule' line 111)
2021-01-27 16:28:18 - Error:  Division by zero evaluating rule: Set ANNUAL_BASELINE ThrmlZn:VentSysDsgnFlow  (76:'HVACSecondary-Fan-FanRatios.rule' line 111)
2021-01-27 16:28:19 -   PerfAnal_NRes - Bypassing OpenStudio (and simulation) for ab model
2021-01-27 16:28:19 -   PerfAnal_NRes - Completed analysis steps thru #7
2021-01-27 16:28:19 - Analysis incomplete  Processing time:  Overall 5:55 / SDD2IDF x2 avg 0:05 / SizSim x0 0:00 / AnnSim x2 avg 2:43 / ReportGen x0 0:00 / Other 0:15
2021-01-27 16:28:19 -       ResultsSummary population:  bAbort = (false) / RuleProcAbort = (false) / iRetVal = 0 / pszResultsSummary = (empty) / iResultsSummaryLen = 3200
2021-01-27 16:28:19 -       ResultsSummary components1:  2021-01-27 16:28:19 / instance / High-Rise Mixed-Use (10-story) / CTZ10S22A / Title24ProposedOnly / 5:55 /  / 
2021-01-27 16:28:19 -       ResultsSummary components2:  CBECC-Com 2022.0.1 RV (1113) / BEMCmpMgr 2022.0.1 RV (6107) / CA 2022 Nonresidential, Vers. 1.0 Alpha /  /  / - / C:\Documents\CBECC-Com 2022 Data\EPW\ / C:\GitHub\CALGreen-analysis\framework\analysis\hr\runs\hr-base22\cz10\
2021-01-27 16:28:19 -       ResultsSummary:  2021-01-27 16:28:19,"instance","High-Rise Mixed-Use (10-story)","CTZ10S22A","Pol  0% RetAdd NoLeak",125400,150480,"Title24ProposedOnly",5:55,,,"--","--","Successful (259 warnings)",13419.9,106534,73070.3,205.915,5402.68,1088.9,52229.1,251950,274496,19205.8,47456.3,6890.07,0,0,599999,622.284,0,0,0,0,7120.48,0,7742.76,1576.89,2595.88,0,0,11915.5,0,0,0,0,0,0,0,0,0,0,0,0,0,4.41905,32.6925,18.2163,0.0703719,1.19038,14.0114,11.2788,81.8788,64.8941,9.36977,11.138,1.52519,0,0,168.806,145.726,23.0796,0,16.5,"Thermal Zone: F10 Laundry",0,0,,0,"--","--","",0,0,0,0,0,0,0,0,0,0,0,0,0,0,0,0,0,0,0,0,0,0,0,0,0,0,0,0,0,0,0,0,0,0,0,0,0,0,0,0,0,0,0,0,0,0,0,0,0,0,0,0,0,0,0,0,0,0,0,,,,,,,5.73572e-06,47.9152,17.4896,0.086006,1.2818,0.124303,9.0273,75.9242,43.2848,2.98676,9.36022,0.786538,0,0,132.343,0,0,0,0,0,0,0,0,0,0,0,0,0,0,0,"CBECC-Com 2022.0.1 RV (1113)","BEMCmpMgr 2022.0.1 RV (6107)","CA 2022 Nonresidential, Vers. 1.0 Alpha","","","-","C:\Documents\CBECC-Com 2022 Data\EPW\","C:\GitHub\CALGreen-analysis\framework\analysis\hr\runs\hr-base22\cz10\",3.18781,13.801,10.8134,0.0194159,0.553181,0.179198,5.7406,34.29,42.8116,3.31511,8.5377,1.13389,0,0,90.09,0.298377,0,0,0,0,3.41417,0,3.71,0.756098,1.24469,0,0,5.71,0,0,0,0,0,0,0,0,0,0,0,0,0,0,0,0,0,0,0,0,0,0,0,0,0,0,0,0,0.934536,2.0732,1.6244,0.0029167,0.083099,5.24083,0.862355,10.8213,7.58583,2.39881,1.28253,0.170333,0,0,22.2588,0,0,0,0,0,0,0,0,0,0,0,0,0,0,0,

2021-01-27 16:28:22 - -----------------------------------------------------------------------------
2021-01-27 16:28:22 - Opening Project 'cz10\instance.cibd22'...
2021-01-27 16:28:23 -    Model load successful into CBECC-Com 2022.0.1 RV (1113)
2021-01-27 16:28:23 - Performing Building Database check...
2021-01-27 16:28:23 - Building Database check completed, no problems found.
2021-01-27 16:28:25 - Error writing enumeration property for Mat 'MetalFrameWall16inOC R21.00', property CavityInsOpt (previously 'R-21' (?))
2021-01-27 16:28:25 - Project Saved
