2020-01-16 15:14:57 - -----------------------------------------------------------------------------
2020-01-16 15:14:57 - Opening Project 'cz04\instance.cibd22'...
2020-01-16 15:14:58 -    Model load successful into CBECC-Com 2022.0.1 RV (1113)
2020-01-16 15:14:58 - Performing Building Database check...
2020-01-16 15:14:58 - Building Database check completed, no problems found.
2020-01-16 15:15:01 -   PerfAnal_NRes - starting, w/ arguments:
2020-01-16 15:15:01 -        BEMBasePathFile    = (null)
2020-01-16 15:15:01 -        RulesetPathFile    = (null)
2020-01-16 15:15:01 -        SimWeatherPath     = C:\Users\agoyal\Documents\CBECC-Com 2022 Data\EPW\
2020-01-16 15:15:01 -        CompMgrDLLPath     = (null)
2020-01-16 15:15:01 -        DHWWeatherPath     = (null)
2020-01-16 15:15:01 -        ProcessingPath     = C:\Users\agoyal\Documents\GitHub\T24-2022-CASE-Modeling\framework\analysis\hvac\runs\hr-baseline\cz04\instance - run\
2020-01-16 15:15:01 -        ModelPathFile      = C:\Users\agoyal\Documents\GitHub\T24-2022-CASE-Modeling\framework\analysis\hvac\runs\hr-baseline\cz04\instance.cibd22
2020-01-16 15:15:01 -        LogPathFile        = (null)
2020-01-16 15:15:01 -        UIVersionString    = CBECC-Com 2022.0.1 RV (1113)
2020-01-16 15:15:01 -        LoadModelFile      = false
2020-01-16 15:15:01 -        OptionsCSV         = AllowAnalysisAbort,0,StoreBEMDetails,1,AnalysisThruStep,8,ModelRpt_ALL,1,ExportHourlyResults_All,1,PromptUserUMLHWarning,1,PreAnalysisCheckPromptOption,3,CompReportWarningOption,5,
2020-01-16 15:15:01 -        ErrorMsg           = (assumed to be initialized)
2020-01-16 15:15:01 -        ErrorMsgLen        = 2056
2020-01-16 15:15:01 -        DisplayProgress    = true
2020-01-16 15:15:01 -        ResultsSummary     = (empty)
2020-01-16 15:15:01 -        ResultsSummaryLen  = 3200
2020-01-16 15:15:01 -        pProgCallbackFunc  = (null)
2020-01-16 15:15:01 - Performing Building Database check...
2020-01-16 15:15:01 - Building Database check completed, no problems found.
2020-01-16 15:15:01 - Warning:  The following developer options must be defaulted (not specified by the user) in order to perform a valid compliance analysis:
          Proj 'High-Rise Mixed-Use (10-story)' DefaultDayltgCtrls
          Proj 'High-Rise Mixed-Use (10-story)' AutoHardSize
          Proj 'High-Rise Mixed-Use (10-story)' AutoEffInput
2020-01-16 15:15:01 -    1 file hash check(s) failed on executable and/or analysis support files (analysis continuing w/ report signature disabled)
2020-01-16 15:15:02 - Performing Building Database check...
2020-01-16 15:15:02 - Building Database check completed, no problems found.
2020-01-16 15:15:02 - Warning:  Residential space 'F2-9 1-Bed NE' ventilation flow rate, 38 cfm, is greater than the code minimum, 22 cfm. evaluating rule: Set CHECKCODE Spc:VentFlow  (25:'Space-Ventilation.rule' line 2828)
2020-01-16 15:15:02 - Warning:  Residential space 'F2-9 1-Bed NW' ventilation flow rate, 38 cfm, is greater than the code minimum, 22 cfm. evaluating rule: Set CHECKCODE Spc:VentFlow  (25:'Space-Ventilation.rule' line 2828)
2020-01-16 15:15:02 - Warning:  Residential space 'F2-9 1-Bed SE Inner' ventilation flow rate, 38 cfm, is greater than the code minimum, 22 cfm. evaluating rule: Set CHECKCODE Spc:VentFlow  (25:'Space-Ventilation.rule' line 2828)
2020-01-16 15:15:02 - Warning:  Residential space 'F2-9 1-Bed SE Outer' ventilation flow rate, 38 cfm, is greater than the code minimum, 22 cfm. evaluating rule: Set CHECKCODE Spc:VentFlow  (25:'Space-Ventilation.rule' line 2828)
2020-01-16 15:15:02 - Warning:  Residential space 'F2-9 1-Bed SW Inner' ventilation flow rate, 38 cfm, is greater than the code minimum, 22 cfm. evaluating rule: Set CHECKCODE Spc:VentFlow  (25:'Space-Ventilation.rule' line 2828)
2020-01-16 15:15:02 - Warning:  Residential space 'F2-9 1-Bed SW Outer' ventilation flow rate, 38 cfm, is greater than the code minimum, 22 cfm. evaluating rule: Set CHECKCODE Spc:VentFlow  (25:'Space-Ventilation.rule' line 2828)
2020-01-16 15:15:02 - Warning:  Residential space 'F2-9 2-Bed N Core' ventilation flow rate, 55 cfm, is greater than the code minimum, 34 cfm. evaluating rule: Set CHECKCODE Spc:VentFlow  (25:'Space-Ventilation.rule' line 2828)
2020-01-16 15:15:02 - Warning:  Residential space 'F2-9 2-Bed NE' ventilation flow rate, 55 cfm, is greater than the code minimum, 34 cfm. evaluating rule: Set CHECKCODE Spc:VentFlow  (25:'Space-Ventilation.rule' line 2828)
2020-01-16 15:15:02 - Warning:  Residential space 'F2-9 2-Bed NW' ventilation flow rate, 55 cfm, is greater than the code minimum, 34 cfm. evaluating rule: Set CHECKCODE Spc:VentFlow  (25:'Space-Ventilation.rule' line 2828)
2020-01-16 15:15:02 - Warning:  Residential space 'F2-9 2-Bed SE' ventilation flow rate, 55 cfm, is greater than the code minimum, 34 cfm. evaluating rule: Set CHECKCODE Spc:VentFlow  (25:'Space-Ventilation.rule' line 2828)
2020-01-16 15:15:02 - Warning:  Residential space 'F2-9 2-Bed SW' ventilation flow rate, 55 cfm, is greater than the code minimum, 34 cfm. evaluating rule: Set CHECKCODE Spc:VentFlow  (25:'Space-Ventilation.rule' line 2828)
2020-01-16 15:15:02 - Warning:  Residential space 'F2-9 Studio NE' ventilation flow rate, 31 cfm, is greater than the code minimum, 22 cfm. evaluating rule: Set CHECKCODE Spc:VentFlow  (25:'Space-Ventilation.rule' line 2828)
2020-01-16 15:15:02 - Warning:  Residential space 'F2-9 Studio NW' ventilation flow rate, 31 cfm, is greater than the code minimum, 22 cfm. evaluating rule: Set CHECKCODE Spc:VentFlow  (25:'Space-Ventilation.rule' line 2828)
2020-01-16 15:15:02 - Warning:  Residential space 'F10 1-Bed NE' ventilation flow rate, 38 cfm, is greater than the code minimum, 22 cfm. evaluating rule: Set CHECKCODE Spc:VentFlow  (25:'Space-Ventilation.rule' line 2828)
2020-01-16 15:15:02 - Warning:  Residential space 'F10 1-Bed NW' ventilation flow rate, 38 cfm, is greater than the code minimum, 22 cfm. evaluating rule: Set CHECKCODE Spc:VentFlow  (25:'Space-Ventilation.rule' line 2828)
2020-01-16 15:15:02 - Warning:  Residential space 'F10 1-Bed SE Inner' ventilation flow rate, 38 cfm, is greater than the code minimum, 22 cfm. evaluating rule: Set CHECKCODE Spc:VentFlow  (25:'Space-Ventilation.rule' line 2828)
2020-01-16 15:15:02 - Warning:  Residential space 'F10 1-Bed SE Outer' ventilation flow rate, 38 cfm, is greater than the code minimum, 22 cfm. evaluating rule: Set CHECKCODE Spc:VentFlow  (25:'Space-Ventilation.rule' line 2828)
2020-01-16 15:15:02 - Warning:  Residential space 'F10 1-Bed SW Inner' ventilation flow rate, 38 cfm, is greater than the code minimum, 22 cfm. evaluating rule: Set CHECKCODE Spc:VentFlow  (25:'Space-Ventilation.rule' line 2828)
2020-01-16 15:15:02 - Warning:  Residential space 'F10 1-Bed SW Outer' ventilation flow rate, 38 cfm, is greater than the code minimum, 22 cfm. evaluating rule: Set CHECKCODE Spc:VentFlow  (25:'Space-Ventilation.rule' line 2828)
2020-01-16 15:15:02 - Warning:  Residential space 'F10 2-Bed N Core' ventilation flow rate, 55 cfm, is greater than the code minimum, 34 cfm. evaluating rule: Set CHECKCODE Spc:VentFlow  (25:'Space-Ventilation.rule' line 2828)
2020-01-16 15:15:02 - Warning:  Residential space 'F10 2-Bed NE' ventilation flow rate, 55 cfm, is greater than the code minimum, 34 cfm. evaluating rule: Set CHECKCODE Spc:VentFlow  (25:'Space-Ventilation.rule' line 2828)
2020-01-16 15:15:02 - Warning:  Residential space 'F10 2-Bed NW' ventilation flow rate, 55 cfm, is greater than the code minimum, 34 cfm. evaluating rule: Set CHECKCODE Spc:VentFlow  (25:'Space-Ventilation.rule' line 2828)
2020-01-16 15:15:02 - Warning:  Residential space 'F10 2-Bed SE' ventilation flow rate, 55 cfm, is greater than the code minimum, 34 cfm. evaluating rule: Set CHECKCODE Spc:VentFlow  (25:'Space-Ventilation.rule' line 2828)
2020-01-16 15:15:02 - Warning:  Residential space 'F10 2-Bed SW' ventilation flow rate, 55 cfm, is greater than the code minimum, 34 cfm. evaluating rule: Set CHECKCODE Spc:VentFlow  (25:'Space-Ventilation.rule' line 2828)
2020-01-16 15:15:02 - Warning:  Residential space 'F10 Studio NE' ventilation flow rate, 31 cfm, is greater than the code minimum, 22 cfm. evaluating rule: Set CHECKCODE Spc:VentFlow  (25:'Space-Ventilation.rule' line 2828)
2020-01-16 15:15:02 - Warning:  Residential space 'F10 Studio NW' ventilation flow rate, 31 cfm, is greater than the code minimum, 22 cfm. evaluating rule: Set CHECKCODE Spc:VentFlow  (25:'Space-Ventilation.rule' line 2828)
2020-01-16 15:15:02 - Warning:  The spaces assigned to thermal zone 'Thermal Zone: F1 Lounge' have cooling unmet load hour limits ranging from 150 to 8760. All spaces in the zone will be held to the minimum UMLH limit. evaluating rule: Set CHECKCODE ThrmlZn:ClgUMLHLimit  (60:'ThermalZone-General.rule' line 1738)
2020-01-16 15:15:02 - Warning:  The spaces assigned to thermal zone 'Thermal Zone: F1 Lounge' have heating unmet load hour limits ranging from 150 to 8760. All spaces in the zone will be held to the minimum UMLH limit. evaluating rule: Set CHECKCODE ThrmlZn:HtgUMLHLimit  (60:'ThermalZone-General.rule' line 1765)
2020-01-16 15:15:02 - Warning:  ThermalZone 'Thermal Zone: F1 Business Center' has no HVAC, or HasUnknownHVAC is checked. A baseline system will be modeled for this zone. If a proposed HVAC system has been specified, it will be ignored. evaluating rule: Set CHECKCODE ThrmlZn:CreateBaseHVAC  (63:'BaselineHVACSystems-T24N.rule' line 680)
2020-01-16 15:15:02 - Warning:  ThermalZone 'Thermal Zone: F1 Fitness Center' has no HVAC, or HasUnknownHVAC is checked. A baseline system will be modeled for this zone. If a proposed HVAC system has been specified, it will be ignored. evaluating rule: Set CHECKCODE ThrmlZn:CreateBaseHVAC  (63:'BaselineHVACSystems-T24N.rule' line 680)
2020-01-16 15:15:02 - Warning:  ThermalZone 'Thermal Zone: F1 Leasing Office' has no HVAC, or HasUnknownHVAC is checked. A baseline system will be modeled for this zone. If a proposed HVAC system has been specified, it will be ignored. evaluating rule: Set CHECKCODE ThrmlZn:CreateBaseHVAC  (63:'BaselineHVACSystems-T24N.rule' line 680)
2020-01-16 15:15:02 - Warning:  ThermalZone 'Thermal Zone: F1 Lounge' has no HVAC, or HasUnknownHVAC is checked. A baseline system will be modeled for this zone. If a proposed HVAC system has been specified, it will be ignored. evaluating rule: Set CHECKCODE ThrmlZn:CreateBaseHVAC  (63:'BaselineHVACSystems-T24N.rule' line 680)
2020-01-16 15:15:02 - Warning:  ThermalZone 'Thermal Zone: F1 Retail E Core' has no HVAC, or HasUnknownHVAC is checked. A baseline system will be modeled for this zone. If a proposed HVAC system has been specified, it will be ignored. evaluating rule: Set CHECKCODE ThrmlZn:CreateBaseHVAC  (63:'BaselineHVACSystems-T24N.rule' line 680)
2020-01-16 15:15:02 - Warning:  ThermalZone 'Thermal Zone: F1 Retail E Outer' has no HVAC, or HasUnknownHVAC is checked. A baseline system will be modeled for this zone. If a proposed HVAC system has been specified, it will be ignored. evaluating rule: Set CHECKCODE ThrmlZn:CreateBaseHVAC  (63:'BaselineHVACSystems-T24N.rule' line 680)
2020-01-16 15:15:02 - Warning:  ThermalZone 'Thermal Zone: F1 Retail W Core' has no HVAC, or HasUnknownHVAC is checked. A baseline system will be modeled for this zone. If a proposed HVAC system has been specified, it will be ignored. evaluating rule: Set CHECKCODE ThrmlZn:CreateBaseHVAC  (63:'BaselineHVACSystems-T24N.rule' line 680)
2020-01-16 15:15:02 - Warning:  ThermalZone 'Thermal Zone: F1 Retail W Outer' has no HVAC, or HasUnknownHVAC is checked. A baseline system will be modeled for this zone. If a proposed HVAC system has been specified, it will be ignored. evaluating rule: Set CHECKCODE ThrmlZn:CreateBaseHVAC  (63:'BaselineHVACSystems-T24N.rule' line 680)
2020-01-16 15:15:02 - Warning:  ThermalZone 'Thermal Zone: F10 1-Bed N' has no HVAC, or HasUnknownHVAC is checked. A baseline system will be modeled for this zone. If a proposed HVAC system has been specified, it will be ignored. evaluating rule: Set CHECKCODE ThrmlZn:CreateBaseHVAC  (63:'BaselineHVACSystems-T24N.rule' line 680)
2020-01-16 15:15:02 - Warning:  ThermalZone 'Thermal Zone: F10 1-Bed SE' has no HVAC, or HasUnknownHVAC is checked. A baseline system will be modeled for this zone. If a proposed HVAC system has been specified, it will be ignored. evaluating rule: Set CHECKCODE ThrmlZn:CreateBaseHVAC  (63:'BaselineHVACSystems-T24N.rule' line 680)
2020-01-16 15:15:02 - Warning:  ThermalZone 'Thermal Zone: F10 1-Bed SW' has no HVAC, or HasUnknownHVAC is checked. A baseline system will be modeled for this zone. If a proposed HVAC system has been specified, it will be ignored. evaluating rule: Set CHECKCODE ThrmlZn:CreateBaseHVAC  (63:'BaselineHVACSystems-T24N.rule' line 680)
2020-01-16 15:15:02 - Warning:  ThermalZone 'Thermal Zone: F10 2-Bed N Core' has no HVAC, or HasUnknownHVAC is checked. A baseline system will be modeled for this zone. If a proposed HVAC system has been specified, it will be ignored. evaluating rule: Set CHECKCODE ThrmlZn:CreateBaseHVAC  (63:'BaselineHVACSystems-T24N.rule' line 680)
2020-01-16 15:15:02 - Warning:  ThermalZone 'Thermal Zone: F10 2-Bed NE' has no HVAC, or HasUnknownHVAC is checked. A baseline system will be modeled for this zone. If a proposed HVAC system has been specified, it will be ignored. evaluating rule: Set CHECKCODE ThrmlZn:CreateBaseHVAC  (63:'BaselineHVACSystems-T24N.rule' line 680)
2020-01-16 15:15:02 - Warning:  ThermalZone 'Thermal Zone: F10 2-Bed NW' has no HVAC, or HasUnknownHVAC is checked. A baseline system will be modeled for this zone. If a proposed HVAC system has been specified, it will be ignored. evaluating rule: Set CHECKCODE ThrmlZn:CreateBaseHVAC  (63:'BaselineHVACSystems-T24N.rule' line 680)
2020-01-16 15:15:02 - Warning:  ThermalZone 'Thermal Zone: F10 2-Bed SE' has no HVAC, or HasUnknownHVAC is checked. A baseline system will be modeled for this zone. If a proposed HVAC system has been specified, it will be ignored. evaluating rule: Set CHECKCODE ThrmlZn:CreateBaseHVAC  (63:'BaselineHVACSystems-T24N.rule' line 680)
2020-01-16 15:15:02 - Warning:  ThermalZone 'Thermal Zone: F10 2-Bed SW' has no HVAC, or HasUnknownHVAC is checked. A baseline system will be modeled for this zone. If a proposed HVAC system has been specified, it will be ignored. evaluating rule: Set CHECKCODE ThrmlZn:CreateBaseHVAC  (63:'BaselineHVACSystems-T24N.rule' line 680)
2020-01-16 15:15:02 - Warning:  ThermalZone 'Thermal Zone: F10 Corridor' has no HVAC, or HasUnknownHVAC is checked. A baseline system will be modeled for this zone. If a proposed HVAC system has been specified, it will be ignored. evaluating rule: Set CHECKCODE ThrmlZn:CreateBaseHVAC  (63:'BaselineHVACSystems-T24N.rule' line 680)
2020-01-16 15:15:02 - Warning:  ThermalZone 'Thermal Zone: F10 Laundry' has no HVAC, or HasUnknownHVAC is checked. A baseline system will be modeled for this zone. If a proposed HVAC system has been specified, it will be ignored. evaluating rule: Set CHECKCODE ThrmlZn:CreateBaseHVAC  (63:'BaselineHVACSystems-T24N.rule' line 680)
2020-01-16 15:15:02 - Warning:  ThermalZone 'Thermal Zone: F10 Studio N' has no HVAC, or HasUnknownHVAC is checked. A baseline system will be modeled for this zone. If a proposed HVAC system has been specified, it will be ignored. evaluating rule: Set CHECKCODE ThrmlZn:CreateBaseHVAC  (63:'BaselineHVACSystems-T24N.rule' line 680)
2020-01-16 15:15:02 - Warning:  ThermalZone 'Thermal Zone: F2-9 1-Bed N' has no HVAC, or HasUnknownHVAC is checked. A baseline system will be modeled for this zone. If a proposed HVAC system has been specified, it will be ignored. evaluating rule: Set CHECKCODE ThrmlZn:CreateBaseHVAC  (63:'BaselineHVACSystems-T24N.rule' line 680)
2020-01-16 15:15:02 - Warning:  ThermalZone 'Thermal Zone: F2-9 1-Bed SE' has no HVAC, or HasUnknownHVAC is checked. A baseline system will be modeled for this zone. If a proposed HVAC system has been specified, it will be ignored. evaluating rule: Set CHECKCODE ThrmlZn:CreateBaseHVAC  (63:'BaselineHVACSystems-T24N.rule' line 680)
2020-01-16 15:15:02 - Warning:  ThermalZone 'Thermal Zone: F2-9 1-Bed SW' has no HVAC, or HasUnknownHVAC is checked. A baseline system will be modeled for this zone. If a proposed HVAC system has been specified, it will be ignored. evaluating rule: Set CHECKCODE ThrmlZn:CreateBaseHVAC  (63:'BaselineHVACSystems-T24N.rule' line 680)
2020-01-16 15:15:02 - Warning:  ThermalZone 'Thermal Zone: F2-9 2-Bed N Core' has no HVAC, or HasUnknownHVAC is checked. A baseline system will be modeled for this zone. If a proposed HVAC system has been specified, it will be ignored. evaluating rule: Set CHECKCODE ThrmlZn:CreateBaseHVAC  (63:'BaselineHVACSystems-T24N.rule' line 680)
2020-01-16 15:15:02 - Warning:  ThermalZone 'Thermal Zone: F2-9 2-Bed NE' has no HVAC, or HasUnknownHVAC is checked. A baseline system will be modeled for this zone. If a proposed HVAC system has been specified, it will be ignored. evaluating rule: Set CHECKCODE ThrmlZn:CreateBaseHVAC  (63:'BaselineHVACSystems-T24N.rule' line 680)
2020-01-16 15:15:02 - Warning:  ThermalZone 'Thermal Zone: F2-9 2-Bed NW' has no HVAC, or HasUnknownHVAC is checked. A baseline system will be modeled for this zone. If a proposed HVAC system has been specified, it will be ignored. evaluating rule: Set CHECKCODE ThrmlZn:CreateBaseHVAC  (63:'BaselineHVACSystems-T24N.rule' line 680)
2020-01-16 15:15:02 - Warning:  ThermalZone 'Thermal Zone: F2-9 2-Bed SE' has no HVAC, or HasUnknownHVAC is checked. A baseline system will be modeled for this zone. If a proposed HVAC system has been specified, it will be ignored. evaluating rule: Set CHECKCODE ThrmlZn:CreateBaseHVAC  (63:'BaselineHVACSystems-T24N.rule' line 680)
2020-01-16 15:15:02 - Warning:  ThermalZone 'Thermal Zone: F2-9 2-Bed SW' has no HVAC, or HasUnknownHVAC is checked. A baseline system will be modeled for this zone. If a proposed HVAC system has been specified, it will be ignored. evaluating rule: Set CHECKCODE ThrmlZn:CreateBaseHVAC  (63:'BaselineHVACSystems-T24N.rule' line 680)
2020-01-16 15:15:02 - Warning:  ThermalZone 'Thermal Zone: F2-9 Corridor' has no HVAC, or HasUnknownHVAC is checked. A baseline system will be modeled for this zone. If a proposed HVAC system has been specified, it will be ignored. evaluating rule: Set CHECKCODE ThrmlZn:CreateBaseHVAC  (63:'BaselineHVACSystems-T24N.rule' line 680)
2020-01-16 15:15:02 - Warning:  ThermalZone 'Thermal Zone: F2-9 Laundry' has no HVAC, or HasUnknownHVAC is checked. A baseline system will be modeled for this zone. If a proposed HVAC system has been specified, it will be ignored. evaluating rule: Set CHECKCODE ThrmlZn:CreateBaseHVAC  (63:'BaselineHVACSystems-T24N.rule' line 680)
2020-01-16 15:15:02 - Warning:  ThermalZone 'Thermal Zone: F2-9 Studio N' has no HVAC, or HasUnknownHVAC is checked. A baseline system will be modeled for this zone. If a proposed HVAC system has been specified, it will be ignored. evaluating rule: Set CHECKCODE ThrmlZn:CreateBaseHVAC  (63:'BaselineHVACSystems-T24N.rule' line 680)
2020-01-16 15:32:44 -   PerfSim_E+ - Final Result: PASS  -- compliance margin: 0.33 (0.58%)
2020-01-16 15:32:45 - Analysis result:  PASS  (TDV margin: 0.33)  Processing time:  Overall 17:44 / SDD2IDF x4 avg 0:06 / SizSim x2 avg 0:35 / AnnSim x2 avg 7:58 / ReportGen x0 0:00 / Other 0:15
2020-01-16 15:32:45 -       ResultsSummary population:  bAbort = (false) / RuleProcAbort = (false) / iRetVal = 0 / pszResultsSummary = (empty) / iResultsSummaryLen = 3200
2020-01-16 15:32:45 -       ResultsSummary components1:  2020-01-16 15:32:45 / instance / High-Rise Mixed-Use (10-story) / CTZ04S22A / Title24Compliance / 17:44 / PASS / 0.33
2020-01-16 15:32:45 -       ResultsSummary components2:  CBECC-Com 2022.0.1 RV (1113) / BEMCmpMgr 2022.0.1 RV (6107) / CA 2022 Nonresidential, Vers. 1.0 Alpha / 1.11.3.f52686d8e1 / 9.0.1-bb7ca4f0da / - / C:\Users\agoyal\Documents\CBECC-Com 2022 Data\EPW\ / C:\Users\agoyal\Documents\GitHub\T24-2022-CASE-Modeling\framework\analysis\hvac\runs\hr-baseline\cz04\
2020-01-16 15:32:45 -       ResultsSummary:  2020-01-16 15:32:45,"instance","High-Rise Mixed-Use (10-story)","CTZ04S22A","Pol  0% RetAdd NoLeak",125400,150480,"Title24Compliance",17:44,PASS,0.33,"--","--","Successful (139 warnings)",7.32921,67866.5,53854.3,8892.27,39416.3,0,52162.5,222199,231906,0,181711,7549.85,0,0,643366,1376.98,0,0,0,0,0,0,1376.98,754.553,0,0,0,2131.54,0,0,0,0,0,0,0,0,0,0,0,0,0,2.87893,18.2021,12.5118,2.76269,8.77312,0,11.1919,56.3205,53.9902,0,42.0527,1.67527,0,0,154.039,149.725,4.31342,0,0,,0,0,,0,"--","--","Successful (141 warnings)",8.05749,67696.3,54112.6,8880.57,39269.7,0,52162.5,222130,231906,0,181711,7549.85,0,0,643296,1506.02,0,0,0,0,0,0,1506.02,754.553,0,0,0,2260.57,0,0,0,0,0,0,0,0,0,0,0,0,0,3.13984,18.1763,12.6309,2.75992,8.73958,0,11.1919,56.6385,53.9902,0,42.0527,1.67527,0,0,154.357,149.783,4.57417,0,0,,0,0,,0,2.34952e-05,16.842,10.6481,2.90955,5.59249,0,8.94753,44.9397,40.0913,0,31.5421,0.861855,0,0,117.435,1.61066e-05,16.6333,10.6345,2.88564,5.57857,0,8.94753,44.6796,40.0913,0,31.5421,0.861855,0,0,117.175,"CBECC-Com 2022.0.1 RV (1113)","BEMCmpMgr 2022.0.1 RV (6107)","CA 2022 Nonresidential, Vers. 1.0 Alpha","1.11.3.f52686d8e1","9.0.1-bb7ca4f0da","-","C:\Users\agoyal\Documents\CBECC-Com 2022 Data\EPW\","C:\Users\agoyal\Documents\GitHub\T24-2022-CASE-Modeling\framework\analysis\hvac\runs\hr-baseline\cz04\",0.00146831,7.03105,6.28823,0.95823,5.84586,0,5.74585,25.88,35.8106,0,31.324,1.23492,0,0,94.24,0.660244,0,0,0,0,0,0,0.66,0.361798,0,0,0,1.02,0.00158924,6.95252,6.26442,0.951308,5.815,0,5.74585,25.73,35.8106,0,31.324,1.23492,0,0,94.09,0.722115,0,0,0,0,0,0,0.72,0.361798,0,0,0,1.08,1.02289,1.05621,0.94462,0.143946,0.878166,0,0.863144,4.90897,5.93987,0,4.70549,0.185509,0,0,15.7398,1.11874,1.04441,0.941044,0.142906,0.873531,0,0.863144,4.98377,5.93987,0,4.70549,0.185509,0,0,15.8146,

2020-01-16 15:32:47 - -----------------------------------------------------------------------------
2020-01-16 15:32:47 - Opening Project 'cz04\instance.cibd22'...
2020-01-16 15:32:47 -    Model load successful into CBECC-Com 2022.0.1 RV (1113)
2020-01-16 15:32:48 - Performing Building Database check...
2020-01-16 15:32:48 - Building Database check completed, no problems found.
2020-01-16 15:32:49 - Project Saved
