---------------
EPROP.CSE(620): Info: C:\USERS\AGOYAL\DOCUMENTS\GITHUB\T24-2022-CASE-MODELING\FRAMEWORK\ANALYSIS\BASELINE-LRLC\RUNS\LRLC-BASELINE\CZ01\INSTANCE - COMP22\INSTANCE - PREPROP.CSE(620): Info: 
  DHWSys 'dhwsys-DHWGas': 
    'wsTSetpoint' is ignored -- no setpoint-aware DHWHEATERs in this DHWSYS.
---------------
Warning at hour/subhour 25/20 on autoSizing 25-Sep iteration 30:
  AutoSize pass 1A has not converged.  Abandoning after 30 iterations.
---------------
Warning: 
  R0140: zone 'Laundry1-zn' latent energy balance error for Sun 24-May: .00058 kBtu (0.001707)
---------------
Warning: 
  R0140: zone 'Laundry1-zn' latent energy balance error for Sun 11-Oct: .00066 kBtu (0.003437)
---------------
Warning: Total 'Laundry1-zn' short-interval energy balance error count = 2
---------------
Warning: Zone 'Corridor1-zn': Condensation occurred in 608 subhours of run.
    Total condensation heat = 11.2188 kBtu.
---------------
Warning: 
  Zone 'BusinessCenter1-zn': Condensation occurred in 18711 subhours of run.
    Total condensation heat = 430.113 kBtu.
---------------
Warning: 
  Zone 'BusinessCenter1-zn': Unmet cooling loads during 367 hours of run.
---------------
Warning: 
  Zone 'FitnessCenter1-zn': Condensation occurred in 71586 subhours of run.
    Total condensation heat = 4096.35 kBtu.
---------------
Warning: Zone 'Laundry1-zn': Unmet cooling loads during 4 hours of run.
---------------
Warning: Zone 'Lobby1-zn': Condensation occurred in 51327 subhours of run.
    Total condensation heat = 4468.37 kBtu.
---------------
Warning: Zone 'Lobby1-zn': Unmet cooling loads during 126 hours of run.
---------------
Warning: 
  Zone 'MechanicalRoom1-zn': Unmet heating loads during 3050 hours of run.
---------------
Warning: Zone 'Corridor2-zn': Condensation occurred in 551 subhours of run.
    Total condensation heat = 11.9957 kBtu.
---------------
Warning: Zone 'Corridor3-zn': Condensation occurred in 1331 subhours of run.
    Total condensation heat = 44.3177 kBtu.
---------------
Warning: Zone 'Stairs3-zn': Condensation occurred in 31 subhours of run.
    Total condensation heat = 0.15654 kBtu.
---------------
Warning: Zone 'Attic-atc': Condensation occurred in 32748 subhours of run.
    Total condensation heat = 5553.52 kBtu.
---------------
