2020-11-04 20:41:34 - -----------------------------------------------------------------------------
2020-11-04 20:41:34 - Opening Project 'cz05\instance.cibd22'...
2020-11-04 20:41:35 -    Model load successful into CBECC-Com 2022.0.1 RV (1113)
2020-11-04 20:41:35 - Performing Building Database check...
2020-11-04 20:41:35 - Building Database check completed, no problems found.
2020-11-04 20:41:40 -   PerfAnal_NRes - starting, w/ arguments:
2020-11-04 20:41:40 -        BEMBasePathFile    = (null)
2020-11-04 20:41:40 -        RulesetPathFile    = (null)
2020-11-04 20:41:40 -        SimWeatherPath     = C:\Documents\CBECC-Com 2022 Data\EPW\
2020-11-04 20:41:40 -        CompMgrDLLPath     = (null)
2020-11-04 20:41:40 -        DHWWeatherPath     = (null)
2020-11-04 20:41:40 -        ProcessingPath     = C:\GitHub\T24-2022-CASE-Modeling\framework\analysis\env-res\runs\hr-winblend-3824-hp\cz05\instance - run\
2020-11-04 20:41:40 -        ModelPathFile      = C:\GitHub\T24-2022-CASE-Modeling\framework\analysis\env-res\runs\hr-winblend-3824-hp\cz05\instance.cibd22
2020-11-04 20:41:40 -        LogPathFile        = (null)
2020-11-04 20:41:40 -        UIVersionString    = CBECC-Com 2022.0.1 RV (1113)
2020-11-04 20:41:40 -        LoadModelFile      = false
2020-11-04 20:41:40 -        OptionsCSV         = AllowAnalysisAbort,0,AnalysisThruStep,8,ModelRpt_ALL,1,SimulationStorage,0,AnalysisStorage,0,ExportHourlyResults_All,1,PromptUserUMLHWarning,1,PreAnalysisCheckPromptOption,3,CompReportWarningOption,5,
2020-11-04 20:41:40 -        ErrorMsg           = (assumed to be initialized)
2020-11-04 20:41:40 -        ErrorMsgLen        = 2056
2020-11-04 20:41:40 -        DisplayProgress    = true
2020-11-04 20:41:40 -        ResultsSummary     = (empty)
2020-11-04 20:41:40 -        ResultsSummaryLen  = 3200
2020-11-04 20:41:40 -        pProgCallbackFunc  = (null)
2020-11-04 20:41:40 - Performing Building Database check...
2020-11-04 20:41:40 - Building Database check completed, no problems found.
2020-11-04 20:41:40 - Warning:  The following developer options must be defaulted (not specified by the user) in order to perform a valid compliance analysis:
          Proj 'High-Rise Mixed-Use (10-story)' DefaultDayltgCtrls
          Proj 'High-Rise Mixed-Use (10-story)' AutoHardSize
          Proj 'High-Rise Mixed-Use (10-story)' AutoEffInput
2020-11-04 20:41:41 -    1 file hash check(s) failed on executable and/or analysis support files (analysis continuing w/ report signature disabled)
2020-11-04 20:41:43 -   PerfAnal_NRes - AnalysisThruStep being set to #7 due to Proj:AnalysisType = Title24ProposedOnly
2020-11-04 20:41:43 - Performing Building Database check...
2020-11-04 20:41:43 - Building Database check completed, no problems found.
2020-11-04 20:41:44 - Warning:  The spaces assigned to thermal zone 'Thermal Zone: F1 Lounge' have cooling unmet load hour limits ranging from 150 to 8760. All spaces in the zone will be held to the minimum UMLH limit. evaluating rule: Set CHECKCODE ThrmlZn:ClgUMLHLimit  (60:'ThermalZone-General.rule' line 1738)
2020-11-04 20:41:44 - Warning:  The spaces assigned to thermal zone 'Thermal Zone: F1 Lounge' have heating unmet load hour limits ranging from 150 to 8760. All spaces in the zone will be held to the minimum UMLH limit. evaluating rule: Set CHECKCODE ThrmlZn:HtgUMLHLimit  (60:'ThermalZone-General.rule' line 1765)
2020-11-04 20:41:45 -   PerfAnal_NRes - Bypassing OpenStudio (and simulation) for zp model
2020-11-04 20:41:47 -   PerfAnal_NRes - Bypassing OpenStudio (and simulation) for zb model
2020-11-04 20:47:02 - Error:  Undefined data: numerator evaluating rule: Set ANNUAL_BASELINE Fan:FlowCap  (75:'HVACSecondary-Fan-General.rule' line 494)
2020-11-04 20:47:02 - Error:  Undefined data: numerator evaluating rule: Set ANNUAL_BASELINE Fan:FlowCap  (75:'HVACSecondary-Fan-General.rule' line 494)
2020-11-04 20:47:02 - Error:  Undefined data: numerator evaluating rule: Set ANNUAL_BASELINE Fan:FlowCap  (75:'HVACSecondary-Fan-General.rule' line 494)
2020-11-04 20:47:02 - Error:  Undefined data: numerator evaluating rule: Set ANNUAL_BASELINE Fan:FlowCap  (75:'HVACSecondary-Fan-General.rule' line 529)
2020-11-04 20:47:02 - Error:  Undefined data: numerator evaluating rule: Set ANNUAL_BASELINE Fan:FlowCap  (75:'HVACSecondary-Fan-General.rule' line 529)
2020-11-04 20:47:02 - Error:  Undefined data: numerator evaluating rule: Set ANNUAL_BASELINE Fan:FlowCap  (75:'HVACSecondary-Fan-General.rule' line 529)
2020-11-04 20:47:02 - Error:  Undefined data: numerator evaluating rule: Set ANNUAL_BASELINE Fan:FlowCap  (75:'HVACSecondary-Fan-General.rule' line 529)
2020-11-04 20:47:02 - Error:  Undefined data: numerator evaluating rule: Set ANNUAL_BASELINE Fan:FlowCap  (75:'HVACSecondary-Fan-General.rule' line 529)
2020-11-04 20:47:02 - Error:  Undefined data: numerator evaluating rule: Set ANNUAL_BASELINE Fan:FlowCap  (75:'HVACSecondary-Fan-General.rule' line 529)
2020-11-04 20:47:02 - Error:  Undefined data: numerator evaluating rule: Set ANNUAL_BASELINE Fan:FlowCap  (75:'HVACSecondary-Fan-General.rule' line 529)
2020-11-04 20:47:02 - Error:  Undefined data: numerator evaluating rule: Set ANNUAL_BASELINE Fan:FlowCap  (75:'HVACSecondary-Fan-General.rule' line 529)
2020-11-04 20:47:02 - Error:  Undefined data: numerator evaluating rule: Set ANNUAL_BASELINE Fan:FlowCap  (75:'HVACSecondary-Fan-General.rule' line 529)
2020-11-04 20:47:02 - Error:  Undefined data: numerator evaluating rule: Set ANNUAL_BASELINE Fan:FlowCap  (75:'HVACSecondary-Fan-General.rule' line 529)
2020-11-04 20:47:02 - Error:  Undefined data: numerator evaluating rule: Set ANNUAL_BASELINE Fan:FlowCap  (75:'HVACSecondary-Fan-General.rule' line 529)
2020-11-04 20:47:02 - Error:  Undefined data: numerator evaluating rule: Set ANNUAL_BASELINE Fan:FlowCap  (75:'HVACSecondary-Fan-General.rule' line 529)
2020-11-04 20:47:02 - Error:  Undefined data: numerator evaluating rule: Set ANNUAL_BASELINE Fan:FlowCap  (75:'HVACSecondary-Fan-General.rule' line 529)
2020-11-04 20:47:02 - Error:  Undefined data: numerator evaluating rule: Set ANNUAL_BASELINE Fan:FlowCap  (75:'HVACSecondary-Fan-General.rule' line 529)
2020-11-04 20:47:02 - Error:  Undefined data: numerator evaluating rule: Set ANNUAL_BASELINE Fan:FlowCap  (75:'HVACSecondary-Fan-General.rule' line 529)
2020-11-04 20:47:02 - Error:  Undefined data: numerator evaluating rule: Set ANNUAL_BASELINE Fan:FlowCap  (75:'HVACSecondary-Fan-General.rule' line 529)
2020-11-04 20:47:02 - Error:  Undefined data: numerator evaluating rule: Set ANNUAL_BASELINE Fan:FlowCap  (75:'HVACSecondary-Fan-General.rule' line 529)
2020-11-04 20:47:02 - Error:  Undefined data: numerator evaluating rule: Set ANNUAL_BASELINE Fan:FlowCap  (75:'HVACSecondary-Fan-General.rule' line 529)
2020-11-04 20:47:02 - Error:  Division by zero evaluating rule: Set ANNUAL_BASELINE ThrmlZn:PriAirCondgSysDsgnFlow  (76:'HVACSecondary-Fan-FanRatios.rule' line 67)
2020-11-04 20:47:02 - Error:  Division by zero evaluating rule: Set ANNUAL_BASELINE ThrmlZn:PriAirCondgSysDsgnFlow  (76:'HVACSecondary-Fan-FanRatios.rule' line 67)
2020-11-04 20:47:02 - Error:  Division by zero evaluating rule: Set ANNUAL_BASELINE ThrmlZn:PriAirCondgSysDsgnFlow  (76:'HVACSecondary-Fan-FanRatios.rule' line 67)
2020-11-04 20:47:02 - Error:  Division by zero evaluating rule: Set ANNUAL_BASELINE ThrmlZn:PriAirCondgSysDsgnFlow  (76:'HVACSecondary-Fan-FanRatios.rule' line 67)
2020-11-04 20:47:02 - Error:  Division by zero evaluating rule: Set ANNUAL_BASELINE ThrmlZn:PriAirCondgSysDsgnFlow  (76:'HVACSecondary-Fan-FanRatios.rule' line 67)
2020-11-04 20:47:02 - Error:  Division by zero evaluating rule: Set ANNUAL_BASELINE ThrmlZn:PriAirCondgSysDsgnFlow  (76:'HVACSecondary-Fan-FanRatios.rule' line 67)
2020-11-04 20:47:02 - Error:  Division by zero evaluating rule: Set ANNUAL_BASELINE ThrmlZn:PriAirCondgSysDsgnFlow  (76:'HVACSecondary-Fan-FanRatios.rule' line 67)
2020-11-04 20:47:02 - Error:  Division by zero evaluating rule: Set ANNUAL_BASELINE ThrmlZn:PriAirCondgSysDsgnFlow  (76:'HVACSecondary-Fan-FanRatios.rule' line 67)
2020-11-04 20:47:02 - Error:  Division by zero evaluating rule: Set ANNUAL_BASELINE ThrmlZn:PriAirCondgSysDsgnFlow  (76:'HVACSecondary-Fan-FanRatios.rule' line 67)
2020-11-04 20:47:02 - Error:  Division by zero evaluating rule: Set ANNUAL_BASELINE ThrmlZn:PriAirCondgSysDsgnFlow  (76:'HVACSecondary-Fan-FanRatios.rule' line 67)
2020-11-04 20:47:02 - Error:  Division by zero evaluating rule: Set ANNUAL_BASELINE ThrmlZn:PriAirCondgSysDsgnFlow  (76:'HVACSecondary-Fan-FanRatios.rule' line 67)
2020-11-04 20:47:02 - Error:  Division by zero evaluating rule: Set ANNUAL_BASELINE ThrmlZn:PriAirCondgSysDsgnFlow  (76:'HVACSecondary-Fan-FanRatios.rule' line 67)
2020-11-04 20:47:02 - Error:  Division by zero evaluating rule: Set ANNUAL_BASELINE ThrmlZn:VentSysDsgnFlow  (76:'HVACSecondary-Fan-FanRatios.rule' line 111)
2020-11-04 20:47:02 - Error:  Division by zero evaluating rule: Set ANNUAL_BASELINE ThrmlZn:VentSysDsgnFlow  (76:'HVACSecondary-Fan-FanRatios.rule' line 111)
2020-11-04 20:47:02 - Error:  Division by zero evaluating rule: Set ANNUAL_BASELINE ThrmlZn:VentSysDsgnFlow  (76:'HVACSecondary-Fan-FanRatios.rule' line 111)
2020-11-04 20:47:02 - Error:  Division by zero evaluating rule: Set ANNUAL_BASELINE ThrmlZn:VentSysDsgnFlow  (76:'HVACSecondary-Fan-FanRatios.rule' line 111)
2020-11-04 20:47:02 - Error:  Division by zero evaluating rule: Set ANNUAL_BASELINE ThrmlZn:VentSysDsgnFlow  (76:'HVACSecondary-Fan-FanRatios.rule' line 111)
2020-11-04 20:47:02 - Error:  Division by zero evaluating rule: Set ANNUAL_BASELINE ThrmlZn:VentSysDsgnFlow  (76:'HVACSecondary-Fan-FanRatios.rule' line 111)
2020-11-04 20:47:02 - Error:  Division by zero evaluating rule: Set ANNUAL_BASELINE ThrmlZn:VentSysDsgnFlow  (76:'HVACSecondary-Fan-FanRatios.rule' line 111)
2020-11-04 20:47:02 - Error:  Division by zero evaluating rule: Set ANNUAL_BASELINE ThrmlZn:VentSysDsgnFlow  (76:'HVACSecondary-Fan-FanRatios.rule' line 111)
2020-11-04 20:47:02 - Error:  Division by zero evaluating rule: Set ANNUAL_BASELINE ThrmlZn:VentSysDsgnFlow  (76:'HVACSecondary-Fan-FanRatios.rule' line 111)
2020-11-04 20:47:02 - Error:  Division by zero evaluating rule: Set ANNUAL_BASELINE ThrmlZn:VentSysDsgnFlow  (76:'HVACSecondary-Fan-FanRatios.rule' line 111)
2020-11-04 20:47:02 - Error:  Division by zero evaluating rule: Set ANNUAL_BASELINE ThrmlZn:VentSysDsgnFlow  (76:'HVACSecondary-Fan-FanRatios.rule' line 111)
2020-11-04 20:47:02 - Error:  Division by zero evaluating rule: Set ANNUAL_BASELINE ThrmlZn:VentSysDsgnFlow  (76:'HVACSecondary-Fan-FanRatios.rule' line 111)
2020-11-04 20:47:03 -   PerfAnal_NRes - Bypassing OpenStudio (and simulation) for ab model
2020-11-04 20:47:03 -   PerfAnal_NRes - Completed analysis steps thru #7
2020-11-04 20:47:03 - Analysis incomplete  Processing time:  Overall 5:23 / SDD2IDF x2 avg 0:08 / SizSim x0 0:00 / AnnSim x2 avg 2:21 / ReportGen x0 0:00 / Other 0:21
2020-11-04 20:47:03 -       ResultsSummary population:  bAbort = (false) / RuleProcAbort = (false) / iRetVal = 0 / pszResultsSummary = (empty) / iResultsSummaryLen = 3200
2020-11-04 20:47:03 -       ResultsSummary components1:  2020-11-04 20:47:03 / instance / High-Rise Mixed-Use (10-story) / CTZ05S22A / Title24ProposedOnly / 5:23 /  / 
2020-11-04 20:47:03 -       ResultsSummary components2:  CBECC-Com 2022.0.1 RV (1113) / BEMCmpMgr 2022.0.1 RV (6107) / CA 2022 Nonresidential, Vers. 1.0 Alpha /  /  / - / C:\Documents\CBECC-Com 2022 Data\EPW\ / C:\GitHub\T24-2022-CASE-Modeling\framework\analysis\env-res\runs\hr-winblend-3824-hp\cz05\
2020-11-04 20:47:03 -       ResultsSummary:  2020-11-04 20:47:03,"instance","High-Rise Mixed-Use (10-story)","CTZ05S22A","Pol  0% RetAdd NoLeak",125400,150480,"Title24ProposedOnly",5:23,,,"--","--","Successful (260 warnings)",18429.1,35273.8,53179.8,80.6973,4106.4,1088.9,52136.2,164295,274496,19205.8,47456.3,6890.07,0,0,512344,1006.27,0,0,0,0,9498.58,0,10504.9,1576.89,2595.88,0,0,14677.6,0,0,0,0,0,0,0,0,0,0,0,0,0,6.72897,8.44098,11.9221,0.0187842,0.871984,18.3916,10.8524,57.2267,65.1015,9.42358,11.7507,1.53497,0,0,145.037,116.921,28.1165,0,0,,0,32.75,"Thermal Zone: F10 1-Bed N",0,"--","--","",0,0,0,0,0,0,0,0,0,0,0,0,0,0,0,0,0,0,0,0,0,0,0,0,0,0,0,0,0,0,0,0,0,0,0,0,0,0,0,0,0,0,0,0,0,0,0,0,0,0,0,0,0,0,0,0,0,0,0,,,,,,,8.24541e-05,9.58611,7.60016,0.00921343,1.07213,0.124303,8.98072,27.3727,43.2848,2.98676,9.36022,0.786538,0,0,83.7911,0,0,0,0,0,0,0,0,0,0,0,0,0,0,0,"CBECC-Com 2022.0.1 RV (1113)","BEMCmpMgr 2022.0.1 RV (6107)","CA 2022 Nonresidential, Vers. 1.0 Alpha","","","-","C:\Documents\CBECC-Com 2022 Data\EPW\","C:\GitHub\T24-2022-CASE-Modeling\framework\analysis\env-res\runs\hr-winblend-3824-hp\cz05\",4.33155,3.11787,7.86965,0.00512172,0.339816,0.178109,5.73429,21.58,42.6316,3.29781,8.50114,1.127,0,0,77.14,0.482495,0,0,0,0,4.55444,0,5.03,0.756098,1.24469,0,0,7.03,0,0,0,0,0,0,0,0,0,0,0,0,0,0,0,0,0,0,0,0,0,0,0,0,0,0,0,0,1.39803,0.468368,1.18218,0.000769378,0.0510473,7.08122,0.861408,11.043,7.57526,2.42333,1.27704,0.169298,0,0,22.4879,0,0,0,0,0,0,0,0,0,0,0,0,0,0,0,

2020-11-04 20:47:08 - -----------------------------------------------------------------------------
2020-11-04 20:47:08 - Opening Project 'cz05\instance.cibd22'...
2020-11-04 20:47:08 -    Model load successful into CBECC-Com 2022.0.1 RV (1113)
2020-11-04 20:47:09 - Performing Building Database check...
2020-11-04 20:47:09 - Building Database check completed, no problems found.
2020-11-04 20:47:12 - Error writing enumeration property for Mat 'MetalFrameWall16inOC R21.00', property CavityInsOpt (previously 'R-21' (?))
2020-11-04 20:47:12 - Project Saved
