2020-02-20 14:56:27 - -----------------------------------------------------------------------------
2020-02-20 14:56:27 - Opening Project 'cz12\instance.cibd22'...
2020-02-20 14:56:28 -    Model load successful into CBECC-Com 2022.0.1 RV (1113)
2020-02-20 14:56:29 - Performing Building Database check...
2020-02-20 14:56:29 - Building Database check completed, no problems found.
2020-02-20 14:56:34 -   PerfAnal_NRes - starting, w/ arguments:
2020-02-20 14:56:34 -        BEMBasePathFile    = (null)
2020-02-20 14:56:34 -        RulesetPathFile    = (null)
2020-02-20 14:56:34 -        SimWeatherPath     = C:\Users\agoyal\Documents\CBECC-Com 2022 Data\EPW\
2020-02-20 14:56:34 -        CompMgrDLLPath     = (null)
2020-02-20 14:56:34 -        DHWWeatherPath     = (null)
2020-02-20 14:56:34 -        ProcessingPath     = C:\Users\agoyal\Documents\GitHub\T24-2022-CASE-Modeling\framework\analysis\hpte\runs\mumr-winf-propcomb\cz12\instance - run\
2020-02-20 14:56:34 -        ModelPathFile      = C:\Users\agoyal\Documents\GitHub\T24-2022-CASE-Modeling\framework\analysis\hpte\runs\mumr-winf-propcomb\cz12\instance.cibd22
2020-02-20 14:56:34 -        LogPathFile        = (null)
2020-02-20 14:56:34 -        UIVersionString    = CBECC-Com 2022.0.1 RV (1113)
2020-02-20 14:56:34 -        LoadModelFile      = false
2020-02-20 14:56:34 -        OptionsCSV         = AllowAnalysisAbort,0,StoreBEMDetails,1,AnalysisThruStep,8,ModelRpt_ALL,1,ExportHourlyResults_All,1,PromptUserUMLHWarning,1,PreAnalysisCheckPromptOption,3,CompReportWarningOption,5,
2020-02-20 14:56:34 -        ErrorMsg           = (assumed to be initialized)
2020-02-20 14:56:34 -        ErrorMsgLen        = 2056
2020-02-20 14:56:34 -        DisplayProgress    = true
2020-02-20 14:56:34 -        ResultsSummary     = (empty)
2020-02-20 14:56:34 -        ResultsSummaryLen  = 3200
2020-02-20 14:56:34 -        pProgCallbackFunc  = (null)
2020-02-20 14:56:35 - Performing Building Database check...
2020-02-20 14:56:35 - Building Database check completed, no problems found.
2020-02-20 14:56:35 - Warning:  The following developer options must be defaulted (not specified by the user) in order to perform a valid compliance analysis:
          Proj 'Mid-Rise Mixed-Use (5-story)' AutoHardSize
          Proj 'Mid-Rise Mixed-Use (5-story)' AutoEffInput
2020-02-20 14:56:35 -    1 file hash check(s) failed on executable and/or analysis support files (analysis continuing w/ report signature disabled)
2020-02-20 14:56:38 -   PerfAnal_NRes - AnalysisThruStep being set to #7 due to Proj:AnalysisType = Title24ProposedOnly
2020-02-20 14:56:38 - Performing Building Database check...
2020-02-20 14:56:38 - Building Database check completed, no problems found.
2020-02-20 14:56:38 - Warning:  The AirSystem:Count for multi-zone system 'DOAS1' is not consistent with the maximum or minimum ThermalZone:Multiplier of the zones the system serves. This indicates the HVAC system serves more than 1 floor, or that Multipliers or system Count may be improperly defined. Check inputs for consistency. evaluating rule: Set CHECKCODE AirSys:Cnt  (68:'HVACSecondary-General.rule' line 1398)
2020-02-20 14:56:43 -   PerfAnal_NRes - Bypassing OpenStudio (and simulation) for zp model
2020-02-20 14:56:46 -   PerfAnal_NRes - Bypassing OpenStudio (and simulation) for zb model
2020-02-20 15:01:12 - Error:  Undefined data: numerator evaluating rule: Set ANNUAL_BASELINE Fan:FlowCap  (75:'HVACSecondary-Fan-General.rule' line 494)
2020-02-20 15:01:12 - Error:  Undefined data: numerator evaluating rule: Set ANNUAL_BASELINE Fan:FlowCap  (75:'HVACSecondary-Fan-General.rule' line 494)
2020-02-20 15:01:12 - Error:  Undefined data: numerator evaluating rule: Set ANNUAL_BASELINE Fan:FlowCap  (75:'HVACSecondary-Fan-General.rule' line 494)
2020-02-20 15:01:12 - Error:  Undefined data: numerator evaluating rule: Set ANNUAL_BASELINE Fan:FlowCap  (75:'HVACSecondary-Fan-General.rule' line 529)
2020-02-20 15:01:12 - Error:  Undefined data: numerator evaluating rule: Set ANNUAL_BASELINE Fan:FlowCap  (75:'HVACSecondary-Fan-General.rule' line 529)
2020-02-20 15:01:12 - Error:  Undefined data: numerator evaluating rule: Set ANNUAL_BASELINE Fan:FlowCap  (75:'HVACSecondary-Fan-General.rule' line 529)
2020-02-20 15:01:12 - Error:  Undefined data: numerator evaluating rule: Set ANNUAL_BASELINE Fan:FlowCap  (75:'HVACSecondary-Fan-General.rule' line 529)
2020-02-20 15:01:12 - Error:  Undefined data: numerator evaluating rule: Set ANNUAL_BASELINE Fan:FlowCap  (75:'HVACSecondary-Fan-General.rule' line 529)
2020-02-20 15:01:12 - Error:  Undefined data: numerator evaluating rule: Set ANNUAL_BASELINE Fan:FlowCap  (75:'HVACSecondary-Fan-General.rule' line 529)
2020-02-20 15:01:12 - Error:  Undefined data: numerator evaluating rule: Set ANNUAL_BASELINE Fan:FlowCap  (75:'HVACSecondary-Fan-General.rule' line 529)
2020-02-20 15:01:12 - Error:  Undefined data: numerator evaluating rule: Set ANNUAL_BASELINE Fan:FlowCap  (75:'HVACSecondary-Fan-General.rule' line 529)
2020-02-20 15:01:12 - Error:  Undefined data: numerator evaluating rule: Set ANNUAL_BASELINE Fan:FlowCap  (75:'HVACSecondary-Fan-General.rule' line 529)
2020-02-20 15:01:12 - Error:  Undefined data: numerator evaluating rule: Set ANNUAL_BASELINE Fan:FlowCap  (75:'HVACSecondary-Fan-General.rule' line 529)
2020-02-20 15:01:12 - Error:  Undefined data: numerator evaluating rule: Set ANNUAL_BASELINE Fan:FlowCap  (75:'HVACSecondary-Fan-General.rule' line 529)
2020-02-20 15:01:12 - Error:  Undefined data: numerator evaluating rule: Set ANNUAL_BASELINE Fan:FlowCap  (75:'HVACSecondary-Fan-General.rule' line 529)
2020-02-20 15:01:12 - Error:  Undefined data: numerator evaluating rule: Set ANNUAL_BASELINE Fan:FlowCap  (75:'HVACSecondary-Fan-General.rule' line 529)
2020-02-20 15:01:12 - Error:  Undefined data: numerator evaluating rule: Set ANNUAL_BASELINE Fan:FlowCap  (75:'HVACSecondary-Fan-General.rule' line 529)
2020-02-20 15:01:12 - Error:  Undefined data: numerator evaluating rule: Set ANNUAL_BASELINE Fan:FlowCap  (75:'HVACSecondary-Fan-General.rule' line 529)
2020-02-20 15:01:12 - Error:  Undefined data: numerator evaluating rule: Set ANNUAL_BASELINE Fan:FlowCap  (75:'HVACSecondary-Fan-General.rule' line 529)
2020-02-20 15:01:12 - Error:  Undefined data: numerator evaluating rule: Set ANNUAL_BASELINE Fan:FlowCap  (75:'HVACSecondary-Fan-General.rule' line 529)
2020-02-20 15:01:12 - Error:  Undefined data: numerator evaluating rule: Set ANNUAL_BASELINE Fan:FlowCap  (75:'HVACSecondary-Fan-General.rule' line 529)
2020-02-20 15:01:12 - Error:  Undefined data: numerator evaluating rule: Set ANNUAL_BASELINE Fan:FlowCap  (75:'HVACSecondary-Fan-General.rule' line 529)
2020-02-20 15:01:12 - Error:  Undefined data: numerator evaluating rule: Set ANNUAL_BASELINE Fan:FlowCap  (75:'HVACSecondary-Fan-General.rule' line 529)
2020-02-20 15:01:12 - Error:  Undefined data: numerator evaluating rule: Set ANNUAL_BASELINE Fan:FlowCap  (75:'HVACSecondary-Fan-General.rule' line 529)
2020-02-20 15:01:12 - Error:  Undefined data: numerator evaluating rule: Set ANNUAL_BASELINE Fan:FlowCap  (75:'HVACSecondary-Fan-General.rule' line 529)
2020-02-20 15:01:12 - Error:  Division by zero evaluating rule: Set ANNUAL_BASELINE ThrmlZn:PriAirCondgSysDsgnFlow  (76:'HVACSecondary-Fan-FanRatios.rule' line 67)
2020-02-20 15:01:12 - Error:  Division by zero evaluating rule: Set ANNUAL_BASELINE ThrmlZn:PriAirCondgSysDsgnFlow  (76:'HVACSecondary-Fan-FanRatios.rule' line 67)
2020-02-20 15:01:12 - Error:  Division by zero evaluating rule: Set ANNUAL_BASELINE ThrmlZn:PriAirCondgSysDsgnFlow  (76:'HVACSecondary-Fan-FanRatios.rule' line 67)
2020-02-20 15:01:12 - Error:  Division by zero evaluating rule: Set ANNUAL_BASELINE ThrmlZn:PriAirCondgSysDsgnFlow  (76:'HVACSecondary-Fan-FanRatios.rule' line 67)
2020-02-20 15:01:12 - Error:  Division by zero evaluating rule: Set ANNUAL_BASELINE ThrmlZn:PriAirCondgSysDsgnFlow  (76:'HVACSecondary-Fan-FanRatios.rule' line 67)
2020-02-20 15:01:12 - Error:  Division by zero evaluating rule: Set ANNUAL_BASELINE ThrmlZn:PriAirCondgSysDsgnFlow  (76:'HVACSecondary-Fan-FanRatios.rule' line 67)
2020-02-20 15:01:12 - Error:  Division by zero evaluating rule: Set ANNUAL_BASELINE ThrmlZn:PriAirCondgSysDsgnFlow  (76:'HVACSecondary-Fan-FanRatios.rule' line 67)
2020-02-20 15:01:12 - Error:  Division by zero evaluating rule: Set ANNUAL_BASELINE ThrmlZn:PriAirCondgSysDsgnFlow  (76:'HVACSecondary-Fan-FanRatios.rule' line 67)
2020-02-20 15:01:12 - Error:  Division by zero evaluating rule: Set ANNUAL_BASELINE ThrmlZn:PriAirCondgSysDsgnFlow  (76:'HVACSecondary-Fan-FanRatios.rule' line 67)
2020-02-20 15:01:12 - Error:  Division by zero evaluating rule: Set ANNUAL_BASELINE ThrmlZn:PriAirCondgSysDsgnFlow  (76:'HVACSecondary-Fan-FanRatios.rule' line 67)
2020-02-20 15:01:12 - Error:  Division by zero evaluating rule: Set ANNUAL_BASELINE ThrmlZn:PriAirCondgSysDsgnFlow  (76:'HVACSecondary-Fan-FanRatios.rule' line 67)
2020-02-20 15:01:12 - Error:  Division by zero evaluating rule: Set ANNUAL_BASELINE ThrmlZn:PriAirCondgSysDsgnFlow  (76:'HVACSecondary-Fan-FanRatios.rule' line 67)
2020-02-20 15:01:12 - Error:  Division by zero evaluating rule: Set ANNUAL_BASELINE ThrmlZn:VentSysDsgnFlow  (76:'HVACSecondary-Fan-FanRatios.rule' line 111)
2020-02-20 15:01:12 - Error:  Division by zero evaluating rule: Set ANNUAL_BASELINE ThrmlZn:VentSysDsgnFlow  (76:'HVACSecondary-Fan-FanRatios.rule' line 111)
2020-02-20 15:01:12 - Error:  Division by zero evaluating rule: Set ANNUAL_BASELINE ThrmlZn:VentSysDsgnFlow  (76:'HVACSecondary-Fan-FanRatios.rule' line 111)
2020-02-20 15:01:12 - Error:  Division by zero evaluating rule: Set ANNUAL_BASELINE ThrmlZn:VentSysDsgnFlow  (76:'HVACSecondary-Fan-FanRatios.rule' line 111)
2020-02-20 15:01:12 - Error:  Division by zero evaluating rule: Set ANNUAL_BASELINE ThrmlZn:VentSysDsgnFlow  (76:'HVACSecondary-Fan-FanRatios.rule' line 111)
2020-02-20 15:01:12 - Error:  Division by zero evaluating rule: Set ANNUAL_BASELINE ThrmlZn:VentSysDsgnFlow  (76:'HVACSecondary-Fan-FanRatios.rule' line 111)
2020-02-20 15:01:12 - Error:  Division by zero evaluating rule: Set ANNUAL_BASELINE ThrmlZn:VentSysDsgnFlow  (76:'HVACSecondary-Fan-FanRatios.rule' line 111)
2020-02-20 15:01:12 - Error:  Division by zero evaluating rule: Set ANNUAL_BASELINE ThrmlZn:VentSysDsgnFlow  (76:'HVACSecondary-Fan-FanRatios.rule' line 111)
2020-02-20 15:01:12 - Error:  Division by zero evaluating rule: Set ANNUAL_BASELINE ThrmlZn:VentSysDsgnFlow  (76:'HVACSecondary-Fan-FanRatios.rule' line 111)
2020-02-20 15:01:12 - Error:  Division by zero evaluating rule: Set ANNUAL_BASELINE ThrmlZn:VentSysDsgnFlow  (76:'HVACSecondary-Fan-FanRatios.rule' line 111)
2020-02-20 15:01:12 - Error:  Division by zero evaluating rule: Set ANNUAL_BASELINE ThrmlZn:VentSysDsgnFlow  (76:'HVACSecondary-Fan-FanRatios.rule' line 111)
2020-02-20 15:01:12 - Error:  Division by zero evaluating rule: Set ANNUAL_BASELINE ThrmlZn:VentSysDsgnFlow  (76:'HVACSecondary-Fan-FanRatios.rule' line 111)
2020-02-20 15:01:14 -   PerfAnal_NRes - Bypassing OpenStudio (and simulation) for ab model
2020-02-20 15:01:14 -   PerfAnal_NRes - Completed analysis steps thru #7
2020-02-20 15:01:14 - Analysis incomplete  Processing time:  Overall 4:39 / SDD2IDF x2 avg 0:14 / SizSim x0 0:00 / AnnSim x2 avg 1:53 / ReportGen x0 0:00 / Other 0:22
2020-02-20 15:01:14 -       ResultsSummary population:  bAbort = (false) / RuleProcAbort = (false) / iRetVal = 0 / pszResultsSummary = (empty) / iResultsSummaryLen = 3200
2020-02-20 15:01:14 -       ResultsSummary components1:  2020-02-20 15:01:14 / instance / Mid-Rise Mixed-Use (5-story) / CTZ12S22A / Title24ProposedOnly / 4:39 /  / 
2020-02-20 15:01:14 -       ResultsSummary components2:  CBECC-Com 2022.0.1 RV (1113) / BEMCmpMgr 2022.0.1 RV (6107) / CA 2022 Nonresidential, Vers. 1.0 Alpha /  /  / - / C:\Users\agoyal\Documents\CBECC-Com 2022 Data\EPW\ / C:\Users\agoyal\Documents\GitHub\T24-2022-CASE-Modeling\framework\analysis\hpte\runs\mumr-winf-propcomb\cz12\
2020-02-20 15:01:14 -       ResultsSummary:  2020-02-20 15:01:14,"instance","Mid-Rise Mixed-Use (5-story)","CTZ12S22A","Pol  0% RetAdd NoLeak",113100,141000,"Title24ProposedOnly",4:39,,,"--","--","Successful (219 warnings)",12.5309,99094.6,58596,0,246.243,13430.1,81978.1,253357,217441,0,149101,34551.8,0,0,654451,3711.13,0,0,0,0,9035.28,0,12746.4,586.724,0,0,0,13333.1,0,0,0,0,0,0,0,0,0,0,0,0,0,8.80407,33.7229,15.5569,0,0.0569886,22.4609,19.3544,99.9561,55.7605,0,38.6198,8.47903,0,0,202.815,173.543,29.272,0,2982,"Thermal Zone: F2-4 Corridor",0,1249.75,"Thermal Zone: F5 Corridor",0,"--","--","",0,0,0,0,0,0,0,0,0,0,0,0,0,0,0,0,0,0,0,0,0,0,0,0,0,0,0,0,0,0,0,0,0,0,0,0,0,0,0,0,0,0,0,0,0,0,0,0,0,0,0,0,0,0,0,0,0,0,0,,,,,,,2.26552e-05,40.063,11.4157,0,0.0220031,2.15617,14.3435,68.0004,38.321,0,25.7371,3.94427,0,0,136.003,0,0,0,0,0,0,0,0,0,0,0,0,0,0,0,"CBECC-Com 2022.0.1 RV (1113)","BEMCmpMgr 2022.0.1 RV (6107)","CA 2022 Nonresidential, Vers. 1.0 Alpha","","","-","C:\Users\agoyal\Documents\CBECC-Com 2022 Data\EPW\","C:\Users\agoyal\Documents\GitHub\T24-2022-CASE-Modeling\framework\analysis\hpte\runs\mumr-winf-propcomb\cz12\",0.00241554,11.3955,8.39831,0,0.0360226,1.70484,9.06133,30.6,32.1279,0,25.58,5.65158,0,0,93.96,1.77943,0,0,0,0,4.33229,0,6.11,0.281326,0,0,0,6.39,0,0,0,0,0,0,0,0,0,0,0,0,0,0,0,0,0,0,0,0,0,0,0,0,0,0,0,0,3.05635,1.89801,1.3988,0,0.00599983,7.7241,1.50923,15.5925,5.83428,0,4.26052,0.941311,0,0,26.6286,0,0,0,0,0,0,0,0,0,0,0,0,0,0,0,

2020-02-20 15:01:17 - -----------------------------------------------------------------------------
2020-02-20 15:01:17 - Opening Project 'cz12\instance.cibd22'...
2020-02-20 15:01:18 -    Model load successful into CBECC-Com 2022.0.1 RV (1113)
2020-02-20 15:01:18 - Performing Building Database check...
2020-02-20 15:01:18 - Building Database check completed, no problems found.
2020-02-20 15:01:23 - Project Saved
