2020-03-18 14:32:08 - -----------------------------------------------------------------------------
2020-03-18 14:32:08 - Opening Project 'cz02\instance.cibd22'...
2020-03-18 14:32:08 -    Model load successful into CBECC-Com 2022.0.1 RV (1113)
2020-03-18 14:32:09 - Performing Building Database check...
2020-03-18 14:32:09 - Building Database check completed, no problems found.
2020-03-18 14:32:13 -   PerfAnal_NRes - starting, w/ arguments:
2020-03-18 14:32:13 -        BEMBasePathFile    = (null)
2020-03-18 14:32:13 -        RulesetPathFile    = (null)
2020-03-18 14:32:13 -        SimWeatherPath     = C:\Users\agoyal\Documents\CBECC-Com 2022 Data\EPW\
2020-03-18 14:32:13 -        CompMgrDLLPath     = (null)
2020-03-18 14:32:13 -        DHWWeatherPath     = (null)
2020-03-18 14:32:13 -        ProcessingPath     = C:\Users\agoyal\Documents\GitHub\T24-2022-CASE-Modeling\framework\analysis\hpte\runs\mumr-QII-15\cz02\instance - run\
2020-03-18 14:32:13 -        ModelPathFile      = C:\Users\agoyal\Documents\GitHub\T24-2022-CASE-Modeling\framework\analysis\hpte\runs\mumr-QII-15\cz02\instance.cibd22
2020-03-18 14:32:13 -        LogPathFile        = (null)
2020-03-18 14:32:13 -        UIVersionString    = CBECC-Com 2022.0.1 RV (1113)
2020-03-18 14:32:13 -        LoadModelFile      = false
2020-03-18 14:32:13 -        OptionsCSV         = AllowAnalysisAbort,0,StoreBEMDetails,1,AnalysisThruStep,8,ModelRpt_ALL,1,ExportHourlyResults_All,1,PromptUserUMLHWarning,1,PreAnalysisCheckPromptOption,3,CompReportWarningOption,5,
2020-03-18 14:32:13 -        ErrorMsg           = (assumed to be initialized)
2020-03-18 14:32:13 -        ErrorMsgLen        = 2056
2020-03-18 14:32:13 -        DisplayProgress    = true
2020-03-18 14:32:13 -        ResultsSummary     = (empty)
2020-03-18 14:32:13 -        ResultsSummaryLen  = 3200
2020-03-18 14:32:13 -        pProgCallbackFunc  = (null)
2020-03-18 14:32:13 - Performing Building Database check...
2020-03-18 14:32:13 - Building Database check completed, no problems found.
2020-03-18 14:32:13 - Warning:  The following developer options must be defaulted (not specified by the user) in order to perform a valid compliance analysis:
          Proj 'Mid-Rise Mixed-Use (5-story)' AutoHardSize
          Proj 'Mid-Rise Mixed-Use (5-story)' AutoEffInput
2020-03-18 14:32:14 -    1 file hash check(s) failed on executable and/or analysis support files (analysis continuing w/ report signature disabled)
2020-03-18 14:32:15 - Performing Building Database check...
2020-03-18 14:32:15 - Building Database check completed, no problems found.
2020-03-18 14:32:15 - Warning:  The AirSystem:Count for multi-zone system 'DOAS1' is not consistent with the maximum or minimum ThermalZone:Multiplier of the zones the system serves. This indicates the HVAC system serves more than 1 floor, or that Multipliers or system Count may be improperly defined. Check inputs for consistency. evaluating rule: Set CHECKCODE AirSys:Cnt  (68:'HVACSecondary-General.rule' line 1398)
2020-03-18 14:32:19 -   PerfAnal_NRes - Bypassing OpenStudio (and simulation) for zp model
2020-03-18 14:43:18 -   PerfSim_E+ - Final Result: PASS  -- compliance margin: 3.65 (3.74%)
2020-03-18 14:43:20 - Analysis result:  PASS  (TDV margin: 3.65)  Processing time:  Overall 11:07 / SDD2IDF x4 avg 0:11 / SizSim x2 avg 0:38 / AnnSim x2 avg 4:15 / ReportGen x0 0:00 / Other 0:31
2020-03-18 14:43:20 -       ResultsSummary population:  bAbort = (false) / RuleProcAbort = (false) / iRetVal = 0 / pszResultsSummary = (empty) / iResultsSummaryLen = 3200
2020-03-18 14:43:20 -       ResultsSummary components1:  2020-03-18 14:43:20 / instance / Mid-Rise Mixed-Use (5-story) / CTZ02S22A / Title24Compliance / 11:07 / PASS / 3.65
2020-03-18 14:43:20 -       ResultsSummary components2:  CBECC-Com 2022.0.1 RV (1113) / BEMCmpMgr 2022.0.1 RV (6107) / CA 2022 Nonresidential, Vers. 1.0 Alpha / 1.11.3.f52686d8e1 / 9.0.1-bb7ca4f0da / CSE19 0.865.0+dhwloop.68861ec.94 EXE / C:\Users\agoyal\Documents\CBECC-Com 2022 Data\EPW\ / C:\Users\agoyal\Documents\GitHub\T24-2022-CASE-Modeling\framework\analysis\hpte\runs\mumr-QII-15\cz02\
2020-03-18 14:43:20 -       ResultsSummary:  2020-03-18 14:43:20,"instance","Mid-Rise Mixed-Use (5-story)","CTZ02S22A","Pol  0% RetAdd NoLeak",113100,141000,"Title24Compliance",11:07,PASS,3.65,"--","--","Successful (219 warnings)",12.1396,67057.8,54257.7,0,266.2,13789.1,81930,217313,217441,0,149101,34551.8,0,0,618407,3848.64,0,0,0,0,10627.8,0,14476.4,586.724,0,0,0,15063.1,0,0,0,0,0,0,0,0,0,0,0,0,0,8.99393,24.9743,14.3595,0,0.0609977,25.8823,19.575,93.8461,55.5452,0,38.181,8.44143,0,0,196.014,163.226,32.7877,0,2303.5,"Thermal Zone: F2-4 Corridor",0,1374.75,"Thermal Zone: F5 Corridor",0,"--","--","Successful (225 warnings)",19.1409,75204.9,49728.6,0,85.2921,13793.8,81930,220762,217441,0,149101,34551.8,0,0,621856,4556.27,0,0,0,0,10627.8,0,15184,586.724,0,0,0,15770.8,0,0,0,0,0,0,0,0,0,0,0,0,0,10.564,27.9498,13.4972,0,0.021276,25.8838,19.575,97.491,55.5452,0,38.181,8.44143,0,0,199.659,165.303,34.356,0,0,,0,0,,0,7.90561e-05,25.8346,9.78303,0,0.0453529,2.25921,14.3388,52.2611,38.321,0,25.7371,3.94427,0,0,120.263,3.30539e-05,28.7483,9.34856,0,0.00441454,2.24753,14.3388,54.6877,38.321,0,25.7371,3.94427,0,0,122.69,"CBECC-Com 2022.0.1 RV (1113)","BEMCmpMgr 2022.0.1 RV (6107)","CA 2022 Nonresidential, Vers. 1.0 Alpha","1.11.3.f52686d8e1","9.0.1-bb7ca4f0da","CSE19 0.865.0+dhwloop.68861ec.94 EXE","C:\Users\agoyal\Documents\CBECC-Com 2022 Data\EPW\","C:\Users\agoyal\Documents\GitHub\T24-2022-CASE-Modeling\framework\analysis\hpte\runs\mumr-QII-15\cz02\",0.00220017,7.06484,7.79152,0,0.0358257,1.74742,9.05248,25.69,32.1279,0,25.58,5.65158,0,0,89.05,1.84537,0,0,0,0,5.09587,0,6.95,0.281326,0,0,0,7.23,0.00358437,7.67609,7.10363,0,0.0163689,1.75331,9.05248,25.6,32.1279,0,25.58,5.65158,0,0,88.96,2.18467,0,0,0,0,5.09587,0,7.28,0.281326,0,0,0,7.56,3.16955,1.1767,1.29773,0,0.00596703,9.04253,1.50776,16.2002,5.83428,0,4.26052,0.941311,0,0,27.2364,3.75248,1.27851,1.18316,0,0.00272636,9.04352,1.50776,16.7682,5.83428,0,4.26052,0.941311,0,0,27.8043,

2020-03-18 14:43:24 - -----------------------------------------------------------------------------
2020-03-18 14:43:24 - Opening Project 'cz02\instance.cibd22'...
2020-03-18 14:43:25 -    Model load successful into CBECC-Com 2022.0.1 RV (1113)
2020-03-18 14:43:25 - Performing Building Database check...
2020-03-18 14:43:25 - Building Database check completed, no problems found.
2020-03-18 14:43:32 - Project Saved
2020-03-18 15:38:40 - -----------------------------------------------------------------------------
2020-03-18 15:38:40 - Opening Project 'cz02\instance.cibd22'...
2020-03-18 15:38:41 -    Model load successful into CBECC-Com 2022.0.1 RV (1113)
2020-03-18 15:38:42 - Performing Building Database check...
2020-03-18 15:38:42 - Building Database check completed, no problems found.
2020-03-18 15:38:46 -   PerfAnal_NRes - starting, w/ arguments:
2020-03-18 15:38:46 -        BEMBasePathFile    = (null)
2020-03-18 15:38:46 -        RulesetPathFile    = (null)
2020-03-18 15:38:46 -        SimWeatherPath     = C:\Users\agoyal\Documents\CBECC-Com 2022 Data\EPW\
2020-03-18 15:38:46 -        CompMgrDLLPath     = (null)
2020-03-18 15:38:46 -        DHWWeatherPath     = (null)
2020-03-18 15:38:46 -        ProcessingPath     = C:\Users\agoyal\Documents\GitHub\T24-2022-CASE-Modeling\framework\analysis\hpte\runs\mumr-QII-15\cz02\instance - run\
2020-03-18 15:38:46 -        ModelPathFile      = C:\Users\agoyal\Documents\GitHub\T24-2022-CASE-Modeling\framework\analysis\hpte\runs\mumr-QII-15\cz02\instance.cibd22
2020-03-18 15:38:46 -        LogPathFile        = (null)
2020-03-18 15:38:46 -        UIVersionString    = CBECC-Com 2022.0.1 RV (1113)
2020-03-18 15:38:46 -        LoadModelFile      = false
2020-03-18 15:38:46 -        OptionsCSV         = AllowAnalysisAbort,0,StoreBEMDetails,1,AnalysisThruStep,8,ModelRpt_ALL,1,ExportHourlyResults_All,1,PromptUserUMLHWarning,1,PreAnalysisCheckPromptOption,3,CompReportWarningOption,5,
2020-03-18 15:38:46 -        ErrorMsg           = (assumed to be initialized)
2020-03-18 15:38:46 -        ErrorMsgLen        = 2056
2020-03-18 15:38:46 -        DisplayProgress    = true
2020-03-18 15:38:46 -        ResultsSummary     = (empty)
2020-03-18 15:38:46 -        ResultsSummaryLen  = 3200
2020-03-18 15:38:46 -        pProgCallbackFunc  = (null)
2020-03-18 15:38:46 - Performing Building Database check...
2020-03-18 15:38:46 - Building Database check completed, no problems found.
2020-03-18 15:38:46 - Warning:  The following developer options must be defaulted (not specified by the user) in order to perform a valid compliance analysis:
          Proj 'Mid-Rise Mixed-Use (5-story)' AutoHardSize
          Proj 'Mid-Rise Mixed-Use (5-story)' AutoEffInput
2020-03-18 15:38:47 -    1 file hash check(s) failed on executable and/or analysis support files (analysis continuing w/ report signature disabled)
2020-03-18 15:38:49 - Performing Building Database check...
2020-03-18 15:38:49 - Building Database check completed, no problems found.
2020-03-18 15:38:49 - Warning:  The AirSystem:Count for multi-zone system 'DOAS1' is not consistent with the maximum or minimum ThermalZone:Multiplier of the zones the system serves. This indicates the HVAC system serves more than 1 floor, or that Multipliers or system Count may be improperly defined. Check inputs for consistency. evaluating rule: Set CHECKCODE AirSys:Cnt  (68:'HVACSecondary-General.rule' line 1398)
2020-03-18 15:38:52 -   PerfAnal_NRes - Bypassing OpenStudio (and simulation) for zp model
2020-03-18 15:50:01 -   PerfSim_E+ - Final Result: PASS  -- compliance margin: 3.3 (3.39%)
2020-03-18 15:50:03 - Analysis result:  PASS  (TDV margin: 3.30)  Processing time:  Overall 11:17 / SDD2IDF x4 avg 0:11 / SizSim x2 avg 0:40 / AnnSim x2 avg 4:19 / ReportGen x0 0:00 / Other 0:30
2020-03-18 15:50:03 -       ResultsSummary population:  bAbort = (false) / RuleProcAbort = (false) / iRetVal = 0 / pszResultsSummary = (empty) / iResultsSummaryLen = 3200
2020-03-18 15:50:03 -       ResultsSummary components1:  2020-03-18 15:50:03 / instance / Mid-Rise Mixed-Use (5-story) / CTZ02S22A / Title24Compliance / 11:17 / PASS / 3.30
2020-03-18 15:50:03 -       ResultsSummary components2:  CBECC-Com 2022.0.1 RV (1113) / BEMCmpMgr 2022.0.1 RV (6107) / CA 2022 Nonresidential, Vers. 1.0 Alpha / 1.11.3.f52686d8e1 / 9.0.1-bb7ca4f0da / CSE19 0.865.0+dhwloop.68861ec.94 EXE / C:\Users\agoyal\Documents\CBECC-Com 2022 Data\EPW\ / C:\Users\agoyal\Documents\GitHub\T24-2022-CASE-Modeling\framework\analysis\hpte\runs\mumr-QII-15\cz02\
2020-03-18 15:50:03 -       ResultsSummary:  2020-03-18 15:50:03,"instance","Mid-Rise Mixed-Use (5-story)","CTZ02S22A","Pol  0% RetAdd NoLeak",113100,141000,"Title24Compliance",11:17,PASS,3.30,"--","--","Successful (219 warnings)",12.1363,67299.4,54406.2,0,266.127,13789.1,81930,217703,217441,0,149101,34551.8,0,0,618797,3924.77,0,0,0,0,10627.8,0,14552.5,586.724,0,0,0,15139.3,0,0,0,0,0,0,0,0,0,0,0,0,0,9.17237,25.0918,14.4074,0,0.0607539,25.8823,19.575,94.1897,55.5452,0,38.181,8.44143,0,0,196.357,163.391,32.9662,0,2293.25,"Thermal Zone: F2-4 Corridor",0,1415.75,"Thermal Zone: F5 Corridor",0,"--","--","Successful (225 warnings)",19.1409,75204.9,49728.6,0,85.2921,13793.8,81930,220762,217441,0,149101,34551.8,0,0,621856,4556.27,0,0,0,0,10627.8,0,15184,586.724,0,0,0,15770.8,0,0,0,0,0,0,0,0,0,0,0,0,0,10.564,27.9498,13.4972,0,0.021276,25.8838,19.575,97.491,55.5452,0,38.181,8.44143,0,0,199.659,165.303,34.356,0,0,,0,0,,0,7.91074e-05,25.9613,9.8087,0,0.0453527,2.25923,14.3388,52.4135,38.321,0,25.7371,3.94427,0,0,120.416,3.30539e-05,28.7483,9.34856,0,0.00441454,2.24753,14.3388,54.6877,38.321,0,25.7371,3.94427,0,0,122.69,"CBECC-Com 2022.0.1 RV (1113)","BEMCmpMgr 2022.0.1 RV (6107)","CA 2022 Nonresidential, Vers. 1.0 Alpha","1.11.3.f52686d8e1","9.0.1-bb7ca4f0da","CSE19 0.865.0+dhwloop.68861ec.94 EXE","C:\Users\agoyal\Documents\CBECC-Com 2022 Data\EPW\","C:\Users\agoyal\Documents\GitHub\T24-2022-CASE-Modeling\framework\analysis\hpte\runs\mumr-QII-15\cz02\",0.00219955,7.08249,7.81549,0,0.0358101,1.74742,9.05248,25.74,32.1279,0,25.58,5.65158,0,0,89.1,1.88187,0,0,0,0,5.09587,0,6.98,0.281326,0,0,0,7.26,0.00358437,7.67609,7.10363,0,0.0163689,1.75331,9.05248,25.6,32.1279,0,25.58,5.65158,0,0,88.96,2.18467,0,0,0,0,5.09587,0,7.28,0.281326,0,0,0,7.56,3.23224,1.17964,1.30173,0,0.00596443,9.04253,1.50776,16.2699,5.83428,0,4.26052,0.941311,0,0,27.306,3.75248,1.27851,1.18316,0,0.00272636,9.04352,1.50776,16.7682,5.83428,0,4.26052,0.941311,0,0,27.8043,

2020-03-18 15:50:07 - -----------------------------------------------------------------------------
2020-03-18 15:50:07 - Opening Project 'cz02\instance.cibd22'...
2020-03-18 15:50:08 -    Model load successful into CBECC-Com 2022.0.1 RV (1113)
2020-03-18 15:50:08 - Performing Building Database check...
2020-03-18 15:50:08 - Building Database check completed, no problems found.
2020-03-18 15:50:12 - Project Saved
