---------------
795): Info: C:\USERS\NDPERRY\DOCUMENTS\GITHUB\T24-2022-CASE-MODELING\FRAMEWORK\ANALYSIS\HPTE\RUNS\LRLC-WINF-BASEU\CZ10\INSTANCE - COMP22\INSTANCE - SMF.CSE(795): Info: 
  DHWSys 'dhwsys-DHWGas': 
    'wsTSetpoint' is ignored -- no setpoint-aware DHWHEATERs in this DHWSYS.
---------------
Warning at hour/subhour 25/20 on autoSizing 06-Jul iteration 30:
  AutoSize pass 1A has not converged.  Abandoning after 30 iterations.
---------------
Warning: Zone 'Zone1-zn': Unmet cooling loads during 354 hours of run.
---------------
Warning: Zone 'Zone2-zn': Unmet cooling loads during 491 hours of run.
---------------
Warning: Zone 'Zone3-zn': Unmet cooling loads during 419 hours of run.
---------------
Warning: Zone 'Corridor1-zn': Condensation occurred in 793 subhours of run.
    Total condensation heat = 42.0319 kBtu.
---------------
Warning: Zone 'Corridor1-zn': Unmet cooling loads during 365 hours of run.
---------------
Warning: 
  Zone 'BusinessCenter1-zn': Condensation occurred in 2702 subhours of run.
    Total condensation heat = 80.1914 kBtu.
---------------
Warning: 
  Zone 'BusinessCenter1-zn': Unmet cooling loads during 634 hours of run.
---------------
Warning: 
  Zone 'FitnessCenter1-zn': Condensation occurred in 40705 subhours of run.
    Total condensation heat = 2625.16 kBtu.
---------------
Warning: 
  Zone 'FitnessCenter1-zn': Unmet cooling loads during 503 hours of run.
---------------
Warning: Zone 'Laundry1-zn': Unmet cooling loads during 151 hours of run.
---------------
Warning: 
  Zone 'LeasingOffice1-zn': Unmet cooling loads during 120 hours of run.
---------------
Warning: Zone 'Lobby1-zn': Condensation occurred in 18986 subhours of run.
    Total condensation heat = 1740.18 kBtu.
---------------
Warning: Zone 'Lobby1-zn': Unmet cooling loads during 301 hours of run.
---------------
Warning: 
  Zone 'MechanicalRoom1-zn': Unmet heating loads during 298 hours of run.
---------------
Warning: 
  Zone 'MechanicalRoom1-zn': Unmet cooling loads during 3673 hours of run.
---------------
Warning: Zone 'Stairs1-zn': Condensation occurred in 15 subhours of run.
    Total condensation heat = 0.0915099 kBtu.
---------------
Warning: Zone 'Stairs1-zn': Unmet heating loads during 2 hours of run.
---------------
Warning: Zone 'Stairs1-zn': Unmet cooling loads during 117 hours of run.
---------------
Warning: Zone 'Corridor2-zn': Condensation occurred in 35 subhours of run.
    Total condensation heat = 0.992659 kBtu.
---------------
Warning: Zone 'Corridor2-zn': Unmet cooling loads during 611 hours of run.
---------------
Warning: Zone 'Corridor3-zn': Unmet cooling loads during 444 hours of run.
---------------
Warning: Zone 'Stairs2-zn': Unmet heating loads during 2 hours of run.
---------------
Warning: Zone 'Stairs2-zn': Unmet cooling loads during 118 hours of run.
---------------
Warning: Zone 'Stairs3-zn': Unmet heating loads during 2 hours of run.
---------------
Warning: Zone 'Stairs3-zn': Unmet cooling loads during 118 hours of run.
---------------
