2020-03-02 16:16:15 - -----------------------------------------------------------------------------
2020-03-02 16:16:15 - Opening Project 'cz04\instance.cibd22'...
2020-03-02 16:16:16 -    Model load successful into CBECC-Com 2022.0.1 RV (1113)
2020-03-02 16:16:16 - Performing Building Database check...
2020-03-02 16:16:16 - Building Database check completed, no problems found.
2020-03-02 16:16:19 -   PerfAnal_NRes - starting, w/ arguments:
2020-03-02 16:16:19 -        BEMBasePathFile    = (null)
2020-03-02 16:16:19 -        RulesetPathFile    = (null)
2020-03-02 16:16:19 -        SimWeatherPath     = C:\Users\agoyal\Documents\CBECC-Com 2022 Data\EPW\
2020-03-02 16:16:19 -        CompMgrDLLPath     = (null)
2020-03-02 16:16:19 -        DHWWeatherPath     = (null)
2020-03-02 16:16:19 -        ProcessingPath     = C:\Users\agoyal\Documents\GitHub\T24-2022-CASE-Modeling\framework\analysis\hpte\runs\hr-QII-prop\cz04\instance - run\
2020-03-02 16:16:19 -        ModelPathFile      = C:\Users\agoyal\Documents\GitHub\T24-2022-CASE-Modeling\framework\analysis\hpte\runs\hr-QII-prop\cz04\instance.cibd22
2020-03-02 16:16:19 -        LogPathFile        = (null)
2020-03-02 16:16:19 -        UIVersionString    = CBECC-Com 2022.0.1 RV (1113)
2020-03-02 16:16:19 -        LoadModelFile      = false
2020-03-02 16:16:19 -        OptionsCSV         = AllowAnalysisAbort,0,StoreBEMDetails,1,AnalysisThruStep,8,ModelRpt_ALL,1,ExportHourlyResults_All,1,PromptUserUMLHWarning,1,PreAnalysisCheckPromptOption,3,CompReportWarningOption,5,
2020-03-02 16:16:19 -        ErrorMsg           = (assumed to be initialized)
2020-03-02 16:16:19 -        ErrorMsgLen        = 2056
2020-03-02 16:16:19 -        DisplayProgress    = true
2020-03-02 16:16:19 -        ResultsSummary     = (empty)
2020-03-02 16:16:19 -        ResultsSummaryLen  = 3200
2020-03-02 16:16:19 -        pProgCallbackFunc  = (null)
2020-03-02 16:16:19 - Performing Building Database check...
2020-03-02 16:16:19 - Building Database check completed, no problems found.
2020-03-02 16:16:19 - Warning:  The following developer options must be defaulted (not specified by the user) in order to perform a valid compliance analysis:
          Proj 'High-Rise Mixed-Use (10-story)' DefaultDayltgCtrls
          Proj 'High-Rise Mixed-Use (10-story)' AutoHardSize
          Proj 'High-Rise Mixed-Use (10-story)' AutoEffInput
2020-03-02 16:16:20 -    1 file hash check(s) failed on executable and/or analysis support files (analysis continuing w/ report signature disabled)
2020-03-02 16:16:21 - Performing Building Database check...
2020-03-02 16:16:21 - Building Database check completed, no problems found.
2020-03-02 16:16:21 - Warning:  The spaces assigned to thermal zone 'Thermal Zone: F1 Lounge' have cooling unmet load hour limits ranging from 150 to 8760. All spaces in the zone will be held to the minimum UMLH limit. evaluating rule: Set CHECKCODE ThrmlZn:ClgUMLHLimit  (60:'ThermalZone-General.rule' line 1738)
2020-03-02 16:16:21 - Warning:  The spaces assigned to thermal zone 'Thermal Zone: F1 Lounge' have heating unmet load hour limits ranging from 150 to 8760. All spaces in the zone will be held to the minimum UMLH limit. evaluating rule: Set CHECKCODE ThrmlZn:HtgUMLHLimit  (60:'ThermalZone-General.rule' line 1765)
2020-03-02 16:16:23 -   PerfAnal_NRes - Bypassing OpenStudio (and simulation) for zp model
2020-03-02 16:33:29 -   PerfSim_E+ - Final Result: FAIL  -- compliance margin: -2.46 (-3.17%)
2020-03-02 16:33:31 - Analysis result:  FAIL  (TDV margin: -2.46)  Processing time:  Overall 17:12 / SDD2IDF x4 avg 0:05 / SizSim x2 avg 0:34 / AnnSim x2 avg 7:36 / ReportGen x0 0:00 / Other 0:25
2020-03-02 16:33:31 -       ResultsSummary population:  bAbort = (false) / RuleProcAbort = (false) / iRetVal = 0 / pszResultsSummary = (empty) / iResultsSummaryLen = 3200
2020-03-02 16:33:31 -       ResultsSummary components1:  2020-03-02 16:33:31 / instance / High-Rise Mixed-Use (10-story) / CTZ04S22A / Title24Compliance / 17:12 / FAIL / -2.46
2020-03-02 16:33:31 -       ResultsSummary components2:  CBECC-Com 2022.0.1 RV (1113) / BEMCmpMgr 2022.0.1 RV (6107) / CA 2022 Nonresidential, Vers. 1.0 Alpha / 1.11.3.f52686d8e1 / 9.0.1-bb7ca4f0da / CSE19 0.865.0+dhwloop.68861ec.94 EXE / C:\Users\agoyal\Documents\CBECC-Com 2022 Data\EPW\ / C:\Users\agoyal\Documents\GitHub\T24-2022-CASE-Modeling\framework\analysis\hpte\runs\hr-QII-prop\cz04\
2020-03-02 16:33:31 -       ResultsSummary:  2020-03-02 16:33:31,"instance","High-Rise Mixed-Use (10-story)","CTZ04S22A","Pol  0% RetAdd NoLeak",125400,150480,"Title24Compliance",17:12,FAIL,-2.46,"--","--","Successful (201 warnings)",5.20444,89401.8,66928.6,176.67,4668.64,1088.9,52162.5,214432,231906,0,181711,6890.07,0,0,634939,2740.83,0,0,0,0,9888.81,0,12629.6,754.553,0,0,0,13384.2,0,0,0,0,0,0,0,0,0,0,0,0,0,5.79246,27.0279,15.6828,0.0859799,1.05596,19.1907,11.1919,80.0277,53.9902,0,42.0527,1.52887,0,0,177.6,151.423,26.1765,0,0,,0,10.25,"Thermal Zone: F10 2-Bed NE",0,"--","--","Successful (205 warnings)",15.4042,41245.9,72006.7,6878.64,27174.5,7841.73,52162.5,207325,231906,0,181711,6890.07,0,0,627832,2735.71,0,0,0,0,9539.19,0,12274.9,754.553,0,0,0,13029.5,0,0,0,0,0,0,0,0,0,0,0,0,0,5.78267,14.3241,17.6352,2.41866,6.22268,19.9997,11.1919,77.5749,53.9902,0,42.0527,1.52887,0,0,175.147,149.649,25.4975,0,0,,0,0,,0,2.23169e-05,29.8436,11.1023,0.055565,1.27192,0.124303,8.94753,51.3453,40.0913,0,31.5421,0.786538,0,0,123.765,1.58873e-05,14.953,14.2016,2.67283,5.54591,1.24631,8.94753,47.5672,40.0913,0,31.5421,0.786538,0,0,119.987,"CBECC-Com 2022.0.1 RV (1113)","BEMCmpMgr 2022.0.1 RV (6107)","CA 2022 Nonresidential, Vers. 1.0 Alpha","1.11.3.f52686d8e1","9.0.1-bb7ca4f0da","CSE19 0.865.0+dhwloop.68861ec.94 EXE","C:\Users\agoyal\Documents\CBECC-Com 2022 Data\EPW\","C:\Users\agoyal\Documents\GitHub\T24-2022-CASE-Modeling\framework\analysis\hpte\runs\hr-QII-prop\cz04\",0.000960286,9.71486,9.91723,0.0173381,0.462798,0.178109,5.74585,26.04,35.8106,0,31.324,1.127,0,0,94.3,1.31419,0,0,0,0,4.74155,0,6.05,0.361798,0,0,0,6.41,0.00325532,4.47478,10.268,0.792628,3.43299,1.01882,5.74585,25.73,35.8106,0,31.324,1.127,0,0,93.99,1.31174,0,0,0,0,4.57391,0,5.88,0.361798,0,0,0,6.24,2.03572,1.45937,1.48977,0.00260453,0.0695217,7.37104,0.863144,13.2912,5.93987,0,4.70549,0.169298,0,0,24.1058,2.03226,0.672203,1.54246,0.119069,0.515705,7.23767,0.863144,12.9825,5.93987,0,4.70549,0.169298,0,0,23.7972,

2020-03-02 16:33:35 - -----------------------------------------------------------------------------
2020-03-02 16:33:35 - Opening Project 'cz04\instance.cibd22'...
2020-03-02 16:33:35 -    Model load successful into CBECC-Com 2022.0.1 RV (1113)
2020-03-02 16:33:35 - Performing Building Database check...
2020-03-02 16:33:35 - Building Database check completed, no problems found.
2020-03-02 16:33:39 - Project Saved
