2020-03-29 18:01:21 - -----------------------------------------------------------------------------
2020-03-29 18:01:21 - Opening Project 'cz03\instance.cibd22'...
2020-03-29 18:01:21 -    Model load successful into CBECC-Com 2022.0.1 RV (1113)
2020-03-29 18:01:21 - Performing Building Database check...
2020-03-29 18:01:21 - Building Database check completed, no problems found.
2020-03-29 18:19:41 - -----------------------------------------------------------------------------
2020-03-29 18:19:41 - Opening Project 'cz03\instance.cibd22'...
2020-03-29 18:19:41 -    Model load successful into CBECC-Com 2022.0.1 RV (1113)
2020-03-29 18:19:41 - Performing Building Database check...
2020-03-29 18:19:41 - Building Database check completed, no problems found.
2020-03-29 18:19:44 -   PerfAnal_NRes - starting, w/ arguments:
2020-03-29 18:19:44 -        BEMBasePathFile    = (null)
2020-03-29 18:19:44 -        RulesetPathFile    = (null)
2020-03-29 18:19:44 -        SimWeatherPath     = C:\Users\agoyal\Documents\CBECC-Com 2022 Data\EPW\
2020-03-29 18:19:44 -        CompMgrDLLPath     = (null)
2020-03-29 18:19:44 -        DHWWeatherPath     = (null)
2020-03-29 18:19:44 -        ProcessingPath     = C:\Users\agoyal\Documents\GitHub\T24-2022-CASE-Modeling\framework\analysis\hpte\runs\hr-roofcomb\cz03\instance - run\
2020-03-29 18:19:44 -        ModelPathFile      = C:\Users\agoyal\Documents\GitHub\T24-2022-CASE-Modeling\framework\analysis\hpte\runs\hr-roofcomb\cz03\instance.cibd22
2020-03-29 18:19:44 -        LogPathFile        = (null)
2020-03-29 18:19:44 -        UIVersionString    = CBECC-Com 2022.0.1 RV (1113)
2020-03-29 18:19:44 -        LoadModelFile      = false
2020-03-29 18:19:44 -        OptionsCSV         = AllowAnalysisAbort,0,StoreBEMDetails,1,AnalysisThruStep,8,ModelRpt_ALL,1,ExportHourlyResults_All,1,PromptUserUMLHWarning,1,PreAnalysisCheckPromptOption,3,CompReportWarningOption,5,
2020-03-29 18:19:44 -        ErrorMsg           = (assumed to be initialized)
2020-03-29 18:19:44 -        ErrorMsgLen        = 2056
2020-03-29 18:19:44 -        DisplayProgress    = true
2020-03-29 18:19:44 -        ResultsSummary     = (empty)
2020-03-29 18:19:44 -        ResultsSummaryLen  = 3200
2020-03-29 18:19:44 -        pProgCallbackFunc  = (null)
2020-03-29 18:19:45 - Performing Building Database check...
2020-03-29 18:19:45 - Building Database check completed, no problems found.
2020-03-29 18:19:45 - Warning:  The following developer options must be defaulted (not specified by the user) in order to perform a valid compliance analysis:
          Proj 'High-Rise Mixed-Use (10-story)' DefaultDayltgCtrls
          Proj 'High-Rise Mixed-Use (10-story)' AutoHardSize
          Proj 'High-Rise Mixed-Use (10-story)' AutoEffInput
2020-03-29 18:19:45 -    1 file hash check(s) failed on executable and/or analysis support files (analysis continuing w/ report signature disabled)
2020-03-29 18:19:47 -   PerfAnal_NRes - AnalysisThruStep being set to #7 due to Proj:AnalysisType = Title24ProposedOnly
2020-03-29 18:19:47 - Performing Building Database check...
2020-03-29 18:19:47 - Building Database check completed, no problems found.
2020-03-29 18:19:47 - Warning:  AirSystem 'Residential DOAS' has a DX cooling coil and the rated supply flow per ton of (net) cooling capacity is 583 cfm/ton. The acceptable range for successful simulation of DX cooling coils in EnergyPlus is normally ~300 to ~450 cfm/ton. If the compliance simulation fails, check flow/cooling capacity inputs for consistency with the design. If simulation still fails, contact the CBECC support team for assistance. evaluating rule: Set CHECKSIM AirSys:SupFlowPerTon  (110:'HVACSecondary-Summary.rule' line 785)
2020-03-29 18:19:47 - Warning:  The spaces assigned to thermal zone 'Thermal Zone: F1 Lounge' have cooling unmet load hour limits ranging from 150 to 8760. All spaces in the zone will be held to the minimum UMLH limit. evaluating rule: Set CHECKCODE ThrmlZn:ClgUMLHLimit  (60:'ThermalZone-General.rule' line 1738)
2020-03-29 18:19:47 - Warning:  The spaces assigned to thermal zone 'Thermal Zone: F1 Lounge' have heating unmet load hour limits ranging from 150 to 8760. All spaces in the zone will be held to the minimum UMLH limit. evaluating rule: Set CHECKCODE ThrmlZn:HtgUMLHLimit  (60:'ThermalZone-General.rule' line 1765)
2020-03-29 18:19:50 -   PerfAnal_NRes - Bypassing OpenStudio (and simulation) for zp model
2020-03-29 18:19:51 -   PerfAnal_NRes - Bypassing OpenStudio (and simulation) for zb model
2020-03-29 18:22:34 - Error:  Undefined data: numerator evaluating rule: Set ANNUAL_BASELINE Fan:FlowCap  (75:'HVACSecondary-Fan-General.rule' line 494)
2020-03-29 18:22:34 - Error:  Undefined data: numerator evaluating rule: Set ANNUAL_BASELINE Fan:FlowCap  (75:'HVACSecondary-Fan-General.rule' line 494)
2020-03-29 18:22:34 - Error:  Undefined data: numerator evaluating rule: Set ANNUAL_BASELINE Fan:FlowCap  (75:'HVACSecondary-Fan-General.rule' line 494)
2020-03-29 18:22:34 - Error:  Undefined data: numerator evaluating rule: Set ANNUAL_BASELINE Fan:FlowCap  (75:'HVACSecondary-Fan-General.rule' line 529)
2020-03-29 18:22:34 - Error:  Undefined data: numerator evaluating rule: Set ANNUAL_BASELINE Fan:FlowCap  (75:'HVACSecondary-Fan-General.rule' line 529)
2020-03-29 18:22:34 - Error:  Undefined data: numerator evaluating rule: Set ANNUAL_BASELINE Fan:FlowCap  (75:'HVACSecondary-Fan-General.rule' line 529)
2020-03-29 18:22:34 - Error:  Undefined data: numerator evaluating rule: Set ANNUAL_BASELINE Fan:FlowCap  (75:'HVACSecondary-Fan-General.rule' line 529)
2020-03-29 18:22:34 - Error:  Undefined data: numerator evaluating rule: Set ANNUAL_BASELINE Fan:FlowCap  (75:'HVACSecondary-Fan-General.rule' line 529)
2020-03-29 18:22:34 - Error:  Undefined data: numerator evaluating rule: Set ANNUAL_BASELINE Fan:FlowCap  (75:'HVACSecondary-Fan-General.rule' line 529)
2020-03-29 18:22:34 - Error:  Undefined data: numerator evaluating rule: Set ANNUAL_BASELINE Fan:FlowCap  (75:'HVACSecondary-Fan-General.rule' line 529)
2020-03-29 18:22:34 - Error:  Undefined data: numerator evaluating rule: Set ANNUAL_BASELINE Fan:FlowCap  (75:'HVACSecondary-Fan-General.rule' line 529)
2020-03-29 18:22:34 - Error:  Undefined data: numerator evaluating rule: Set ANNUAL_BASELINE Fan:FlowCap  (75:'HVACSecondary-Fan-General.rule' line 529)
2020-03-29 18:22:34 - Error:  Undefined data: numerator evaluating rule: Set ANNUAL_BASELINE Fan:FlowCap  (75:'HVACSecondary-Fan-General.rule' line 529)
2020-03-29 18:22:34 - Error:  Undefined data: numerator evaluating rule: Set ANNUAL_BASELINE Fan:FlowCap  (75:'HVACSecondary-Fan-General.rule' line 529)
2020-03-29 18:22:34 - Error:  Undefined data: numerator evaluating rule: Set ANNUAL_BASELINE Fan:FlowCap  (75:'HVACSecondary-Fan-General.rule' line 529)
2020-03-29 18:22:34 - Error:  Undefined data: numerator evaluating rule: Set ANNUAL_BASELINE Fan:FlowCap  (75:'HVACSecondary-Fan-General.rule' line 529)
2020-03-29 18:22:34 - Error:  Undefined data: numerator evaluating rule: Set ANNUAL_BASELINE Fan:FlowCap  (75:'HVACSecondary-Fan-General.rule' line 529)
2020-03-29 18:22:34 - Error:  Undefined data: numerator evaluating rule: Set ANNUAL_BASELINE Fan:FlowCap  (75:'HVACSecondary-Fan-General.rule' line 529)
2020-03-29 18:22:34 - Error:  Undefined data: numerator evaluating rule: Set ANNUAL_BASELINE Fan:FlowCap  (75:'HVACSecondary-Fan-General.rule' line 529)
2020-03-29 18:22:34 - Error:  Undefined data: numerator evaluating rule: Set ANNUAL_BASELINE Fan:FlowCap  (75:'HVACSecondary-Fan-General.rule' line 529)
2020-03-29 18:22:34 - Error:  Undefined data: numerator evaluating rule: Set ANNUAL_BASELINE Fan:FlowCap  (75:'HVACSecondary-Fan-General.rule' line 529)
2020-03-29 18:22:34 - Error:  Division by zero evaluating rule: Set ANNUAL_BASELINE ThrmlZn:PriAirCondgSysDsgnFlow  (76:'HVACSecondary-Fan-FanRatios.rule' line 67)
2020-03-29 18:22:34 - Error:  Division by zero evaluating rule: Set ANNUAL_BASELINE ThrmlZn:PriAirCondgSysDsgnFlow  (76:'HVACSecondary-Fan-FanRatios.rule' line 67)
2020-03-29 18:22:34 - Error:  Division by zero evaluating rule: Set ANNUAL_BASELINE ThrmlZn:PriAirCondgSysDsgnFlow  (76:'HVACSecondary-Fan-FanRatios.rule' line 67)
2020-03-29 18:22:34 - Error:  Division by zero evaluating rule: Set ANNUAL_BASELINE ThrmlZn:PriAirCondgSysDsgnFlow  (76:'HVACSecondary-Fan-FanRatios.rule' line 67)
2020-03-29 18:22:34 - Error:  Division by zero evaluating rule: Set ANNUAL_BASELINE ThrmlZn:PriAirCondgSysDsgnFlow  (76:'HVACSecondary-Fan-FanRatios.rule' line 67)
2020-03-29 18:22:34 - Error:  Division by zero evaluating rule: Set ANNUAL_BASELINE ThrmlZn:PriAirCondgSysDsgnFlow  (76:'HVACSecondary-Fan-FanRatios.rule' line 67)
2020-03-29 18:22:34 - Error:  Division by zero evaluating rule: Set ANNUAL_BASELINE ThrmlZn:PriAirCondgSysDsgnFlow  (76:'HVACSecondary-Fan-FanRatios.rule' line 67)
2020-03-29 18:22:34 - Error:  Division by zero evaluating rule: Set ANNUAL_BASELINE ThrmlZn:PriAirCondgSysDsgnFlow  (76:'HVACSecondary-Fan-FanRatios.rule' line 67)
2020-03-29 18:22:34 - Error:  Division by zero evaluating rule: Set ANNUAL_BASELINE ThrmlZn:PriAirCondgSysDsgnFlow  (76:'HVACSecondary-Fan-FanRatios.rule' line 67)
2020-03-29 18:22:34 - Error:  Division by zero evaluating rule: Set ANNUAL_BASELINE ThrmlZn:PriAirCondgSysDsgnFlow  (76:'HVACSecondary-Fan-FanRatios.rule' line 67)
2020-03-29 18:22:34 - Error:  Division by zero evaluating rule: Set ANNUAL_BASELINE ThrmlZn:PriAirCondgSysDsgnFlow  (76:'HVACSecondary-Fan-FanRatios.rule' line 67)
2020-03-29 18:22:34 - Error:  Division by zero evaluating rule: Set ANNUAL_BASELINE ThrmlZn:PriAirCondgSysDsgnFlow  (76:'HVACSecondary-Fan-FanRatios.rule' line 67)
2020-03-29 18:22:34 - Error:  Division by zero evaluating rule: Set ANNUAL_BASELINE ThrmlZn:VentSysDsgnFlow  (76:'HVACSecondary-Fan-FanRatios.rule' line 111)
2020-03-29 18:22:34 - Error:  Division by zero evaluating rule: Set ANNUAL_BASELINE ThrmlZn:VentSysDsgnFlow  (76:'HVACSecondary-Fan-FanRatios.rule' line 111)
2020-03-29 18:22:34 - Error:  Division by zero evaluating rule: Set ANNUAL_BASELINE ThrmlZn:VentSysDsgnFlow  (76:'HVACSecondary-Fan-FanRatios.rule' line 111)
2020-03-29 18:22:34 - Error:  Division by zero evaluating rule: Set ANNUAL_BASELINE ThrmlZn:VentSysDsgnFlow  (76:'HVACSecondary-Fan-FanRatios.rule' line 111)
2020-03-29 18:22:34 - Error:  Division by zero evaluating rule: Set ANNUAL_BASELINE ThrmlZn:VentSysDsgnFlow  (76:'HVACSecondary-Fan-FanRatios.rule' line 111)
2020-03-29 18:22:34 - Error:  Division by zero evaluating rule: Set ANNUAL_BASELINE ThrmlZn:VentSysDsgnFlow  (76:'HVACSecondary-Fan-FanRatios.rule' line 111)
2020-03-29 18:22:34 - Error:  Division by zero evaluating rule: Set ANNUAL_BASELINE ThrmlZn:VentSysDsgnFlow  (76:'HVACSecondary-Fan-FanRatios.rule' line 111)
2020-03-29 18:22:34 - Error:  Division by zero evaluating rule: Set ANNUAL_BASELINE ThrmlZn:VentSysDsgnFlow  (76:'HVACSecondary-Fan-FanRatios.rule' line 111)
2020-03-29 18:22:34 - Error:  Division by zero evaluating rule: Set ANNUAL_BASELINE ThrmlZn:VentSysDsgnFlow  (76:'HVACSecondary-Fan-FanRatios.rule' line 111)
2020-03-29 18:22:34 - Error:  Division by zero evaluating rule: Set ANNUAL_BASELINE ThrmlZn:VentSysDsgnFlow  (76:'HVACSecondary-Fan-FanRatios.rule' line 111)
2020-03-29 18:22:34 - Error:  Division by zero evaluating rule: Set ANNUAL_BASELINE ThrmlZn:VentSysDsgnFlow  (76:'HVACSecondary-Fan-FanRatios.rule' line 111)
2020-03-29 18:22:34 - Error:  Division by zero evaluating rule: Set ANNUAL_BASELINE ThrmlZn:VentSysDsgnFlow  (76:'HVACSecondary-Fan-FanRatios.rule' line 111)
2020-03-29 18:22:35 -   PerfAnal_NRes - Bypassing OpenStudio (and simulation) for ab model
2020-03-29 18:22:35 -   PerfAnal_NRes - Completed analysis steps thru #7
2020-03-29 18:22:35 - Analysis incomplete  Processing time:  Overall 2:50 / SDD2IDF x2 avg 0:04 / SizSim x0 0:00 / AnnSim x2 avg 1:12 / ReportGen x0 0:00 / Other 0:15
2020-03-29 18:22:35 -       ResultsSummary population:  bAbort = (false) / RuleProcAbort = (false) / iRetVal = 0 / pszResultsSummary = (empty) / iResultsSummaryLen = 3200
2020-03-29 18:22:35 -       ResultsSummary components1:  2020-03-29 18:22:35 / instance / High-Rise Mixed-Use (10-story) / CTZ03S22A / Title24ProposedOnly / 2:50 /  / 
2020-03-29 18:22:35 -       ResultsSummary components2:  CBECC-Com 2022.0.1 RV (1113) / BEMCmpMgr 2022.0.1 RV (6107) / CA 2022 Nonresidential, Vers. 1.0 Alpha /  /  / - / C:\Users\agoyal\Documents\CBECC-Com 2022 Data\EPW\ / C:\Users\agoyal\Documents\GitHub\T24-2022-CASE-Modeling\framework\analysis\hpte\runs\hr-roofcomb\cz03\
2020-03-29 18:22:35 -       ResultsSummary:  2020-03-29 18:22:35,"instance","High-Rise Mixed-Use (10-story)","CTZ03S22A","Pol  0% RetAdd NoLeak",125400,150480,"Title24ProposedOnly",2:50,,,"--","--","Successful (204 warnings)",6.21703,49725.4,61195.2,66.2836,3813.14,1088.9,52113,168008,231906,0,181711,6890.07,0,0,588515,2850.49,0,0,0,0,10477,0,13327.5,754.553,0,0,0,14082,0,0,0,0,0,0,0,0,0,0,0,0,0,5.98755,15.329,14.1461,0.0288841,0.890905,20.26,11.0421,67.6846,55.0082,0,43.3554,1.5264,0,0,167.575,140.133,27.4412,0,0,,0,10.25,"Thermal Zone: F10 2-Bed NE",0,"--","--","",0,0,0,0,0,0,0,0,0,0,0,0,0,0,0,0,0,0,0,0,0,0,0,0,0,0,0,0,0,0,0,0,0,0,0,0,0,0,0,0,0,0,0,0,0,0,0,0,0,0,0,0,0,0,0,0,0,0,0,,,,,,,7.57197e-05,15.4996,9.01581,0.012691,1.14709,0.124303,8.9425,34.7421,40.0913,0,31.5421,0.786538,0,0,107.162,0,0,0,0,0,0,0,0,0,0,0,0,0,0,0,"CBECC-Com 2022.0.1 RV (1113)","BEMCmpMgr 2022.0.1 RV (6107)","CA 2022 Nonresidential, Vers. 1.0 Alpha","","","-","C:\Users\agoyal\Documents\CBECC-Com 2022 Data\EPW\","C:\Users\agoyal\Documents\GitHub\T24-2022-CASE-Modeling\framework\analysis\hpte\runs\hr-roofcomb\cz03\",0.00110103,5.40629,9.30599,0.0053414,0.355065,0.178109,5.74294,21.01,35.8106,0,31.324,1.127,0,0,89.27,1.36677,0,0,0,0,5.02358,0,6.39,0.361798,0,0,0,6.75,0,0,0,0,0,0,0,0,0,0,0,0,0,0,0,0,0,0,0,0,0,0,0,0,0,0,0,0,2.11719,0.812134,1.39795,0.00080238,0.053338,7.80787,0.862706,13.052,5.93987,0,4.70549,0.169298,0,0,23.8666,0,0,0,0,0,0,0,0,0,0,0,0,0,0,0,

2020-03-29 18:22:37 - -----------------------------------------------------------------------------
2020-03-29 18:22:37 - Opening Project 'cz03\instance.cibd22'...
2020-03-29 18:22:38 -    Model load successful into CBECC-Com 2022.0.1 RV (1113)
2020-03-29 18:22:38 - Performing Building Database check...
2020-03-29 18:22:38 - Building Database check completed, no problems found.
2020-03-29 18:22:40 - Project Saved
