---------------
E(795): Info: C:\USERS\MNAKAJIMA\DOCUMENTS\GITHUB\T24-2022-CASE-MODELING\FRAMEWORK\ANALYSIS\HPTE\RUNS\LRLC-WINF-PROPU\CZ09\INSTANCE - COMP22\INSTANCE - STD.CSE(795): Info: 
  DHWSys 'dhwsys-DHWGas': 
    'wsTSetpoint' is ignored -- no setpoint-aware DHWHEATERs in this DHWSYS.
---------------
Warning at hour/subhour 25/20 on autoSizing 14-Aug iteration 30:
  AutoSize pass 1A has not converged.  Abandoning after 30 iterations.
---------------
Warning: Zone 'Zone1-zn': Unmet cooling loads during 281 hours of run.
---------------
Warning: Zone 'Zone2-zn': Unmet cooling loads during 476 hours of run.
---------------
Warning: Zone 'Zone3-zn': Unmet cooling loads during 403 hours of run.
---------------
Warning: Zone 'Corridor1-zn': Condensation occurred in 478 subhours of run.
    Total condensation heat = 25.2891 kBtu.
---------------
Warning: Zone 'Corridor1-zn': Unmet cooling loads during 265 hours of run.
---------------
Warning: 
  Zone 'BusinessCenter1-zn': Condensation occurred in 1650 subhours of run.
    Total condensation heat = 49.5279 kBtu.
---------------
Warning: 
  Zone 'BusinessCenter1-zn': Unmet cooling loads during 630 hours of run.
---------------
Warning: 
  Zone 'FitnessCenter1-zn': Condensation occurred in 38633 subhours of run.
    Total condensation heat = 2475.62 kBtu.
---------------
Warning: 
  Zone 'FitnessCenter1-zn': Unmet cooling loads during 453 hours of run.
---------------
Warning: Zone 'Laundry1-zn': Unmet cooling loads during 178 hours of run.
---------------
Warning: 
  Zone 'LeasingOffice1-zn': Unmet cooling loads during 129 hours of run.
---------------
Warning: Zone 'Lobby1-zn': Condensation occurred in 15838 subhours of run.
    Total condensation heat = 1418.28 kBtu.
---------------
Warning: Zone 'Lobby1-zn': Unmet cooling loads during 313 hours of run.
---------------
Warning: 
  Zone 'MechanicalRoom1-zn': Unmet heating loads during 66 hours of run.
---------------
Warning: 
  Zone 'MechanicalRoom1-zn': Unmet cooling loads during 3624 hours of run.
---------------
Warning: Zone 'Stairs1-zn': Unmet cooling loads during 121 hours of run.
---------------
Warning: Zone 'Corridor2-zn': Condensation occurred in 21 subhours of run.
    Total condensation heat = 1.08236 kBtu.
---------------
Warning: Zone 'Corridor2-zn': Unmet cooling loads during 621 hours of run.
---------------
Warning: Zone 'Corridor3-zn': Unmet cooling loads during 574 hours of run.
---------------
Warning: Zone 'Stairs2-zn': Unmet cooling loads during 126 hours of run.
---------------
Warning: Zone 'Stairs3-zn': Unmet cooling loads during 126 hours of run.
---------------
