2020-02-11 16:05:38 - -----------------------------------------------------------------------------
2020-02-11 16:05:38 - Opening Project 'cz04\instance.cibd22'...
2020-02-11 16:05:39 -    Model load successful into CBECC-Com 2022.0.1 RV (1113)
2020-02-11 16:05:39 - Performing Building Database check...
2020-02-11 16:05:39 - Building Database check completed, no problems found.
2020-02-11 16:05:45 -   PerfAnal_NRes - starting, w/ arguments:
2020-02-11 16:05:45 -        BEMBasePathFile    = (null)
2020-02-11 16:05:45 -        RulesetPathFile    = (null)
2020-02-11 16:05:45 -        SimWeatherPath     = C:\Users\agoyal\Documents\CBECC-Com 2022 Data\EPW\
2020-02-11 16:05:45 -        CompMgrDLLPath     = (null)
2020-02-11 16:05:45 -        DHWWeatherPath     = (null)
2020-02-11 16:05:45 -        ProcessingPath     = C:\Users\agoyal\Documents\GitHub\T24-2022-CASE-Modeling\framework\analysis\hpwh\runs\mumr-baseline-nrelec\cz04\instance - run\
2020-02-11 16:05:45 -        ModelPathFile      = C:\Users\agoyal\Documents\GitHub\T24-2022-CASE-Modeling\framework\analysis\hpwh\runs\mumr-baseline-nrelec\cz04\instance.cibd22
2020-02-11 16:05:45 -        LogPathFile        = (null)
2020-02-11 16:05:45 -        UIVersionString    = CBECC-Com 2022.0.1 RV (1113)
2020-02-11 16:05:45 -        LoadModelFile      = false
2020-02-11 16:05:45 -        OptionsCSV         = AllowAnalysisAbort,0,StoreBEMDetails,1,AnalysisThruStep,8,ModelRpt_ALL,1,ExportHourlyResults_All,1,PromptUserUMLHWarning,1,PreAnalysisCheckPromptOption,3,CompReportWarningOption,5,
2020-02-11 16:05:45 -        ErrorMsg           = (assumed to be initialized)
2020-02-11 16:05:45 -        ErrorMsgLen        = 2056
2020-02-11 16:05:45 -        DisplayProgress    = true
2020-02-11 16:05:45 -        ResultsSummary     = (empty)
2020-02-11 16:05:45 -        ResultsSummaryLen  = 3200
2020-02-11 16:05:45 -        pProgCallbackFunc  = (null)
2020-02-11 16:05:45 - Performing Building Database check...
2020-02-11 16:05:46 - Building Database check completed, no problems found.
2020-02-11 16:05:46 - Warning:  The following developer options must be defaulted (not specified by the user) in order to perform a valid compliance analysis:
          Proj 'Mid-Rise Mixed-Use (5-story)' AutoHardSize
          Proj 'Mid-Rise Mixed-Use (5-story)' AutoEffInput
2020-02-11 16:05:46 -    1 file hash check(s) failed on executable and/or analysis support files (analysis continuing w/ report signature disabled)
2020-02-11 16:05:48 -   PerfAnal_NRes - AnalysisThruStep being set to #7 due to Proj:AnalysisType = Title24ProposedOnly
2020-02-11 16:05:48 - Performing Building Database check...
2020-02-11 16:05:48 - Building Database check completed, no problems found.
2020-02-11 16:05:48 - Warning:  The AirSystem:Count for multi-zone system 'DOAS1' is not consistent with the maximum or minimum ThermalZone:Multiplier of the zones the system serves. This indicates the HVAC system serves more than 1 floor, or that Multipliers or system Count may be improperly defined. Check inputs for consistency. evaluating rule: Set CHECKCODE AirSys:Cnt  (68:'HVACSecondary-General.rule' line 1398)
2020-02-11 16:05:53 -   PerfAnal_NRes - Bypassing OpenStudio (and simulation) for zp model
2020-02-11 16:05:56 -   PerfAnal_NRes - Bypassing OpenStudio (and simulation) for zb model
2020-02-11 16:11:29 - Error:  Undefined data: numerator evaluating rule: Set ANNUAL_BASELINE Fan:FlowCap  (75:'HVACSecondary-Fan-General.rule' line 494)
2020-02-11 16:11:29 - Error:  Undefined data: numerator evaluating rule: Set ANNUAL_BASELINE Fan:FlowCap  (75:'HVACSecondary-Fan-General.rule' line 494)
2020-02-11 16:11:29 - Error:  Undefined data: numerator evaluating rule: Set ANNUAL_BASELINE Fan:FlowCap  (75:'HVACSecondary-Fan-General.rule' line 494)
2020-02-11 16:11:29 - Error:  Undefined data: numerator evaluating rule: Set ANNUAL_BASELINE Fan:FlowCap  (75:'HVACSecondary-Fan-General.rule' line 529)
2020-02-11 16:11:29 - Error:  Undefined data: numerator evaluating rule: Set ANNUAL_BASELINE Fan:FlowCap  (75:'HVACSecondary-Fan-General.rule' line 529)
2020-02-11 16:11:29 - Error:  Undefined data: numerator evaluating rule: Set ANNUAL_BASELINE Fan:FlowCap  (75:'HVACSecondary-Fan-General.rule' line 529)
2020-02-11 16:11:29 - Error:  Undefined data: numerator evaluating rule: Set ANNUAL_BASELINE Fan:FlowCap  (75:'HVACSecondary-Fan-General.rule' line 529)
2020-02-11 16:11:29 - Error:  Undefined data: numerator evaluating rule: Set ANNUAL_BASELINE Fan:FlowCap  (75:'HVACSecondary-Fan-General.rule' line 529)
2020-02-11 16:11:29 - Error:  Undefined data: numerator evaluating rule: Set ANNUAL_BASELINE Fan:FlowCap  (75:'HVACSecondary-Fan-General.rule' line 529)
2020-02-11 16:11:29 - Error:  Undefined data: numerator evaluating rule: Set ANNUAL_BASELINE Fan:FlowCap  (75:'HVACSecondary-Fan-General.rule' line 529)
2020-02-11 16:11:29 - Error:  Undefined data: numerator evaluating rule: Set ANNUAL_BASELINE Fan:FlowCap  (75:'HVACSecondary-Fan-General.rule' line 529)
2020-02-11 16:11:29 - Error:  Undefined data: numerator evaluating rule: Set ANNUAL_BASELINE Fan:FlowCap  (75:'HVACSecondary-Fan-General.rule' line 529)
2020-02-11 16:11:29 - Error:  Undefined data: numerator evaluating rule: Set ANNUAL_BASELINE Fan:FlowCap  (75:'HVACSecondary-Fan-General.rule' line 529)
2020-02-11 16:11:29 - Error:  Undefined data: numerator evaluating rule: Set ANNUAL_BASELINE Fan:FlowCap  (75:'HVACSecondary-Fan-General.rule' line 529)
2020-02-11 16:11:29 - Error:  Undefined data: numerator evaluating rule: Set ANNUAL_BASELINE Fan:FlowCap  (75:'HVACSecondary-Fan-General.rule' line 529)
2020-02-11 16:11:29 - Error:  Undefined data: numerator evaluating rule: Set ANNUAL_BASELINE Fan:FlowCap  (75:'HVACSecondary-Fan-General.rule' line 529)
2020-02-11 16:11:29 - Error:  Undefined data: numerator evaluating rule: Set ANNUAL_BASELINE Fan:FlowCap  (75:'HVACSecondary-Fan-General.rule' line 529)
2020-02-11 16:11:29 - Error:  Undefined data: numerator evaluating rule: Set ANNUAL_BASELINE Fan:FlowCap  (75:'HVACSecondary-Fan-General.rule' line 529)
2020-02-11 16:11:29 - Error:  Undefined data: numerator evaluating rule: Set ANNUAL_BASELINE Fan:FlowCap  (75:'HVACSecondary-Fan-General.rule' line 529)
2020-02-11 16:11:29 - Error:  Undefined data: numerator evaluating rule: Set ANNUAL_BASELINE Fan:FlowCap  (75:'HVACSecondary-Fan-General.rule' line 529)
2020-02-11 16:11:29 - Error:  Undefined data: numerator evaluating rule: Set ANNUAL_BASELINE Fan:FlowCap  (75:'HVACSecondary-Fan-General.rule' line 529)
2020-02-11 16:11:29 - Error:  Undefined data: numerator evaluating rule: Set ANNUAL_BASELINE Fan:FlowCap  (75:'HVACSecondary-Fan-General.rule' line 529)
2020-02-11 16:11:29 - Error:  Undefined data: numerator evaluating rule: Set ANNUAL_BASELINE Fan:FlowCap  (75:'HVACSecondary-Fan-General.rule' line 529)
2020-02-11 16:11:29 - Error:  Undefined data: numerator evaluating rule: Set ANNUAL_BASELINE Fan:FlowCap  (75:'HVACSecondary-Fan-General.rule' line 529)
2020-02-11 16:11:29 - Error:  Undefined data: numerator evaluating rule: Set ANNUAL_BASELINE Fan:FlowCap  (75:'HVACSecondary-Fan-General.rule' line 529)
2020-02-11 16:11:29 - Error:  Division by zero evaluating rule: Set ANNUAL_BASELINE ThrmlZn:PriAirCondgSysDsgnFlow  (76:'HVACSecondary-Fan-FanRatios.rule' line 67)
2020-02-11 16:11:29 - Error:  Division by zero evaluating rule: Set ANNUAL_BASELINE ThrmlZn:PriAirCondgSysDsgnFlow  (76:'HVACSecondary-Fan-FanRatios.rule' line 67)
2020-02-11 16:11:29 - Error:  Division by zero evaluating rule: Set ANNUAL_BASELINE ThrmlZn:PriAirCondgSysDsgnFlow  (76:'HVACSecondary-Fan-FanRatios.rule' line 67)
2020-02-11 16:11:29 - Error:  Division by zero evaluating rule: Set ANNUAL_BASELINE ThrmlZn:PriAirCondgSysDsgnFlow  (76:'HVACSecondary-Fan-FanRatios.rule' line 67)
2020-02-11 16:11:29 - Error:  Division by zero evaluating rule: Set ANNUAL_BASELINE ThrmlZn:PriAirCondgSysDsgnFlow  (76:'HVACSecondary-Fan-FanRatios.rule' line 67)
2020-02-11 16:11:29 - Error:  Division by zero evaluating rule: Set ANNUAL_BASELINE ThrmlZn:PriAirCondgSysDsgnFlow  (76:'HVACSecondary-Fan-FanRatios.rule' line 67)
2020-02-11 16:11:29 - Error:  Division by zero evaluating rule: Set ANNUAL_BASELINE ThrmlZn:PriAirCondgSysDsgnFlow  (76:'HVACSecondary-Fan-FanRatios.rule' line 67)
2020-02-11 16:11:29 - Error:  Division by zero evaluating rule: Set ANNUAL_BASELINE ThrmlZn:PriAirCondgSysDsgnFlow  (76:'HVACSecondary-Fan-FanRatios.rule' line 67)
2020-02-11 16:11:29 - Error:  Division by zero evaluating rule: Set ANNUAL_BASELINE ThrmlZn:PriAirCondgSysDsgnFlow  (76:'HVACSecondary-Fan-FanRatios.rule' line 67)
2020-02-11 16:11:29 - Error:  Division by zero evaluating rule: Set ANNUAL_BASELINE ThrmlZn:PriAirCondgSysDsgnFlow  (76:'HVACSecondary-Fan-FanRatios.rule' line 67)
2020-02-11 16:11:29 - Error:  Division by zero evaluating rule: Set ANNUAL_BASELINE ThrmlZn:PriAirCondgSysDsgnFlow  (76:'HVACSecondary-Fan-FanRatios.rule' line 67)
2020-02-11 16:11:29 - Error:  Division by zero evaluating rule: Set ANNUAL_BASELINE ThrmlZn:PriAirCondgSysDsgnFlow  (76:'HVACSecondary-Fan-FanRatios.rule' line 67)
2020-02-11 16:11:29 - Error:  Division by zero evaluating rule: Set ANNUAL_BASELINE ThrmlZn:VentSysDsgnFlow  (76:'HVACSecondary-Fan-FanRatios.rule' line 111)
2020-02-11 16:11:29 - Error:  Division by zero evaluating rule: Set ANNUAL_BASELINE ThrmlZn:VentSysDsgnFlow  (76:'HVACSecondary-Fan-FanRatios.rule' line 111)
2020-02-11 16:11:29 - Error:  Division by zero evaluating rule: Set ANNUAL_BASELINE ThrmlZn:VentSysDsgnFlow  (76:'HVACSecondary-Fan-FanRatios.rule' line 111)
2020-02-11 16:11:29 - Error:  Division by zero evaluating rule: Set ANNUAL_BASELINE ThrmlZn:VentSysDsgnFlow  (76:'HVACSecondary-Fan-FanRatios.rule' line 111)
2020-02-11 16:11:29 - Error:  Division by zero evaluating rule: Set ANNUAL_BASELINE ThrmlZn:VentSysDsgnFlow  (76:'HVACSecondary-Fan-FanRatios.rule' line 111)
2020-02-11 16:11:29 - Error:  Division by zero evaluating rule: Set ANNUAL_BASELINE ThrmlZn:VentSysDsgnFlow  (76:'HVACSecondary-Fan-FanRatios.rule' line 111)
2020-02-11 16:11:29 - Error:  Division by zero evaluating rule: Set ANNUAL_BASELINE ThrmlZn:VentSysDsgnFlow  (76:'HVACSecondary-Fan-FanRatios.rule' line 111)
2020-02-11 16:11:29 - Error:  Division by zero evaluating rule: Set ANNUAL_BASELINE ThrmlZn:VentSysDsgnFlow  (76:'HVACSecondary-Fan-FanRatios.rule' line 111)
2020-02-11 16:11:29 - Error:  Division by zero evaluating rule: Set ANNUAL_BASELINE ThrmlZn:VentSysDsgnFlow  (76:'HVACSecondary-Fan-FanRatios.rule' line 111)
2020-02-11 16:11:29 - Error:  Division by zero evaluating rule: Set ANNUAL_BASELINE ThrmlZn:VentSysDsgnFlow  (76:'HVACSecondary-Fan-FanRatios.rule' line 111)
2020-02-11 16:11:29 - Error:  Division by zero evaluating rule: Set ANNUAL_BASELINE ThrmlZn:VentSysDsgnFlow  (76:'HVACSecondary-Fan-FanRatios.rule' line 111)
2020-02-11 16:11:29 - Error:  Division by zero evaluating rule: Set ANNUAL_BASELINE ThrmlZn:VentSysDsgnFlow  (76:'HVACSecondary-Fan-FanRatios.rule' line 111)
2020-02-11 16:11:31 -   PerfAnal_NRes - Bypassing OpenStudio (and simulation) for ab model
2020-02-11 16:11:31 -   PerfAnal_NRes - Completed analysis steps thru #7
2020-02-11 16:11:31 - Analysis incomplete  Processing time:  Overall 5:46 / SDD2IDF x2 avg 0:07 / SizSim x0 0:00 / AnnSim x2 avg 2:30 / ReportGen x0 0:00 / Other 0:28
2020-02-11 16:11:31 -       ResultsSummary population:  bAbort = (false) / RuleProcAbort = (false) / iRetVal = 0 / pszResultsSummary = (empty) / iResultsSummaryLen = 3200
2020-02-11 16:11:31 -       ResultsSummary components1:  2020-02-11 16:11:31 / instance / Mid-Rise Mixed-Use (5-story) / CTZ04S22A / Title24ProposedOnly / 5:46 /  / 
2020-02-11 16:11:31 -       ResultsSummary components2:  CBECC-Com 2022.0.1 RV (1113) / BEMCmpMgr 2022.0.1 RV (6107) / CA 2022 Nonresidential, Vers. 1.0 Alpha /  /  / - / C:\Users\agoyal\Documents\CBECC-Com 2022 Data\EPW\ / C:\Users\agoyal\Documents\GitHub\T24-2022-CASE-Modeling\framework\analysis\hpwh\runs\mumr-baseline-nrelec\cz04\
2020-02-11 16:11:31 -       ResultsSummary:  2020-02-11 16:11:31,"instance","Mid-Rise Mixed-Use (5-story)","CTZ04S22A","Pol  0% RetAdd NoLeak",113100,141000,"Title24ProposedOnly",5:46,,,"--","--","Successful (219 warnings)",8.76543,86169.6,56282,0,244.527,16169.4,81922.8,240797,217441,0,149101,34551.8,0,0,641891,2552.99,0,0,0,0,9849.77,0,12402.8,586.724,0,0,0,12989.5,0,0,0,0,0,0,0,0,0,0,0,0,0,6.0116,30.0994,15.0798,0,0.0556599,24.8406,19.5752,95.6623,55.6091,0,38.1954,8.50068,0,0,197.967,169.791,28.176,0,2898,"Thermal Zone: F2-4 Corridor",0,985.75,"Thermal Zone: F5 Corridor",0,"--","--","",0,0,0,0,0,0,0,0,0,0,0,0,0,0,0,0,0,0,0,0,0,0,0,0,0,0,0,0,0,0,0,0,0,0,0,0,0,0,0,0,0,0,0,0,0,0,0,0,0,0,0,0,0,0,0,0,0,0,0,,,,,,,4.16012e-05,32.2883,10.5669,0,0.0360306,2.64623,14.3405,59.8779,38.321,0,25.7371,3.94427,0,0,127.88,0,0,0,0,0,0,0,0,0,0,0,0,0,0,0,"CBECC-Com 2022.0.1 RV (1113)","BEMCmpMgr 2022.0.1 RV (6107)","CA 2022 Nonresidential, Vers. 1.0 Alpha","","","-","C:\Users\agoyal\Documents\CBECC-Com 2022 Data\EPW\","C:\Users\agoyal\Documents\GitHub\T24-2022-CASE-Modeling\framework\analysis\hpwh\runs\mumr-baseline-nrelec\cz04\",0.00168785,9.65209,8.0084,0,0.0338945,2.03173,9.04923,28.77,32.1279,0,25.58,5.65158,0,0,92.13,1.22412,0,0,0,0,4.72283,0,5.94,0.281326,0,0,0,6.22,0,0,0,0,0,0,0,0,0,0,0,0,0,0,0,0,0,0,0,0,0,0,0,0,0,0,0,0,2.10255,1.60762,1.33386,0,0.00564538,8.44925,1.50722,15.0061,5.83428,0,4.26052,0.941311,0,0,26.0423,0,0,0,0,0,0,0,0,0,0,0,0,0,0,0,

2020-02-11 16:11:36 - -----------------------------------------------------------------------------
2020-02-11 16:11:36 - Opening Project 'cz04\instance.cibd22'...
2020-02-11 16:11:38 -    Model load successful into CBECC-Com 2022.0.1 RV (1113)
2020-02-11 16:11:38 - Performing Building Database check...
2020-02-11 16:11:38 - Building Database check completed, no problems found.
2020-02-11 16:11:43 - Project Saved
2020-03-04 13:33:04 - -----------------------------------------------------------------------------
2020-03-04 13:33:04 - Opening Project 'cz04\instance.cibd22'...
2020-03-04 13:33:05 -    Model load successful into CBECC-Com 2022.0.1 RV (1113)
2020-03-04 13:33:05 - Performing Building Database check...
2020-03-04 13:33:05 - Building Database check completed, no problems found.
