2020-02-27 01:52:47 - -----------------------------------------------------------------------------
2020-02-27 01:52:47 - Opening Project 'cz01\instance.cibd22'...
2020-02-27 01:52:48 -    Model load successful into CBECC-Com 2022.0.1 RV (1113)
2020-02-27 01:52:48 - Performing Building Database check...
2020-02-27 01:52:48 - Building Database check completed, no problems found.
2020-02-27 02:00:52 - -----------------------------------------------------------------------------
2020-02-27 02:00:52 - Opening Project 'cz01\instance.cibd22'...
2020-02-27 02:00:53 -    Model load successful into CBECC-Com 2022.0.1 RV (1113)
2020-02-27 02:00:54 - Performing Building Database check...
2020-02-27 02:00:54 - Building Database check completed, no problems found.
2020-02-27 02:01:01 -   PerfAnal_NRes - starting, w/ arguments:
2020-02-27 02:01:01 -        BEMBasePathFile    = (null)
2020-02-27 02:01:01 -        RulesetPathFile    = (null)
2020-02-27 02:01:01 -        SimWeatherPath     = C:\Users\agoyal\Documents\CBECC-Com 2022 Data\EPW\
2020-02-27 02:01:01 -        CompMgrDLLPath     = (null)
2020-02-27 02:01:01 -        DHWWeatherPath     = (null)
2020-02-27 02:01:01 -        ProcessingPath     = C:\Users\agoyal\Documents\GitHub\T24-2022-CASE-Modeling\framework\analysis\hpte\runs\mumr-wall6-base\cz01\instance - run\
2020-02-27 02:01:01 -        ModelPathFile      = C:\Users\agoyal\Documents\GitHub\T24-2022-CASE-Modeling\framework\analysis\hpte\runs\mumr-wall6-base\cz01\instance.cibd22
2020-02-27 02:01:01 -        LogPathFile        = (null)
2020-02-27 02:01:01 -        UIVersionString    = CBECC-Com 2022.0.1 RV (1113)
2020-02-27 02:01:01 -        LoadModelFile      = false
2020-02-27 02:01:01 -        OptionsCSV         = AllowAnalysisAbort,0,StoreBEMDetails,1,AnalysisThruStep,8,ModelRpt_ALL,1,ExportHourlyResults_All,1,PromptUserUMLHWarning,1,PreAnalysisCheckPromptOption,3,CompReportWarningOption,5,
2020-02-27 02:01:01 -        ErrorMsg           = (assumed to be initialized)
2020-02-27 02:01:01 -        ErrorMsgLen        = 2056
2020-02-27 02:01:01 -        DisplayProgress    = true
2020-02-27 02:01:01 -        ResultsSummary     = (empty)
2020-02-27 02:01:01 -        ResultsSummaryLen  = 3200
2020-02-27 02:01:01 -        pProgCallbackFunc  = (null)
2020-02-27 02:01:02 - Performing Building Database check...
2020-02-27 02:01:02 - Building Database check completed, no problems found.
2020-02-27 02:01:02 - Warning:  The following developer options must be defaulted (not specified by the user) in order to perform a valid compliance analysis:
          Proj 'Mid-Rise Mixed-Use (5-story)' AutoHardSize
          Proj 'Mid-Rise Mixed-Use (5-story)' AutoEffInput
2020-02-27 02:01:03 -    1 file hash check(s) failed on executable and/or analysis support files (analysis continuing w/ report signature disabled)
2020-02-27 02:01:08 -   PerfAnal_NRes - AnalysisThruStep being set to #7 due to Proj:AnalysisType = Title24ProposedOnly
2020-02-27 02:01:08 - Performing Building Database check...
2020-02-27 02:01:08 - Building Database check completed, no problems found.
2020-02-27 02:01:08 - Warning:  AirSystem 'DOAS1' has a DX cooling coil and the rated supply flow per ton of (net) cooling capacity is 1491 cfm/ton. The acceptable range for successful simulation of DX cooling coils in EnergyPlus is normally ~300 to ~450 cfm/ton. If the compliance simulation fails, check flow/cooling capacity inputs for consistency with the design. If simulation still fails, contact the CBECC support team for assistance. evaluating rule: Set CHECKSIM AirSys:SupFlowPerTon  (110:'HVACSecondary-Summary.rule' line 785)
2020-02-27 02:01:08 - Warning:  The AirSystem:Count for multi-zone system 'DOAS1' is not consistent with the maximum or minimum ThermalZone:Multiplier of the zones the system serves. This indicates the HVAC system serves more than 1 floor, or that Multipliers or system Count may be improperly defined. Check inputs for consistency. evaluating rule: Set CHECKCODE AirSys:Cnt  (68:'HVACSecondary-General.rule' line 1398)
2020-02-27 02:01:16 -   PerfAnal_NRes - Bypassing OpenStudio (and simulation) for zp model
2020-02-27 02:01:19 -   PerfAnal_NRes - Bypassing OpenStudio (and simulation) for zb model
2020-02-27 02:05:00 - Error:  Undefined data: numerator evaluating rule: Set ANNUAL_BASELINE Fan:FlowCap  (75:'HVACSecondary-Fan-General.rule' line 494)
2020-02-27 02:05:00 - Error:  Undefined data: numerator evaluating rule: Set ANNUAL_BASELINE Fan:FlowCap  (75:'HVACSecondary-Fan-General.rule' line 494)
2020-02-27 02:05:00 - Error:  Undefined data: numerator evaluating rule: Set ANNUAL_BASELINE Fan:FlowCap  (75:'HVACSecondary-Fan-General.rule' line 494)
2020-02-27 02:05:00 - Error:  Undefined data: numerator evaluating rule: Set ANNUAL_BASELINE Fan:FlowCap  (75:'HVACSecondary-Fan-General.rule' line 529)
2020-02-27 02:05:00 - Error:  Undefined data: numerator evaluating rule: Set ANNUAL_BASELINE Fan:FlowCap  (75:'HVACSecondary-Fan-General.rule' line 529)
2020-02-27 02:05:00 - Error:  Undefined data: numerator evaluating rule: Set ANNUAL_BASELINE Fan:FlowCap  (75:'HVACSecondary-Fan-General.rule' line 529)
2020-02-27 02:05:00 - Error:  Undefined data: numerator evaluating rule: Set ANNUAL_BASELINE Fan:FlowCap  (75:'HVACSecondary-Fan-General.rule' line 529)
2020-02-27 02:05:00 - Error:  Undefined data: numerator evaluating rule: Set ANNUAL_BASELINE Fan:FlowCap  (75:'HVACSecondary-Fan-General.rule' line 529)
2020-02-27 02:05:00 - Error:  Undefined data: numerator evaluating rule: Set ANNUAL_BASELINE Fan:FlowCap  (75:'HVACSecondary-Fan-General.rule' line 529)
2020-02-27 02:05:00 - Error:  Undefined data: numerator evaluating rule: Set ANNUAL_BASELINE Fan:FlowCap  (75:'HVACSecondary-Fan-General.rule' line 529)
2020-02-27 02:05:00 - Error:  Undefined data: numerator evaluating rule: Set ANNUAL_BASELINE Fan:FlowCap  (75:'HVACSecondary-Fan-General.rule' line 529)
2020-02-27 02:05:00 - Error:  Undefined data: numerator evaluating rule: Set ANNUAL_BASELINE Fan:FlowCap  (75:'HVACSecondary-Fan-General.rule' line 529)
2020-02-27 02:05:00 - Error:  Undefined data: numerator evaluating rule: Set ANNUAL_BASELINE Fan:FlowCap  (75:'HVACSecondary-Fan-General.rule' line 529)
2020-02-27 02:05:00 - Error:  Undefined data: numerator evaluating rule: Set ANNUAL_BASELINE Fan:FlowCap  (75:'HVACSecondary-Fan-General.rule' line 529)
2020-02-27 02:05:00 - Error:  Undefined data: numerator evaluating rule: Set ANNUAL_BASELINE Fan:FlowCap  (75:'HVACSecondary-Fan-General.rule' line 529)
2020-02-27 02:05:00 - Error:  Undefined data: numerator evaluating rule: Set ANNUAL_BASELINE Fan:FlowCap  (75:'HVACSecondary-Fan-General.rule' line 529)
2020-02-27 02:05:00 - Error:  Undefined data: numerator evaluating rule: Set ANNUAL_BASELINE Fan:FlowCap  (75:'HVACSecondary-Fan-General.rule' line 529)
2020-02-27 02:05:00 - Error:  Undefined data: numerator evaluating rule: Set ANNUAL_BASELINE Fan:FlowCap  (75:'HVACSecondary-Fan-General.rule' line 529)
2020-02-27 02:05:00 - Error:  Undefined data: numerator evaluating rule: Set ANNUAL_BASELINE Fan:FlowCap  (75:'HVACSecondary-Fan-General.rule' line 529)
2020-02-27 02:05:00 - Error:  Undefined data: numerator evaluating rule: Set ANNUAL_BASELINE Fan:FlowCap  (75:'HVACSecondary-Fan-General.rule' line 529)
2020-02-27 02:05:00 - Error:  Undefined data: numerator evaluating rule: Set ANNUAL_BASELINE Fan:FlowCap  (75:'HVACSecondary-Fan-General.rule' line 529)
2020-02-27 02:05:00 - Error:  Undefined data: numerator evaluating rule: Set ANNUAL_BASELINE Fan:FlowCap  (75:'HVACSecondary-Fan-General.rule' line 529)
2020-02-27 02:05:00 - Error:  Undefined data: numerator evaluating rule: Set ANNUAL_BASELINE Fan:FlowCap  (75:'HVACSecondary-Fan-General.rule' line 529)
2020-02-27 02:05:00 - Error:  Undefined data: numerator evaluating rule: Set ANNUAL_BASELINE Fan:FlowCap  (75:'HVACSecondary-Fan-General.rule' line 529)
2020-02-27 02:05:00 - Error:  Undefined data: numerator evaluating rule: Set ANNUAL_BASELINE Fan:FlowCap  (75:'HVACSecondary-Fan-General.rule' line 529)
2020-02-27 02:05:00 - Error:  Division by zero evaluating rule: Set ANNUAL_BASELINE ThrmlZn:PriAirCondgSysDsgnFlow  (76:'HVACSecondary-Fan-FanRatios.rule' line 67)
2020-02-27 02:05:00 - Error:  Division by zero evaluating rule: Set ANNUAL_BASELINE ThrmlZn:PriAirCondgSysDsgnFlow  (76:'HVACSecondary-Fan-FanRatios.rule' line 67)
2020-02-27 02:05:00 - Error:  Division by zero evaluating rule: Set ANNUAL_BASELINE ThrmlZn:PriAirCondgSysDsgnFlow  (76:'HVACSecondary-Fan-FanRatios.rule' line 67)
2020-02-27 02:05:00 - Error:  Division by zero evaluating rule: Set ANNUAL_BASELINE ThrmlZn:PriAirCondgSysDsgnFlow  (76:'HVACSecondary-Fan-FanRatios.rule' line 67)
2020-02-27 02:05:00 - Error:  Division by zero evaluating rule: Set ANNUAL_BASELINE ThrmlZn:PriAirCondgSysDsgnFlow  (76:'HVACSecondary-Fan-FanRatios.rule' line 67)
2020-02-27 02:05:00 - Error:  Division by zero evaluating rule: Set ANNUAL_BASELINE ThrmlZn:PriAirCondgSysDsgnFlow  (76:'HVACSecondary-Fan-FanRatios.rule' line 67)
2020-02-27 02:05:00 - Error:  Division by zero evaluating rule: Set ANNUAL_BASELINE ThrmlZn:PriAirCondgSysDsgnFlow  (76:'HVACSecondary-Fan-FanRatios.rule' line 67)
2020-02-27 02:05:00 - Error:  Division by zero evaluating rule: Set ANNUAL_BASELINE ThrmlZn:PriAirCondgSysDsgnFlow  (76:'HVACSecondary-Fan-FanRatios.rule' line 67)
2020-02-27 02:05:00 - Error:  Division by zero evaluating rule: Set ANNUAL_BASELINE ThrmlZn:PriAirCondgSysDsgnFlow  (76:'HVACSecondary-Fan-FanRatios.rule' line 67)
2020-02-27 02:05:00 - Error:  Division by zero evaluating rule: Set ANNUAL_BASELINE ThrmlZn:PriAirCondgSysDsgnFlow  (76:'HVACSecondary-Fan-FanRatios.rule' line 67)
2020-02-27 02:05:00 - Error:  Division by zero evaluating rule: Set ANNUAL_BASELINE ThrmlZn:PriAirCondgSysDsgnFlow  (76:'HVACSecondary-Fan-FanRatios.rule' line 67)
2020-02-27 02:05:00 - Error:  Division by zero evaluating rule: Set ANNUAL_BASELINE ThrmlZn:PriAirCondgSysDsgnFlow  (76:'HVACSecondary-Fan-FanRatios.rule' line 67)
2020-02-27 02:05:00 - Error:  Division by zero evaluating rule: Set ANNUAL_BASELINE ThrmlZn:VentSysDsgnFlow  (76:'HVACSecondary-Fan-FanRatios.rule' line 111)
2020-02-27 02:05:00 - Error:  Division by zero evaluating rule: Set ANNUAL_BASELINE ThrmlZn:VentSysDsgnFlow  (76:'HVACSecondary-Fan-FanRatios.rule' line 111)
2020-02-27 02:05:00 - Error:  Division by zero evaluating rule: Set ANNUAL_BASELINE ThrmlZn:VentSysDsgnFlow  (76:'HVACSecondary-Fan-FanRatios.rule' line 111)
2020-02-27 02:05:00 - Error:  Division by zero evaluating rule: Set ANNUAL_BASELINE ThrmlZn:VentSysDsgnFlow  (76:'HVACSecondary-Fan-FanRatios.rule' line 111)
2020-02-27 02:05:00 - Error:  Division by zero evaluating rule: Set ANNUAL_BASELINE ThrmlZn:VentSysDsgnFlow  (76:'HVACSecondary-Fan-FanRatios.rule' line 111)
2020-02-27 02:05:00 - Error:  Division by zero evaluating rule: Set ANNUAL_BASELINE ThrmlZn:VentSysDsgnFlow  (76:'HVACSecondary-Fan-FanRatios.rule' line 111)
2020-02-27 02:05:00 - Error:  Division by zero evaluating rule: Set ANNUAL_BASELINE ThrmlZn:VentSysDsgnFlow  (76:'HVACSecondary-Fan-FanRatios.rule' line 111)
2020-02-27 02:05:00 - Error:  Division by zero evaluating rule: Set ANNUAL_BASELINE ThrmlZn:VentSysDsgnFlow  (76:'HVACSecondary-Fan-FanRatios.rule' line 111)
2020-02-27 02:05:00 - Error:  Division by zero evaluating rule: Set ANNUAL_BASELINE ThrmlZn:VentSysDsgnFlow  (76:'HVACSecondary-Fan-FanRatios.rule' line 111)
2020-02-27 02:05:00 - Error:  Division by zero evaluating rule: Set ANNUAL_BASELINE ThrmlZn:VentSysDsgnFlow  (76:'HVACSecondary-Fan-FanRatios.rule' line 111)
2020-02-27 02:05:00 - Error:  Division by zero evaluating rule: Set ANNUAL_BASELINE ThrmlZn:VentSysDsgnFlow  (76:'HVACSecondary-Fan-FanRatios.rule' line 111)
2020-02-27 02:05:00 - Error:  Division by zero evaluating rule: Set ANNUAL_BASELINE ThrmlZn:VentSysDsgnFlow  (76:'HVACSecondary-Fan-FanRatios.rule' line 111)
2020-02-27 02:05:01 -   PerfAnal_NRes - Bypassing OpenStudio (and simulation) for ab model
2020-02-27 02:05:01 -   PerfAnal_NRes - Completed analysis steps thru #7
2020-02-27 02:05:01 - Analysis incomplete  Processing time:  Overall 4:00 / SDD2IDF x2 avg 0:10 / SizSim x0 0:00 / AnnSim x2 avg 1:33 / ReportGen x0 0:00 / Other 0:30
2020-02-27 02:05:01 -       ResultsSummary population:  bAbort = (false) / RuleProcAbort = (false) / iRetVal = 0 / pszResultsSummary = (empty) / iResultsSummaryLen = 3200
2020-02-27 02:05:01 -       ResultsSummary components1:  2020-02-27 02:05:01 / instance / Mid-Rise Mixed-Use (5-story) / CTZ01S22A / Title24ProposedOnly / 4:00 /  / 
2020-02-27 02:05:01 -       ResultsSummary components2:  CBECC-Com 2022.0.1 RV (1113) / BEMCmpMgr 2022.0.1 RV (6107) / CA 2022 Nonresidential, Vers. 1.0 Alpha /  /  / - / C:\Users\agoyal\Documents\CBECC-Com 2022 Data\EPW\ / C:\Users\agoyal\Documents\GitHub\T24-2022-CASE-Modeling\framework\analysis\hpte\runs\mumr-wall6-base\cz01\
2020-02-27 02:05:01 -       ResultsSummary:  2020-02-27 02:05:01,"instance","Mid-Rise Mixed-Use (5-story)","CTZ01S22A","Pol  0% RetAdd NoLeak",113100,141000,"Title24ProposedOnly",4:00,,,"--","--","Successful (222 warnings)",21.1421,7680.8,46436.8,0,319.274,14520.8,81988.7,150968,217441,0,149101,34551.8,0,0,552062,6251.32,0,0,0,0,11588.8,0,17840.1,586.724,0,0,0,18426.8,0,0,0,0,0,0,0,0,0,0,0,0,0,14.1146,1.92226,11.3807,0,0.078745,27.9876,18.9221,74.4059,57.1167,0,40.6046,8.51343,0,0,180.641,140.771,39.8695,0,490.5,"Thermal Zone: F5 Corridor",0,2425.75,"Thermal Zone: F5 Corridor",0,"--","--","",0,0,0,0,0,0,0,0,0,0,0,0,0,0,0,0,0,0,0,0,0,0,0,0,0,0,0,0,0,0,0,0,0,0,0,0,0,0,0,0,0,0,0,0,0,0,0,0,0,0,0,0,0,0,0,0,0,0,0,,,,,,,0.000960504,5.45911,6.96599,0,0.0538504,2.41162,14.3374,29.229,38.321,0,25.7371,3.94427,0,0,97.2313,0,0,0,0,0,0,0,0,0,0,0,0,0,0,0,"CBECC-Com 2022.0.1 RV (1113)","BEMCmpMgr 2022.0.1 RV (6107)","CA 2022 Nonresidential, Vers. 1.0 Alpha","","","-","C:\Users\agoyal\Documents\CBECC-Com 2022 Data\EPW\","C:\Users\agoyal\Documents\GitHub\T24-2022-CASE-Modeling\framework\analysis\hpte\runs\mumr-wall6-base\cz01\",0.0032774,1.14691,6.95559,0,0.0408838,1.83624,9.06502,19.06,32.1279,0,25.58,5.65158,0,0,82.42,2.99743,0,0,0,0,5.55665,0,8.56,0.281326,0,0,0,8.84,0,0,0,0,0,0,0,0,0,0,0,0,0,0,0,0,0,0,0,0,0,0,0,0,0,0,0,0,5.14823,0.191026,1.1585,0,0.00680949,9.84867,1.50985,17.8631,5.83428,0,4.26052,0.941311,0,0,28.8992,0,0,0,0,0,0,0,0,0,0,0,0,0,0,0,

2020-02-27 02:05:05 - -----------------------------------------------------------------------------
2020-02-27 02:05:05 - Opening Project 'cz01\instance.cibd22'...
2020-02-27 02:05:06 -    Model load successful into CBECC-Com 2022.0.1 RV (1113)
2020-02-27 02:05:07 - Performing Building Database check...
2020-02-27 02:05:07 - Building Database check completed, no problems found.
2020-02-27 02:05:11 - Project Saved
2020-02-27 17:38:20 - -----------------------------------------------------------------------------
2020-02-27 17:38:20 - Opening Project 'cz01\instance.cibd22'...
2020-02-27 17:38:20 -    Model load successful into CBECC-Com 2022.0.1 RV (1113)
2020-02-27 17:38:21 - Performing Building Database check...
2020-02-27 17:38:21 - Building Database check completed, no problems found.
