2020-01-15 12:17:49 - -----------------------------------------------------------------------------
2020-01-15 12:17:49 - Opening Project 'cz11\instance.cibd22'...
2020-01-15 12:17:51 -    Model load successful into CBECC-Com 2022.0.1 RV (1113)
2020-01-15 12:17:52 - Performing Building Database check...
2020-01-15 12:17:52 - Building Database check completed, no problems found.
2020-01-15 12:17:59 -   PerfAnal_NRes - starting, w/ arguments:
2020-01-15 12:17:59 -        BEMBasePathFile    = (null)
2020-01-15 12:17:59 -        RulesetPathFile    = (null)
2020-01-15 12:17:59 -        SimWeatherPath     = C:\Users\mnakajima\Documents\CBECC-Com 2022 Data\EPW\
2020-01-15 12:17:59 -        CompMgrDLLPath     = (null)
2020-01-15 12:17:59 -        DHWWeatherPath     = (null)
2020-01-15 12:17:59 -        ProcessingPath     = C:\Users\mnakajima\Documents\GitHub\T24-2022-CASE-Modeling\framework\analysis\szhp\runs\mumr-szhp\cz11\instance - run\
2020-01-15 12:17:59 -        ModelPathFile      = C:\Users\mnakajima\Documents\GitHub\T24-2022-CASE-Modeling\framework\analysis\szhp\runs\mumr-szhp\cz11\instance.cibd22
2020-01-15 12:17:59 -        LogPathFile        = (null)
2020-01-15 12:17:59 -        UIVersionString    = CBECC-Com 2022.0.1 RV (1113)
2020-01-15 12:17:59 -        LoadModelFile      = false
2020-01-15 12:17:59 -        OptionsCSV         = AllowAnalysisAbort,0,StoreBEMDetails,1,AnalysisThruStep,8,ModelRpt_ALL,1,ExportHourlyResults_All,1,PromptUserUMLHWarning,1,PreAnalysisCheckPromptOption,3,CompReportWarningOption,5,
2020-01-15 12:17:59 -        ErrorMsg           = (assumed to be initialized)
2020-01-15 12:17:59 -        ErrorMsgLen        = 2056
2020-01-15 12:17:59 -        DisplayProgress    = true
2020-01-15 12:17:59 -        ResultsSummary     = (empty)
2020-01-15 12:17:59 -        ResultsSummaryLen  = 3200
2020-01-15 12:17:59 -        pProgCallbackFunc  = (null)
2020-01-15 12:18:01 - Performing Building Database check...
2020-01-15 12:18:01 - Building Database check completed, no problems found.
2020-01-15 12:18:01 - Warning:  The following developer options must be defaulted (not specified by the user) in order to perform a valid compliance analysis:
          Proj 'Mid-Rise Mixed-Use (5-story)' AutoHardSize
          Proj 'Mid-Rise Mixed-Use (5-story)' AutoEffInput
2020-01-15 12:18:01 -    1 file hash check(s) failed on executable and/or analysis support files (analysis continuing w/ report signature disabled)
2020-01-15 12:18:04 -   PerfAnal_NRes - AnalysisThruStep being set to #7 due to Proj:AnalysisType = Title24ProposedOnly
2020-01-15 12:18:04 - Performing Building Database check...
2020-01-15 12:18:04 - Building Database check completed, no problems found.
2020-01-15 12:18:04 - Warning:  The AirSystem:Count for multi-zone system 'DOAS1' is not consistent with the maximum or minimum ThermalZone:Multiplier of the zones the system serves. This indicates the HVAC system serves more than 1 floor, or that Multipliers or system Count may be improperly defined. Check inputs for consistency. evaluating rule: Set CHECKCODE AirSys:Cnt  (68:'HVACSecondary-General.rule' line 1398)
2020-01-15 12:18:04 - Warning:  The net heating capacity for HeatPump coil 'DOAS1 CoilHtg' differs from the system's net cooling capacity by more than 15%. evaluating rule: Set CHECKCODE CoilHtg:CapTotNetRtd  (83:'HVACSecondary-CoilHeating-Capacity.rule' line 701)
2020-01-15 12:18:04 - Warning:  The net heating capacity for HeatPump coil 'CoilHtg 2' differs from the system's net cooling capacity by more than 20%. evaluating rule: Set CHECKCODE CoilHtg:CapTotNetRtd  (83:'HVACSecondary-CoilHeating-Capacity.rule' line 765)
2020-01-15 12:18:04 - Warning:  The net heating capacity for HeatPump coil 'CoilHtg 3' differs from the system's net cooling capacity by more than 20%. evaluating rule: Set CHECKCODE CoilHtg:CapTotNetRtd  (83:'HVACSecondary-CoilHeating-Capacity.rule' line 765)
2020-01-15 12:18:04 - Warning:  The net heating capacity for HeatPump coil 'CoilHtg 7' differs from the system's net cooling capacity by more than 20%. evaluating rule: Set CHECKCODE CoilHtg:CapTotNetRtd  (83:'HVACSecondary-CoilHeating-Capacity.rule' line 765)
2020-01-15 12:18:04 - Warning:  The net heating capacity for HeatPump coil 'CoilHtg 9' differs from the system's net cooling capacity by more than 20%. evaluating rule: Set CHECKCODE CoilHtg:CapTotNetRtd  (83:'HVACSecondary-CoilHeating-Capacity.rule' line 765)
2020-01-15 12:18:04 - Warning:  The net heating capacity for HeatPump coil 'CoilHtg 10' differs from the system's net cooling capacity by more than 20%. evaluating rule: Set CHECKCODE CoilHtg:CapTotNetRtd  (83:'HVACSecondary-CoilHeating-Capacity.rule' line 765)
2020-01-15 12:18:04 - Warning:  The net heating capacity for HeatPump coil 'CoilHtg 11' differs from the system's net cooling capacity by more than 20%. evaluating rule: Set CHECKCODE CoilHtg:CapTotNetRtd  (83:'HVACSecondary-CoilHeating-Capacity.rule' line 765)
2020-01-15 12:18:04 - Warning:  The net heating capacity for HeatPump coil 'CoilHtg 14' differs from the system's net cooling capacity by more than 20%. evaluating rule: Set CHECKCODE CoilHtg:CapTotNetRtd  (83:'HVACSecondary-CoilHeating-Capacity.rule' line 765)
2020-01-15 12:18:04 - Warning:  The net heating capacity for HeatPump coil 'CoilHtg 18' differs from the system's net cooling capacity by more than 20%. evaluating rule: Set CHECKCODE CoilHtg:CapTotNetRtd  (83:'HVACSecondary-CoilHeating-Capacity.rule' line 765)
2020-01-15 12:18:04 - Warning:  The net heating capacity for HeatPump coil 'CoilHtg 21' differs from the system's net cooling capacity by more than 20%. evaluating rule: Set CHECKCODE CoilHtg:CapTotNetRtd  (83:'HVACSecondary-CoilHeating-Capacity.rule' line 765)
2020-01-15 12:18:11 -   PerfAnal_NRes - Bypassing OpenStudio (and simulation) for zp model
2020-01-15 12:18:15 -   PerfAnal_NRes - Bypassing OpenStudio (and simulation) for zb model
2020-01-15 12:23:17 - Error:  Undefined data: numerator evaluating rule: Set ANNUAL_BASELINE Fan:FlowCap  (75:'HVACSecondary-Fan-General.rule' line 494)
2020-01-15 12:23:17 - Error:  Undefined data: numerator evaluating rule: Set ANNUAL_BASELINE Fan:FlowCap  (75:'HVACSecondary-Fan-General.rule' line 494)
2020-01-15 12:23:17 - Error:  Undefined data: numerator evaluating rule: Set ANNUAL_BASELINE Fan:FlowCap  (75:'HVACSecondary-Fan-General.rule' line 494)
2020-01-15 12:23:17 - Error:  Undefined data: numerator evaluating rule: Set ANNUAL_BASELINE Fan:FlowCap  (75:'HVACSecondary-Fan-General.rule' line 529)
2020-01-15 12:23:17 - Error:  Undefined data: numerator evaluating rule: Set ANNUAL_BASELINE Fan:FlowCap  (75:'HVACSecondary-Fan-General.rule' line 529)
2020-01-15 12:23:17 - Error:  Undefined data: numerator evaluating rule: Set ANNUAL_BASELINE Fan:FlowCap  (75:'HVACSecondary-Fan-General.rule' line 529)
2020-01-15 12:23:17 - Error:  Undefined data: numerator evaluating rule: Set ANNUAL_BASELINE Fan:FlowCap  (75:'HVACSecondary-Fan-General.rule' line 529)
2020-01-15 12:23:17 - Error:  Undefined data: numerator evaluating rule: Set ANNUAL_BASELINE Fan:FlowCap  (75:'HVACSecondary-Fan-General.rule' line 529)
2020-01-15 12:23:17 - Error:  Undefined data: numerator evaluating rule: Set ANNUAL_BASELINE Fan:FlowCap  (75:'HVACSecondary-Fan-General.rule' line 529)
2020-01-15 12:23:17 - Error:  Undefined data: numerator evaluating rule: Set ANNUAL_BASELINE Fan:FlowCap  (75:'HVACSecondary-Fan-General.rule' line 529)
2020-01-15 12:23:17 - Error:  Undefined data: numerator evaluating rule: Set ANNUAL_BASELINE Fan:FlowCap  (75:'HVACSecondary-Fan-General.rule' line 529)
2020-01-15 12:23:17 - Error:  Undefined data: numerator evaluating rule: Set ANNUAL_BASELINE Fan:FlowCap  (75:'HVACSecondary-Fan-General.rule' line 529)
2020-01-15 12:23:17 - Error:  Undefined data: numerator evaluating rule: Set ANNUAL_BASELINE Fan:FlowCap  (75:'HVACSecondary-Fan-General.rule' line 529)
2020-01-15 12:23:17 - Error:  Undefined data: numerator evaluating rule: Set ANNUAL_BASELINE Fan:FlowCap  (75:'HVACSecondary-Fan-General.rule' line 529)
2020-01-15 12:23:17 - Error:  Undefined data: numerator evaluating rule: Set ANNUAL_BASELINE Fan:FlowCap  (75:'HVACSecondary-Fan-General.rule' line 529)
2020-01-15 12:23:17 - Error:  Undefined data: numerator evaluating rule: Set ANNUAL_BASELINE Fan:FlowCap  (75:'HVACSecondary-Fan-General.rule' line 529)
2020-01-15 12:23:17 - Error:  Undefined data: numerator evaluating rule: Set ANNUAL_BASELINE Fan:FlowCap  (75:'HVACSecondary-Fan-General.rule' line 529)
2020-01-15 12:23:17 - Error:  Undefined data: numerator evaluating rule: Set ANNUAL_BASELINE Fan:FlowCap  (75:'HVACSecondary-Fan-General.rule' line 529)
2020-01-15 12:23:17 - Error:  Undefined data: numerator evaluating rule: Set ANNUAL_BASELINE Fan:FlowCap  (75:'HVACSecondary-Fan-General.rule' line 529)
2020-01-15 12:23:17 - Error:  Undefined data: numerator evaluating rule: Set ANNUAL_BASELINE Fan:FlowCap  (75:'HVACSecondary-Fan-General.rule' line 529)
2020-01-15 12:23:17 - Error:  Undefined data: numerator evaluating rule: Set ANNUAL_BASELINE Fan:FlowCap  (75:'HVACSecondary-Fan-General.rule' line 529)
2020-01-15 12:23:17 - Error:  Undefined data: numerator evaluating rule: Set ANNUAL_BASELINE Fan:FlowCap  (75:'HVACSecondary-Fan-General.rule' line 529)
2020-01-15 12:23:17 - Error:  Undefined data: numerator evaluating rule: Set ANNUAL_BASELINE Fan:FlowCap  (75:'HVACSecondary-Fan-General.rule' line 529)
2020-01-15 12:23:17 - Error:  Undefined data: numerator evaluating rule: Set ANNUAL_BASELINE Fan:FlowCap  (75:'HVACSecondary-Fan-General.rule' line 529)
2020-01-15 12:23:17 - Error:  Undefined data: numerator evaluating rule: Set ANNUAL_BASELINE Fan:FlowCap  (75:'HVACSecondary-Fan-General.rule' line 529)
2020-01-15 12:23:17 - Error:  Division by zero evaluating rule: Set ANNUAL_BASELINE ThrmlZn:PriAirCondgSysDsgnFlow  (76:'HVACSecondary-Fan-FanRatios.rule' line 67)
2020-01-15 12:23:17 - Error:  Division by zero evaluating rule: Set ANNUAL_BASELINE ThrmlZn:PriAirCondgSysDsgnFlow  (76:'HVACSecondary-Fan-FanRatios.rule' line 67)
2020-01-15 12:23:17 - Error:  Division by zero evaluating rule: Set ANNUAL_BASELINE ThrmlZn:PriAirCondgSysDsgnFlow  (76:'HVACSecondary-Fan-FanRatios.rule' line 67)
2020-01-15 12:23:17 - Error:  Division by zero evaluating rule: Set ANNUAL_BASELINE ThrmlZn:PriAirCondgSysDsgnFlow  (76:'HVACSecondary-Fan-FanRatios.rule' line 67)
2020-01-15 12:23:17 - Error:  Division by zero evaluating rule: Set ANNUAL_BASELINE ThrmlZn:PriAirCondgSysDsgnFlow  (76:'HVACSecondary-Fan-FanRatios.rule' line 67)
2020-01-15 12:23:17 - Error:  Division by zero evaluating rule: Set ANNUAL_BASELINE ThrmlZn:PriAirCondgSysDsgnFlow  (76:'HVACSecondary-Fan-FanRatios.rule' line 67)
2020-01-15 12:23:17 - Error:  Division by zero evaluating rule: Set ANNUAL_BASELINE ThrmlZn:PriAirCondgSysDsgnFlow  (76:'HVACSecondary-Fan-FanRatios.rule' line 67)
2020-01-15 12:23:17 - Error:  Division by zero evaluating rule: Set ANNUAL_BASELINE ThrmlZn:PriAirCondgSysDsgnFlow  (76:'HVACSecondary-Fan-FanRatios.rule' line 67)
2020-01-15 12:23:17 - Error:  Division by zero evaluating rule: Set ANNUAL_BASELINE ThrmlZn:PriAirCondgSysDsgnFlow  (76:'HVACSecondary-Fan-FanRatios.rule' line 67)
2020-01-15 12:23:17 - Error:  Division by zero evaluating rule: Set ANNUAL_BASELINE ThrmlZn:PriAirCondgSysDsgnFlow  (76:'HVACSecondary-Fan-FanRatios.rule' line 67)
2020-01-15 12:23:17 - Error:  Division by zero evaluating rule: Set ANNUAL_BASELINE ThrmlZn:PriAirCondgSysDsgnFlow  (76:'HVACSecondary-Fan-FanRatios.rule' line 67)
2020-01-15 12:23:17 - Error:  Division by zero evaluating rule: Set ANNUAL_BASELINE ThrmlZn:PriAirCondgSysDsgnFlow  (76:'HVACSecondary-Fan-FanRatios.rule' line 67)
2020-01-15 12:23:17 - Error:  Division by zero evaluating rule: Set ANNUAL_BASELINE ThrmlZn:VentSysDsgnFlow  (76:'HVACSecondary-Fan-FanRatios.rule' line 111)
2020-01-15 12:23:17 - Error:  Division by zero evaluating rule: Set ANNUAL_BASELINE ThrmlZn:VentSysDsgnFlow  (76:'HVACSecondary-Fan-FanRatios.rule' line 111)
2020-01-15 12:23:17 - Error:  Division by zero evaluating rule: Set ANNUAL_BASELINE ThrmlZn:VentSysDsgnFlow  (76:'HVACSecondary-Fan-FanRatios.rule' line 111)
2020-01-15 12:23:17 - Error:  Division by zero evaluating rule: Set ANNUAL_BASELINE ThrmlZn:VentSysDsgnFlow  (76:'HVACSecondary-Fan-FanRatios.rule' line 111)
2020-01-15 12:23:17 - Error:  Division by zero evaluating rule: Set ANNUAL_BASELINE ThrmlZn:VentSysDsgnFlow  (76:'HVACSecondary-Fan-FanRatios.rule' line 111)
2020-01-15 12:23:17 - Error:  Division by zero evaluating rule: Set ANNUAL_BASELINE ThrmlZn:VentSysDsgnFlow  (76:'HVACSecondary-Fan-FanRatios.rule' line 111)
2020-01-15 12:23:17 - Error:  Division by zero evaluating rule: Set ANNUAL_BASELINE ThrmlZn:VentSysDsgnFlow  (76:'HVACSecondary-Fan-FanRatios.rule' line 111)
2020-01-15 12:23:17 - Error:  Division by zero evaluating rule: Set ANNUAL_BASELINE ThrmlZn:VentSysDsgnFlow  (76:'HVACSecondary-Fan-FanRatios.rule' line 111)
2020-01-15 12:23:17 - Error:  Division by zero evaluating rule: Set ANNUAL_BASELINE ThrmlZn:VentSysDsgnFlow  (76:'HVACSecondary-Fan-FanRatios.rule' line 111)
2020-01-15 12:23:17 - Error:  Division by zero evaluating rule: Set ANNUAL_BASELINE ThrmlZn:VentSysDsgnFlow  (76:'HVACSecondary-Fan-FanRatios.rule' line 111)
2020-01-15 12:23:17 - Error:  Division by zero evaluating rule: Set ANNUAL_BASELINE ThrmlZn:VentSysDsgnFlow  (76:'HVACSecondary-Fan-FanRatios.rule' line 111)
2020-01-15 12:23:17 - Error:  Division by zero evaluating rule: Set ANNUAL_BASELINE ThrmlZn:VentSysDsgnFlow  (76:'HVACSecondary-Fan-FanRatios.rule' line 111)
2020-01-15 12:23:19 -   PerfAnal_NRes - Bypassing OpenStudio (and simulation) for ab model
2020-01-15 12:23:19 -   PerfAnal_NRes - Completed analysis steps thru #7
2020-01-15 12:23:19 - Analysis incomplete  Processing time:  Overall 5:19 / SDD2IDF x2 avg 0:09 / SizSim x0 0:00 / AnnSim x2 avg 2:12 / ReportGen x0 0:00 / Other 0:34
2020-01-15 12:23:19 -       ResultsSummary population:  bAbort = (false) / RuleProcAbort = (false) / iRetVal = 0 / pszResultsSummary = (empty) / iResultsSummaryLen = 3200
2020-01-15 12:23:19 -       ResultsSummary components1:  2020-01-15 12:23:19 / instance / Mid-Rise Mixed-Use (5-story) / CTZ11S22A / Title24ProposedOnly / 5:19 /  / 
2020-01-15 12:23:19 -       ResultsSummary components2:  CBECC-Com 2022.0.1 RV (1113) / BEMCmpMgr 2022.0.1 RV (6107) / CA 2022 Nonresidential, Vers. 1.0 Alpha /  /  / - / C:\Users\mnakajima\Documents\CBECC-Com 2022 Data\EPW\ / C:\Users\mnakajima\Documents\GitHub\T24-2022-CASE-Modeling\framework\analysis\szhp\runs\mumr-szhp\cz11\
2020-01-15 12:23:19 -       ResultsSummary:  2020-01-15 12:23:19,"instance","Mid-Rise Mixed-Use (5-story)","CTZ11S22A","Pol  0% RetAdd NoLeak",113100,141000,"Title24ProposedOnly",5:19,,,"--","--","Successful (296 warnings)",25380.3,133515,58544.9,0,214.741,17682,81961.5,317299,217441,0,149101,34551.8,0,0,718393,2137,0,0,0,0,9031.56,0,11168.6,586.724,0,0,0,11755.3,0,0,0,0,0,0,0,0,0,0,0,0,0,11.4885,44.7093,15.7014,0,0.0484116,23.5747,19.3967,114.919,55.7311,0,38.5354,8.47645,0,0,217.662,192.058,25.604,0,1710.5,"Thermal Zone: F5 Corridor",0,205.75,"Thermal Zone: F5 Corridor",0,"--","--","",0,0,0,0,0,0,0,0,0,0,0,0,0,0,0,0,0,0,0,0,0,0,0,0,0,0,0,0,0,0,0,0,0,0,0,0,0,0,0,0,0,0,0,0,0,0,0,0,0,0,0,0,0,0,0,0,0,0,0,,,,,,,8.01943e-06,57.1051,12.4397,0,0.00999938,2.57919,14.3272,86.4612,38.321,0,25.7371,3.94427,0,0,154.464,0,0,0,0,0,0,0,0,0,0,0,0,0,0,0,"CBECC-Com 2022.0.1 RV (1113)","BEMCmpMgr 2022.0.1 RV (6107)","CA 2022 Nonresidential, Vers. 1.0 Alpha","","","-","C:\Users\mnakajima\Documents\CBECC-Com 2022 Data\EPW\","C:\Users\mnakajima\Documents\GitHub\T24-2022-CASE-Modeling\framework\analysis\szhp\runs\mumr-szhp\cz11\",5.48399,15.832,8.339,0,0.0312208,2.40185,9.05828,41.14,32.1279,0,25.58,5.65158,0,0,104.5,1.02466,0,0,0,0,4.33051,0,5.35,0.281326,0,0,0,5.63,0,0,0,0,0,0,0,0,0,0,0,0,0,0,0,0,0,0,0,0,0,0,0,0,0,0,0,0,2.67312,2.63693,1.38892,0,0.00520005,7.83714,1.50872,16.05,5.83428,0,4.26052,0.941311,0,0,27.0861,0,0,0,0,0,0,0,0,0,0,0,0,0,0,0,

2020-01-15 12:23:24 - -----------------------------------------------------------------------------
2020-01-15 12:23:24 - Opening Project 'cz11\instance.cibd22'...
2020-01-15 12:23:26 -    Model load successful into CBECC-Com 2022.0.1 RV (1113)
2020-01-15 12:23:26 - Performing Building Database check...
2020-01-15 12:23:26 - Building Database check completed, no problems found.
2020-01-15 12:23:32 - Project Saved
2020-02-05 14:41:13 - -----------------------------------------------------------------------------
2020-02-05 14:41:13 - Opening Project 'cz11\instance.cibd22'...
2020-02-05 14:41:15 -    Model load successful into CBECC-Com 2022.0.1 RV (1113)
2020-02-05 14:41:15 - Performing Building Database check...
2020-02-05 14:41:15 - Building Database check completed, no problems found.
2020-02-05 14:41:21 -   PerfAnal_NRes - starting, w/ arguments:
2020-02-05 14:41:21 -        BEMBasePathFile    = (null)
2020-02-05 14:41:21 -        RulesetPathFile    = (null)
2020-02-05 14:41:21 -        SimWeatherPath     = C:\Users\mnakajima\Documents\CBECC-Com 2022 Data\EPW\
2020-02-05 14:41:21 -        CompMgrDLLPath     = (null)
2020-02-05 14:41:21 -        DHWWeatherPath     = (null)
2020-02-05 14:41:21 -        ProcessingPath     = C:\Users\mnakajima\Documents\GitHub\T24-2022-CASE-Modeling\framework\analysis\all-electric\runs\mumr-szhp\cz11\instance - run\
2020-02-05 14:41:21 -        ModelPathFile      = C:\Users\mnakajima\Documents\GitHub\T24-2022-CASE-Modeling\framework\analysis\all-electric\runs\mumr-szhp\cz11\instance.cibd22
2020-02-05 14:41:21 -        LogPathFile        = (null)
2020-02-05 14:41:21 -        UIVersionString    = CBECC-Com 2022.0.1 RV (1113)
2020-02-05 14:41:21 -        LoadModelFile      = false
2020-02-05 14:41:21 -        OptionsCSV         = AllowAnalysisAbort,0,StoreBEMDetails,1,AnalysisThruStep,8,ModelRpt_ALL,1,ExportHourlyResults_All,1,PromptUserUMLHWarning,1,PreAnalysisCheckPromptOption,3,CompReportWarningOption,5,
2020-02-05 14:41:21 -        ErrorMsg           = (assumed to be initialized)
2020-02-05 14:41:21 -        ErrorMsgLen        = 2056
2020-02-05 14:41:21 -        DisplayProgress    = true
2020-02-05 14:41:21 -        ResultsSummary     = (empty)
2020-02-05 14:41:21 -        ResultsSummaryLen  = 3200
2020-02-05 14:41:21 -        pProgCallbackFunc  = (null)
2020-02-05 14:41:22 - Performing Building Database check...
2020-02-05 14:41:22 - Building Database check completed, no problems found.
2020-02-05 14:41:22 - Warning:  The following developer options must be defaulted (not specified by the user) in order to perform a valid compliance analysis:
          Proj 'Mid-Rise Mixed-Use (5-story)' AutoHardSize
          Proj 'Mid-Rise Mixed-Use (5-story)' AutoEffInput
2020-02-05 14:41:23 -    1 file hash check(s) failed on executable and/or analysis support files (analysis continuing w/ report signature disabled)
2020-02-05 14:41:26 -   PerfAnal_NRes - AnalysisThruStep being set to #7 due to Proj:AnalysisType = Title24ProposedOnly
2020-02-05 14:41:26 - Performing Building Database check...
2020-02-05 14:41:26 - Building Database check completed, no problems found.
2020-02-05 14:41:26 - Warning:  The AirSystem:Count for multi-zone system 'DOAS1' is not consistent with the maximum or minimum ThermalZone:Multiplier of the zones the system serves. This indicates the HVAC system serves more than 1 floor, or that Multipliers or system Count may be improperly defined. Check inputs for consistency. evaluating rule: Set CHECKCODE AirSys:Cnt  (68:'HVACSecondary-General.rule' line 1398)
2020-02-05 14:41:26 - Warning:  The net heating capacity for HeatPump coil 'DOAS1 CoilHtg' differs from the system's net cooling capacity by more than 15%. evaluating rule: Set CHECKCODE CoilHtg:CapTotNetRtd  (83:'HVACSecondary-CoilHeating-Capacity.rule' line 701)
2020-02-05 14:41:26 - Warning:  The net heating capacity for HeatPump coil 'CoilHtg 2' differs from the system's net cooling capacity by more than 20%. evaluating rule: Set CHECKCODE CoilHtg:CapTotNetRtd  (83:'HVACSecondary-CoilHeating-Capacity.rule' line 765)
2020-02-05 14:41:26 - Warning:  The net heating capacity for HeatPump coil 'CoilHtg 3' differs from the system's net cooling capacity by more than 20%. evaluating rule: Set CHECKCODE CoilHtg:CapTotNetRtd  (83:'HVACSecondary-CoilHeating-Capacity.rule' line 765)
2020-02-05 14:41:26 - Warning:  The net heating capacity for HeatPump coil 'CoilHtg 7' differs from the system's net cooling capacity by more than 20%. evaluating rule: Set CHECKCODE CoilHtg:CapTotNetRtd  (83:'HVACSecondary-CoilHeating-Capacity.rule' line 765)
2020-02-05 14:41:26 - Warning:  The net heating capacity for HeatPump coil 'CoilHtg 9' differs from the system's net cooling capacity by more than 20%. evaluating rule: Set CHECKCODE CoilHtg:CapTotNetRtd  (83:'HVACSecondary-CoilHeating-Capacity.rule' line 765)
2020-02-05 14:41:26 - Warning:  The net heating capacity for HeatPump coil 'CoilHtg 10' differs from the system's net cooling capacity by more than 20%. evaluating rule: Set CHECKCODE CoilHtg:CapTotNetRtd  (83:'HVACSecondary-CoilHeating-Capacity.rule' line 765)
2020-02-05 14:41:26 - Warning:  The net heating capacity for HeatPump coil 'CoilHtg 11' differs from the system's net cooling capacity by more than 20%. evaluating rule: Set CHECKCODE CoilHtg:CapTotNetRtd  (83:'HVACSecondary-CoilHeating-Capacity.rule' line 765)
2020-02-05 14:41:26 - Warning:  The net heating capacity for HeatPump coil 'CoilHtg 14' differs from the system's net cooling capacity by more than 20%. evaluating rule: Set CHECKCODE CoilHtg:CapTotNetRtd  (83:'HVACSecondary-CoilHeating-Capacity.rule' line 765)
2020-02-05 14:41:26 - Warning:  The net heating capacity for HeatPump coil 'CoilHtg 18' differs from the system's net cooling capacity by more than 20%. evaluating rule: Set CHECKCODE CoilHtg:CapTotNetRtd  (83:'HVACSecondary-CoilHeating-Capacity.rule' line 765)
2020-02-05 14:41:26 - Warning:  The net heating capacity for HeatPump coil 'CoilHtg 21' differs from the system's net cooling capacity by more than 20%. evaluating rule: Set CHECKCODE CoilHtg:CapTotNetRtd  (83:'HVACSecondary-CoilHeating-Capacity.rule' line 765)
2020-02-05 14:41:32 -   PerfAnal_NRes - Bypassing OpenStudio (and simulation) for zp model
2020-02-05 14:41:36 -   PerfAnal_NRes - Bypassing OpenStudio (and simulation) for zb model
2020-02-05 14:47:25 - Error:  Undefined data: numerator evaluating rule: Set ANNUAL_BASELINE Fan:FlowCap  (75:'HVACSecondary-Fan-General.rule' line 494)
2020-02-05 14:47:25 - Error:  Undefined data: numerator evaluating rule: Set ANNUAL_BASELINE Fan:FlowCap  (75:'HVACSecondary-Fan-General.rule' line 494)
2020-02-05 14:47:25 - Error:  Undefined data: numerator evaluating rule: Set ANNUAL_BASELINE Fan:FlowCap  (75:'HVACSecondary-Fan-General.rule' line 494)
2020-02-05 14:47:25 - Error:  Undefined data: numerator evaluating rule: Set ANNUAL_BASELINE Fan:FlowCap  (75:'HVACSecondary-Fan-General.rule' line 529)
2020-02-05 14:47:25 - Error:  Undefined data: numerator evaluating rule: Set ANNUAL_BASELINE Fan:FlowCap  (75:'HVACSecondary-Fan-General.rule' line 529)
2020-02-05 14:47:25 - Error:  Undefined data: numerator evaluating rule: Set ANNUAL_BASELINE Fan:FlowCap  (75:'HVACSecondary-Fan-General.rule' line 529)
2020-02-05 14:47:25 - Error:  Undefined data: numerator evaluating rule: Set ANNUAL_BASELINE Fan:FlowCap  (75:'HVACSecondary-Fan-General.rule' line 529)
2020-02-05 14:47:25 - Error:  Undefined data: numerator evaluating rule: Set ANNUAL_BASELINE Fan:FlowCap  (75:'HVACSecondary-Fan-General.rule' line 529)
2020-02-05 14:47:25 - Error:  Undefined data: numerator evaluating rule: Set ANNUAL_BASELINE Fan:FlowCap  (75:'HVACSecondary-Fan-General.rule' line 529)
2020-02-05 14:47:25 - Error:  Undefined data: numerator evaluating rule: Set ANNUAL_BASELINE Fan:FlowCap  (75:'HVACSecondary-Fan-General.rule' line 529)
2020-02-05 14:47:25 - Error:  Undefined data: numerator evaluating rule: Set ANNUAL_BASELINE Fan:FlowCap  (75:'HVACSecondary-Fan-General.rule' line 529)
2020-02-05 14:47:25 - Error:  Undefined data: numerator evaluating rule: Set ANNUAL_BASELINE Fan:FlowCap  (75:'HVACSecondary-Fan-General.rule' line 529)
2020-02-05 14:47:25 - Error:  Undefined data: numerator evaluating rule: Set ANNUAL_BASELINE Fan:FlowCap  (75:'HVACSecondary-Fan-General.rule' line 529)
2020-02-05 14:47:25 - Error:  Undefined data: numerator evaluating rule: Set ANNUAL_BASELINE Fan:FlowCap  (75:'HVACSecondary-Fan-General.rule' line 529)
2020-02-05 14:47:25 - Error:  Undefined data: numerator evaluating rule: Set ANNUAL_BASELINE Fan:FlowCap  (75:'HVACSecondary-Fan-General.rule' line 529)
2020-02-05 14:47:25 - Error:  Undefined data: numerator evaluating rule: Set ANNUAL_BASELINE Fan:FlowCap  (75:'HVACSecondary-Fan-General.rule' line 529)
2020-02-05 14:47:25 - Error:  Undefined data: numerator evaluating rule: Set ANNUAL_BASELINE Fan:FlowCap  (75:'HVACSecondary-Fan-General.rule' line 529)
2020-02-05 14:47:25 - Error:  Undefined data: numerator evaluating rule: Set ANNUAL_BASELINE Fan:FlowCap  (75:'HVACSecondary-Fan-General.rule' line 529)
2020-02-05 14:47:25 - Error:  Undefined data: numerator evaluating rule: Set ANNUAL_BASELINE Fan:FlowCap  (75:'HVACSecondary-Fan-General.rule' line 529)
2020-02-05 14:47:25 - Error:  Undefined data: numerator evaluating rule: Set ANNUAL_BASELINE Fan:FlowCap  (75:'HVACSecondary-Fan-General.rule' line 529)
2020-02-05 14:47:25 - Error:  Undefined data: numerator evaluating rule: Set ANNUAL_BASELINE Fan:FlowCap  (75:'HVACSecondary-Fan-General.rule' line 529)
2020-02-05 14:47:25 - Error:  Undefined data: numerator evaluating rule: Set ANNUAL_BASELINE Fan:FlowCap  (75:'HVACSecondary-Fan-General.rule' line 529)
2020-02-05 14:47:25 - Error:  Undefined data: numerator evaluating rule: Set ANNUAL_BASELINE Fan:FlowCap  (75:'HVACSecondary-Fan-General.rule' line 529)
2020-02-05 14:47:25 - Error:  Undefined data: numerator evaluating rule: Set ANNUAL_BASELINE Fan:FlowCap  (75:'HVACSecondary-Fan-General.rule' line 529)
2020-02-05 14:47:25 - Error:  Undefined data: numerator evaluating rule: Set ANNUAL_BASELINE Fan:FlowCap  (75:'HVACSecondary-Fan-General.rule' line 529)
2020-02-05 14:47:25 - Error:  Division by zero evaluating rule: Set ANNUAL_BASELINE ThrmlZn:PriAirCondgSysDsgnFlow  (76:'HVACSecondary-Fan-FanRatios.rule' line 67)
2020-02-05 14:47:25 - Error:  Division by zero evaluating rule: Set ANNUAL_BASELINE ThrmlZn:PriAirCondgSysDsgnFlow  (76:'HVACSecondary-Fan-FanRatios.rule' line 67)
2020-02-05 14:47:25 - Error:  Division by zero evaluating rule: Set ANNUAL_BASELINE ThrmlZn:PriAirCondgSysDsgnFlow  (76:'HVACSecondary-Fan-FanRatios.rule' line 67)
2020-02-05 14:47:25 - Error:  Division by zero evaluating rule: Set ANNUAL_BASELINE ThrmlZn:PriAirCondgSysDsgnFlow  (76:'HVACSecondary-Fan-FanRatios.rule' line 67)
2020-02-05 14:47:25 - Error:  Division by zero evaluating rule: Set ANNUAL_BASELINE ThrmlZn:PriAirCondgSysDsgnFlow  (76:'HVACSecondary-Fan-FanRatios.rule' line 67)
2020-02-05 14:47:25 - Error:  Division by zero evaluating rule: Set ANNUAL_BASELINE ThrmlZn:PriAirCondgSysDsgnFlow  (76:'HVACSecondary-Fan-FanRatios.rule' line 67)
2020-02-05 14:47:25 - Error:  Division by zero evaluating rule: Set ANNUAL_BASELINE ThrmlZn:PriAirCondgSysDsgnFlow  (76:'HVACSecondary-Fan-FanRatios.rule' line 67)
2020-02-05 14:47:25 - Error:  Division by zero evaluating rule: Set ANNUAL_BASELINE ThrmlZn:PriAirCondgSysDsgnFlow  (76:'HVACSecondary-Fan-FanRatios.rule' line 67)
2020-02-05 14:47:25 - Error:  Division by zero evaluating rule: Set ANNUAL_BASELINE ThrmlZn:PriAirCondgSysDsgnFlow  (76:'HVACSecondary-Fan-FanRatios.rule' line 67)
2020-02-05 14:47:25 - Error:  Division by zero evaluating rule: Set ANNUAL_BASELINE ThrmlZn:PriAirCondgSysDsgnFlow  (76:'HVACSecondary-Fan-FanRatios.rule' line 67)
2020-02-05 14:47:25 - Error:  Division by zero evaluating rule: Set ANNUAL_BASELINE ThrmlZn:PriAirCondgSysDsgnFlow  (76:'HVACSecondary-Fan-FanRatios.rule' line 67)
2020-02-05 14:47:25 - Error:  Division by zero evaluating rule: Set ANNUAL_BASELINE ThrmlZn:PriAirCondgSysDsgnFlow  (76:'HVACSecondary-Fan-FanRatios.rule' line 67)
2020-02-05 14:47:25 - Error:  Division by zero evaluating rule: Set ANNUAL_BASELINE ThrmlZn:VentSysDsgnFlow  (76:'HVACSecondary-Fan-FanRatios.rule' line 111)
2020-02-05 14:47:25 - Error:  Division by zero evaluating rule: Set ANNUAL_BASELINE ThrmlZn:VentSysDsgnFlow  (76:'HVACSecondary-Fan-FanRatios.rule' line 111)
2020-02-05 14:47:25 - Error:  Division by zero evaluating rule: Set ANNUAL_BASELINE ThrmlZn:VentSysDsgnFlow  (76:'HVACSecondary-Fan-FanRatios.rule' line 111)
2020-02-05 14:47:25 - Error:  Division by zero evaluating rule: Set ANNUAL_BASELINE ThrmlZn:VentSysDsgnFlow  (76:'HVACSecondary-Fan-FanRatios.rule' line 111)
2020-02-05 14:47:25 - Error:  Division by zero evaluating rule: Set ANNUAL_BASELINE ThrmlZn:VentSysDsgnFlow  (76:'HVACSecondary-Fan-FanRatios.rule' line 111)
2020-02-05 14:47:25 - Error:  Division by zero evaluating rule: Set ANNUAL_BASELINE ThrmlZn:VentSysDsgnFlow  (76:'HVACSecondary-Fan-FanRatios.rule' line 111)
2020-02-05 14:47:25 - Error:  Division by zero evaluating rule: Set ANNUAL_BASELINE ThrmlZn:VentSysDsgnFlow  (76:'HVACSecondary-Fan-FanRatios.rule' line 111)
2020-02-05 14:47:25 - Error:  Division by zero evaluating rule: Set ANNUAL_BASELINE ThrmlZn:VentSysDsgnFlow  (76:'HVACSecondary-Fan-FanRatios.rule' line 111)
2020-02-05 14:47:25 - Error:  Division by zero evaluating rule: Set ANNUAL_BASELINE ThrmlZn:VentSysDsgnFlow  (76:'HVACSecondary-Fan-FanRatios.rule' line 111)
2020-02-05 14:47:25 - Error:  Division by zero evaluating rule: Set ANNUAL_BASELINE ThrmlZn:VentSysDsgnFlow  (76:'HVACSecondary-Fan-FanRatios.rule' line 111)
2020-02-05 14:47:25 - Error:  Division by zero evaluating rule: Set ANNUAL_BASELINE ThrmlZn:VentSysDsgnFlow  (76:'HVACSecondary-Fan-FanRatios.rule' line 111)
2020-02-05 14:47:25 - Error:  Division by zero evaluating rule: Set ANNUAL_BASELINE ThrmlZn:VentSysDsgnFlow  (76:'HVACSecondary-Fan-FanRatios.rule' line 111)
2020-02-05 14:47:27 -   PerfAnal_NRes - Bypassing OpenStudio (and simulation) for ab model
2020-02-05 14:47:27 -   PerfAnal_NRes - Completed analysis steps thru #7
2020-02-05 14:47:27 - Analysis incomplete  Processing time:  Overall 6:06 / SDD2IDF x2 avg 0:09 / SizSim x0 0:00 / AnnSim x2 avg 2:37 / ReportGen x0 0:00 / Other 0:30
2020-02-05 14:47:27 -       ResultsSummary population:  bAbort = (false) / RuleProcAbort = (false) / iRetVal = 0 / pszResultsSummary = (empty) / iResultsSummaryLen = 3200
2020-02-05 14:47:27 -       ResultsSummary components1:  2020-02-05 14:47:27 / instance / Mid-Rise Mixed-Use (5-story) / CTZ11S22A / Title24ProposedOnly / 6:06 /  / 
2020-02-05 14:47:27 -       ResultsSummary components2:  CBECC-Com 2022.0.1 RV (1113) / BEMCmpMgr 2022.0.1 RV (6107) / CA 2022 Nonresidential, Vers. 1.0 Alpha /  /  / - / C:\Users\mnakajima\Documents\CBECC-Com 2022 Data\EPW\ / C:\Users\mnakajima\Documents\GitHub\T24-2022-CASE-Modeling\framework\analysis\all-electric\runs\mumr-szhp\cz11\
2020-02-05 14:47:27 -       ResultsSummary:  2020-02-05 14:47:27,"instance","Mid-Rise Mixed-Use (5-story)","CTZ11S22A","Pol  0% RetAdd NoLeak",113100,141000,"Title24ProposedOnly",6:06,,,"--","--","Successful (295 warnings)",19963,130555,64015.6,0,214.674,13326.4,81961.5,310036,217441,0,149101,34551.8,0,0,711130,2136.68,0,0,0,0,8703.31,0,10840,586.724,0,0,0,11426.7,0,0,0,0,0,0,0,0,0,0,0,0,0,10.1709,44.1473,17.0491,0,0.0483844,21.7786,19.3967,112.591,55.7311,0,38.5354,8.47645,0,0,215.334,190.458,24.8758,0,2953.5,"Thermal Zone: F2-4 Corridor",0,1312.25,"Thermal Zone: F5 Corridor",0,"--","--","",0,0,0,0,0,0,0,0,0,0,0,0,0,0,0,0,0,0,0,0,0,0,0,0,0,0,0,0,0,0,0,0,0,0,0,0,0,0,0,0,0,0,0,0,0,0,0,0,0,0,0,0,0,0,0,0,0,0,0,,,,,,,8.02577e-06,56.2706,13.3449,0,0.00969649,2.08198,14.3272,86.0345,38.321,0,25.7371,3.94427,0,0,154.037,0,0,0,0,0,0,0,0,0,0,0,0,0,0,0,"CBECC-Com 2022.0.1 RV (1113)","BEMCmpMgr 2022.0.1 RV (6107)","CA 2022 Nonresidential, Vers. 1.0 Alpha","","","-","C:\Users\mnakajima\Documents\CBECC-Com 2022 Data\EPW\","C:\Users\mnakajima\Documents\GitHub\T24-2022-CASE-Modeling\framework\analysis\all-electric\runs\mumr-szhp\cz11\",4.39935,15.5894,9.11587,0,0.0312069,1.68942,9.05828,39.89,32.1279,0,25.58,5.65158,0,0,103.25,1.02451,0,0,0,0,4.17312,0,5.19,0.281326,0,0,0,5.47,0,0,0,0,0,0,0,0,0,0,0,0,0,0,0,0,0,0,0,0,0,0,0,0,0,0,0,0,2.49221,2.59653,1.51831,0,0.00519772,7.44818,1.50872,15.5692,5.83428,0,4.26052,0.941311,0,0,26.6053,0,0,0,0,0,0,0,0,0,0,0,0,0,0,0,

2020-02-05 14:47:43 - -----------------------------------------------------------------------------
2020-02-05 14:47:43 - Opening Project 'cz11\instance.cibd22'...
2020-02-05 14:47:45 -    Model load successful into CBECC-Com 2022.0.1 RV (1113)
2020-02-05 14:47:45 - Performing Building Database check...
2020-02-05 14:47:45 - Building Database check completed, no problems found.
2020-02-05 14:47:51 - Project Saved
