---------------
621): Info: C:\USERS\MNAKAJIMA\DOCUMENTS\GITHUB\T24-2022-CASE-MODELING\FRAMEWORK\ANALYSIS\HPWH\RUNS\LRLC-HPWH\CZ09\INSTANCE - COMP22\INSTANCE - PREPROP.CSE(621): Info: 
  DHWSys 'dhwsys-DHWHeatpump': 
    'wsTSetpoint' is ignored -- HPWH 'dhwhtr1-t24-CHPWH' has a fixed setpoint.
---------------
Warning: Zone 'Zone1-zn': Unmet cooling loads during 276 hours of run.
---------------
Warning: Zone 'Zone2-zn': Unmet cooling loads during 423 hours of run.
---------------
Warning: Zone 'Zone3-zn': Unmet cooling loads during 275 hours of run.
---------------
Warning: 
  Zone 'MechanicalRoom1-zn': Unmet heating loads during 563 hours of run.
---------------
Warning: 
  Zone 'MechanicalRoom1-zn': Unmet cooling loads during 1747 hours of run.
---------------
Warning: Zone 'Attic-atc': Condensation occurred in 2094 subhours of run.
    Total condensation heat = 315.249 kBtu.
---------------
