---------------
SE(795): Info: C:\USERS\MNAKAJIMA\DOCUMENTS\GITHUB\T24-2022-CASE-MODELING\FRAMEWORK\ANALYSIS\HPTE\RUNS\LRLC-WINF-PROPU2\CZ13\INSTANCE - COMP22\INSTANCE - SMF.CSE(795): Info: 
  DHWSys 'dhwsys-DHWGas': 
    'wsTSetpoint' is ignored -- no setpoint-aware DHWHEATERs in this DHWSYS.
---------------
Warning: 
  R0140: zone 'Laundry1-zn' latent energy balance error for Sun 13-Dec: .00050 kBtu (0.002473)
---------------
Warning: Total 'Laundry1-zn' short-interval energy balance error count = 1
---------------
Warning: Zone 'Zone1-zn': Unmet cooling loads during 460 hours of run.
---------------
Warning: Zone 'Zone2-zn': Unmet cooling loads during 711 hours of run.
---------------
Warning: Zone 'Zone3-zn': Unmet cooling loads during 630 hours of run.
---------------
Warning: Zone 'Corridor1-zn': Condensation occurred in 530 subhours of run.
    Total condensation heat = 26.6628 kBtu.
---------------
Warning: Zone 'Corridor1-zn': Unmet cooling loads during 380 hours of run.
---------------
Warning: 
  Zone 'BusinessCenter1-zn': Condensation occurred in 2883 subhours of run.
    Total condensation heat = 68.0941 kBtu.
---------------
Warning: 
  Zone 'BusinessCenter1-zn': Unmet cooling loads during 669 hours of run.
---------------
Warning: 
  Zone 'FitnessCenter1-zn': Condensation occurred in 42303 subhours of run.
    Total condensation heat = 2601.33 kBtu.
---------------
Warning: 
  Zone 'FitnessCenter1-zn': Unmet cooling loads during 528 hours of run.
---------------
Warning: Zone 'Laundry1-zn': Unmet cooling loads during 188 hours of run.
---------------
Warning: 
  Zone 'LeasingOffice1-zn': Unmet cooling loads during 278 hours of run.
---------------
Warning: Zone 'Lobby1-zn': Condensation occurred in 20879 subhours of run.
    Total condensation heat = 1813.86 kBtu.
---------------
Warning: Zone 'Lobby1-zn': Unmet cooling loads during 439 hours of run.
---------------
Warning: 
  Zone 'MechanicalRoom1-zn': Unmet heating loads during 909 hours of run.
---------------
Warning: 
  Zone 'MechanicalRoom1-zn': Unmet cooling loads during 3868 hours of run.
---------------
Warning: Zone 'Stairs1-zn': Condensation occurred in 19 subhours of run.
    Total condensation heat = 0.0412092 kBtu.
---------------
Warning: Zone 'Stairs1-zn': Unmet cooling loads during 364 hours of run.
---------------
Warning: Zone 'Corridor2-zn': Condensation occurred in 44 subhours of run.
    Total condensation heat = 1.61208 kBtu.
---------------
Warning: Zone 'Corridor2-zn': Unmet cooling loads during 638 hours of run.
---------------
Warning: Zone 'Corridor3-zn': Condensation occurred in 12 subhours of run.
    Total condensation heat = 0.284441 kBtu.
---------------
Warning: Zone 'Corridor3-zn': Unmet cooling loads during 629 hours of run.
---------------
Warning: Zone 'Stairs2-zn': Unmet cooling loads during 366 hours of run.
---------------
Warning: Zone 'Stairs3-zn': Unmet cooling loads during 366 hours of run.
---------------
