2021-01-29 12:12:35 - -----------------------------------------------------------------------------
2021-01-29 12:12:35 - Opening Project 'cz15\instance.cibd22'...
2021-01-29 12:12:36 -    Model load successful into CBECC-Com 2022.0.1 RV (1113)
2021-01-29 12:12:36 - Performing Building Database check...
2021-01-29 12:12:36 - Building Database check completed, no problems found.
2021-01-29 12:12:40 -   PerfAnal_NRes - starting, w/ arguments:
2021-01-29 12:12:40 -        BEMBasePathFile    = (null)
2021-01-29 12:12:40 -        RulesetPathFile    = (null)
2021-01-29 12:12:40 -        SimWeatherPath     = C:\Documents\CBECC-Com 2022 Data\EPW\
2021-01-29 12:12:40 -        CompMgrDLLPath     = (null)
2021-01-29 12:12:40 -        DHWWeatherPath     = (null)
2021-01-29 12:12:40 -        ProcessingPath     = C:\GitHub\CALGreen-analysis\framework\analysis\hr\runs\hr-tier2\cz15\instance - run\
2021-01-29 12:12:40 -        ModelPathFile      = C:\GitHub\CALGreen-analysis\framework\analysis\hr\runs\hr-tier2\cz15\instance.cibd22
2021-01-29 12:12:40 -        LogPathFile        = (null)
2021-01-29 12:12:40 -        UIVersionString    = CBECC-Com 2022.0.1 RV (1113)
2021-01-29 12:12:40 -        LoadModelFile      = false
2021-01-29 12:12:40 -        OptionsCSV         = AllowAnalysisAbort,0,AnalysisThruStep,8,ModelRpt_ALL,1,SimulationStorage,0,AnalysisStorage,0,ExportHourlyResults_All,1,PromptUserUMLHWarning,1,PreAnalysisCheckPromptOption,3,CompReportWarningOption,5,
2021-01-29 12:12:40 -        ErrorMsg           = (assumed to be initialized)
2021-01-29 12:12:40 -        ErrorMsgLen        = 2056
2021-01-29 12:12:40 -        DisplayProgress    = true
2021-01-29 12:12:40 -        ResultsSummary     = (empty)
2021-01-29 12:12:40 -        ResultsSummaryLen  = 3200
2021-01-29 12:12:40 -        pProgCallbackFunc  = (null)
2021-01-29 12:12:40 - Performing Building Database check...
2021-01-29 12:12:40 - Building Database check completed, no problems found.
2021-01-29 12:12:40 - Warning:  The following developer options must be defaulted (not specified by the user) in order to perform a valid compliance analysis:
          Proj 'High-Rise Mixed-Use (10-story)' DefaultDayltgCtrls
          Proj 'High-Rise Mixed-Use (10-story)' AutoHardSize
          Proj 'High-Rise Mixed-Use (10-story)' AutoEffInput
2021-01-29 12:12:41 -    1 file hash check(s) failed on executable and/or analysis support files (analysis continuing w/ report signature disabled)
2021-01-29 12:12:42 -   PerfAnal_NRes - AnalysisThruStep being set to #7 due to Proj:AnalysisType = Title24ProposedOnly
2021-01-29 12:12:42 - Performing Building Database check...
2021-01-29 12:12:42 - Building Database check completed, no problems found.
2021-01-29 12:12:42 - Warning:  The spaces assigned to thermal zone 'Thermal Zone: F1 Lounge' have cooling unmet load hour limits ranging from 150 to 8760. All spaces in the zone will be held to the minimum UMLH limit. evaluating rule: Set CHECKCODE ThrmlZn:ClgUMLHLimit  (60:'ThermalZone-General.rule' line 1738)
2021-01-29 12:12:42 - Warning:  The spaces assigned to thermal zone 'Thermal Zone: F1 Lounge' have heating unmet load hour limits ranging from 150 to 8760. All spaces in the zone will be held to the minimum UMLH limit. evaluating rule: Set CHECKCODE ThrmlZn:HtgUMLHLimit  (60:'ThermalZone-General.rule' line 1765)
2021-01-29 12:12:44 -   PerfAnal_NRes - Bypassing OpenStudio (and simulation) for zp model
2021-01-29 12:12:45 -   PerfAnal_NRes - Bypassing OpenStudio (and simulation) for zb model
2021-01-29 12:26:07 - Error:  Undefined data: numerator evaluating rule: Set ANNUAL_BASELINE Fan:FlowCap  (75:'HVACSecondary-Fan-General.rule' line 494)
2021-01-29 12:26:07 - Error:  Undefined data: numerator evaluating rule: Set ANNUAL_BASELINE Fan:FlowCap  (75:'HVACSecondary-Fan-General.rule' line 494)
2021-01-29 12:26:07 - Error:  Undefined data: numerator evaluating rule: Set ANNUAL_BASELINE Fan:FlowCap  (75:'HVACSecondary-Fan-General.rule' line 494)
2021-01-29 12:26:07 - Error:  Undefined data: numerator evaluating rule: Set ANNUAL_BASELINE Fan:FlowCap  (75:'HVACSecondary-Fan-General.rule' line 529)
2021-01-29 12:26:07 - Error:  Undefined data: numerator evaluating rule: Set ANNUAL_BASELINE Fan:FlowCap  (75:'HVACSecondary-Fan-General.rule' line 529)
2021-01-29 12:26:07 - Error:  Undefined data: numerator evaluating rule: Set ANNUAL_BASELINE Fan:FlowCap  (75:'HVACSecondary-Fan-General.rule' line 529)
2021-01-29 12:26:07 - Error:  Undefined data: numerator evaluating rule: Set ANNUAL_BASELINE Fan:FlowCap  (75:'HVACSecondary-Fan-General.rule' line 529)
2021-01-29 12:26:07 - Error:  Undefined data: numerator evaluating rule: Set ANNUAL_BASELINE Fan:FlowCap  (75:'HVACSecondary-Fan-General.rule' line 529)
2021-01-29 12:26:07 - Error:  Undefined data: numerator evaluating rule: Set ANNUAL_BASELINE Fan:FlowCap  (75:'HVACSecondary-Fan-General.rule' line 529)
2021-01-29 12:26:07 - Error:  Undefined data: numerator evaluating rule: Set ANNUAL_BASELINE Fan:FlowCap  (75:'HVACSecondary-Fan-General.rule' line 529)
2021-01-29 12:26:07 - Error:  Undefined data: numerator evaluating rule: Set ANNUAL_BASELINE Fan:FlowCap  (75:'HVACSecondary-Fan-General.rule' line 529)
2021-01-29 12:26:07 - Error:  Undefined data: numerator evaluating rule: Set ANNUAL_BASELINE Fan:FlowCap  (75:'HVACSecondary-Fan-General.rule' line 529)
2021-01-29 12:26:07 - Error:  Undefined data: numerator evaluating rule: Set ANNUAL_BASELINE Fan:FlowCap  (75:'HVACSecondary-Fan-General.rule' line 529)
2021-01-29 12:26:07 - Error:  Undefined data: numerator evaluating rule: Set ANNUAL_BASELINE Fan:FlowCap  (75:'HVACSecondary-Fan-General.rule' line 529)
2021-01-29 12:26:07 - Error:  Undefined data: numerator evaluating rule: Set ANNUAL_BASELINE Fan:FlowCap  (75:'HVACSecondary-Fan-General.rule' line 529)
2021-01-29 12:26:07 - Error:  Undefined data: numerator evaluating rule: Set ANNUAL_BASELINE Fan:FlowCap  (75:'HVACSecondary-Fan-General.rule' line 529)
2021-01-29 12:26:07 - Error:  Undefined data: numerator evaluating rule: Set ANNUAL_BASELINE Fan:FlowCap  (75:'HVACSecondary-Fan-General.rule' line 529)
2021-01-29 12:26:07 - Error:  Undefined data: numerator evaluating rule: Set ANNUAL_BASELINE Fan:FlowCap  (75:'HVACSecondary-Fan-General.rule' line 529)
2021-01-29 12:26:07 - Error:  Undefined data: numerator evaluating rule: Set ANNUAL_BASELINE Fan:FlowCap  (75:'HVACSecondary-Fan-General.rule' line 529)
2021-01-29 12:26:07 - Error:  Undefined data: numerator evaluating rule: Set ANNUAL_BASELINE Fan:FlowCap  (75:'HVACSecondary-Fan-General.rule' line 529)
2021-01-29 12:26:07 - Error:  Undefined data: numerator evaluating rule: Set ANNUAL_BASELINE Fan:FlowCap  (75:'HVACSecondary-Fan-General.rule' line 529)
2021-01-29 12:26:07 - Error:  Division by zero evaluating rule: Set ANNUAL_BASELINE ThrmlZn:PriAirCondgSysDsgnFlow  (76:'HVACSecondary-Fan-FanRatios.rule' line 67)
2021-01-29 12:26:07 - Error:  Division by zero evaluating rule: Set ANNUAL_BASELINE ThrmlZn:PriAirCondgSysDsgnFlow  (76:'HVACSecondary-Fan-FanRatios.rule' line 67)
2021-01-29 12:26:07 - Error:  Division by zero evaluating rule: Set ANNUAL_BASELINE ThrmlZn:PriAirCondgSysDsgnFlow  (76:'HVACSecondary-Fan-FanRatios.rule' line 67)
2021-01-29 12:26:07 - Error:  Division by zero evaluating rule: Set ANNUAL_BASELINE ThrmlZn:PriAirCondgSysDsgnFlow  (76:'HVACSecondary-Fan-FanRatios.rule' line 67)
2021-01-29 12:26:07 - Error:  Division by zero evaluating rule: Set ANNUAL_BASELINE ThrmlZn:PriAirCondgSysDsgnFlow  (76:'HVACSecondary-Fan-FanRatios.rule' line 67)
2021-01-29 12:26:07 - Error:  Division by zero evaluating rule: Set ANNUAL_BASELINE ThrmlZn:PriAirCondgSysDsgnFlow  (76:'HVACSecondary-Fan-FanRatios.rule' line 67)
2021-01-29 12:26:07 - Error:  Division by zero evaluating rule: Set ANNUAL_BASELINE ThrmlZn:PriAirCondgSysDsgnFlow  (76:'HVACSecondary-Fan-FanRatios.rule' line 67)
2021-01-29 12:26:07 - Error:  Division by zero evaluating rule: Set ANNUAL_BASELINE ThrmlZn:PriAirCondgSysDsgnFlow  (76:'HVACSecondary-Fan-FanRatios.rule' line 67)
2021-01-29 12:26:07 - Error:  Division by zero evaluating rule: Set ANNUAL_BASELINE ThrmlZn:PriAirCondgSysDsgnFlow  (76:'HVACSecondary-Fan-FanRatios.rule' line 67)
2021-01-29 12:26:07 - Error:  Division by zero evaluating rule: Set ANNUAL_BASELINE ThrmlZn:PriAirCondgSysDsgnFlow  (76:'HVACSecondary-Fan-FanRatios.rule' line 67)
2021-01-29 12:26:07 - Error:  Division by zero evaluating rule: Set ANNUAL_BASELINE ThrmlZn:PriAirCondgSysDsgnFlow  (76:'HVACSecondary-Fan-FanRatios.rule' line 67)
2021-01-29 12:26:07 - Error:  Division by zero evaluating rule: Set ANNUAL_BASELINE ThrmlZn:PriAirCondgSysDsgnFlow  (76:'HVACSecondary-Fan-FanRatios.rule' line 67)
2021-01-29 12:26:07 - Error:  Division by zero evaluating rule: Set ANNUAL_BASELINE ThrmlZn:VentSysDsgnFlow  (76:'HVACSecondary-Fan-FanRatios.rule' line 111)
2021-01-29 12:26:07 - Error:  Division by zero evaluating rule: Set ANNUAL_BASELINE ThrmlZn:VentSysDsgnFlow  (76:'HVACSecondary-Fan-FanRatios.rule' line 111)
2021-01-29 12:26:07 - Error:  Division by zero evaluating rule: Set ANNUAL_BASELINE ThrmlZn:VentSysDsgnFlow  (76:'HVACSecondary-Fan-FanRatios.rule' line 111)
2021-01-29 12:26:07 - Error:  Division by zero evaluating rule: Set ANNUAL_BASELINE ThrmlZn:VentSysDsgnFlow  (76:'HVACSecondary-Fan-FanRatios.rule' line 111)
2021-01-29 12:26:07 - Error:  Division by zero evaluating rule: Set ANNUAL_BASELINE ThrmlZn:VentSysDsgnFlow  (76:'HVACSecondary-Fan-FanRatios.rule' line 111)
2021-01-29 12:26:07 - Error:  Division by zero evaluating rule: Set ANNUAL_BASELINE ThrmlZn:VentSysDsgnFlow  (76:'HVACSecondary-Fan-FanRatios.rule' line 111)
2021-01-29 12:26:07 - Error:  Division by zero evaluating rule: Set ANNUAL_BASELINE ThrmlZn:VentSysDsgnFlow  (76:'HVACSecondary-Fan-FanRatios.rule' line 111)
2021-01-29 12:26:07 - Error:  Division by zero evaluating rule: Set ANNUAL_BASELINE ThrmlZn:VentSysDsgnFlow  (76:'HVACSecondary-Fan-FanRatios.rule' line 111)
2021-01-29 12:26:07 - Error:  Division by zero evaluating rule: Set ANNUAL_BASELINE ThrmlZn:VentSysDsgnFlow  (76:'HVACSecondary-Fan-FanRatios.rule' line 111)
2021-01-29 12:26:07 - Error:  Division by zero evaluating rule: Set ANNUAL_BASELINE ThrmlZn:VentSysDsgnFlow  (76:'HVACSecondary-Fan-FanRatios.rule' line 111)
2021-01-29 12:26:07 - Error:  Division by zero evaluating rule: Set ANNUAL_BASELINE ThrmlZn:VentSysDsgnFlow  (76:'HVACSecondary-Fan-FanRatios.rule' line 111)
2021-01-29 12:26:07 - Error:  Division by zero evaluating rule: Set ANNUAL_BASELINE ThrmlZn:VentSysDsgnFlow  (76:'HVACSecondary-Fan-FanRatios.rule' line 111)
2021-01-29 12:26:08 -   PerfAnal_NRes - Bypassing OpenStudio (and simulation) for ab model
2021-01-29 12:26:08 -   PerfAnal_NRes - Completed analysis steps thru #7
2021-01-29 12:26:08 - Analysis incomplete  Processing time:  Overall 13:27 / SDD2IDF x2 avg 0:05 / SizSim x0 0:00 / AnnSim x2 avg 6:29 / ReportGen x0 0:00 / Other 0:16
2021-01-29 12:26:08 -       ResultsSummary population:  bAbort = (false) / RuleProcAbort = (false) / iRetVal = 0 / pszResultsSummary = (empty) / iResultsSummaryLen = 3200
2021-01-29 12:26:08 -       ResultsSummary components1:  2021-01-29 12:26:08 / instance / High-Rise Mixed-Use (10-story) / CTZ15S22A / Title24ProposedOnly / 13:27 /  / 
2021-01-29 12:26:08 -       ResultsSummary components2:  CBECC-Com 2022.0.1 RV (1113) / BEMCmpMgr 2022.0.1 RV (6107) / CA 2022 Nonresidential, Vers. 1.0 Alpha /  /  / - / C:\Documents\CBECC-Com 2022 Data\EPW\ / C:\GitHub\CALGreen-analysis\framework\analysis\hr\runs\hr-tier2\cz15\
2021-01-29 12:26:08 -       ResultsSummary:  2021-01-29 12:26:08,"instance","High-Rise Mixed-Use (10-story)","CTZ15S22A","Pol  0% RetAdd NoLeak",125400,150480,"Title24ProposedOnly",13:27,,,"--","--","Successful (273 warnings)",698.488,193457,96716.1,422.732,6186.01,1088.9,52106.3,350676,274496,19205.8,47456.3,6890.07,0,0,698724,288.191,0,0,0,0,5722.42,0,6010.62,1576.89,2595.88,0,0,10183.4,0,0,0,0,0,0,0,0,0,0,0,0,0,0.809357,52.8776,23.6105,0.125722,1.34534,11.3935,11.1805,101.342,64.8655,9.37696,11.149,1.52542,0,0,188.259,168.493,19.7664,0,48.5,"Thermal Zone: F10 Laundry",0,0,,0,"--","--","",0,0,0,0,0,0,0,0,0,0,0,0,0,0,0,0,0,0,0,0,0,0,0,0,0,0,0,0,0,0,0,0,0,0,0,0,0,0,0,0,0,0,0,0,0,0,0,0,0,0,0,0,0,0,0,0,0,0,0,,,,,,,2.8239e-07,64.3263,21.6521,0.177897,1.28804,0.124303,9.03524,96.6038,43.2848,2.98676,9.36022,0.786538,0,0,153.022,0,0,0,0,0,0,0,0,0,0,0,0,0,0,0,"CBECC-Com 2022.0.1 RV (1113)","BEMCmpMgr 2022.0.1 RV (6107)","CA 2022 Nonresidential, Vers. 1.0 Alpha","","","-","C:\Documents\CBECC-Com 2022 Data\EPW\","C:\GitHub\CALGreen-analysis\framework\analysis\hr\runs\hr-tier2\cz15\",0.16724,25.1828,13.7343,0.0452622,0.678373,0.179198,5.73013,45.72,42.8116,3.31511,8.5377,1.13389,0,0,101.52,0.138184,0,0,0,0,2.74383,0,2.88,0.756098,1.24469,0,0,4.88,0,0,0,0,0,0,0,0,0,0,0,0,0,0,0,0,0,0,0,0,0,0,0,0,0,0,0,0,0.236148,3.78297,2.06317,0.00679935,0.101905,4.21712,0.860783,11.2689,7.58583,2.39881,1.28253,0.170333,0,0,22.7064,0,0,0,0,0,0,0,0,0,0,0,0,0,0,0,

2021-01-29 12:26:11 - -----------------------------------------------------------------------------
2021-01-29 12:26:11 - Opening Project 'cz15\instance.cibd22'...
2021-01-29 12:26:12 -    Model load successful into CBECC-Com 2022.0.1 RV (1113)
2021-01-29 12:26:12 - Performing Building Database check...
2021-01-29 12:26:12 - Building Database check completed, no problems found.
2021-01-29 12:26:15 - Error writing enumeration property for Mat 'MetalFrameWall16inOC R21.00', property CavityInsOpt (previously 'R-21' (?))
2021-01-29 12:26:15 - Project Saved
