2020-03-23 01:52:30 - -----------------------------------------------------------------------------
2020-03-23 01:52:30 - Opening Project 'cz15\instance.cibd22'...
2020-03-23 01:52:31 -    Model load successful into CBECC-Com 2022.0.1 RV (1113)
2020-03-23 01:52:32 - Performing Building Database check...
2020-03-23 01:52:32 - Building Database check completed, no problems found.
2020-03-23 01:52:38 -   PerfAnal_NRes - starting, w/ arguments:
2020-03-23 01:52:38 -        BEMBasePathFile    = (null)
2020-03-23 01:52:38 -        RulesetPathFile    = (null)
2020-03-23 01:52:38 -        SimWeatherPath     = C:\Users\mnakajima\Documents\CBECC-Com 2022 Data\EPW\
2020-03-23 01:52:38 -        CompMgrDLLPath     = (null)
2020-03-23 01:52:38 -        DHWWeatherPath     = (null)
2020-03-23 01:52:38 -        ProcessingPath     = C:\Users\mnakajima\Documents\GitHub\T24-2022-CASE-Modeling\framework\analysis\all-electric\runs\hr-VRF-pre-autosize\cz15\instance - run\
2020-03-23 01:52:38 -        ModelPathFile      = C:\Users\mnakajima\Documents\GitHub\T24-2022-CASE-Modeling\framework\analysis\all-electric\runs\hr-VRF-pre-autosize\cz15\instance.cibd22
2020-03-23 01:52:38 -        LogPathFile        = (null)
2020-03-23 01:52:38 -        UIVersionString    = CBECC-Com 2022.0.1 RV (1113)
2020-03-23 01:52:38 -        LoadModelFile      = false
2020-03-23 01:52:38 -        OptionsCSV         = AllowAnalysisAbort,0,StoreBEMDetails,1,AnalysisThruStep,8,ModelRpt_ALL,1,ExportHourlyResults_All,1,PromptUserUMLHWarning,1,PreAnalysisCheckPromptOption,3,CompReportWarningOption,5,
2020-03-23 01:52:38 -        ErrorMsg           = (assumed to be initialized)
2020-03-23 01:52:38 -        ErrorMsgLen        = 2056
2020-03-23 01:52:38 -        DisplayProgress    = true
2020-03-23 01:52:38 -        ResultsSummary     = (empty)
2020-03-23 01:52:38 -        ResultsSummaryLen  = 3200
2020-03-23 01:52:38 -        pProgCallbackFunc  = (null)
2020-03-23 01:52:39 - Performing Building Database check...
2020-03-23 01:52:39 - Building Database check completed, no problems found.
2020-03-23 01:52:39 - Warning:  The following developer options must be defaulted (not specified by the user) in order to perform a valid compliance analysis:
          Proj 'High-Rise Mixed-Use (10-story)' DefaultDayltgCtrls
          Proj 'High-Rise Mixed-Use (10-story)' AutoHardSize
          Proj 'High-Rise Mixed-Use (10-story)' AutoEffInput
2020-03-23 01:52:39 -    1 file hash check(s) failed on executable and/or analysis support files (analysis continuing w/ report signature disabled)
2020-03-23 01:52:42 - Performing Building Database check...
2020-03-23 01:52:42 - Building Database check completed, no problems found.
2020-03-23 01:52:42 - Warning:  For VRF System 'VRF F2-9', the total attached indoor unit cooling capacity is greater than 150% of the outdoor unit cooling capacity.  Increasing the outdoor unit cooling capacity is recommended. evaluating rule: Set CHECKSIM VRFSys:ClgCombRat  (69:'HVACSecondary-VRFSys.rule' line 404)
2020-03-23 01:52:42 - Warning:  For VRF System 'VRF F10', the total attached indoor unit cooling capacity is greater than 150% of the outdoor unit cooling capacity.  Increasing the outdoor unit cooling capacity is recommended. evaluating rule: Set CHECKSIM VRFSys:ClgCombRat  (69:'HVACSecondary-VRFSys.rule' line 404)
2020-03-23 01:52:42 - Warning:  AirSystem 'Residential DOAS' has a DX cooling coil and the rated supply flow per ton of (net) cooling capacity is 209 cfm/ton. The acceptable range for successful simulation of DX cooling coils in EnergyPlus is normally ~300 to ~450 cfm/ton. If the compliance simulation fails, check flow/cooling capacity inputs for consistency with the design. If simulation still fails, contact the CBECC support team for assistance. evaluating rule: Set CHECKSIM AirSys:SupFlowPerTon  (110:'HVACSecondary-Summary.rule' line 785)
2020-03-23 01:52:42 - Warning:  The spaces assigned to thermal zone 'Thermal Zone: F1 Lounge' have cooling unmet load hour limits ranging from 150 to 8760. All spaces in the zone will be held to the minimum UMLH limit. evaluating rule: Set CHECKCODE ThrmlZn:ClgUMLHLimit  (60:'ThermalZone-General.rule' line 1738)
2020-03-23 01:52:42 - Warning:  The spaces assigned to thermal zone 'Thermal Zone: F1 Lounge' have heating unmet load hour limits ranging from 150 to 8760. All spaces in the zone will be held to the minimum UMLH limit. evaluating rule: Set CHECKCODE ThrmlZn:HtgUMLHLimit  (60:'ThermalZone-General.rule' line 1765)
2020-03-23 01:52:42 - Warning:  The net heating capacity for HeatPump coil 'Residential DOAS CoilHtg' differs from the system's net cooling capacity by more than 15%. evaluating rule: Set CHECKCODE CoilHtg:CapTotNetRtd  (83:'HVACSecondary-CoilHeating-Capacity.rule' line 701)
2020-03-23 01:52:42 - Warning:  The net heating capacity for HeatPump coil 'CoilHtg 19' differs from the system's net cooling capacity by more than 20%. evaluating rule: Set CHECKCODE CoilHtg:CapTotNetRtd  (83:'HVACSecondary-CoilHeating-Capacity.rule' line 765)
2020-03-23 01:52:42 - Warning:  The net heating capacity for HeatPump coil 'CoilHtg 21' differs from the system's net cooling capacity by more than 20%. evaluating rule: Set CHECKCODE CoilHtg:CapTotNetRtd  (83:'HVACSecondary-CoilHeating-Capacity.rule' line 765)
2020-03-23 01:52:42 - Warning:  The net heating capacity for HeatPump coil 'CoilHtg 20' differs from the system's net cooling capacity by more than 20%. evaluating rule: Set CHECKCODE CoilHtg:CapTotNetRtd  (83:'HVACSecondary-CoilHeating-Capacity.rule' line 765)
2020-03-23 01:52:42 - Warning:  The net heating capacity for HeatPump coil 'CoilHtg 22' differs from the system's net cooling capacity by more than 20%. evaluating rule: Set CHECKCODE CoilHtg:CapTotNetRtd  (83:'HVACSecondary-CoilHeating-Capacity.rule' line 765)
2020-03-23 01:52:47 -   PerfAnal_NRes - Bypassing OpenStudio (and simulation) for zp model
2020-03-23 02:46:23 -   PerfSim_E+ - Final Result: FAIL  -- compliance margin: -17.9 (-18.69%)
2020-03-23 02:46:25 - Analysis result:  FAIL  (TDV margin: -17.90)  Processing time:  Overall 53:47 / SDD2IDF x4 avg 0:08 / SizSim x2 avg 1:00 / AnnSim x2 avg 25:10 / ReportGen x0 0:00 / Other 0:49
2020-03-23 02:46:25 -       ResultsSummary population:  bAbort = (false) / RuleProcAbort = (false) / iRetVal = 0 / pszResultsSummary = (empty) / iResultsSummaryLen = 3200
2020-03-23 02:46:25 -       ResultsSummary components1:  2020-03-23 02:46:25 / instance / High-Rise Mixed-Use (10-story) / CTZ15S22A / Title24Compliance / 53:47 / FAIL / -17.90
2020-03-23 02:46:25 -       ResultsSummary components2:  CBECC-Com 2022.0.1 RV (1113) / BEMCmpMgr 2022.0.1 RV (6107) / CA 2022 Nonresidential, Vers. 1.0 Alpha / 1.11.3.f52686d8e1 / 9.0.1-bb7ca4f0da / CSE19 0.868.0 EXE / C:\Users\mnakajima\Documents\CBECC-Com 2022 Data\EPW\ / C:\Users\mnakajima\Documents\GitHub\T24-2022-CASE-Modeling\framework\analysis\all-electric\runs\hr-VRF-pre-autosize\cz15\
2020-03-23 02:46:25 -       ResultsSummary:  2020-03-23 02:46:25,"instance","High-Rise Mixed-Use (10-story)","CTZ15S22A","Pol  0% RetAdd NoLeak",125400,150480,"Title24Compliance",53:47,FAIL,-17.90,"--","--","Successful (305 warnings)",3013.45,285239,77913.6,422.953,6185.24,1088.9,52106.3,425969,231906,0,181711,6890.07,0,0,846476,288.369,0,0,0,0,5722.42,0,6010.79,754.553,0,0,0,6765.34,0,0,0,0,0,0,0,0,0,0,0,0,0,1.3784,70.7637,17.4928,0.125762,1.3452,11.3935,11.1805,113.68,53.8834,0,41.9176,1.52542,0,0,211.006,197.784,13.2226,0,0,,0,0.25,"Thermal Zone: F10 2-Bed NE",0,"--","--","Successful (210 warnings)",3.79023,113782,106814,23506.7,47595.2,6710.57,52106.3,350518,231906,0,181711,6890.07,0,0,771025,693.153,0,0,0,0,5418.32,0,6111.47,754.553,0,0,0,6866.02,0,0,0,0,0,0,0,0,0,0,0,0,0,1.51365,29.7952,24.7098,5.94413,10.6081,12.0266,11.1805,95.778,53.8834,0,41.9176,1.52542,0,0,193.104,179.58,13.5245,0,0,,0,0,,0,2.74702e-07,72.365,11.7362,0.179373,1.28796,0.124303,9.03524,94.7281,40.0913,0,31.5421,0.786538,0,0,167.148,5.2395e-07,32.6973,19.0167,7.02695,7.15744,0.995137,9.03524,75.9288,40.0913,0,31.5421,0.786538,0,0,148.349,"CBECC-Com 2022.0.1 RV (1113)","BEMCmpMgr 2022.0.1 RV (6107)","CA 2022 Nonresidential, Vers. 1.0 Alpha","1.11.3.f52686d8e1","9.0.1-bb7ca4f0da","CSE19 0.868.0 EXE","C:\Users\mnakajima\Documents\CBECC-Com 2022 Data\EPW\","C:\Users\mnakajima\Documents\GitHub\T24-2022-CASE-Modeling\framework\analysis\all-electric\runs\hr-VRF-pre-autosize\cz15\",0.783125,34.0786,11.3194,0.0452863,0.678347,0.179198,5.73013,52.82,35.9296,0,31.4601,1.13389,0,0,121.34,0.138269,0,0,0,0,2.74382,0,2.88,0.361798,0,0,0,3.24,0.00091295,12.8467,14.3227,3.13416,6.88493,0.8823,5.73013,43.79,35.9296,0,31.4601,1.13389,0,0,112.31,0.332357,0,0,0,0,2.59801,0,2.93,0.361798,0,0,0,3.29,0.328797,5.11931,1.70041,0.00680298,0.101901,4.21712,0.860783,12.3351,5.94987,0,4.72593,0.170333,0,0,23.1813,0.507693,1.92984,2.15156,0.470815,1.03426,4.10006,0.860783,11.055,5.94987,0,4.72593,0.170333,0,0,21.9012,

2020-03-23 02:46:29 - -----------------------------------------------------------------------------
2020-03-23 02:46:29 - Opening Project 'cz15\instance.cibd22'...
2020-03-23 02:46:30 -    Model load successful into CBECC-Com 2022.0.1 RV (1113)
2020-03-23 02:46:30 - Performing Building Database check...
2020-03-23 02:46:30 - Building Database check completed, no problems found.
2020-03-23 02:46:34 - Project Saved
