2020-03-19 18:21:28 - -----------------------------------------------------------------------------
2020-03-19 18:21:28 - Opening Project 'cz06\instance.ribd22'...
2020-03-19 18:21:28 -    Model load successful into CBECC-Res 2022.0.2 RV (1133)
2020-03-19 18:21:28 - Performing Building Database check...
2020-03-19 18:21:28 - Building Database check completed, no problems found.
2020-03-19 18:21:41 - -----------------------------------------------------------------------------
2020-03-19 18:21:41 - Opening Project 'cz06\instance.ribd22'...
2020-03-19 18:21:41 -    Model load successful into CBECC-Res 2022.0.2 RV (1133)
2020-03-19 18:21:42 - Performing Building Database check...
2020-03-19 18:21:42 - Building Database check completed, no problems found.
2020-03-19 18:42:39 - -----------------------------------------------------------------------------
2020-03-19 18:42:39 - Opening Project 'cz06\instance.ribd22'...
2020-03-19 18:42:39 -    Model load successful into CBECC-Res 2022.0.2 RV (1133)
2020-03-19 18:42:40 - Performing Building Database check...
2020-03-19 18:42:40 - Building Database check completed, no problems found.
2020-03-19 18:42:42 - Performing Building Database check...
2020-03-19 18:42:42 - Building Database check completed, no problems found.
2020-03-19 18:42:42 -    Analysis being performed by CompMgrVersion 'BEMCmpMgr 2022.0.2-Pol-0%RA-NoCH4lk (1715)' via SoftwareVersion 'CBECC-Res 2022.0.2 RV'
2020-03-19 18:42:44 - CSE report include file use disabled to ensure secure report generation.  Use BypassRuleLimits or other research option to ensure report include file use.
2020-03-19 18:43:14 -    StdMixedFuel DHWSolarSys Sizing system run 1 successful
2020-03-19 18:48:22 -    Standard DHWSolarSys Sizing system run 1 successful
2020-03-19 18:53:26 - Compliance report will be generated without security measures due to inconsistency between software library year (2013) and ruleset code year (2022)
2020-03-19 18:53:26 -   Generating report 'CF1RPRF01E' pdf  
2020-03-19 18:53:39 - Analysis result:  FAIL  (TDV margin: -3.47 (-5.5%)), Design Rating 45.3  Processing time:  Overall 658.1 / CSE19 550.5 / ModelPrep 70.62 / ResultsProcessing 10.15 / ReportGen 15.1 / ResXMLWriting 5.27 / Model&SecurChks 0.58 / Model&HrlyCSVExports 2.17 / DHWSim 0.00 / LoadModel 0.00 / Other 3.70
