2021-02-11 22:47:33 - -----------------------------------------------------------------------------
2021-02-11 22:47:33 - Opening Project 'cz01\instance.cibd22'...
2021-02-11 22:47:33 -    Model load successful into CBECC-Com 2022.0.1 RV (1113)
2021-02-11 22:47:34 - Performing Building Database check...
2021-02-11 22:47:34 - Building Database check completed, no problems found.
2021-02-11 22:47:37 -   PerfAnal_NRes - starting, w/ arguments:
2021-02-11 22:47:37 -        BEMBasePathFile    = (null)
2021-02-11 22:47:37 -        RulesetPathFile    = (null)
2021-02-11 22:47:37 -        SimWeatherPath     = C:\Users\agoyal\OneDrive - TRC\Documents\CBECC-Com 2022 Data\EPW\
2021-02-11 22:47:37 -        CompMgrDLLPath     = (null)
2021-02-11 22:47:37 -        DHWWeatherPath     = (null)
2021-02-11 22:47:37 -        ProcessingPath     = C:\Users\agoyal\OneDrive - TRC\Documents\GitHub\CALGreen-analysis\framework\analysis\hr\runs\hr-tier2env-lpdf\cz01\instance - run\
2021-02-11 22:47:37 -        ModelPathFile      = C:\Users\agoyal\OneDrive - TRC\Documents\GitHub\CALGreen-analysis\framework\analysis\hr\runs\hr-tier2env-lpdf\cz01\instance.cibd22
2021-02-11 22:47:37 -        LogPathFile        = (null)
2021-02-11 22:47:37 -        UIVersionString    = CBECC-Com 2022.0.1 RV (1113)
2021-02-11 22:47:37 -        LoadModelFile      = false
2021-02-11 22:47:37 -        OptionsCSV         = AllowAnalysisAbort,0,StoreBEMDetails,1,AnalysisThruStep,8,ModelRpt_ALL,1,ExportHourlyResults_All,1,PromptUserUMLHWarning,1,PreAnalysisCheckPromptOption,3,CompReportWarningOption,5,
2021-02-11 22:47:37 -        ErrorMsg           = (assumed to be initialized)
2021-02-11 22:47:37 -        ErrorMsgLen        = 2056
2021-02-11 22:47:37 -        DisplayProgress    = true
2021-02-11 22:47:37 -        ResultsSummary     = (empty)
2021-02-11 22:47:37 -        ResultsSummaryLen  = 3200
2021-02-11 22:47:37 -        pProgCallbackFunc  = (null)
2021-02-11 22:47:37 - Performing Building Database check...
2021-02-11 22:47:37 - Building Database check completed, no problems found.
2021-02-11 22:47:37 - Warning:  The following developer options must be defaulted (not specified by the user) in order to perform a valid compliance analysis:
          Proj 'High-Rise Mixed-Use (10-story)' DefaultDayltgCtrls
          Proj 'High-Rise Mixed-Use (10-story)' AutoHardSize
          Proj 'High-Rise Mixed-Use (10-story)' AutoEffInput
2021-02-11 22:47:38 -    1 file hash check(s) failed on executable and/or analysis support files (analysis continuing w/ report signature disabled)
2021-02-11 22:47:39 -   PerfAnal_NRes - AnalysisThruStep being set to #7 due to Proj:AnalysisType = Title24ProposedOnly
2021-02-11 22:47:39 - Performing Building Database check...
2021-02-11 22:47:39 - Building Database check completed, no problems found.
2021-02-11 22:47:39 - Warning:  The spaces assigned to thermal zone 'Thermal Zone: F1 Lounge' have cooling unmet load hour limits ranging from 150 to 8760. All spaces in the zone will be held to the minimum UMLH limit. evaluating rule: Set CHECKCODE ThrmlZn:ClgUMLHLimit  (60:'ThermalZone-General.rule' line 1738)
2021-02-11 22:47:39 - Warning:  The spaces assigned to thermal zone 'Thermal Zone: F1 Lounge' have heating unmet load hour limits ranging from 150 to 8760. All spaces in the zone will be held to the minimum UMLH limit. evaluating rule: Set CHECKCODE ThrmlZn:HtgUMLHLimit  (60:'ThermalZone-General.rule' line 1765)
2021-02-11 22:47:44 -   PerfAnal_NRes - Bypassing OpenStudio (and simulation) for zp model
2021-02-11 22:47:46 -   PerfAnal_NRes - Bypassing OpenStudio (and simulation) for zb model
2021-02-11 22:51:17 - Error:  Undefined data: numerator evaluating rule: Set ANNUAL_BASELINE Fan:FlowCap  (75:'HVACSecondary-Fan-General.rule' line 494)
2021-02-11 22:51:17 - Error:  Undefined data: numerator evaluating rule: Set ANNUAL_BASELINE Fan:FlowCap  (75:'HVACSecondary-Fan-General.rule' line 494)
2021-02-11 22:51:17 - Error:  Undefined data: numerator evaluating rule: Set ANNUAL_BASELINE Fan:FlowCap  (75:'HVACSecondary-Fan-General.rule' line 494)
2021-02-11 22:51:17 - Error:  Undefined data: numerator evaluating rule: Set ANNUAL_BASELINE Fan:FlowCap  (75:'HVACSecondary-Fan-General.rule' line 529)
2021-02-11 22:51:17 - Error:  Undefined data: numerator evaluating rule: Set ANNUAL_BASELINE Fan:FlowCap  (75:'HVACSecondary-Fan-General.rule' line 529)
2021-02-11 22:51:17 - Error:  Undefined data: numerator evaluating rule: Set ANNUAL_BASELINE Fan:FlowCap  (75:'HVACSecondary-Fan-General.rule' line 529)
2021-02-11 22:51:17 - Error:  Undefined data: numerator evaluating rule: Set ANNUAL_BASELINE Fan:FlowCap  (75:'HVACSecondary-Fan-General.rule' line 529)
2021-02-11 22:51:17 - Error:  Undefined data: numerator evaluating rule: Set ANNUAL_BASELINE Fan:FlowCap  (75:'HVACSecondary-Fan-General.rule' line 529)
2021-02-11 22:51:17 - Error:  Undefined data: numerator evaluating rule: Set ANNUAL_BASELINE Fan:FlowCap  (75:'HVACSecondary-Fan-General.rule' line 529)
2021-02-11 22:51:17 - Error:  Undefined data: numerator evaluating rule: Set ANNUAL_BASELINE Fan:FlowCap  (75:'HVACSecondary-Fan-General.rule' line 529)
2021-02-11 22:51:17 - Error:  Undefined data: numerator evaluating rule: Set ANNUAL_BASELINE Fan:FlowCap  (75:'HVACSecondary-Fan-General.rule' line 529)
2021-02-11 22:51:17 - Error:  Undefined data: numerator evaluating rule: Set ANNUAL_BASELINE Fan:FlowCap  (75:'HVACSecondary-Fan-General.rule' line 529)
2021-02-11 22:51:17 - Error:  Undefined data: numerator evaluating rule: Set ANNUAL_BASELINE Fan:FlowCap  (75:'HVACSecondary-Fan-General.rule' line 529)
2021-02-11 22:51:17 - Error:  Undefined data: numerator evaluating rule: Set ANNUAL_BASELINE Fan:FlowCap  (75:'HVACSecondary-Fan-General.rule' line 529)
2021-02-11 22:51:17 - Error:  Undefined data: numerator evaluating rule: Set ANNUAL_BASELINE Fan:FlowCap  (75:'HVACSecondary-Fan-General.rule' line 529)
2021-02-11 22:51:17 - Error:  Undefined data: numerator evaluating rule: Set ANNUAL_BASELINE Fan:FlowCap  (75:'HVACSecondary-Fan-General.rule' line 529)
2021-02-11 22:51:17 - Error:  Undefined data: numerator evaluating rule: Set ANNUAL_BASELINE Fan:FlowCap  (75:'HVACSecondary-Fan-General.rule' line 529)
2021-02-11 22:51:17 - Error:  Undefined data: numerator evaluating rule: Set ANNUAL_BASELINE Fan:FlowCap  (75:'HVACSecondary-Fan-General.rule' line 529)
2021-02-11 22:51:17 - Error:  Undefined data: numerator evaluating rule: Set ANNUAL_BASELINE Fan:FlowCap  (75:'HVACSecondary-Fan-General.rule' line 529)
2021-02-11 22:51:17 - Error:  Undefined data: numerator evaluating rule: Set ANNUAL_BASELINE Fan:FlowCap  (75:'HVACSecondary-Fan-General.rule' line 529)
2021-02-11 22:51:17 - Error:  Undefined data: numerator evaluating rule: Set ANNUAL_BASELINE Fan:FlowCap  (75:'HVACSecondary-Fan-General.rule' line 529)
2021-02-11 22:51:17 - Error:  Division by zero evaluating rule: Set ANNUAL_BASELINE ThrmlZn:PriAirCondgSysDsgnFlow  (76:'HVACSecondary-Fan-FanRatios.rule' line 67)
2021-02-11 22:51:17 - Error:  Division by zero evaluating rule: Set ANNUAL_BASELINE ThrmlZn:PriAirCondgSysDsgnFlow  (76:'HVACSecondary-Fan-FanRatios.rule' line 67)
2021-02-11 22:51:17 - Error:  Division by zero evaluating rule: Set ANNUAL_BASELINE ThrmlZn:PriAirCondgSysDsgnFlow  (76:'HVACSecondary-Fan-FanRatios.rule' line 67)
2021-02-11 22:51:17 - Error:  Division by zero evaluating rule: Set ANNUAL_BASELINE ThrmlZn:PriAirCondgSysDsgnFlow  (76:'HVACSecondary-Fan-FanRatios.rule' line 67)
2021-02-11 22:51:17 - Error:  Division by zero evaluating rule: Set ANNUAL_BASELINE ThrmlZn:PriAirCondgSysDsgnFlow  (76:'HVACSecondary-Fan-FanRatios.rule' line 67)
2021-02-11 22:51:17 - Error:  Division by zero evaluating rule: Set ANNUAL_BASELINE ThrmlZn:PriAirCondgSysDsgnFlow  (76:'HVACSecondary-Fan-FanRatios.rule' line 67)
2021-02-11 22:51:17 - Error:  Division by zero evaluating rule: Set ANNUAL_BASELINE ThrmlZn:PriAirCondgSysDsgnFlow  (76:'HVACSecondary-Fan-FanRatios.rule' line 67)
2021-02-11 22:51:17 - Error:  Division by zero evaluating rule: Set ANNUAL_BASELINE ThrmlZn:PriAirCondgSysDsgnFlow  (76:'HVACSecondary-Fan-FanRatios.rule' line 67)
2021-02-11 22:51:17 - Error:  Division by zero evaluating rule: Set ANNUAL_BASELINE ThrmlZn:PriAirCondgSysDsgnFlow  (76:'HVACSecondary-Fan-FanRatios.rule' line 67)
2021-02-11 22:51:17 - Error:  Division by zero evaluating rule: Set ANNUAL_BASELINE ThrmlZn:PriAirCondgSysDsgnFlow  (76:'HVACSecondary-Fan-FanRatios.rule' line 67)
2021-02-11 22:51:17 - Error:  Division by zero evaluating rule: Set ANNUAL_BASELINE ThrmlZn:PriAirCondgSysDsgnFlow  (76:'HVACSecondary-Fan-FanRatios.rule' line 67)
2021-02-11 22:51:17 - Error:  Division by zero evaluating rule: Set ANNUAL_BASELINE ThrmlZn:PriAirCondgSysDsgnFlow  (76:'HVACSecondary-Fan-FanRatios.rule' line 67)
2021-02-11 22:51:17 - Error:  Division by zero evaluating rule: Set ANNUAL_BASELINE ThrmlZn:VentSysDsgnFlow  (76:'HVACSecondary-Fan-FanRatios.rule' line 111)
2021-02-11 22:51:17 - Error:  Division by zero evaluating rule: Set ANNUAL_BASELINE ThrmlZn:VentSysDsgnFlow  (76:'HVACSecondary-Fan-FanRatios.rule' line 111)
2021-02-11 22:51:17 - Error:  Division by zero evaluating rule: Set ANNUAL_BASELINE ThrmlZn:VentSysDsgnFlow  (76:'HVACSecondary-Fan-FanRatios.rule' line 111)
2021-02-11 22:51:17 - Error:  Division by zero evaluating rule: Set ANNUAL_BASELINE ThrmlZn:VentSysDsgnFlow  (76:'HVACSecondary-Fan-FanRatios.rule' line 111)
2021-02-11 22:51:17 - Error:  Division by zero evaluating rule: Set ANNUAL_BASELINE ThrmlZn:VentSysDsgnFlow  (76:'HVACSecondary-Fan-FanRatios.rule' line 111)
2021-02-11 22:51:17 - Error:  Division by zero evaluating rule: Set ANNUAL_BASELINE ThrmlZn:VentSysDsgnFlow  (76:'HVACSecondary-Fan-FanRatios.rule' line 111)
2021-02-11 22:51:17 - Error:  Division by zero evaluating rule: Set ANNUAL_BASELINE ThrmlZn:VentSysDsgnFlow  (76:'HVACSecondary-Fan-FanRatios.rule' line 111)
2021-02-11 22:51:17 - Error:  Division by zero evaluating rule: Set ANNUAL_BASELINE ThrmlZn:VentSysDsgnFlow  (76:'HVACSecondary-Fan-FanRatios.rule' line 111)
2021-02-11 22:51:17 - Error:  Division by zero evaluating rule: Set ANNUAL_BASELINE ThrmlZn:VentSysDsgnFlow  (76:'HVACSecondary-Fan-FanRatios.rule' line 111)
2021-02-11 22:51:17 - Error:  Division by zero evaluating rule: Set ANNUAL_BASELINE ThrmlZn:VentSysDsgnFlow  (76:'HVACSecondary-Fan-FanRatios.rule' line 111)
2021-02-11 22:51:17 - Error:  Division by zero evaluating rule: Set ANNUAL_BASELINE ThrmlZn:VentSysDsgnFlow  (76:'HVACSecondary-Fan-FanRatios.rule' line 111)
2021-02-11 22:51:17 - Error:  Division by zero evaluating rule: Set ANNUAL_BASELINE ThrmlZn:VentSysDsgnFlow  (76:'HVACSecondary-Fan-FanRatios.rule' line 111)
2021-02-11 22:51:19 -   PerfAnal_NRes - Bypassing OpenStudio (and simulation) for ab model
2021-02-11 22:51:19 -   PerfAnal_NRes - Completed analysis steps thru #7
2021-02-11 22:51:19 - Analysis incomplete  Processing time:  Overall 3:41 / SDD2IDF x2 avg 0:05 / SizSim x0 0:00 / AnnSim x2 avg 1:31 / ReportGen x0 0:00 / Other 0:24
2021-02-11 22:51:19 -       ResultsSummary population:  bAbort = (false) / RuleProcAbort = (false) / iRetVal = 0 / pszResultsSummary = (empty) / iResultsSummaryLen = 3200
2021-02-11 22:51:19 -       ResultsSummary components1:  2021-02-11 22:51:19 / instance / High-Rise Mixed-Use (10-story) / CTZ01S22A / Title24ProposedOnly / 3:41 /  / 
2021-02-11 22:51:19 -       ResultsSummary components2:  CBECC-Com 2022.0.1 RV (1113) / BEMCmpMgr 2022.0.1 RV (6107) / CA 2022 Nonresidential, Vers. 1.0 Alpha /  /  / - / C:\Users\agoyal\OneDrive - TRC\Documents\CBECC-Com 2022 Data\EPW\ / C:\Users\agoyal\OneDrive - TRC\Documents\GitHub\CALGreen-analysis\framework\analysis\hr\runs\hr-tier2env-lpdf\cz01\
2021-02-11 22:51:19 -       ResultsSummary:  2021-02-11 22:51:19,"instance","High-Rise Mixed-Use (10-story)","CTZ01S22A","Pol  0% RetAdd NoLeak",125400,150480,"Title24ProposedOnly",3:41,,,"--","--","Successful (259 warnings)",46921.2,11257.6,53176.7,8.93046,1010.39,1088.9,42094.8,155559,274496,19205.8,47456.3,6890.07,0,0,503607,2248.54,0,0,0,0,10506.7,0,12755.3,1576.89,2595.88,0,0,16928,0,0,0,0,0,0,0,0,0,0,0,0,0,16.099,2.38879,11.9354,0.00208013,0.194793,20.2958,8.75416,59.67,64.9789,9.41813,11.855,1.53117,0,0,147.453,115.011,32.4417,0,0,,0,28.5,"Thermal Zone: F2-9 2-Bed N Core",0,"--","--","",0,0,0,0,0,0,0,0,0,0,0,0,0,0,0,0,0,0,0,0,0,0,0,0,0,0,0,0,0,0,0,0,0,0,0,0,0,0,0,0,0,0,0,0,0,0,0,0,0,0,0,0,0,0,0,0,0,0,0,,,,,,,0.00495631,7.35316,7.40149,0.00138151,0.392184,0.124303,7.28972,22.5672,43.2848,2.98676,9.36022,0.786538,0,0,78.9856,0,0,0,0,0,0,0,0,0,0,0,0,0,0,0,"CBECC-Com 2022.0.1 RV (1113)","BEMCmpMgr 2022.0.1 RV (6107)","CA 2022 Nonresidential, Vers. 1.0 Alpha","","","-","C:\Users\agoyal\OneDrive - TRC\Documents\CBECC-Com 2022 Data\EPW\","C:\Users\agoyal\OneDrive - TRC\Documents\GitHub\CALGreen-analysis\framework\analysis\hr\runs\hr-tier2env-lpdf\cz01\",9.06839,1.49691,8.44571,0.00116703,0.0948578,0.178109,4.65925,23.95,42.6316,3.29781,8.50114,1.127,0,0,79.51,1.07814,0,0,0,0,5.03784,0,6.12,0.756098,1.24469,0,0,8.12,0,0,0,0,0,0,0,0,0,0,0,0,0,0,0,0,0,0,0,0,0,0,0,0,0,0,0,0,3.03221,0.224866,1.26872,0.000175312,0.0142496,7.82996,0.699915,13.0701,7.57526,2.42333,1.27704,0.169298,0,0,24.515,0,0,0,0,0,0,0,0,0,0,0,0,0,0,0,

2021-02-11 22:51:26 - -----------------------------------------------------------------------------
2021-02-11 22:51:26 - Opening Project 'cz01\instance.cibd22'...
2021-02-11 22:51:27 -    Model load successful into CBECC-Com 2022.0.1 RV (1113)
2021-02-11 22:51:28 - Performing Building Database check...
2021-02-11 22:51:28 - Building Database check completed, no problems found.
2021-02-11 22:51:33 - Error writing enumeration property for Mat 'MetalFrameWall16inOC R21.00', property CavityInsOpt (previously 'R-21' (?))
2021-02-11 22:51:33 - Project Saved
2021-02-12 09:38:14 - -----------------------------------------------------------------------------
2021-02-12 09:38:14 - Opening Project 'cz01\instance.cibd22'...
2021-02-12 09:38:14 -    Model load successful into CBECC-Com 2022.0.1 RV (1113)
2021-02-12 09:38:15 - Performing Building Database check...
2021-02-12 09:38:15 - Building Database check completed, no problems found.
2021-02-12 09:41:55 - -----------------------------------------------------------------------------
2021-02-12 09:41:55 - Opening Project 'cz01\instance.cibd22'...
2021-02-12 09:41:55 -    Model load successful into CBECC-Com 2022.0.1 RV (1113)
2021-02-12 09:41:56 - Performing Building Database check...
2021-02-12 09:41:56 - Building Database check completed, no problems found.
2021-02-12 09:42:38 - -----------------------------------------------------------------------------
2021-02-12 09:42:38 - Opening Project 'cz01\instance.cibd22'...
2021-02-12 09:42:39 -    Model load successful into CBECC-Com 2022.0.1 RV (1113)
2021-02-12 09:42:39 - Performing Building Database check...
2021-02-12 09:42:39 - Building Database check completed, no problems found.
2021-02-12 09:42:43 -   PerfAnal_NRes - starting, w/ arguments:
2021-02-12 09:42:43 -        BEMBasePathFile    = (null)
2021-02-12 09:42:43 -        RulesetPathFile    = (null)
2021-02-12 09:42:43 -        SimWeatherPath     = C:\Users\agoyal\OneDrive - TRC\Documents\CBECC-Com 2022 Data\EPW\
2021-02-12 09:42:43 -        CompMgrDLLPath     = (null)
2021-02-12 09:42:43 -        DHWWeatherPath     = (null)
2021-02-12 09:42:43 -        ProcessingPath     = C:\Users\agoyal\OneDrive - TRC\Documents\GitHub\CALGreen-analysis\framework\analysis\hr\runs\hr-tier2env-lpdf\cz01\instance - run\
2021-02-12 09:42:43 -        ModelPathFile      = C:\Users\agoyal\OneDrive - TRC\Documents\GitHub\CALGreen-analysis\framework\analysis\hr\runs\hr-tier2env-lpdf\cz01\instance.cibd22
2021-02-12 09:42:43 -        LogPathFile        = (null)
2021-02-12 09:42:43 -        UIVersionString    = CBECC-Com 2022.0.1 RV (1113)
2021-02-12 09:42:43 -        LoadModelFile      = false
2021-02-12 09:42:43 -        OptionsCSV         = AllowAnalysisAbort,0,StoreBEMDetails,1,AnalysisThruStep,8,ModelRpt_ALL,1,ExportHourlyResults_All,1,PromptUserUMLHWarning,1,PreAnalysisCheckPromptOption,3,CompReportWarningOption,5,
2021-02-12 09:42:43 -        ErrorMsg           = (assumed to be initialized)
2021-02-12 09:42:43 -        ErrorMsgLen        = 2056
2021-02-12 09:42:43 -        DisplayProgress    = true
2021-02-12 09:42:43 -        ResultsSummary     = (empty)
2021-02-12 09:42:43 -        ResultsSummaryLen  = 3200
2021-02-12 09:42:43 -        pProgCallbackFunc  = (null)
2021-02-12 09:42:44 - Performing Building Database check...
2021-02-12 09:42:44 - Building Database check completed, no problems found.
2021-02-12 09:42:44 - Warning:  The following developer options must be defaulted (not specified by the user) in order to perform a valid compliance analysis:
          Proj 'High-Rise Mixed-Use (10-story)' DefaultDayltgCtrls
          Proj 'High-Rise Mixed-Use (10-story)' AutoHardSize
          Proj 'High-Rise Mixed-Use (10-story)' AutoEffInput
2021-02-12 09:42:44 -    1 file hash check(s) failed on executable and/or analysis support files (analysis continuing w/ report signature disabled)
2021-02-12 09:42:46 -   PerfAnal_NRes - AnalysisThruStep being set to #7 due to Proj:AnalysisType = Title24ProposedOnly
2021-02-12 09:42:46 - Performing Building Database check...
2021-02-12 09:42:46 - Building Database check completed, no problems found.
2021-02-12 09:42:46 - Warning:  The spaces assigned to thermal zone 'Thermal Zone: F1 Lounge' have cooling unmet load hour limits ranging from 150 to 8760. All spaces in the zone will be held to the minimum UMLH limit. evaluating rule: Set CHECKCODE ThrmlZn:ClgUMLHLimit  (60:'ThermalZone-General.rule' line 1738)
2021-02-12 09:42:46 - Warning:  The spaces assigned to thermal zone 'Thermal Zone: F1 Lounge' have heating unmet load hour limits ranging from 150 to 8760. All spaces in the zone will be held to the minimum UMLH limit. evaluating rule: Set CHECKCODE ThrmlZn:HtgUMLHLimit  (60:'ThermalZone-General.rule' line 1765)
2021-02-12 09:42:52 -   PerfAnal_NRes - Bypassing OpenStudio (and simulation) for zp model
2021-02-12 09:42:54 -   PerfAnal_NRes - Bypassing OpenStudio (and simulation) for zb model
2021-02-12 09:46:49 - Error:  Undefined data: numerator evaluating rule: Set ANNUAL_BASELINE Fan:FlowCap  (75:'HVACSecondary-Fan-General.rule' line 494)
2021-02-12 09:46:49 - Error:  Undefined data: numerator evaluating rule: Set ANNUAL_BASELINE Fan:FlowCap  (75:'HVACSecondary-Fan-General.rule' line 494)
2021-02-12 09:46:49 - Error:  Undefined data: numerator evaluating rule: Set ANNUAL_BASELINE Fan:FlowCap  (75:'HVACSecondary-Fan-General.rule' line 494)
2021-02-12 09:46:49 - Error:  Undefined data: numerator evaluating rule: Set ANNUAL_BASELINE Fan:FlowCap  (75:'HVACSecondary-Fan-General.rule' line 529)
2021-02-12 09:46:49 - Error:  Undefined data: numerator evaluating rule: Set ANNUAL_BASELINE Fan:FlowCap  (75:'HVACSecondary-Fan-General.rule' line 529)
2021-02-12 09:46:49 - Error:  Undefined data: numerator evaluating rule: Set ANNUAL_BASELINE Fan:FlowCap  (75:'HVACSecondary-Fan-General.rule' line 529)
2021-02-12 09:46:49 - Error:  Undefined data: numerator evaluating rule: Set ANNUAL_BASELINE Fan:FlowCap  (75:'HVACSecondary-Fan-General.rule' line 529)
2021-02-12 09:46:49 - Error:  Undefined data: numerator evaluating rule: Set ANNUAL_BASELINE Fan:FlowCap  (75:'HVACSecondary-Fan-General.rule' line 529)
2021-02-12 09:46:49 - Error:  Undefined data: numerator evaluating rule: Set ANNUAL_BASELINE Fan:FlowCap  (75:'HVACSecondary-Fan-General.rule' line 529)
2021-02-12 09:46:49 - Error:  Undefined data: numerator evaluating rule: Set ANNUAL_BASELINE Fan:FlowCap  (75:'HVACSecondary-Fan-General.rule' line 529)
2021-02-12 09:46:49 - Error:  Undefined data: numerator evaluating rule: Set ANNUAL_BASELINE Fan:FlowCap  (75:'HVACSecondary-Fan-General.rule' line 529)
2021-02-12 09:46:49 - Error:  Undefined data: numerator evaluating rule: Set ANNUAL_BASELINE Fan:FlowCap  (75:'HVACSecondary-Fan-General.rule' line 529)
2021-02-12 09:46:49 - Error:  Undefined data: numerator evaluating rule: Set ANNUAL_BASELINE Fan:FlowCap  (75:'HVACSecondary-Fan-General.rule' line 529)
2021-02-12 09:46:49 - Error:  Undefined data: numerator evaluating rule: Set ANNUAL_BASELINE Fan:FlowCap  (75:'HVACSecondary-Fan-General.rule' line 529)
2021-02-12 09:46:49 - Error:  Undefined data: numerator evaluating rule: Set ANNUAL_BASELINE Fan:FlowCap  (75:'HVACSecondary-Fan-General.rule' line 529)
2021-02-12 09:46:49 - Error:  Undefined data: numerator evaluating rule: Set ANNUAL_BASELINE Fan:FlowCap  (75:'HVACSecondary-Fan-General.rule' line 529)
2021-02-12 09:46:49 - Error:  Undefined data: numerator evaluating rule: Set ANNUAL_BASELINE Fan:FlowCap  (75:'HVACSecondary-Fan-General.rule' line 529)
2021-02-12 09:46:49 - Error:  Undefined data: numerator evaluating rule: Set ANNUAL_BASELINE Fan:FlowCap  (75:'HVACSecondary-Fan-General.rule' line 529)
2021-02-12 09:46:49 - Error:  Undefined data: numerator evaluating rule: Set ANNUAL_BASELINE Fan:FlowCap  (75:'HVACSecondary-Fan-General.rule' line 529)
2021-02-12 09:46:49 - Error:  Undefined data: numerator evaluating rule: Set ANNUAL_BASELINE Fan:FlowCap  (75:'HVACSecondary-Fan-General.rule' line 529)
2021-02-12 09:46:49 - Error:  Undefined data: numerator evaluating rule: Set ANNUAL_BASELINE Fan:FlowCap  (75:'HVACSecondary-Fan-General.rule' line 529)
2021-02-12 09:46:49 - Error:  Division by zero evaluating rule: Set ANNUAL_BASELINE ThrmlZn:PriAirCondgSysDsgnFlow  (76:'HVACSecondary-Fan-FanRatios.rule' line 67)
2021-02-12 09:46:49 - Error:  Division by zero evaluating rule: Set ANNUAL_BASELINE ThrmlZn:PriAirCondgSysDsgnFlow  (76:'HVACSecondary-Fan-FanRatios.rule' line 67)
2021-02-12 09:46:49 - Error:  Division by zero evaluating rule: Set ANNUAL_BASELINE ThrmlZn:PriAirCondgSysDsgnFlow  (76:'HVACSecondary-Fan-FanRatios.rule' line 67)
2021-02-12 09:46:49 - Error:  Division by zero evaluating rule: Set ANNUAL_BASELINE ThrmlZn:PriAirCondgSysDsgnFlow  (76:'HVACSecondary-Fan-FanRatios.rule' line 67)
2021-02-12 09:46:49 - Error:  Division by zero evaluating rule: Set ANNUAL_BASELINE ThrmlZn:PriAirCondgSysDsgnFlow  (76:'HVACSecondary-Fan-FanRatios.rule' line 67)
2021-02-12 09:46:49 - Error:  Division by zero evaluating rule: Set ANNUAL_BASELINE ThrmlZn:PriAirCondgSysDsgnFlow  (76:'HVACSecondary-Fan-FanRatios.rule' line 67)
2021-02-12 09:46:49 - Error:  Division by zero evaluating rule: Set ANNUAL_BASELINE ThrmlZn:PriAirCondgSysDsgnFlow  (76:'HVACSecondary-Fan-FanRatios.rule' line 67)
2021-02-12 09:46:49 - Error:  Division by zero evaluating rule: Set ANNUAL_BASELINE ThrmlZn:PriAirCondgSysDsgnFlow  (76:'HVACSecondary-Fan-FanRatios.rule' line 67)
2021-02-12 09:46:49 - Error:  Division by zero evaluating rule: Set ANNUAL_BASELINE ThrmlZn:PriAirCondgSysDsgnFlow  (76:'HVACSecondary-Fan-FanRatios.rule' line 67)
2021-02-12 09:46:49 - Error:  Division by zero evaluating rule: Set ANNUAL_BASELINE ThrmlZn:PriAirCondgSysDsgnFlow  (76:'HVACSecondary-Fan-FanRatios.rule' line 67)
2021-02-12 09:46:49 - Error:  Division by zero evaluating rule: Set ANNUAL_BASELINE ThrmlZn:PriAirCondgSysDsgnFlow  (76:'HVACSecondary-Fan-FanRatios.rule' line 67)
2021-02-12 09:46:49 - Error:  Division by zero evaluating rule: Set ANNUAL_BASELINE ThrmlZn:PriAirCondgSysDsgnFlow  (76:'HVACSecondary-Fan-FanRatios.rule' line 67)
2021-02-12 09:46:49 - Error:  Division by zero evaluating rule: Set ANNUAL_BASELINE ThrmlZn:VentSysDsgnFlow  (76:'HVACSecondary-Fan-FanRatios.rule' line 111)
2021-02-12 09:46:49 - Error:  Division by zero evaluating rule: Set ANNUAL_BASELINE ThrmlZn:VentSysDsgnFlow  (76:'HVACSecondary-Fan-FanRatios.rule' line 111)
2021-02-12 09:46:49 - Error:  Division by zero evaluating rule: Set ANNUAL_BASELINE ThrmlZn:VentSysDsgnFlow  (76:'HVACSecondary-Fan-FanRatios.rule' line 111)
2021-02-12 09:46:49 - Error:  Division by zero evaluating rule: Set ANNUAL_BASELINE ThrmlZn:VentSysDsgnFlow  (76:'HVACSecondary-Fan-FanRatios.rule' line 111)
2021-02-12 09:46:49 - Error:  Division by zero evaluating rule: Set ANNUAL_BASELINE ThrmlZn:VentSysDsgnFlow  (76:'HVACSecondary-Fan-FanRatios.rule' line 111)
2021-02-12 09:46:49 - Error:  Division by zero evaluating rule: Set ANNUAL_BASELINE ThrmlZn:VentSysDsgnFlow  (76:'HVACSecondary-Fan-FanRatios.rule' line 111)
2021-02-12 09:46:49 - Error:  Division by zero evaluating rule: Set ANNUAL_BASELINE ThrmlZn:VentSysDsgnFlow  (76:'HVACSecondary-Fan-FanRatios.rule' line 111)
2021-02-12 09:46:49 - Error:  Division by zero evaluating rule: Set ANNUAL_BASELINE ThrmlZn:VentSysDsgnFlow  (76:'HVACSecondary-Fan-FanRatios.rule' line 111)
2021-02-12 09:46:49 - Error:  Division by zero evaluating rule: Set ANNUAL_BASELINE ThrmlZn:VentSysDsgnFlow  (76:'HVACSecondary-Fan-FanRatios.rule' line 111)
2021-02-12 09:46:49 - Error:  Division by zero evaluating rule: Set ANNUAL_BASELINE ThrmlZn:VentSysDsgnFlow  (76:'HVACSecondary-Fan-FanRatios.rule' line 111)
2021-02-12 09:46:49 - Error:  Division by zero evaluating rule: Set ANNUAL_BASELINE ThrmlZn:VentSysDsgnFlow  (76:'HVACSecondary-Fan-FanRatios.rule' line 111)
2021-02-12 09:46:49 - Error:  Division by zero evaluating rule: Set ANNUAL_BASELINE ThrmlZn:VentSysDsgnFlow  (76:'HVACSecondary-Fan-FanRatios.rule' line 111)
2021-02-12 09:46:52 -   PerfAnal_NRes - Bypassing OpenStudio (and simulation) for ab model
2021-02-12 09:46:52 -   PerfAnal_NRes - Completed analysis steps thru #7
2021-02-12 09:46:52 - Analysis incomplete  Processing time:  Overall 4:08 / SDD2IDF x2 avg 0:09 / SizSim x0 0:00 / AnnSim x2 avg 1:42 / ReportGen x0 0:00 / Other 0:23
2021-02-12 09:46:52 -       ResultsSummary population:  bAbort = (false) / RuleProcAbort = (false) / iRetVal = 0 / pszResultsSummary = (empty) / iResultsSummaryLen = 3200
2021-02-12 09:46:52 -       ResultsSummary components1:  2021-02-12 09:46:52 / instance / High-Rise Mixed-Use (10-story) / CTZ01S22A / Title24ProposedOnly / 4:08 /  / 
2021-02-12 09:46:52 -       ResultsSummary components2:  CBECC-Com 2022.0.1 RV (1113) / BEMCmpMgr 2022.0.1 RV (6107) / CA 2022 Nonresidential, Vers. 1.0 Alpha /  /  / - / C:\Users\agoyal\OneDrive - TRC\Documents\CBECC-Com 2022 Data\EPW\ / C:\Users\agoyal\OneDrive - TRC\Documents\GitHub\CALGreen-analysis\framework\analysis\hr\runs\hr-tier2env-lpdf\cz01\
2021-02-12 09:46:52 -       ResultsSummary:  2021-02-12 09:46:52,"instance","High-Rise Mixed-Use (10-story)","CTZ01S22A","Pol  0% RetAdd NoLeak",125400,150480,"Title24ProposedOnly",4:08,,,"--","--","Successful (260 warnings)",20958.8,25337.3,52967.6,8.96864,1013.86,1088.9,43097.4,144473,274496,19205.8,47456.3,6890.07,0,0,492521,2247.17,0,0,0,0,10506.7,0,12753.9,1576.89,2595.88,0,0,16926.7,0,0,0,0,0,0,0,0,0,0,0,0,0,9.83929,5.19495,11.7295,0.00208779,0.195477,20.2958,8.95566,56.2128,64.9789,9.41813,11.855,1.53117,0,0,143.996,111.557,32.4392,0,0,,0,9.75,"Thermal Zone: F2-9 2-Bed N Core",0,"--","--","",0,0,0,0,0,0,0,0,0,0,0,0,0,0,0,0,0,0,0,0,0,0,0,0,0,0,0,0,0,0,0,0,0,0,0,0,0,0,0,0,0,0,0,0,0,0,0,0,0,0,0,0,0,0,0,0,0,0,0,,,,,,,0.000649717,13.5598,9.02046,0.00138581,0.393486,0.124303,7.43387,30.534,43.2848,2.98676,9.36022,0.786538,0,0,86.9523,0,0,0,0,0,0,0,0,0,0,0,0,0,0,0,"CBECC-Com 2022.0.1 RV (1113)","BEMCmpMgr 2022.0.1 RV (6107)","CA 2022 Nonresidential, Vers. 1.0 Alpha","","","-","C:\Users\agoyal\OneDrive - TRC\Documents\CBECC-Com 2022 Data\EPW\","C:\Users\agoyal\OneDrive - TRC\Documents\GitHub\CALGreen-analysis\framework\analysis\hr\runs\hr-tier2env-lpdf\cz01\",4.31914,3.22354,8.1827,0.00116993,0.0952018,0.178109,4.76369,20.76,42.6316,3.29781,8.50114,1.127,0,0,76.32,1.07749,0,0,0,0,5.03784,0,6.12,0.756098,1.24469,0,0,8.12,0,0,0,0,0,0,0,0,0,0,0,0,0,0,0,0,0,0,0,0,0,0,0,0,0,0,0,0,2.31776,0.484241,1.22921,0.000175748,0.0143012,7.82996,0.715603,12.5913,7.57526,2.42333,1.27704,0.169298,0,0,24.0362,0,0,0,0,0,0,0,0,0,0,0,0,0,0,0,

2021-02-12 09:46:57 - -----------------------------------------------------------------------------
2021-02-12 09:46:57 - Opening Project 'cz01\instance.cibd22'...
2021-02-12 09:46:57 -    Model load successful into CBECC-Com 2022.0.1 RV (1113)
2021-02-12 09:46:58 - Performing Building Database check...
2021-02-12 09:46:58 - Building Database check completed, no problems found.
2021-02-12 09:47:01 - Error writing enumeration property for Mat 'MetalFrameWall16inOC R21.00', property CavityInsOpt (previously 'R-21' (?))
2021-02-12 09:47:01 - Project Saved
