---------------
Warning at hour/subhour 25/20 on autoSizing 15-Jul iteration 30:
  AutoSize pass 1A has not converged.  Abandoning after 30 iterations.
---------------
Warning: Zone 'Zone1-zn': Unmet cooling loads during 16 hours of run.
---------------
Warning: Zone 'Zone2-zn': Unmet cooling loads during 125 hours of run.
---------------
Warning: Zone 'Zone3-zn': Unmet cooling loads during 110 hours of run.
---------------
Warning: Zone 'Corridor1-zn': Condensation occurred in 551 subhours of run.
    Total condensation heat = 20.4292 kBtu.
---------------
Warning: Zone 'Corridor1-zn': Unmet cooling loads during 35 hours of run.
---------------
Warning: 
  Zone 'BusinessCenter1-zn': Condensation occurred in 6526 subhours of run.
    Total condensation heat = 190.235 kBtu.
---------------
Warning: 
  Zone 'BusinessCenter1-zn': Unmet cooling loads during 538 hours of run.
---------------
Warning: 
  Zone 'FitnessCenter1-zn': Condensation occurred in 53482 subhours of run.
    Total condensation heat = 3250.36 kBtu.
---------------
Warning: 
  Zone 'FitnessCenter1-zn': Unmet cooling loads during 246 hours of run.
---------------
Warning: Zone 'Laundry1-zn': Unmet cooling loads during 80 hours of run.
---------------
Warning: Zone 'LeasingOffice1-zn': Unmet cooling loads during 52 hours of run.
---------------
Warning: Zone 'Lobby1-zn': Condensation occurred in 25090 subhours of run.
    Total condensation heat = 2293.72 kBtu.
---------------
Warning: Zone 'Lobby1-zn': Unmet cooling loads during 200 hours of run.
---------------
Warning: 
  Zone 'MechanicalRoom1-zn': Unmet heating loads during 252 hours of run.
---------------
Warning: 
  Zone 'MechanicalRoom1-zn': Unmet cooling loads during 1839 hours of run.
---------------
Warning: Zone 'Stairs1-zn': Condensation occurred in 30 subhours of run.
    Total condensation heat = 0.0405357 kBtu.
---------------
Warning: Zone 'Stairs1-zn': Unmet heating loads during 1 hours of run.
---------------
Warning: Zone 'Stairs1-zn': Unmet cooling loads during 7 hours of run.
---------------
Warning: Zone 'Corridor2-zn': Condensation occurred in 334 subhours of run.
    Total condensation heat = 13.2531 kBtu.
---------------
Warning: Zone 'Corridor2-zn': Unmet cooling loads during 402 hours of run.
---------------
Warning: Zone 'Corridor3-zn': Condensation occurred in 624 subhours of run.
    Total condensation heat = 23.1292 kBtu.
---------------
Warning: Zone 'Corridor3-zn': Unmet cooling loads during 290 hours of run.
---------------
Warning: Zone 'Stairs2-zn': Unmet heating loads during 1 hours of run.
---------------
Warning: Zone 'Stairs2-zn': Unmet cooling loads during 19 hours of run.
---------------
Warning: Zone 'Stairs3-zn': Unmet heating loads during 1 hours of run.
---------------
Warning: Zone 'Stairs3-zn': Unmet cooling loads during 19 hours of run.
---------------
Warning: Zone 'Attic-atc': Condensation occurred in 15248 subhours of run.
    Total condensation heat = 2518.04 kBtu.
---------------
