2021-02-11 23:44:21 - -----------------------------------------------------------------------------
2021-02-11 23:44:21 - Opening Project 'cz03\instance.cibd22'...
2021-02-11 23:44:22 -    Model load successful into CBECC-Com 2022.0.1 RV (1113)
2021-02-11 23:44:23 - Performing Building Database check...
2021-02-11 23:44:23 - Building Database check completed, no problems found.
2021-02-11 23:44:28 -   PerfAnal_NRes - starting, w/ arguments:
2021-02-11 23:44:28 -        BEMBasePathFile    = (null)
2021-02-11 23:44:28 -        RulesetPathFile    = (null)
2021-02-11 23:44:28 -        SimWeatherPath     = C:\Users\agoyal\OneDrive - TRC\Documents\CBECC-Com 2022 Data\EPW\
2021-02-11 23:44:28 -        CompMgrDLLPath     = (null)
2021-02-11 23:44:28 -        DHWWeatherPath     = (null)
2021-02-11 23:44:28 -        ProcessingPath     = C:\Users\agoyal\OneDrive - TRC\Documents\GitHub\CALGreen-analysis\framework\analysis\hr\runs\mr-tier2env-lpdf\cz03\instance - run\
2021-02-11 23:44:28 -        ModelPathFile      = C:\Users\agoyal\OneDrive - TRC\Documents\GitHub\CALGreen-analysis\framework\analysis\hr\runs\mr-tier2env-lpdf\cz03\instance.cibd22
2021-02-11 23:44:28 -        LogPathFile        = (null)
2021-02-11 23:44:28 -        UIVersionString    = CBECC-Com 2022.0.1 RV (1113)
2021-02-11 23:44:28 -        LoadModelFile      = false
2021-02-11 23:44:28 -        OptionsCSV         = AllowAnalysisAbort,0,StoreBEMDetails,1,AnalysisThruStep,8,ModelRpt_ALL,1,ExportHourlyResults_All,1,PromptUserUMLHWarning,1,PreAnalysisCheckPromptOption,3,CompReportWarningOption,5,
2021-02-11 23:44:28 -        ErrorMsg           = (assumed to be initialized)
2021-02-11 23:44:28 -        ErrorMsgLen        = 2056
2021-02-11 23:44:28 -        DisplayProgress    = true
2021-02-11 23:44:28 -        ResultsSummary     = (empty)
2021-02-11 23:44:28 -        ResultsSummaryLen  = 3200
2021-02-11 23:44:28 -        pProgCallbackFunc  = (null)
2021-02-11 23:44:29 - Performing Building Database check...
2021-02-11 23:44:29 - Building Database check completed, no problems found.
2021-02-11 23:44:29 - Warning:  The following developer options must be defaulted (not specified by the user) in order to perform a valid compliance analysis:
          Proj 'Mid-Rise Mixed-Use (5-story)' AutoHardSize
          Proj 'Mid-Rise Mixed-Use (5-story)' AutoEffInput
2021-02-11 23:44:29 -    1 file hash check(s) failed on executable and/or analysis support files (analysis continuing w/ report signature disabled)
2021-02-11 23:44:31 -   PerfAnal_NRes - AnalysisThruStep being set to #7 due to Proj:AnalysisType = Title24ProposedOnly
2021-02-11 23:44:31 - Performing Building Database check...
2021-02-11 23:44:32 - Building Database check completed, no problems found.
2021-02-11 23:44:39 -   PerfAnal_NRes - Bypassing OpenStudio (and simulation) for zp model
2021-02-11 23:44:41 -   PerfAnal_NRes - Bypassing OpenStudio (and simulation) for zb model
2021-02-11 23:48:59 - Error:  Undefined data: numerator evaluating rule: Set ANNUAL_BASELINE Fan:FlowCap  (75:'HVACSecondary-Fan-General.rule' line 494)
2021-02-11 23:48:59 - Error:  Undefined data: numerator evaluating rule: Set ANNUAL_BASELINE Fan:FlowCap  (75:'HVACSecondary-Fan-General.rule' line 494)
2021-02-11 23:48:59 - Error:  Undefined data: numerator evaluating rule: Set ANNUAL_BASELINE Fan:FlowCap  (75:'HVACSecondary-Fan-General.rule' line 494)
2021-02-11 23:48:59 - Error:  Undefined data: numerator evaluating rule: Set ANNUAL_BASELINE Fan:FlowCap  (75:'HVACSecondary-Fan-General.rule' line 529)
2021-02-11 23:48:59 - Error:  Undefined data: numerator evaluating rule: Set ANNUAL_BASELINE Fan:FlowCap  (75:'HVACSecondary-Fan-General.rule' line 529)
2021-02-11 23:48:59 - Error:  Undefined data: numerator evaluating rule: Set ANNUAL_BASELINE Fan:FlowCap  (75:'HVACSecondary-Fan-General.rule' line 529)
2021-02-11 23:48:59 - Error:  Undefined data: numerator evaluating rule: Set ANNUAL_BASELINE Fan:FlowCap  (75:'HVACSecondary-Fan-General.rule' line 529)
2021-02-11 23:48:59 - Error:  Undefined data: numerator evaluating rule: Set ANNUAL_BASELINE Fan:FlowCap  (75:'HVACSecondary-Fan-General.rule' line 529)
2021-02-11 23:48:59 - Error:  Undefined data: numerator evaluating rule: Set ANNUAL_BASELINE Fan:FlowCap  (75:'HVACSecondary-Fan-General.rule' line 529)
2021-02-11 23:48:59 - Error:  Undefined data: numerator evaluating rule: Set ANNUAL_BASELINE Fan:FlowCap  (75:'HVACSecondary-Fan-General.rule' line 529)
2021-02-11 23:48:59 - Error:  Undefined data: numerator evaluating rule: Set ANNUAL_BASELINE Fan:FlowCap  (75:'HVACSecondary-Fan-General.rule' line 529)
2021-02-11 23:48:59 - Error:  Undefined data: numerator evaluating rule: Set ANNUAL_BASELINE Fan:FlowCap  (75:'HVACSecondary-Fan-General.rule' line 529)
2021-02-11 23:48:59 - Error:  Undefined data: numerator evaluating rule: Set ANNUAL_BASELINE Fan:FlowCap  (75:'HVACSecondary-Fan-General.rule' line 529)
2021-02-11 23:48:59 - Error:  Undefined data: numerator evaluating rule: Set ANNUAL_BASELINE Fan:FlowCap  (75:'HVACSecondary-Fan-General.rule' line 529)
2021-02-11 23:48:59 - Error:  Undefined data: numerator evaluating rule: Set ANNUAL_BASELINE Fan:FlowCap  (75:'HVACSecondary-Fan-General.rule' line 529)
2021-02-11 23:48:59 - Error:  Undefined data: numerator evaluating rule: Set ANNUAL_BASELINE Fan:FlowCap  (75:'HVACSecondary-Fan-General.rule' line 529)
2021-02-11 23:48:59 - Error:  Undefined data: numerator evaluating rule: Set ANNUAL_BASELINE Fan:FlowCap  (75:'HVACSecondary-Fan-General.rule' line 529)
2021-02-11 23:48:59 - Error:  Undefined data: numerator evaluating rule: Set ANNUAL_BASELINE Fan:FlowCap  (75:'HVACSecondary-Fan-General.rule' line 529)
2021-02-11 23:48:59 - Error:  Undefined data: numerator evaluating rule: Set ANNUAL_BASELINE Fan:FlowCap  (75:'HVACSecondary-Fan-General.rule' line 529)
2021-02-11 23:48:59 - Error:  Undefined data: numerator evaluating rule: Set ANNUAL_BASELINE Fan:FlowCap  (75:'HVACSecondary-Fan-General.rule' line 529)
2021-02-11 23:48:59 - Error:  Undefined data: numerator evaluating rule: Set ANNUAL_BASELINE Fan:FlowCap  (75:'HVACSecondary-Fan-General.rule' line 529)
2021-02-11 23:48:59 - Error:  Undefined data: numerator evaluating rule: Set ANNUAL_BASELINE Fan:FlowCap  (75:'HVACSecondary-Fan-General.rule' line 529)
2021-02-11 23:48:59 - Error:  Undefined data: numerator evaluating rule: Set ANNUAL_BASELINE Fan:FlowCap  (75:'HVACSecondary-Fan-General.rule' line 529)
2021-02-11 23:48:59 - Error:  Undefined data: numerator evaluating rule: Set ANNUAL_BASELINE Fan:FlowCap  (75:'HVACSecondary-Fan-General.rule' line 529)
2021-02-11 23:48:59 - Error:  Undefined data: numerator evaluating rule: Set ANNUAL_BASELINE Fan:FlowCap  (75:'HVACSecondary-Fan-General.rule' line 529)
2021-02-11 23:48:59 - Error:  Division by zero evaluating rule: Set ANNUAL_BASELINE ThrmlZn:PriAirCondgSysDsgnFlow  (76:'HVACSecondary-Fan-FanRatios.rule' line 67)
2021-02-11 23:48:59 - Error:  Division by zero evaluating rule: Set ANNUAL_BASELINE ThrmlZn:PriAirCondgSysDsgnFlow  (76:'HVACSecondary-Fan-FanRatios.rule' line 67)
2021-02-11 23:48:59 - Error:  Division by zero evaluating rule: Set ANNUAL_BASELINE ThrmlZn:PriAirCondgSysDsgnFlow  (76:'HVACSecondary-Fan-FanRatios.rule' line 67)
2021-02-11 23:48:59 - Error:  Division by zero evaluating rule: Set ANNUAL_BASELINE ThrmlZn:PriAirCondgSysDsgnFlow  (76:'HVACSecondary-Fan-FanRatios.rule' line 67)
2021-02-11 23:48:59 - Error:  Division by zero evaluating rule: Set ANNUAL_BASELINE ThrmlZn:PriAirCondgSysDsgnFlow  (76:'HVACSecondary-Fan-FanRatios.rule' line 67)
2021-02-11 23:48:59 - Error:  Division by zero evaluating rule: Set ANNUAL_BASELINE ThrmlZn:PriAirCondgSysDsgnFlow  (76:'HVACSecondary-Fan-FanRatios.rule' line 67)
2021-02-11 23:48:59 - Error:  Division by zero evaluating rule: Set ANNUAL_BASELINE ThrmlZn:PriAirCondgSysDsgnFlow  (76:'HVACSecondary-Fan-FanRatios.rule' line 67)
2021-02-11 23:48:59 - Error:  Division by zero evaluating rule: Set ANNUAL_BASELINE ThrmlZn:PriAirCondgSysDsgnFlow  (76:'HVACSecondary-Fan-FanRatios.rule' line 67)
2021-02-11 23:48:59 - Error:  Division by zero evaluating rule: Set ANNUAL_BASELINE ThrmlZn:PriAirCondgSysDsgnFlow  (76:'HVACSecondary-Fan-FanRatios.rule' line 67)
2021-02-11 23:48:59 - Error:  Division by zero evaluating rule: Set ANNUAL_BASELINE ThrmlZn:PriAirCondgSysDsgnFlow  (76:'HVACSecondary-Fan-FanRatios.rule' line 67)
2021-02-11 23:48:59 - Error:  Division by zero evaluating rule: Set ANNUAL_BASELINE ThrmlZn:PriAirCondgSysDsgnFlow  (76:'HVACSecondary-Fan-FanRatios.rule' line 67)
2021-02-11 23:48:59 - Error:  Division by zero evaluating rule: Set ANNUAL_BASELINE ThrmlZn:PriAirCondgSysDsgnFlow  (76:'HVACSecondary-Fan-FanRatios.rule' line 67)
2021-02-11 23:48:59 - Error:  Division by zero evaluating rule: Set ANNUAL_BASELINE ThrmlZn:PriAirCondgSysDsgnFlow  (76:'HVACSecondary-Fan-FanRatios.rule' line 67)
2021-02-11 23:48:59 - Error:  Division by zero evaluating rule: Set ANNUAL_BASELINE ThrmlZn:PriAirCondgSysDsgnFlow  (76:'HVACSecondary-Fan-FanRatios.rule' line 67)
2021-02-11 23:48:59 - Error:  Division by zero evaluating rule: Set ANNUAL_BASELINE ThrmlZn:VentSysDsgnFlow  (76:'HVACSecondary-Fan-FanRatios.rule' line 111)
2021-02-11 23:48:59 - Error:  Division by zero evaluating rule: Set ANNUAL_BASELINE ThrmlZn:VentSysDsgnFlow  (76:'HVACSecondary-Fan-FanRatios.rule' line 111)
2021-02-11 23:48:59 - Error:  Division by zero evaluating rule: Set ANNUAL_BASELINE ThrmlZn:VentSysDsgnFlow  (76:'HVACSecondary-Fan-FanRatios.rule' line 111)
2021-02-11 23:48:59 - Error:  Division by zero evaluating rule: Set ANNUAL_BASELINE ThrmlZn:VentSysDsgnFlow  (76:'HVACSecondary-Fan-FanRatios.rule' line 111)
2021-02-11 23:48:59 - Error:  Division by zero evaluating rule: Set ANNUAL_BASELINE ThrmlZn:VentSysDsgnFlow  (76:'HVACSecondary-Fan-FanRatios.rule' line 111)
2021-02-11 23:48:59 - Error:  Division by zero evaluating rule: Set ANNUAL_BASELINE ThrmlZn:VentSysDsgnFlow  (76:'HVACSecondary-Fan-FanRatios.rule' line 111)
2021-02-11 23:48:59 - Error:  Division by zero evaluating rule: Set ANNUAL_BASELINE ThrmlZn:VentSysDsgnFlow  (76:'HVACSecondary-Fan-FanRatios.rule' line 111)
2021-02-11 23:48:59 - Error:  Division by zero evaluating rule: Set ANNUAL_BASELINE ThrmlZn:VentSysDsgnFlow  (76:'HVACSecondary-Fan-FanRatios.rule' line 111)
2021-02-11 23:48:59 - Error:  Division by zero evaluating rule: Set ANNUAL_BASELINE ThrmlZn:VentSysDsgnFlow  (76:'HVACSecondary-Fan-FanRatios.rule' line 111)
2021-02-11 23:48:59 - Error:  Division by zero evaluating rule: Set ANNUAL_BASELINE ThrmlZn:VentSysDsgnFlow  (76:'HVACSecondary-Fan-FanRatios.rule' line 111)
2021-02-11 23:48:59 - Error:  Division by zero evaluating rule: Set ANNUAL_BASELINE ThrmlZn:VentSysDsgnFlow  (76:'HVACSecondary-Fan-FanRatios.rule' line 111)
2021-02-11 23:48:59 - Error:  Division by zero evaluating rule: Set ANNUAL_BASELINE ThrmlZn:VentSysDsgnFlow  (76:'HVACSecondary-Fan-FanRatios.rule' line 111)
2021-02-11 23:48:59 - Error:  Division by zero evaluating rule: Set ANNUAL_BASELINE ThrmlZn:VentSysDsgnFlow  (76:'HVACSecondary-Fan-FanRatios.rule' line 111)
2021-02-11 23:48:59 - Error:  Division by zero evaluating rule: Set ANNUAL_BASELINE ThrmlZn:VentSysDsgnFlow  (76:'HVACSecondary-Fan-FanRatios.rule' line 111)
2021-02-11 23:49:00 -   PerfAnal_NRes - Bypassing OpenStudio (and simulation) for ab model
2021-02-11 23:49:00 -   PerfAnal_NRes - Completed analysis steps thru #7
2021-02-11 23:49:00 - Analysis incomplete  Processing time:  Overall 4:32 / SDD2IDF x2 avg 0:07 / SizSim x0 0:00 / AnnSim x2 avg 1:54 / ReportGen x0 0:00 / Other 0:25
2021-02-11 23:49:00 -       ResultsSummary population:  bAbort = (false) / RuleProcAbort = (false) / iRetVal = 0 / pszResultsSummary = (empty) / iResultsSummaryLen = 3200
2021-02-11 23:49:00 -       ResultsSummary components1:  2021-02-11 23:49:00 / instance / Mid-Rise Mixed-Use (5-story) / CTZ03S22A / Title24ProposedOnly / 4:32 /  / 
2021-02-11 23:49:00 -       ResultsSummary components2:  CBECC-Com 2022.0.1 RV (1113) / BEMCmpMgr 2022.0.1 RV (6107) / CA 2022 Nonresidential, Vers. 1.0 Alpha /  /  / - / C:\Users\agoyal\OneDrive - TRC\Documents\CBECC-Com 2022 Data\EPW\ / C:\Users\agoyal\OneDrive - TRC\Documents\GitHub\CALGreen-analysis\framework\analysis\hr\runs\mr-tier2env-lpdf\cz03\
2021-02-11 23:49:00 -       ResultsSummary:  2021-02-11 23:49:00,"instance","Mid-Rise Mixed-Use (5-story)","CTZ03S22A","Pol  0% RetAdd NoLeak",113100,141000,"Title24ProposedOnly",4:32,,,"--","--","Successful (272 warnings)",21110.9,32905.3,46108.2,0,302.921,13699.5,66536.3,180663,251127,14174.3,42915.9,34551.8,0,0,523433,2242.65,0,0,0,0,9609.93,0,11852.6,1161.81,1954.3,0,0,14968.7,0,0,0,0,0,0,0,0,0,0,0,0,0,10.3698,14.132,12.4181,0,0.0728849,23.6518,15.6933,76.3378,64.951,7.76426,11.4385,8.48694,0,0,168.978,136.904,32.0748,0,0,,0,4,"Thermal Zone: F5 Corridor",0,"--","--","",0,0,0,0,0,0,0,0,0,0,0,0,0,0,0,0,0,0,0,0,0,0,0,0,0,0,0,0,0,0,0,0,0,0,0,0,0,0,0,0,0,0,0,0,0,0,0,0,0,0,0,0,0,0,0,0,0,0,0,,,,,,,0.0140662,13.6613,7.6056,0,0.053209,2.27554,11.7256,35.3354,40.8468,2.2043,8.19304,3.94427,0,0,90.5238,0,0,0,0,0,0,0,0,0,0,0,0,0,0,0,"CBECC-Com 2022.0.1 RV (1113)","BEMCmpMgr 2022.0.1 RV (6107)","CA 2022 Nonresidential, Vers. 1.0 Alpha","","","-","C:\Users\agoyal\OneDrive - TRC\Documents\CBECC-Com 2022 Data\EPW\","C:\Users\agoyal\OneDrive - TRC\Documents\GitHub\CALGreen-analysis\framework\analysis\hr\runs\mr-tier2env-lpdf\cz03\",4.31153,3.72119,7.075,0,0.0386971,1.7364,7.36456,24.25,37.5228,2.43386,7.52892,5.65158,0,0,77.38,1.07532,0,0,0,0,4.60783,0,5.69,0.557074,0.937061,0,0,7.19,0,0,0,0,0,0,0,0,0,0,0,0,0,0,0,0,0,0,0,0,0,0,0,0,0,0,0,0,2.56484,0.619791,1.17839,0,0.00644528,8.20256,1.22662,13.7987,7.20639,2.01466,1.254,0.941311,0,0,25.215,0,0,0,0,0,0,0,0,0,0,0,0,0,0,0,

2021-02-11 23:49:05 - -----------------------------------------------------------------------------
2021-02-11 23:49:05 - Opening Project 'cz03\instance.cibd22'...
2021-02-11 23:49:06 -    Model load successful into CBECC-Com 2022.0.1 RV (1113)
2021-02-11 23:49:06 - Performing Building Database check...
2021-02-11 23:49:06 - Building Database check completed, no problems found.
2021-02-11 23:49:11 - Project Saved
2021-02-12 10:57:16 - -----------------------------------------------------------------------------
2021-02-12 10:57:16 - Opening Project 'cz03\instance.cibd22'...
2021-02-12 10:57:17 -    Model load successful into CBECC-Com 2022.0.1 RV (1113)
2021-02-12 10:57:18 - Performing Building Database check...
2021-02-12 10:57:18 - Building Database check completed, no problems found.
2021-02-12 10:57:22 -   PerfAnal_NRes - starting, w/ arguments:
2021-02-12 10:57:22 -        BEMBasePathFile    = (null)
2021-02-12 10:57:22 -        RulesetPathFile    = (null)
2021-02-12 10:57:22 -        SimWeatherPath     = C:\Users\agoyal\OneDrive - TRC\Documents\CBECC-Com 2022 Data\EPW\
2021-02-12 10:57:22 -        CompMgrDLLPath     = (null)
2021-02-12 10:57:22 -        DHWWeatherPath     = (null)
2021-02-12 10:57:22 -        ProcessingPath     = C:\Users\agoyal\OneDrive - TRC\Documents\GitHub\CALGreen-analysis\framework\analysis\hr\runs\mr-tier2env-lpdf\cz03\instance - run\
2021-02-12 10:57:22 -        ModelPathFile      = C:\Users\agoyal\OneDrive - TRC\Documents\GitHub\CALGreen-analysis\framework\analysis\hr\runs\mr-tier2env-lpdf\cz03\instance.cibd22
2021-02-12 10:57:22 -        LogPathFile        = (null)
2021-02-12 10:57:22 -        UIVersionString    = CBECC-Com 2022.0.1 RV (1113)
2021-02-12 10:57:22 -        LoadModelFile      = false
2021-02-12 10:57:22 -        OptionsCSV         = AllowAnalysisAbort,0,StoreBEMDetails,1,AnalysisThruStep,8,ModelRpt_ALL,1,ExportHourlyResults_All,1,PromptUserUMLHWarning,1,PreAnalysisCheckPromptOption,3,CompReportWarningOption,5,
2021-02-12 10:57:22 -        ErrorMsg           = (assumed to be initialized)
2021-02-12 10:57:22 -        ErrorMsgLen        = 2056
2021-02-12 10:57:22 -        DisplayProgress    = true
2021-02-12 10:57:22 -        ResultsSummary     = (empty)
2021-02-12 10:57:22 -        ResultsSummaryLen  = 3200
2021-02-12 10:57:22 -        pProgCallbackFunc  = (null)
2021-02-12 10:57:23 - Performing Building Database check...
2021-02-12 10:57:23 - Building Database check completed, no problems found.
2021-02-12 10:57:23 - Warning:  The following developer options must be defaulted (not specified by the user) in order to perform a valid compliance analysis:
          Proj 'Mid-Rise Mixed-Use (5-story)' AutoHardSize
          Proj 'Mid-Rise Mixed-Use (5-story)' AutoEffInput
2021-02-12 10:57:23 -    1 file hash check(s) failed on executable and/or analysis support files (analysis continuing w/ report signature disabled)
2021-02-12 10:57:25 -   PerfAnal_NRes - AnalysisThruStep being set to #7 due to Proj:AnalysisType = Title24ProposedOnly
2021-02-12 10:57:25 - Performing Building Database check...
2021-02-12 10:57:25 - Building Database check completed, no problems found.
2021-02-12 10:57:30 -   PerfAnal_NRes - Bypassing OpenStudio (and simulation) for zp model
2021-02-12 10:57:32 -   PerfAnal_NRes - Bypassing OpenStudio (and simulation) for zb model
2021-02-12 11:01:40 - Error:  Undefined data: numerator evaluating rule: Set ANNUAL_BASELINE Fan:FlowCap  (75:'HVACSecondary-Fan-General.rule' line 494)
2021-02-12 11:01:40 - Error:  Undefined data: numerator evaluating rule: Set ANNUAL_BASELINE Fan:FlowCap  (75:'HVACSecondary-Fan-General.rule' line 494)
2021-02-12 11:01:40 - Error:  Undefined data: numerator evaluating rule: Set ANNUAL_BASELINE Fan:FlowCap  (75:'HVACSecondary-Fan-General.rule' line 494)
2021-02-12 11:01:40 - Error:  Undefined data: numerator evaluating rule: Set ANNUAL_BASELINE Fan:FlowCap  (75:'HVACSecondary-Fan-General.rule' line 529)
2021-02-12 11:01:40 - Error:  Undefined data: numerator evaluating rule: Set ANNUAL_BASELINE Fan:FlowCap  (75:'HVACSecondary-Fan-General.rule' line 529)
2021-02-12 11:01:40 - Error:  Undefined data: numerator evaluating rule: Set ANNUAL_BASELINE Fan:FlowCap  (75:'HVACSecondary-Fan-General.rule' line 529)
2021-02-12 11:01:40 - Error:  Undefined data: numerator evaluating rule: Set ANNUAL_BASELINE Fan:FlowCap  (75:'HVACSecondary-Fan-General.rule' line 529)
2021-02-12 11:01:40 - Error:  Undefined data: numerator evaluating rule: Set ANNUAL_BASELINE Fan:FlowCap  (75:'HVACSecondary-Fan-General.rule' line 529)
2021-02-12 11:01:40 - Error:  Undefined data: numerator evaluating rule: Set ANNUAL_BASELINE Fan:FlowCap  (75:'HVACSecondary-Fan-General.rule' line 529)
2021-02-12 11:01:40 - Error:  Undefined data: numerator evaluating rule: Set ANNUAL_BASELINE Fan:FlowCap  (75:'HVACSecondary-Fan-General.rule' line 529)
2021-02-12 11:01:40 - Error:  Undefined data: numerator evaluating rule: Set ANNUAL_BASELINE Fan:FlowCap  (75:'HVACSecondary-Fan-General.rule' line 529)
2021-02-12 11:01:40 - Error:  Undefined data: numerator evaluating rule: Set ANNUAL_BASELINE Fan:FlowCap  (75:'HVACSecondary-Fan-General.rule' line 529)
2021-02-12 11:01:40 - Error:  Undefined data: numerator evaluating rule: Set ANNUAL_BASELINE Fan:FlowCap  (75:'HVACSecondary-Fan-General.rule' line 529)
2021-02-12 11:01:40 - Error:  Undefined data: numerator evaluating rule: Set ANNUAL_BASELINE Fan:FlowCap  (75:'HVACSecondary-Fan-General.rule' line 529)
2021-02-12 11:01:40 - Error:  Undefined data: numerator evaluating rule: Set ANNUAL_BASELINE Fan:FlowCap  (75:'HVACSecondary-Fan-General.rule' line 529)
2021-02-12 11:01:40 - Error:  Undefined data: numerator evaluating rule: Set ANNUAL_BASELINE Fan:FlowCap  (75:'HVACSecondary-Fan-General.rule' line 529)
2021-02-12 11:01:40 - Error:  Undefined data: numerator evaluating rule: Set ANNUAL_BASELINE Fan:FlowCap  (75:'HVACSecondary-Fan-General.rule' line 529)
2021-02-12 11:01:40 - Error:  Undefined data: numerator evaluating rule: Set ANNUAL_BASELINE Fan:FlowCap  (75:'HVACSecondary-Fan-General.rule' line 529)
2021-02-12 11:01:40 - Error:  Undefined data: numerator evaluating rule: Set ANNUAL_BASELINE Fan:FlowCap  (75:'HVACSecondary-Fan-General.rule' line 529)
2021-02-12 11:01:40 - Error:  Undefined data: numerator evaluating rule: Set ANNUAL_BASELINE Fan:FlowCap  (75:'HVACSecondary-Fan-General.rule' line 529)
2021-02-12 11:01:40 - Error:  Undefined data: numerator evaluating rule: Set ANNUAL_BASELINE Fan:FlowCap  (75:'HVACSecondary-Fan-General.rule' line 529)
2021-02-12 11:01:40 - Error:  Undefined data: numerator evaluating rule: Set ANNUAL_BASELINE Fan:FlowCap  (75:'HVACSecondary-Fan-General.rule' line 529)
2021-02-12 11:01:40 - Error:  Undefined data: numerator evaluating rule: Set ANNUAL_BASELINE Fan:FlowCap  (75:'HVACSecondary-Fan-General.rule' line 529)
2021-02-12 11:01:40 - Error:  Undefined data: numerator evaluating rule: Set ANNUAL_BASELINE Fan:FlowCap  (75:'HVACSecondary-Fan-General.rule' line 529)
2021-02-12 11:01:40 - Error:  Undefined data: numerator evaluating rule: Set ANNUAL_BASELINE Fan:FlowCap  (75:'HVACSecondary-Fan-General.rule' line 529)
2021-02-12 11:01:40 - Error:  Division by zero evaluating rule: Set ANNUAL_BASELINE ThrmlZn:PriAirCondgSysDsgnFlow  (76:'HVACSecondary-Fan-FanRatios.rule' line 67)
2021-02-12 11:01:40 - Error:  Division by zero evaluating rule: Set ANNUAL_BASELINE ThrmlZn:PriAirCondgSysDsgnFlow  (76:'HVACSecondary-Fan-FanRatios.rule' line 67)
2021-02-12 11:01:40 - Error:  Division by zero evaluating rule: Set ANNUAL_BASELINE ThrmlZn:PriAirCondgSysDsgnFlow  (76:'HVACSecondary-Fan-FanRatios.rule' line 67)
2021-02-12 11:01:40 - Error:  Division by zero evaluating rule: Set ANNUAL_BASELINE ThrmlZn:PriAirCondgSysDsgnFlow  (76:'HVACSecondary-Fan-FanRatios.rule' line 67)
2021-02-12 11:01:40 - Error:  Division by zero evaluating rule: Set ANNUAL_BASELINE ThrmlZn:PriAirCondgSysDsgnFlow  (76:'HVACSecondary-Fan-FanRatios.rule' line 67)
2021-02-12 11:01:40 - Error:  Division by zero evaluating rule: Set ANNUAL_BASELINE ThrmlZn:PriAirCondgSysDsgnFlow  (76:'HVACSecondary-Fan-FanRatios.rule' line 67)
2021-02-12 11:01:40 - Error:  Division by zero evaluating rule: Set ANNUAL_BASELINE ThrmlZn:PriAirCondgSysDsgnFlow  (76:'HVACSecondary-Fan-FanRatios.rule' line 67)
2021-02-12 11:01:40 - Error:  Division by zero evaluating rule: Set ANNUAL_BASELINE ThrmlZn:PriAirCondgSysDsgnFlow  (76:'HVACSecondary-Fan-FanRatios.rule' line 67)
2021-02-12 11:01:40 - Error:  Division by zero evaluating rule: Set ANNUAL_BASELINE ThrmlZn:PriAirCondgSysDsgnFlow  (76:'HVACSecondary-Fan-FanRatios.rule' line 67)
2021-02-12 11:01:40 - Error:  Division by zero evaluating rule: Set ANNUAL_BASELINE ThrmlZn:PriAirCondgSysDsgnFlow  (76:'HVACSecondary-Fan-FanRatios.rule' line 67)
2021-02-12 11:01:40 - Error:  Division by zero evaluating rule: Set ANNUAL_BASELINE ThrmlZn:PriAirCondgSysDsgnFlow  (76:'HVACSecondary-Fan-FanRatios.rule' line 67)
2021-02-12 11:01:40 - Error:  Division by zero evaluating rule: Set ANNUAL_BASELINE ThrmlZn:PriAirCondgSysDsgnFlow  (76:'HVACSecondary-Fan-FanRatios.rule' line 67)
2021-02-12 11:01:40 - Error:  Division by zero evaluating rule: Set ANNUAL_BASELINE ThrmlZn:PriAirCondgSysDsgnFlow  (76:'HVACSecondary-Fan-FanRatios.rule' line 67)
2021-02-12 11:01:40 - Error:  Division by zero evaluating rule: Set ANNUAL_BASELINE ThrmlZn:PriAirCondgSysDsgnFlow  (76:'HVACSecondary-Fan-FanRatios.rule' line 67)
2021-02-12 11:01:40 - Error:  Division by zero evaluating rule: Set ANNUAL_BASELINE ThrmlZn:VentSysDsgnFlow  (76:'HVACSecondary-Fan-FanRatios.rule' line 111)
2021-02-12 11:01:40 - Error:  Division by zero evaluating rule: Set ANNUAL_BASELINE ThrmlZn:VentSysDsgnFlow  (76:'HVACSecondary-Fan-FanRatios.rule' line 111)
2021-02-12 11:01:40 - Error:  Division by zero evaluating rule: Set ANNUAL_BASELINE ThrmlZn:VentSysDsgnFlow  (76:'HVACSecondary-Fan-FanRatios.rule' line 111)
2021-02-12 11:01:40 - Error:  Division by zero evaluating rule: Set ANNUAL_BASELINE ThrmlZn:VentSysDsgnFlow  (76:'HVACSecondary-Fan-FanRatios.rule' line 111)
2021-02-12 11:01:40 - Error:  Division by zero evaluating rule: Set ANNUAL_BASELINE ThrmlZn:VentSysDsgnFlow  (76:'HVACSecondary-Fan-FanRatios.rule' line 111)
2021-02-12 11:01:40 - Error:  Division by zero evaluating rule: Set ANNUAL_BASELINE ThrmlZn:VentSysDsgnFlow  (76:'HVACSecondary-Fan-FanRatios.rule' line 111)
2021-02-12 11:01:40 - Error:  Division by zero evaluating rule: Set ANNUAL_BASELINE ThrmlZn:VentSysDsgnFlow  (76:'HVACSecondary-Fan-FanRatios.rule' line 111)
2021-02-12 11:01:40 - Error:  Division by zero evaluating rule: Set ANNUAL_BASELINE ThrmlZn:VentSysDsgnFlow  (76:'HVACSecondary-Fan-FanRatios.rule' line 111)
2021-02-12 11:01:40 - Error:  Division by zero evaluating rule: Set ANNUAL_BASELINE ThrmlZn:VentSysDsgnFlow  (76:'HVACSecondary-Fan-FanRatios.rule' line 111)
2021-02-12 11:01:40 - Error:  Division by zero evaluating rule: Set ANNUAL_BASELINE ThrmlZn:VentSysDsgnFlow  (76:'HVACSecondary-Fan-FanRatios.rule' line 111)
2021-02-12 11:01:40 - Error:  Division by zero evaluating rule: Set ANNUAL_BASELINE ThrmlZn:VentSysDsgnFlow  (76:'HVACSecondary-Fan-FanRatios.rule' line 111)
2021-02-12 11:01:40 - Error:  Division by zero evaluating rule: Set ANNUAL_BASELINE ThrmlZn:VentSysDsgnFlow  (76:'HVACSecondary-Fan-FanRatios.rule' line 111)
2021-02-12 11:01:40 - Error:  Division by zero evaluating rule: Set ANNUAL_BASELINE ThrmlZn:VentSysDsgnFlow  (76:'HVACSecondary-Fan-FanRatios.rule' line 111)
2021-02-12 11:01:40 - Error:  Division by zero evaluating rule: Set ANNUAL_BASELINE ThrmlZn:VentSysDsgnFlow  (76:'HVACSecondary-Fan-FanRatios.rule' line 111)
2021-02-12 11:01:42 -   PerfAnal_NRes - Bypassing OpenStudio (and simulation) for ab model
2021-02-12 11:01:42 -   PerfAnal_NRes - Completed analysis steps thru #7
2021-02-12 11:01:42 - Analysis incomplete  Processing time:  Overall 4:20 / SDD2IDF x2 avg 0:07 / SizSim x0 0:00 / AnnSim x2 avg 1:47 / ReportGen x0 0:00 / Other 0:27
2021-02-12 11:01:42 -       ResultsSummary population:  bAbort = (false) / RuleProcAbort = (false) / iRetVal = 0 / pszResultsSummary = (empty) / iResultsSummaryLen = 3200
2021-02-12 11:01:42 -       ResultsSummary components1:  2021-02-12 11:01:42 / instance / Mid-Rise Mixed-Use (5-story) / CTZ03S22A / Title24ProposedOnly / 4:20 /  / 
2021-02-12 11:01:42 -       ResultsSummary components2:  CBECC-Com 2022.0.1 RV (1113) / BEMCmpMgr 2022.0.1 RV (6107) / CA 2022 Nonresidential, Vers. 1.0 Alpha /  /  / - / C:\Users\agoyal\OneDrive - TRC\Documents\CBECC-Com 2022 Data\EPW\ / C:\Users\agoyal\OneDrive - TRC\Documents\GitHub\CALGreen-analysis\framework\analysis\hr\runs\mr-tier2env-lpdf\cz03\
2021-02-12 11:01:42 -       ResultsSummary:  2021-02-12 11:01:42,"instance","Mid-Rise Mixed-Use (5-story)","CTZ03S22A","Pol  0% RetAdd NoLeak",113100,141000,"Title24ProposedOnly",4:20,,,"--","--","Successful (272 warnings)",17580.9,34845,46092.6,0,302.815,13699.5,67759.1,180280,251127,14174.3,42915.9,34551.8,0,0,523049,2237.15,0,0,0,0,9609.93,0,11847.1,1161.81,1954.3,0,0,14963.2,0,0,0,0,0,0,0,0,0,0,0,0,0,9.48799,14.5811,12.4071,0,0.0728641,23.6518,15.9741,76.1749,64.951,7.76426,11.4385,8.48694,0,0,168.816,136.753,32.0627,0,0,,0,3.25,"Thermal Zone: F5 Corridor",0,"--","--","",0,0,0,0,0,0,0,0,0,0,0,0,0,0,0,0,0,0,0,0,0,0,0,0,0,0,0,0,0,0,0,0,0,0,0,0,0,0,0,0,0,0,0,0,0,0,0,0,0,0,0,0,0,0,0,0,0,0,0,,,,,,,0.00427135,14.5716,7.84219,0,0.0531721,2.27546,11.9117,36.6584,40.8468,2.2043,8.19304,3.94427,0,0,91.8468,0,0,0,0,0,0,0,0,0,0,0,0,0,0,0,"CBECC-Com 2022.0.1 RV (1113)","BEMCmpMgr 2022.0.1 RV (6107)","CA 2022 Nonresidential, Vers. 1.0 Alpha","","","-","C:\Users\agoyal\OneDrive - TRC\Documents\CBECC-Com 2022 Data\EPW\","C:\Users\agoyal\OneDrive - TRC\Documents\GitHub\CALGreen-analysis\framework\analysis\hr\runs\mr-tier2env-lpdf\cz03\",3.59012,4.02649,7.04758,0,0.0386919,1.7364,7.49452,23.94,37.5228,2.43386,7.52892,5.65158,0,0,77.07,1.07269,0,0,0,0,4.60783,0,5.68,0.557074,0.937061,0,0,7.18,0,0,0,0,0,0,0,0,0,0,0,0,0,0,0,0,0,0,0,0,0,0,0,0,0,0,0,0,2.44016,0.670641,1.17383,0,0.00644442,8.20256,1.24827,13.7419,7.20639,2.01466,1.254,0.941311,0,0,25.1582,0,0,0,0,0,0,0,0,0,0,0,0,0,0,0,

2021-02-12 11:01:49 - -----------------------------------------------------------------------------
2021-02-12 11:01:49 - Opening Project 'cz03\instance.cibd22'...
2021-02-12 11:01:51 -    Model load successful into CBECC-Com 2022.0.1 RV (1113)
2021-02-12 11:01:51 - Performing Building Database check...
2021-02-12 11:01:51 - Building Database check completed, no problems found.
2021-02-12 11:01:59 - Project Saved
