2019-12-17 17:37:22 - -----------------------------------------------------------------------------
2019-12-17 17:37:22 - Opening Project 'cz09\instance.cibd19'...
2019-12-17 17:37:23 -    Model load successful into CBECC-Com 2019.1.0 (1079)
2019-12-17 17:37:23 - Performing Building Database check...
2019-12-17 17:37:23 - Building Database check completed, no problems found.
2019-12-17 17:37:27 -   PerfAnal_NRes - starting, w/ arguments:
2019-12-17 17:37:27 -        BEMBasePathFile    = (null)
2019-12-17 17:37:27 -        RulesetPathFile    = (null)
2019-12-17 17:37:27 -        SimWeatherPath     = C:\Users\agoyal\Documents\CBECC-Com 2019 Data\EPW\
2019-12-17 17:37:27 -        CompMgrDLLPath     = (null)
2019-12-17 17:37:27 -        DHWWeatherPath     = (null)
2019-12-17 17:37:27 -        ProcessingPath     = C:\Users\agoyal\Documents\GitHub\T24-2022-CASE-Modeling\framework\analysis\hvac\runs\mumr-baseline\cz09\instance - run\
2019-12-17 17:37:27 -        ModelPathFile      = C:\Users\agoyal\Documents\GitHub\T24-2022-CASE-Modeling\framework\analysis\hvac\runs\mumr-baseline\cz09\instance.cibd19
2019-12-17 17:37:27 -        LogPathFile        = (null)
2019-12-17 17:37:27 -        UIVersionString    = CBECC-Com 2019.1.0 (1079)
2019-12-17 17:37:27 -        LoadModelFile      = false
2019-12-17 17:37:27 -        OptionsCSV         = AllowAnalysisAbort,0,StoreBEMDetails,1,AnalysisThruStep,8,ModelRpt_ALL,1,SimulationStorage,7,ExportHourlyResults_All,1,PromptUserUMLHWarning,1,PreAnalysisCheckPromptOption,3,CompReportWarningOption,5,
2019-12-17 17:37:27 -        ErrorMsg           = (assumed to be initialized)
2019-12-17 17:37:27 -        ErrorMsgLen        = 2056
2019-12-17 17:37:27 -        DisplayProgress    = true
2019-12-17 17:37:27 -        ResultsSummary     = (empty)
2019-12-17 17:37:27 -        ResultsSummaryLen  = 3200
2019-12-17 17:37:27 -        pProgCallbackFunc  = (null)
2019-12-17 17:37:27 - Performing Building Database check...
2019-12-17 17:37:27 - Building Database check completed, no problems found.
2019-12-17 17:37:27 - Warning:  The following developer options must be defaulted (not specified by the user) in order to perform a valid compliance analysis:
          Proj 'Mid-Rise Mixed-Use (5-story)' AutoHardSize
          Proj 'Mid-Rise Mixed-Use (5-story)' AutoEffInput
2019-12-17 17:37:28 -    9 file hash check(s) failed on executable and/or analysis support files (analysis continuing w/ report signature disabled)
2019-12-17 17:37:29 - Performing Building Database check...
2019-12-17 17:37:29 - Building Database check completed, no problems found.
2019-12-17 17:37:29 - Warning:  The AirSystem:Count for multi-zone system 'DOAS1' is not consistent with the maximum or minimum ThermalZone:Multiplier of the zones the system serves. This indicates the HVAC system serves more than 1 floor, or that Multipliers or system Count may be improperly defined. Check inputs for consistency. evaluating rule: Set CHECKCODE AirSys:Cnt  (68:'HVACSecondary-General.rule' line 1360)
2019-12-17 17:37:33 -   PerfAnal_NRes - Bypassing OpenStudio (and simulation) for zp model
2019-12-17 17:41:12 -   PerfSim_E+ - Final Result: PASS  -- compliance margin: 2.23 (2.15%)
2019-12-17 17:41:14 - Analysis result:  PASS  (TDV margin: 2.23)  Processing time:  Overall 3:47 / SDD2IDF x4 avg 0:07 / SizSim x2 avg 0:13 / AnnSim x2 avg 1:12 / ReportGen x0 0:00 / Other 0:24
2019-12-17 17:41:14 -       ResultsSummary population:  bAbort = (false) / RuleProcAbort = (false) / iRetVal = 0 / pszResultsSummary = (empty) / iResultsSummaryLen = 3200
2019-12-17 17:41:14 -       ResultsSummary components1:  2019-12-17 17:41:14 / instance / Mid-Rise Mixed-Use (5-story) / BURBANK-GLENDALE_722880 / Title24Compliance / 3:47 / PASS / 2.23
2019-12-17 17:41:14 -       ResultsSummary components2:  CBECC-Com 2019.1.0 (1079) / BEMCmpMgr 2019.1.0 (5962) / CA 2019 Nonresidential, Vers. 1.0 Alpha / 1.11.3.f52686d8e1 / 9.0.1-bb7ca4f0da / CSE19 0.860.0 EXE / C:\Users\agoyal\Documents\CBECC-Com 2019 Data\EPW\ / C:\Users\agoyal\Documents\GitHub\T24-2022-CASE-Modeling\framework\analysis\hvac\runs\mumr-baseline\cz09\
2019-12-17 17:41:14 -       ResultsSummary:  2019-12-17 17:41:14,"instance","Mid-Rise Mixed-Use (5-story)","BURBANK-GLENDALE_722880",113100,141000,"Title24Compliance",3:47,PASS,2.23,"--","--","Successful (223 warnings)",5296.69,109345,49342.7,0,227.592,17111.6,81494.9,262818,217441,0,149101,34551.8,0,0,663912,1815.75,0,0,0,0,9045.91,0,10861.7,586.724,0,0,0,11448.4,0,0,0,0,0,0,0,0,0,0,0,0,0,4.3981,42.3316,14.1785,0,0.0498157,18.8557,21.6755,101.489,56.7969,0,37.3967,8.37012,0,0,204.053,185.321,18.7317,0,1954.75,"Thermal Zone: F5 Corridor",0,100.75,"Thermal Zone: F5 Corridor",0,"--","--","Successful (225 warnings)",10.675,114217,49068.7,0,58.5143,17126.7,81494.9,261976,217441,0,149101,8626.31,0,0,637145,2152.49,0,0,0,0,9045.91,0,11198.4,586.724,0,0,0,11785.1,0,0,0,0,0,0,0,0,0,0,0,0,0,3.84808,44.9559,14.3722,0,0.0125596,18.8583,21.6755,103.723,56.7969,0,37.3967,2.08971,0,0,200.006,180.698,19.3081,0,0,,0,0,,0,8.85025e-06,58.1512,11.848,0,0.0118348,2.56383,14.4414,87.0163,38.321,0,25.7371,3.94427,0,0,155.019,2.09824e-06,63.9488,11.9462,0,0.000190315,2.56617,14.4414,92.9028,38.321,0,25.7371,0.984739,0,0,157.946,"CBECC-Com 2019.1.0 (1079)","BEMCmpMgr 2019.1.0 (5962)","CA 2019 Nonresidential, Vers. 1.0 Alpha","1.11.3.f52686d8e1","9.0.1-bb7ca4f0da","CSE19 0.860.0 EXE","C:\Users\agoyal\Documents\CBECC-Com 2019 Data\EPW\","C:\Users\agoyal\Documents\GitHub\T24-2022-CASE-Modeling\framework\analysis\hvac\runs\mumr-baseline\cz09\",

2019-12-17 17:41:17 - -----------------------------------------------------------------------------
2019-12-17 17:41:17 - Opening Project 'cz09\instance.cibd19'...
2019-12-17 17:41:18 -    Model load successful into CBECC-Com 2019.1.0 (1079)
2019-12-17 17:41:18 - Performing Building Database check...
2019-12-17 17:41:18 - Building Database check completed, no problems found.
2019-12-17 17:41:22 - Project Saved
2019-12-18 16:11:28 - -----------------------------------------------------------------------------
2019-12-18 16:11:28 - Opening Project 'cz09\instance.cibd19'...
2019-12-18 16:11:29 -    Model load successful into CBECC-Com 2019.1.0 (1079)
2019-12-18 16:11:29 - Performing Building Database check...
2019-12-18 16:11:29 - Building Database check completed, no problems found.
2019-12-18 16:11:35 -   PerfAnal_NRes - starting, w/ arguments:
2019-12-18 16:11:35 -        BEMBasePathFile    = (null)
2019-12-18 16:11:35 -        RulesetPathFile    = (null)
2019-12-18 16:11:35 -        SimWeatherPath     = C:\Users\mnakajima\Documents\CBECC-Com 2019 Data\EPW\
2019-12-18 16:11:35 -        CompMgrDLLPath     = (null)
2019-12-18 16:11:35 -        DHWWeatherPath     = (null)
2019-12-18 16:11:35 -        ProcessingPath     = C:\Users\mnakajima\Documents\GitHub\T24-2022-CASE-Modeling\framework\analysis\hvac_autosizing\runs\mumr-baseline\cz09\instance - run\
2019-12-18 16:11:35 -        ModelPathFile      = C:\Users\mnakajima\Documents\GitHub\T24-2022-CASE-Modeling\framework\analysis\hvac_autosizing\runs\mumr-baseline\cz09\instance.cibd19
2019-12-18 16:11:35 -        LogPathFile        = (null)
2019-12-18 16:11:35 -        UIVersionString    = CBECC-Com 2019.1.0 (1079)
2019-12-18 16:11:35 -        LoadModelFile      = false
2019-12-18 16:11:35 -        OptionsCSV         = AllowAnalysisAbort,0,StoreBEMDetails,1,AnalysisThruStep,8,ModelRpt_ALL,1,SimulationStorage,7,ExportHourlyResults_All,1,PromptUserUMLHWarning,1,PreAnalysisCheckPromptOption,3,CompReportWarningOption,5,
2019-12-18 16:11:35 -        ErrorMsg           = (assumed to be initialized)
2019-12-18 16:11:35 -        ErrorMsgLen        = 2056
2019-12-18 16:11:35 -        DisplayProgress    = true
2019-12-18 16:11:35 -        ResultsSummary     = (empty)
2019-12-18 16:11:35 -        ResultsSummaryLen  = 3200
2019-12-18 16:11:35 -        pProgCallbackFunc  = (null)
2019-12-18 16:11:37 - Performing Building Database check...
2019-12-18 16:11:37 - Building Database check completed, no problems found.
2019-12-18 16:11:37 - Warning:  The following developer options must be defaulted (not specified by the user) in order to perform a valid compliance analysis:
          Proj 'Mid-Rise Mixed-Use (5-story)' AutoHardSize
          Proj 'Mid-Rise Mixed-Use (5-story)' AutoEffInput
2019-12-18 16:11:40 - Performing Building Database check...
2019-12-18 16:11:40 - Building Database check completed, no problems found.
2019-12-18 16:11:40 - Warning:  The AirSystem:Count for multi-zone system 'DOAS1' is not consistent with the maximum or minimum ThermalZone:Multiplier of the zones the system serves. This indicates the HVAC system serves more than 1 floor, or that Multipliers or system Count may be improperly defined. Check inputs for consistency. evaluating rule: Set CHECKCODE AirSys:Cnt  (68:'HVACSecondary-General.rule' line 1360)
2019-12-18 16:11:46 -   PerfAnal_NRes - Bypassing OpenStudio (and simulation) for zp model
2019-12-18 16:16:38 -   PerfSim_E+ - Final Result: PASS  -- compliance margin: 1.47 (1.42%)
2019-12-18 16:16:40 - Analysis result:  PASS  (TDV margin: 1.47)  Processing time:  Overall 5:04 / SDD2IDF x4 avg 0:11 / SizSim x2 avg 0:19 / AnnSim x2 avg 1:30 / ReportGen x0 0:00 / Other 0:36
2019-12-18 16:16:40 -       ResultsSummary population:  bAbort = (false) / RuleProcAbort = (false) / iRetVal = 0 / pszResultsSummary = (empty) / iResultsSummaryLen = 3200
2019-12-18 16:16:40 -       ResultsSummary components1:  2019-12-18 16:16:40 / instance / Mid-Rise Mixed-Use (5-story) / BURBANK-GLENDALE_722880 / Title24Compliance / 5:04 / PASS / 1.47
2019-12-18 16:16:40 -       ResultsSummary components2:  CBECC-Com 2019.1.0 (1079) / BEMCmpMgr 2019.1.0 (5962) / CA 2019 Nonresidential, Vers. 1.0 Alpha / 1.11.3.f52686d8e1 / 9.0.1-bb7ca4f0da / CSE19 0.860.0 EXE / C:\Users\mnakajima\Documents\CBECC-Com 2019 Data\EPW\ / C:\Users\mnakajima\Documents\GitHub\T24-2022-CASE-Modeling\framework\analysis\hvac_autosizing\runs\mumr-baseline\cz09\
2019-12-18 16:16:40 -       ResultsSummary:  2019-12-18 16:16:40,"instance","Mid-Rise Mixed-Use (5-story)","BURBANK-GLENDALE_722880",113100,141000,"Title24Compliance",5:04,PASS,1.47,"--","--","Successful (221 warnings)",7.24099,109511,49298.7,0,227.59,17111.6,81494.9,257651,217441,0,149101,34551.8,0,0,658745,2801.38,0,0,0,0,9045.91,0,11847.3,586.724,0,0,0,12434,0,0,0,0,0,0,0,0,0,0,0,0,0,4.98613,42.5244,14.1566,0,0.0498147,18.8557,21.6755,102.248,56.7969,0,37.3967,8.37012,0,0,204.812,184.365,20.4469,0,1910.5,"Thermal Zone: F5 Corridor",0,126.5,"Thermal Zone: F5 Corridor",0,"--","--","Successful (225 warnings)",10.675,114217,49068.7,0,58.5143,17126.7,81494.9,261976,217441,0,149101,8626.31,0,0,637145,2152.49,0,0,0,0,9045.91,0,11198.4,586.724,0,0,0,11785.1,0,0,0,0,0,0,0,0,0,0,0,0,0,3.84808,44.9559,14.3722,0,0.0125596,18.8583,21.6755,103.723,56.7969,0,37.3967,2.08971,0,0,200.006,180.698,19.3081,0,0,,0,0,,0,8.84309e-06,58.6405,11.806,0,0.0118348,2.56384,14.4414,87.4636,38.321,0,25.7371,3.94427,0,0,155.466,2.09824e-06,63.9488,11.9462,0,0.000190315,2.56617,14.4414,92.9028,38.321,0,25.7371,0.984739,0,0,157.946,"CBECC-Com 2019.1.0 (1079)","BEMCmpMgr 2019.1.0 (5962)","CA 2019 Nonresidential, Vers. 1.0 Alpha","1.11.3.f52686d8e1","9.0.1-bb7ca4f0da","CSE19 0.860.0 EXE","C:\Users\mnakajima\Documents\CBECC-Com 2019 Data\EPW\","C:\Users\mnakajima\Documents\GitHub\T24-2022-CASE-Modeling\framework\analysis\hvac_autosizing\runs\mumr-baseline\cz09\",

2019-12-18 16:16:45 - -----------------------------------------------------------------------------
2019-12-18 16:16:45 - Opening Project 'cz09\instance.cibd19'...
2019-12-18 16:16:47 -    Model load successful into CBECC-Com 2019.1.0 (1079)
2019-12-18 16:16:47 - Performing Building Database check...
2019-12-18 16:16:47 - Building Database check completed, no problems found.
2019-12-18 16:16:53 - Project Saved
2019-12-23 09:42:56 - -----------------------------------------------------------------------------
2019-12-23 09:42:56 - Opening Project 'cz09\instance.cibd19'...
2019-12-23 09:42:57 -    Model load successful into CBECC-Com 2019.1.0 (1079)
2019-12-23 09:42:57 - Performing Building Database check...
2019-12-23 09:42:57 - Building Database check completed, no problems found.
2020-01-14 19:13:19 - -----------------------------------------------------------------------------
2020-01-14 19:13:19 - Opening Project 'cz09\instance.cibd22'...
2020-01-14 19:13:19 -    Model load successful into CBECC-Com 2022.0.1 RV (1113)
2020-01-14 19:13:20 - Performing Building Database check...
2020-01-14 19:13:20 - Building Database check completed, no problems found.
2020-01-14 19:13:23 -   PerfAnal_NRes - starting, w/ arguments:
2020-01-14 19:13:23 -        BEMBasePathFile    = (null)
2020-01-14 19:13:23 -        RulesetPathFile    = (null)
2020-01-14 19:13:23 -        SimWeatherPath     = C:\Users\mnakajima\Documents\CBECC-Com 2022 Data\EPW\
2020-01-14 19:13:23 -        CompMgrDLLPath     = (null)
2020-01-14 19:13:23 -        DHWWeatherPath     = (null)
2020-01-14 19:13:23 -        ProcessingPath     = C:\Users\mnakajima\Documents\GitHub\T24-2022-CASE-Modeling\framework\analysis\hvac_autosizing\runs\mumr-baseline\cz09\instance - run\
2020-01-14 19:13:23 -        ModelPathFile      = C:\Users\mnakajima\Documents\GitHub\T24-2022-CASE-Modeling\framework\analysis\hvac_autosizing\runs\mumr-baseline\cz09\instance.cibd22
2020-01-14 19:13:23 -        LogPathFile        = (null)
2020-01-14 19:13:23 -        UIVersionString    = CBECC-Com 2022.0.1 RV (1113)
2020-01-14 19:13:23 -        LoadModelFile      = false
2020-01-14 19:13:23 -        OptionsCSV         = AllowAnalysisAbort,0,StoreBEMDetails,1,AnalysisThruStep,8,ModelRpt_ALL,1,ExportHourlyResults_All,1,PromptUserUMLHWarning,1,PreAnalysisCheckPromptOption,3,CompReportWarningOption,5,
2020-01-14 19:13:23 -        ErrorMsg           = (assumed to be initialized)
2020-01-14 19:13:23 -        ErrorMsgLen        = 2056
2020-01-14 19:13:23 -        DisplayProgress    = true
2020-01-14 19:13:23 -        ResultsSummary     = (empty)
2020-01-14 19:13:23 -        ResultsSummaryLen  = 3200
2020-01-14 19:13:23 -        pProgCallbackFunc  = (null)
2020-01-14 19:13:24 - Performing Building Database check...
2020-01-14 19:13:24 - Building Database check completed, no problems found.
2020-01-14 19:13:24 - Warning:  The following developer options must be defaulted (not specified by the user) in order to perform a valid compliance analysis:
          Proj 'Mid-Rise Mixed-Use (5-story)' AutoHardSize
          Proj 'Mid-Rise Mixed-Use (5-story)' AutoEffInput
2020-01-14 19:13:25 -    1 file hash check(s) failed on executable and/or analysis support files (analysis continuing w/ report signature disabled)
2020-01-14 19:13:27 - Performing Building Database check...
2020-01-14 19:13:27 - Building Database check completed, no problems found.
2020-01-14 19:13:27 - Warning:  The AirSystem:Count for multi-zone system 'DOAS1' is not consistent with the maximum or minimum ThermalZone:Multiplier of the zones the system serves. This indicates the HVAC system serves more than 1 floor, or that Multipliers or system Count may be improperly defined. Check inputs for consistency. evaluating rule: Set CHECKCODE AirSys:Cnt  (68:'HVACSecondary-General.rule' line 1398)
2020-01-14 19:13:31 -   PerfAnal_NRes - Bypassing OpenStudio (and simulation) for zp model
2020-01-14 19:18:08 -   PerfSim_E+ - Final Result: PASS  -- compliance margin: 0.39 (0.39%)
2020-01-14 19:18:11 - Analysis result:  PASS  (TDV margin: 0.39)  Processing time:  Overall 4:47 / SDD2IDF x4 avg 0:09 / SizSim x2 avg 0:15 / AnnSim x2 avg 1:31 / ReportGen x0 0:00 / Other 0:34
2020-01-14 19:18:11 -       ResultsSummary population:  bAbort = (false) / RuleProcAbort = (false) / iRetVal = 0 / pszResultsSummary = (empty) / iResultsSummaryLen = 3200
2020-01-14 19:18:11 -       ResultsSummary components1:  2020-01-14 19:18:11 / instance / Mid-Rise Mixed-Use (5-story) / CTZ09S22A / Title24Compliance / 4:47 / PASS / 0.39
2020-01-14 19:18:11 -       ResultsSummary components2:  CBECC-Com 2022.0.1 RV (1113) / BEMCmpMgr 2022.0.1 RV (6107) / CA 2022 Nonresidential, Vers. 1.0 Alpha / 1.11.3.f52686d8e1 / 9.0.1-bb7ca4f0da / CSE19 0.865.0+dhwloop.68861ec.94 EXE / C:\Users\mnakajima\Documents\CBECC-Com 2022 Data\EPW\ / C:\Users\mnakajima\Documents\GitHub\T24-2022-CASE-Modeling\framework\analysis\hvac_autosizing\runs\mumr-baseline\cz09\
2020-01-14 19:18:11 -       ResultsSummary:  2020-01-14 19:18:11,"instance","Mid-Rise Mixed-Use (5-story)","CTZ09S22A","Pol  0% RetAdd NoLeak",113100,141000,"Title24Compliance",4:47,PASS,0.39,"--","--","Successful (221 warnings)",5.03292,122776,56072.8,0,205.458,17110.2,81988.8,278158,217441,0,149101,34551.8,0,0,679252,2079.36,0,0,0,0,8848.16,0,10927.5,586.724,0,0,0,11514.2,0,0,0,0,0,0,0,0,0,0,0,0,0,4.91592,37.7063,14.8756,0,0.0453807,23.111,20.0385,100.693,55.3646,0,37.4912,8.49678,0,0,202.045,176.966,25.0793,0,2137.25,"Thermal Zone: F5 Corridor",0,117.5,"Thermal Zone: F5 Corridor",0,"--","--","Successful (225 warnings)",7.88913,126443,55940.7,0,48.3092,17125.3,81988.8,281554,217441,0,149101,34551.8,0,0,682648,1611.11,0,0,0,0,8848.16,0,10459.3,586.724,0,0,0,11046,0,0,0,0,0,0,0,0,0,0,0,0,0,3.82046,39.1034,15.0167,0,0.0120708,23.1147,20.0385,101.106,55.3646,0,37.4912,8.49678,0,0,202.458,178.475,23.9832,0,0,,0,0,,0,1.60887e-05,41.1246,10.6407,0,0.018003,2.56359,14.4246,68.7715,38.321,0,25.7371,3.94427,0,0,136.774,6.91603e-06,42.8031,10.7118,0,0.00115382,2.56607,14.4246,70.5067,38.321,0,25.7371,3.94427,0,0,138.509,"CBECC-Com 2022.0.1 RV (1113)","BEMCmpMgr 2022.0.1 RV (6107)","CA 2022 Nonresidential, Vers. 1.0 Alpha","1.11.3.f52686d8e1","9.0.1-bb7ca4f0da","CSE19 0.865.0+dhwloop.68861ec.94 EXE","C:\Users\mnakajima\Documents\CBECC-Com 2022 Data\EPW\","C:\Users\mnakajima\Documents\GitHub\T24-2022-CASE-Modeling\framework\analysis\hvac_autosizing\runs\mumr-baseline\cz09\",0.00105252,13.3209,7.75315,0,0.0294254,2.33792,9.04038,32.48,32.22,0,25.6908,5.68613,0,0,96.08,0.997023,0,0,0,0,4.24257,0,5.24,0.281326,0,0,0,5.52,0.00165155,13.7266,7.69297,0,0.0092033,2.34572,9.04038,32.82,32.22,0,25.6908,5.68613,0,0,96.42,0.772503,0,0,0,0,4.24257,0,5.01,0.281326,0,0,0,5.29,1.68835,2.2187,1.29134,0,0.00490099,7.573,1.50574,14.282,5.84282,0,4.27899,0.947065,0,0,25.3509,1.30829,2.28627,1.28132,0,0.00153287,7.5743,1.50574,13.9575,5.84282,0,4.27899,0.947065,0,0,25.0263,

2020-01-14 19:18:14 - -----------------------------------------------------------------------------
2020-01-14 19:18:14 - Opening Project 'cz09\instance.cibd22'...
2020-01-14 19:18:15 -    Model load successful into CBECC-Com 2022.0.1 RV (1113)
2020-01-14 19:18:15 - Performing Building Database check...
2020-01-14 19:18:15 - Building Database check completed, no problems found.
2020-01-14 19:18:19 - Project Saved
