2020-03-23 02:46:36 - -----------------------------------------------------------------------------
2020-03-23 02:46:36 - Opening Project 'cz16\instance.cibd22'...
2020-03-23 02:46:37 -    Model load successful into CBECC-Com 2022.0.1 RV (1113)
2020-03-23 02:46:37 - Performing Building Database check...
2020-03-23 02:46:37 - Building Database check completed, no problems found.
2020-03-23 02:46:41 -   PerfAnal_NRes - starting, w/ arguments:
2020-03-23 02:46:41 -        BEMBasePathFile    = (null)
2020-03-23 02:46:41 -        RulesetPathFile    = (null)
2020-03-23 02:46:41 -        SimWeatherPath     = C:\Users\mnakajima\Documents\CBECC-Com 2022 Data\EPW\
2020-03-23 02:46:41 -        CompMgrDLLPath     = (null)
2020-03-23 02:46:41 -        DHWWeatherPath     = (null)
2020-03-23 02:46:41 -        ProcessingPath     = C:\Users\mnakajima\Documents\GitHub\T24-2022-CASE-Modeling\framework\analysis\all-electric\runs\hr-VRF-pre-autosize\cz16\instance - run\
2020-03-23 02:46:41 -        ModelPathFile      = C:\Users\mnakajima\Documents\GitHub\T24-2022-CASE-Modeling\framework\analysis\all-electric\runs\hr-VRF-pre-autosize\cz16\instance.cibd22
2020-03-23 02:46:41 -        LogPathFile        = (null)
2020-03-23 02:46:41 -        UIVersionString    = CBECC-Com 2022.0.1 RV (1113)
2020-03-23 02:46:41 -        LoadModelFile      = false
2020-03-23 02:46:41 -        OptionsCSV         = AllowAnalysisAbort,0,StoreBEMDetails,1,AnalysisThruStep,8,ModelRpt_ALL,1,ExportHourlyResults_All,1,PromptUserUMLHWarning,1,PreAnalysisCheckPromptOption,3,CompReportWarningOption,5,
2020-03-23 02:46:41 -        ErrorMsg           = (assumed to be initialized)
2020-03-23 02:46:41 -        ErrorMsgLen        = 2056
2020-03-23 02:46:41 -        DisplayProgress    = true
2020-03-23 02:46:41 -        ResultsSummary     = (empty)
2020-03-23 02:46:41 -        ResultsSummaryLen  = 3200
2020-03-23 02:46:41 -        pProgCallbackFunc  = (null)
2020-03-23 02:46:42 - Performing Building Database check...
2020-03-23 02:46:42 - Building Database check completed, no problems found.
2020-03-23 02:46:42 - Warning:  The following developer options must be defaulted (not specified by the user) in order to perform a valid compliance analysis:
          Proj 'High-Rise Mixed-Use (10-story)' DefaultDayltgCtrls
          Proj 'High-Rise Mixed-Use (10-story)' AutoHardSize
          Proj 'High-Rise Mixed-Use (10-story)' AutoEffInput
2020-03-23 02:46:42 -    1 file hash check(s) failed on executable and/or analysis support files (analysis continuing w/ report signature disabled)
2020-03-23 02:46:44 - Performing Building Database check...
2020-03-23 02:46:44 - Building Database check completed, no problems found.
2020-03-23 02:46:44 - Warning:  For VRF System 'VRF F2-9', the total attached indoor unit cooling capacity is greater than 150% of the outdoor unit cooling capacity.  Increasing the outdoor unit cooling capacity is recommended. evaluating rule: Set CHECKSIM VRFSys:ClgCombRat  (69:'HVACSecondary-VRFSys.rule' line 404)
2020-03-23 02:46:44 - Warning:  For VRF System 'VRF F10', the total attached indoor unit cooling capacity is greater than 150% of the outdoor unit cooling capacity.  Increasing the outdoor unit cooling capacity is recommended. evaluating rule: Set CHECKSIM VRFSys:ClgCombRat  (69:'HVACSecondary-VRFSys.rule' line 404)
2020-03-23 02:46:44 - Warning:  AirSystem 'Residential DOAS' has a DX cooling coil and the rated supply flow per ton of (net) cooling capacity is 848 cfm/ton. The acceptable range for successful simulation of DX cooling coils in EnergyPlus is normally ~300 to ~450 cfm/ton. If the compliance simulation fails, check flow/cooling capacity inputs for consistency with the design. If simulation still fails, contact the CBECC support team for assistance. evaluating rule: Set CHECKSIM AirSys:SupFlowPerTon  (110:'HVACSecondary-Summary.rule' line 785)
2020-03-23 02:46:44 - Warning:  The spaces assigned to thermal zone 'Thermal Zone: F1 Lounge' have cooling unmet load hour limits ranging from 150 to 8760. All spaces in the zone will be held to the minimum UMLH limit. evaluating rule: Set CHECKCODE ThrmlZn:ClgUMLHLimit  (60:'ThermalZone-General.rule' line 1738)
2020-03-23 02:46:44 - Warning:  The spaces assigned to thermal zone 'Thermal Zone: F1 Lounge' have heating unmet load hour limits ranging from 150 to 8760. All spaces in the zone will be held to the minimum UMLH limit. evaluating rule: Set CHECKCODE ThrmlZn:HtgUMLHLimit  (60:'ThermalZone-General.rule' line 1765)
2020-03-23 02:46:44 - Warning:  The net heating capacity for HeatPump coil 'Residential DOAS CoilHtg' differs from the system's net cooling capacity by more than 15%. evaluating rule: Set CHECKCODE CoilHtg:CapTotNetRtd  (83:'HVACSecondary-CoilHeating-Capacity.rule' line 701)
2020-03-23 02:46:44 - Warning:  The net heating capacity for HeatPump coil 'CoilHtg 19' differs from the system's net cooling capacity by more than 20%. evaluating rule: Set CHECKCODE CoilHtg:CapTotNetRtd  (83:'HVACSecondary-CoilHeating-Capacity.rule' line 765)
2020-03-23 02:46:44 - Warning:  The net heating capacity for HeatPump coil 'CoilHtg 21' differs from the system's net cooling capacity by more than 20%. evaluating rule: Set CHECKCODE CoilHtg:CapTotNetRtd  (83:'HVACSecondary-CoilHeating-Capacity.rule' line 765)
2020-03-23 02:46:44 - Warning:  The net heating capacity for HeatPump coil 'CoilHtg 20' differs from the system's net cooling capacity by more than 20%. evaluating rule: Set CHECKCODE CoilHtg:CapTotNetRtd  (83:'HVACSecondary-CoilHeating-Capacity.rule' line 765)
2020-03-23 02:46:44 - Warning:  The net heating capacity for HeatPump coil 'CoilHtg 22' differs from the system's net cooling capacity by more than 20%. evaluating rule: Set CHECKCODE CoilHtg:CapTotNetRtd  (83:'HVACSecondary-CoilHeating-Capacity.rule' line 765)
2020-03-23 02:46:48 -   PerfAnal_NRes - Bypassing OpenStudio (and simulation) for zp model
2020-03-23 03:05:52 -   PerfSim_E+ - Final Result: FAIL  -- compliance margin: -14.17 (-17.24%)
2020-03-23 03:05:55 - Analysis result:  FAIL  (TDV margin: -14.17)  Processing time:  Overall 19:13 / SDD2IDF x4 avg 0:07 / SizSim x2 avg 0:48 / AnnSim x2 avg 8:12 / ReportGen x0 0:00 / Other 0:37
2020-03-23 03:05:55 -       ResultsSummary population:  bAbort = (false) / RuleProcAbort = (false) / iRetVal = 0 / pszResultsSummary = (empty) / iResultsSummaryLen = 3200
2020-03-23 03:05:55 -       ResultsSummary components1:  2020-03-23 03:05:55 / instance / High-Rise Mixed-Use (10-story) / CTZ16S22A / Title24Compliance / 19:13 / FAIL / -14.17
2020-03-23 03:05:55 -       ResultsSummary components2:  CBECC-Com 2022.0.1 RV (1113) / BEMCmpMgr 2022.0.1 RV (6107) / CA 2022 Nonresidential, Vers. 1.0 Alpha / 1.11.3.f52686d8e1 / 9.0.1-bb7ca4f0da / CSE19 0.868.0 EXE / C:\Users\mnakajima\Documents\CBECC-Com 2022 Data\EPW\ / C:\Users\mnakajima\Documents\GitHub\T24-2022-CASE-Modeling\framework\analysis\all-electric\runs\hr-VRF-pre-autosize\cz16\
2020-03-23 03:05:55 -       ResultsSummary:  2020-03-23 03:05:55,"instance","High-Rise Mixed-Use (10-story)","CTZ16S22A","Pol  0% RetAdd NoLeak",125400,150480,"Title24Compliance",19:13,FAIL,-14.17,"--","--","Successful (312 warnings)",123020,74476.5,65190.6,88.7872,2855.66,1088.9,52245,318966,231906,0,181711,6890.07,0,0,739473,2243.38,0,0,0,0,8827.82,0,11071.2,754.553,0,0,0,11825.8,0,0,0,0,0,0,0,0,0,0,0,0,0,38.1163,15.2623,14.4784,0.0177333,0.579383,17.3106,10.589,96.3537,56.3053,0,45.2446,1.55592,0,0,199.459,176.314,23.1456,0,0,,0,38.5,"Thermal Zone: F10 2-Bed NE",0,"--","--","Successful (205 warnings)",66.5157,26768.9,85872.6,1451.24,19228.9,8673.84,52245,194307,231906,0,181711,6890.07,0,0,614814,11448.8,0,0,0,0,8444.71,0,19893.5,754.553,0,0,0,20648,0,0,0,0,0,0,0,0,0,0,0,0,0,23.8887,5.59535,19.5522,0.304286,4.0496,18.209,10.589,82.1881,56.3053,0,45.2446,1.55592,0,0,185.294,143.649,41.6445,0,0,,0,0,,0,9.13549e-06,27.208,10.2233,0.0329797,1.16846,0.124303,8.95193,47.7089,40.0913,0,31.5421,0.786538,0,0,120.129,6.26304e-06,11.2143,15.107,0.559412,4.67246,1.34735,8.95193,41.8525,40.0913,0,31.5421,0.786538,0,0,114.272,"CBECC-Com 2022.0.1 RV (1113)","BEMCmpMgr 2022.0.1 RV (6107)","CA 2022 Nonresidential, Vers. 1.0 Alpha","1.11.3.f52686d8e1","9.0.1-bb7ca4f0da","CSE19 0.868.0 EXE","C:\Users\mnakajima\Documents\CBECC-Com 2022 Data\EPW\","C:\Users\mnakajima\Documents\GitHub\T24-2022-CASE-Modeling\framework\analysis\all-electric\runs\hr-VRF-pre-autosize\cz16\",22.9203,8.56482,10.0746,0.00916716,0.296817,0.179198,5.74506,47.79,35.9296,0,31.4601,1.13389,0,0,116.31,1.07567,0,0,0,0,4.23282,0,5.31,0.361798,0,0,0,5.67,0.0117664,3.14071,12.8445,0.176157,2.68777,1.12108,5.74506,25.73,35.9296,0,31.4601,1.13389,0,0,94.25,5.48953,0,0,0,0,4.04913,0,9.54,0.361798,0,0,0,9.9,5.0858,1.28661,1.51341,0.0013771,0.044588,6.49102,0.863026,15.2858,5.94987,0,4.72593,0.170333,0,0,26.132,8.38503,0.4718,1.9295,0.0264625,0.403758,6.35198,0.863026,18.4316,5.94987,0,4.72593,0.170333,0,0,29.2777,

2020-03-23 03:05:59 - -----------------------------------------------------------------------------
2020-03-23 03:05:59 - Opening Project 'cz16\instance.cibd22'...
2020-03-23 03:05:59 -    Model load successful into CBECC-Com 2022.0.1 RV (1113)
2020-03-23 03:06:00 - Performing Building Database check...
2020-03-23 03:06:00 - Building Database check completed, no problems found.
2020-03-23 03:06:03 - Project Saved
