2020-01-28 16:01:48 - -----------------------------------------------------------------------------
2020-01-28 16:01:48 - Opening Project 'cz07\instance.cibd22'...
2020-01-28 16:01:48 -    Model load successful into CBECC-Com 2022.0.1 RV (1113)
2020-01-28 16:01:49 - Performing Building Database check...
2020-01-28 16:01:49 - Building Database check completed, no problems found.
2020-01-28 16:01:52 -   PerfAnal_NRes - starting, w/ arguments:
2020-01-28 16:01:52 -        BEMBasePathFile    = (null)
2020-01-28 16:01:52 -        RulesetPathFile    = (null)
2020-01-28 16:01:52 -        SimWeatherPath     = C:\Users\mnakajima\Documents\CBECC-Com 2022 Data\EPW\
2020-01-28 16:01:52 -        CompMgrDLLPath     = (null)
2020-01-28 16:01:52 -        DHWWeatherPath     = (null)
2020-01-28 16:01:52 -        ProcessingPath     = C:\Users\mnakajima\Documents\GitHub\T24-2022-CASE-Modeling\framework\analysis\highrise\runs\hr-baseline_fixeddual\cz07\instance - run\
2020-01-28 16:01:52 -        ModelPathFile      = C:\Users\mnakajima\Documents\GitHub\T24-2022-CASE-Modeling\framework\analysis\highrise\runs\hr-baseline_fixeddual\cz07\instance.cibd22
2020-01-28 16:01:52 -        LogPathFile        = (null)
2020-01-28 16:01:52 -        UIVersionString    = CBECC-Com 2022.0.1 RV (1113)
2020-01-28 16:01:52 -        LoadModelFile      = false
2020-01-28 16:01:52 -        OptionsCSV         = AllowAnalysisAbort,0,StoreBEMDetails,1,AnalysisThruStep,8,ModelRpt_ALL,1,ExportHourlyResults_All,1,PromptUserUMLHWarning,1,PreAnalysisCheckPromptOption,3,CompReportWarningOption,5,
2020-01-28 16:01:52 -        ErrorMsg           = (assumed to be initialized)
2020-01-28 16:01:52 -        ErrorMsgLen        = 2056
2020-01-28 16:01:52 -        DisplayProgress    = true
2020-01-28 16:01:52 -        ResultsSummary     = (empty)
2020-01-28 16:01:52 -        ResultsSummaryLen  = 3200
2020-01-28 16:01:52 -        pProgCallbackFunc  = (null)
2020-01-28 16:01:53 - Performing Building Database check...
2020-01-28 16:01:53 - Building Database check completed, no problems found.
2020-01-28 16:01:53 - Warning:  The following developer options must be defaulted (not specified by the user) in order to perform a valid compliance analysis:
          Proj 'High-Rise Mixed-Use (10-story)' DefaultDayltgCtrls
          Proj 'High-Rise Mixed-Use (10-story)' AutoHardSize
          Proj 'High-Rise Mixed-Use (10-story)' AutoEffInput
2020-01-28 16:01:53 -    1 file hash check(s) failed on executable and/or analysis support files (analysis continuing w/ report signature disabled)
2020-01-28 16:01:55 - Performing Building Database check...
2020-01-28 16:01:55 - Building Database check completed, no problems found.
2020-01-28 16:01:55 - Warning:  The spaces assigned to thermal zone 'Thermal Zone: F1 Lounge' have cooling unmet load hour limits ranging from 150 to 8760. All spaces in the zone will be held to the minimum UMLH limit. evaluating rule: Set CHECKCODE ThrmlZn:ClgUMLHLimit  (60:'ThermalZone-General.rule' line 1738)
2020-01-28 16:01:55 - Warning:  The spaces assigned to thermal zone 'Thermal Zone: F1 Lounge' have heating unmet load hour limits ranging from 150 to 8760. All spaces in the zone will be held to the minimum UMLH limit. evaluating rule: Set CHECKCODE ThrmlZn:HtgUMLHLimit  (60:'ThermalZone-General.rule' line 1765)
2020-01-28 16:02:00 -   PerfAnal_NRes - Bypassing OpenStudio (and simulation) for zp model
2020-01-28 16:14:42 -   PerfSim_E+ - Final Result: PASS  -- compliance margin: 0.84 (1.17%)
2020-01-28 16:14:44 - Analysis result:  PASS  (TDV margin: 0.84)  Processing time:  Overall 12:52 / SDD2IDF x4 avg 0:08 / SizSim x2 avg 0:40 / AnnSim x2 avg 5:07 / ReportGen x0 0:00 / Other 0:36
2020-01-28 16:14:44 -       ResultsSummary population:  bAbort = (false) / RuleProcAbort = (false) / iRetVal = 0 / pszResultsSummary = (empty) / iResultsSummaryLen = 3200
2020-01-28 16:14:44 -       ResultsSummary components1:  2020-01-28 16:14:44 / instance / High-Rise Mixed-Use (10-story) / CTZ07S22A / Title24Compliance / 12:52 / PASS / 0.84
2020-01-28 16:14:44 -       ResultsSummary components2:  CBECC-Com 2022.0.1 RV (1113) / BEMCmpMgr 2022.0.1 RV (6107) / CA 2022 Nonresidential, Vers. 1.0 Alpha / 1.11.3.f52686d8e1 / 9.0.1-bb7ca4f0da / CSE19 0.865.0+dhwloop.68861ec.94 EXE / C:\Users\mnakajima\Documents\CBECC-Com 2022 Data\EPW\ / C:\Users\mnakajima\Documents\GitHub\T24-2022-CASE-Modeling\framework\analysis\highrise\runs\hr-baseline_fixeddual\cz07\
2020-01-28 16:14:44 -       ResultsSummary:  2020-01-28 16:14:44,"instance","High-Rise Mixed-Use (10-story)","CTZ07S22A","Pol  0% RetAdd NoLeak",125400,150480,"Title24Compliance",12:52,PASS,0.84,"--","--","Successful (200 warnings)",2.34856,97451.5,68405.2,109.222,5693.79,1088.9,52053.7,224805,231906,0,181711,6890.07,0,0,645311,682.524,0,0,0,0,9487.4,0,10169.9,754.553,0,0,0,10924.5,0,0,0,0,0,0,0,0,0,0,0,0,0,1.45169,23.2097,15.2897,0.0339409,1.25236,18.5464,10.974,70.7578,54.9642,0,43.3605,1.52625,0,0,170.609,149.404,21.2051,0,0,,0,0.25,"Thermal Zone: F10 1-Bed N",0,"--","--","Successful (200 warnings)",4.32653,47488.9,78823.9,10053.2,35145.3,7483.49,52053.7,231053,231906,0,181711,6890.07,0,0,651560,805.524,0,0,0,0,9152.2,0,9957.72,754.553,0,0,0,10712.3,0,0,0,0,0,0,0,0,0,0,0,0,0,1.70768,11.446,17.5452,2.8347,7.80491,19.2801,10.974,71.5926,54.9642,0,43.3605,1.52625,0,0,171.444,150.627,20.8167,0,0,,0,0,,0,3.40518e-05,24.5416,10.338,0.0526592,1.29116,0.124303,9.02937,45.3771,40.0913,0,31.5421,0.786538,0,0,117.797,2.70223e-05,12.0618,12.9145,4.02931,5.62373,1.20191,9.02937,44.8607,40.0913,0,31.5421,0.786538,0,0,117.281,"CBECC-Com 2022.0.1 RV (1113)","BEMCmpMgr 2022.0.1 RV (6107)","CA 2022 Nonresidential, Vers. 1.0 Alpha","1.11.3.f52686d8e1","9.0.1-bb7ca4f0da","CSE19 0.865.0+dhwloop.68861ec.94 EXE","C:\Users\mnakajima\Documents\CBECC-Com 2022 Data\EPW\","C:\Users\mnakajima\Documents\GitHub\T24-2022-CASE-Modeling\framework\analysis\highrise\runs\hr-baseline_fixeddual\cz07\",0.000438139,10.8532,10.0519,0.0115204,0.606238,0.178668,5.72122,27.42,35.8373,0,31.3747,1.13054,0,0,95.76,0.327261,0,0,0,0,4.54908,0,4.88,0.361798,0,0,0,5.24,0.000902252,4.89274,10.7178,1.24668,4.90524,0.973329,5.72122,28.46,35.8373,0,31.3747,1.13054,0,0,96.8,0.386238,0,0,0,0,4.38836,0,4.78,0.361798,0,0,0,5.14,0.499839,1.63037,1.51001,0.00173059,0.0910694,6.97391,0.859444,11.5664,5.93601,0,4.71311,0.169829,0,0,22.3853,0.589974,0.734988,1.61003,0.187276,0.736867,6.84784,0.859444,11.5664,5.93601,0,4.71311,0.169829,0,0,22.3854,

2020-01-28 16:14:49 - -----------------------------------------------------------------------------
2020-01-28 16:14:49 - Opening Project 'cz07\instance.cibd22'...
2020-01-28 16:14:50 -    Model load successful into CBECC-Com 2022.0.1 RV (1113)
2020-01-28 16:14:50 - Performing Building Database check...
2020-01-28 16:14:50 - Building Database check completed, no problems found.
2020-01-28 16:14:54 - Project Saved
