---------------
(756): Info: C:\USERS\NDPERRY\DOCUMENTS\GITHUB\T24-2022-CASE-MODELING\FRAMEWORK\ANALYSIS\HPTE\RUNS\LRLC-WINF-BASEU\CZ05\INSTANCE - COMP22\INSTANCE - DRTG.CSE(756): Info: 
  DHWSys 'dhwsys-DHWGas': 
    'wsTSetpoint' is ignored -- no setpoint-aware DHWHEATERs in this DHWSYS.
---------------
Warning: Zone 'Zone2-zn': Unmet cooling loads during 34 hours of run.
---------------
Warning: Zone 'Zone3-zn': Unmet cooling loads during 46 hours of run.
---------------
Warning: Zone 'Corridor1-zn': Condensation occurred in 449 subhours of run.
    Total condensation heat = 14.6904 kBtu.
---------------
Warning: 
  Zone 'BusinessCenter1-zn': Condensation occurred in 463 subhours of run.
    Total condensation heat = 5.92001 kBtu.
---------------
Warning: Zone 'BusinessCenter1-zn': Unmet cooling loads during 2 hours of run.
---------------
Warning: 
  Zone 'FitnessCenter1-zn': Condensation occurred in 62385 subhours of run.
    Total condensation heat = 3385.54 kBtu.
---------------
Warning: Zone 'Laundry1-zn': Unmet cooling loads during 63 hours of run.
---------------
Warning: Zone 'LeasingOffice1-zn': Unmet cooling loads during 11 hours of run.
---------------
Warning: Zone 'Lobby1-zn': Condensation occurred in 30310 subhours of run.
    Total condensation heat = 2708.94 kBtu.
---------------
Warning: Zone 'Lobby1-zn': Unmet cooling loads during 11 hours of run.
---------------
Warning: 
  Zone 'MechanicalRoom1-zn': Unmet heating loads during 1522 hours of run.
---------------
Warning: 
  Zone 'MechanicalRoom1-zn': Unmet cooling loads during 774 hours of run.
---------------
Warning: Zone 'Stairs1-zn': Condensation occurred in 124 subhours of run.
    Total condensation heat = 0.551589 kBtu.
---------------
Warning: Zone 'Corridor2-zn': Condensation occurred in 212 subhours of run.
    Total condensation heat = 6.20113 kBtu.
---------------
Warning: Zone 'Corridor3-zn': Condensation occurred in 446 subhours of run.
    Total condensation heat = 15.8003 kBtu.
---------------
Warning: Zone 'Corridor3-zn': Unmet cooling loads during 6 hours of run.
---------------
Warning: Zone 'Stairs2-zn': Condensation occurred in 7 subhours of run.
    Total condensation heat = 0.00569323 kBtu.
---------------
Warning: Zone 'Stairs3-zn': Condensation occurred in 6 subhours of run.
    Total condensation heat = 0.0203425 kBtu.
---------------
Warning: Zone 'Attic-atc': Condensation occurred in 31021 subhours of run.
    Total condensation heat = 6056.36 kBtu.
---------------
