---------------
E(795): Info: C:\USERS\MNAKAJIMA\DOCUMENTS\GITHUB\T24-2022-CASE-MODELING\FRAMEWORK\ANALYSIS\HPTE\RUNS\LRLC-WINF-PROPU\CZ11\INSTANCE - COMP22\INSTANCE - STD.CSE(795): Info: 
  DHWSys 'dhwsys-DHWGas': 
    'wsTSetpoint' is ignored -- no setpoint-aware DHWHEATERs in this DHWSYS.
---------------
Warning at hour/subhour 25/20 on autoSizing 04-Jul iteration 30:
  AutoSize pass 1A has not converged.  Abandoning after 30 iterations.
---------------
Warning: Zone 'Zone1-zn': Unmet cooling loads during 359 hours of run.
---------------
Warning: Zone 'Zone2-zn': Unmet cooling loads during 535 hours of run.
---------------
Warning: Zone 'Zone3-zn': Unmet cooling loads during 413 hours of run.
---------------
Warning: Zone 'Corridor1-zn': Condensation occurred in 488 subhours of run.
    Total condensation heat = 27.0719 kBtu.
---------------
Warning: Zone 'Corridor1-zn': Unmet cooling loads during 347 hours of run.
---------------
Warning: 
  Zone 'BusinessCenter1-zn': Condensation occurred in 3190 subhours of run.
    Total condensation heat = 73.8552 kBtu.
---------------
Warning: 
  Zone 'BusinessCenter1-zn': Unmet cooling loads during 585 hours of run.
---------------
Warning: 
  Zone 'FitnessCenter1-zn': Condensation occurred in 44675 subhours of run.
    Total condensation heat = 2688.97 kBtu.
---------------
Warning: 
  Zone 'FitnessCenter1-zn': Unmet cooling loads during 505 hours of run.
---------------
Warning: Zone 'Laundry1-zn': Unmet cooling loads during 206 hours of run.
---------------
Warning: 
  Zone 'LeasingOffice1-zn': Unmet cooling loads during 237 hours of run.
---------------
Warning: Zone 'Lobby1-zn': Condensation occurred in 24646 subhours of run.
    Total condensation heat = 2052.71 kBtu.
---------------
Warning: Zone 'Lobby1-zn': Unmet cooling loads during 383 hours of run.
---------------
Warning: 
  Zone 'MechanicalRoom1-zn': Unmet heating loads during 1241 hours of run.
---------------
Warning: 
  Zone 'MechanicalRoom1-zn': Unmet cooling loads during 3340 hours of run.
---------------
Warning: Zone 'Stairs1-zn': Condensation occurred in 31 subhours of run.
    Total condensation heat = 0.103733 kBtu.
---------------
Warning: Zone 'Stairs1-zn': Unmet cooling loads during 248 hours of run.
---------------
Warning: Zone 'Corridor2-zn': Condensation occurred in 33 subhours of run.
    Total condensation heat = 1.36771 kBtu.
---------------
Warning: Zone 'Corridor2-zn': Unmet cooling loads during 546 hours of run.
---------------
Warning: Zone 'Corridor3-zn': Condensation occurred in 30 subhours of run.
    Total condensation heat = 0.905742 kBtu.
---------------
Warning: Zone 'Corridor3-zn': Unmet cooling loads during 410 hours of run.
---------------
Warning: Zone 'Stairs2-zn': Unmet cooling loads during 252 hours of run.
---------------
Warning: Zone 'Stairs3-zn': Unmet cooling loads during 252 hours of run.
---------------
