2020-04-08 14:47:24 - -----------------------------------------------------------------------------
2020-04-08 14:47:24 - Opening Project 'cz12\instance.cibd22'...
2020-04-08 14:47:26 -    Model load successful into CBECC-Com 2022.0.1 RV (1113)
2020-04-08 14:47:26 - Performing Building Database check...
2020-04-08 14:47:26 - Building Database check completed, no problems found.
2020-04-08 14:47:30 -   PerfAnal_NRes - starting, w/ arguments:
2020-04-08 14:47:30 -        BEMBasePathFile    = (null)
2020-04-08 14:47:30 -        RulesetPathFile    = (null)
2020-04-08 14:47:30 -        SimWeatherPath     = C:\Users\agoyal\Documents\CBECC-Com 2022 Data\EPW\
2020-04-08 14:47:30 -        CompMgrDLLPath     = (null)
2020-04-08 14:47:30 -        DHWWeatherPath     = (null)
2020-04-08 14:47:30 -        ProcessingPath     = C:\Users\agoyal\Documents\GitHub\T24-2022-CASE-Modeling\framework\analysis\hpte\runs\mumr-winopar-34\cz12\instance - run\
2020-04-08 14:47:30 -        ModelPathFile      = C:\Users\agoyal\Documents\GitHub\T24-2022-CASE-Modeling\framework\analysis\hpte\runs\mumr-winopar-34\cz12\instance.cibd22
2020-04-08 14:47:30 -        LogPathFile        = (null)
2020-04-08 14:47:30 -        UIVersionString    = CBECC-Com 2022.0.1 RV (1113)
2020-04-08 14:47:30 -        LoadModelFile      = false
2020-04-08 14:47:30 -        OptionsCSV         = AllowAnalysisAbort,0,StoreBEMDetails,1,AnalysisThruStep,8,ModelRpt_ALL,1,ExportHourlyResults_All,1,PromptUserUMLHWarning,1,PreAnalysisCheckPromptOption,3,CompReportWarningOption,5,
2020-04-08 14:47:30 -        ErrorMsg           = (assumed to be initialized)
2020-04-08 14:47:30 -        ErrorMsgLen        = 2056
2020-04-08 14:47:30 -        DisplayProgress    = true
2020-04-08 14:47:30 -        ResultsSummary     = (empty)
2020-04-08 14:47:30 -        ResultsSummaryLen  = 3200
2020-04-08 14:47:30 -        pProgCallbackFunc  = (null)
2020-04-08 14:47:31 - Performing Building Database check...
2020-04-08 14:47:31 - Building Database check completed, no problems found.
2020-04-08 14:47:31 - Warning:  The following developer options must be defaulted (not specified by the user) in order to perform a valid compliance analysis:
          Proj 'Mid-Rise Mixed-Use (5-story)' AutoHardSize
          Proj 'Mid-Rise Mixed-Use (5-story)' AutoEffInput
2020-04-08 14:47:31 -    1 file hash check(s) failed on executable and/or analysis support files (analysis continuing w/ report signature disabled)
2020-04-08 14:47:32 -   PerfAnal_NRes - AnalysisThruStep being set to #7 due to Proj:AnalysisType = Title24ProposedOnly
2020-04-08 14:47:32 - Performing Building Database check...
2020-04-08 14:47:32 - Building Database check completed, no problems found.
2020-04-08 14:47:32 - Warning:  The AirSystem:Count for multi-zone system 'DOAS1' is not consistent with the maximum or minimum ThermalZone:Multiplier of the zones the system serves. This indicates the HVAC system serves more than 1 floor, or that Multipliers or system Count may be improperly defined. Check inputs for consistency. evaluating rule: Set CHECKCODE AirSys:Cnt  (68:'HVACSecondary-General.rule' line 1398)
2020-04-08 14:47:36 -   PerfAnal_NRes - Bypassing OpenStudio (and simulation) for zp model
2020-04-08 14:47:38 -   PerfAnal_NRes - Bypassing OpenStudio (and simulation) for zb model
2020-04-08 14:52:07 - Error:  Undefined data: numerator evaluating rule: Set ANNUAL_BASELINE Fan:FlowCap  (75:'HVACSecondary-Fan-General.rule' line 494)
2020-04-08 14:52:07 - Error:  Undefined data: numerator evaluating rule: Set ANNUAL_BASELINE Fan:FlowCap  (75:'HVACSecondary-Fan-General.rule' line 494)
2020-04-08 14:52:07 - Error:  Undefined data: numerator evaluating rule: Set ANNUAL_BASELINE Fan:FlowCap  (75:'HVACSecondary-Fan-General.rule' line 494)
2020-04-08 14:52:07 - Error:  Undefined data: numerator evaluating rule: Set ANNUAL_BASELINE Fan:FlowCap  (75:'HVACSecondary-Fan-General.rule' line 529)
2020-04-08 14:52:07 - Error:  Undefined data: numerator evaluating rule: Set ANNUAL_BASELINE Fan:FlowCap  (75:'HVACSecondary-Fan-General.rule' line 529)
2020-04-08 14:52:07 - Error:  Undefined data: numerator evaluating rule: Set ANNUAL_BASELINE Fan:FlowCap  (75:'HVACSecondary-Fan-General.rule' line 529)
2020-04-08 14:52:07 - Error:  Undefined data: numerator evaluating rule: Set ANNUAL_BASELINE Fan:FlowCap  (75:'HVACSecondary-Fan-General.rule' line 529)
2020-04-08 14:52:07 - Error:  Undefined data: numerator evaluating rule: Set ANNUAL_BASELINE Fan:FlowCap  (75:'HVACSecondary-Fan-General.rule' line 529)
2020-04-08 14:52:07 - Error:  Undefined data: numerator evaluating rule: Set ANNUAL_BASELINE Fan:FlowCap  (75:'HVACSecondary-Fan-General.rule' line 529)
2020-04-08 14:52:07 - Error:  Undefined data: numerator evaluating rule: Set ANNUAL_BASELINE Fan:FlowCap  (75:'HVACSecondary-Fan-General.rule' line 529)
2020-04-08 14:52:07 - Error:  Undefined data: numerator evaluating rule: Set ANNUAL_BASELINE Fan:FlowCap  (75:'HVACSecondary-Fan-General.rule' line 529)
2020-04-08 14:52:07 - Error:  Undefined data: numerator evaluating rule: Set ANNUAL_BASELINE Fan:FlowCap  (75:'HVACSecondary-Fan-General.rule' line 529)
2020-04-08 14:52:07 - Error:  Undefined data: numerator evaluating rule: Set ANNUAL_BASELINE Fan:FlowCap  (75:'HVACSecondary-Fan-General.rule' line 529)
2020-04-08 14:52:07 - Error:  Undefined data: numerator evaluating rule: Set ANNUAL_BASELINE Fan:FlowCap  (75:'HVACSecondary-Fan-General.rule' line 529)
2020-04-08 14:52:07 - Error:  Undefined data: numerator evaluating rule: Set ANNUAL_BASELINE Fan:FlowCap  (75:'HVACSecondary-Fan-General.rule' line 529)
2020-04-08 14:52:07 - Error:  Undefined data: numerator evaluating rule: Set ANNUAL_BASELINE Fan:FlowCap  (75:'HVACSecondary-Fan-General.rule' line 529)
2020-04-08 14:52:07 - Error:  Undefined data: numerator evaluating rule: Set ANNUAL_BASELINE Fan:FlowCap  (75:'HVACSecondary-Fan-General.rule' line 529)
2020-04-08 14:52:07 - Error:  Undefined data: numerator evaluating rule: Set ANNUAL_BASELINE Fan:FlowCap  (75:'HVACSecondary-Fan-General.rule' line 529)
2020-04-08 14:52:07 - Error:  Undefined data: numerator evaluating rule: Set ANNUAL_BASELINE Fan:FlowCap  (75:'HVACSecondary-Fan-General.rule' line 529)
2020-04-08 14:52:07 - Error:  Undefined data: numerator evaluating rule: Set ANNUAL_BASELINE Fan:FlowCap  (75:'HVACSecondary-Fan-General.rule' line 529)
2020-04-08 14:52:07 - Error:  Undefined data: numerator evaluating rule: Set ANNUAL_BASELINE Fan:FlowCap  (75:'HVACSecondary-Fan-General.rule' line 529)
2020-04-08 14:52:07 - Error:  Undefined data: numerator evaluating rule: Set ANNUAL_BASELINE Fan:FlowCap  (75:'HVACSecondary-Fan-General.rule' line 529)
2020-04-08 14:52:07 - Error:  Undefined data: numerator evaluating rule: Set ANNUAL_BASELINE Fan:FlowCap  (75:'HVACSecondary-Fan-General.rule' line 529)
2020-04-08 14:52:07 - Error:  Undefined data: numerator evaluating rule: Set ANNUAL_BASELINE Fan:FlowCap  (75:'HVACSecondary-Fan-General.rule' line 529)
2020-04-08 14:52:07 - Error:  Undefined data: numerator evaluating rule: Set ANNUAL_BASELINE Fan:FlowCap  (75:'HVACSecondary-Fan-General.rule' line 529)
2020-04-08 14:52:07 - Error:  Division by zero evaluating rule: Set ANNUAL_BASELINE ThrmlZn:PriAirCondgSysDsgnFlow  (76:'HVACSecondary-Fan-FanRatios.rule' line 67)
2020-04-08 14:52:07 - Error:  Division by zero evaluating rule: Set ANNUAL_BASELINE ThrmlZn:PriAirCondgSysDsgnFlow  (76:'HVACSecondary-Fan-FanRatios.rule' line 67)
2020-04-08 14:52:07 - Error:  Division by zero evaluating rule: Set ANNUAL_BASELINE ThrmlZn:PriAirCondgSysDsgnFlow  (76:'HVACSecondary-Fan-FanRatios.rule' line 67)
2020-04-08 14:52:07 - Error:  Division by zero evaluating rule: Set ANNUAL_BASELINE ThrmlZn:PriAirCondgSysDsgnFlow  (76:'HVACSecondary-Fan-FanRatios.rule' line 67)
2020-04-08 14:52:07 - Error:  Division by zero evaluating rule: Set ANNUAL_BASELINE ThrmlZn:PriAirCondgSysDsgnFlow  (76:'HVACSecondary-Fan-FanRatios.rule' line 67)
2020-04-08 14:52:07 - Error:  Division by zero evaluating rule: Set ANNUAL_BASELINE ThrmlZn:PriAirCondgSysDsgnFlow  (76:'HVACSecondary-Fan-FanRatios.rule' line 67)
2020-04-08 14:52:07 - Error:  Division by zero evaluating rule: Set ANNUAL_BASELINE ThrmlZn:PriAirCondgSysDsgnFlow  (76:'HVACSecondary-Fan-FanRatios.rule' line 67)
2020-04-08 14:52:07 - Error:  Division by zero evaluating rule: Set ANNUAL_BASELINE ThrmlZn:PriAirCondgSysDsgnFlow  (76:'HVACSecondary-Fan-FanRatios.rule' line 67)
2020-04-08 14:52:07 - Error:  Division by zero evaluating rule: Set ANNUAL_BASELINE ThrmlZn:PriAirCondgSysDsgnFlow  (76:'HVACSecondary-Fan-FanRatios.rule' line 67)
2020-04-08 14:52:07 - Error:  Division by zero evaluating rule: Set ANNUAL_BASELINE ThrmlZn:PriAirCondgSysDsgnFlow  (76:'HVACSecondary-Fan-FanRatios.rule' line 67)
2020-04-08 14:52:07 - Error:  Division by zero evaluating rule: Set ANNUAL_BASELINE ThrmlZn:PriAirCondgSysDsgnFlow  (76:'HVACSecondary-Fan-FanRatios.rule' line 67)
2020-04-08 14:52:07 - Error:  Division by zero evaluating rule: Set ANNUAL_BASELINE ThrmlZn:PriAirCondgSysDsgnFlow  (76:'HVACSecondary-Fan-FanRatios.rule' line 67)
2020-04-08 14:52:07 - Error:  Division by zero evaluating rule: Set ANNUAL_BASELINE ThrmlZn:VentSysDsgnFlow  (76:'HVACSecondary-Fan-FanRatios.rule' line 111)
2020-04-08 14:52:07 - Error:  Division by zero evaluating rule: Set ANNUAL_BASELINE ThrmlZn:VentSysDsgnFlow  (76:'HVACSecondary-Fan-FanRatios.rule' line 111)
2020-04-08 14:52:07 - Error:  Division by zero evaluating rule: Set ANNUAL_BASELINE ThrmlZn:VentSysDsgnFlow  (76:'HVACSecondary-Fan-FanRatios.rule' line 111)
2020-04-08 14:52:07 - Error:  Division by zero evaluating rule: Set ANNUAL_BASELINE ThrmlZn:VentSysDsgnFlow  (76:'HVACSecondary-Fan-FanRatios.rule' line 111)
2020-04-08 14:52:07 - Error:  Division by zero evaluating rule: Set ANNUAL_BASELINE ThrmlZn:VentSysDsgnFlow  (76:'HVACSecondary-Fan-FanRatios.rule' line 111)
2020-04-08 14:52:07 - Error:  Division by zero evaluating rule: Set ANNUAL_BASELINE ThrmlZn:VentSysDsgnFlow  (76:'HVACSecondary-Fan-FanRatios.rule' line 111)
2020-04-08 14:52:07 - Error:  Division by zero evaluating rule: Set ANNUAL_BASELINE ThrmlZn:VentSysDsgnFlow  (76:'HVACSecondary-Fan-FanRatios.rule' line 111)
2020-04-08 14:52:07 - Error:  Division by zero evaluating rule: Set ANNUAL_BASELINE ThrmlZn:VentSysDsgnFlow  (76:'HVACSecondary-Fan-FanRatios.rule' line 111)
2020-04-08 14:52:07 - Error:  Division by zero evaluating rule: Set ANNUAL_BASELINE ThrmlZn:VentSysDsgnFlow  (76:'HVACSecondary-Fan-FanRatios.rule' line 111)
2020-04-08 14:52:07 - Error:  Division by zero evaluating rule: Set ANNUAL_BASELINE ThrmlZn:VentSysDsgnFlow  (76:'HVACSecondary-Fan-FanRatios.rule' line 111)
2020-04-08 14:52:07 - Error:  Division by zero evaluating rule: Set ANNUAL_BASELINE ThrmlZn:VentSysDsgnFlow  (76:'HVACSecondary-Fan-FanRatios.rule' line 111)
2020-04-08 14:52:07 - Error:  Division by zero evaluating rule: Set ANNUAL_BASELINE ThrmlZn:VentSysDsgnFlow  (76:'HVACSecondary-Fan-FanRatios.rule' line 111)
2020-04-08 14:52:08 -   PerfAnal_NRes - Bypassing OpenStudio (and simulation) for ab model
2020-04-08 14:52:08 -   PerfAnal_NRes - Completed analysis steps thru #7
2020-04-08 14:52:08 - Analysis incomplete  Processing time:  Overall 4:37 / SDD2IDF x2 avg 0:07 / SizSim x0 0:00 / AnnSim x2 avg 2:01 / ReportGen x0 0:00 / Other 0:17
2020-04-08 14:52:08 -       ResultsSummary population:  bAbort = (false) / RuleProcAbort = (false) / iRetVal = 0 / pszResultsSummary = (empty) / iResultsSummaryLen = 3200
2020-04-08 14:52:08 -       ResultsSummary components1:  2020-04-08 14:52:08 / instance / Mid-Rise Mixed-Use (5-story) / CTZ12S22A / Title24ProposedOnly / 4:37 /  / 
2020-04-08 14:52:08 -       ResultsSummary components2:  CBECC-Com 2022.0.1 RV (1113) / BEMCmpMgr 2022.0.1 RV (6107) / CA 2022 Nonresidential, Vers. 1.0 Alpha /  /  / - / C:\Users\agoyal\Documents\CBECC-Com 2022 Data\EPW\ / C:\Users\agoyal\Documents\GitHub\T24-2022-CASE-Modeling\framework\analysis\hpte\runs\mumr-winopar-34\cz12\
2020-04-08 14:52:08 -       ResultsSummary:  2020-04-08 14:52:08,"instance","Mid-Rise Mixed-Use (5-story)","CTZ12S22A","Pol  0% RetAdd NoLeak",113100,141000,"Title24ProposedOnly",4:37,,,"--","--","Successful (219 warnings)",12.6248,95698.7,58200.9,0,247.397,13430.1,81978.1,249568,217441,0,149101,34551.8,0,0,650662,3917.53,0,0,0,0,9035.28,0,12952.8,586.724,0,0,0,13539.5,0,0,0,0,0,0,0,0,0,0,0,0,0,9.29451,33.0034,15.4919,0,0.0572165,22.4609,19.3544,99.6623,55.7605,0,38.6198,8.47903,0,0,202.522,172.759,29.7625,0,2104.5,"Thermal Zone: F2-4 Corridor",0,1790.5,"Thermal Zone: F5 Corridor",0,"--","--","",0,0,0,0,0,0,0,0,0,0,0,0,0,0,0,0,0,0,0,0,0,0,0,0,0,0,0,0,0,0,0,0,0,0,0,0,0,0,0,0,0,0,0,0,0,0,0,0,0,0,0,0,0,0,0,0,0,0,0,,,,,,,2.25429e-05,39.5637,11.315,0,0.0216895,2.15631,14.3435,67.4002,38.321,0,25.7371,3.94427,0,0,135.403,0,0,0,0,0,0,0,0,0,0,0,0,0,0,0,"CBECC-Com 2022.0.1 RV (1113)","BEMCmpMgr 2022.0.1 RV (6107)","CA 2022 Nonresidential, Vers. 1.0 Alpha","","","-","C:\Users\agoyal\Documents\CBECC-Com 2022 Data\EPW\","C:\Users\agoyal\Documents\GitHub\T24-2022-CASE-Modeling\framework\analysis\hpte\runs\mumr-winopar-34\cz12\",0.00243313,10.923,8.37086,0,0.0362403,1.70484,9.06133,30.09,32.1279,0,25.58,5.65158,0,0,93.45,1.8784,0,0,0,0,4.33229,0,6.21,0.281326,0,0,0,6.49,0,0,0,0,0,0,0,0,0,0,0,0,0,0,0,0,0,0,0,0,0,0,0,0,0,0,0,0,3.22632,1.8193,1.39423,0,0.00603607,7.7241,1.50923,15.6792,5.83428,0,4.26052,0.941311,0,0,26.7153,0,0,0,0,0,0,0,0,0,0,0,0,0,0,0,

2020-04-08 14:52:10 - -----------------------------------------------------------------------------
2020-04-08 14:52:10 - Opening Project 'cz12\instance.cibd22'...
2020-04-08 14:52:11 -    Model load successful into CBECC-Com 2022.0.1 RV (1113)
2020-04-08 14:52:11 - Performing Building Database check...
2020-04-08 14:52:11 - Building Database check completed, no problems found.
2020-04-08 14:52:14 - Project Saved
2020-04-09 21:44:10 - -----------------------------------------------------------------------------
2020-04-09 21:44:10 - Opening Project 'cz12\instance.cibd22'...
2020-04-09 21:44:11 -    Model load successful into CBECC-Com 2022.0.1 RV (1113)
2020-04-09 21:44:11 - Performing Building Database check...
2020-04-09 21:44:11 - Building Database check completed, no problems found.
2020-04-09 21:44:16 -   PerfAnal_NRes - starting, w/ arguments:
2020-04-09 21:44:16 -        BEMBasePathFile    = (null)
2020-04-09 21:44:16 -        RulesetPathFile    = (null)
2020-04-09 21:44:16 -        SimWeatherPath     = C:\Users\agoyal\Documents\CBECC-Com 2022 Data\EPW\
2020-04-09 21:44:16 -        CompMgrDLLPath     = (null)
2020-04-09 21:44:16 -        DHWWeatherPath     = (null)
2020-04-09 21:44:16 -        ProcessingPath     = C:\Users\agoyal\Documents\GitHub\T24-2022-CASE-Modeling\framework\analysis\hpte\runs\mumr-winopar-34\cz12\instance - run\
2020-04-09 21:44:16 -        ModelPathFile      = C:\Users\agoyal\Documents\GitHub\T24-2022-CASE-Modeling\framework\analysis\hpte\runs\mumr-winopar-34\cz12\instance.cibd22
2020-04-09 21:44:16 -        LogPathFile        = (null)
2020-04-09 21:44:16 -        UIVersionString    = CBECC-Com 2022.0.1 RV (1113)
2020-04-09 21:44:16 -        LoadModelFile      = false
2020-04-09 21:44:16 -        OptionsCSV         = AllowAnalysisAbort,0,StoreBEMDetails,1,AnalysisThruStep,8,ModelRpt_ALL,1,ExportHourlyResults_All,1,PromptUserUMLHWarning,1,PreAnalysisCheckPromptOption,3,CompReportWarningOption,5,
2020-04-09 21:44:16 -        ErrorMsg           = (assumed to be initialized)
2020-04-09 21:44:16 -        ErrorMsgLen        = 2056
2020-04-09 21:44:16 -        DisplayProgress    = true
2020-04-09 21:44:16 -        ResultsSummary     = (empty)
2020-04-09 21:44:16 -        ResultsSummaryLen  = 3200
2020-04-09 21:44:16 -        pProgCallbackFunc  = (null)
2020-04-09 21:44:17 - Performing Building Database check...
2020-04-09 21:44:17 - Building Database check completed, no problems found.
2020-04-09 21:44:17 - Warning:  The following developer options must be defaulted (not specified by the user) in order to perform a valid compliance analysis:
          Proj 'Mid-Rise Mixed-Use (5-story)' AutoHardSize
          Proj 'Mid-Rise Mixed-Use (5-story)' AutoEffInput
2020-04-09 21:44:17 -    1 file hash check(s) failed on executable and/or analysis support files (analysis continuing w/ report signature disabled)
2020-04-09 21:44:19 -   PerfAnal_NRes - AnalysisThruStep being set to #7 due to Proj:AnalysisType = Title24ProposedOnly
2020-04-09 21:44:19 - Performing Building Database check...
2020-04-09 21:44:19 - Building Database check completed, no problems found.
2020-04-09 21:44:19 - Warning:  The AirSystem:Count for multi-zone system 'DOAS1' is not consistent with the maximum or minimum ThermalZone:Multiplier of the zones the system serves. This indicates the HVAC system serves more than 1 floor, or that Multipliers or system Count may be improperly defined. Check inputs for consistency. evaluating rule: Set CHECKCODE AirSys:Cnt  (68:'HVACSecondary-General.rule' line 1398)
2020-04-09 21:44:24 -   PerfAnal_NRes - Bypassing OpenStudio (and simulation) for zp model
2020-04-09 21:44:26 -   PerfAnal_NRes - Bypassing OpenStudio (and simulation) for zb model
2020-04-09 21:47:36 - Error:  Undefined data: numerator evaluating rule: Set ANNUAL_BASELINE Fan:FlowCap  (75:'HVACSecondary-Fan-General.rule' line 494)
2020-04-09 21:47:36 - Error:  Undefined data: numerator evaluating rule: Set ANNUAL_BASELINE Fan:FlowCap  (75:'HVACSecondary-Fan-General.rule' line 494)
2020-04-09 21:47:36 - Error:  Undefined data: numerator evaluating rule: Set ANNUAL_BASELINE Fan:FlowCap  (75:'HVACSecondary-Fan-General.rule' line 494)
2020-04-09 21:47:36 - Error:  Undefined data: numerator evaluating rule: Set ANNUAL_BASELINE Fan:FlowCap  (75:'HVACSecondary-Fan-General.rule' line 529)
2020-04-09 21:47:36 - Error:  Undefined data: numerator evaluating rule: Set ANNUAL_BASELINE Fan:FlowCap  (75:'HVACSecondary-Fan-General.rule' line 529)
2020-04-09 21:47:36 - Error:  Undefined data: numerator evaluating rule: Set ANNUAL_BASELINE Fan:FlowCap  (75:'HVACSecondary-Fan-General.rule' line 529)
2020-04-09 21:47:36 - Error:  Undefined data: numerator evaluating rule: Set ANNUAL_BASELINE Fan:FlowCap  (75:'HVACSecondary-Fan-General.rule' line 529)
2020-04-09 21:47:36 - Error:  Undefined data: numerator evaluating rule: Set ANNUAL_BASELINE Fan:FlowCap  (75:'HVACSecondary-Fan-General.rule' line 529)
2020-04-09 21:47:36 - Error:  Undefined data: numerator evaluating rule: Set ANNUAL_BASELINE Fan:FlowCap  (75:'HVACSecondary-Fan-General.rule' line 529)
2020-04-09 21:47:36 - Error:  Undefined data: numerator evaluating rule: Set ANNUAL_BASELINE Fan:FlowCap  (75:'HVACSecondary-Fan-General.rule' line 529)
2020-04-09 21:47:36 - Error:  Undefined data: numerator evaluating rule: Set ANNUAL_BASELINE Fan:FlowCap  (75:'HVACSecondary-Fan-General.rule' line 529)
2020-04-09 21:47:36 - Error:  Undefined data: numerator evaluating rule: Set ANNUAL_BASELINE Fan:FlowCap  (75:'HVACSecondary-Fan-General.rule' line 529)
2020-04-09 21:47:36 - Error:  Undefined data: numerator evaluating rule: Set ANNUAL_BASELINE Fan:FlowCap  (75:'HVACSecondary-Fan-General.rule' line 529)
2020-04-09 21:47:36 - Error:  Undefined data: numerator evaluating rule: Set ANNUAL_BASELINE Fan:FlowCap  (75:'HVACSecondary-Fan-General.rule' line 529)
2020-04-09 21:47:36 - Error:  Undefined data: numerator evaluating rule: Set ANNUAL_BASELINE Fan:FlowCap  (75:'HVACSecondary-Fan-General.rule' line 529)
2020-04-09 21:47:36 - Error:  Undefined data: numerator evaluating rule: Set ANNUAL_BASELINE Fan:FlowCap  (75:'HVACSecondary-Fan-General.rule' line 529)
2020-04-09 21:47:36 - Error:  Undefined data: numerator evaluating rule: Set ANNUAL_BASELINE Fan:FlowCap  (75:'HVACSecondary-Fan-General.rule' line 529)
2020-04-09 21:47:36 - Error:  Undefined data: numerator evaluating rule: Set ANNUAL_BASELINE Fan:FlowCap  (75:'HVACSecondary-Fan-General.rule' line 529)
2020-04-09 21:47:36 - Error:  Undefined data: numerator evaluating rule: Set ANNUAL_BASELINE Fan:FlowCap  (75:'HVACSecondary-Fan-General.rule' line 529)
2020-04-09 21:47:36 - Error:  Undefined data: numerator evaluating rule: Set ANNUAL_BASELINE Fan:FlowCap  (75:'HVACSecondary-Fan-General.rule' line 529)
2020-04-09 21:47:36 - Error:  Undefined data: numerator evaluating rule: Set ANNUAL_BASELINE Fan:FlowCap  (75:'HVACSecondary-Fan-General.rule' line 529)
2020-04-09 21:47:36 - Error:  Undefined data: numerator evaluating rule: Set ANNUAL_BASELINE Fan:FlowCap  (75:'HVACSecondary-Fan-General.rule' line 529)
2020-04-09 21:47:36 - Error:  Undefined data: numerator evaluating rule: Set ANNUAL_BASELINE Fan:FlowCap  (75:'HVACSecondary-Fan-General.rule' line 529)
2020-04-09 21:47:36 - Error:  Undefined data: numerator evaluating rule: Set ANNUAL_BASELINE Fan:FlowCap  (75:'HVACSecondary-Fan-General.rule' line 529)
2020-04-09 21:47:36 - Error:  Undefined data: numerator evaluating rule: Set ANNUAL_BASELINE Fan:FlowCap  (75:'HVACSecondary-Fan-General.rule' line 529)
2020-04-09 21:47:36 - Error:  Division by zero evaluating rule: Set ANNUAL_BASELINE ThrmlZn:PriAirCondgSysDsgnFlow  (76:'HVACSecondary-Fan-FanRatios.rule' line 67)
2020-04-09 21:47:36 - Error:  Division by zero evaluating rule: Set ANNUAL_BASELINE ThrmlZn:PriAirCondgSysDsgnFlow  (76:'HVACSecondary-Fan-FanRatios.rule' line 67)
2020-04-09 21:47:36 - Error:  Division by zero evaluating rule: Set ANNUAL_BASELINE ThrmlZn:PriAirCondgSysDsgnFlow  (76:'HVACSecondary-Fan-FanRatios.rule' line 67)
2020-04-09 21:47:36 - Error:  Division by zero evaluating rule: Set ANNUAL_BASELINE ThrmlZn:PriAirCondgSysDsgnFlow  (76:'HVACSecondary-Fan-FanRatios.rule' line 67)
2020-04-09 21:47:36 - Error:  Division by zero evaluating rule: Set ANNUAL_BASELINE ThrmlZn:PriAirCondgSysDsgnFlow  (76:'HVACSecondary-Fan-FanRatios.rule' line 67)
2020-04-09 21:47:36 - Error:  Division by zero evaluating rule: Set ANNUAL_BASELINE ThrmlZn:PriAirCondgSysDsgnFlow  (76:'HVACSecondary-Fan-FanRatios.rule' line 67)
2020-04-09 21:47:36 - Error:  Division by zero evaluating rule: Set ANNUAL_BASELINE ThrmlZn:PriAirCondgSysDsgnFlow  (76:'HVACSecondary-Fan-FanRatios.rule' line 67)
2020-04-09 21:47:36 - Error:  Division by zero evaluating rule: Set ANNUAL_BASELINE ThrmlZn:PriAirCondgSysDsgnFlow  (76:'HVACSecondary-Fan-FanRatios.rule' line 67)
2020-04-09 21:47:36 - Error:  Division by zero evaluating rule: Set ANNUAL_BASELINE ThrmlZn:PriAirCondgSysDsgnFlow  (76:'HVACSecondary-Fan-FanRatios.rule' line 67)
2020-04-09 21:47:36 - Error:  Division by zero evaluating rule: Set ANNUAL_BASELINE ThrmlZn:PriAirCondgSysDsgnFlow  (76:'HVACSecondary-Fan-FanRatios.rule' line 67)
2020-04-09 21:47:36 - Error:  Division by zero evaluating rule: Set ANNUAL_BASELINE ThrmlZn:PriAirCondgSysDsgnFlow  (76:'HVACSecondary-Fan-FanRatios.rule' line 67)
2020-04-09 21:47:36 - Error:  Division by zero evaluating rule: Set ANNUAL_BASELINE ThrmlZn:PriAirCondgSysDsgnFlow  (76:'HVACSecondary-Fan-FanRatios.rule' line 67)
2020-04-09 21:47:36 - Error:  Division by zero evaluating rule: Set ANNUAL_BASELINE ThrmlZn:VentSysDsgnFlow  (76:'HVACSecondary-Fan-FanRatios.rule' line 111)
2020-04-09 21:47:36 - Error:  Division by zero evaluating rule: Set ANNUAL_BASELINE ThrmlZn:VentSysDsgnFlow  (76:'HVACSecondary-Fan-FanRatios.rule' line 111)
2020-04-09 21:47:36 - Error:  Division by zero evaluating rule: Set ANNUAL_BASELINE ThrmlZn:VentSysDsgnFlow  (76:'HVACSecondary-Fan-FanRatios.rule' line 111)
2020-04-09 21:47:36 - Error:  Division by zero evaluating rule: Set ANNUAL_BASELINE ThrmlZn:VentSysDsgnFlow  (76:'HVACSecondary-Fan-FanRatios.rule' line 111)
2020-04-09 21:47:36 - Error:  Division by zero evaluating rule: Set ANNUAL_BASELINE ThrmlZn:VentSysDsgnFlow  (76:'HVACSecondary-Fan-FanRatios.rule' line 111)
2020-04-09 21:47:36 - Error:  Division by zero evaluating rule: Set ANNUAL_BASELINE ThrmlZn:VentSysDsgnFlow  (76:'HVACSecondary-Fan-FanRatios.rule' line 111)
2020-04-09 21:47:36 - Error:  Division by zero evaluating rule: Set ANNUAL_BASELINE ThrmlZn:VentSysDsgnFlow  (76:'HVACSecondary-Fan-FanRatios.rule' line 111)
2020-04-09 21:47:36 - Error:  Division by zero evaluating rule: Set ANNUAL_BASELINE ThrmlZn:VentSysDsgnFlow  (76:'HVACSecondary-Fan-FanRatios.rule' line 111)
2020-04-09 21:47:36 - Error:  Division by zero evaluating rule: Set ANNUAL_BASELINE ThrmlZn:VentSysDsgnFlow  (76:'HVACSecondary-Fan-FanRatios.rule' line 111)
2020-04-09 21:47:36 - Error:  Division by zero evaluating rule: Set ANNUAL_BASELINE ThrmlZn:VentSysDsgnFlow  (76:'HVACSecondary-Fan-FanRatios.rule' line 111)
2020-04-09 21:47:36 - Error:  Division by zero evaluating rule: Set ANNUAL_BASELINE ThrmlZn:VentSysDsgnFlow  (76:'HVACSecondary-Fan-FanRatios.rule' line 111)
2020-04-09 21:47:36 - Error:  Division by zero evaluating rule: Set ANNUAL_BASELINE ThrmlZn:VentSysDsgnFlow  (76:'HVACSecondary-Fan-FanRatios.rule' line 111)
2020-04-09 21:47:38 -   PerfAnal_NRes - Bypassing OpenStudio (and simulation) for ab model
2020-04-09 21:47:38 -   PerfAnal_NRes - Completed analysis steps thru #7
2020-04-09 21:47:38 - Analysis incomplete  Processing time:  Overall 3:21 / SDD2IDF x2 avg 0:06 / SizSim x0 0:00 / AnnSim x2 avg 1:22 / ReportGen x0 0:00 / Other 0:20
2020-04-09 21:47:38 -       ResultsSummary population:  bAbort = (false) / RuleProcAbort = (false) / iRetVal = 0 / pszResultsSummary = (empty) / iResultsSummaryLen = 3200
2020-04-09 21:47:38 -       ResultsSummary components1:  2020-04-09 21:47:38 / instance / Mid-Rise Mixed-Use (5-story) / CTZ12S22A / Title24ProposedOnly / 3:21 /  / 
2020-04-09 21:47:38 -       ResultsSummary components2:  CBECC-Com 2022.0.1 RV (1113) / BEMCmpMgr 2022.0.1 RV (6107) / CA 2022 Nonresidential, Vers. 1.0 Alpha /  /  / - / C:\Users\agoyal\Documents\CBECC-Com 2022 Data\EPW\ / C:\Users\agoyal\Documents\GitHub\T24-2022-CASE-Modeling\framework\analysis\hpte\runs\mumr-winopar-34\cz12\
2020-04-09 21:47:38 -       ResultsSummary:  2020-04-09 21:47:38,"instance","Mid-Rise Mixed-Use (5-story)","CTZ12S22A","Pol  0% RetAdd NoLeak",113100,141000,"Title24ProposedOnly",3:21,,,"--","--","Successful (219 warnings)",12.6761,95694.6,58200.9,0,247.87,13430.1,81978.1,249564,217441,0,149101,34551.8,0,0,650658,3926.14,0,0,0,0,9035.28,0,12961.4,586.724,0,0,0,13548.1,0,0,0,0,0,0,0,0,0,0,0,0,0,9.31438,33.0077,15.4951,0,0.0573124,22.4609,19.3544,99.6898,55.7605,0,38.6198,8.47903,0,0,202.549,172.767,29.7823,0,2104.5,"Thermal Zone: F2-4 Corridor",0,1790.5,"Thermal Zone: F5 Corridor",0,"--","--","",0,0,0,0,0,0,0,0,0,0,0,0,0,0,0,0,0,0,0,0,0,0,0,0,0,0,0,0,0,0,0,0,0,0,0,0,0,0,0,0,0,0,0,0,0,0,0,0,0,0,0,0,0,0,0,0,0,0,0,,,,,,,2.24894e-05,39.5653,11.3161,0,0.0212426,2.15631,14.3435,67.4025,38.321,0,25.7371,3.94427,0,0,135.405,0,0,0,0,0,0,0,0,0,0,0,0,0,0,0,"CBECC-Com 2022.0.1 RV (1113)","BEMCmpMgr 2022.0.1 RV (6107)","CA 2022 Nonresidential, Vers. 1.0 Alpha","","","-","C:\Users\agoyal\Documents\CBECC-Com 2022 Data\EPW\","C:\Users\agoyal\Documents\GitHub\T24-2022-CASE-Modeling\framework\analysis\hpte\runs\mumr-winopar-34\cz12\",0.00244283,10.9233,8.37218,0,0.0363369,1.70484,9.06133,30.09,32.1279,0,25.58,5.65158,0,0,93.45,1.88253,0,0,0,0,4.33229,0,6.21,0.281326,0,0,0,6.49,0,0,0,0,0,0,0,0,0,0,0,0,0,0,0,0,0,0,0,0,0,0,0,0,0,0,0,0,3.23341,1.81935,1.39445,0,0.00605216,7.7241,1.50923,15.6866,5.83428,0,4.26052,0.941311,0,0,26.7227,0,0,0,0,0,0,0,0,0,0,0,0,0,0,0,

2020-04-09 21:47:41 - -----------------------------------------------------------------------------
2020-04-09 21:47:41 - Opening Project 'cz12\instance.cibd22'...
2020-04-09 21:47:42 -    Model load successful into CBECC-Com 2022.0.1 RV (1113)
2020-04-09 21:47:42 - Performing Building Database check...
2020-04-09 21:47:42 - Building Database check completed, no problems found.
2020-04-09 21:47:46 - Project Saved
