---------------
Warning: Zone 'Zone1-zn': Unmet cooling loads during 294 hours of run.
---------------
Warning: Zone 'Zone2-zn': Unmet cooling loads during 488 hours of run.
---------------
Warning: Zone 'Zone3-zn': Unmet cooling loads during 407 hours of run.
---------------
Warning: Zone 'Corridor1-zn': Unmet cooling loads during 8 hours of run.
---------------
Warning: Zone 'BusinessCenter1-zn': Unmet cooling loads during 9 hours of run.
---------------
Warning: Zone 'FitnessCenter1-zn': Unmet cooling loads during 15 hours of run.
---------------
Warning: Zone 'Laundry1-zn': Unmet cooling loads during 55 hours of run.
---------------
Warning: Zone 'LeasingOffice1-zn': Unmet cooling loads during 9 hours of run.
---------------
Warning: Zone 'Lobby1-zn': Unmet cooling loads during 10 hours of run.
---------------
Warning: 
  Zone 'MechanicalRoom1-zn': Unmet heating loads during 411 hours of run.
---------------
Warning: 
  Zone 'MechanicalRoom1-zn': Unmet cooling loads during 1908 hours of run.
---------------
Warning: Zone 'Stairs1-zn': Unmet cooling loads during 23 hours of run.
---------------
Warning: Zone 'Corridor2-zn': Unmet cooling loads during 12 hours of run.
---------------
Warning: Zone 'Corridor3-zn': Unmet cooling loads during 1 hours of run.
---------------
Warning: Zone 'Stairs2-zn': Unmet cooling loads during 23 hours of run.
---------------
Warning: Zone 'Stairs3-zn': Unmet cooling loads during 23 hours of run.
---------------
