2020-03-27 18:21:23 - -----------------------------------------------------------------------------
2020-03-27 18:21:23 - Opening Project 'cz03\instance.cibd22'...
2020-03-27 18:21:23 - Error resolving project component references: 4 not found.
2020-03-27 18:21:23 -       'Compliance Insulation R4.5' (once)
2020-03-27 18:21:23 -       'Compliance Insulation R1.0' (once)
2020-03-27 18:21:23 -       ' Gypsum Board - 1/2 in.' (once)
2020-03-27 18:21:23 -       'WoodRoof16OCCavInsR23' (once)
2020-03-27 18:21:23 -    Model load failed (return code 6) into CBECC-Com 2022.0.1 RV (1113)
2020-03-27 18:21:23 - Error(s) encountered (return code 6: Unable to read/parse building energy model file) reading project file:  C:\Users\ndperry\Documents\GitHub\T24-2022-CASE-Modeling\framework\analysis\hpte\runs\mumr-roof-r2326\cz03\instance.cibd22
2020-03-27 18:21:26 - Performing Building Database check...
2020-03-27 18:21:26 - Building Database check completed, no problems found.
2020-03-27 18:29:14 - -----------------------------------------------------------------------------
2020-03-27 18:29:14 - Opening Project 'cz03\instance.cibd22'...
2020-03-27 18:29:14 - Error resolving project component references: 4 not found.
2020-03-27 18:29:14 -       'Compliance Insulation R4.5' (once)
2020-03-27 18:29:14 -       'Compliance Insulation R1.0' (once)
2020-03-27 18:29:14 -       ' Gypsum Board - 1/2 in.' (once)
2020-03-27 18:29:14 -       'WoodRoof16OCCavInsR23' (once)
2020-03-27 18:29:14 -    Model load failed (return code 6) into CBECC-Com 2022.0.1 RV (1113)
2020-03-27 18:29:14 - Error(s) encountered (return code 6: Unable to read/parse building energy model file) reading project file:  C:\Users\ndperry\Documents\GitHub\T24-2022-CASE-Modeling\framework\analysis\hpte\runs\mumr-roof-r2326\cz03\instance.cibd22
2020-03-27 18:29:19 - Performing Building Database check...
2020-03-27 18:29:19 - Building Database check completed, no problems found.
2020-03-27 18:30:36 - -----------------------------------------------------------------------------
2020-03-27 18:30:36 - Opening Project 'cz03\instance.cibd22'...
2020-03-27 18:30:36 - Error resolving project component references: 4 not found.
2020-03-27 18:30:36 -       'Compliance Insulation R4.5' (once)
2020-03-27 18:30:36 -       'Compliance Insulation R1.0' (once)
2020-03-27 18:30:36 -       ' Gypsum Board - 1/2 in.' (once)
2020-03-27 18:30:36 -       'WoodRoof16OCCavInsR23' (once)
2020-03-27 18:30:36 -    Model load failed (return code 6) into CBECC-Com 2022.0.1 RV (1113)
2020-03-27 18:30:36 - Error(s) encountered (return code 6: Unable to read/parse building energy model file) reading project file:  C:\Users\ndperry\Documents\GitHub\T24-2022-CASE-Modeling\framework\analysis\hpte\runs\mumr-roof-r2326\cz03\instance.cibd22
2020-03-27 18:30:39 - Performing Building Database check...
2020-03-27 18:30:39 - Building Database check completed, no problems found.
2020-03-27 18:32:18 - -----------------------------------------------------------------------------
2020-03-27 18:32:18 - Opening Project 'cz03\instance.cibd22'...
2020-03-27 18:32:18 -    ERROR - reading file: Mat 'Compliance Insulation R5.50' property CodeItem  =  'Compliance Insulation R5.50' on line # 124
2020-03-27 18:32:19 - Error resolving project component references: 4 not found.
2020-03-27 18:32:19 -       'Compliance Insulation R4.5' (once)
2020-03-27 18:32:19 -       'Compliance Insulation R1.0' (once)
2020-03-27 18:32:19 -       ' Gypsum Board - 1/2 in.' (once)
2020-03-27 18:32:19 -       'WoodRoof16OCCavInsR23' (once)
2020-03-27 18:32:19 -    Model load failed (return code 6) into CBECC-Com 2022.0.1 RV (1113)
2020-03-27 18:32:19 - 1 error(s) encountered (return code 6: Unable to read/parse building energy model file) reading project file:  C:\Users\ndperry\Documents\GitHub\T24-2022-CASE-Modeling\framework\analysis\hpte\runs\mumr-roof-r2326\cz03\instance.cibd22
2020-03-27 18:32:21 - Performing Building Database check...
2020-03-27 18:32:21 - Building Database check completed, no problems found.
2020-03-27 18:36:40 - -----------------------------------------------------------------------------
2020-03-27 18:36:40 - Opening Project 'cz03\instance.cibd22'...
2020-03-27 18:36:40 -    ERROR - reading file: Mat 'Compliance Insulation R5.50' property CodeItem  =  'Compliance Insulation R5.50' on line # 124
2020-03-27 18:36:40 - Error resolving project component references: 1 not found.
2020-03-27 18:36:40 -       ' Gypsum Board - 1/2 in.' (once)
2020-03-27 18:36:40 -    Model load failed (return code 6) into CBECC-Com 2022.0.1 RV (1113)
2020-03-27 18:36:40 - 1 error(s) encountered (return code 6: Unable to read/parse building energy model file) reading project file:  C:\Users\ndperry\Documents\GitHub\T24-2022-CASE-Modeling\framework\analysis\hpte\runs\mumr-roof-r2326\cz03\instance.cibd22
2020-03-27 18:36:43 - Performing Building Database check...
2020-03-27 18:36:43 - Building Database check completed, no problems found.
2020-03-27 18:36:43 - Error:  ConsAssmUFactor Error:  ConsAssm object 'WoodFramingAndOtherRoofU028' has gap in material references (~items 6/7). evaluating rule: Set DEFAULT ConsAssm:UFactor  (19:'ConstructAssembly.rule' line 1252)
2020-03-27 18:36:44 - Error:  ConsAssmUFactor Error:  ConsAssm object 'WoodFramingAndOtherRoofU028' has gap in material references (~items 6/7). evaluating rule: Set DEFAULT ConsAssm:UFactor  (19:'ConstructAssembly.rule' line 1252)
2020-03-27 18:36:45 - Error:  ConsAssmUFactor Error:  ConsAssm object 'WoodFramingAndOtherRoofU028' has gap in material references (~items 6/7). evaluating rule: Set DEFAULT ConsAssm:UFactor  (19:'ConstructAssembly.rule' line 1252)
2020-03-27 18:39:41 - Project Saved
2020-03-27 18:39:46 - -----------------------------------------------------------------------------
2020-03-27 18:39:46 - Opening Project 'cz03\instance.cibd22'...
2020-03-27 18:39:46 - Error:  Multiple referenced objects found with the same name:  | Compliance Insulation R6.00| Compliance Insulation R1.00
2020-03-27 18:39:46 -    Model load successful into CBECC-Com 2022.0.1 RV (1113)
2020-03-27 18:39:47 - Performing Building Database check...
2020-03-27 18:39:47 - Building Database check completed, no problems found.
2020-03-27 18:39:47 - Error:  ConsAssmUFactor Error:  ConsAssm object 'WoodFramingAndOtherRoofU028' has gap in material references (~items 6/7). evaluating rule: Set DEFAULT ConsAssm:UFactor  (19:'ConstructAssembly.rule' line 1252)
2020-03-27 18:39:48 - Error:  ConsAssmUFactor Error:  ConsAssm object 'WoodFramingAndOtherRoofU028' has gap in material references (~items 6/7). evaluating rule: Set DEFAULT ConsAssm:UFactor  (19:'ConstructAssembly.rule' line 1252)
2020-03-27 18:39:48 - Error:  ConsAssmUFactor Error:  ConsAssm object 'WoodFramingAndOtherRoofU028' has gap in material references (~items 6/7). evaluating rule: Set DEFAULT ConsAssm:UFactor  (19:'ConstructAssembly.rule' line 1252)
2020-03-27 18:53:03 - -----------------------------------------------------------------------------
2020-03-27 18:53:03 - Opening Project 'cz03\instance.cibd22'...
2020-03-27 18:53:03 -    ERROR - reading file: Mat 'Compliance Insulation R5.50' property CodeItem  =  'Compliance Insulation R5.50' on line # 124
2020-03-27 18:53:04 - Error resolving project component references: 1 not found.
2020-03-27 18:53:04 -       ' Gypsum Board - 1/2 in.' (once)
2020-03-27 18:53:04 -    Model load failed (return code 6) into CBECC-Com 2022.0.1 RV (1113)
2020-03-27 18:53:04 - 1 error(s) encountered (return code 6: Unable to read/parse building energy model file) reading project file:  C:\Users\ndperry\Documents\GitHub\T24-2022-CASE-Modeling\framework\analysis\hpte\runs\mumr-roof-r2326\cz03\instance.cibd22
2020-03-27 18:53:06 - Performing Building Database check...
2020-03-27 18:53:06 - Building Database check completed, no problems found.
2020-03-27 18:53:07 - Error:  ConsAssmUFactor Error:  ConsAssm object 'WoodFramingAndOtherRoofU028' has gap in material references (~items 6/7). evaluating rule: Set DEFAULT ConsAssm:UFactor  (19:'ConstructAssembly.rule' line 1252)
2020-03-27 18:53:07 - Error:  ConsAssmUFactor Error:  ConsAssm object 'WoodFramingAndOtherRoofU028' has gap in material references (~items 6/7). evaluating rule: Set DEFAULT ConsAssm:UFactor  (19:'ConstructAssembly.rule' line 1252)
2020-03-27 18:53:08 - Error:  ConsAssmUFactor Error:  ConsAssm object 'WoodFramingAndOtherRoofU028' has gap in material references (~items 6/7). evaluating rule: Set DEFAULT ConsAssm:UFactor  (19:'ConstructAssembly.rule' line 1252)
2020-03-27 18:53:15 - -----------------------------------------------------------------------------
2020-03-27 18:53:15 - Opening Project 'cz03\instance.cibd22'...
2020-03-27 18:53:15 -    ERROR - reading file: Mat 'Compliance Insulation R5.50' property CodeItem  =  'Compliance Insulation R5.50' on line # 124
2020-03-27 18:53:15 - Error resolving project component references: 1 not found.
2020-03-27 18:53:15 -       ' Gypsum Board - 1/2 in.' (once)
2020-03-27 18:53:15 -    Model load failed (return code 6) into CBECC-Com 2022.0.1 RV (1113)
2020-03-27 18:53:15 - 1 error(s) encountered (return code 6: Unable to read/parse building energy model file) reading project file:  C:\Users\ndperry\Documents\GitHub\T24-2022-CASE-Modeling\framework\analysis\hpte\runs\mumr-roof-r2326\cz03\instance.cibd22
2020-03-27 18:53:24 - Performing Building Database check...
2020-03-27 18:53:24 - Building Database check completed, no problems found.
2020-03-27 18:53:24 - Error:  ConsAssmUFactor Error:  ConsAssm object 'WoodFramingAndOtherRoofU028' has gap in material references (~items 6/7). evaluating rule: Set DEFAULT ConsAssm:UFactor  (19:'ConstructAssembly.rule' line 1252)
2020-03-27 18:53:25 - Error:  ConsAssmUFactor Error:  ConsAssm object 'WoodFramingAndOtherRoofU028' has gap in material references (~items 6/7). evaluating rule: Set DEFAULT ConsAssm:UFactor  (19:'ConstructAssembly.rule' line 1252)
2020-03-27 18:53:25 - Error:  ConsAssmUFactor Error:  ConsAssm object 'WoodFramingAndOtherRoofU028' has gap in material references (~items 6/7). evaluating rule: Set DEFAULT ConsAssm:UFactor  (19:'ConstructAssembly.rule' line 1252)
2020-03-27 18:54:07 - -----------------------------------------------------------------------------
2020-03-27 18:54:07 - Opening Project 'cz03\instance.cibd22'...
2020-03-27 18:54:07 -    ERROR - reading file: Mat 'Compliance Insulation R5.50' property CodeItem  =  'Compliance Insulation R5.50' on line # 124
2020-03-27 18:54:07 -    ERROR - reading file: Mat 'Compliance Insulation R5.50' property CodeItem  =  'Compliance Insulation R5.50' on line # 17802
2020-03-27 18:54:07 - Error resolving project component references: 1 not found.
2020-03-27 18:54:07 -       ' Gypsum Board - 1/2 in.' (once)
2020-03-27 18:54:07 -    Model load failed (return code 6) into CBECC-Com 2022.0.1 RV (1113)
2020-03-27 18:54:07 - 2 error(s) encountered (return code 6: Unable to read/parse building energy model file) reading project file:  C:\Users\ndperry\Documents\GitHub\T24-2022-CASE-Modeling\framework\analysis\hpte\runs\mumr-roof-r2326\cz03\instance.cibd22
2020-03-27 18:54:13 - Performing Building Database check...
2020-03-27 18:54:13 - Building Database check completed, no problems found.
2020-03-27 18:54:13 - Error:  ConsAssmUFactor Error:  ConsAssm object 'WoodFramingAndOtherRoofU028' has gap in material references (~items 6/7). evaluating rule: Set DEFAULT ConsAssm:UFactor  (19:'ConstructAssembly.rule' line 1252)
2020-03-27 18:54:14 - Error:  ConsAssmUFactor Error:  ConsAssm object 'WoodFramingAndOtherRoofU028' has gap in material references (~items 6/7). evaluating rule: Set DEFAULT ConsAssm:UFactor  (19:'ConstructAssembly.rule' line 1252)
2020-03-27 18:54:15 - Error:  ConsAssmUFactor Error:  ConsAssm object 'WoodFramingAndOtherRoofU028' has gap in material references (~items 6/7). evaluating rule: Set DEFAULT ConsAssm:UFactor  (19:'ConstructAssembly.rule' line 1252)
2020-03-27 18:55:44 - -----------------------------------------------------------------------------
2020-03-27 18:55:44 - Opening Project 'cz03\instance.cibd22'...
2020-03-27 18:55:44 - Error resolving project component references: 1 not found.
2020-03-27 18:55:44 -       ' Gypsum Board - 1/2 in.' (once)
2020-03-27 18:55:44 -    Model load failed (return code 6) into CBECC-Com 2022.0.1 RV (1113)
2020-03-27 18:55:44 - Error(s) encountered (return code 6: Unable to read/parse building energy model file) reading project file:  C:\Users\ndperry\Documents\GitHub\T24-2022-CASE-Modeling\framework\analysis\hpte\runs\mumr-roof-r2326\cz03\instance.cibd22
2020-03-27 18:55:46 - Performing Building Database check...
2020-03-27 18:55:46 - Building Database check completed, no problems found.
2020-03-27 18:55:47 - Error:  ConsAssmUFactor Error:  ConsAssm object 'WoodFramingAndOtherRoofU028' has gap in material references (~items 6/7). evaluating rule: Set DEFAULT ConsAssm:UFactor  (19:'ConstructAssembly.rule' line 1252)
2020-03-27 18:55:47 - Error:  ConsAssmUFactor Error:  ConsAssm object 'WoodFramingAndOtherRoofU028' has gap in material references (~items 6/7). evaluating rule: Set DEFAULT ConsAssm:UFactor  (19:'ConstructAssembly.rule' line 1252)
2020-03-27 18:55:48 - Error:  ConsAssmUFactor Error:  ConsAssm object 'WoodFramingAndOtherRoofU028' has gap in material references (~items 6/7). evaluating rule: Set DEFAULT ConsAssm:UFactor  (19:'ConstructAssembly.rule' line 1252)
2020-03-27 18:57:04 - -----------------------------------------------------------------------------
2020-03-27 18:57:04 - Opening Project 'cz03\instance.cibd22'...
2020-03-27 18:57:04 - Error resolving project component references: 1 not found.
2020-03-27 18:57:04 -       ' Gypsum Board - 1/2 in.' (once)
2020-03-27 18:57:04 -    Model load failed (return code 6) into CBECC-Com 2022.0.1 RV (1113)
2020-03-27 18:57:04 - Error(s) encountered (return code 6: Unable to read/parse building energy model file) reading project file:  C:\Users\ndperry\Documents\GitHub\T24-2022-CASE-Modeling\framework\analysis\hpte\runs\mumr-roof-r2326\cz03\instance.cibd22
2020-03-27 18:57:06 - Performing Building Database check...
2020-03-27 18:57:06 - Building Database check completed, no problems found.
2020-03-27 18:57:07 - Error:  ConsAssmUFactor Error:  ConsAssm object 'WoodFramingAndOtherRoofU028' has gap in material references (~items 6/7). evaluating rule: Set DEFAULT ConsAssm:UFactor  (19:'ConstructAssembly.rule' line 1252)
2020-03-27 18:57:07 - Error:  ConsAssmUFactor Error:  ConsAssm object 'WoodFramingAndOtherRoofU028' has gap in material references (~items 6/7). evaluating rule: Set DEFAULT ConsAssm:UFactor  (19:'ConstructAssembly.rule' line 1252)
2020-03-27 18:57:08 - Error:  ConsAssmUFactor Error:  ConsAssm object 'WoodFramingAndOtherRoofU028' has gap in material references (~items 6/7). evaluating rule: Set DEFAULT ConsAssm:UFactor  (19:'ConstructAssembly.rule' line 1252)
2020-03-27 18:58:12 - -----------------------------------------------------------------------------
2020-03-27 18:58:12 - Opening Project 'cz03\instance.cibd22'...
2020-03-27 18:58:12 - Error resolving project component references: 1 not found.
2020-03-27 18:58:12 -       ' Gypsum Board - 1/2 in.' (once)
2020-03-27 18:58:12 -    Model load failed (return code 6) into CBECC-Com 2022.0.1 RV (1113)
2020-03-27 18:58:12 - Error(s) encountered (return code 6: Unable to read/parse building energy model file) reading project file:  C:\Users\ndperry\Documents\GitHub\T24-2022-CASE-Modeling\framework\analysis\hpte\runs\mumr-roof-r2326\cz03\instance.cibd22
2020-03-27 18:58:14 - Performing Building Database check...
2020-03-27 18:58:14 - Building Database check completed, no problems found.
2020-03-27 18:58:14 - Error:  ConsAssmUFactor Error:  ConsAssm object 'WoodFramingAndOtherRoofU028' has gap in material references (~items 6/7). evaluating rule: Set DEFAULT ConsAssm:UFactor  (19:'ConstructAssembly.rule' line 1252)
2020-03-27 18:58:15 - Error:  ConsAssmUFactor Error:  ConsAssm object 'WoodFramingAndOtherRoofU028' has gap in material references (~items 6/7). evaluating rule: Set DEFAULT ConsAssm:UFactor  (19:'ConstructAssembly.rule' line 1252)
2020-03-27 18:58:16 - Error:  ConsAssmUFactor Error:  ConsAssm object 'WoodFramingAndOtherRoofU028' has gap in material references (~items 6/7). evaluating rule: Set DEFAULT ConsAssm:UFactor  (19:'ConstructAssembly.rule' line 1252)
2020-03-27 19:02:09 - -----------------------------------------------------------------------------
2020-03-27 19:02:09 - Opening Project 'cz03\instance.cibd22'...
2020-03-27 19:02:10 - Error:  Multiple referenced objects found with the same name:  | Compliance Insulation R6.00| Compliance Insulation R1.00
2020-03-27 19:02:10 -    Model load successful into CBECC-Com 2022.0.1 RV (1113)
2020-03-27 19:02:10 - Performing Building Database check...
2020-03-27 19:02:10 - Building Database check completed, no problems found.
2020-03-27 19:52:04 - -----------------------------------------------------------------------------
2020-03-27 19:52:04 - Opening Project 'cz03\instance.cibd22'...
2020-03-27 19:52:06 - Error:  Multiple referenced objects found with the same name:  | Compliance Insulation R1.00
2020-03-27 19:52:06 -    Model load successful into CBECC-Com 2022.0.1 RV (1113)
2020-03-27 19:52:06 - Performing Building Database check...
2020-03-27 19:52:06 - Building Database check completed, no problems found.
2020-03-27 19:52:14 -   PerfAnal_NRes - starting, w/ arguments:
2020-03-27 19:52:14 -        BEMBasePathFile    = (null)
2020-03-27 19:52:14 -        RulesetPathFile    = (null)
2020-03-27 19:52:14 -        SimWeatherPath     = C:\Users\ndperry\Documents\CBECC-Com 2022 Data\EPW\
2020-03-27 19:52:14 -        CompMgrDLLPath     = (null)
2020-03-27 19:52:14 -        DHWWeatherPath     = (null)
2020-03-27 19:52:14 -        ProcessingPath     = C:\Users\ndperry\Documents\GitHub\T24-2022-CASE-Modeling\framework\analysis\hpte\runs\mumr-roof-r2326\cz03\instance - run\
2020-03-27 19:52:14 -        ModelPathFile      = C:\Users\ndperry\Documents\GitHub\T24-2022-CASE-Modeling\framework\analysis\hpte\runs\mumr-roof-r2326\cz03\instance.cibd22
2020-03-27 19:52:14 -        LogPathFile        = (null)
2020-03-27 19:52:14 -        UIVersionString    = CBECC-Com 2022.0.1 RV (1113)
2020-03-27 19:52:14 -        LoadModelFile      = false
2020-03-27 19:52:14 -        OptionsCSV         = AllowAnalysisAbort,0,StoreBEMDetails,1,AnalysisThruStep,8,ModelRpt_ALL,1,ExportHourlyResults_All,1,PromptUserUMLHWarning,1,PreAnalysisCheckPromptOption,3,CompReportWarningOption,5,
2020-03-27 19:52:14 -        ErrorMsg           = (assumed to be initialized)
2020-03-27 19:52:14 -        ErrorMsgLen        = 2056
2020-03-27 19:52:14 -        DisplayProgress    = true
2020-03-27 19:52:14 -        ResultsSummary     = (empty)
2020-03-27 19:52:14 -        ResultsSummaryLen  = 3200
2020-03-27 19:52:14 -        pProgCallbackFunc  = (null)
2020-03-27 19:52:16 - Error:  Multiple referenced objects found with the same name:  | Compliance Insulation R1.00 |
2020-03-27 19:52:16 - Error:  Multiple referenced objects found with the same name:  | Compliance Insulation R1.00 |
2020-03-27 19:52:16 - Analysis aborted  Processing time:  Overall 0:01 / SDD2IDF x0 0:00 / SizSim x0 0:00 / AnnSim x0 0:00 / ReportGen x0 0:00 / Other 0:01
2020-03-27 19:52:16 -       ResultsSummary population:  bAbort = (true) / RuleProcAbort = (false) / iRetVal = 53 / pszResultsSummary = (empty) / iResultsSummaryLen = 3200
2020-03-27 19:52:16 - Error:  Multiple referenced objects found with the same name:  | Compliance Insulation R1.00 |
2020-03-27 19:52:18 - -----------------------------------------------------------------------------
2020-03-27 19:52:18 - Opening Project 'cz03\instance.cibd22'...
2020-03-27 19:52:19 - Error:  Multiple referenced objects found with the same name:  | Compliance Insulation R1.00
2020-03-27 19:52:19 -    Model load successful into CBECC-Com 2022.0.1 RV (1113)
2020-03-27 19:52:20 - Performing Building Database check...
2020-03-27 19:52:20 - Building Database check completed, no problems found.
2020-03-27 19:52:24 - Error:  Multiple referenced objects found with the same name:  | Compliance Insulation R1.00
2020-03-27 19:52:24 - Project Saved
