2020-03-19 16:14:26 - -----------------------------------------------------------------------------
2020-03-19 16:14:26 - Opening Project 'cz07\instance.ribd22'...
2020-03-19 16:14:26 -    ERROR - reading file: Cons 'Ceiling Below Attic Cons' property SheathInsulLayer  =  '- no sheathing/insul. - ' on line # 2566
2020-03-19 16:14:26 -    Model load successful into CBECC-Res 2022.0.2 RV (1133)
2020-03-19 16:14:26 - 1 error(s) encountered reading project file:  C:\Users\mnakajima\Documents\GitHub\T24-2022-CASE-Modeling\framework\analysis\hpte\runs\lrlc-QII-0\cz07\instance.ribd22
2020-03-19 16:14:38 - Performing Building Database check...
2020-03-19 16:14:38 - Building Database check completed, no problems found.
2020-03-19 16:20:19 - -----------------------------------------------------------------------------
2020-03-19 16:20:19 - Opening Project 'cz07\instance.ribd22'...
2020-03-19 16:20:19 -    ERROR - reading file: Cons 'Ceiling Below Attic Cons' property SheathInsulLayer  =  '- no sheathing/insul. - ' on line # 2566
2020-03-19 16:20:19 -    Model load successful into CBECC-Res 2022.0.2 RV (1133)
2020-03-19 16:20:19 - 1 error(s) encountered reading project file:  C:\Users\mnakajima\Documents\GitHub\T24-2022-CASE-Modeling\framework\analysis\hpte\runs\lrlc-QII-0\cz07\instance.ribd22
2020-03-19 16:20:21 - Performing Building Database check...
2020-03-19 16:20:21 - Building Database check completed, no problems found.
2020-03-19 17:12:23 - -----------------------------------------------------------------------------
2020-03-19 17:12:23 - Opening Project 'cz07\instance.ribd22'...
2020-03-19 17:12:23 -    Model load successful into CBECC-Res 2022.0.2 RV (1133)
2020-03-19 17:12:24 - Performing Building Database check...
2020-03-19 17:12:24 - Building Database check completed, no problems found.
2020-03-19 17:38:50 - -----------------------------------------------------------------------------
2020-03-19 17:38:50 - Opening Project 'cz07\instance.ribd22'...
2020-03-19 17:38:50 - Error reading component from file because 'file read error', line 2535, column 27
2020-03-19 17:38:50 - Error reading building model input file
2020-03-19 17:38:50 -    Model load failed (return code 6) into CBECC-Res 2022.0.2 RV (1133)
2020-03-19 17:38:50 - Error(s) encountered (return code 6: Unable to read/parse building energy model file) reading project file:  C:\Users\agoyal\Documents\GitHub\T24-2022-CASE-Modeling\framework\analysis\hpte\runs\lrlc-QII-0\cz07\instance.ribd22
2020-03-19 17:38:52 - Performing Building Database check...
2020-03-19 17:38:52 - Building Database check completed, no problems found.
2020-03-19 18:52:12 - -----------------------------------------------------------------------------
2020-03-19 18:52:12 - Opening Project 'cz07\instance.ribd22'...
2020-03-19 18:52:12 -    ERROR - reading file: component Proj '2019 Prototype 39372ft2 Prop Mixed - In-Unit Heat Pump DHW' includes unrecognized property 'SoftwareVersionDetail' on line # 28
2020-03-19 18:52:12 -    ERROR - reading file: component Proj '2019 Prototype 39372ft2 Prop Mixed - In-Unit Heat Pump DHW' includes unrecognized property 'BattDRNumRankedDays' on line # 72
2020-03-19 18:52:12 -    ERROR - reading file: component OtherZone 'Corridor1' includes unrecognized property 'IAQOption' on line # 1068
2020-03-19 18:52:12 -    ERROR - reading file: component OtherZone 'Corridor1' includes unrecognized property 'IAQFanCnt' on line # 1069
2020-03-19 18:52:12 -    ERROR - reading file: component OtherZone 'BusinessCenter1' includes unrecognized property 'IAQOption' on line # 1106
2020-03-19 18:52:12 -    ERROR - reading file: component OtherZone 'BusinessCenter1' includes unrecognized property 'IAQFanCnt' on line # 1107
2020-03-19 18:52:12 -    ERROR - reading file: component OtherZone 'FitnessCenter1' includes unrecognized property 'IAQOption' on line # 1171
2020-03-19 18:52:12 -    ERROR - reading file: component OtherZone 'FitnessCenter1' includes unrecognized property 'IAQFanCnt' on line # 1172
2020-03-19 18:52:12 -    ERROR - reading file: component OtherZone 'Laundry1' includes unrecognized property 'IAQOption' on line # 1236
2020-03-19 18:52:12 -    ERROR - reading file: component OtherZone 'Laundry1' includes unrecognized property 'IAQFanCnt' on line # 1237
2020-03-19 18:52:12 -    ERROR - reading file: component OtherZone 'LeasingOffice1' includes unrecognized property 'IAQOption' on line # 1338
2020-03-19 18:52:12 -    ERROR - reading file: component OtherZone 'LeasingOffice1' includes unrecognized property 'IAQFanCnt' on line # 1339
2020-03-19 18:52:12 -    ERROR - reading file: component OtherZone 'Lobby1' includes unrecognized property 'IAQOption' on line # 1440
2020-03-19 18:52:12 -    ERROR - reading file: component OtherZone 'Lobby1' includes unrecognized property 'IAQFanCnt' on line # 1441
2020-03-19 18:52:12 -    ERROR - reading file: component OtherZone 'MechanicalRoom1' includes unrecognized property 'IAQOption' on line # 1540
2020-03-19 18:52:12 -    ERROR - reading file: component OtherZone 'MechanicalRoom1' includes unrecognized property 'IAQFanCnt' on line # 1541
2020-03-19 18:52:12 -    ERROR - reading file: component OtherZone 'Stairs1' includes unrecognized property 'IAQOption' on line # 1589
2020-03-19 18:52:12 -    ERROR - reading file: component OtherZone 'Stairs1' includes unrecognized property 'IAQFanCnt' on line # 1590
2020-03-19 18:52:12 -    ERROR - reading file: component OtherZone 'Corridor2' includes unrecognized property 'IAQOption' on line # 1656
2020-03-19 18:52:12 -    ERROR - reading file: component OtherZone 'Corridor2' includes unrecognized property 'IAQFanCnt' on line # 1657
2020-03-19 18:52:12 -    ERROR - reading file: component OtherZone 'Corridor3' includes unrecognized property 'IAQOption' on line # 1719
2020-03-19 18:52:12 -    ERROR - reading file: component OtherZone 'Corridor3' includes unrecognized property 'IAQFanCnt' on line # 1720
2020-03-19 18:52:12 -    ERROR - reading file: component OtherZone 'Stairs2' includes unrecognized property 'IAQOption' on line # 1789
2020-03-19 18:52:12 -    ERROR - reading file: component OtherZone 'Stairs2' includes unrecognized property 'IAQFanCnt' on line # 1790
2020-03-19 18:52:12 -    ERROR - reading file: component OtherZone 'Stairs3' includes unrecognized property 'IAQOption' on line # 1854
2020-03-19 18:52:12 -    ERROR - reading file: component OtherZone 'Stairs3' includes unrecognized property 'IAQFanCnt' on line # 1855
2020-03-19 18:52:13 -    ERROR - reading file: component EUseSummary 'EUSummary' includes unrecognized property 'StdDHW_SSF' on line # 2398
2020-03-19 18:52:13 -    ERROR - reading file: component IAQFan 'TwoBedroomIAQFan' includes unrecognized property 'IncludesRecov' on line # 3985
2020-03-19 18:52:13 -    ERROR - reading file: component IAQFan 'TwoBedroomIAQFan' includes unrecognized property 'SetPerfByHVIInterp' on line # 3986
2020-03-19 18:52:13 -    ERROR - reading file: component IAQFan 'OneBedroomIAQFan' includes unrecognized property 'IncludesRecov' on line # 3993
2020-03-19 18:52:13 -    ERROR - reading file: component IAQFan 'OneBedroomIAQFan' includes unrecognized property 'SetPerfByHVIInterp' on line # 3994
2020-03-19 18:52:13 -    ERROR - reading file: component IAQFan 'ThreeBedroomIAQFan' includes unrecognized property 'IncludesRecov' on line # 4001
2020-03-19 18:52:13 -    ERROR - reading file: component IAQFan 'ThreeBedroomIAQFan' includes unrecognized property 'SetPerfByHVIInterp' on line # 4002
2020-03-19 18:52:13 -    ERROR - reading file: component IAQFan 'StudioIAQFan' includes unrecognized property 'IncludesRecov' on line # 4009
2020-03-19 18:52:13 -    ERROR - reading file: component IAQFan 'StudioIAQFan' includes unrecognized property 'SetPerfByHVIInterp' on line # 4010
2020-03-19 18:52:13 -    Model load successful into CBECC-Res 2022.0.2 RV (1133)
2020-03-19 18:52:13 - 35 error(s) encountered reading project file:  C:\Users\ndperry\Documents\GitHub\T24-2022-CASE-Modeling\framework\analysis\hpte\runs\lrlc-QII-0\cz07\instance.ribd22
2020-03-19 18:52:15 - Performing Building Database check...
2020-03-19 18:52:15 - Building Database check completed, no problems found.
2020-03-19 18:52:15 - Error:  Undefined data: right side of '*' evaluating rule: Rule 39, 77, 'Rules_Default_Shell.rule' Line 360: Set DwellUnitType:IAQHRVCFMxRcvEff - 1
2020-03-19 18:52:15 - Error:  Undefined data: right side of '*' evaluating rule: Rule 39, 77, 'Rules_Default_Shell.rule' Line 360: Set DwellUnitType:IAQHRVCFMxRcvEff - 1
2020-03-19 18:52:15 - Error:  Undefined data: right side of '*' evaluating rule: Rule 39, 77, 'Rules_Default_Shell.rule' Line 360: Set DwellUnitType:IAQHRVCFMxRcvEff - 1
2020-03-19 18:52:15 - Error:  Undefined data: right side of '*' evaluating rule: Rule 39, 77, 'Rules_Default_Shell.rule' Line 360: Set DwellUnitType:IAQHRVCFMxRcvEff - 1
2020-03-19 18:52:15 - Error:  Undefined data: right side of '*' evaluating rule: Rule 39, 77, 'Rules_Default_Shell.rule' Line 360: Set DwellUnitType:IAQHRVCFMxRcvEff - 1
2020-03-19 18:52:15 - Error:  Undefined data: right side of '*' evaluating rule: Rule 39, 77, 'Rules_Default_Shell.rule' Line 360: Set DwellUnitType:IAQHRVCFMxRcvEff - 1
2020-03-19 18:52:15 - Error:  Undefined data: right side of '*' evaluating rule: Rule 39, 77, 'Rules_Default_Shell.rule' Line 360: Set DwellUnitType:IAQHRVCFMxRcvEff - 1
2020-03-19 18:52:15 - Error:  Undefined data: right side of '*' evaluating rule: Rule 39, 77, 'Rules_Default_Shell.rule' Line 360: Set DwellUnitType:IAQHRVCFMxRcvEff - 1
2020-03-19 18:52:15 - Error:  Undefined data: right side of '*' evaluating rule: Rule 39, 77, 'Rules_Default_Shell.rule' Line 360: Set DwellUnitType:IAQHRVCFMxRcvEff - 1
2020-03-19 18:52:15 - Error:  Undefined data: right side of '*' evaluating rule: Rule 39, 77, 'Rules_Default_Shell.rule' Line 360: Set DwellUnitType:IAQHRVCFMxRcvEff - 1
2020-03-19 18:52:15 - Error:  Undefined data: right side of '*' evaluating rule: Rule 39, 77, 'Rules_Default_Shell.rule' Line 360: Set DwellUnitType:IAQHRVCFMxRcvEff - 1
2020-03-19 18:52:15 - Error:  Undefined data: left side of '*' evaluating rule: Rule 39, 116, 'Rules_Default_Shell.rule' Line 551: Set DwellUnit:IAQHRVCFMxRcvEff
2020-03-19 18:52:15 - Error:  Undefined data: left side of '*' evaluating rule: Rule 39, 116, 'Rules_Default_Shell.rule' Line 551: Set DwellUnit:IAQHRVCFMxRcvEff
2020-03-19 18:52:15 - Error:  Undefined data: left side of '*' evaluating rule: Rule 39, 116, 'Rules_Default_Shell.rule' Line 551: Set DwellUnit:IAQHRVCFMxRcvEff
2020-03-19 18:52:15 - Error:  Undefined data: left side of '*' evaluating rule: Rule 39, 116, 'Rules_Default_Shell.rule' Line 551: Set DwellUnit:IAQHRVCFMxRcvEff
2020-03-19 18:52:15 - Error:  Undefined data: left side of '*' evaluating rule: Rule 39, 116, 'Rules_Default_Shell.rule' Line 551: Set DwellUnit:IAQHRVCFMxRcvEff
2020-03-19 18:52:15 - Error:  Undefined data: left side of '*' evaluating rule: Rule 39, 116, 'Rules_Default_Shell.rule' Line 551: Set DwellUnit:IAQHRVCFMxRcvEff
2020-03-19 18:52:15 - Error:  Undefined data: left side of '*' evaluating rule: Rule 39, 116, 'Rules_Default_Shell.rule' Line 551: Set DwellUnit:IAQHRVCFMxRcvEff
2020-03-19 18:52:15 - Error:  Undefined data: left side of '*' evaluating rule: Rule 39, 116, 'Rules_Default_Shell.rule' Line 551: Set DwellUnit:IAQHRVCFMxRcvEff
2020-03-19 18:52:15 - Error:  Undefined data: left side of '*' evaluating rule: Rule 39, 116, 'Rules_Default_Shell.rule' Line 551: Set DwellUnit:IAQHRVCFMxRcvEff
2020-03-19 18:52:15 - Error:  Undefined data: left side of '*' evaluating rule: Rule 39, 116, 'Rules_Default_Shell.rule' Line 551: Set DwellUnit:IAQHRVCFMxRcvEff
2020-03-19 18:52:15 - Error:  Undefined data: left side of '*' evaluating rule: Rule 39, 116, 'Rules_Default_Shell.rule' Line 551: Set DwellUnit:IAQHRVCFMxRcvEff
2020-03-19 18:52:17 - Project Saved
2020-03-19 18:52:20 - Performing Building Database check...
2020-03-19 18:52:20 - Building Database check completed, no problems found.
2020-03-19 18:52:20 -    Analysis being performed by CompMgrVersion 'BEMCmpMgr 2022.0.1 (1633)' via SoftwareVersion 'CBECC-Res 2022.0.2 RV (1133)'
2020-03-19 18:52:22 - CSE report include file use disabled to ensure secure report generation.  Use BypassRuleLimits or other research option to ensure report include file use.
2020-03-19 19:04:04 - Compliance report will be generated without security measures due to inconsistency between software library year (2013) and ruleset code year (2022)
2020-03-19 19:04:04 -   Generating report 'CF1RPRF01E' pdf  
2020-03-19 19:04:17 - Analysis result:  PASS  (TDV margin: 13.17 (28.8%)), Design Rating 36.9 (result not certified due to analysis option(s))  Processing time:  Overall 719.8 / CSE19 651.1 / ModelPrep 32.50 / ResultsProcessing 10.99 / ReportGen 15.5 / ResXMLWriting 2.62 / Model&SecurChks 1.52 / Model&HrlyCSVExports 2.58 / DHWSim 0.00 / LoadModel 0.00 / Other 2.89
2020-03-20 23:35:18 - -----------------------------------------------------------------------------
2020-03-20 23:35:18 - Opening Project 'cz07\instance.ribd22'...
2020-03-20 23:35:18 -    Model load successful into CBECC-Res 2022.0.2 RV (1133)
2020-03-20 23:35:19 - Performing Building Database check...
2020-03-20 23:35:19 - Building Database check completed, no problems found.
2020-03-20 23:35:21 - Performing Building Database check...
2020-03-20 23:35:21 - Building Database check completed, no problems found.
2020-03-20 23:35:21 -    Analysis being performed by CompMgrVersion 'BEMCmpMgr 2022.0.2-Pol-0%RA-NoCH4lk (1715)' via SoftwareVersion 'CBECC-Res 2022.0.2 RV'
2020-03-20 23:35:22 - CSE report include file use disabled to ensure secure report generation.  Use BypassRuleLimits or other research option to ensure report include file use.
2020-03-20 23:35:40 -    StdMixedFuel DHWSolarSys Sizing system run 1 successful
2020-03-20 23:38:22 -    Standard DHWSolarSys Sizing system run 1 successful
2020-03-20 23:41:46 - Compliance report will be generated without security measures due to inconsistency between software library year (2013) and ruleset code year (2022)
2020-03-20 23:41:46 -   Generating report 'CF1RPRF01E' pdf  
2020-03-20 23:42:00 - Analysis result:  FAIL  (TDV margin: -3.58 (-6.2%)), Design Rating 45.8 (result not certified due to analysis option(s))  Processing time:  Overall 399.9 / CSE19 334.1 / ModelPrep 41.01 / ResultsProcessing 4.34 / ReportGen 15.5 / ResXMLWriting 2.41 / Model&SecurChks 0.40 / Model&HrlyCSVExports 1.03 / DHWSim 0.00 / LoadModel 0.00 / Other 1.10
