2021-01-29 12:03:35 - -----------------------------------------------------------------------------
2021-01-29 12:03:35 - Opening Project 'cz13\instance.cibd22'...
2021-01-29 12:03:36 -    Model load successful into CBECC-Com 2022.0.1 RV (1113)
2021-01-29 12:03:37 - Performing Building Database check...
2021-01-29 12:03:37 - Building Database check completed, no problems found.
2021-01-29 12:03:40 -   PerfAnal_NRes - starting, w/ arguments:
2021-01-29 12:03:40 -        BEMBasePathFile    = (null)
2021-01-29 12:03:40 -        RulesetPathFile    = (null)
2021-01-29 12:03:40 -        SimWeatherPath     = C:\Documents\CBECC-Com 2022 Data\EPW\
2021-01-29 12:03:40 -        CompMgrDLLPath     = (null)
2021-01-29 12:03:40 -        DHWWeatherPath     = (null)
2021-01-29 12:03:40 -        ProcessingPath     = C:\GitHub\CALGreen-analysis\framework\analysis\hr\runs\hr-tier2\cz13\instance - run\
2021-01-29 12:03:40 -        ModelPathFile      = C:\GitHub\CALGreen-analysis\framework\analysis\hr\runs\hr-tier2\cz13\instance.cibd22
2021-01-29 12:03:40 -        LogPathFile        = (null)
2021-01-29 12:03:40 -        UIVersionString    = CBECC-Com 2022.0.1 RV (1113)
2021-01-29 12:03:40 -        LoadModelFile      = false
2021-01-29 12:03:40 -        OptionsCSV         = AllowAnalysisAbort,0,AnalysisThruStep,8,ModelRpt_ALL,1,SimulationStorage,0,AnalysisStorage,0,ExportHourlyResults_All,1,PromptUserUMLHWarning,1,PreAnalysisCheckPromptOption,3,CompReportWarningOption,5,
2021-01-29 12:03:40 -        ErrorMsg           = (assumed to be initialized)
2021-01-29 12:03:40 -        ErrorMsgLen        = 2056
2021-01-29 12:03:40 -        DisplayProgress    = true
2021-01-29 12:03:40 -        ResultsSummary     = (empty)
2021-01-29 12:03:40 -        ResultsSummaryLen  = 3200
2021-01-29 12:03:40 -        pProgCallbackFunc  = (null)
2021-01-29 12:03:41 - Performing Building Database check...
2021-01-29 12:03:41 - Building Database check completed, no problems found.
2021-01-29 12:03:41 - Warning:  The following developer options must be defaulted (not specified by the user) in order to perform a valid compliance analysis:
          Proj 'High-Rise Mixed-Use (10-story)' DefaultDayltgCtrls
          Proj 'High-Rise Mixed-Use (10-story)' AutoHardSize
          Proj 'High-Rise Mixed-Use (10-story)' AutoEffInput
2021-01-29 12:03:41 -    1 file hash check(s) failed on executable and/or analysis support files (analysis continuing w/ report signature disabled)
2021-01-29 12:03:43 -   PerfAnal_NRes - AnalysisThruStep being set to #7 due to Proj:AnalysisType = Title24ProposedOnly
2021-01-29 12:03:43 - Performing Building Database check...
2021-01-29 12:03:43 - Building Database check completed, no problems found.
2021-01-29 12:03:43 - Warning:  The spaces assigned to thermal zone 'Thermal Zone: F1 Lounge' have cooling unmet load hour limits ranging from 150 to 8760. All spaces in the zone will be held to the minimum UMLH limit. evaluating rule: Set CHECKCODE ThrmlZn:ClgUMLHLimit  (60:'ThermalZone-General.rule' line 1738)
2021-01-29 12:03:43 - Warning:  The spaces assigned to thermal zone 'Thermal Zone: F1 Lounge' have heating unmet load hour limits ranging from 150 to 8760. All spaces in the zone will be held to the minimum UMLH limit. evaluating rule: Set CHECKCODE ThrmlZn:HtgUMLHLimit  (60:'ThermalZone-General.rule' line 1765)
2021-01-29 12:03:45 -   PerfAnal_NRes - Bypassing OpenStudio (and simulation) for zp model
2021-01-29 12:03:46 -   PerfAnal_NRes - Bypassing OpenStudio (and simulation) for zb model
2021-01-29 12:12:24 - Error:  Undefined data: numerator evaluating rule: Set ANNUAL_BASELINE Fan:FlowCap  (75:'HVACSecondary-Fan-General.rule' line 494)
2021-01-29 12:12:24 - Error:  Undefined data: numerator evaluating rule: Set ANNUAL_BASELINE Fan:FlowCap  (75:'HVACSecondary-Fan-General.rule' line 494)
2021-01-29 12:12:24 - Error:  Undefined data: numerator evaluating rule: Set ANNUAL_BASELINE Fan:FlowCap  (75:'HVACSecondary-Fan-General.rule' line 494)
2021-01-29 12:12:24 - Error:  Undefined data: numerator evaluating rule: Set ANNUAL_BASELINE Fan:FlowCap  (75:'HVACSecondary-Fan-General.rule' line 529)
2021-01-29 12:12:24 - Error:  Undefined data: numerator evaluating rule: Set ANNUAL_BASELINE Fan:FlowCap  (75:'HVACSecondary-Fan-General.rule' line 529)
2021-01-29 12:12:24 - Error:  Undefined data: numerator evaluating rule: Set ANNUAL_BASELINE Fan:FlowCap  (75:'HVACSecondary-Fan-General.rule' line 529)
2021-01-29 12:12:24 - Error:  Undefined data: numerator evaluating rule: Set ANNUAL_BASELINE Fan:FlowCap  (75:'HVACSecondary-Fan-General.rule' line 529)
2021-01-29 12:12:24 - Error:  Undefined data: numerator evaluating rule: Set ANNUAL_BASELINE Fan:FlowCap  (75:'HVACSecondary-Fan-General.rule' line 529)
2021-01-29 12:12:24 - Error:  Undefined data: numerator evaluating rule: Set ANNUAL_BASELINE Fan:FlowCap  (75:'HVACSecondary-Fan-General.rule' line 529)
2021-01-29 12:12:24 - Error:  Undefined data: numerator evaluating rule: Set ANNUAL_BASELINE Fan:FlowCap  (75:'HVACSecondary-Fan-General.rule' line 529)
2021-01-29 12:12:24 - Error:  Undefined data: numerator evaluating rule: Set ANNUAL_BASELINE Fan:FlowCap  (75:'HVACSecondary-Fan-General.rule' line 529)
2021-01-29 12:12:24 - Error:  Undefined data: numerator evaluating rule: Set ANNUAL_BASELINE Fan:FlowCap  (75:'HVACSecondary-Fan-General.rule' line 529)
2021-01-29 12:12:24 - Error:  Undefined data: numerator evaluating rule: Set ANNUAL_BASELINE Fan:FlowCap  (75:'HVACSecondary-Fan-General.rule' line 529)
2021-01-29 12:12:24 - Error:  Undefined data: numerator evaluating rule: Set ANNUAL_BASELINE Fan:FlowCap  (75:'HVACSecondary-Fan-General.rule' line 529)
2021-01-29 12:12:24 - Error:  Undefined data: numerator evaluating rule: Set ANNUAL_BASELINE Fan:FlowCap  (75:'HVACSecondary-Fan-General.rule' line 529)
2021-01-29 12:12:24 - Error:  Undefined data: numerator evaluating rule: Set ANNUAL_BASELINE Fan:FlowCap  (75:'HVACSecondary-Fan-General.rule' line 529)
2021-01-29 12:12:24 - Error:  Undefined data: numerator evaluating rule: Set ANNUAL_BASELINE Fan:FlowCap  (75:'HVACSecondary-Fan-General.rule' line 529)
2021-01-29 12:12:24 - Error:  Undefined data: numerator evaluating rule: Set ANNUAL_BASELINE Fan:FlowCap  (75:'HVACSecondary-Fan-General.rule' line 529)
2021-01-29 12:12:24 - Error:  Undefined data: numerator evaluating rule: Set ANNUAL_BASELINE Fan:FlowCap  (75:'HVACSecondary-Fan-General.rule' line 529)
2021-01-29 12:12:24 - Error:  Undefined data: numerator evaluating rule: Set ANNUAL_BASELINE Fan:FlowCap  (75:'HVACSecondary-Fan-General.rule' line 529)
2021-01-29 12:12:24 - Error:  Undefined data: numerator evaluating rule: Set ANNUAL_BASELINE Fan:FlowCap  (75:'HVACSecondary-Fan-General.rule' line 529)
2021-01-29 12:12:24 - Error:  Division by zero evaluating rule: Set ANNUAL_BASELINE ThrmlZn:PriAirCondgSysDsgnFlow  (76:'HVACSecondary-Fan-FanRatios.rule' line 67)
2021-01-29 12:12:24 - Error:  Division by zero evaluating rule: Set ANNUAL_BASELINE ThrmlZn:PriAirCondgSysDsgnFlow  (76:'HVACSecondary-Fan-FanRatios.rule' line 67)
2021-01-29 12:12:24 - Error:  Division by zero evaluating rule: Set ANNUAL_BASELINE ThrmlZn:PriAirCondgSysDsgnFlow  (76:'HVACSecondary-Fan-FanRatios.rule' line 67)
2021-01-29 12:12:24 - Error:  Division by zero evaluating rule: Set ANNUAL_BASELINE ThrmlZn:PriAirCondgSysDsgnFlow  (76:'HVACSecondary-Fan-FanRatios.rule' line 67)
2021-01-29 12:12:24 - Error:  Division by zero evaluating rule: Set ANNUAL_BASELINE ThrmlZn:PriAirCondgSysDsgnFlow  (76:'HVACSecondary-Fan-FanRatios.rule' line 67)
2021-01-29 12:12:24 - Error:  Division by zero evaluating rule: Set ANNUAL_BASELINE ThrmlZn:PriAirCondgSysDsgnFlow  (76:'HVACSecondary-Fan-FanRatios.rule' line 67)
2021-01-29 12:12:24 - Error:  Division by zero evaluating rule: Set ANNUAL_BASELINE ThrmlZn:PriAirCondgSysDsgnFlow  (76:'HVACSecondary-Fan-FanRatios.rule' line 67)
2021-01-29 12:12:24 - Error:  Division by zero evaluating rule: Set ANNUAL_BASELINE ThrmlZn:PriAirCondgSysDsgnFlow  (76:'HVACSecondary-Fan-FanRatios.rule' line 67)
2021-01-29 12:12:24 - Error:  Division by zero evaluating rule: Set ANNUAL_BASELINE ThrmlZn:PriAirCondgSysDsgnFlow  (76:'HVACSecondary-Fan-FanRatios.rule' line 67)
2021-01-29 12:12:24 - Error:  Division by zero evaluating rule: Set ANNUAL_BASELINE ThrmlZn:PriAirCondgSysDsgnFlow  (76:'HVACSecondary-Fan-FanRatios.rule' line 67)
2021-01-29 12:12:24 - Error:  Division by zero evaluating rule: Set ANNUAL_BASELINE ThrmlZn:PriAirCondgSysDsgnFlow  (76:'HVACSecondary-Fan-FanRatios.rule' line 67)
2021-01-29 12:12:24 - Error:  Division by zero evaluating rule: Set ANNUAL_BASELINE ThrmlZn:PriAirCondgSysDsgnFlow  (76:'HVACSecondary-Fan-FanRatios.rule' line 67)
2021-01-29 12:12:24 - Error:  Division by zero evaluating rule: Set ANNUAL_BASELINE ThrmlZn:VentSysDsgnFlow  (76:'HVACSecondary-Fan-FanRatios.rule' line 111)
2021-01-29 12:12:24 - Error:  Division by zero evaluating rule: Set ANNUAL_BASELINE ThrmlZn:VentSysDsgnFlow  (76:'HVACSecondary-Fan-FanRatios.rule' line 111)
2021-01-29 12:12:24 - Error:  Division by zero evaluating rule: Set ANNUAL_BASELINE ThrmlZn:VentSysDsgnFlow  (76:'HVACSecondary-Fan-FanRatios.rule' line 111)
2021-01-29 12:12:24 - Error:  Division by zero evaluating rule: Set ANNUAL_BASELINE ThrmlZn:VentSysDsgnFlow  (76:'HVACSecondary-Fan-FanRatios.rule' line 111)
2021-01-29 12:12:24 - Error:  Division by zero evaluating rule: Set ANNUAL_BASELINE ThrmlZn:VentSysDsgnFlow  (76:'HVACSecondary-Fan-FanRatios.rule' line 111)
2021-01-29 12:12:24 - Error:  Division by zero evaluating rule: Set ANNUAL_BASELINE ThrmlZn:VentSysDsgnFlow  (76:'HVACSecondary-Fan-FanRatios.rule' line 111)
2021-01-29 12:12:24 - Error:  Division by zero evaluating rule: Set ANNUAL_BASELINE ThrmlZn:VentSysDsgnFlow  (76:'HVACSecondary-Fan-FanRatios.rule' line 111)
2021-01-29 12:12:24 - Error:  Division by zero evaluating rule: Set ANNUAL_BASELINE ThrmlZn:VentSysDsgnFlow  (76:'HVACSecondary-Fan-FanRatios.rule' line 111)
2021-01-29 12:12:24 - Error:  Division by zero evaluating rule: Set ANNUAL_BASELINE ThrmlZn:VentSysDsgnFlow  (76:'HVACSecondary-Fan-FanRatios.rule' line 111)
2021-01-29 12:12:24 - Error:  Division by zero evaluating rule: Set ANNUAL_BASELINE ThrmlZn:VentSysDsgnFlow  (76:'HVACSecondary-Fan-FanRatios.rule' line 111)
2021-01-29 12:12:24 - Error:  Division by zero evaluating rule: Set ANNUAL_BASELINE ThrmlZn:VentSysDsgnFlow  (76:'HVACSecondary-Fan-FanRatios.rule' line 111)
2021-01-29 12:12:24 - Error:  Division by zero evaluating rule: Set ANNUAL_BASELINE ThrmlZn:VentSysDsgnFlow  (76:'HVACSecondary-Fan-FanRatios.rule' line 111)
2021-01-29 12:12:25 -   PerfAnal_NRes - Bypassing OpenStudio (and simulation) for ab model
2021-01-29 12:12:25 -   PerfAnal_NRes - Completed analysis steps thru #7
2021-01-29 12:12:25 - Analysis incomplete  Processing time:  Overall 8:44 / SDD2IDF x2 avg 0:05 / SizSim x0 0:00 / AnnSim x2 avg 4:06 / ReportGen x0 0:00 / Other 0:17
2021-01-29 12:12:25 -       ResultsSummary population:  bAbort = (false) / RuleProcAbort = (false) / iRetVal = 0 / pszResultsSummary = (empty) / iResultsSummaryLen = 3200
2021-01-29 12:12:25 -       ResultsSummary components1:  2021-01-29 12:12:25 / instance / High-Rise Mixed-Use (10-story) / CTZ13S22A / Title24ProposedOnly / 8:44 /  / 
2021-01-29 12:12:25 -       ResultsSummary components2:  CBECC-Com 2022.0.1 RV (1113) / BEMCmpMgr 2022.0.1 RV (6107) / CA 2022 Nonresidential, Vers. 1.0 Alpha /  /  / - / C:\Documents\CBECC-Com 2022 Data\EPW\ / C:\GitHub\CALGreen-analysis\framework\analysis\hr\runs\hr-tier2\cz13\
2021-01-29 12:12:25 -       ResultsSummary:  2021-01-29 12:12:25,"instance","High-Rise Mixed-Use (10-story)","CTZ13S22A","Pol  0% RetAdd NoLeak",125400,150480,"Title24ProposedOnly",8:44,,,"--","--","Successful (259 warnings)",13920.8,114326,78967.3,221.129,4776.26,1088.9,52184.6,265485,274496,19205.8,47456.3,6890.07,0,0,613534,1018.14,0,0,0,0,7082.35,0,8100.49,1576.89,2595.88,0,0,12273.3,0,0,0,0,0,0,0,0,0,0,0,0,0,5.5012,36.622,20.0071,0.09752,1.07454,13.9152,11.1652,88.3828,64.8809,9.35761,11.2213,1.52103,0,0,175.364,151.582,23.7816,0,3.25,"Thermal Zone: F10 Laundry",0,0,,0,"--","--","",0,0,0,0,0,0,0,0,0,0,0,0,0,0,0,0,0,0,0,0,0,0,0,0,0,0,0,0,0,0,0,0,0,0,0,0,0,0,0,0,0,0,0,0,0,0,0,0,0,0,0,0,0,0,0,0,0,0,0,,,,,,,3.04532e-06,51.7551,19.3671,0.0904939,1.27117,0.124303,8.98287,81.591,43.2848,2.98676,9.36022,0.786538,0,0,138.009,0,0,0,0,0,0,0,0,0,0,0,0,0,0,0,"CBECC-Com 2022.0.1 RV (1113)","BEMCmpMgr 2022.0.1 RV (6107)","CA 2022 Nonresidential, Vers. 1.0 Alpha","","","-","C:\Documents\CBECC-Com 2022 Data\EPW\","C:\GitHub\CALGreen-analysis\framework\analysis\hr\runs\hr-tier2\cz13\",3.02001,15.5532,11.6915,0.0231613,0.476957,0.178109,5.75312,36.69,42.6316,3.29781,8.50114,1.127,0,0,92.25,0.488186,0,0,0,0,3.39589,0,3.89,0.756098,1.24469,0,0,5.89,0,0,0,0,0,0,0,0,0,0,0,0,0,0,0,0,0,0,0,0,0,0,0,0,0,0,0,0,1.20983,2.3364,1.75629,0.00347929,0.0716486,5.28672,0.864236,11.5286,7.57526,2.42333,1.27704,0.169298,0,0,22.9735,0,0,0,0,0,0,0,0,0,0,0,0,0,0,0,

2021-01-29 12:12:29 - -----------------------------------------------------------------------------
2021-01-29 12:12:29 - Opening Project 'cz13\instance.cibd22'...
2021-01-29 12:12:30 -    Model load successful into CBECC-Com 2022.0.1 RV (1113)
2021-01-29 12:12:30 - Performing Building Database check...
2021-01-29 12:12:30 - Building Database check completed, no problems found.
2021-01-29 12:12:34 - Error writing enumeration property for Mat 'MetalFrameWall16inOC R21.00', property CavityInsOpt (previously 'R-21' (?))
2021-01-29 12:12:34 - Project Saved
2021-02-11 11:52:55 - -----------------------------------------------------------------------------
2021-02-11 11:52:55 - Opening Project 'cz13\instance.cibd22'...
2021-02-11 11:52:56 -    Model load successful into CBECC-Com 2022.0.1 RV (1113)
2021-02-11 11:52:57 - Performing Building Database check...
2021-02-11 11:52:57 - Building Database check completed, no problems found.
2021-02-11 11:53:00 -   PerfAnal_NRes - starting, w/ arguments:
2021-02-11 11:53:00 -        BEMBasePathFile    = (null)
2021-02-11 11:53:00 -        RulesetPathFile    = (null)
2021-02-11 11:53:00 -        SimWeatherPath     = C:\Users\agoyal\OneDrive - TRC\Documents\CBECC-Com 2022 Data\EPW\
2021-02-11 11:53:00 -        CompMgrDLLPath     = (null)
2021-02-11 11:53:00 -        DHWWeatherPath     = (null)
2021-02-11 11:53:00 -        ProcessingPath     = C:\Users\agoyal\OneDrive - TRC\Documents\GitHub\CALGreen-analysis\framework\analysis\hr\runs\hr-tier2\cz13\instance - run\
2021-02-11 11:53:00 -        ModelPathFile      = C:\Users\agoyal\OneDrive - TRC\Documents\GitHub\CALGreen-analysis\framework\analysis\hr\runs\hr-tier2\cz13\instance.cibd22
2021-02-11 11:53:00 -        LogPathFile        = (null)
2021-02-11 11:53:00 -        UIVersionString    = CBECC-Com 2022.0.1 RV (1113)
2021-02-11 11:53:00 -        LoadModelFile      = false
2021-02-11 11:53:00 -        OptionsCSV         = AllowAnalysisAbort,0,StoreBEMDetails,1,AnalysisThruStep,8,ModelRpt_ALL,1,ExportHourlyResults_All,1,PromptUserUMLHWarning,1,PreAnalysisCheckPromptOption,3,CompReportWarningOption,5,
2021-02-11 11:53:00 -        ErrorMsg           = (assumed to be initialized)
2021-02-11 11:53:00 -        ErrorMsgLen        = 2056
2021-02-11 11:53:00 -        DisplayProgress    = true
2021-02-11 11:53:00 -        ResultsSummary     = (empty)
2021-02-11 11:53:00 -        ResultsSummaryLen  = 3200
2021-02-11 11:53:00 -        pProgCallbackFunc  = (null)
2021-02-11 11:53:00 - Performing Building Database check...
2021-02-11 11:53:00 - Building Database check completed, no problems found.
2021-02-11 11:53:00 - Warning:  The following developer options must be defaulted (not specified by the user) in order to perform a valid compliance analysis:
          Proj 'High-Rise Mixed-Use (10-story)' DefaultDayltgCtrls
          Proj 'High-Rise Mixed-Use (10-story)' AutoHardSize
          Proj 'High-Rise Mixed-Use (10-story)' AutoEffInput
2021-02-11 11:53:01 -    1 file hash check(s) failed on executable and/or analysis support files (analysis continuing w/ report signature disabled)
2021-02-11 11:53:02 -   PerfAnal_NRes - AnalysisThruStep being set to #7 due to Proj:AnalysisType = Title24ProposedOnly
2021-02-11 11:53:02 - Performing Building Database check...
2021-02-11 11:53:02 - Building Database check completed, no problems found.
2021-02-11 11:53:02 - Warning:  The spaces assigned to thermal zone 'Thermal Zone: F1 Lounge' have cooling unmet load hour limits ranging from 150 to 8760. All spaces in the zone will be held to the minimum UMLH limit. evaluating rule: Set CHECKCODE ThrmlZn:ClgUMLHLimit  (60:'ThermalZone-General.rule' line 1738)
2021-02-11 11:53:02 - Warning:  The spaces assigned to thermal zone 'Thermal Zone: F1 Lounge' have heating unmet load hour limits ranging from 150 to 8760. All spaces in the zone will be held to the minimum UMLH limit. evaluating rule: Set CHECKCODE ThrmlZn:HtgUMLHLimit  (60:'ThermalZone-General.rule' line 1765)
2021-02-11 11:53:06 -   PerfAnal_NRes - Bypassing OpenStudio (and simulation) for zp model
2021-02-11 11:53:07 -   PerfAnal_NRes - Bypassing OpenStudio (and simulation) for zb model
2021-02-11 11:59:18 - Error:  Undefined data: numerator evaluating rule: Set ANNUAL_BASELINE Fan:FlowCap  (75:'HVACSecondary-Fan-General.rule' line 494)
2021-02-11 11:59:18 - Error:  Undefined data: numerator evaluating rule: Set ANNUAL_BASELINE Fan:FlowCap  (75:'HVACSecondary-Fan-General.rule' line 494)
2021-02-11 11:59:18 - Error:  Undefined data: numerator evaluating rule: Set ANNUAL_BASELINE Fan:FlowCap  (75:'HVACSecondary-Fan-General.rule' line 494)
2021-02-11 11:59:18 - Error:  Undefined data: numerator evaluating rule: Set ANNUAL_BASELINE Fan:FlowCap  (75:'HVACSecondary-Fan-General.rule' line 529)
2021-02-11 11:59:18 - Error:  Undefined data: numerator evaluating rule: Set ANNUAL_BASELINE Fan:FlowCap  (75:'HVACSecondary-Fan-General.rule' line 529)
2021-02-11 11:59:18 - Error:  Undefined data: numerator evaluating rule: Set ANNUAL_BASELINE Fan:FlowCap  (75:'HVACSecondary-Fan-General.rule' line 529)
2021-02-11 11:59:18 - Error:  Undefined data: numerator evaluating rule: Set ANNUAL_BASELINE Fan:FlowCap  (75:'HVACSecondary-Fan-General.rule' line 529)
2021-02-11 11:59:18 - Error:  Undefined data: numerator evaluating rule: Set ANNUAL_BASELINE Fan:FlowCap  (75:'HVACSecondary-Fan-General.rule' line 529)
2021-02-11 11:59:18 - Error:  Undefined data: numerator evaluating rule: Set ANNUAL_BASELINE Fan:FlowCap  (75:'HVACSecondary-Fan-General.rule' line 529)
2021-02-11 11:59:18 - Error:  Undefined data: numerator evaluating rule: Set ANNUAL_BASELINE Fan:FlowCap  (75:'HVACSecondary-Fan-General.rule' line 529)
2021-02-11 11:59:18 - Error:  Undefined data: numerator evaluating rule: Set ANNUAL_BASELINE Fan:FlowCap  (75:'HVACSecondary-Fan-General.rule' line 529)
2021-02-11 11:59:18 - Error:  Undefined data: numerator evaluating rule: Set ANNUAL_BASELINE Fan:FlowCap  (75:'HVACSecondary-Fan-General.rule' line 529)
2021-02-11 11:59:18 - Error:  Undefined data: numerator evaluating rule: Set ANNUAL_BASELINE Fan:FlowCap  (75:'HVACSecondary-Fan-General.rule' line 529)
2021-02-11 11:59:18 - Error:  Undefined data: numerator evaluating rule: Set ANNUAL_BASELINE Fan:FlowCap  (75:'HVACSecondary-Fan-General.rule' line 529)
2021-02-11 11:59:18 - Error:  Undefined data: numerator evaluating rule: Set ANNUAL_BASELINE Fan:FlowCap  (75:'HVACSecondary-Fan-General.rule' line 529)
2021-02-11 11:59:18 - Error:  Undefined data: numerator evaluating rule: Set ANNUAL_BASELINE Fan:FlowCap  (75:'HVACSecondary-Fan-General.rule' line 529)
2021-02-11 11:59:18 - Error:  Undefined data: numerator evaluating rule: Set ANNUAL_BASELINE Fan:FlowCap  (75:'HVACSecondary-Fan-General.rule' line 529)
2021-02-11 11:59:18 - Error:  Undefined data: numerator evaluating rule: Set ANNUAL_BASELINE Fan:FlowCap  (75:'HVACSecondary-Fan-General.rule' line 529)
2021-02-11 11:59:18 - Error:  Undefined data: numerator evaluating rule: Set ANNUAL_BASELINE Fan:FlowCap  (75:'HVACSecondary-Fan-General.rule' line 529)
2021-02-11 11:59:18 - Error:  Undefined data: numerator evaluating rule: Set ANNUAL_BASELINE Fan:FlowCap  (75:'HVACSecondary-Fan-General.rule' line 529)
2021-02-11 11:59:18 - Error:  Undefined data: numerator evaluating rule: Set ANNUAL_BASELINE Fan:FlowCap  (75:'HVACSecondary-Fan-General.rule' line 529)
2021-02-11 11:59:18 - Error:  Division by zero evaluating rule: Set ANNUAL_BASELINE ThrmlZn:PriAirCondgSysDsgnFlow  (76:'HVACSecondary-Fan-FanRatios.rule' line 67)
2021-02-11 11:59:18 - Error:  Division by zero evaluating rule: Set ANNUAL_BASELINE ThrmlZn:PriAirCondgSysDsgnFlow  (76:'HVACSecondary-Fan-FanRatios.rule' line 67)
2021-02-11 11:59:18 - Error:  Division by zero evaluating rule: Set ANNUAL_BASELINE ThrmlZn:PriAirCondgSysDsgnFlow  (76:'HVACSecondary-Fan-FanRatios.rule' line 67)
2021-02-11 11:59:18 - Error:  Division by zero evaluating rule: Set ANNUAL_BASELINE ThrmlZn:PriAirCondgSysDsgnFlow  (76:'HVACSecondary-Fan-FanRatios.rule' line 67)
2021-02-11 11:59:18 - Error:  Division by zero evaluating rule: Set ANNUAL_BASELINE ThrmlZn:PriAirCondgSysDsgnFlow  (76:'HVACSecondary-Fan-FanRatios.rule' line 67)
2021-02-11 11:59:18 - Error:  Division by zero evaluating rule: Set ANNUAL_BASELINE ThrmlZn:PriAirCondgSysDsgnFlow  (76:'HVACSecondary-Fan-FanRatios.rule' line 67)
2021-02-11 11:59:18 - Error:  Division by zero evaluating rule: Set ANNUAL_BASELINE ThrmlZn:PriAirCondgSysDsgnFlow  (76:'HVACSecondary-Fan-FanRatios.rule' line 67)
2021-02-11 11:59:18 - Error:  Division by zero evaluating rule: Set ANNUAL_BASELINE ThrmlZn:PriAirCondgSysDsgnFlow  (76:'HVACSecondary-Fan-FanRatios.rule' line 67)
2021-02-11 11:59:18 - Error:  Division by zero evaluating rule: Set ANNUAL_BASELINE ThrmlZn:PriAirCondgSysDsgnFlow  (76:'HVACSecondary-Fan-FanRatios.rule' line 67)
2021-02-11 11:59:18 - Error:  Division by zero evaluating rule: Set ANNUAL_BASELINE ThrmlZn:PriAirCondgSysDsgnFlow  (76:'HVACSecondary-Fan-FanRatios.rule' line 67)
2021-02-11 11:59:18 - Error:  Division by zero evaluating rule: Set ANNUAL_BASELINE ThrmlZn:PriAirCondgSysDsgnFlow  (76:'HVACSecondary-Fan-FanRatios.rule' line 67)
2021-02-11 11:59:18 - Error:  Division by zero evaluating rule: Set ANNUAL_BASELINE ThrmlZn:PriAirCondgSysDsgnFlow  (76:'HVACSecondary-Fan-FanRatios.rule' line 67)
2021-02-11 11:59:18 - Error:  Division by zero evaluating rule: Set ANNUAL_BASELINE ThrmlZn:VentSysDsgnFlow  (76:'HVACSecondary-Fan-FanRatios.rule' line 111)
2021-02-11 11:59:18 - Error:  Division by zero evaluating rule: Set ANNUAL_BASELINE ThrmlZn:VentSysDsgnFlow  (76:'HVACSecondary-Fan-FanRatios.rule' line 111)
2021-02-11 11:59:18 - Error:  Division by zero evaluating rule: Set ANNUAL_BASELINE ThrmlZn:VentSysDsgnFlow  (76:'HVACSecondary-Fan-FanRatios.rule' line 111)
2021-02-11 11:59:18 - Error:  Division by zero evaluating rule: Set ANNUAL_BASELINE ThrmlZn:VentSysDsgnFlow  (76:'HVACSecondary-Fan-FanRatios.rule' line 111)
2021-02-11 11:59:18 - Error:  Division by zero evaluating rule: Set ANNUAL_BASELINE ThrmlZn:VentSysDsgnFlow  (76:'HVACSecondary-Fan-FanRatios.rule' line 111)
2021-02-11 11:59:18 - Error:  Division by zero evaluating rule: Set ANNUAL_BASELINE ThrmlZn:VentSysDsgnFlow  (76:'HVACSecondary-Fan-FanRatios.rule' line 111)
2021-02-11 11:59:18 - Error:  Division by zero evaluating rule: Set ANNUAL_BASELINE ThrmlZn:VentSysDsgnFlow  (76:'HVACSecondary-Fan-FanRatios.rule' line 111)
2021-02-11 11:59:18 - Error:  Division by zero evaluating rule: Set ANNUAL_BASELINE ThrmlZn:VentSysDsgnFlow  (76:'HVACSecondary-Fan-FanRatios.rule' line 111)
2021-02-11 11:59:18 - Error:  Division by zero evaluating rule: Set ANNUAL_BASELINE ThrmlZn:VentSysDsgnFlow  (76:'HVACSecondary-Fan-FanRatios.rule' line 111)
2021-02-11 11:59:18 - Error:  Division by zero evaluating rule: Set ANNUAL_BASELINE ThrmlZn:VentSysDsgnFlow  (76:'HVACSecondary-Fan-FanRatios.rule' line 111)
2021-02-11 11:59:18 - Error:  Division by zero evaluating rule: Set ANNUAL_BASELINE ThrmlZn:VentSysDsgnFlow  (76:'HVACSecondary-Fan-FanRatios.rule' line 111)
2021-02-11 11:59:18 - Error:  Division by zero evaluating rule: Set ANNUAL_BASELINE ThrmlZn:VentSysDsgnFlow  (76:'HVACSecondary-Fan-FanRatios.rule' line 111)
2021-02-11 11:59:19 -   PerfAnal_NRes - Bypassing OpenStudio (and simulation) for ab model
2021-02-11 11:59:19 -   PerfAnal_NRes - Completed analysis steps thru #7
2021-02-11 11:59:19 - Analysis incomplete  Processing time:  Overall 6:19 / SDD2IDF x2 avg 0:04 / SizSim x0 0:00 / AnnSim x2 avg 2:54 / ReportGen x0 0:00 / Other 0:18
2021-02-11 11:59:19 -       ResultsSummary population:  bAbort = (false) / RuleProcAbort = (false) / iRetVal = 0 / pszResultsSummary = (empty) / iResultsSummaryLen = 3200
2021-02-11 11:59:19 -       ResultsSummary components1:  2021-02-11 11:59:19 / instance / High-Rise Mixed-Use (10-story) / CTZ13S22A / Title24ProposedOnly / 6:19 /  / 
2021-02-11 11:59:19 -       ResultsSummary components2:  CBECC-Com 2022.0.1 RV (1113) / BEMCmpMgr 2022.0.1 RV (6107) / CA 2022 Nonresidential, Vers. 1.0 Alpha /  /  / - / C:\Users\agoyal\OneDrive - TRC\Documents\CBECC-Com 2022 Data\EPW\ / C:\Users\agoyal\OneDrive - TRC\Documents\GitHub\CALGreen-analysis\framework\analysis\hr\runs\hr-tier2\cz13\
2021-02-11 11:59:19 -       ResultsSummary:  2021-02-11 11:59:19,"instance","High-Rise Mixed-Use (10-story)","CTZ13S22A","Pol  0% RetAdd NoLeak",125400,150480,"Title24ProposedOnly",6:19,,,"--","--","Successful (258 warnings)",14158.6,113327,76275.1,212.724,4756.61,1088.9,46777.4,256596,274496,19205.8,47456.3,6890.07,0,0,604645,1054.84,0,0,0,0,7082.35,0,8137.19,1576.89,2595.88,0,0,12310,0,0,0,0,0,0,0,0,0,0,0,0,0,5.63289,36.3789,19.3796,0.0942436,1.07157,13.9152,10.0292,86.5016,64.8809,9.35761,11.2213,1.52103,0,0,173.482,149.623,23.8592,0,3,"Thermal Zone: F10 Laundry",0,0,,0,"--","--","",0,0,0,0,0,0,0,0,0,0,0,0,0,0,0,0,0,0,0,0,0,0,0,0,0,0,0,0,0,0,0,0,0,0,0,0,0,0,0,0,0,0,0,0,0,0,0,0,0,0,0,0,0,0,0,0,0,0,0,,,,,,,3.15282e-06,51.4605,18.7315,0.0879928,1.27208,0.124303,8.12796,79.8043,43.2848,2.98676,9.36022,0.786538,0,0,136.223,0,0,0,0,0,0,0,0,0,0,0,0,0,0,0,"CBECC-Com 2022.0.1 RV (1113)","BEMCmpMgr 2022.0.1 RV (6107)","CA 2022 Nonresidential, Vers. 1.0 Alpha","","","-","C:\Users\agoyal\OneDrive - TRC\Documents\CBECC-Com 2022 Data\EPW\","C:\Users\agoyal\OneDrive - TRC\Documents\GitHub\CALGreen-analysis\framework\analysis\hr\runs\hr-tier2\cz13\",3.06873,15.463,11.4118,0.022377,0.475099,0.178109,5.17348,35.79,42.6316,3.29781,8.50114,1.127,0,0,91.35,0.50578,0,0,0,0,3.39589,0,3.91,0.756098,1.24469,0,0,5.91,0,0,0,0,0,0,0,0,0,0,0,0,0,0,0,0,0,0,0,0,0,0,0,0,0,0,0,0,1.2444,2.32286,1.71428,0.00336147,0.0713694,5.28672,0.777163,11.4202,7.57526,2.42333,1.27704,0.169298,0,0,22.8651,0,0,0,0,0,0,0,0,0,0,0,0,0,0,0,

2021-02-11 11:59:22 - -----------------------------------------------------------------------------
2021-02-11 11:59:22 - Opening Project 'cz13\instance.cibd22'...
2021-02-11 11:59:23 -    Model load successful into CBECC-Com 2022.0.1 RV (1113)
2021-02-11 11:59:23 - Performing Building Database check...
2021-02-11 11:59:23 - Building Database check completed, no problems found.
2021-02-11 11:59:26 - Error writing enumeration property for Mat 'MetalFrameWall16inOC R21.00', property CavityInsOpt (previously 'R-21' (?))
2021-02-11 11:59:26 - Project Saved
