2020-02-05 18:14:33 - -----------------------------------------------------------------------------
2020-02-05 18:14:33 - Opening Project 'cz04\instance.cibd22'...
2020-02-05 18:14:34 -    Model load successful into CBECC-Com 2022.0.1 RV (1113)
2020-02-05 18:14:35 - Performing Building Database check...
2020-02-05 18:14:35 - Building Database check completed, no problems found.
2020-02-05 18:14:38 -   PerfAnal_NRes - starting, w/ arguments:
2020-02-05 18:14:38 -        BEMBasePathFile    = (null)
2020-02-05 18:14:38 -        RulesetPathFile    = (null)
2020-02-05 18:14:38 -        SimWeatherPath     = C:\Users\agoyal\Documents\CBECC-Com 2022 Data\EPW\
2020-02-05 18:14:38 -        CompMgrDLLPath     = (null)
2020-02-05 18:14:38 -        DHWWeatherPath     = (null)
2020-02-05 18:14:38 -        ProcessingPath     = C:\Users\agoyal\Documents\GitHub\T24-2022-CASE-Modeling\framework\analysis\hpte\runs\mumr-win-prop\cz04\instance - run\
2020-02-05 18:14:38 -        ModelPathFile      = C:\Users\agoyal\Documents\GitHub\T24-2022-CASE-Modeling\framework\analysis\hpte\runs\mumr-win-prop\cz04\instance.cibd22
2020-02-05 18:14:38 -        LogPathFile        = (null)
2020-02-05 18:14:38 -        UIVersionString    = CBECC-Com 2022.0.1 RV (1113)
2020-02-05 18:14:38 -        LoadModelFile      = false
2020-02-05 18:14:38 -        OptionsCSV         = AllowAnalysisAbort,0,StoreBEMDetails,1,AnalysisThruStep,8,ModelRpt_ALL,1,ExportHourlyResults_All,1,PromptUserUMLHWarning,1,PreAnalysisCheckPromptOption,3,CompReportWarningOption,5,
2020-02-05 18:14:38 -        ErrorMsg           = (assumed to be initialized)
2020-02-05 18:14:38 -        ErrorMsgLen        = 2056
2020-02-05 18:14:38 -        DisplayProgress    = true
2020-02-05 18:14:38 -        ResultsSummary     = (empty)
2020-02-05 18:14:38 -        ResultsSummaryLen  = 3200
2020-02-05 18:14:38 -        pProgCallbackFunc  = (null)
2020-02-05 18:14:39 - Performing Building Database check...
2020-02-05 18:14:39 - Building Database check completed, no problems found.
2020-02-05 18:14:39 - Warning:  The following developer options must be defaulted (not specified by the user) in order to perform a valid compliance analysis:
          Proj 'Mid-Rise Mixed-Use (5-story)' AutoHardSize
          Proj 'Mid-Rise Mixed-Use (5-story)' AutoEffInput
2020-02-05 18:14:39 -    1 file hash check(s) failed on executable and/or analysis support files (analysis continuing w/ report signature disabled)
2020-02-05 18:14:41 -   PerfAnal_NRes - AnalysisThruStep being set to #7 due to Proj:AnalysisType = Title24ProposedOnly
2020-02-05 18:14:41 - Performing Building Database check...
2020-02-05 18:14:41 - Building Database check completed, no problems found.
2020-02-05 18:14:41 - Warning:  The AirSystem:Count for multi-zone system 'DOAS1' is not consistent with the maximum or minimum ThermalZone:Multiplier of the zones the system serves. This indicates the HVAC system serves more than 1 floor, or that Multipliers or system Count may be improperly defined. Check inputs for consistency. evaluating rule: Set CHECKCODE AirSys:Cnt  (68:'HVACSecondary-General.rule' line 1398)
2020-02-05 18:14:44 -   PerfAnal_NRes - Bypassing OpenStudio (and simulation) for zp model
2020-02-05 18:14:46 -   PerfAnal_NRes - Bypassing OpenStudio (and simulation) for zb model
2020-02-05 18:20:10 - Analysis incomplete  Processing time:  Overall 5:32 / SDD2IDF x2 avg 0:09 / SizSim x0 0:00 / AnnSim x2 avg 1:51 / ReportGen x0 0:00 / Other 1:26
2020-02-05 18:20:10 -       ResultsSummary population:  bAbort = (false) / RuleProcAbort = (false) / iRetVal = 0 / pszResultsSummary = (empty) / iResultsSummaryLen = 3200
2020-02-05 18:20:10 -       ResultsSummary components1:  2020-02-05 18:20:10 / instance / Mid-Rise Mixed-Use (5-story) / CTZ04S22A / Title24ProposedOnly / 5:32 /  / 
2020-02-05 18:20:10 -       ResultsSummary components2:  CBECC-Com 2022.0.1 RV (1113) / BEMCmpMgr 2022.0.1 RV (6107) / CA 2022 Nonresidential, Vers. 1.0 Alpha /  /  / - / C:\Users\agoyal\Documents\CBECC-Com 2022 Data\EPW\ / C:\Users\agoyal\Documents\GitHub\T24-2022-CASE-Modeling\framework\analysis\hpte\runs\mumr-win-prop\cz04\
2020-02-05 18:20:10 -       ResultsSummary:  2020-02-05 18:20:10,"instance","Mid-Rise Mixed-Use (5-story)","CTZ04S22A","Pol  0% RetAdd NoLeak",113100,141000,"Title24ProposedOnly",5:32,,,"--","--","Successful (219 warnings)",8.61877,86490.9,56044.3,0,243.424,13463.8,81922.8,238174,217441,0,149101,34551.8,0,0,639268,2202.6,0,0,0,0,10028.2,0,12230.8,586.724,0,0,0,12817.6,0,0,0,0,0,0,0,0,0,0,0,0,0,5.17927,29.6248,14.9008,0,0.0553712,24.5705,19.5752,93.9061,55.6091,0,38.1954,8.50068,0,0,196.211,168.49,27.7209,0,1989,"Thermal Zone: F2-4 Corridor",0,1547.25,"Thermal Zone: F5 Corridor",0,"--","--","",0,0,0,0,0,0,0,0,0,0,0,0,0,0,0,0,0,0,0,0,0,0,0,0,0,0,0,0,0,0,0,0,0,0,0,0,0,0,0,0,0,0,0,0,0,0,0,0,0,0,0,0,0,0,0,0,0,0,0,,,,,,,4.14586e-05,31.5096,10.4129,0,0.0360688,2.18623,14.3405,58.4853,38.321,0,25.7371,3.94427,0,0,126.488,0,0,0,0,0,0,0,0,0,0,0,0,0,0,0,"CBECC-Com 2022.0.1 RV (1113)","BEMCmpMgr 2022.0.1 RV (6107)","CA 2022 Nonresidential, Vers. 1.0 Alpha","","","-","C:\Users\agoyal\Documents\CBECC-Com 2022 Data\EPW\","C:\Users\agoyal\Documents\GitHub\T24-2022-CASE-Modeling\framework\analysis\hpte\runs\mumr-win-prop\cz04\",0.00166116,9.68369,7.94574,0,0.0336857,1.70696,9.04923,28.42,32.1279,0,25.58,5.65158,0,0,91.78,1.05612,0,0,0,0,4.80841,0,5.87,0.281326,0,0,0,6.15,0,0,0,0,0,0,0,0,0,0,0,0,0,0,0,0,0,0,0,0,0,0,0,0,0,0,0,0,1.81402,1.61289,1.32342,0,0.00561058,8.54212,1.50722,14.8053,5.83428,0,4.26052,0.941311,0,0,25.8414,0,0,0,0,0,0,0,0,0,0,0,0,0,0,0,

2020-02-05 18:20:13 - -----------------------------------------------------------------------------
2020-02-05 18:20:13 - Opening Project 'cz04\instance.cibd22'...
2020-02-05 18:20:15 -    Model load successful into CBECC-Com 2022.0.1 RV (1113)
2020-02-05 18:20:15 - Performing Building Database check...
2020-02-05 18:20:15 - Building Database check completed, no problems found.
2020-02-05 18:20:19 - Project Saved
2020-02-05 19:33:24 - -----------------------------------------------------------------------------
2020-02-05 19:33:24 - Opening Project 'cz04\instance.cibd22'...
2020-02-05 19:33:25 -    Model load successful into CBECC-Com 2022.0.1 RV (1113)
2020-02-05 19:33:25 - Performing Building Database check...
2020-02-05 19:33:25 - Building Database check completed, no problems found.
2020-02-05 19:33:30 -   PerfAnal_NRes - starting, w/ arguments:
2020-02-05 19:33:30 -        BEMBasePathFile    = (null)
2020-02-05 19:33:30 -        RulesetPathFile    = (null)
2020-02-05 19:33:30 -        SimWeatherPath     = C:\Users\agoyal\Documents\CBECC-Com 2022 Data\EPW\
2020-02-05 19:33:30 -        CompMgrDLLPath     = (null)
2020-02-05 19:33:30 -        DHWWeatherPath     = (null)
2020-02-05 19:33:30 -        ProcessingPath     = C:\Users\agoyal\Documents\GitHub\T24-2022-CASE-Modeling\framework\analysis\hpte\runs\mumr-win-prop\cz04\instance - run\
2020-02-05 19:33:30 -        ModelPathFile      = C:\Users\agoyal\Documents\GitHub\T24-2022-CASE-Modeling\framework\analysis\hpte\runs\mumr-win-prop\cz04\instance.cibd22
2020-02-05 19:33:30 -        LogPathFile        = (null)
2020-02-05 19:33:30 -        UIVersionString    = CBECC-Com 2022.0.1 RV (1113)
2020-02-05 19:33:30 -        LoadModelFile      = false
2020-02-05 19:33:30 -        OptionsCSV         = AllowAnalysisAbort,0,StoreBEMDetails,1,AnalysisThruStep,8,ModelRpt_ALL,1,ExportHourlyResults_All,1,PromptUserUMLHWarning,1,PreAnalysisCheckPromptOption,3,CompReportWarningOption,5,
2020-02-05 19:33:30 -        ErrorMsg           = (assumed to be initialized)
2020-02-05 19:33:30 -        ErrorMsgLen        = 2056
2020-02-05 19:33:30 -        DisplayProgress    = true
2020-02-05 19:33:30 -        ResultsSummary     = (empty)
2020-02-05 19:33:30 -        ResultsSummaryLen  = 3200
2020-02-05 19:33:30 -        pProgCallbackFunc  = (null)
2020-02-05 19:33:30 - Performing Building Database check...
2020-02-05 19:33:30 - Building Database check completed, no problems found.
2020-02-05 19:33:30 - Warning:  The following developer options must be defaulted (not specified by the user) in order to perform a valid compliance analysis:
          Proj 'Mid-Rise Mixed-Use (5-story)' AutoHardSize
          Proj 'Mid-Rise Mixed-Use (5-story)' AutoEffInput
2020-02-05 19:33:31 -    1 file hash check(s) failed on executable and/or analysis support files (analysis continuing w/ report signature disabled)
2020-02-05 19:33:33 -   PerfAnal_NRes - AnalysisThruStep being set to #7 due to Proj:AnalysisType = Title24ProposedOnly
2020-02-05 19:33:33 - Performing Building Database check...
2020-02-05 19:33:33 - Building Database check completed, no problems found.
2020-02-05 19:33:33 - Warning:  The AirSystem:Count for multi-zone system 'DOAS1' is not consistent with the maximum or minimum ThermalZone:Multiplier of the zones the system serves. This indicates the HVAC system serves more than 1 floor, or that Multipliers or system Count may be improperly defined. Check inputs for consistency. evaluating rule: Set CHECKCODE AirSys:Cnt  (68:'HVACSecondary-General.rule' line 1398)
2020-02-05 19:33:37 -   PerfAnal_NRes - Bypassing OpenStudio (and simulation) for zp model
2020-02-05 19:33:39 -   PerfAnal_NRes - Bypassing OpenStudio (and simulation) for zb model
2020-02-05 19:36:52 - Error:  Undefined data: numerator evaluating rule: Set ANNUAL_BASELINE Fan:FlowCap  (75:'HVACSecondary-Fan-General.rule' line 494)
2020-02-05 19:36:52 - Error:  Undefined data: numerator evaluating rule: Set ANNUAL_BASELINE Fan:FlowCap  (75:'HVACSecondary-Fan-General.rule' line 494)
2020-02-05 19:36:52 - Error:  Undefined data: numerator evaluating rule: Set ANNUAL_BASELINE Fan:FlowCap  (75:'HVACSecondary-Fan-General.rule' line 494)
2020-02-05 19:36:52 - Error:  Undefined data: numerator evaluating rule: Set ANNUAL_BASELINE Fan:FlowCap  (75:'HVACSecondary-Fan-General.rule' line 529)
2020-02-05 19:36:52 - Error:  Undefined data: numerator evaluating rule: Set ANNUAL_BASELINE Fan:FlowCap  (75:'HVACSecondary-Fan-General.rule' line 529)
2020-02-05 19:36:52 - Error:  Undefined data: numerator evaluating rule: Set ANNUAL_BASELINE Fan:FlowCap  (75:'HVACSecondary-Fan-General.rule' line 529)
2020-02-05 19:36:52 - Error:  Undefined data: numerator evaluating rule: Set ANNUAL_BASELINE Fan:FlowCap  (75:'HVACSecondary-Fan-General.rule' line 529)
2020-02-05 19:36:52 - Error:  Undefined data: numerator evaluating rule: Set ANNUAL_BASELINE Fan:FlowCap  (75:'HVACSecondary-Fan-General.rule' line 529)
2020-02-05 19:36:52 - Error:  Undefined data: numerator evaluating rule: Set ANNUAL_BASELINE Fan:FlowCap  (75:'HVACSecondary-Fan-General.rule' line 529)
2020-02-05 19:36:52 - Error:  Undefined data: numerator evaluating rule: Set ANNUAL_BASELINE Fan:FlowCap  (75:'HVACSecondary-Fan-General.rule' line 529)
2020-02-05 19:36:52 - Error:  Undefined data: numerator evaluating rule: Set ANNUAL_BASELINE Fan:FlowCap  (75:'HVACSecondary-Fan-General.rule' line 529)
2020-02-05 19:36:52 - Error:  Undefined data: numerator evaluating rule: Set ANNUAL_BASELINE Fan:FlowCap  (75:'HVACSecondary-Fan-General.rule' line 529)
2020-02-05 19:36:52 - Error:  Undefined data: numerator evaluating rule: Set ANNUAL_BASELINE Fan:FlowCap  (75:'HVACSecondary-Fan-General.rule' line 529)
2020-02-05 19:36:52 - Error:  Undefined data: numerator evaluating rule: Set ANNUAL_BASELINE Fan:FlowCap  (75:'HVACSecondary-Fan-General.rule' line 529)
2020-02-05 19:36:52 - Error:  Undefined data: numerator evaluating rule: Set ANNUAL_BASELINE Fan:FlowCap  (75:'HVACSecondary-Fan-General.rule' line 529)
2020-02-05 19:36:52 - Error:  Undefined data: numerator evaluating rule: Set ANNUAL_BASELINE Fan:FlowCap  (75:'HVACSecondary-Fan-General.rule' line 529)
2020-02-05 19:36:52 - Error:  Undefined data: numerator evaluating rule: Set ANNUAL_BASELINE Fan:FlowCap  (75:'HVACSecondary-Fan-General.rule' line 529)
2020-02-05 19:36:52 - Error:  Undefined data: numerator evaluating rule: Set ANNUAL_BASELINE Fan:FlowCap  (75:'HVACSecondary-Fan-General.rule' line 529)
2020-02-05 19:36:52 - Error:  Undefined data: numerator evaluating rule: Set ANNUAL_BASELINE Fan:FlowCap  (75:'HVACSecondary-Fan-General.rule' line 529)
2020-02-05 19:36:52 - Error:  Undefined data: numerator evaluating rule: Set ANNUAL_BASELINE Fan:FlowCap  (75:'HVACSecondary-Fan-General.rule' line 529)
2020-02-05 19:36:52 - Error:  Undefined data: numerator evaluating rule: Set ANNUAL_BASELINE Fan:FlowCap  (75:'HVACSecondary-Fan-General.rule' line 529)
2020-02-05 19:36:52 - Error:  Undefined data: numerator evaluating rule: Set ANNUAL_BASELINE Fan:FlowCap  (75:'HVACSecondary-Fan-General.rule' line 529)
2020-02-05 19:36:52 - Error:  Undefined data: numerator evaluating rule: Set ANNUAL_BASELINE Fan:FlowCap  (75:'HVACSecondary-Fan-General.rule' line 529)
2020-02-05 19:36:52 - Error:  Undefined data: numerator evaluating rule: Set ANNUAL_BASELINE Fan:FlowCap  (75:'HVACSecondary-Fan-General.rule' line 529)
2020-02-05 19:36:52 - Error:  Undefined data: numerator evaluating rule: Set ANNUAL_BASELINE Fan:FlowCap  (75:'HVACSecondary-Fan-General.rule' line 529)
2020-02-05 19:36:52 - Error:  Division by zero evaluating rule: Set ANNUAL_BASELINE ThrmlZn:PriAirCondgSysDsgnFlow  (76:'HVACSecondary-Fan-FanRatios.rule' line 67)
2020-02-05 19:36:52 - Error:  Division by zero evaluating rule: Set ANNUAL_BASELINE ThrmlZn:PriAirCondgSysDsgnFlow  (76:'HVACSecondary-Fan-FanRatios.rule' line 67)
2020-02-05 19:36:52 - Error:  Division by zero evaluating rule: Set ANNUAL_BASELINE ThrmlZn:PriAirCondgSysDsgnFlow  (76:'HVACSecondary-Fan-FanRatios.rule' line 67)
2020-02-05 19:36:52 - Error:  Division by zero evaluating rule: Set ANNUAL_BASELINE ThrmlZn:PriAirCondgSysDsgnFlow  (76:'HVACSecondary-Fan-FanRatios.rule' line 67)
2020-02-05 19:36:52 - Error:  Division by zero evaluating rule: Set ANNUAL_BASELINE ThrmlZn:PriAirCondgSysDsgnFlow  (76:'HVACSecondary-Fan-FanRatios.rule' line 67)
2020-02-05 19:36:52 - Error:  Division by zero evaluating rule: Set ANNUAL_BASELINE ThrmlZn:PriAirCondgSysDsgnFlow  (76:'HVACSecondary-Fan-FanRatios.rule' line 67)
2020-02-05 19:36:52 - Error:  Division by zero evaluating rule: Set ANNUAL_BASELINE ThrmlZn:PriAirCondgSysDsgnFlow  (76:'HVACSecondary-Fan-FanRatios.rule' line 67)
2020-02-05 19:36:52 - Error:  Division by zero evaluating rule: Set ANNUAL_BASELINE ThrmlZn:PriAirCondgSysDsgnFlow  (76:'HVACSecondary-Fan-FanRatios.rule' line 67)
2020-02-05 19:36:52 - Error:  Division by zero evaluating rule: Set ANNUAL_BASELINE ThrmlZn:PriAirCondgSysDsgnFlow  (76:'HVACSecondary-Fan-FanRatios.rule' line 67)
2020-02-05 19:36:52 - Error:  Division by zero evaluating rule: Set ANNUAL_BASELINE ThrmlZn:PriAirCondgSysDsgnFlow  (76:'HVACSecondary-Fan-FanRatios.rule' line 67)
2020-02-05 19:36:52 - Error:  Division by zero evaluating rule: Set ANNUAL_BASELINE ThrmlZn:PriAirCondgSysDsgnFlow  (76:'HVACSecondary-Fan-FanRatios.rule' line 67)
2020-02-05 19:36:52 - Error:  Division by zero evaluating rule: Set ANNUAL_BASELINE ThrmlZn:PriAirCondgSysDsgnFlow  (76:'HVACSecondary-Fan-FanRatios.rule' line 67)
2020-02-05 19:36:52 - Error:  Division by zero evaluating rule: Set ANNUAL_BASELINE ThrmlZn:VentSysDsgnFlow  (76:'HVACSecondary-Fan-FanRatios.rule' line 111)
2020-02-05 19:36:52 - Error:  Division by zero evaluating rule: Set ANNUAL_BASELINE ThrmlZn:VentSysDsgnFlow  (76:'HVACSecondary-Fan-FanRatios.rule' line 111)
2020-02-05 19:36:52 - Error:  Division by zero evaluating rule: Set ANNUAL_BASELINE ThrmlZn:VentSysDsgnFlow  (76:'HVACSecondary-Fan-FanRatios.rule' line 111)
2020-02-05 19:36:52 - Error:  Division by zero evaluating rule: Set ANNUAL_BASELINE ThrmlZn:VentSysDsgnFlow  (76:'HVACSecondary-Fan-FanRatios.rule' line 111)
2020-02-05 19:36:52 - Error:  Division by zero evaluating rule: Set ANNUAL_BASELINE ThrmlZn:VentSysDsgnFlow  (76:'HVACSecondary-Fan-FanRatios.rule' line 111)
2020-02-05 19:36:52 - Error:  Division by zero evaluating rule: Set ANNUAL_BASELINE ThrmlZn:VentSysDsgnFlow  (76:'HVACSecondary-Fan-FanRatios.rule' line 111)
2020-02-05 19:36:52 - Error:  Division by zero evaluating rule: Set ANNUAL_BASELINE ThrmlZn:VentSysDsgnFlow  (76:'HVACSecondary-Fan-FanRatios.rule' line 111)
2020-02-05 19:36:52 - Error:  Division by zero evaluating rule: Set ANNUAL_BASELINE ThrmlZn:VentSysDsgnFlow  (76:'HVACSecondary-Fan-FanRatios.rule' line 111)
2020-02-05 19:36:52 - Error:  Division by zero evaluating rule: Set ANNUAL_BASELINE ThrmlZn:VentSysDsgnFlow  (76:'HVACSecondary-Fan-FanRatios.rule' line 111)
2020-02-05 19:36:52 - Error:  Division by zero evaluating rule: Set ANNUAL_BASELINE ThrmlZn:VentSysDsgnFlow  (76:'HVACSecondary-Fan-FanRatios.rule' line 111)
2020-02-05 19:36:52 - Error:  Division by zero evaluating rule: Set ANNUAL_BASELINE ThrmlZn:VentSysDsgnFlow  (76:'HVACSecondary-Fan-FanRatios.rule' line 111)
2020-02-05 19:36:52 - Error:  Division by zero evaluating rule: Set ANNUAL_BASELINE ThrmlZn:VentSysDsgnFlow  (76:'HVACSecondary-Fan-FanRatios.rule' line 111)
2020-02-05 19:36:53 -   PerfAnal_NRes - Bypassing OpenStudio (and simulation) for ab model
2020-02-05 19:36:53 -   PerfAnal_NRes - Completed analysis steps thru #7
2020-02-05 19:36:53 - Analysis incomplete  Processing time:  Overall 3:23 / SDD2IDF x2 avg 0:06 / SizSim x0 0:00 / AnnSim x2 avg 1:25 / ReportGen x0 0:00 / Other 0:19
2020-02-05 19:36:53 -       ResultsSummary population:  bAbort = (false) / RuleProcAbort = (false) / iRetVal = 0 / pszResultsSummary = (empty) / iResultsSummaryLen = 3200
2020-02-05 19:36:53 -       ResultsSummary components1:  2020-02-05 19:36:53 / instance / Mid-Rise Mixed-Use (5-story) / CTZ04S22A / Title24ProposedOnly / 3:23 /  / 
2020-02-05 19:36:53 -       ResultsSummary components2:  CBECC-Com 2022.0.1 RV (1113) / BEMCmpMgr 2022.0.1 RV (6107) / CA 2022 Nonresidential, Vers. 1.0 Alpha /  /  / - / C:\Users\agoyal\Documents\CBECC-Com 2022 Data\EPW\ / C:\Users\agoyal\Documents\GitHub\T24-2022-CASE-Modeling\framework\analysis\hpte\runs\mumr-win-prop\cz04\
2020-02-05 19:36:53 -       ResultsSummary:  2020-02-05 19:36:53,"instance","Mid-Rise Mixed-Use (5-story)","CTZ04S22A","Pol  0% RetAdd NoLeak",113100,141000,"Title24ProposedOnly",3:23,,,"--","--","Successful (219 warnings)",8.61877,86490.9,56044.3,0,243.424,13463.8,81922.8,238174,217441,0,149101,34551.8,0,0,639268,2202.6,0,0,0,0,10028.2,0,12230.8,586.724,0,0,0,12817.6,0,0,0,0,0,0,0,0,0,0,0,0,0,5.17927,29.6248,14.9008,0,0.0553712,24.5705,19.5752,93.9061,55.6091,0,38.1954,8.50068,0,0,196.211,168.49,27.7209,0,1989,"Thermal Zone: F2-4 Corridor",0,1547.25,"Thermal Zone: F5 Corridor",0,"--","--","",0,0,0,0,0,0,0,0,0,0,0,0,0,0,0,0,0,0,0,0,0,0,0,0,0,0,0,0,0,0,0,0,0,0,0,0,0,0,0,0,0,0,0,0,0,0,0,0,0,0,0,0,0,0,0,0,0,0,0,,,,,,,4.14586e-05,31.5096,10.4129,0,0.0360688,2.18623,14.3405,58.4853,38.321,0,25.7371,3.94427,0,0,126.488,0,0,0,0,0,0,0,0,0,0,0,0,0,0,0,"CBECC-Com 2022.0.1 RV (1113)","BEMCmpMgr 2022.0.1 RV (6107)","CA 2022 Nonresidential, Vers. 1.0 Alpha","","","-","C:\Users\agoyal\Documents\CBECC-Com 2022 Data\EPW\","C:\Users\agoyal\Documents\GitHub\T24-2022-CASE-Modeling\framework\analysis\hpte\runs\mumr-win-prop\cz04\",0.00166116,9.68369,7.94574,0,0.0336857,1.70696,9.04923,28.42,32.1279,0,25.58,5.65158,0,0,91.78,1.05612,0,0,0,0,4.80841,0,5.87,0.281326,0,0,0,6.15,0,0,0,0,0,0,0,0,0,0,0,0,0,0,0,0,0,0,0,0,0,0,0,0,0,0,0,0,1.81402,1.61289,1.32342,0,0.00561058,8.54212,1.50722,14.8053,5.83428,0,4.26052,0.941311,0,0,25.8414,0,0,0,0,0,0,0,0,0,0,0,0,0,0,0,

2020-02-05 19:36:56 - -----------------------------------------------------------------------------
2020-02-05 19:36:56 - Opening Project 'cz04\instance.cibd22'...
2020-02-05 19:36:57 -    Model load successful into CBECC-Com 2022.0.1 RV (1113)
2020-02-05 19:36:57 - Performing Building Database check...
2020-02-05 19:36:57 - Building Database check completed, no problems found.
2020-02-05 19:37:01 - Project Saved
