2020-03-25 14:27:11 - -----------------------------------------------------------------------------
2020-03-25 14:27:11 - Opening Project 'cz01\instance.cibd22'...
2020-03-25 14:27:11 -    ERROR - unable to create  component 'Component 0'. Invalid component type ''.
2020-03-25 17:15:10 -    ERROR - unable to create  component 'Component 0'. Invalid component type ''.
2020-03-25 17:15:10 -    ERROR - unable to create  component 'Component 0'. Invalid component type ''.
2020-03-25 17:15:10 -    ERROR - unable to create  component 'Component 0'. Invalid component type ''.
2020-03-25 17:15:10 -    ERROR - unable to create  component 'Component 0'. Invalid component type ''.
2020-03-25 17:15:10 -    ERROR - unable to create  component 'Component 0'. Invalid component type ''.
2020-03-25 17:15:10 -    ERROR - unable to create  component 'Component 0'. Invalid component type ''.
2020-03-25 17:15:10 -    ERROR - unable to create  component 'Component 0'. Invalid component type ''.
2020-03-25 17:15:10 -    ERROR - unable to create  component 'Component 0'. Invalid component type ''.
2020-03-25 17:15:10 -    ERROR - unable to create  component 'Component 0'. Invalid component type ''.
2020-03-25 17:15:10 -    ERROR - unable to create  component 'Component 0'. Invalid component type ''.
2020-03-25 17:15:10 -    ERROR - unable to create  component 'Component 0'. Invalid component type ''.
2020-03-25 17:15:10 -    ERROR - unable to create  component 'Component 0'. Invalid component type ''.
2020-03-25 17:15:10 -    ERROR - unable to create  component 'Component 0'. Invalid component type ''.
2020-03-25 17:15:10 -    ERROR - unable to create  component 'Component 0'. Invalid component type ''.
2020-03-25 17:15:10 -    ERROR - unable to create  component 'Component 0'. Invalid component type ''.
2020-03-25 17:15:10 -    ERROR - unable to create  component 'Component 0'. Invalid component type ''.
2020-03-25 17:15:10 -    ERROR - unable to create  component 'Component 0'. Invalid component type ''.
2020-03-25 17:15:10 -    ERROR - unable to create  component 'Component 0'. Invalid component type ''.
2020-03-25 17:15:10 -    ERROR - unable to create  component 'Component 0'. Invalid component type ''.
2020-03-25 17:15:10 -    ERROR - unable to create  component 'Component 0'. Invalid component type ''.
2020-03-25 17:15:10 -    ERROR - unable to create  component 'Component 0'. Invalid component type ''.
2020-03-25 17:15:10 -    ERROR - unable to create  component 'Component 0'. Invalid component type ''.
2020-03-25 17:15:10 -    ERROR - unable to create  component 'Component 0'. Invalid component type ''.
2020-03-25 17:15:10 -    ERROR - unable to create  component 'Component 0'. Invalid component type ''.
2020-03-25 17:15:10 -    ERROR - unable to create  component 'Component 0'. Invalid component type ''.
2020-03-25 17:15:10 -    ERROR - unable to create  component 'Component 0'. Invalid component type ''.
2020-03-25 17:15:10 -    ERROR - unable to create  component 'Component 0'. Invalid component type ''.
2020-03-25 17:15:10 -    ERROR - unable to create  component 'Component 0'. Invalid component type ''.
2020-03-25 17:15:10 -    ERROR - unable to create  component 'Component 0'. Invalid component type ''.
2020-03-25 17:15:10 -    ERROR - unable to create  component 'Component 0'. Invalid component type ''.
2020-03-25 17:15:10 -    ERROR - unable to create  component 'Component 0'. Invalid component type ''.
2020-03-25 17:15:10 -    ERROR - unable to create  component 'Component 0'. Invalid component type ''.
2020-03-25 17:15:10 -    ERROR - unable to create  component 'Component 0'. Invalid component type ''.
2020-03-25 17:15:10 -    ERROR - unable to create  component 'Component 0'. Invalid component type ''.
2020-03-25 17:15:10 -    ERROR - unable to create  component 'Component 0'. Invalid component type ''.
2020-03-25 17:15:10 -    ERROR - unable to create  component 'Component 0'. Invalid component type ''.
2020-03-25 17:15:10 -    ERROR - unable to create  component 'Component 0'. Invalid component type ''.
2020-03-25 17:15:10 -    ERROR - unable to create  component 'Component 0'. Invalid component type ''.
2020-03-25 17:15:10 -    ERROR - unable to create  component 'Component 0'. Invalid component type ''.
2020-03-25 17:15:10 -    ERROR - unable to create  component 'Component 0'. Invalid component type ''.
2020-03-25 17:15:10 -    ERROR - unable to create  component 'Component 0'. Invalid component type ''.
2020-03-25 17:15:10 -    ERROR - unable to create  component 'Component 0'. Invalid component type ''.
2020-03-25 17:15:10 -    ERROR - unable to create  component 'Component 0'. Invalid component type ''.
2020-03-25 17:15:10 -    ERROR - unable to create  component 'Component 0'. Invalid component type ''.
2020-03-25 17:15:10 -    ERROR - unable to create  component 'Component 0'. Invalid component type ''.
2020-03-25 17:15:10 -    ERROR - unable to create  component 'Component 0'. Invalid component type ''.
2020-03-25 17:15:10 -    ERROR - unable to create  component 'Component 0'. Invalid component type ''.
2020-03-25 17:15:10 -    ERROR - unable to create  component 'Component 0'. Invalid component type ''.
2020-03-25 17:15:10 -    ERROR - unable to create  component 'Component 0'. Invalid component type ''.
2020-03-25 17:15:10 -    ERROR - unable to create  component 'Component 0'. Invalid component type ''.
2020-03-25 17:15:10 -    ERROR - unable to create  component 'Component 0'. Invalid component type ''.
2020-03-25 17:15:10 -    ERROR - unable to create  component 'Component 0'. Invalid component type ''.
2020-03-25 17:15:10 -    ERROR - unable to create  component 'Component 0'. Invalid component type ''.
2020-03-25 17:15:10 -    ERROR - unable to create  component 'Component 0'. Invalid component type ''.
2020-03-25 17:15:10 -    ERROR - unable to create  component 'Component 0'. Invalid component type ''.
2020-03-25 17:15:10 -    ERROR - unable to create  component 'Component 0'. Invalid component type ''.
2020-03-25 17:15:10 -    ERROR - unable to create  component 'Component 0'. Invalid component type ''.
2020-03-25 17:15:10 -    ERROR - unable to create  component 'Component 0'. Invalid component type ''.
2020-03-25 17:15:10 -    ERROR - unable to create  component 'Component 0'. Invalid component type ''.
2020-03-25 17:15:10 -    ERROR - unable to create  component 'Component 0'. Invalid component type ''.
2020-03-25 17:15:10 -    ERROR - unable to create  component 'Component 0'. Invalid component type ''.
2020-03-25 17:15:10 -    ERROR - unable to create  component 'Component 0'. Invalid component type ''.
2020-03-25 17:15:10 -    ERROR - unable to create  component 'Component 0'. Invalid component type ''.
2020-03-25 17:15:10 -    ERROR - unable to create  component 'Component 0'. Invalid component type ''.
2020-03-25 17:15:10 -    ERROR - unable to create  component 'Component 0'. Invalid component type ''.
2020-03-25 17:15:10 -    ERROR - unable to create  component 'Component 0'. Invalid component type ''.
2020-03-25 17:15:10 -    ERROR - unable to create  component 'Component 0'. Invalid component type ''.
2020-03-25 17:15:10 -    ERROR - unable to create  component 'Component 0'. Invalid component type ''.
2020-03-25 17:15:10 -    ERROR - unable to create  component 'Component 0'. Invalid component type ''.
2020-03-25 17:15:10 -    ERROR - unable to create  component 'Component 0'. Invalid component type ''.
2020-03-25 17:15:10 -    ERROR - unable to create  component 'Component 0'. Invalid component type ''.
2020-03-25 17:15:10 -    ERROR - unable to create  component 'Component 0'. Invalid component type ''.
2020-03-25 17:15:10 -    ERROR - unable to create  component 'Component 0'. Invalid component type ''.
2020-03-25 17:15:10 -    ERROR - unable to create  component 'Component 0'. Invalid component type ''.
2020-03-25 17:15:10 -    ERROR - unable to create  component 'Component 0'. Invalid component type ''.
2020-03-25 17:15:10 -    ERROR - unable to create  component 'Component 0'. Invalid component type ''.
2020-03-25 17:15:10 -    ERROR - unable to create  component 'Component 0'. Invalid component type ''.
2020-03-25 17:15:10 -    ERROR - unable to create  component 'Component 0'. Invalid component type ''.
2020-03-25 17:15:10 -    ERROR - unable to create  component 'Component 0'. Invalid component type ''.
2020-03-25 17:15:10 -    ERROR - unable to create  component 'Component 0'. Invalid component type ''.
2020-03-25 17:15:10 -    ERROR - unable to create  component 'Component 0'. Invalid component type ''.
2020-03-25 17:15:10 -    ERROR - unable to create  component 'Component 0'. Invalid component type ''.
2020-03-25 17:15:10 -    ERROR - unable to create  component 'Component 0'. Invalid component type ''.
2020-03-25 17:15:10 -    ERROR - unable to create  component 'Component 0'. Invalid component type ''.
2020-03-25 17:15:10 -    ERROR - unable to create  component 'Component 0'. Invalid component type ''.
2020-03-25 17:15:10 -    ERROR - unable to create  component 'Component 0'. Invalid component type ''.
2020-03-25 17:15:10 -    ERROR - unable to create  component 'Component 0'. Invalid component type ''.
2020-03-25 17:15:10 -    ERROR - unable to create  component 'Component 0'. Invalid component type ''.
2020-03-25 17:15:10 -    ERROR - unable to create  component 'Component 0'. Invalid component type ''.
2020-03-25 17:15:10 -    ERROR - unable to create  component 'Component 0'. Invalid component type ''.
2020-03-25 17:15:10 -    ERROR - unable to create  component 'Component 0'. Invalid component type ''.
2020-03-25 17:15:10 -    ERROR - unable to create  component 'Component 0'. Invalid component type ''.
2020-03-25 17:15:10 -    ERROR - unable to create  component 'Component 0'. Invalid component type ''.
2020-03-25 17:15:10 -    ERROR - unable to create  component 'Component 0'. Invalid component type ''.
2020-03-25 17:15:10 -    ERROR - unable to create  component 'Component 0'. Invalid component type ''.
2020-03-25 17:15:10 -    ERROR - unable to create  component 'Component 0'. Invalid component type ''.
2020-03-25 17:15:10 -    ERROR - unable to create  component 'Component 0'. Invalid component type ''.
2020-03-25 17:15:10 -    ERROR - unable to create  component 'Component 0'. Invalid component type ''.
2020-03-25 17:15:10 -    ERROR - unable to create  component 'Component 0'. Invalid component type ''.
2020-03-25 17:15:10 -    ERROR - unable to create  component 'Component 0'. Invalid component type ''.
2020-03-25 17:15:10 -    Project switched to compliance ruleset:  T24N_2022.bin
2020-03-25 17:15:10 -    Model load successful into CBECC-Com 2022.0.1 RV (1113)
2020-03-25 17:15:10 - 100 error(s) encountered reading project file:  C:\Users\agoyal\Documents\GitHub\T24-2022-CASE-Modeling\framework\analysis\hpte\runs\hr-winfU38\cz01\instance.cibd22
2020-03-25 17:15:20 - Performing Building Database check...
2020-03-25 17:15:20 - Building Database check completed, no problems found.
2020-03-25 17:16:11 - -----------------------------------------------------------------------------
2020-03-25 17:16:11 - Opening Project 'cz01\instance.cibd22'...
2020-03-25 17:16:11 - Error reading component from file because 'file read error', line 404, column 18
2020-03-25 17:16:11 - Error reading building model input file
2020-03-25 17:16:11 -    Model load failed (return code 6) into CBECC-Com 2022.0.1 RV (1113)
2020-03-25 17:16:11 - Error(s) encountered (return code 6: Unable to read/parse building energy model file) reading project file:  C:\Users\agoyal\Documents\GitHub\T24-2022-CASE-Modeling\framework\analysis\hpte\runs\hr-winfU38\cz01\instance.cibd22
2020-03-25 17:16:16 - Performing Building Database check...
2020-03-25 17:16:16 - Building Database check completed, no problems found.
2020-03-25 17:27:01 -    Model load failed (return code 6) into CBECC-Com 2022.0.1 RV (1113)
2020-03-25 17:27:01 - Error(s) encountered (return code 6: Unable to read/parse building energy model file) reading project file:  C:\Users\agoyal\Documents\GitHub\T24-2022-CASE-Modeling\framework\analysis\hpte\runs\hr-winfU38\cz01\instance.cibd22
2020-03-25 17:27:03 - Performing Building Database check...
2020-03-25 17:27:03 - Building Database check completed, no problems found.
2020-03-25 18:41:09 - -----------------------------------------------------------------------------
2020-03-25 18:41:09 - Opening Project 'cz01\instance.cibd22'...
2020-03-25 18:41:09 - Error resolving project component references: 1 not found.
2020-03-25 18:41:09 -       'MetalFrameWall16inOC R0.00' (once)
2020-03-25 18:41:09 -    Model load failed (return code 6) into CBECC-Com 2022.0.1 RV (1113)
2020-03-25 18:41:09 - Error(s) encountered (return code 6: Unable to read/parse building energy model file) reading project file:  C:\Users\agoyal\Documents\GitHub\T24-2022-CASE-Modeling\framework\analysis\hpte\runs\hr-winfU38\cz01\instance.cibd22
2020-03-25 18:41:14 - Performing Building Database check...
2020-03-25 18:41:14 - Building Database check completed, no problems found.
2020-03-25 18:41:14 - Error:  ConsAssmUFactor Error:  ConsAssm object 'ResMetalFramedWall' has gap in material references (~items 5/6). evaluating rule: Set DEFAULT ConsAssm:UFactor  (19:'ConstructAssembly.rule' line 1252)
2020-03-25 18:41:14 - Error:  ConsAssmUFactor Error:  ConsAssm object 'ResMetalFramedWall' has gap in material references (~items 5/6). evaluating rule: Set DEFAULT ConsAssm:UFactor  (19:'ConstructAssembly.rule' line 1252)
2020-03-25 18:41:14 - Error:  ConsAssmUFactor Error:  ConsAssm object 'ResMetalFramedWall' has gap in material references (~items 5/6). evaluating rule: Set DEFAULT ConsAssm:UFactor  (19:'ConstructAssembly.rule' line 1252)
2020-03-25 19:38:32 - -----------------------------------------------------------------------------
2020-03-25 19:38:32 - Opening Project 'cz01\instance.cibd22'...
2020-03-25 19:38:33 -    Model load successful into CBECC-Com 2022.0.1 RV (1113)
2020-03-25 19:38:33 - Performing Building Database check...
2020-03-25 19:38:33 - Building Database check completed, no problems found.
2020-03-25 20:18:28 - -----------------------------------------------------------------------------
2020-03-25 20:18:28 - Opening Project 'cz01\instance.cibd22'...
2020-03-25 20:18:29 -    Model load successful into CBECC-Com 2022.0.1 RV (1113)
2020-03-25 20:18:29 - Performing Building Database check...
2020-03-25 20:18:29 - Building Database check completed, no problems found.
2020-03-25 20:18:33 -   PerfAnal_NRes - starting, w/ arguments:
2020-03-25 20:18:33 -        BEMBasePathFile    = (null)
2020-03-25 20:18:33 -        RulesetPathFile    = (null)
2020-03-25 20:18:33 -        SimWeatherPath     = C:\Users\agoyal\Documents\CBECC-Com 2022 Data\EPW\
2020-03-25 20:18:33 -        CompMgrDLLPath     = (null)
2020-03-25 20:18:33 -        DHWWeatherPath     = (null)
2020-03-25 20:18:33 -        ProcessingPath     = C:\Users\agoyal\Documents\GitHub\T24-2022-CASE-Modeling\framework\analysis\hpte\runs\hr-winfU38\cz01\instance - run\
2020-03-25 20:18:33 -        ModelPathFile      = C:\Users\agoyal\Documents\GitHub\T24-2022-CASE-Modeling\framework\analysis\hpte\runs\hr-winfU38\cz01\instance.cibd22
2020-03-25 20:18:33 -        LogPathFile        = (null)
2020-03-25 20:18:33 -        UIVersionString    = CBECC-Com 2022.0.1 RV (1113)
2020-03-25 20:18:33 -        LoadModelFile      = false
2020-03-25 20:18:33 -        OptionsCSV         = AllowAnalysisAbort,0,StoreBEMDetails,1,AnalysisThruStep,8,ModelRpt_ALL,1,ExportHourlyResults_All,1,PromptUserUMLHWarning,1,PreAnalysisCheckPromptOption,3,CompReportWarningOption,5,
2020-03-25 20:18:33 -        ErrorMsg           = (assumed to be initialized)
2020-03-25 20:18:33 -        ErrorMsgLen        = 2056
2020-03-25 20:18:33 -        DisplayProgress    = true
2020-03-25 20:18:33 -        ResultsSummary     = (empty)
2020-03-25 20:18:33 -        ResultsSummaryLen  = 3200
2020-03-25 20:18:33 -        pProgCallbackFunc  = (null)
2020-03-25 20:18:33 - Performing Building Database check...
2020-03-25 20:18:33 - Building Database check completed, no problems found.
2020-03-25 20:18:33 - Warning:  The following developer options must be defaulted (not specified by the user) in order to perform a valid compliance analysis:
          Proj 'High-Rise Mixed-Use (10-story)' DefaultDayltgCtrls
          Proj 'High-Rise Mixed-Use (10-story)' AutoHardSize
          Proj 'High-Rise Mixed-Use (10-story)' AutoEffInput
2020-03-25 20:18:34 -    1 file hash check(s) failed on executable and/or analysis support files (analysis continuing w/ report signature disabled)
2020-03-25 20:18:36 -   PerfAnal_NRes - AnalysisThruStep being set to #7 due to Proj:AnalysisType = Title24ProposedOnly
2020-03-25 20:18:36 - Performing Building Database check...
2020-03-25 20:18:36 - Building Database check completed, no problems found.
2020-03-25 20:18:36 - Warning:  AirSystem 'Residential DOAS' has a DX cooling coil and the rated supply flow per ton of (net) cooling capacity is 1491 cfm/ton. The acceptable range for successful simulation of DX cooling coils in EnergyPlus is normally ~300 to ~450 cfm/ton. If the compliance simulation fails, check flow/cooling capacity inputs for consistency with the design. If simulation still fails, contact the CBECC support team for assistance. evaluating rule: Set CHECKSIM AirSys:SupFlowPerTon  (110:'HVACSecondary-Summary.rule' line 785)
2020-03-25 20:18:36 - Warning:  ZoneSystem 'ZnSys F10 1-Bed N' has a DX cooling coil and the rated supply flow per ton of cooling capacity is 496 cfm/ton. The acceptable range for successful EnergyPlus simulations is ~300 to ~450 cfm/ton. If the compliance simulation fails, check flow/cooling capacity inputs for consistency, and then contact CBECC support for assistance. evaluating rule: Set CHECKSIM ZnSys:SupFlowPerTon  (110:'HVACSecondary-Summary.rule' line 934)
2020-03-25 20:18:36 - Warning:  The spaces assigned to thermal zone 'Thermal Zone: F1 Lounge' have cooling unmet load hour limits ranging from 150 to 8760. All spaces in the zone will be held to the minimum UMLH limit. evaluating rule: Set CHECKCODE ThrmlZn:ClgUMLHLimit  (60:'ThermalZone-General.rule' line 1738)
2020-03-25 20:18:36 - Warning:  The spaces assigned to thermal zone 'Thermal Zone: F1 Lounge' have heating unmet load hour limits ranging from 150 to 8760. All spaces in the zone will be held to the minimum UMLH limit. evaluating rule: Set CHECKCODE ThrmlZn:HtgUMLHLimit  (60:'ThermalZone-General.rule' line 1765)
2020-03-25 20:18:40 -   PerfAnal_NRes - Bypassing OpenStudio (and simulation) for zp model
2020-03-25 20:18:43 -   PerfAnal_NRes - Bypassing OpenStudio (and simulation) for zb model
2020-03-25 20:19:19 - -----------------------------------------------------------------------------
2020-03-25 20:19:19 - Opening Project 'cz01\instance.cibd22'...
2020-03-25 20:19:21 -    Model load successful into CBECC-Com 2022.0.1 RV (1113)
2020-03-25 20:19:22 - Performing Building Database check...
2020-03-25 20:19:22 - Building Database check completed, no problems found.
2020-03-25 20:19:27 -   PerfAnal_NRes - starting, w/ arguments:
2020-03-25 20:19:27 -        BEMBasePathFile    = (null)
2020-03-25 20:19:27 -        RulesetPathFile    = (null)
2020-03-25 20:19:27 -        SimWeatherPath     = C:\Users\agoyal\Documents\CBECC-Com 2022 Data\EPW\
2020-03-25 20:19:27 -        CompMgrDLLPath     = (null)
2020-03-25 20:19:27 -        DHWWeatherPath     = (null)
2020-03-25 20:19:27 -        ProcessingPath     = C:\Users\agoyal\Documents\GitHub\T24-2022-CASE-Modeling\framework\analysis\hpte\runs\hr-winfU38\cz01\instance - run\
2020-03-25 20:19:27 -        ModelPathFile      = C:\Users\agoyal\Documents\GitHub\T24-2022-CASE-Modeling\framework\analysis\hpte\runs\hr-winfU38\cz01\instance.cibd22
2020-03-25 20:19:27 -        LogPathFile        = (null)
2020-03-25 20:19:27 -        UIVersionString    = CBECC-Com 2022.0.1 RV (1113)
2020-03-25 20:19:27 -        LoadModelFile      = false
2020-03-25 20:19:27 -        OptionsCSV         = AllowAnalysisAbort,0,StoreBEMDetails,1,AnalysisThruStep,8,ModelRpt_ALL,1,ExportHourlyResults_All,1,PromptUserUMLHWarning,1,PreAnalysisCheckPromptOption,3,CompReportWarningOption,5,
2020-03-25 20:19:27 -        ErrorMsg           = (assumed to be initialized)
2020-03-25 20:19:27 -        ErrorMsgLen        = 2056
2020-03-25 20:19:27 -        DisplayProgress    = true
2020-03-25 20:19:27 -        ResultsSummary     = (empty)
2020-03-25 20:19:27 -        ResultsSummaryLen  = 3200
2020-03-25 20:19:27 -        pProgCallbackFunc  = (null)
2020-03-25 20:19:28 - Performing Building Database check...
2020-03-25 20:19:28 - Building Database check completed, no problems found.
2020-03-25 20:19:28 - Warning:  The following developer options must be defaulted (not specified by the user) in order to perform a valid compliance analysis:
          Proj 'High-Rise Mixed-Use (10-story)' DefaultDayltgCtrls
          Proj 'High-Rise Mixed-Use (10-story)' AutoHardSize
          Proj 'High-Rise Mixed-Use (10-story)' AutoEffInput
2020-03-25 20:19:28 -    1 file hash check(s) failed on executable and/or analysis support files (analysis continuing w/ report signature disabled)
2020-03-25 20:19:30 -   PerfAnal_NRes - AnalysisThruStep being set to #7 due to Proj:AnalysisType = Title24ProposedOnly
2020-03-25 20:19:30 - Performing Building Database check...
2020-03-25 20:19:30 - Building Database check completed, no problems found.
2020-03-25 20:19:30 - Warning:  AirSystem 'Residential DOAS' has a DX cooling coil and the rated supply flow per ton of (net) cooling capacity is 1491 cfm/ton. The acceptable range for successful simulation of DX cooling coils in EnergyPlus is normally ~300 to ~450 cfm/ton. If the compliance simulation fails, check flow/cooling capacity inputs for consistency with the design. If simulation still fails, contact the CBECC support team for assistance. evaluating rule: Set CHECKSIM AirSys:SupFlowPerTon  (110:'HVACSecondary-Summary.rule' line 785)
2020-03-25 20:19:30 - Warning:  ZoneSystem 'ZnSys F10 1-Bed N' has a DX cooling coil and the rated supply flow per ton of cooling capacity is 496 cfm/ton. The acceptable range for successful EnergyPlus simulations is ~300 to ~450 cfm/ton. If the compliance simulation fails, check flow/cooling capacity inputs for consistency, and then contact CBECC support for assistance. evaluating rule: Set CHECKSIM ZnSys:SupFlowPerTon  (110:'HVACSecondary-Summary.rule' line 934)
2020-03-25 20:19:30 - Warning:  The spaces assigned to thermal zone 'Thermal Zone: F1 Lounge' have cooling unmet load hour limits ranging from 150 to 8760. All spaces in the zone will be held to the minimum UMLH limit. evaluating rule: Set CHECKCODE ThrmlZn:ClgUMLHLimit  (60:'ThermalZone-General.rule' line 1738)
2020-03-25 20:19:30 - Warning:  The spaces assigned to thermal zone 'Thermal Zone: F1 Lounge' have heating unmet load hour limits ranging from 150 to 8760. All spaces in the zone will be held to the minimum UMLH limit. evaluating rule: Set CHECKCODE ThrmlZn:HtgUMLHLimit  (60:'ThermalZone-General.rule' line 1765)
2020-03-25 20:19:34 -   PerfAnal_NRes - Bypassing OpenStudio (and simulation) for zp model
2020-03-25 20:19:37 -   PerfAnal_NRes - Bypassing OpenStudio (and simulation) for zb model
2020-03-25 20:23:57 - Error:  Undefined data: numerator evaluating rule: Set ANNUAL_BASELINE Fan:FlowCap  (75:'HVACSecondary-Fan-General.rule' line 494)
2020-03-25 20:23:57 - Error:  Undefined data: numerator evaluating rule: Set ANNUAL_BASELINE Fan:FlowCap  (75:'HVACSecondary-Fan-General.rule' line 494)
2020-03-25 20:23:57 - Error:  Undefined data: numerator evaluating rule: Set ANNUAL_BASELINE Fan:FlowCap  (75:'HVACSecondary-Fan-General.rule' line 494)
2020-03-25 20:23:57 - Error:  Undefined data: numerator evaluating rule: Set ANNUAL_BASELINE Fan:FlowCap  (75:'HVACSecondary-Fan-General.rule' line 529)
2020-03-25 20:23:57 - Error:  Undefined data: numerator evaluating rule: Set ANNUAL_BASELINE Fan:FlowCap  (75:'HVACSecondary-Fan-General.rule' line 529)
2020-03-25 20:23:57 - Error:  Undefined data: numerator evaluating rule: Set ANNUAL_BASELINE Fan:FlowCap  (75:'HVACSecondary-Fan-General.rule' line 529)
2020-03-25 20:23:57 - Error:  Undefined data: numerator evaluating rule: Set ANNUAL_BASELINE Fan:FlowCap  (75:'HVACSecondary-Fan-General.rule' line 529)
2020-03-25 20:23:57 - Error:  Undefined data: numerator evaluating rule: Set ANNUAL_BASELINE Fan:FlowCap  (75:'HVACSecondary-Fan-General.rule' line 529)
2020-03-25 20:23:57 - Error:  Undefined data: numerator evaluating rule: Set ANNUAL_BASELINE Fan:FlowCap  (75:'HVACSecondary-Fan-General.rule' line 529)
2020-03-25 20:23:57 - Error:  Undefined data: numerator evaluating rule: Set ANNUAL_BASELINE Fan:FlowCap  (75:'HVACSecondary-Fan-General.rule' line 529)
2020-03-25 20:23:57 - Error:  Undefined data: numerator evaluating rule: Set ANNUAL_BASELINE Fan:FlowCap  (75:'HVACSecondary-Fan-General.rule' line 529)
2020-03-25 20:23:57 - Error:  Undefined data: numerator evaluating rule: Set ANNUAL_BASELINE Fan:FlowCap  (75:'HVACSecondary-Fan-General.rule' line 529)
2020-03-25 20:23:57 - Error:  Undefined data: numerator evaluating rule: Set ANNUAL_BASELINE Fan:FlowCap  (75:'HVACSecondary-Fan-General.rule' line 529)
2020-03-25 20:23:57 - Error:  Undefined data: numerator evaluating rule: Set ANNUAL_BASELINE Fan:FlowCap  (75:'HVACSecondary-Fan-General.rule' line 529)
2020-03-25 20:23:57 - Error:  Undefined data: numerator evaluating rule: Set ANNUAL_BASELINE Fan:FlowCap  (75:'HVACSecondary-Fan-General.rule' line 529)
2020-03-25 20:23:57 - Error:  Undefined data: numerator evaluating rule: Set ANNUAL_BASELINE Fan:FlowCap  (75:'HVACSecondary-Fan-General.rule' line 529)
2020-03-25 20:23:57 - Error:  Undefined data: numerator evaluating rule: Set ANNUAL_BASELINE Fan:FlowCap  (75:'HVACSecondary-Fan-General.rule' line 529)
2020-03-25 20:23:57 - Error:  Undefined data: numerator evaluating rule: Set ANNUAL_BASELINE Fan:FlowCap  (75:'HVACSecondary-Fan-General.rule' line 529)
2020-03-25 20:23:57 - Error:  Undefined data: numerator evaluating rule: Set ANNUAL_BASELINE Fan:FlowCap  (75:'HVACSecondary-Fan-General.rule' line 529)
2020-03-25 20:23:57 - Error:  Undefined data: numerator evaluating rule: Set ANNUAL_BASELINE Fan:FlowCap  (75:'HVACSecondary-Fan-General.rule' line 529)
2020-03-25 20:23:57 - Error:  Undefined data: numerator evaluating rule: Set ANNUAL_BASELINE Fan:FlowCap  (75:'HVACSecondary-Fan-General.rule' line 529)
2020-03-25 20:23:57 - Error:  Division by zero evaluating rule: Set ANNUAL_BASELINE ThrmlZn:PriAirCondgSysDsgnFlow  (76:'HVACSecondary-Fan-FanRatios.rule' line 67)
2020-03-25 20:23:57 - Error:  Division by zero evaluating rule: Set ANNUAL_BASELINE ThrmlZn:PriAirCondgSysDsgnFlow  (76:'HVACSecondary-Fan-FanRatios.rule' line 67)
2020-03-25 20:23:57 - Error:  Division by zero evaluating rule: Set ANNUAL_BASELINE ThrmlZn:PriAirCondgSysDsgnFlow  (76:'HVACSecondary-Fan-FanRatios.rule' line 67)
2020-03-25 20:23:57 - Error:  Division by zero evaluating rule: Set ANNUAL_BASELINE ThrmlZn:PriAirCondgSysDsgnFlow  (76:'HVACSecondary-Fan-FanRatios.rule' line 67)
2020-03-25 20:23:57 - Error:  Division by zero evaluating rule: Set ANNUAL_BASELINE ThrmlZn:PriAirCondgSysDsgnFlow  (76:'HVACSecondary-Fan-FanRatios.rule' line 67)
2020-03-25 20:23:57 - Error:  Division by zero evaluating rule: Set ANNUAL_BASELINE ThrmlZn:PriAirCondgSysDsgnFlow  (76:'HVACSecondary-Fan-FanRatios.rule' line 67)
2020-03-25 20:23:57 - Error:  Division by zero evaluating rule: Set ANNUAL_BASELINE ThrmlZn:PriAirCondgSysDsgnFlow  (76:'HVACSecondary-Fan-FanRatios.rule' line 67)
2020-03-25 20:23:57 - Error:  Division by zero evaluating rule: Set ANNUAL_BASELINE ThrmlZn:PriAirCondgSysDsgnFlow  (76:'HVACSecondary-Fan-FanRatios.rule' line 67)
2020-03-25 20:23:57 - Error:  Division by zero evaluating rule: Set ANNUAL_BASELINE ThrmlZn:PriAirCondgSysDsgnFlow  (76:'HVACSecondary-Fan-FanRatios.rule' line 67)
2020-03-25 20:23:57 - Error:  Division by zero evaluating rule: Set ANNUAL_BASELINE ThrmlZn:PriAirCondgSysDsgnFlow  (76:'HVACSecondary-Fan-FanRatios.rule' line 67)
2020-03-25 20:23:57 - Error:  Division by zero evaluating rule: Set ANNUAL_BASELINE ThrmlZn:PriAirCondgSysDsgnFlow  (76:'HVACSecondary-Fan-FanRatios.rule' line 67)
2020-03-25 20:23:57 - Error:  Division by zero evaluating rule: Set ANNUAL_BASELINE ThrmlZn:PriAirCondgSysDsgnFlow  (76:'HVACSecondary-Fan-FanRatios.rule' line 67)
2020-03-25 20:23:57 - Error:  Division by zero evaluating rule: Set ANNUAL_BASELINE ThrmlZn:VentSysDsgnFlow  (76:'HVACSecondary-Fan-FanRatios.rule' line 111)
2020-03-25 20:23:57 - Error:  Division by zero evaluating rule: Set ANNUAL_BASELINE ThrmlZn:VentSysDsgnFlow  (76:'HVACSecondary-Fan-FanRatios.rule' line 111)
2020-03-25 20:23:57 - Error:  Division by zero evaluating rule: Set ANNUAL_BASELINE ThrmlZn:VentSysDsgnFlow  (76:'HVACSecondary-Fan-FanRatios.rule' line 111)
2020-03-25 20:23:57 - Error:  Division by zero evaluating rule: Set ANNUAL_BASELINE ThrmlZn:VentSysDsgnFlow  (76:'HVACSecondary-Fan-FanRatios.rule' line 111)
2020-03-25 20:23:57 - Error:  Division by zero evaluating rule: Set ANNUAL_BASELINE ThrmlZn:VentSysDsgnFlow  (76:'HVACSecondary-Fan-FanRatios.rule' line 111)
2020-03-25 20:23:57 - Error:  Division by zero evaluating rule: Set ANNUAL_BASELINE ThrmlZn:VentSysDsgnFlow  (76:'HVACSecondary-Fan-FanRatios.rule' line 111)
2020-03-25 20:23:57 - Error:  Division by zero evaluating rule: Set ANNUAL_BASELINE ThrmlZn:VentSysDsgnFlow  (76:'HVACSecondary-Fan-FanRatios.rule' line 111)
2020-03-25 20:23:57 - Error:  Division by zero evaluating rule: Set ANNUAL_BASELINE ThrmlZn:VentSysDsgnFlow  (76:'HVACSecondary-Fan-FanRatios.rule' line 111)
2020-03-25 20:23:57 - Error:  Division by zero evaluating rule: Set ANNUAL_BASELINE ThrmlZn:VentSysDsgnFlow  (76:'HVACSecondary-Fan-FanRatios.rule' line 111)
2020-03-25 20:23:57 - Error:  Division by zero evaluating rule: Set ANNUAL_BASELINE ThrmlZn:VentSysDsgnFlow  (76:'HVACSecondary-Fan-FanRatios.rule' line 111)
2020-03-25 20:23:57 - Error:  Division by zero evaluating rule: Set ANNUAL_BASELINE ThrmlZn:VentSysDsgnFlow  (76:'HVACSecondary-Fan-FanRatios.rule' line 111)
2020-03-25 20:23:57 - Error:  Division by zero evaluating rule: Set ANNUAL_BASELINE ThrmlZn:VentSysDsgnFlow  (76:'HVACSecondary-Fan-FanRatios.rule' line 111)
2020-03-25 20:24:00 -   PerfAnal_NRes - Bypassing OpenStudio (and simulation) for ab model
2020-03-25 20:24:00 -   PerfAnal_NRes - Completed analysis steps thru #7
2020-03-25 20:24:00 - Analysis incomplete  Processing time:  Overall 4:32 / SDD2IDF x2 avg 0:06 / SizSim x0 0:00 / AnnSim x2 avg 1:52 / ReportGen x0 0:00 / Other 0:32
2020-03-25 20:24:00 -       ResultsSummary population:  bAbort = (false) / RuleProcAbort = (false) / iRetVal = 0 / pszResultsSummary = (empty) / iResultsSummaryLen = 3200
2020-03-25 20:24:00 -       ResultsSummary components1:  2020-03-25 20:24:00 / instance / High-Rise Mixed-Use (10-story) / CTZ01S22A / Title24ProposedOnly / 4:32 /  / 
2020-03-25 20:24:00 -       ResultsSummary components2:  CBECC-Com 2022.0.1 RV (1113) / BEMCmpMgr 2022.0.1 RV (6107) / CA 2022 Nonresidential, Vers. 1.0 Alpha /  /  / - / C:\Users\agoyal\Documents\CBECC-Com 2022 Data\EPW\ / C:\Users\agoyal\Documents\GitHub\T24-2022-CASE-Modeling\framework\analysis\hpte\runs\hr-winfU38\cz01\
2020-03-25 20:24:00 -       ResultsSummary:  2020-03-25 20:24:00,"instance","High-Rise Mixed-Use (10-story)","CTZ01S22A","Pol  0% RetAdd NoLeak",125400,150480,"Title24ProposedOnly",4:32,,,"--","--","Successful (207 warnings)",12.5983,12749.8,56592.2,10.3954,1057.79,1088.9,52178.9,123691,231906,0,181711,6890.07,0,0,544197,7629.16,0,0,0,0,11492,0,19121.2,754.553,0,0,0,19875.8,0,0,0,0,0,0,0,0,0,0,0,0,0,15.5241,2.65677,12.5641,0.00236705,0.203662,22.1714,10.8314,63.9538,56.0879,0,44.787,1.53117,0,0,166.36,127.473,38.8865,0,0,,0,25.25,"Thermal Zone: F10 2-Bed NE",0,"--","--","",0,0,0,0,0,0,0,0,0,0,0,0,0,0,0,0,0,0,0,0,0,0,0,0,0,0,0,0,0,0,0,0,0,0,0,0,0,0,0,0,0,0,0,0,0,0,0,0,0,0,0,0,0,0,0,0,0,0,0,,,,,,,0.000540481,6.0703,7.4391,0.00176684,0.407589,0.124303,8.95312,22.9967,40.0913,0,31.5421,0.786538,0,0,95.4166,0,0,0,0,0,0,0,0,0,0,0,0,0,0,0,"CBECC-Com 2022.0.1 RV (1113)","BEMCmpMgr 2022.0.1 RV (6107)","CA 2022 Nonresidential, Vers. 1.0 Alpha","","","-","C:\Users\agoyal\Documents\CBECC-Com 2022 Data\EPW\","C:\Users\agoyal\Documents\GitHub\T24-2022-CASE-Modeling\framework\analysis\hpte\runs\hr-winfU38\cz01\",0.00192669,1.48325,8.97032,0.00130203,0.0992395,0.178109,5.75677,16.49,35.8106,0,31.324,1.127,0,0,84.75,3.65808,0,0,0,0,5.51028,0,9.17,0.361798,0,0,0,9.53,0,0,0,0,0,0,0,0,0,0,0,0,0,0,0,0,0,0,0,0,0,0,0,0,0,0,0,0,5.66636,0.222814,1.34752,0.000195593,0.0149078,8.56173,0.864784,16.6783,5.93987,0,4.70549,0.169298,0,0,27.493,0,0,0,0,0,0,0,0,0,0,0,0,0,0,0,

2020-03-25 20:24:05 - -----------------------------------------------------------------------------
2020-03-25 20:24:05 - Opening Project 'cz01\instance.cibd22'...
2020-03-25 20:24:05 -    Model load successful into CBECC-Com 2022.0.1 RV (1113)
2020-03-25 20:24:06 - Performing Building Database check...
2020-03-25 20:24:06 - Building Database check completed, no problems found.
2020-03-25 20:24:09 - Project Saved
