2020-03-03 19:14:03 - -----------------------------------------------------------------------------
2020-03-03 19:14:03 - Opening Project 'cz14\instance.ribd22'...
2020-03-03 19:14:03 -    Model load successful into CBECC-Res 2022.0.2 RV (1117)
2020-03-03 19:14:04 - Performing Building Database check...
2020-03-03 19:14:04 - Building Database check completed, no problems found.
2020-03-03 19:14:04 - Performing Building Database check...
2020-03-03 19:14:04 - Building Database check completed, no problems found.
2020-03-03 19:14:05 -    Analysis being performed by CompMgrVersion 'BEMCmpMgr 2022.0.1 (1633)' via SoftwareVersion 'CBECC-Res 2022.0.2 RV (1117)'
2020-03-03 19:14:05 -    Unable to scale standard PV system - bad or missing EUseSummary:StdMixedFuelPVMlt and/or Proj:PVWDCSysTotal
2020-03-03 19:14:25 - Analysis incomplete  Processing time:  Overall 21.0 / CSE19 18.2 / ModelPrep 0.85 / ResultsProcessing 1.00 / ReportGen 0.0 / ResXMLWriting 0.25 / Model&SecurChks 0.25 / Model&HrlyCSVExports 0.20 / DHWSim 0.00 / LoadModel 0.00 / Other 0.18
2020-03-09 15:53:02 - -----------------------------------------------------------------------------
2020-03-09 15:53:02 - Opening Project 'cz14\instance.ribd22'...
2020-03-09 15:53:02 -    Model load successful into CBECC-Res 2022.0.2 RV (1117)
2020-03-09 15:53:02 - Performing Building Database check...
2020-03-09 15:53:02 - Building Database check completed, no problems found.
2020-03-09 15:53:03 - Performing Building Database check...
2020-03-09 15:53:03 - Building Database check completed, no problems found.
2020-03-09 15:53:03 -    Analysis being performed by CompMgrVersion 'BEMCmpMgr 2022.0.1 (1633)' via SoftwareVersion 'CBECC-Res 2022.0.2 RV (1117)'
2020-03-09 15:53:04 -    Unable to scale standard PV system - bad or missing EUseSummary:StdMixedFuelPVMlt and/or Proj:PVWDCSysTotal
2020-03-09 15:53:23 - Analysis incomplete  Processing time:  Overall 20.4 / CSE19 17.7 / ModelPrep 0.96 / ResultsProcessing 0.81 / ReportGen 0.0 / ResXMLWriting 0.28 / Model&SecurChks 0.30 / Model&HrlyCSVExports 0.19 / DHWSim 0.00 / LoadModel 0.00 / Other 0.13
