2020-03-25 19:06:41 - -----------------------------------------------------------------------------
2020-03-25 19:06:41 - Opening Project 'cz12\instance.cibd22'...
2020-03-25 19:06:42 -    Model load successful into CBECC-Com 2022.0.1 RV (1113)
2020-03-25 19:06:42 - Performing Building Database check...
2020-03-25 19:06:42 - Building Database check completed, no problems found.
2020-03-25 19:06:47 -   PerfAnal_NRes - starting, w/ arguments:
2020-03-25 19:06:47 -        BEMBasePathFile    = (null)
2020-03-25 19:06:47 -        RulesetPathFile    = (null)
2020-03-25 19:06:47 -        SimWeatherPath     = C:\Users\ndperry\Documents\CBECC-Com 2022 Data\EPW\
2020-03-25 19:06:47 -        CompMgrDLLPath     = (null)
2020-03-25 19:06:47 -        DHWWeatherPath     = (null)
2020-03-25 19:06:47 -        ProcessingPath     = C:\Users\ndperry\Documents\GitHub\T24-2022-CASE-Modeling\framework\analysis\hpte\runs\mumr-winoU50\cz12\instance - run\
2020-03-25 19:06:47 -        ModelPathFile      = C:\Users\ndperry\Documents\GitHub\T24-2022-CASE-Modeling\framework\analysis\hpte\runs\mumr-winoU50\cz12\instance.cibd22
2020-03-25 19:06:47 -        LogPathFile        = (null)
2020-03-25 19:06:47 -        UIVersionString    = CBECC-Com 2022.0.1 RV (1113)
2020-03-25 19:06:47 -        LoadModelFile      = false
2020-03-25 19:06:47 -        OptionsCSV         = AllowAnalysisAbort,0,StoreBEMDetails,1,AnalysisThruStep,8,ModelRpt_ALL,1,ExportHourlyResults_All,1,PromptUserUMLHWarning,1,PreAnalysisCheckPromptOption,3,CompReportWarningOption,5,
2020-03-25 19:06:47 -        ErrorMsg           = (assumed to be initialized)
2020-03-25 19:06:47 -        ErrorMsgLen        = 2056
2020-03-25 19:06:47 -        DisplayProgress    = true
2020-03-25 19:06:47 -        ResultsSummary     = (empty)
2020-03-25 19:06:47 -        ResultsSummaryLen  = 3200
2020-03-25 19:06:47 -        pProgCallbackFunc  = (null)
2020-03-25 19:06:49 - Performing Building Database check...
2020-03-25 19:06:49 - Building Database check completed, no problems found.
2020-03-25 19:06:49 - Warning:  The following developer options must be defaulted (not specified by the user) in order to perform a valid compliance analysis:
          Proj 'Mid-Rise Mixed-Use (5-story)' AutoHardSize
          Proj 'Mid-Rise Mixed-Use (5-story)' AutoEffInput
2020-03-25 19:06:49 -    1 file hash check(s) failed on executable and/or analysis support files (analysis continuing w/ report signature disabled)
2020-03-25 19:06:52 -   PerfAnal_NRes - AnalysisThruStep being set to #7 due to Proj:AnalysisType = Title24ProposedOnly
2020-03-25 19:06:52 - Performing Building Database check...
2020-03-25 19:06:52 - Building Database check completed, no problems found.
2020-03-25 19:06:52 - Warning:  The AirSystem:Count for multi-zone system 'DOAS1' is not consistent with the maximum or minimum ThermalZone:Multiplier of the zones the system serves. This indicates the HVAC system serves more than 1 floor, or that Multipliers or system Count may be improperly defined. Check inputs for consistency. evaluating rule: Set CHECKCODE AirSys:Cnt  (68:'HVACSecondary-General.rule' line 1398)
2020-03-25 19:06:58 -   PerfAnal_NRes - Bypassing OpenStudio (and simulation) for zp model
2020-03-25 19:07:01 -   PerfAnal_NRes - Bypassing OpenStudio (and simulation) for zb model
2020-03-25 19:10:36 - Error:  Undefined data: numerator evaluating rule: Set ANNUAL_BASELINE Fan:FlowCap  (75:'HVACSecondary-Fan-General.rule' line 494)
2020-03-25 19:10:36 - Error:  Undefined data: numerator evaluating rule: Set ANNUAL_BASELINE Fan:FlowCap  (75:'HVACSecondary-Fan-General.rule' line 494)
2020-03-25 19:10:36 - Error:  Undefined data: numerator evaluating rule: Set ANNUAL_BASELINE Fan:FlowCap  (75:'HVACSecondary-Fan-General.rule' line 494)
2020-03-25 19:10:36 - Error:  Undefined data: numerator evaluating rule: Set ANNUAL_BASELINE Fan:FlowCap  (75:'HVACSecondary-Fan-General.rule' line 529)
2020-03-25 19:10:36 - Error:  Undefined data: numerator evaluating rule: Set ANNUAL_BASELINE Fan:FlowCap  (75:'HVACSecondary-Fan-General.rule' line 529)
2020-03-25 19:10:36 - Error:  Undefined data: numerator evaluating rule: Set ANNUAL_BASELINE Fan:FlowCap  (75:'HVACSecondary-Fan-General.rule' line 529)
2020-03-25 19:10:36 - Error:  Undefined data: numerator evaluating rule: Set ANNUAL_BASELINE Fan:FlowCap  (75:'HVACSecondary-Fan-General.rule' line 529)
2020-03-25 19:10:36 - Error:  Undefined data: numerator evaluating rule: Set ANNUAL_BASELINE Fan:FlowCap  (75:'HVACSecondary-Fan-General.rule' line 529)
2020-03-25 19:10:36 - Error:  Undefined data: numerator evaluating rule: Set ANNUAL_BASELINE Fan:FlowCap  (75:'HVACSecondary-Fan-General.rule' line 529)
2020-03-25 19:10:36 - Error:  Undefined data: numerator evaluating rule: Set ANNUAL_BASELINE Fan:FlowCap  (75:'HVACSecondary-Fan-General.rule' line 529)
2020-03-25 19:10:36 - Error:  Undefined data: numerator evaluating rule: Set ANNUAL_BASELINE Fan:FlowCap  (75:'HVACSecondary-Fan-General.rule' line 529)
2020-03-25 19:10:36 - Error:  Undefined data: numerator evaluating rule: Set ANNUAL_BASELINE Fan:FlowCap  (75:'HVACSecondary-Fan-General.rule' line 529)
2020-03-25 19:10:36 - Error:  Undefined data: numerator evaluating rule: Set ANNUAL_BASELINE Fan:FlowCap  (75:'HVACSecondary-Fan-General.rule' line 529)
2020-03-25 19:10:36 - Error:  Undefined data: numerator evaluating rule: Set ANNUAL_BASELINE Fan:FlowCap  (75:'HVACSecondary-Fan-General.rule' line 529)
2020-03-25 19:10:36 - Error:  Undefined data: numerator evaluating rule: Set ANNUAL_BASELINE Fan:FlowCap  (75:'HVACSecondary-Fan-General.rule' line 529)
2020-03-25 19:10:36 - Error:  Undefined data: numerator evaluating rule: Set ANNUAL_BASELINE Fan:FlowCap  (75:'HVACSecondary-Fan-General.rule' line 529)
2020-03-25 19:10:36 - Error:  Undefined data: numerator evaluating rule: Set ANNUAL_BASELINE Fan:FlowCap  (75:'HVACSecondary-Fan-General.rule' line 529)
2020-03-25 19:10:36 - Error:  Undefined data: numerator evaluating rule: Set ANNUAL_BASELINE Fan:FlowCap  (75:'HVACSecondary-Fan-General.rule' line 529)
2020-03-25 19:10:36 - Error:  Undefined data: numerator evaluating rule: Set ANNUAL_BASELINE Fan:FlowCap  (75:'HVACSecondary-Fan-General.rule' line 529)
2020-03-25 19:10:36 - Error:  Undefined data: numerator evaluating rule: Set ANNUAL_BASELINE Fan:FlowCap  (75:'HVACSecondary-Fan-General.rule' line 529)
2020-03-25 19:10:36 - Error:  Undefined data: numerator evaluating rule: Set ANNUAL_BASELINE Fan:FlowCap  (75:'HVACSecondary-Fan-General.rule' line 529)
2020-03-25 19:10:36 - Error:  Undefined data: numerator evaluating rule: Set ANNUAL_BASELINE Fan:FlowCap  (75:'HVACSecondary-Fan-General.rule' line 529)
2020-03-25 19:10:36 - Error:  Undefined data: numerator evaluating rule: Set ANNUAL_BASELINE Fan:FlowCap  (75:'HVACSecondary-Fan-General.rule' line 529)
2020-03-25 19:10:36 - Error:  Undefined data: numerator evaluating rule: Set ANNUAL_BASELINE Fan:FlowCap  (75:'HVACSecondary-Fan-General.rule' line 529)
2020-03-25 19:10:36 - Error:  Undefined data: numerator evaluating rule: Set ANNUAL_BASELINE Fan:FlowCap  (75:'HVACSecondary-Fan-General.rule' line 529)
2020-03-25 19:10:36 - Error:  Division by zero evaluating rule: Set ANNUAL_BASELINE ThrmlZn:PriAirCondgSysDsgnFlow  (76:'HVACSecondary-Fan-FanRatios.rule' line 67)
2020-03-25 19:10:36 - Error:  Division by zero evaluating rule: Set ANNUAL_BASELINE ThrmlZn:PriAirCondgSysDsgnFlow  (76:'HVACSecondary-Fan-FanRatios.rule' line 67)
2020-03-25 19:10:36 - Error:  Division by zero evaluating rule: Set ANNUAL_BASELINE ThrmlZn:PriAirCondgSysDsgnFlow  (76:'HVACSecondary-Fan-FanRatios.rule' line 67)
2020-03-25 19:10:36 - Error:  Division by zero evaluating rule: Set ANNUAL_BASELINE ThrmlZn:PriAirCondgSysDsgnFlow  (76:'HVACSecondary-Fan-FanRatios.rule' line 67)
2020-03-25 19:10:36 - Error:  Division by zero evaluating rule: Set ANNUAL_BASELINE ThrmlZn:PriAirCondgSysDsgnFlow  (76:'HVACSecondary-Fan-FanRatios.rule' line 67)
2020-03-25 19:10:36 - Error:  Division by zero evaluating rule: Set ANNUAL_BASELINE ThrmlZn:PriAirCondgSysDsgnFlow  (76:'HVACSecondary-Fan-FanRatios.rule' line 67)
2020-03-25 19:10:36 - Error:  Division by zero evaluating rule: Set ANNUAL_BASELINE ThrmlZn:PriAirCondgSysDsgnFlow  (76:'HVACSecondary-Fan-FanRatios.rule' line 67)
2020-03-25 19:10:36 - Error:  Division by zero evaluating rule: Set ANNUAL_BASELINE ThrmlZn:PriAirCondgSysDsgnFlow  (76:'HVACSecondary-Fan-FanRatios.rule' line 67)
2020-03-25 19:10:36 - Error:  Division by zero evaluating rule: Set ANNUAL_BASELINE ThrmlZn:PriAirCondgSysDsgnFlow  (76:'HVACSecondary-Fan-FanRatios.rule' line 67)
2020-03-25 19:10:36 - Error:  Division by zero evaluating rule: Set ANNUAL_BASELINE ThrmlZn:PriAirCondgSysDsgnFlow  (76:'HVACSecondary-Fan-FanRatios.rule' line 67)
2020-03-25 19:10:36 - Error:  Division by zero evaluating rule: Set ANNUAL_BASELINE ThrmlZn:PriAirCondgSysDsgnFlow  (76:'HVACSecondary-Fan-FanRatios.rule' line 67)
2020-03-25 19:10:36 - Error:  Division by zero evaluating rule: Set ANNUAL_BASELINE ThrmlZn:PriAirCondgSysDsgnFlow  (76:'HVACSecondary-Fan-FanRatios.rule' line 67)
2020-03-25 19:10:36 - Error:  Division by zero evaluating rule: Set ANNUAL_BASELINE ThrmlZn:VentSysDsgnFlow  (76:'HVACSecondary-Fan-FanRatios.rule' line 111)
2020-03-25 19:10:36 - Error:  Division by zero evaluating rule: Set ANNUAL_BASELINE ThrmlZn:VentSysDsgnFlow  (76:'HVACSecondary-Fan-FanRatios.rule' line 111)
2020-03-25 19:10:36 - Error:  Division by zero evaluating rule: Set ANNUAL_BASELINE ThrmlZn:VentSysDsgnFlow  (76:'HVACSecondary-Fan-FanRatios.rule' line 111)
2020-03-25 19:10:36 - Error:  Division by zero evaluating rule: Set ANNUAL_BASELINE ThrmlZn:VentSysDsgnFlow  (76:'HVACSecondary-Fan-FanRatios.rule' line 111)
2020-03-25 19:10:36 - Error:  Division by zero evaluating rule: Set ANNUAL_BASELINE ThrmlZn:VentSysDsgnFlow  (76:'HVACSecondary-Fan-FanRatios.rule' line 111)
2020-03-25 19:10:36 - Error:  Division by zero evaluating rule: Set ANNUAL_BASELINE ThrmlZn:VentSysDsgnFlow  (76:'HVACSecondary-Fan-FanRatios.rule' line 111)
2020-03-25 19:10:36 - Error:  Division by zero evaluating rule: Set ANNUAL_BASELINE ThrmlZn:VentSysDsgnFlow  (76:'HVACSecondary-Fan-FanRatios.rule' line 111)
2020-03-25 19:10:36 - Error:  Division by zero evaluating rule: Set ANNUAL_BASELINE ThrmlZn:VentSysDsgnFlow  (76:'HVACSecondary-Fan-FanRatios.rule' line 111)
2020-03-25 19:10:36 - Error:  Division by zero evaluating rule: Set ANNUAL_BASELINE ThrmlZn:VentSysDsgnFlow  (76:'HVACSecondary-Fan-FanRatios.rule' line 111)
2020-03-25 19:10:36 - Error:  Division by zero evaluating rule: Set ANNUAL_BASELINE ThrmlZn:VentSysDsgnFlow  (76:'HVACSecondary-Fan-FanRatios.rule' line 111)
2020-03-25 19:10:36 - Error:  Division by zero evaluating rule: Set ANNUAL_BASELINE ThrmlZn:VentSysDsgnFlow  (76:'HVACSecondary-Fan-FanRatios.rule' line 111)
2020-03-25 19:10:36 - Error:  Division by zero evaluating rule: Set ANNUAL_BASELINE ThrmlZn:VentSysDsgnFlow  (76:'HVACSecondary-Fan-FanRatios.rule' line 111)
2020-03-25 19:10:37 -   PerfAnal_NRes - Bypassing OpenStudio (and simulation) for ab model
2020-03-25 19:10:37 -   PerfAnal_NRes - Completed analysis steps thru #7
2020-03-25 19:10:38 - Analysis incomplete  Processing time:  Overall 3:50 / SDD2IDF x2 avg 0:07 / SizSim x0 0:00 / AnnSim x2 avg 1:32 / ReportGen x0 0:00 / Other 0:28
2020-03-25 19:10:38 -       ResultsSummary population:  bAbort = (false) / RuleProcAbort = (false) / iRetVal = 0 / pszResultsSummary = (empty) / iResultsSummaryLen = 3200
2020-03-25 19:10:38 -       ResultsSummary components1:  2020-03-25 19:10:38 / instance / Mid-Rise Mixed-Use (5-story) / CTZ12S22A / Title24ProposedOnly / 3:50 /  / 
2020-03-25 19:10:38 -       ResultsSummary components2:  CBECC-Com 2022.0.1 RV (1113) / BEMCmpMgr 2022.0.1 RV (6107) / CA 2022 Nonresidential, Vers. 1.0 Alpha /  /  / - / C:\Users\ndperry\Documents\CBECC-Com 2022 Data\EPW\ / C:\Users\ndperry\Documents\GitHub\T24-2022-CASE-Modeling\framework\analysis\hpte\runs\mumr-winoU50\cz12\
2020-03-25 19:10:38 -       ResultsSummary:  2020-03-25 19:10:38,"instance","Mid-Rise Mixed-Use (5-story)","CTZ12S22A","Pol  0% RetAdd NoLeak",113100,141000,"Title24ProposedOnly",3:50,,,"--","--","Successful (219 warnings)",13.0009,93048.5,58422.4,0,251.631,13430.1,81978.1,247144,217441,0,149101,34551.8,0,0,648238,4479.87,0,0,0,0,8041.39,0,12521.3,586.724,0,0,0,13108,0,0,0,0,0,0,0,0,0,0,0,0,0,10.6307,32.7479,15.6444,0,0.0581136,20.3631,19.3544,98.7986,55.7605,0,38.6198,8.47903,0,0,201.658,172.657,29.0008,0,2036.5,"Thermal Zone: F2-4 Corridor",0,1864.5,"Thermal Zone: F5 Corridor",0,"--","--","",0,0,0,0,0,0,0,0,0,0,0,0,0,0,0,0,0,0,0,0,0,0,0,0,0,0,0,0,0,0,0,0,0,0,0,0,0,0,0,0,0,0,0,0,0,0,0,0,0,0,0,0,0,0,0,0,0,0,0,,,,,,,2.22607e-05,39.4122,11.2895,0,0.0209779,2.1563,14.3435,67.2225,38.321,0,25.7371,3.94427,0,0,135.225,0,0,0,0,0,0,0,0,0,0,0,0,0,0,0,"CBECC-Com 2022.0.1 RV (1113)","BEMCmpMgr 2022.0.1 RV (6107)","CA 2022 Nonresidential, Vers. 1.0 Alpha","","","-","C:\Users\ndperry\Documents\CBECC-Com 2022 Data\EPW\","C:\Users\ndperry\Documents\GitHub\T24-2022-CASE-Modeling\framework\analysis\hpte\runs\mumr-winoU50\cz12\",0.00250369,10.6326,8.47939,0,0.0371076,1.70482,9.06133,29.91,32.1279,0,25.58,5.65158,0,0,93.27,2.14804,0,0,0,0,3.85574,0,6.01,0.281326,0,0,0,6.29,0,0,0,0,0,0,0,0,0,0,0,0,0,0,0,0,0,0,0,0,0,0,0,0,0,0,0,0,3.68939,1.77093,1.4123,0,0.00618053,6.90568,1.50923,15.2937,5.83428,0,4.26052,0.941311,0,0,26.3298,0,0,0,0,0,0,0,0,0,0,0,0,0,0,0,

2020-03-25 19:10:42 - -----------------------------------------------------------------------------
2020-03-25 19:10:42 - Opening Project 'cz12\instance.cibd22'...
2020-03-25 19:10:44 -    Model load successful into CBECC-Com 2022.0.1 RV (1113)
2020-03-25 19:10:44 - Performing Building Database check...
2020-03-25 19:10:44 - Building Database check completed, no problems found.
2020-03-25 19:10:50 - Project Saved
2020-04-09 20:42:08 - -----------------------------------------------------------------------------
2020-04-09 20:42:08 - Opening Project 'cz12\instance.cibd22'...
2020-04-09 20:42:09 -    Model load successful into CBECC-Com 2022.0.1 RV (1113)
2020-04-09 20:42:09 - Performing Building Database check...
2020-04-09 20:42:09 - Building Database check completed, no problems found.
2020-04-09 20:42:14 -   PerfAnal_NRes - starting, w/ arguments:
2020-04-09 20:42:14 -        BEMBasePathFile    = (null)
2020-04-09 20:42:14 -        RulesetPathFile    = (null)
2020-04-09 20:42:14 -        SimWeatherPath     = C:\Users\agoyal\Documents\CBECC-Com 2022 Data\EPW\
2020-04-09 20:42:14 -        CompMgrDLLPath     = (null)
2020-04-09 20:42:14 -        DHWWeatherPath     = (null)
2020-04-09 20:42:14 -        ProcessingPath     = C:\Users\agoyal\Documents\GitHub\T24-2022-CASE-Modeling\framework\analysis\hpte\runs\mumr-winoU50\cz12\instance - run\
2020-04-09 20:42:14 -        ModelPathFile      = C:\Users\agoyal\Documents\GitHub\T24-2022-CASE-Modeling\framework\analysis\hpte\runs\mumr-winoU50\cz12\instance.cibd22
2020-04-09 20:42:14 -        LogPathFile        = (null)
2020-04-09 20:42:14 -        UIVersionString    = CBECC-Com 2022.0.1 RV (1113)
2020-04-09 20:42:14 -        LoadModelFile      = false
2020-04-09 20:42:14 -        OptionsCSV         = AllowAnalysisAbort,0,StoreBEMDetails,1,AnalysisThruStep,8,ModelRpt_ALL,1,ExportHourlyResults_All,1,PromptUserUMLHWarning,1,PreAnalysisCheckPromptOption,3,CompReportWarningOption,5,
2020-04-09 20:42:14 -        ErrorMsg           = (assumed to be initialized)
2020-04-09 20:42:14 -        ErrorMsgLen        = 2056
2020-04-09 20:42:14 -        DisplayProgress    = true
2020-04-09 20:42:14 -        ResultsSummary     = (empty)
2020-04-09 20:42:14 -        ResultsSummaryLen  = 3200
2020-04-09 20:42:14 -        pProgCallbackFunc  = (null)
2020-04-09 20:42:14 - Performing Building Database check...
2020-04-09 20:42:14 - Building Database check completed, no problems found.
2020-04-09 20:42:14 - Warning:  The following developer options must be defaulted (not specified by the user) in order to perform a valid compliance analysis:
          Proj 'Mid-Rise Mixed-Use (5-story)' AutoHardSize
          Proj 'Mid-Rise Mixed-Use (5-story)' AutoEffInput
2020-04-09 20:42:15 -    1 file hash check(s) failed on executable and/or analysis support files (analysis continuing w/ report signature disabled)
2020-04-09 20:42:17 -   PerfAnal_NRes - AnalysisThruStep being set to #7 due to Proj:AnalysisType = Title24ProposedOnly
2020-04-09 20:42:17 - Performing Building Database check...
2020-04-09 20:42:17 - Building Database check completed, no problems found.
2020-04-09 20:42:17 - Warning:  The AirSystem:Count for multi-zone system 'DOAS1' is not consistent with the maximum or minimum ThermalZone:Multiplier of the zones the system serves. This indicates the HVAC system serves more than 1 floor, or that Multipliers or system Count may be improperly defined. Check inputs for consistency. evaluating rule: Set CHECKCODE AirSys:Cnt  (68:'HVACSecondary-General.rule' line 1398)
2020-04-09 20:42:22 -   PerfAnal_NRes - Bypassing OpenStudio (and simulation) for zp model
2020-04-09 20:42:24 -   PerfAnal_NRes - Bypassing OpenStudio (and simulation) for zb model
2020-04-09 20:45:43 - Error:  Undefined data: numerator evaluating rule: Set ANNUAL_BASELINE Fan:FlowCap  (75:'HVACSecondary-Fan-General.rule' line 494)
2020-04-09 20:45:43 - Error:  Undefined data: numerator evaluating rule: Set ANNUAL_BASELINE Fan:FlowCap  (75:'HVACSecondary-Fan-General.rule' line 494)
2020-04-09 20:45:43 - Error:  Undefined data: numerator evaluating rule: Set ANNUAL_BASELINE Fan:FlowCap  (75:'HVACSecondary-Fan-General.rule' line 494)
2020-04-09 20:45:43 - Error:  Undefined data: numerator evaluating rule: Set ANNUAL_BASELINE Fan:FlowCap  (75:'HVACSecondary-Fan-General.rule' line 529)
2020-04-09 20:45:43 - Error:  Undefined data: numerator evaluating rule: Set ANNUAL_BASELINE Fan:FlowCap  (75:'HVACSecondary-Fan-General.rule' line 529)
2020-04-09 20:45:43 - Error:  Undefined data: numerator evaluating rule: Set ANNUAL_BASELINE Fan:FlowCap  (75:'HVACSecondary-Fan-General.rule' line 529)
2020-04-09 20:45:43 - Error:  Undefined data: numerator evaluating rule: Set ANNUAL_BASELINE Fan:FlowCap  (75:'HVACSecondary-Fan-General.rule' line 529)
2020-04-09 20:45:43 - Error:  Undefined data: numerator evaluating rule: Set ANNUAL_BASELINE Fan:FlowCap  (75:'HVACSecondary-Fan-General.rule' line 529)
2020-04-09 20:45:43 - Error:  Undefined data: numerator evaluating rule: Set ANNUAL_BASELINE Fan:FlowCap  (75:'HVACSecondary-Fan-General.rule' line 529)
2020-04-09 20:45:43 - Error:  Undefined data: numerator evaluating rule: Set ANNUAL_BASELINE Fan:FlowCap  (75:'HVACSecondary-Fan-General.rule' line 529)
2020-04-09 20:45:43 - Error:  Undefined data: numerator evaluating rule: Set ANNUAL_BASELINE Fan:FlowCap  (75:'HVACSecondary-Fan-General.rule' line 529)
2020-04-09 20:45:43 - Error:  Undefined data: numerator evaluating rule: Set ANNUAL_BASELINE Fan:FlowCap  (75:'HVACSecondary-Fan-General.rule' line 529)
2020-04-09 20:45:43 - Error:  Undefined data: numerator evaluating rule: Set ANNUAL_BASELINE Fan:FlowCap  (75:'HVACSecondary-Fan-General.rule' line 529)
2020-04-09 20:45:43 - Error:  Undefined data: numerator evaluating rule: Set ANNUAL_BASELINE Fan:FlowCap  (75:'HVACSecondary-Fan-General.rule' line 529)
2020-04-09 20:45:43 - Error:  Undefined data: numerator evaluating rule: Set ANNUAL_BASELINE Fan:FlowCap  (75:'HVACSecondary-Fan-General.rule' line 529)
2020-04-09 20:45:43 - Error:  Undefined data: numerator evaluating rule: Set ANNUAL_BASELINE Fan:FlowCap  (75:'HVACSecondary-Fan-General.rule' line 529)
2020-04-09 20:45:43 - Error:  Undefined data: numerator evaluating rule: Set ANNUAL_BASELINE Fan:FlowCap  (75:'HVACSecondary-Fan-General.rule' line 529)
2020-04-09 20:45:43 - Error:  Undefined data: numerator evaluating rule: Set ANNUAL_BASELINE Fan:FlowCap  (75:'HVACSecondary-Fan-General.rule' line 529)
2020-04-09 20:45:43 - Error:  Undefined data: numerator evaluating rule: Set ANNUAL_BASELINE Fan:FlowCap  (75:'HVACSecondary-Fan-General.rule' line 529)
2020-04-09 20:45:43 - Error:  Undefined data: numerator evaluating rule: Set ANNUAL_BASELINE Fan:FlowCap  (75:'HVACSecondary-Fan-General.rule' line 529)
2020-04-09 20:45:43 - Error:  Undefined data: numerator evaluating rule: Set ANNUAL_BASELINE Fan:FlowCap  (75:'HVACSecondary-Fan-General.rule' line 529)
2020-04-09 20:45:43 - Error:  Undefined data: numerator evaluating rule: Set ANNUAL_BASELINE Fan:FlowCap  (75:'HVACSecondary-Fan-General.rule' line 529)
2020-04-09 20:45:43 - Error:  Undefined data: numerator evaluating rule: Set ANNUAL_BASELINE Fan:FlowCap  (75:'HVACSecondary-Fan-General.rule' line 529)
2020-04-09 20:45:43 - Error:  Undefined data: numerator evaluating rule: Set ANNUAL_BASELINE Fan:FlowCap  (75:'HVACSecondary-Fan-General.rule' line 529)
2020-04-09 20:45:43 - Error:  Undefined data: numerator evaluating rule: Set ANNUAL_BASELINE Fan:FlowCap  (75:'HVACSecondary-Fan-General.rule' line 529)
2020-04-09 20:45:43 - Error:  Division by zero evaluating rule: Set ANNUAL_BASELINE ThrmlZn:PriAirCondgSysDsgnFlow  (76:'HVACSecondary-Fan-FanRatios.rule' line 67)
2020-04-09 20:45:43 - Error:  Division by zero evaluating rule: Set ANNUAL_BASELINE ThrmlZn:PriAirCondgSysDsgnFlow  (76:'HVACSecondary-Fan-FanRatios.rule' line 67)
2020-04-09 20:45:43 - Error:  Division by zero evaluating rule: Set ANNUAL_BASELINE ThrmlZn:PriAirCondgSysDsgnFlow  (76:'HVACSecondary-Fan-FanRatios.rule' line 67)
2020-04-09 20:45:43 - Error:  Division by zero evaluating rule: Set ANNUAL_BASELINE ThrmlZn:PriAirCondgSysDsgnFlow  (76:'HVACSecondary-Fan-FanRatios.rule' line 67)
2020-04-09 20:45:43 - Error:  Division by zero evaluating rule: Set ANNUAL_BASELINE ThrmlZn:PriAirCondgSysDsgnFlow  (76:'HVACSecondary-Fan-FanRatios.rule' line 67)
2020-04-09 20:45:43 - Error:  Division by zero evaluating rule: Set ANNUAL_BASELINE ThrmlZn:PriAirCondgSysDsgnFlow  (76:'HVACSecondary-Fan-FanRatios.rule' line 67)
2020-04-09 20:45:43 - Error:  Division by zero evaluating rule: Set ANNUAL_BASELINE ThrmlZn:PriAirCondgSysDsgnFlow  (76:'HVACSecondary-Fan-FanRatios.rule' line 67)
2020-04-09 20:45:43 - Error:  Division by zero evaluating rule: Set ANNUAL_BASELINE ThrmlZn:PriAirCondgSysDsgnFlow  (76:'HVACSecondary-Fan-FanRatios.rule' line 67)
2020-04-09 20:45:43 - Error:  Division by zero evaluating rule: Set ANNUAL_BASELINE ThrmlZn:PriAirCondgSysDsgnFlow  (76:'HVACSecondary-Fan-FanRatios.rule' line 67)
2020-04-09 20:45:43 - Error:  Division by zero evaluating rule: Set ANNUAL_BASELINE ThrmlZn:PriAirCondgSysDsgnFlow  (76:'HVACSecondary-Fan-FanRatios.rule' line 67)
2020-04-09 20:45:43 - Error:  Division by zero evaluating rule: Set ANNUAL_BASELINE ThrmlZn:PriAirCondgSysDsgnFlow  (76:'HVACSecondary-Fan-FanRatios.rule' line 67)
2020-04-09 20:45:43 - Error:  Division by zero evaluating rule: Set ANNUAL_BASELINE ThrmlZn:PriAirCondgSysDsgnFlow  (76:'HVACSecondary-Fan-FanRatios.rule' line 67)
2020-04-09 20:45:43 - Error:  Division by zero evaluating rule: Set ANNUAL_BASELINE ThrmlZn:VentSysDsgnFlow  (76:'HVACSecondary-Fan-FanRatios.rule' line 111)
2020-04-09 20:45:43 - Error:  Division by zero evaluating rule: Set ANNUAL_BASELINE ThrmlZn:VentSysDsgnFlow  (76:'HVACSecondary-Fan-FanRatios.rule' line 111)
2020-04-09 20:45:43 - Error:  Division by zero evaluating rule: Set ANNUAL_BASELINE ThrmlZn:VentSysDsgnFlow  (76:'HVACSecondary-Fan-FanRatios.rule' line 111)
2020-04-09 20:45:43 - Error:  Division by zero evaluating rule: Set ANNUAL_BASELINE ThrmlZn:VentSysDsgnFlow  (76:'HVACSecondary-Fan-FanRatios.rule' line 111)
2020-04-09 20:45:43 - Error:  Division by zero evaluating rule: Set ANNUAL_BASELINE ThrmlZn:VentSysDsgnFlow  (76:'HVACSecondary-Fan-FanRatios.rule' line 111)
2020-04-09 20:45:43 - Error:  Division by zero evaluating rule: Set ANNUAL_BASELINE ThrmlZn:VentSysDsgnFlow  (76:'HVACSecondary-Fan-FanRatios.rule' line 111)
2020-04-09 20:45:43 - Error:  Division by zero evaluating rule: Set ANNUAL_BASELINE ThrmlZn:VentSysDsgnFlow  (76:'HVACSecondary-Fan-FanRatios.rule' line 111)
2020-04-09 20:45:43 - Error:  Division by zero evaluating rule: Set ANNUAL_BASELINE ThrmlZn:VentSysDsgnFlow  (76:'HVACSecondary-Fan-FanRatios.rule' line 111)
2020-04-09 20:45:43 - Error:  Division by zero evaluating rule: Set ANNUAL_BASELINE ThrmlZn:VentSysDsgnFlow  (76:'HVACSecondary-Fan-FanRatios.rule' line 111)
2020-04-09 20:45:43 - Error:  Division by zero evaluating rule: Set ANNUAL_BASELINE ThrmlZn:VentSysDsgnFlow  (76:'HVACSecondary-Fan-FanRatios.rule' line 111)
2020-04-09 20:45:43 - Error:  Division by zero evaluating rule: Set ANNUAL_BASELINE ThrmlZn:VentSysDsgnFlow  (76:'HVACSecondary-Fan-FanRatios.rule' line 111)
2020-04-09 20:45:43 - Error:  Division by zero evaluating rule: Set ANNUAL_BASELINE ThrmlZn:VentSysDsgnFlow  (76:'HVACSecondary-Fan-FanRatios.rule' line 111)
2020-04-09 20:45:44 -   PerfAnal_NRes - Bypassing OpenStudio (and simulation) for ab model
2020-04-09 20:45:44 -   PerfAnal_NRes - Completed analysis steps thru #7
2020-04-09 20:45:44 - Analysis incomplete  Processing time:  Overall 3:30 / SDD2IDF x2 avg 0:06 / SizSim x0 0:00 / AnnSim x2 avg 1:28 / ReportGen x0 0:00 / Other 0:19
2020-04-09 20:45:44 -       ResultsSummary population:  bAbort = (false) / RuleProcAbort = (false) / iRetVal = 0 / pszResultsSummary = (empty) / iResultsSummaryLen = 3200
2020-04-09 20:45:44 -       ResultsSummary components1:  2020-04-09 20:45:44 / instance / Mid-Rise Mixed-Use (5-story) / CTZ12S22A / Title24ProposedOnly / 3:30 /  / 
2020-04-09 20:45:44 -       ResultsSummary components2:  CBECC-Com 2022.0.1 RV (1113) / BEMCmpMgr 2022.0.1 RV (6107) / CA 2022 Nonresidential, Vers. 1.0 Alpha /  /  / - / C:\Users\agoyal\Documents\CBECC-Com 2022 Data\EPW\ / C:\Users\agoyal\Documents\GitHub\T24-2022-CASE-Modeling\framework\analysis\hpte\runs\mumr-winoU50\cz12\
2020-04-09 20:45:44 -       ResultsSummary:  2020-04-09 20:45:44,"instance","Mid-Rise Mixed-Use (5-story)","CTZ12S22A","Pol  0% RetAdd NoLeak",113100,141000,"Title24ProposedOnly",3:30,,,"--","--","Successful (219 warnings)",12.679,93071.9,58403.1,0,247.989,13430.1,81978.1,247144,217441,0,149101,34551.8,0,0,648238,4426.14,0,0,0,0,9035.28,0,13461.4,586.724,0,0,0,14048.1,0,0,0,0,0,0,0,0,0,0,0,0,0,10.5073,32.7207,15.6197,0,0.0573156,22.4609,19.3544,100.72,55.7605,0,38.6198,8.47903,0,0,203.58,172.604,30.9752,0,2035.75,"Thermal Zone: F2-4 Corridor",0,1864.75,"Thermal Zone: F5 Corridor",0,"--","--","",0,0,0,0,0,0,0,0,0,0,0,0,0,0,0,0,0,0,0,0,0,0,0,0,0,0,0,0,0,0,0,0,0,0,0,0,0,0,0,0,0,0,0,0,0,0,0,0,0,0,0,0,0,0,0,0,0,0,0,,,,,,,2.2474e-05,39.3987,11.2804,0,0.0214419,2.1563,14.3435,67.2004,38.321,0,25.7371,3.94427,0,0,135.203,0,0,0,0,0,0,0,0,0,0,0,0,0,0,0,"CBECC-Com 2022.0.1 RV (1113)","BEMCmpMgr 2022.0.1 RV (6107)","CA 2022 Nonresidential, Vers. 1.0 Alpha","","","-","C:\Users\agoyal\Documents\CBECC-Com 2022 Data\EPW\","C:\Users\agoyal\Documents\GitHub\T24-2022-CASE-Modeling\framework\analysis\hpte\runs\mumr-winoU50\cz12\",0.00244325,10.6318,8.46875,0,0.0363512,1.70482,9.06133,29.9,32.1279,0,25.58,5.65158,0,0,93.26,2.12227,0,0,0,0,4.33229,0,6.45,0.281326,0,0,0,6.73,0,0,0,0,0,0,0,0,0,0,0,0,0,0,0,0,0,0,0,0,0,0,0,0,0,0,0,0,3.64513,1.7708,1.41053,0,0.00605454,7.7241,1.50923,16.0659,5.83428,0,4.26052,0.941311,0,0,27.102,0,0,0,0,0,0,0,0,0,0,0,0,0,0,0,

2020-04-09 20:45:47 - -----------------------------------------------------------------------------
2020-04-09 20:45:47 - Opening Project 'cz12\instance.cibd22'...
2020-04-09 20:45:48 -    Model load successful into CBECC-Com 2022.0.1 RV (1113)
2020-04-09 20:45:48 - Performing Building Database check...
2020-04-09 20:45:48 - Building Database check completed, no problems found.
2020-04-09 20:45:52 - Project Saved
