2020-03-19 17:09:31 - -----------------------------------------------------------------------------
2020-03-19 17:09:31 - Opening Project 'cz06\instance.ribd22'...
2020-03-19 17:09:31 -    Model load successful into CBECC-Res 2022.0.2 RV (1133)
2020-03-19 17:09:31 - Performing Building Database check...
2020-03-19 17:09:31 - Building Database check completed, no problems found.
2020-03-19 17:37:25 - -----------------------------------------------------------------------------
2020-03-19 17:37:25 - Opening Project 'cz06\instance.ribd22'...
2020-03-19 17:37:25 - Error reading component from file because 'file read error', line 2535, column 27
2020-03-19 17:37:25 - Error reading building model input file
2020-03-19 17:37:25 -    Model load failed (return code 6) into CBECC-Res 2022.0.2 RV (1133)
2020-03-19 17:37:25 - Error(s) encountered (return code 6: Unable to read/parse building energy model file) reading project file:  C:\Users\agoyal\Documents\GitHub\T24-2022-CASE-Modeling\framework\analysis\hpte\runs\lrlc-QII-0\cz06\instance.ribd22
2020-03-19 17:46:05 - Performing Building Database check...
2020-03-19 17:46:05 - Building Database check completed, no problems found.
de 6: Unable to read/parse building energy model file) reading project file:  C:\Users\agoyal\Documents\GitHub\T24-2022-CASE-Modeling\framework\analysis\hpte\runs\lrlc-QII-0\cz06\instance.ribd22
2020-03-19 17:38:21 - Performing Building Database check...
2020-03-19 17:38:21 - Building Database check completed, no problems found.
2020-03-19 18:15:04 - -----------------------------------------------------------------------------
2020-03-19 18:15:04 - Opening Project 'cz06\instance.ribd22'...
2020-03-19 18:15:04 -    Model load successful into CBECC-Res 2022.0.2 RV (1133)
2020-03-19 18:15:04 - Performing Building Database check...
2020-03-19 18:15:04 - Building Database check completed, no problems found.
